#
# There is insufficient memory for the Java Runtime Environment to continue.
# Native memory allocation (malloc) failed to allocate 2097152 bytes. Error detail: AllocateHeap
# Possible reasons:
#   The system is out of physical RAM or swap space
#   This process is running with CompressedOops enabled, and the Java Heap may be blocking the growth of the native heap
# Possible solutions:
#   Reduce memory load on the system
#   Increase physical memory or swap space
#   Check if swap backing store is full
#   Decrease Java heap size (-Xmx/-Xms)
#   Decrease number of Java threads
#   Decrease Java thread stack sizes (-Xss)
#   Set larger code cache with -XX:ReservedCodeCacheSize=
#   JVM is running with Unscaled Compressed Oops mode in which the Java heap is
#     placed in the first 4GB address space. The Java Heap base address is the
#     maximum limit for the native heap growth. Please use -XX:HeapBaseMinAddress
#     to set the Java Heap base and to place the Java Heap above 4GB virtual address.
# This output file may be truncated or incomplete.
#
#  Out of Memory Error (allocation.cpp:44), pid=10408, tid=13372
#
# JRE version: OpenJDK Runtime Environment Temurin-17.0.12+7 (17.0.12+7) (build 17.0.12+7)
# Java VM: OpenJDK 64-Bit Server VM Temurin-17.0.12+7 (17.0.12+7, mixed mode, emulated-client, tiered, compressed oops, compressed class ptrs, g1 gc, windows-amd64)
# No core dump will be written. Minidumps are not enabled by default on client versions of Windows
#

---------------  S U M M A R Y ------------

Command Line: -Xmx1024m -Dsts.lsp.client=vscode -Dsts.log.file=/dev/null -XX:TieredStopAtLevel=1 -Xlog:jni+resolve=off -Dspring.config.location=file:c:\Users\Admin\.vscode\extensions\vmware.vscode-spring-boot-1.56.0\language-server\BOOT-INF\classes\application.properties org.springframework.ide.vscode.boot.app.BootLanguageServerBootApp

Host: 12th Gen Intel(R) Core(TM) i3-12100, 8 cores, 7G,  Windows 11 , 64 bit Build 22621 (10.0.22621.3078)
Time: Thu Sep 26 10:38:40 2024 Hora est. Pacífico, Sudamérica elapsed time: 7964.085140 seconds (0d 2h 12m 44s)

---------------  T H R E A D  ---------------

Current thread (0x000001e95c979ef0):  VMThread "VM Thread" [stack: 0x000000334c600000,0x000000334c700000] [id=13372]

Stack: [0x000000334c600000,0x000000334c700000]
Native frames: (J=compiled Java code, j=interpreted, Vv=VM code, C=native code)
V  [jvm.dll+0x67f929]
V  [jvm.dll+0x8371ba]
V  [jvm.dll+0x838c7e]
V  [jvm.dll+0x8392e3]
V  [jvm.dll+0x24834f]
V  [jvm.dll+0xa70d3]
V  [jvm.dll+0x2f9101]
V  [jvm.dll+0x2f4d00]
V  [jvm.dll+0x2dd82f]
V  [jvm.dll+0x3201f7]
V  [jvm.dll+0x83d7dd]
V  [jvm.dll+0x83e522]
V  [jvm.dll+0x83ea4f]
V  [jvm.dll+0x83ee34]
V  [jvm.dll+0x83ef00]
V  [jvm.dll+0x7e65dc]
V  [jvm.dll+0x67e7f7]
C  [ucrtbase.dll+0x29363]
C  [KERNEL32.DLL+0x1257d]
C  [ntdll.dll+0x5aa58]

VM_Operation (0x000000334defef80): G1CollectFull, mode: safepoint, requested by thread 0x000001e962783710


---------------  P R O C E S S  ---------------

Threads class SMR info:
_java_thread_list=0x000001e9634e75a0, length=28, elements={
0x000001e95c999630, 0x000001e95c97e540, 0x000001e95c9b4920, 0x000001e95c9b6300,
0x000001e95c9b8be0, 0x000001e95c9b94b0, 0x000001e95cb3a080, 0x000001e95cb3ada0,
0x000001e95cd45390, 0x000001e95cd4f6f0, 0x000001e962728020, 0x000001e962783710,
0x000001e962783bf0, 0x000001e94fba1e40, 0x000001e9625d6680, 0x000001e9621f1d20,
0x000001e962829be0, 0x000001e9628287a0, 0x000001e9628296d0, 0x000001e96282a0f0,
0x000001e962827870, 0x000001e95cca8e80, 0x000001e95ccaa2c0, 0x000001e95cca7a40,
0x000001e95ccacb40, 0x000001e95cca9390, 0x000001e95ccad050, 0x000001e95ccabc10
}

Java Threads: ( => current thread )
  0x000001e95c999630 JavaThread "Reference Handler" daemon [_thread_blocked, id=4272, stack(0x000000334c700000,0x000000334c800000)]
  0x000001e95c97e540 JavaThread "Finalizer" daemon [_thread_blocked, id=1580, stack(0x000000334c800000,0x000000334c900000)]
  0x000001e95c9b4920 JavaThread "Signal Dispatcher" daemon [_thread_blocked, id=13344, stack(0x000000334c900000,0x000000334ca00000)]
  0x000001e95c9b6300 JavaThread "Attach Listener" daemon [_thread_blocked, id=4812, stack(0x000000334ca00000,0x000000334cb00000)]
  0x000001e95c9b8be0 JavaThread "Service Thread" daemon [_thread_blocked, id=11248, stack(0x000000334cb00000,0x000000334cc00000)]
  0x000001e95c9b94b0 JavaThread "Monitor Deflation Thread" daemon [_thread_blocked, id=11228, stack(0x000000334cc00000,0x000000334cd00000)]
  0x000001e95cb3a080 JavaThread "C1 CompilerThread0" daemon [_thread_blocked, id=15860, stack(0x000000334cd00000,0x000000334ce00000)]
  0x000001e95cb3ada0 JavaThread "Sweeper thread" daemon [_thread_blocked, id=8876, stack(0x000000334ce00000,0x000000334cf00000)]
  0x000001e95cd45390 JavaThread "Notification Thread" daemon [_thread_blocked, id=10760, stack(0x000000334d000000,0x000000334d100000)]
  0x000001e95cd4f6f0 JavaThread "Common-Cleaner" daemon [_thread_blocked, id=2552, stack(0x000000334d200000,0x000000334d300000)]
  0x000001e962728020 JavaThread "boundedElastic-evictor-1" daemon [_thread_blocked, id=14836, stack(0x000000334da00000,0x000000334db00000)]
  0x000001e962783710 JavaThread "pool-13-thread-1" [_thread_blocked, id=13440, stack(0x000000334de00000,0x000000334df00000)]
  0x000001e962783bf0 JavaThread "LanguageServerApp-lifecycle" [_thread_blocked, id=16276, stack(0x000000334df00000,0x000000334e000000)]
  0x000001e94fba1e40 JavaThread "DestroyJavaVM" [_thread_blocked, id=6848, stack(0x000000334c000000,0x000000334c100000)]
  0x000001e9625d6680 JavaThread "pool-14-thread-1" [_thread_in_native, id=4676, stack(0x000000334e000000,0x000000334e100000)]
  0x000001e9621f1d20 JavaThread "Simple-Language-Server main thread" daemon [_thread_blocked, id=13336, stack(0x000000334e100000,0x000000334e200000)]
  0x000001e962829be0 JavaThread "parallel-1" daemon [_thread_blocked, id=7840, stack(0x000000334e800000,0x000000334e900000)]
  0x000001e9628287a0 JavaThread "pool-6-thread-1" [_thread_blocked, id=7716, stack(0x000000334e900000,0x000000334ea00000)]
  0x000001e9628296d0 JavaThread "parallel-2" daemon [_thread_blocked, id=13404, stack(0x000000334ea00000,0x000000334eb00000)]
  0x000001e96282a0f0 JavaThread "parallel-3" daemon [_thread_blocked, id=14720, stack(0x000000334eb00000,0x000000334ec00000)]
  0x000001e962827870 JavaThread "Reconciler-1" daemon [_thread_blocked, id=2996, stack(0x000000334ef00000,0x000000334f000000)]
  0x000001e95cca8e80 JavaThread "parallel-4" daemon [_thread_blocked, id=7564, stack(0x000000334d900000,0x000000334da00000)]
  0x000001e95ccaa2c0 JavaThread "parallel-5" daemon [_thread_blocked, id=4504, stack(0x000000334f000000,0x000000334f100000)]
  0x000001e95cca7a40 JavaThread "parallel-6" daemon [_thread_blocked, id=3988, stack(0x000000334f100000,0x000000334f200000)]
  0x000001e95ccacb40 JavaThread "parallel-7" daemon [_thread_blocked, id=2632, stack(0x000000334f200000,0x000000334f300000)]
  0x000001e95cca9390 JavaThread "parallel-8" daemon [_thread_blocked, id=3272, stack(0x000000334f300000,0x000000334f400000)]
  0x000001e95ccad050 JavaThread "CompletableFutureDelayScheduler" daemon [_thread_blocked, id=9656, stack(0x000000334fe00000,0x000000334ff00000)]
  0x000001e95ccabc10 JavaThread "pool-8-thread-1" [_thread_blocked, id=840, stack(0x000000334be00000,0x000000334bf00000)]

Other Threads:
=>0x000001e95c979ef0 VMThread "VM Thread" [stack: 0x000000334c600000,0x000000334c700000] [id=13372]
  0x000001e95cd47c80 WatcherThread [stack: 0x000000334d100000,0x000000334d200000] [id=1856]
  0x000001e94fbe06c0 GCTaskThread "GC Thread#0" [stack: 0x000000334c100000,0x000000334c200000] [id=2156]
  0x000001e9617fd810 GCTaskThread "GC Thread#1" [stack: 0x000000334d300000,0x000000334d400000] [id=10552]
  0x000001e9617fdad0 GCTaskThread "GC Thread#2" [stack: 0x000000334d400000,0x000000334d500000] [id=13492]
  0x000001e9619a7010 GCTaskThread "GC Thread#3" [stack: 0x000000334d500000,0x000000334d600000] [id=12968]
  0x000001e961ba8280 GCTaskThread "GC Thread#4" [stack: 0x000000334d600000,0x000000334d700000] [id=1056]
  0x000001e961abf070 GCTaskThread "GC Thread#5" [stack: 0x000000334d700000,0x000000334d800000] [id=7308]
  0x000001e961e8c5b0 GCTaskThread "GC Thread#6" [stack: 0x000000334db00000,0x000000334dc00000] [id=10000]
  0x000001e961e8c870 GCTaskThread "GC Thread#7" [stack: 0x000000334dc00000,0x000000334dd00000] [id=10252]
  0x000001e94fbe9520 ConcurrentGCThread "G1 Main Marker" [stack: 0x000000334c200000,0x000000334c300000] [id=9416]
  0x000001e94fbe9e50 ConcurrentGCThread "G1 Conc#0" [stack: 0x000000334c300000,0x000000334c400000] [id=14128]
  0x000001e961e71c40 ConcurrentGCThread "G1 Conc#1" [stack: 0x000000334dd00000,0x000000334de00000] [id=9860]
  0x000001e94fc4d300 ConcurrentGCThread "G1 Refine#0" [stack: 0x000000334c400000,0x000000334c500000] [id=9168]
  0x000001e94fc4dc40 ConcurrentGCThread "G1 Service" [stack: 0x000000334c500000,0x000000334c600000] [id=12548]

Threads with active compile tasks:

VM state: at safepoint (normal execution)

VM Mutex/Monitor currently owned by a thread:  ([mutex/lock_event])
[0x000001e94fa4e300] Threads_lock - owner thread: 0x000001e95c979ef0
[0x000001e94fb9f820] Heap_lock - owner thread: 0x000001e962783710

Heap address: 0x00000000c0000000, size: 1024 MB, Compressed Oops mode: 32-bit

CDS archive(s) not mapped
Compressed class space mapped at: 0x0000000100000000-0x0000000140000000, reserved size: 1073741824
Narrow klass base: 0x0000000000000000, Narrow klass shift: 3, Narrow klass range: 0x140000000

GC Precious Log:
 CPUs: 8 total, 8 available
 Memory: 7969M
 Large Page Support: Disabled
 NUMA Support: Disabled
 Compressed Oops: Enabled (32-bit)
 Heap Region Size: 1M
 Heap Min Capacity: 8M
 Heap Initial Capacity: 126M
 Heap Max Capacity: 1G
 Pre-touch: Disabled
 Parallel Workers: 8
 Concurrent Workers: 2
 Concurrent Refinement Workers: 8
 Periodic GC: Disabled

Heap:
 garbage-first heap   total 157696K, used 46448K [0x00000000c0000000, 0x0000000100000000)
  region size 1024K, 1 young (1024K), 0 survivors (0K)
 Metaspace       used 62912K, committed 63424K, reserved 1114112K
  class space    used 7726K, committed 7936K, reserved 1048576K

Heap Regions: E=young(eden), S=young(survivor), O=old, HS=humongous(starts), HC=humongous(continues), CS=collection set, F=free, OA=open archive, CA=closed archive, TAMS=top-at-mark-start (previous, next)
|   0|0x00000000c0000000, 0x00000000c0100000, 0x00000000c0100000|100%|HS|  |TAMS 0x00000000c0100000, 0x00000000c0000000| Untracked 
|   1|0x00000000c0100000, 0x00000000c0200000, 0x00000000c0200000|100%|HC|  |TAMS 0x00000000c0200000, 0x00000000c0100000| Untracked 
|   2|0x00000000c0200000, 0x00000000c0300000, 0x00000000c0300000|100%|HC|  |TAMS 0x00000000c0300000, 0x00000000c0200000| Untracked 
|   3|0x00000000c0300000, 0x00000000c0400000, 0x00000000c0400000|100%|HC|  |TAMS 0x00000000c0400000, 0x00000000c0300000| Untracked 
|   4|0x00000000c0400000, 0x00000000c0500000, 0x00000000c0500000|100%|HS|  |TAMS 0x00000000c0500000, 0x00000000c0400000| Untracked 
|   5|0x00000000c0500000, 0x00000000c0600000, 0x00000000c0600000|100%|HC|  |TAMS 0x00000000c0600000, 0x00000000c0500000| Untracked 
|   6|0x00000000c0600000, 0x00000000c0700000, 0x00000000c0700000|100%| O|  |TAMS 0x00000000c0700000, 0x00000000c0600000| Untracked 
|   7|0x00000000c0700000, 0x00000000c07fffb8, 0x00000000c0800000| 99%| O|  |TAMS 0x00000000c07fffb8, 0x00000000c0700000| Untracked 
|   8|0x00000000c0800000, 0x00000000c0900000, 0x00000000c0900000|100%| O|  |TAMS 0x00000000c0900000, 0x00000000c0800000| Untracked 
|   9|0x00000000c0900000, 0x00000000c0a00000, 0x00000000c0a00000|100%| O|  |TAMS 0x00000000c0a00000, 0x00000000c0900000| Untracked 
|  10|0x00000000c0a00000, 0x00000000c0afffe0, 0x00000000c0b00000| 99%| O|  |TAMS 0x00000000c0afffe0, 0x00000000c0a00000| Untracked 
|  11|0x00000000c0b00000, 0x00000000c0c00000, 0x00000000c0c00000|100%| O|  |TAMS 0x00000000c0c00000, 0x00000000c0b00000| Untracked 
|  12|0x00000000c0c00000, 0x00000000c0cfffd8, 0x00000000c0d00000| 99%| O|  |TAMS 0x00000000c0cfffd8, 0x00000000c0c00000| Untracked 
|  13|0x00000000c0d00000, 0x00000000c0e00000, 0x00000000c0e00000|100%| O|  |TAMS 0x00000000c0e00000, 0x00000000c0d00000| Untracked 
|  14|0x00000000c0e00000, 0x00000000c0f00000, 0x00000000c0f00000|100%| O|  |TAMS 0x00000000c0f00000, 0x00000000c0e00000| Untracked 
|  15|0x00000000c0f00000, 0x00000000c0ffffe8, 0x00000000c1000000| 99%| O|  |TAMS 0x00000000c0ffffe8, 0x00000000c0f00000| Untracked 
|  16|0x00000000c1000000, 0x00000000c10fff90, 0x00000000c1100000| 99%| O|  |TAMS 0x00000000c10fff90, 0x00000000c1000000| Untracked 
|  17|0x00000000c1100000, 0x00000000c11ffff8, 0x00000000c1200000| 99%| O|  |TAMS 0x00000000c11ffff8, 0x00000000c1100000| Untracked 
|  18|0x00000000c1200000, 0x00000000c12ffff8, 0x00000000c1300000| 99%| O|  |TAMS 0x00000000c12ffff8, 0x00000000c1200000| Untracked 
|  19|0x00000000c1300000, 0x00000000c13ffff8, 0x00000000c1400000| 99%| O|  |TAMS 0x00000000c13ffff8, 0x00000000c1300000| Untracked 
|  20|0x00000000c1400000, 0x00000000c14ffee8, 0x00000000c1500000| 99%| O|  |TAMS 0x00000000c14ffee8, 0x00000000c1400000| Untracked 
|  21|0x00000000c1500000, 0x00000000c15ffff0, 0x00000000c1600000| 99%| O|  |TAMS 0x00000000c15ffff0, 0x00000000c1500000| Untracked 
|  22|0x00000000c1600000, 0x00000000c16fd128, 0x00000000c1700000| 98%| O|  |TAMS 0x00000000c16fd128, 0x00000000c1600000| Untracked 
|  23|0x00000000c1700000, 0x00000000c17ffff8, 0x00000000c1800000| 99%| O|  |TAMS 0x00000000c17ffff8, 0x00000000c1700000| Untracked 
|  24|0x00000000c1800000, 0x00000000c18fffe8, 0x00000000c1900000| 99%| O|  |TAMS 0x00000000c18fffe8, 0x00000000c1800000| Untracked 
|  25|0x00000000c1900000, 0x00000000c19ffff0, 0x00000000c1a00000| 99%| O|  |TAMS 0x00000000c19ffff0, 0x00000000c1900000| Untracked 
|  26|0x00000000c1a00000, 0x00000000c1affff8, 0x00000000c1b00000| 99%| O|  |TAMS 0x00000000c1affff8, 0x00000000c1a00000| Untracked 
|  27|0x00000000c1b00000, 0x00000000c1bf9540, 0x00000000c1c00000| 97%| O|  |TAMS 0x00000000c1bf9540, 0x00000000c1b00000| Untracked 
|  28|0x00000000c1c00000, 0x00000000c1cfffd8, 0x00000000c1d00000| 99%| O|  |TAMS 0x00000000c1cfffd8, 0x00000000c1c00000| Untracked 
|  29|0x00000000c1d00000, 0x00000000c1e00000, 0x00000000c1e00000|100%| O|  |TAMS 0x00000000c1e00000, 0x00000000c1d00000| Untracked 
|  30|0x00000000c1e00000, 0x00000000c1efffe8, 0x00000000c1f00000| 99%| O|  |TAMS 0x00000000c1efffe8, 0x00000000c1e00000| Untracked 
|  31|0x00000000c1f00000, 0x00000000c2000000, 0x00000000c2000000|100%|HS|  |TAMS 0x00000000c2000000, 0x00000000c1f00000| Untracked 
|  32|0x00000000c2000000, 0x00000000c2100000, 0x00000000c2100000|100%|HS|  |TAMS 0x00000000c2100000, 0x00000000c2000000| Untracked 
|  33|0x00000000c2100000, 0x00000000c21f7c70, 0x00000000c2200000| 96%| O|  |TAMS 0x00000000c21f7c70, 0x00000000c2100000| Untracked 
|  34|0x00000000c2200000, 0x00000000c2300000, 0x00000000c2300000|100%| O|  |TAMS 0x00000000c2300000, 0x00000000c2200000| Untracked 
|  35|0x00000000c2300000, 0x00000000c23fa2b0, 0x00000000c2400000| 97%| O|  |TAMS 0x00000000c23fa2b0, 0x00000000c2300000| Untracked 
|  36|0x00000000c2400000, 0x00000000c24ffff8, 0x00000000c2500000| 99%| O|  |TAMS 0x00000000c24ffff8, 0x00000000c2400000| Untracked 
|  37|0x00000000c2500000, 0x00000000c25ffff0, 0x00000000c2600000| 99%| O|  |TAMS 0x00000000c25ffff0, 0x00000000c2500000| Untracked 
|  38|0x00000000c2600000, 0x00000000c26ffff8, 0x00000000c2700000| 99%| O|  |TAMS 0x00000000c26ffff8, 0x00000000c2600000| Untracked 
|  39|0x00000000c2700000, 0x00000000c27ffcb8, 0x00000000c2800000| 99%| O|  |TAMS 0x00000000c27ffcb8, 0x00000000c2700000| Untracked 
|  40|0x00000000c2800000, 0x00000000c28fffe8, 0x00000000c2900000| 99%| O|  |TAMS 0x00000000c28fffe8, 0x00000000c2800000| Untracked 
|  41|0x00000000c2900000, 0x00000000c29e72c0, 0x00000000c2a00000| 90%| O|  |TAMS 0x00000000c2900000, 0x00000000c2900000| Untracked 
|  42|0x00000000c2a00000, 0x00000000c2affff8, 0x00000000c2b00000| 99%| O|  |TAMS 0x00000000c2affff8, 0x00000000c2a00000| Untracked 
|  43|0x00000000c2b00000, 0x00000000c2c00000, 0x00000000c2c00000|100%| O|  |TAMS 0x00000000c2c00000, 0x00000000c2b00000| Untracked 
|  44|0x00000000c2c00000, 0x00000000c2c8d100, 0x00000000c2d00000| 55%| O|  |TAMS 0x00000000c2c00000, 0x00000000c2c00000| Untracked 
|  45|0x00000000c2d00000, 0x00000000c2d00000, 0x00000000c2e00000|  0%| F|  |TAMS 0x00000000c2d00000, 0x00000000c2d00000| Untracked 
|  46|0x00000000c2e00000, 0x00000000c2e00000, 0x00000000c2f00000|  0%| F|  |TAMS 0x00000000c2e00000, 0x00000000c2e00000| Untracked 
|  47|0x00000000c2f00000, 0x00000000c2f00000, 0x00000000c3000000|  0%| F|  |TAMS 0x00000000c2f00000, 0x00000000c2f00000| Untracked 
|  48|0x00000000c3000000, 0x00000000c3000000, 0x00000000c3100000|  0%| F|  |TAMS 0x00000000c3000000, 0x00000000c3000000| Untracked 
|  49|0x00000000c3100000, 0x00000000c3100000, 0x00000000c3200000|  0%| F|  |TAMS 0x00000000c3100000, 0x00000000c3100000| Untracked 
|  50|0x00000000c3200000, 0x00000000c3300000, 0x00000000c3300000|100%| O|  |TAMS 0x00000000c3300000, 0x00000000c3200000| Untracked 
|  51|0x00000000c3300000, 0x00000000c3300000, 0x00000000c3400000|  0%| F|  |TAMS 0x00000000c3300000, 0x00000000c3300000| Untracked 
|  52|0x00000000c3400000, 0x00000000c3400000, 0x00000000c3500000|  0%| F|  |TAMS 0x00000000c3400000, 0x00000000c3400000| Untracked 
|  53|0x00000000c3500000, 0x00000000c3500000, 0x00000000c3600000|  0%| F|  |TAMS 0x00000000c3500000, 0x00000000c3500000| Untracked 
|  54|0x00000000c3600000, 0x00000000c3600000, 0x00000000c3700000|  0%| F|  |TAMS 0x00000000c3600000, 0x00000000c3600000| Untracked 
|  55|0x00000000c3700000, 0x00000000c3700000, 0x00000000c3800000|  0%| F|  |TAMS 0x00000000c3700000, 0x00000000c3700000| Untracked 
|  56|0x00000000c3800000, 0x00000000c3800000, 0x00000000c3900000|  0%| F|  |TAMS 0x00000000c3800000, 0x00000000c3800000| Untracked 
|  57|0x00000000c3900000, 0x00000000c3900000, 0x00000000c3a00000|  0%| F|  |TAMS 0x00000000c3900000, 0x00000000c3900000| Untracked 
|  58|0x00000000c3a00000, 0x00000000c3a00000, 0x00000000c3b00000|  0%| F|  |TAMS 0x00000000c3a00000, 0x00000000c3a00000| Untracked 
|  59|0x00000000c3b00000, 0x00000000c3b00000, 0x00000000c3c00000|  0%| F|  |TAMS 0x00000000c3b00000, 0x00000000c3b00000| Untracked 
|  60|0x00000000c3c00000, 0x00000000c3c00000, 0x00000000c3d00000|  0%| F|  |TAMS 0x00000000c3c00000, 0x00000000c3c00000| Untracked 
|  61|0x00000000c3d00000, 0x00000000c3d00000, 0x00000000c3e00000|  0%| F|  |TAMS 0x00000000c3d00000, 0x00000000c3d00000| Untracked 
|  62|0x00000000c3e00000, 0x00000000c3e00000, 0x00000000c3f00000|  0%| F|  |TAMS 0x00000000c3e00000, 0x00000000c3e00000| Untracked 
|  63|0x00000000c3f00000, 0x00000000c3f00000, 0x00000000c4000000|  0%| F|  |TAMS 0x00000000c3f00000, 0x00000000c3f00000| Untracked 
|  64|0x00000000c4000000, 0x00000000c4000000, 0x00000000c4100000|  0%| F|  |TAMS 0x00000000c4000000, 0x00000000c4000000| Untracked 
|  65|0x00000000c4100000, 0x00000000c4100000, 0x00000000c4200000|  0%| F|  |TAMS 0x00000000c4100000, 0x00000000c4100000| Untracked 
|  66|0x00000000c4200000, 0x00000000c4200000, 0x00000000c4300000|  0%| F|  |TAMS 0x00000000c4200000, 0x00000000c4200000| Untracked 
|  67|0x00000000c4300000, 0x00000000c4300000, 0x00000000c4400000|  0%| F|  |TAMS 0x00000000c4300000, 0x00000000c4300000| Untracked 
|  68|0x00000000c4400000, 0x00000000c4400000, 0x00000000c4500000|  0%| F|  |TAMS 0x00000000c4400000, 0x00000000c4400000| Untracked 
|  69|0x00000000c4500000, 0x00000000c4500000, 0x00000000c4600000|  0%| F|  |TAMS 0x00000000c4500000, 0x00000000c4500000| Untracked 
|  70|0x00000000c4600000, 0x00000000c4600000, 0x00000000c4700000|  0%| F|  |TAMS 0x00000000c4600000, 0x00000000c4600000| Untracked 
|  71|0x00000000c4700000, 0x00000000c4700000, 0x00000000c4800000|  0%| F|  |TAMS 0x00000000c4700000, 0x00000000c4700000| Untracked 
|  72|0x00000000c4800000, 0x00000000c4800000, 0x00000000c4900000|  0%| F|  |TAMS 0x00000000c4800000, 0x00000000c4800000| Untracked 
|  73|0x00000000c4900000, 0x00000000c4900000, 0x00000000c4a00000|  0%| F|  |TAMS 0x00000000c4900000, 0x00000000c4900000| Untracked 
|  74|0x00000000c4a00000, 0x00000000c4a00000, 0x00000000c4b00000|  0%| F|  |TAMS 0x00000000c4a00000, 0x00000000c4a00000| Untracked 
|  75|0x00000000c4b00000, 0x00000000c4b00000, 0x00000000c4c00000|  0%| F|  |TAMS 0x00000000c4b00000, 0x00000000c4b00000| Untracked 
|  76|0x00000000c4c00000, 0x00000000c4c00000, 0x00000000c4d00000|  0%| F|  |TAMS 0x00000000c4c00000, 0x00000000c4c00000| Untracked 
|  77|0x00000000c4d00000, 0x00000000c4d00000, 0x00000000c4e00000|  0%| F|  |TAMS 0x00000000c4d00000, 0x00000000c4d00000| Untracked 
|  78|0x00000000c4e00000, 0x00000000c4e00000, 0x00000000c4f00000|  0%| F|  |TAMS 0x00000000c4e00000, 0x00000000c4e00000| Untracked 
|  79|0x00000000c4f00000, 0x00000000c4f00000, 0x00000000c5000000|  0%| F|  |TAMS 0x00000000c4f00000, 0x00000000c4f00000| Untracked 
|  80|0x00000000c5000000, 0x00000000c5000000, 0x00000000c5100000|  0%| F|  |TAMS 0x00000000c5000000, 0x00000000c5000000| Untracked 
|  81|0x00000000c5100000, 0x00000000c5100000, 0x00000000c5200000|  0%| F|  |TAMS 0x00000000c5100000, 0x00000000c5100000| Untracked 
|  82|0x00000000c5200000, 0x00000000c5200000, 0x00000000c5300000|  0%| F|  |TAMS 0x00000000c5200000, 0x00000000c5200000| Untracked 
|  83|0x00000000c5300000, 0x00000000c5300000, 0x00000000c5400000|  0%| F|  |TAMS 0x00000000c5300000, 0x00000000c5300000| Untracked 
|  84|0x00000000c5400000, 0x00000000c5400000, 0x00000000c5500000|  0%| F|  |TAMS 0x00000000c5400000, 0x00000000c5400000| Untracked 
|  85|0x00000000c5500000, 0x00000000c5500000, 0x00000000c5600000|  0%| F|  |TAMS 0x00000000c5500000, 0x00000000c5500000| Untracked 
|  86|0x00000000c5600000, 0x00000000c5600000, 0x00000000c5700000|  0%| F|  |TAMS 0x00000000c5600000, 0x00000000c5600000| Untracked 
|  87|0x00000000c5700000, 0x00000000c5700000, 0x00000000c5800000|  0%| F|  |TAMS 0x00000000c5700000, 0x00000000c5700000| Untracked 
|  88|0x00000000c5800000, 0x00000000c5800000, 0x00000000c5900000|  0%| F|  |TAMS 0x00000000c5800000, 0x00000000c5800000| Untracked 
|  89|0x00000000c5900000, 0x00000000c5900000, 0x00000000c5a00000|  0%| F|  |TAMS 0x00000000c5900000, 0x00000000c5900000| Untracked 
|  90|0x00000000c5a00000, 0x00000000c5a00000, 0x00000000c5b00000|  0%| F|  |TAMS 0x00000000c5a00000, 0x00000000c5a00000| Untracked 
|  91|0x00000000c5b00000, 0x00000000c5b00000, 0x00000000c5c00000|  0%| F|  |TAMS 0x00000000c5b00000, 0x00000000c5b00000| Untracked 
|  92|0x00000000c5c00000, 0x00000000c5c00000, 0x00000000c5d00000|  0%| F|  |TAMS 0x00000000c5c00000, 0x00000000c5c00000| Untracked 
|  93|0x00000000c5d00000, 0x00000000c5d00000, 0x00000000c5e00000|  0%| F|  |TAMS 0x00000000c5d00000, 0x00000000c5d00000| Untracked 
|  94|0x00000000c5e00000, 0x00000000c5e00000, 0x00000000c5f00000|  0%| F|  |TAMS 0x00000000c5e00000, 0x00000000c5e00000| Untracked 
|  95|0x00000000c5f00000, 0x00000000c5f00000, 0x00000000c6000000|  0%| F|  |TAMS 0x00000000c5f00000, 0x00000000c5f00000| Untracked 
|  96|0x00000000c6000000, 0x00000000c6000000, 0x00000000c6100000|  0%| F|  |TAMS 0x00000000c6000000, 0x00000000c6000000| Untracked 
|  97|0x00000000c6100000, 0x00000000c6100000, 0x00000000c6200000|  0%| F|  |TAMS 0x00000000c6100000, 0x00000000c6100000| Untracked 
|  98|0x00000000c6200000, 0x00000000c6200000, 0x00000000c6300000|  0%| F|  |TAMS 0x00000000c6200000, 0x00000000c6200000| Untracked 
|  99|0x00000000c6300000, 0x00000000c6300000, 0x00000000c6400000|  0%| F|  |TAMS 0x00000000c6300000, 0x00000000c6300000| Untracked 
| 100|0x00000000c6400000, 0x00000000c6400000, 0x00000000c6500000|  0%| F|  |TAMS 0x00000000c6400000, 0x00000000c6400000| Untracked 
| 101|0x00000000c6500000, 0x00000000c6500000, 0x00000000c6600000|  0%| F|  |TAMS 0x00000000c6500000, 0x00000000c6500000| Untracked 
| 102|0x00000000c6600000, 0x00000000c6600000, 0x00000000c6700000|  0%| F|  |TAMS 0x00000000c6600000, 0x00000000c6600000| Untracked 
| 103|0x00000000c6700000, 0x00000000c6700000, 0x00000000c6800000|  0%| F|  |TAMS 0x00000000c6700000, 0x00000000c6700000| Untracked 
| 104|0x00000000c6800000, 0x00000000c6800000, 0x00000000c6900000|  0%| F|  |TAMS 0x00000000c6800000, 0x00000000c6800000| Untracked 
| 105|0x00000000c6900000, 0x00000000c6900000, 0x00000000c6a00000|  0%| F|  |TAMS 0x00000000c6900000, 0x00000000c6900000| Untracked 
| 106|0x00000000c6a00000, 0x00000000c6a00000, 0x00000000c6b00000|  0%| F|  |TAMS 0x00000000c6a00000, 0x00000000c6a00000| Untracked 
| 107|0x00000000c6b00000, 0x00000000c6b00000, 0x00000000c6c00000|  0%| F|  |TAMS 0x00000000c6b00000, 0x00000000c6b00000| Untracked 
| 108|0x00000000c6c00000, 0x00000000c6c00000, 0x00000000c6d00000|  0%| F|  |TAMS 0x00000000c6c00000, 0x00000000c6c00000| Untracked 
| 109|0x00000000c6d00000, 0x00000000c6d00000, 0x00000000c6e00000|  0%| F|  |TAMS 0x00000000c6d00000, 0x00000000c6d00000| Untracked 
| 110|0x00000000c6e00000, 0x00000000c6e00000, 0x00000000c6f00000|  0%| F|  |TAMS 0x00000000c6e00000, 0x00000000c6e00000| Untracked 
| 111|0x00000000c6f00000, 0x00000000c6f00000, 0x00000000c7000000|  0%| F|  |TAMS 0x00000000c6f00000, 0x00000000c6f00000| Untracked 
| 112|0x00000000c7000000, 0x00000000c7000000, 0x00000000c7100000|  0%| F|  |TAMS 0x00000000c7000000, 0x00000000c7000000| Untracked 
| 113|0x00000000c7100000, 0x00000000c7100000, 0x00000000c7200000|  0%| F|  |TAMS 0x00000000c7100000, 0x00000000c7100000| Untracked 
| 114|0x00000000c7200000, 0x00000000c7200000, 0x00000000c7300000|  0%| F|  |TAMS 0x00000000c7200000, 0x00000000c7200000| Untracked 
| 115|0x00000000c7300000, 0x00000000c7300000, 0x00000000c7400000|  0%| F|  |TAMS 0x00000000c7300000, 0x00000000c7300000| Untracked 
| 116|0x00000000c7400000, 0x00000000c7400000, 0x00000000c7500000|  0%| F|  |TAMS 0x00000000c7400000, 0x00000000c7400000| Untracked 
| 117|0x00000000c7500000, 0x00000000c7500000, 0x00000000c7600000|  0%| F|  |TAMS 0x00000000c7500000, 0x00000000c7500000| Untracked 
| 118|0x00000000c7600000, 0x00000000c7600000, 0x00000000c7700000|  0%| F|  |TAMS 0x00000000c7600000, 0x00000000c7600000| Untracked 
| 119|0x00000000c7700000, 0x00000000c7700000, 0x00000000c7800000|  0%| F|  |TAMS 0x00000000c7700000, 0x00000000c7700000| Untracked 
| 120|0x00000000c7800000, 0x00000000c7800000, 0x00000000c7900000|  0%| F|  |TAMS 0x00000000c7800000, 0x00000000c7800000| Untracked 
| 121|0x00000000c7900000, 0x00000000c7900000, 0x00000000c7a00000|  0%| F|  |TAMS 0x00000000c7900000, 0x00000000c7900000| Untracked 
| 122|0x00000000c7a00000, 0x00000000c7a00000, 0x00000000c7b00000|  0%| F|  |TAMS 0x00000000c7a00000, 0x00000000c7a00000| Untracked 
| 123|0x00000000c7b00000, 0x00000000c7b00000, 0x00000000c7c00000|  0%| F|  |TAMS 0x00000000c7b00000, 0x00000000c7b00000| Untracked 
| 124|0x00000000c7c00000, 0x00000000c7c00000, 0x00000000c7d00000|  0%| F|  |TAMS 0x00000000c7c00000, 0x00000000c7c00000| Untracked 
| 125|0x00000000c7d00000, 0x00000000c7d00000, 0x00000000c7e00000|  0%| F|  |TAMS 0x00000000c7d00000, 0x00000000c7d00000| Untracked 
| 126|0x00000000c7e00000, 0x00000000c7e00000, 0x00000000c7f00000|  0%| F|  |TAMS 0x00000000c7e00000, 0x00000000c7e00000| Untracked 
| 127|0x00000000c7f00000, 0x00000000c7f00000, 0x00000000c8000000|  0%| F|  |TAMS 0x00000000c7f00000, 0x00000000c7f00000| Untracked 
| 128|0x00000000c8000000, 0x00000000c8000000, 0x00000000c8100000|  0%| F|  |TAMS 0x00000000c8000000, 0x00000000c8000000| Untracked 
| 129|0x00000000c8100000, 0x00000000c8100000, 0x00000000c8200000|  0%| F|  |TAMS 0x00000000c8100000, 0x00000000c8100000| Untracked 
| 130|0x00000000c8200000, 0x00000000c8200000, 0x00000000c8300000|  0%| F|  |TAMS 0x00000000c8200000, 0x00000000c8200000| Untracked 
| 131|0x00000000c8300000, 0x00000000c8300000, 0x00000000c8400000|  0%| F|  |TAMS 0x00000000c8300000, 0x00000000c8300000| Untracked 
| 132|0x00000000c8400000, 0x00000000c8400000, 0x00000000c8500000|  0%| F|  |TAMS 0x00000000c8400000, 0x00000000c8400000| Untracked 
| 133|0x00000000c8500000, 0x00000000c8500000, 0x00000000c8600000|  0%| F|  |TAMS 0x00000000c8500000, 0x00000000c8500000| Untracked 
| 134|0x00000000c8600000, 0x00000000c8600000, 0x00000000c8700000|  0%| F|  |TAMS 0x00000000c8600000, 0x00000000c8600000| Untracked 
| 135|0x00000000c8700000, 0x00000000c8700000, 0x00000000c8800000|  0%| F|  |TAMS 0x00000000c8700000, 0x00000000c8700000| Untracked 
| 136|0x00000000c8800000, 0x00000000c8800000, 0x00000000c8900000|  0%| F|  |TAMS 0x00000000c8800000, 0x00000000c8800000| Untracked 
| 137|0x00000000c8900000, 0x00000000c8900000, 0x00000000c8a00000|  0%| F|  |TAMS 0x00000000c8900000, 0x00000000c8900000| Untracked 
| 138|0x00000000c8a00000, 0x00000000c8a00000, 0x00000000c8b00000|  0%| F|  |TAMS 0x00000000c8a00000, 0x00000000c8a00000| Untracked 
| 139|0x00000000c8b00000, 0x00000000c8b00000, 0x00000000c8c00000|  0%| F|  |TAMS 0x00000000c8b00000, 0x00000000c8b00000| Untracked 
| 140|0x00000000c8c00000, 0x00000000c8c00000, 0x00000000c8d00000|  0%| F|  |TAMS 0x00000000c8c00000, 0x00000000c8c00000| Untracked 
| 141|0x00000000c8d00000, 0x00000000c8d00000, 0x00000000c8e00000|  0%| F|  |TAMS 0x00000000c8d00000, 0x00000000c8d00000| Untracked 
| 142|0x00000000c8e00000, 0x00000000c8e00000, 0x00000000c8f00000|  0%| F|  |TAMS 0x00000000c8e00000, 0x00000000c8e00000| Untracked 
| 143|0x00000000c8f00000, 0x00000000c8f00000, 0x00000000c9000000|  0%| F|  |TAMS 0x00000000c8f00000, 0x00000000c8f00000| Untracked 
| 144|0x00000000c9000000, 0x00000000c9000000, 0x00000000c9100000|  0%| F|  |TAMS 0x00000000c9000000, 0x00000000c9000000| Untracked 
| 145|0x00000000c9100000, 0x00000000c9100000, 0x00000000c9200000|  0%| F|  |TAMS 0x00000000c9100000, 0x00000000c9100000| Untracked 
| 146|0x00000000c9200000, 0x00000000c9200000, 0x00000000c9300000|  0%| F|  |TAMS 0x00000000c9200000, 0x00000000c9200000| Untracked 
| 147|0x00000000c9300000, 0x00000000c9300000, 0x00000000c9400000|  0%| F|  |TAMS 0x00000000c9300000, 0x00000000c9300000| Untracked 
| 148|0x00000000c9400000, 0x00000000c9400000, 0x00000000c9500000|  0%| F|  |TAMS 0x00000000c9400000, 0x00000000c9400000| Untracked 
| 149|0x00000000c9500000, 0x00000000c9500000, 0x00000000c9600000|  0%| F|  |TAMS 0x00000000c9500000, 0x00000000c9500000| Untracked 
| 150|0x00000000c9600000, 0x00000000c9600000, 0x00000000c9700000|  0%| F|  |TAMS 0x00000000c9600000, 0x00000000c9600000| Untracked 
| 151|0x00000000c9700000, 0x00000000c9700000, 0x00000000c9800000|  0%| F|  |TAMS 0x00000000c9700000, 0x00000000c9700000| Untracked 
| 152|0x00000000c9800000, 0x00000000c9800000, 0x00000000c9900000|  0%| F|  |TAMS 0x00000000c9800000, 0x00000000c9800000| Untracked 
| 153|0x00000000c9900000, 0x00000000c99058a8, 0x00000000c9a00000|  2%| E|  |TAMS 0x00000000c9900000, 0x00000000c9900000| Complete 

Card table byte_map: [0x000001e957ae0000,0x000001e957ce0000] _byte_map_base: 0x000001e9574e0000

Marking Bits (Prev, Next): (CMBitMap*) 0x000001e94fbe0c30, (CMBitMap*) 0x000001e94fbe0bf0
 Prev Bits: [0x000001e958ee0000, 0x000001e959ee0000)
 Next Bits: [0x000001e957ee0000, 0x000001e958ee0000)

Polling page: 0x000001e94fc50000

Metaspace:

Usage:
  Non-class:     53.89 MB used.
      Class:      7.55 MB used.
       Both:     61.44 MB used.

Virtual space:
  Non-class space:       64.00 MB reserved,      54.19 MB ( 85%) committed,  1 nodes.
      Class space:        1.00 GB reserved,       7.75 MB ( <1%) committed,  1 nodes.
             Both:        1.06 GB reserved,      61.94 MB (  6%) committed. 

Chunk freelists:
   Non-Class:  9.68 MB
       Class:  8.12 MB
        Both:  17.80 MB

MaxMetaspaceSize: unlimited
CompressedClassSpaceSize: 1.00 GB
Initial GC threshold: 21.00 MB
Current GC threshold: 103.06 MB
CDS: off
MetaspaceReclaimPolicy: balanced
 - commit_granule_bytes: 65536.
 - commit_granule_words: 8192.
 - virtual_space_node_default_size: 8388608.
 - enlarge_chunks_in_place: 1.
 - new_chunks_are_fully_committed: 0.
 - uncommit_free_chunks: 1.
 - use_allocation_guard: 0.
 - handle_deallocations: 1.


Internal statistics:

num_allocs_failed_limit: 6.
num_arena_births: 956.
num_arena_deaths: 410.
num_vsnodes_births: 2.
num_vsnodes_deaths: 0.
num_space_committed: 990.
num_space_uncommitted: 0.
num_chunks_returned_to_freelist: 485.
num_chunks_taken_from_freelist: 3153.
num_chunk_merges: 164.
num_chunk_splits: 2044.
num_chunks_enlarged: 1499.
num_inconsistent_stats: 0.

CodeCache: size=49152Kb used=18715Kb max_used=18715Kb free=30436Kb
 bounds [0x000001e954060000, 0x000001e9552b0000, 0x000001e957060000]
 total_blobs=10543 nmethods=9859 adapters=609
 compilation: enabled
              stopped_count=0, restarted_count=0
 full_count=0

Compilation events (20 events):
Event: 7458.546 Thread 0x000001e95cb3a080 10014   !   1       org.eclipse.jdt.internal.compiler.ast.Expression::resolveTypeWithBindings (28 bytes)
Event: 7458.546 Thread 0x000001e95cb3a080 nmethod 10014 0x000001e9552a3890 code [0x000001e9552a3a60, 0x000001e9552a3c18]
Event: 7458.546 Thread 0x000001e95cb3a080 10015   !   1       org.eclipse.jdt.internal.compiler.ast.BinaryExpression::computeConstant (100 bytes)
Event: 7458.546 Thread 0x000001e95cb3a080 nmethod 10015 0x000001e9552a3d90 code [0x000001e9552a3f60, 0x000001e9552a4298]
Event: 7458.546 Thread 0x000001e95cb3a080 10016       1       org.eclipse.jdt.internal.compiler.ast.BinaryExpression::optimizedBooleanConstant (224 bytes)
Event: 7458.546 Thread 0x000001e95cb3a080 nmethod 10016 0x000001e9552a4410 code [0x000001e9552a4680, 0x000001e9552a4d78]
Event: 7458.546 Thread 0x000001e95cb3a080 10017       1       org.eclipse.jdt.internal.compiler.lookup.InferenceVariable$InferenceVarKey::equals (72 bytes)
Event: 7458.546 Thread 0x000001e95cb3a080 nmethod 10017 0x000001e9552a4f10 code [0x000001e9552a50e0, 0x000001e9552a5388]
Event: 7458.547 Thread 0x000001e95cb3a080 10018  s    1       java.io.ByteArrayInputStream::available (10 bytes)
Event: 7458.547 Thread 0x000001e95cb3a080 nmethod 10018 0x000001e9552a5490 code [0x000001e9552a5620, 0x000001e9552a5798]
Event: 7458.550 Thread 0x000001e95cb3a080 10019       1       org.eclipse.jdt.internal.compiler.flow.InitializationFlowContext::<init> (46 bytes)
Event: 7458.550 Thread 0x000001e95cb3a080 nmethod 10019 0x000001e9552a5810 code [0x000001e9552a59c0, 0x000001e9552a5e48]
Event: 7458.550 Thread 0x000001e95cb3a080 10020       1       org.eclipse.jdt.internal.compiler.ast.ConstructorDeclaration::isInitializationMethod (2 bytes)
Event: 7458.550 Thread 0x000001e95cb3a080 nmethod 10020 0x000001e9552a5f90 code [0x000001e9552a6120, 0x000001e9552a61f8]
Event: 7458.554 Thread 0x000001e95cb3a080 10021       1       org.eclipse.jdt.internal.compiler.codegen.CodeStream::astore_2 (81 bytes)
Event: 7458.554 Thread 0x000001e95cb3a080 nmethod 10021 0x000001e9552a6290 code [0x000001e9552a6440, 0x000001e9552a65d8]
Event: 7458.554 Thread 0x000001e95cb3a080 10022       1       org.eclipse.jdt.internal.compiler.codegen.CodeStream::getPosition (5 bytes)
Event: 7458.554 Thread 0x000001e95cb3a080 nmethod 10022 0x000001e9552a6710 code [0x000001e9552a68a0, 0x000001e9552a6978]
Event: 7458.562 Thread 0x000001e95cb3a080 10023       1       org.eclipse.jdt.core.dom.ASTVisitor::visit (2 bytes)
Event: 7458.562 Thread 0x000001e95cb3a080 nmethod 10023 0x000001e9552a6a10 code [0x000001e9552a6ba0, 0x000001e9552a6c78]

GC Heap History (20 events):
Event: 7862.727 GC heap after
{Heap after GC invocations=768 (full 683):
 garbage-first heap   total 157696K, used 46448K [0x00000000c0000000, 0x0000000100000000)
  region size 1024K, 0 young (0K), 0 survivors (0K)
 Metaspace       used 62912K, committed 63424K, reserved 1114112K
  class space    used 7726K, committed 7936K, reserved 1048576K
}
Event: 7872.791 GC heap before
{Heap before GC invocations=768 (full 683):
 garbage-first heap   total 157696K, used 46448K [0x00000000c0000000, 0x0000000100000000)
  region size 1024K, 1 young (1024K), 0 survivors (0K)
 Metaspace       used 62912K, committed 63424K, reserved 1114112K
  class space    used 7726K, committed 7936K, reserved 1048576K
}
Event: 7872.812 GC heap after
{Heap after GC invocations=769 (full 684):
 garbage-first heap   total 157696K, used 46448K [0x00000000c0000000, 0x0000000100000000)
  region size 1024K, 0 young (0K), 0 survivors (0K)
 Metaspace       used 62912K, committed 63424K, reserved 1114112K
  class space    used 7726K, committed 7936K, reserved 1048576K
}
Event: 7882.864 GC heap before
{Heap before GC invocations=769 (full 684):
 garbage-first heap   total 157696K, used 46448K [0x00000000c0000000, 0x0000000100000000)
  region size 1024K, 1 young (1024K), 0 survivors (0K)
 Metaspace       used 62912K, committed 63424K, reserved 1114112K
  class space    used 7726K, committed 7936K, reserved 1048576K
}
Event: 7882.883 GC heap after
{Heap after GC invocations=770 (full 685):
 garbage-first heap   total 157696K, used 46448K [0x00000000c0000000, 0x0000000100000000)
  region size 1024K, 0 young (0K), 0 survivors (0K)
 Metaspace       used 62912K, committed 63424K, reserved 1114112K
  class space    used 7726K, committed 7936K, reserved 1048576K
}
Event: 7892.943 GC heap before
{Heap before GC invocations=770 (full 685):
 garbage-first heap   total 157696K, used 46448K [0x00000000c0000000, 0x0000000100000000)
  region size 1024K, 1 young (1024K), 0 survivors (0K)
 Metaspace       used 62912K, committed 63424K, reserved 1114112K
  class space    used 7726K, committed 7936K, reserved 1048576K
}
Event: 7892.962 GC heap after
{Heap after GC invocations=771 (full 686):
 garbage-first heap   total 157696K, used 46448K [0x00000000c0000000, 0x0000000100000000)
  region size 1024K, 0 young (0K), 0 survivors (0K)
 Metaspace       used 62912K, committed 63424K, reserved 1114112K
  class space    used 7726K, committed 7936K, reserved 1048576K
}
Event: 7903.024 GC heap before
{Heap before GC invocations=771 (full 686):
 garbage-first heap   total 157696K, used 46448K [0x00000000c0000000, 0x0000000100000000)
  region size 1024K, 1 young (1024K), 0 survivors (0K)
 Metaspace       used 62912K, committed 63424K, reserved 1114112K
  class space    used 7726K, committed 7936K, reserved 1048576K
}
Event: 7903.043 GC heap after
{Heap after GC invocations=772 (full 687):
 garbage-first heap   total 157696K, used 46448K [0x00000000c0000000, 0x0000000100000000)
  region size 1024K, 0 young (0K), 0 survivors (0K)
 Metaspace       used 62912K, committed 63424K, reserved 1114112K
  class space    used 7726K, committed 7936K, reserved 1048576K
}
Event: 7913.096 GC heap before
{Heap before GC invocations=772 (full 687):
 garbage-first heap   total 157696K, used 46448K [0x00000000c0000000, 0x0000000100000000)
  region size 1024K, 1 young (1024K), 0 survivors (0K)
 Metaspace       used 62912K, committed 63424K, reserved 1114112K
  class space    used 7726K, committed 7936K, reserved 1048576K
}
Event: 7913.116 GC heap after
{Heap after GC invocations=773 (full 688):
 garbage-first heap   total 157696K, used 46448K [0x00000000c0000000, 0x0000000100000000)
  region size 1024K, 0 young (0K), 0 survivors (0K)
 Metaspace       used 62912K, committed 63424K, reserved 1114112K
  class space    used 7726K, committed 7936K, reserved 1048576K
}
Event: 7923.185 GC heap before
{Heap before GC invocations=773 (full 688):
 garbage-first heap   total 157696K, used 46448K [0x00000000c0000000, 0x0000000100000000)
  region size 1024K, 1 young (1024K), 0 survivors (0K)
 Metaspace       used 62912K, committed 63424K, reserved 1114112K
  class space    used 7726K, committed 7936K, reserved 1048576K
}
Event: 7923.205 GC heap after
{Heap after GC invocations=774 (full 689):
 garbage-first heap   total 157696K, used 46448K [0x00000000c0000000, 0x0000000100000000)
  region size 1024K, 0 young (0K), 0 survivors (0K)
 Metaspace       used 62912K, committed 63424K, reserved 1114112K
  class space    used 7726K, committed 7936K, reserved 1048576K
}
Event: 7933.272 GC heap before
{Heap before GC invocations=774 (full 689):
 garbage-first heap   total 157696K, used 46448K [0x00000000c0000000, 0x0000000100000000)
  region size 1024K, 1 young (1024K), 0 survivors (0K)
 Metaspace       used 62912K, committed 63424K, reserved 1114112K
  class space    used 7726K, committed 7936K, reserved 1048576K
}
Event: 7933.292 GC heap after
{Heap after GC invocations=775 (full 690):
 garbage-first heap   total 157696K, used 46448K [0x00000000c0000000, 0x0000000100000000)
  region size 1024K, 0 young (0K), 0 survivors (0K)
 Metaspace       used 62912K, committed 63424K, reserved 1114112K
  class space    used 7726K, committed 7936K, reserved 1048576K
}
Event: 7943.356 GC heap before
{Heap before GC invocations=775 (full 690):
 garbage-first heap   total 157696K, used 46448K [0x00000000c0000000, 0x0000000100000000)
  region size 1024K, 1 young (1024K), 0 survivors (0K)
 Metaspace       used 62912K, committed 63424K, reserved 1114112K
  class space    used 7726K, committed 7936K, reserved 1048576K
}
Event: 7943.376 GC heap after
{Heap after GC invocations=776 (full 691):
 garbage-first heap   total 157696K, used 46448K [0x00000000c0000000, 0x0000000100000000)
  region size 1024K, 0 young (0K), 0 survivors (0K)
 Metaspace       used 62912K, committed 63424K, reserved 1114112K
  class space    used 7726K, committed 7936K, reserved 1048576K
}
Event: 7953.443 GC heap before
{Heap before GC invocations=776 (full 691):
 garbage-first heap   total 157696K, used 46448K [0x00000000c0000000, 0x0000000100000000)
  region size 1024K, 1 young (1024K), 0 survivors (0K)
 Metaspace       used 62912K, committed 63424K, reserved 1114112K
  class space    used 7726K, committed 7936K, reserved 1048576K
}
Event: 7953.462 GC heap after
{Heap after GC invocations=777 (full 692):
 garbage-first heap   total 157696K, used 46448K [0x00000000c0000000, 0x0000000100000000)
  region size 1024K, 0 young (0K), 0 survivors (0K)
 Metaspace       used 62912K, committed 63424K, reserved 1114112K
  class space    used 7726K, committed 7936K, reserved 1048576K
}
Event: 7964.080 GC heap before
{Heap before GC invocations=777 (full 692):
 garbage-first heap   total 157696K, used 46448K [0x00000000c0000000, 0x0000000100000000)
  region size 1024K, 1 young (1024K), 0 survivors (0K)
 Metaspace       used 62912K, committed 63424K, reserved 1114112K
  class space    used 7726K, committed 7936K, reserved 1048576K
}

Dll operation events (10 events):
Event: 0.016 Loaded shared library c:\Users\Admin\.vscode\extensions\redhat.java-1.34.0-win32-x64\jre\17.0.12-win32-x86_64\bin\java.dll
Event: 0.251 Loaded shared library C:\Users\Admin\.vscode\extensions\redhat.java-1.34.0-win32-x64\jre\17.0.12-win32-x86_64\bin\net.dll
Event: 0.252 Loaded shared library C:\Users\Admin\.vscode\extensions\redhat.java-1.34.0-win32-x64\jre\17.0.12-win32-x86_64\bin\nio.dll
Event: 0.261 Loaded shared library C:\Users\Admin\.vscode\extensions\redhat.java-1.34.0-win32-x64\jre\17.0.12-win32-x86_64\bin\zip.dll
Event: 0.687 Loaded shared library C:\Users\Admin\.vscode\extensions\redhat.java-1.34.0-win32-x64\jre\17.0.12-win32-x86_64\bin\jimage.dll
Event: 2.188 Loaded shared library c:\Users\Admin\.vscode\extensions\redhat.java-1.34.0-win32-x64\jre\17.0.12-win32-x86_64\bin\verify.dll
Event: 4.567 Loaded shared library C:\Users\Admin\.vscode\extensions\redhat.java-1.34.0-win32-x64\jre\17.0.12-win32-x86_64\bin\management.dll
Event: 4.571 Loaded shared library C:\Users\Admin\.vscode\extensions\redhat.java-1.34.0-win32-x64\jre\17.0.12-win32-x86_64\bin\management_ext.dll
Event: 7.528 Loaded shared library C:\Users\Admin\.vscode\extensions\redhat.java-1.34.0-win32-x64\jre\17.0.12-win32-x86_64\bin\sunmscapi.dll
Event: 7.690 Loaded shared library C:\Users\Admin\.vscode\extensions\redhat.java-1.34.0-win32-x64\jre\17.0.12-win32-x86_64\bin\extnet.dll

Deoptimization events (20 events):
Event: 2814.517 Thread 0x000001e95ccac630 DEOPT PACKING pc=0x000001e9547e8ba4 sp=0x000000334bdfefa0
Event: 2814.517 Thread 0x000001e95ccac630 DEOPT UNPACKING pc=0x000001e9540b7143 sp=0x000000334bdfe488 mode 0
Event: 3051.414 Thread 0x000001e9628287a0 DEOPT PACKING pc=0x000001e954187c8c sp=0x000000334e9fe480
Event: 3051.414 Thread 0x000001e9628287a0 DEOPT UNPACKING pc=0x000001e9540b7143 sp=0x000000334e9fd9e8 mode 0
Event: 3051.415 Thread 0x000001e9628287a0 DEOPT PACKING pc=0x000001e9549f8dcc sp=0x000000334e9fe5b0
Event: 3051.415 Thread 0x000001e9628287a0 DEOPT UNPACKING pc=0x000001e9540b7143 sp=0x000000334e9fda90 mode 0
Event: 3051.415 Thread 0x000001e9628287a0 DEOPT PACKING pc=0x000001e954187c8c sp=0x000000334e9fe6e0
Event: 3051.415 Thread 0x000001e9628287a0 DEOPT UNPACKING pc=0x000001e9540b7143 sp=0x000000334e9fdc48 mode 0
Event: 3051.415 Thread 0x000001e9628287a0 DEOPT PACKING pc=0x000001e9549f8dcc sp=0x000000334e9fe810
Event: 3051.415 Thread 0x000001e9628287a0 DEOPT UNPACKING pc=0x000001e9540b7143 sp=0x000000334e9fdd08 mode 0
Event: 3051.420 Thread 0x000001e9628287a0 DEOPT PACKING pc=0x000001e954187c8c sp=0x000000334e9feb80
Event: 3051.420 Thread 0x000001e9628287a0 DEOPT UNPACKING pc=0x000001e9540b7143 sp=0x000000334e9fe0e8 mode 0
Event: 3051.420 Thread 0x000001e9628287a0 DEOPT PACKING pc=0x000001e9549f8dcc sp=0x000000334e9fecb0
Event: 3051.420 Thread 0x000001e9628287a0 DEOPT UNPACKING pc=0x000001e9540b7143 sp=0x000000334e9fe1a8 mode 0
Event: 3070.294 Thread 0x000001e95ccaa7d0 DEOPT PACKING pc=0x000001e954ed4c66 sp=0x000000334bdfba50
Event: 3070.294 Thread 0x000001e95ccaa7d0 DEOPT UNPACKING pc=0x000001e9540b7143 sp=0x000000334bdfb0a0 mode 0
Event: 3197.710 Thread 0x000001e95cca5be0 DEOPT PACKING pc=0x000001e954cbcd84 sp=0x000000334bdfe680
Event: 3197.710 Thread 0x000001e95cca5be0 DEOPT UNPACKING pc=0x000001e9540b7143 sp=0x000000334bdfdaf8 mode 0
Event: 3257.234 Thread 0x000001e95ccac120 DEOPT PACKING pc=0x000001e9545faf52 sp=0x000000334e5fd720
Event: 3257.234 Thread 0x000001e95ccac120 DEOPT UNPACKING pc=0x000001e9540b7143 sp=0x000000334e5fcc28 mode 3

Classes loaded (20 events):
Event: 2817.612 Loading class java/util/stream/Node$Builder$OfInt done
Event: 2817.612 Loading class java/util/stream/Nodes$IntArrayNode
Event: 2817.612 Loading class java/util/stream/Nodes$IntArrayNode done
Event: 2817.612 Loading class java/util/stream/Nodes$IntFixedNodeBuilder done
Event: 2817.612 Loading class java/util/stream/ReferencePipeline$4$1
Event: 2817.612 Loading class java/util/stream/ReferencePipeline$4$1 done
Event: 3051.334 Loading class sun/nio/cs/ThreadLocalCoders
Event: 3051.334 Loading class sun/nio/cs/ThreadLocalCoders done
Event: 3051.334 Loading class sun/nio/cs/ThreadLocalCoders$1
Event: 3051.334 Loading class sun/nio/cs/ThreadLocalCoders$Cache
Event: 3051.334 Loading class sun/nio/cs/ThreadLocalCoders$Cache done
Event: 3051.334 Loading class sun/nio/cs/ThreadLocalCoders$1 done
Event: 3051.335 Loading class sun/nio/cs/ThreadLocalCoders$2
Event: 3051.335 Loading class sun/nio/cs/ThreadLocalCoders$2 done
Event: 3051.388 Loading class java/util/Hashtable$ValueCollection
Event: 3051.388 Loading class java/util/Hashtable$ValueCollection done
Event: 3257.233 Loading class java/util/concurrent/ConcurrentHashMap$TreeNode
Event: 3257.233 Loading class java/util/concurrent/ConcurrentHashMap$TreeNode done
Event: 3257.233 Loading class java/util/concurrent/ConcurrentHashMap$TreeBin
Event: 3257.234 Loading class java/util/concurrent/ConcurrentHashMap$TreeBin done

Classes unloaded (20 events):
Event: 3244.755 Thread 0x000001e95c979ef0 Unloading class 0x00000001007d8400 'java/lang/invoke/LambdaForm$MH+0x00000001007d8400'
Event: 3396.756 Thread 0x000001e95c979ef0 Unloading class 0x00000001007d8400 'java/lang/invoke/LambdaForm$MH+0x00000001007d8400'
Event: 3396.756 Thread 0x000001e95c979ef0 Unloading class 0x00000001007d9400 'java/lang/invoke/LambdaForm$MH+0x00000001007d9400'
Event: 3396.756 Thread 0x000001e95c979ef0 Unloading class 0x00000001007db000 'java/lang/invoke/LambdaForm$MH+0x00000001007db000'
Event: 3457.232 Thread 0x000001e95c979ef0 Unloading class 0x00000001007d4000 'jdk/internal/reflect/GeneratedMethodAccessor30'
Event: 3457.232 Thread 0x000001e95c979ef0 Unloading class 0x00000001007dac00 'jdk/internal/reflect/GeneratedConstructorAccessor65'
Event: 3457.232 Thread 0x000001e95c979ef0 Unloading class 0x00000001007da800 'jdk/internal/reflect/GeneratedMethodAccessor29'
Event: 3457.232 Thread 0x000001e95c979ef0 Unloading class 0x00000001007da400 'jdk/internal/reflect/GeneratedConstructorAccessor64'
Event: 3457.232 Thread 0x000001e95c979ef0 Unloading class 0x00000001007da000 'jdk/internal/reflect/GeneratedMethodAccessor28'
Event: 3457.232 Thread 0x000001e95c979ef0 Unloading class 0x00000001007d7400 'jdk/internal/reflect/GeneratedMethodAccessor27'
Event: 3457.232 Thread 0x000001e95c979ef0 Unloading class 0x00000001007d7000 'jdk/internal/reflect/GeneratedMethodAccessor26'
Event: 3457.232 Thread 0x000001e95c979ef0 Unloading class 0x00000001007d8c00 'jdk/internal/reflect/GeneratedConstructorAccessor63'
Event: 3968.193 Thread 0x000001e95c979ef0 Unloading class 0x00000001007d8400 'jdk/internal/reflect/GeneratedConstructorAccessor68'
Event: 4111.797 Thread 0x000001e95c979ef0 Unloading class 0x00000001007da400 'jdk/internal/reflect/GeneratedMethodAccessor37'
Event: 4111.797 Thread 0x000001e95c979ef0 Unloading class 0x00000001007da000 'jdk/internal/reflect/GeneratedConstructorAccessor70'
Event: 4111.797 Thread 0x000001e95c979ef0 Unloading class 0x00000001007d7400 'jdk/internal/reflect/GeneratedMethodAccessor36'
Event: 4111.797 Thread 0x000001e95c979ef0 Unloading class 0x00000001007d7000 'jdk/internal/reflect/GeneratedConstructorAccessor69'
Event: 4111.797 Thread 0x000001e95c979ef0 Unloading class 0x00000001007d4c00 'jdk/internal/reflect/GeneratedMethodAccessor35'
Event: 4111.797 Thread 0x000001e95c979ef0 Unloading class 0x00000001007db000 'jdk/internal/reflect/GeneratedMethodAccessor34'
Event: 4111.797 Thread 0x000001e95c979ef0 Unloading class 0x00000001007d9400 'jdk/internal/reflect/GeneratedMethodAccessor33'

Classes redefined (0 events):
No events

Internal exceptions (20 events):
Event: 12.443 Thread 0x000001e962827870 Exception <a 'sun/nio/fs/WindowsException'{0x00000000c5a85c68}> (0x00000000c5a85c68) 
thrown [s\src\hotspot\share\prims\jni.cpp, line 516]
Event: 12.443 Thread 0x000001e962827870 Exception <a 'sun/nio/fs/WindowsException'{0x00000000c5a86048}> (0x00000000c5a86048) 
thrown [s\src\hotspot\share\prims\jni.cpp, line 516]
Event: 12.443 Thread 0x000001e962827870 Exception <a 'sun/nio/fs/WindowsException'{0x00000000c5a86fd8}> (0x00000000c5a86fd8) 
thrown [s\src\hotspot\share\prims\jni.cpp, line 516]
Event: 12.443 Thread 0x000001e962827870 Exception <a 'sun/nio/fs/WindowsException'{0x00000000c5a873f8}> (0x00000000c5a873f8) 
thrown [s\src\hotspot\share\prims\jni.cpp, line 516]
Event: 54.596 Thread 0x000001e962783710 Exception <a 'java/lang/NoSuchMethodError'{0x00000000c55bcc78}: 'void java.lang.invoke.DirectMethodHandle$Holder.invokeStatic(java.lang.Object, long)'> (0x00000000c55bcc78) 
thrown [s\src\hotspot\share\interpreter\linkResolver.cpp, line 759]
Event: 54.596 Thread 0x000001e962783710 Exception <a 'java/lang/NoSuchMethodError'{0x00000000c55c2020}: 'java.lang.Object java.lang.invoke.DirectMethodHandle$Holder.newInvokeSpecial(java.lang.Object, long)'> (0x00000000c55c2020) 
thrown [s\src\hotspot\share\interpreter\linkResolver.cpp, line 759]
Event: 308.805 Thread 0x000001e95cca8460 Exception <a 'java/io/IOException'{0x00000000c7d94bd8}> (0x00000000c7d94bd8) 
thrown [s\src\hotspot\share\prims\jni.cpp, line 516]
Event: 308.964 Thread 0x000001e95cca98a0 Exception <a 'java/io/IOException'{0x00000000c7da82c0}> (0x00000000c7da82c0) 
thrown [s\src\hotspot\share\prims\jni.cpp, line 516]
Event: 309.522 Thread 0x000001e95cca7f50 Exception <a 'java/io/IOException'{0x00000000c7db9ab8}> (0x00000000c7db9ab8) 
thrown [s\src\hotspot\share\prims\jni.cpp, line 516]
Event: 2583.208 Thread 0x000001e95cca7f50 Exception <a 'java/lang/NoSuchMethodError'{0x00000000c4861000}: 'java.lang.Object java.lang.invoke.Invokers$Holder.invoke_MT(java.lang.Object, java.lang.Object, java.lang.Object)'> (0x00000000c4861000) 
thrown [s\src\hotspot\share\interpreter\linkResolver.cpp, line 759]
Event: 2583.252 Thread 0x000001e962827870 Exception <a 'java/lang/NoSuchMethodError'{0x00000000c4479790}: 'java.lang.Object java.lang.invoke.DirectMethodHandle$Holder.newInvokeSpecial(java.lang.Object, java.lang.Object, java.lang.Object, java.lang.Object, java.lang.Object, long)'> (0x00000000c4479790) 
thrown [s\src\hotspot\share\interpreter\linkResolver.cpp, line 759]
Event: 2583.252 Thread 0x000001e962827870 Exception <a 'java/lang/NoSuchMethodError'{0x00000000c447de00}: 'java.lang.Object java.lang.invoke.DirectMethodHandle$Holder.invokeSpecial(java.lang.Object, java.lang.Object, java.lang.Object, java.lang.Object, java.lang.Object, java.lang.Object, long)'> (0x00000000c447de00) 
thrown [s\src\hotspot\share\interpreter\linkResolver.cpp, line 759]
Event: 2583.878 Thread 0x000001e95cca7f50 Exception <a 'java/lang/IncompatibleClassChangeError'{0x00000000c544dea8}: Found class java.lang.Object, but interface was expected> (0x00000000c544dea8) 
thrown [s\src\hotspot\share\interpreter\linkResolver.cpp, line 826]
Event: 2584.086 Thread 0x000001e95ccab700 Exception <a 'java/lang/NoSuchMethodError'{0x00000000c51d5898}: 'void java.lang.invoke.DirectMethodHandle$Holder.invokeStatic(java.lang.Object, java.lang.Object, java.lang.Object, java.lang.Object, java.lang.Object, java.lang.Object, java.lang.Object)'> (0x00000000c51d5898) 
thrown [s\src\hotspot\share\interpreter\linkResolver.cpp, line 759]
Event: 2814.470 Thread 0x000001e95ccaace0 Exception <a 'java/lang/NoSuchMethodError'{0x00000000c4d97dc8}: 'int java.lang.invoke.DirectMethodHandle$Holder.invokeSpecialIFC(java.lang.Object, java.lang.Object, java.lang.Object)'> (0x00000000c4d97dc8) 
thrown [s\src\hotspot\share\interpreter\linkResolver.cpp, line 759]
Event: 3070.283 Thread 0x000001e95cca98a0 Exception <a 'java/lang/NoSuchMethodError'{0x00000000c4c743b0}: 'java.lang.Object java.lang.invoke.DirectMethodHandle$Holder.newInvokeSpecial(java.lang.Object, java.lang.Object, int, java.lang.Object)'> (0x00000000c4c743b0) 
thrown [s\src\hotspot\share\interpreter\linkResolver.cpp, line 759]
Event: 3070.283 Thread 0x000001e95cca98a0 Exception <a 'java/lang/NoSuchMethodError'{0x00000000c4c77cf0}: 'java.lang.Object java.lang.invoke.Invokers$Holder.linkToTargetMethod(java.lang.Object, int, java.lang.Object, java.lang.Object)'> (0x00000000c4c77cf0) 
thrown [s\src\hotspot\share\interpreter\linkResolver.cpp, line 759]
Event: 3266.978 Thread 0x000001e95cca5be0 Exception <a 'java/lang/NoSuchMethodError'{0x00000000c9c5cb68}: 'java.lang.Object java.lang.invoke.DirectMethodHandle$Holder.newInvokeSpecial(java.lang.Object, java.lang.Object, java.lang.Object, java.lang.Object, int)'> (0x00000000c9c5cb68) 
thrown [s\src\hotspot\share\interpreter\linkResolver.cpp, line 759]
Event: 3266.978 Thread 0x000001e95cca5be0 Exception <a 'java/lang/NoSuchMethodError'{0x00000000c9c61050}: 'java.lang.Object java.lang.invoke.DirectMethodHandle$Holder.invokeSpecial(java.lang.Object, java.lang.Object, java.lang.Object, java.lang.Object, java.lang.Object, int)'> (0x00000000c9c61050) 
thrown [s\src\hotspot\share\interpreter\linkResolver.cpp, line 759]
Event: 3266.978 Thread 0x000001e95cca5be0 Exception <a 'java/lang/NoSuchMethodError'{0x00000000c9c64de0}: 'java.lang.Object java.lang.invoke.Invokers$Holder.linkToTargetMethod(java.lang.Object, java.lang.Object, java.lang.Object, int, java.lang.Object)'> (0x00000000c9c64de0) 
thrown [s\src\hotspot\share\interpreter\linkResolver.cpp, line 759]

VM Operations (20 events):
Event: 7862.727 Executing VM operation: G1CollectFull done
Event: 7872.791 Executing VM operation: G1CollectFull
Event: 7872.812 Executing VM operation: G1CollectFull done
Event: 7882.864 Executing VM operation: G1CollectFull
Event: 7882.883 Executing VM operation: G1CollectFull done
Event: 7892.943 Executing VM operation: G1CollectFull
Event: 7892.962 Executing VM operation: G1CollectFull done
Event: 7903.024 Executing VM operation: G1CollectFull
Event: 7903.043 Executing VM operation: G1CollectFull done
Event: 7913.096 Executing VM operation: G1CollectFull
Event: 7913.116 Executing VM operation: G1CollectFull done
Event: 7923.185 Executing VM operation: G1CollectFull
Event: 7923.205 Executing VM operation: G1CollectFull done
Event: 7933.271 Executing VM operation: G1CollectFull
Event: 7933.292 Executing VM operation: G1CollectFull done
Event: 7943.356 Executing VM operation: G1CollectFull
Event: 7943.376 Executing VM operation: G1CollectFull done
Event: 7953.443 Executing VM operation: G1CollectFull
Event: 7953.462 Executing VM operation: G1CollectFull done
Event: 7964.080 Executing VM operation: G1CollectFull

Events (20 events):
Event: 4122.413 Thread 0x000001e95cca7020 Thread exited: 0x000001e95cca7020
Event: 4182.432 Thread 0x000001e95cca5be0 Thread exited: 0x000001e95cca5be0
Event: 4242.442 Thread 0x000001e95ccac630 Thread exited: 0x000001e95ccac630
Event: 4302.448 Thread 0x000001e95ccab700 Thread exited: 0x000001e95ccab700
Event: 4362.453 Thread 0x000001e95ccab1f0 Thread exited: 0x000001e95ccab1f0
Event: 4422.456 Thread 0x000001e95ccaace0 Thread exited: 0x000001e95ccaace0
Event: 7441.104 Thread 0x000001e95cca8460 Thread added: 0x000001e95cca8460
Event: 7441.107 Thread 0x000001e95ccaace0 Thread added: 0x000001e95ccaace0
Event: 7441.115 Thread 0x000001e95cca98a0 Thread added: 0x000001e95cca98a0
Event: 7441.360 Thread 0x000001e95ccab1f0 Thread added: 0x000001e95ccab1f0
Event: 7454.571 Thread 0x000001e95ccac630 Thread added: 0x000001e95ccac630
Event: 7458.504 Thread 0x000001e95ccac120 Thread added: 0x000001e95ccac120
Event: 7458.507 Thread 0x000001e95cca5be0 Thread added: 0x000001e95cca5be0
Event: 7514.599 Thread 0x000001e95ccac630 Thread exited: 0x000001e95ccac630
Event: 7518.512 Thread 0x000001e95cca5be0 Thread exited: 0x000001e95cca5be0
Event: 7518.574 Thread 0x000001e95cca8460 Thread exited: 0x000001e95cca8460
Event: 7518.576 Thread 0x000001e95cca98a0 Thread exited: 0x000001e95cca98a0
Event: 7519.230 Thread 0x000001e95ccab1f0 Thread exited: 0x000001e95ccab1f0
Event: 7541.289 Thread 0x000001e95ccaace0 Thread exited: 0x000001e95ccaace0
Event: 7579.233 Thread 0x000001e95ccac120 Thread exited: 0x000001e95ccac120


Dynamic libraries:
0x00007ff670140000 - 0x00007ff67014e000 	c:\Users\Admin\.vscode\extensions\redhat.java-1.34.0-win32-x64\jre\17.0.12-win32-x86_64\bin\java.exe
0x00007ffb474b0000 - 0x00007ffb476c7000 	C:\Windows\SYSTEM32\ntdll.dll
0x00007ffb46a90000 - 0x00007ffb46b54000 	C:\Windows\System32\KERNEL32.DLL
0x00007ffb44a70000 - 0x00007ffb44e16000 	C:\Windows\System32\KERNELBASE.dll
0x00007ffb450e0000 - 0x00007ffb451f1000 	C:\Windows\System32\ucrtbase.dll
0x00007ffb2b280000 - 0x00007ffb2b297000 	c:\Users\Admin\.vscode\extensions\redhat.java-1.34.0-win32-x64\jre\17.0.12-win32-x86_64\bin\jli.dll
0x00007ffb471c0000 - 0x00007ffb4736e000 	C:\Windows\System32\USER32.dll
0x00007ffb44e20000 - 0x00007ffb44e46000 	C:\Windows\System32\win32u.dll
0x00007ffb46a60000 - 0x00007ffb46a89000 	C:\Windows\System32\GDI32.dll
0x00007ffb1d750000 - 0x00007ffb1d76b000 	c:\Users\Admin\.vscode\extensions\redhat.java-1.34.0-win32-x64\jre\17.0.12-win32-x86_64\bin\VCRUNTIME140.dll
0x00007ffb44860000 - 0x00007ffb44978000 	C:\Windows\System32\gdi32full.dll
0x00007ffb44e50000 - 0x00007ffb44eea000 	C:\Windows\System32\msvcp_win.dll
0x00007ffb31e50000 - 0x00007ffb320e3000 	C:\Windows\WinSxS\amd64_microsoft.windows.common-controls_6595b64144ccf1df_6.0.22621.2506_none_270c5ae97388e100\COMCTL32.dll
0x00007ffb46bf0000 - 0x00007ffb46c97000 	C:\Windows\System32\msvcrt.dll
0x00007ffb46ff0000 - 0x00007ffb47021000 	C:\Windows\System32\IMM32.DLL
0x00007ffb2b270000 - 0x00007ffb2b27c000 	c:\Users\Admin\.vscode\extensions\redhat.java-1.34.0-win32-x64\jre\17.0.12-win32-x86_64\bin\vcruntime140_1.dll
0x00007ffae2df0000 - 0x00007ffae2e7d000 	c:\Users\Admin\.vscode\extensions\redhat.java-1.34.0-win32-x64\jre\17.0.12-win32-x86_64\bin\msvcp140.dll
0x00007ffad67c0000 - 0x00007ffad742a000 	c:\Users\Admin\.vscode\extensions\redhat.java-1.34.0-win32-x64\jre\17.0.12-win32-x86_64\bin\server\jvm.dll
0x00007ffb465e0000 - 0x00007ffb46693000 	C:\Windows\System32\ADVAPI32.dll
0x00007ffb46ee0000 - 0x00007ffb46f88000 	C:\Windows\System32\sechost.dll
0x00007ffb44980000 - 0x00007ffb449a8000 	C:\Windows\System32\bcrypt.dll
0x00007ffb46490000 - 0x00007ffb465a7000 	C:\Windows\System32\RPCRT4.dll
0x00007ffb46b60000 - 0x00007ffb46bd1000 	C:\Windows\System32\WS2_32.dll
0x00007ffb43640000 - 0x00007ffb4368d000 	C:\Windows\SYSTEM32\POWRPROF.dll
0x00007ffb321d0000 - 0x00007ffb32204000 	C:\Windows\SYSTEM32\WINMM.dll
0x00007ffb3b8a0000 - 0x00007ffb3b8aa000 	C:\Windows\SYSTEM32\VERSION.dll
0x00007ffb43620000 - 0x00007ffb43633000 	C:\Windows\SYSTEM32\UMPDC.dll
0x00007ffb438e0000 - 0x00007ffb438f8000 	C:\Windows\SYSTEM32\kernel.appcore.dll
0x00007ffb1d740000 - 0x00007ffb1d74a000 	c:\Users\Admin\.vscode\extensions\redhat.java-1.34.0-win32-x64\jre\17.0.12-win32-x86_64\bin\jimage.dll
0x00007ffb41c40000 - 0x00007ffb41e73000 	C:\Windows\SYSTEM32\DBGHELP.DLL
0x00007ffb46100000 - 0x00007ffb46489000 	C:\Windows\System32\combase.dll
0x00007ffb466a0000 - 0x00007ffb46777000 	C:\Windows\System32\OLEAUT32.dll
0x00007ffb24f90000 - 0x00007ffb24fc2000 	C:\Windows\SYSTEM32\dbgcore.DLL
0x00007ffb44ef0000 - 0x00007ffb44f6a000 	C:\Windows\System32\bcryptPrimitives.dll
0x00007ffb1d700000 - 0x00007ffb1d725000 	c:\Users\Admin\.vscode\extensions\redhat.java-1.34.0-win32-x64\jre\17.0.12-win32-x86_64\bin\java.dll
0x00007ffb032c0000 - 0x00007ffb032d8000 	c:\Users\Admin\.vscode\extensions\redhat.java-1.34.0-win32-x64\jre\17.0.12-win32-x86_64\bin\zip.dll
0x00007ffb45200000 - 0x00007ffb45a5b000 	C:\Windows\System32\SHELL32.dll
0x00007ffb42700000 - 0x00007ffb42ff6000 	C:\Windows\SYSTEM32\windows.storage.dll
0x00007ffb425c0000 - 0x00007ffb426fe000 	C:\Windows\SYSTEM32\wintypes.dll
0x00007ffb47030000 - 0x00007ffb47123000 	C:\Windows\System32\SHCORE.dll
0x00007ffb46860000 - 0x00007ffb468be000 	C:\Windows\System32\shlwapi.dll
0x00007ffb44720000 - 0x00007ffb44746000 	C:\Windows\SYSTEM32\profapi.dll
0x00007ffaf4a70000 - 0x00007ffaf4a89000 	C:\Users\Admin\.vscode\extensions\redhat.java-1.34.0-win32-x64\jre\17.0.12-win32-x86_64\bin\net.dll
0x00007ffb3e660000 - 0x00007ffb3e797000 	C:\Windows\SYSTEM32\WINHTTP.dll
0x00007ffb43d50000 - 0x00007ffb43db9000 	C:\Windows\system32\mswsock.dll
0x00007ffae2dd0000 - 0x00007ffae2de6000 	C:\Users\Admin\.vscode\extensions\redhat.java-1.34.0-win32-x64\jre\17.0.12-win32-x86_64\bin\nio.dll
0x00007ffb032b0000 - 0x00007ffb032c0000 	c:\Users\Admin\.vscode\extensions\redhat.java-1.34.0-win32-x64\jre\17.0.12-win32-x86_64\bin\verify.dll
0x00007ffb440a0000 - 0x00007ffb440bb000 	C:\Windows\SYSTEM32\CRYPTSP.dll
0x00007ffb43840000 - 0x00007ffb43875000 	C:\Windows\system32\rsaenh.dll
0x00007ffb43df0000 - 0x00007ffb43e1c000 	C:\Windows\SYSTEM32\USERENV.dll
0x00007ffb44080000 - 0x00007ffb4408c000 	C:\Windows\SYSTEM32\CRYPTBASE.dll
0x00007ffb43260000 - 0x00007ffb4328d000 	C:\Windows\SYSTEM32\IPHLPAPI.DLL
0x00007ffb46be0000 - 0x00007ffb46be9000 	C:\Windows\System32\NSI.dll
0x00007ffb3e5c0000 - 0x00007ffb3e5d9000 	C:\Windows\SYSTEM32\dhcpcsvc6.DLL
0x00007ffb3e5a0000 - 0x00007ffb3e5bf000 	C:\Windows\SYSTEM32\dhcpcsvc.DLL
0x00007ffb43320000 - 0x00007ffb43419000 	C:\Windows\SYSTEM32\DNSAPI.dll
0x00007ffb34650000 - 0x00007ffb34659000 	C:\Users\Admin\.vscode\extensions\redhat.java-1.34.0-win32-x64\jre\17.0.12-win32-x86_64\bin\management.dll
0x00007ffb2c950000 - 0x00007ffb2c95b000 	C:\Users\Admin\.vscode\extensions\redhat.java-1.34.0-win32-x64\jre\17.0.12-win32-x86_64\bin\management_ext.dll
0x00007ffb46ca0000 - 0x00007ffb46ca8000 	C:\Windows\System32\PSAPI.DLL
0x00007ffb3adc0000 - 0x00007ffb3adce000 	C:\Users\Admin\.vscode\extensions\redhat.java-1.34.0-win32-x64\jre\17.0.12-win32-x86_64\bin\sunmscapi.dll
0x00007ffb44f70000 - 0x00007ffb450d6000 	C:\Windows\System32\CRYPT32.dll
0x00007ffb441b0000 - 0x00007ffb441de000 	C:\Windows\SYSTEM32\ncrypt.dll
0x00007ffb44170000 - 0x00007ffb441a7000 	C:\Windows\SYSTEM32\NTASN1.dll
0x00007ffb3d4b0000 - 0x00007ffb3d4ba000 	C:\Windows\System32\rasadhlp.dll
0x00007ffb3dce0000 - 0x00007ffb3dd63000 	C:\Windows\System32\fwpuclnt.dll
0x00007ffb35ab0000 - 0x00007ffb35ab9000 	C:\Users\Admin\.vscode\extensions\redhat.java-1.34.0-win32-x64\jre\17.0.12-win32-x86_64\bin\extnet.dll

dbghelp: loaded successfully - version: 4.0.5 - missing functions: none
symbol engine: initialized successfully - sym options: 0x614 - pdb path: .;c:\Users\Admin\.vscode\extensions\redhat.java-1.34.0-win32-x64\jre\17.0.12-win32-x86_64\bin;C:\Windows\SYSTEM32;C:\Windows\WinSxS\amd64_microsoft.windows.common-controls_6595b64144ccf1df_6.0.22621.2506_none_270c5ae97388e100;c:\Users\Admin\.vscode\extensions\redhat.java-1.34.0-win32-x64\jre\17.0.12-win32-x86_64\bin\server

VM Arguments:
jvm_args: -Xmx1024m -Dsts.lsp.client=vscode -Dsts.log.file=/dev/null -XX:TieredStopAtLevel=1 -Xlog:jni+resolve=off -Dspring.config.location=file:c:\Users\Admin\.vscode\extensions\vmware.vscode-spring-boot-1.56.0\language-server\BOOT-INF\classes\application.properties 
java_command: org.springframework.ide.vscode.boot.app.BootLanguageServerBootApp
java_class_path (initial): c:\Users\Admin\.vscode\extensions\vmware.vscode-spring-boot-1.56.0\language-server\BOOT-INF\classes;c:\Users\Admin\.vscode\extensions\vmware.vscode-spring-boot-1.56.0\language-server\BOOT-INF\lib\annotations-24.1.0.jar;c:\Users\Admin\.vscode\extensions\vmware.vscode-spring-boot-1.56.0\language-server\BOOT-INF\lib\antlr4-runtime-4.13.1.jar;c:\Users\Admin\.vscode\extensions\vmware.vscode-spring-boot-1.56.0\language-server\BOOT-INF\lib\asm-9.7.jar;c:\Users\Admin\.vscode\extensions\vmware.vscode-spring-boot-1.56.0\language-server\BOOT-INF\lib\asm-analysis-9.7.jar;c:\Users\Admin\.vscode\extensions\vmware.vscode-spring-boot-1.56.0\language-server\BOOT-INF\lib\asm-tree-9.7.jar;c:\Users\Admin\.vscode\extensions\vmware.vscode-spring-boot-1.56.0\language-server\BOOT-INF\lib\asm-util-9.7.jar;c:\Users\Admin\.vscode\extensions\vmware.vscode-spring-boot-1.56.0\language-server\BOOT-INF\lib\caffeine-3.1.8.jar;c:\Users\Admin\.vscode\extensions\vmware.vscode-spring-boot-1.56.0\language-server\BOOT-INF\lib\checker-qual-3.12.0.jar;c:\Users\Admin\.vscode\extensions\vmware.vscode-spring-boot-1.56.0\language-server\BOOT-INF\lib\classgraph-4.8.149.jar;c:\Users\Admin\.vscode\extensions\vmware.vscode-spring-boot-1.56.0\language-server\BOOT-INF\lib\commons-codec-1.16.1.jar;c:\Users\Admin\.vscode\extensions\vmware.vscode-spring-boot-1.56.0\language-server\BOOT-INF\lib\commons-compress-1.26.2.jar;c:\Users\Admin\.vscode\extensions\vmware.vscode-spring-boot-1.56.0\language-server\BOOT-INF\lib\commons-io-2.16.1.jar;c:\Users\Admin\.vscode\extensions\vmware.vscode-spring-boot-1.56.0\language-server\BOOT-INF\lib\commons-java-1.56.0-SNAPSHOT.jar;c:\Users\Admin\.vscode\extensions\vmware.vscode-spring-boot-1.56.0\language-server\BOOT-INF\lib\commons-lang3-3.14.0.jar;c:\Users\Admin\.vscode\extensions\vmware.vscode-spring-boot-1.56.0\language-server\BOOT-INF\lib\commons-language-server-1.56.0-SNAPSHOT.jar;c:\Users\Admin\.vscode\extensions\vmware.vscode-spring-boot-1.56.0\langu
Launcher Type: SUN_STANDARD

[Global flags]
     intx CICompilerCount                          = 4                                         {product} {ergonomic}
     uint ConcGCThreads                            = 2                                         {product} {ergonomic}
     uint G1ConcRefinementThreads                  = 8                                         {product} {ergonomic}
   size_t G1HeapRegionSize                         = 1048576                                   {product} {ergonomic}
    uintx GCDrainStackTargetSize                   = 64                                        {product} {ergonomic}
   size_t InitialHeapSize                          = 132120576                                 {product} {ergonomic}
   size_t MarkStackSize                            = 4194304                                   {product} {ergonomic}
   size_t MaxHeapSize                              = 1073741824                                {product} {command line}
   size_t MaxNewSize                               = 643825664                                 {product} {ergonomic}
   size_t MinHeapDeltaBytes                        = 1048576                                   {product} {ergonomic}
   size_t MinHeapSize                              = 8388608                                   {product} {ergonomic}
    uintx NonProfiledCodeHeapSize                  = 0                                      {pd product} {ergonomic}
     bool ProfileInterpreter                       = false                                  {pd product} {command line}
    uintx ProfiledCodeHeapSize                     = 0                                      {pd product} {ergonomic}
   size_t SoftMaxHeapSize                          = 1073741824                             {manageable} {ergonomic}
     intx TieredStopAtLevel                        = 1                                         {product} {command line}
     bool UseCompressedClassPointers               = true                           {product lp64_product} {ergonomic}
     bool UseCompressedOops                        = true                           {product lp64_product} {ergonomic}
     bool UseG1GC                                  = true                                      {product} {ergonomic}
     bool UseLargePagesIndividualAllocation        = false                                  {pd product} {ergonomic}

Logging:
Log output configuration:
 #0: stdout all=warning,jni+resolve=off uptime,level,tags
 #1: stderr all=off uptime,level,tags

Environment Variables:
JAVA_HOME=C:\Program Files\Eclipse Adoptium\jdk-21.0.3.9-hotspot
PATH=C:\Program Files\Eclipse Adoptium\jdk-21.0.3.9-hotspot\bin;C:\Windows\system32;C:\Windows;C:\Windows\System32\Wbem;C:\Windows\System32\WindowsPowerShell\v1.0\;C:\Windows\System32\OpenSSH\;C:\Program Files\Microsoft SQL Server\Client SDK\ODBC\170\Tools\Binn\;C:\Program Files\Microsoft SQL Server\150\Tools\Binn\;C:\Program Files\dotnet\;C:\Program Files\nodejs\;C:\Program Files\Git\cmd;C:\Program Files\apache-maven-3.9.8\bin;;C:\Program Files\Docker\Docker\resources\bin;C:\Users\Admin\AppData\Local\Microsoft\WindowsApps;C:\Users\Admin\.dotnet\tools;C:\Users\Admin\AppData\Local\Programs\Microsoft VS Code\bin;C:\Users\Admin\AppData\Local\JetBrains\Toolbox\scripts;C:\Users\Admin\AppData\Roaming\npm
USERNAME=Admin
OS=Windows_NT
PROCESSOR_IDENTIFIER=Intel64 Family 6 Model 151 Stepping 5, GenuineIntel
TMP=C:\Users\Admin\AppData\Local\Temp
TEMP=C:\Users\Admin\AppData\Local\Temp



Periodic native trim disabled


---------------  S Y S T E M  ---------------

OS:
 Windows 11 , 64 bit Build 22621 (10.0.22621.3078)
OS uptime: 0 days 3:44 hours
Hyper-V role detected

CPU: total 8 (initial active 8) (4 cores per cpu, 2 threads per core) family 6 model 151 stepping 5 microcode 0x1e, cx8, cmov, fxsr, ht, mmx, 3dnowpref, sse, sse2, sse3, ssse3, sse4.1, sse4.2, popcnt, lzcnt, tsc, tscinvbit, avx, avx2, aes, erms, clmul, bmi1, bmi2, adx, sha, fma, vzeroupper, clflush, clflushopt, clwb, hv
Processor Information for all 8 processors :
  Max Mhz: 3300, Current Mhz: 3300, Mhz Limit: 3300

Memory: 4k page, system-wide physical 7969M (133M free)
TotalPageFile size 16161M (AvailPageFile size 9M)
current process WorkingSet (physical memory assigned to process): 203M, peak: 355M
current process commit charge ("private bytes"): 341M, peak: 511M

vm_info: OpenJDK 64-Bit Server VM (17.0.12+7) for windows-amd64 JRE (17.0.12+7), built on Jul 16 2024 22:08:24 by "admin" with MS VC++ 16.10 / 16.11 (VS2019)

END.
