#
# There is insufficient memory for the Java Runtime Environment to continue.
# Native memory allocation (malloc) failed to allocate 1119856 bytes. Error detail: Chunk::new
# Possible reasons:
#   The system is out of physical RAM or swap space
#   This process is running with CompressedOops enabled, and the Java Heap may be blocking the growth of the native heap
# Possible solutions:
#   Reduce memory load on the system
#   Increase physical memory or swap space
#   Check if swap backing store is full
#   Decrease Java heap size (-Xmx/-Xms)
#   Decrease number of Java threads
#   Decrease Java thread stack sizes (-Xss)
#   Set larger code cache with -XX:ReservedCodeCacheSize=
#   JVM is running with Unscaled Compressed Oops mode in which the Java heap is
#     placed in the first 4GB address space. The Java Heap base address is the
#     maximum limit for the native heap growth. Please use -XX:HeapBaseMinAddress
#     to set the Java Heap base and to place the Java Heap above 4GB virtual address.
# This output file may be truncated or incomplete.
#
#  Out of Memory Error (arena.cpp:191), pid=7968, tid=6428
#
# JRE version: OpenJDK Runtime Environment Temurin-17.0.11+9 (17.0.11+9) (build 17.0.11+9)
# Java VM: OpenJDK 64-Bit Server VM Temurin-17.0.11+9 (17.0.11+9, mixed mode, tiered, compressed oops, compressed class ptrs, parallel gc, windows-amd64)
# No core dump will be written. Minidumps are not enabled by default on client versions of Windows
#

---------------  S U M M A R Y ------------

Command Line: --add-modules=ALL-SYSTEM --add-opens=java.base/java.util=ALL-UNNAMED --add-opens=java.base/java.lang=ALL-UNNAMED --add-opens=java.base/sun.nio.fs=ALL-UNNAMED -Declipse.application=org.eclipse.jdt.ls.core.id1 -Dosgi.bundles.defaultStartLevel=4 -Declipse.product=org.eclipse.jdt.ls.core.product -Djava.import.generatesMetadataFilesAtProjectRoot=false -DDetectVMInstallationsJob.disabled=true -Dfile.encoding=utf8 -XX:+UseParallelGC -XX:GCTimeRatio=4 -XX:AdaptiveSizePolicyWeight=90 -Dsun.zip.disableMemoryMapping=true -Xmx1G -Xms100m -Xlog:disable -javaagent:c:\Users\Admin\.vscode\extensions\redhat.java-1.33.0-win32-x64\lombok\lombok-1.18.33.jar -XX:+HeapDumpOnOutOfMemoryError -XX:HeapDumpPath=c:\Users\Admin\AppData\Roaming\Code\User\workspaceStorage\eb20fc06d4a3b5e07cae54c0eea6be4b\redhat.java -Daether.dependencyCollector.impl=bf c:\Users\Admin\.vscode\extensions\redhat.java-1.33.0-win32-x64\server\plugins\org.eclipse.equinox.launcher_1.6.900.v20240613-2009.jar -configuration c:\Users\Admin\AppData\Roaming\Code\User\globalStorage\redhat.java\1.33.0\config_win -data c:\Users\Admin\AppData\Roaming\Code\User\workspaceStorage\eb20fc06d4a3b5e07cae54c0eea6be4b\redhat.java\jdt_ws --pipe=\\.\pipe\lsp-e66939495f7a804588cd9f1f4a71382c-sock

Host: 12th Gen Intel(R) Core(TM) i3-12100, 8 cores, 7G,  Windows 11 , 64 bit Build 22621 (10.0.22621.3078)
Time: Fri Aug 16 16:21:02 2024 Hora est. Pacífico, Sudamérica elapsed time: 12.516250 seconds (0d 0h 0m 12s)

---------------  T H R E A D  ---------------

Current thread (0x0000024f243a3d60):  JavaThread "C2 CompilerThread0" daemon [_thread_in_native, id=6428, stack(0x0000009376300000,0x0000009376400000)]


Current CompileTask:
C2:  12516 13162   !   4       org.eclipse.jdt.internal.core.search.indexing.BinaryIndexer::indexDocument (1157 bytes)

Stack: [0x0000009376300000,0x0000009376400000]
Native frames: (J=compiled Java code, j=interpreted, Vv=VM code, C=native code)
V  [jvm.dll+0x67d429]
V  [jvm.dll+0x834b7a]
V  [jvm.dll+0x83663e]
V  [jvm.dll+0x836ca3]
V  [jvm.dll+0x247dbf]
V  [jvm.dll+0xac534]
V  [jvm.dll+0xacb7c]
V  [jvm.dll+0x2af2cf]
V  [jvm.dll+0x5848b7]
V  [jvm.dll+0x222d82]
V  [jvm.dll+0x22317f]
V  [jvm.dll+0x21c2a0]
V  [jvm.dll+0x2197a1]
V  [jvm.dll+0x1a534d]
V  [jvm.dll+0x2295cd]
V  [jvm.dll+0x22779c]
V  [jvm.dll+0x7e9d07]
V  [jvm.dll+0x7e410a]
V  [jvm.dll+0x67c315]
C  [ucrtbase.dll+0x29363]
C  [KERNEL32.DLL+0x1257d]
C  [ntdll.dll+0x5aa58]


---------------  P R O C E S S  ---------------

Threads class SMR info:
_java_thread_list=0x0000024f289fe300, length=48, elements={
0x0000024f0b3fce60, 0x0000024f0b482030, 0x0000024f24386cb0, 0x0000024f1f273d20,
0x0000024f1f2746f0, 0x0000024f1f27e3b0, 0x0000024f243a2fb0, 0x0000024f243a3d60,
0x0000024f243a8fe0, 0x0000024f243be870, 0x0000024f243f9b50, 0x0000024f246c4390,
0x0000024f25ced2d0, 0x0000024f25ce73d0, 0x0000024f25b35e70, 0x0000024f2613c0f0,
0x0000024f26514980, 0x0000024f265153a0, 0x0000024f26512100, 0x0000024f26513030,
0x0000024f26513540, 0x0000024f26513a50, 0x0000024f265158b0, 0x0000024f26512610,
0x0000024f2735e810, 0x0000024f2735ed20, 0x0000024f2735bf90, 0x0000024f27361090,
0x0000024f27361fc0, 0x0000024f273615a0, 0x0000024f2735d3d0, 0x0000024f2735d8e0,
0x0000024f2735f230, 0x0000024f2735c4a0, 0x0000024f27360670, 0x0000024f27360b80,
0x0000024f273624d0, 0x0000024f2735f740, 0x0000024f27361ab0, 0x0000024f2735b060,
0x0000024f273629e0, 0x0000024f2735ba80, 0x0000024f2735c9b0, 0x0000024f29134eb0,
0x0000024f2912f390, 0x0000024f29136d10, 0x0000024f29133a70, 0x0000024f291307d0
}

Java Threads: ( => current thread )
  0x0000024f0b3fce60 JavaThread "main" [_thread_blocked, id=11844, stack(0x0000009375a00000,0x0000009375b00000)]
  0x0000024f0b482030 JavaThread "Reference Handler" daemon [_thread_blocked, id=9160, stack(0x0000009375d00000,0x0000009375e00000)]
  0x0000024f24386cb0 JavaThread "Finalizer" daemon [_thread_blocked, id=12224, stack(0x0000009375e00000,0x0000009375f00000)]
  0x0000024f1f273d20 JavaThread "Signal Dispatcher" daemon [_thread_blocked, id=7492, stack(0x0000009375f00000,0x0000009376000000)]
  0x0000024f1f2746f0 JavaThread "Attach Listener" daemon [_thread_blocked, id=3920, stack(0x0000009376000000,0x0000009376100000)]
  0x0000024f1f27e3b0 JavaThread "Service Thread" daemon [_thread_blocked, id=11292, stack(0x0000009376100000,0x0000009376200000)]
  0x0000024f243a2fb0 JavaThread "Monitor Deflation Thread" daemon [_thread_blocked, id=9972, stack(0x0000009376200000,0x0000009376300000)]
=>0x0000024f243a3d60 JavaThread "C2 CompilerThread0" daemon [_thread_in_native, id=6428, stack(0x0000009376300000,0x0000009376400000)]
  0x0000024f243a8fe0 JavaThread "C1 CompilerThread0" daemon [_thread_in_native, id=4428, stack(0x0000009376400000,0x0000009376500000)]
  0x0000024f243be870 JavaThread "Sweeper thread" daemon [_thread_blocked, id=14128, stack(0x0000009376500000,0x0000009376600000)]
  0x0000024f243f9b50 JavaThread "Common-Cleaner" daemon [_thread_blocked, id=4128, stack(0x0000009376600000,0x0000009376700000)]
  0x0000024f246c4390 JavaThread "Notification Thread" daemon [_thread_blocked, id=12484, stack(0x0000009376700000,0x0000009376800000)]
  0x0000024f25ced2d0 JavaThread "Active Thread: Equinox Container: cb0ae94a-23b8-4b1f-858e-69e235d36003" [_thread_blocked, id=2516, stack(0x0000009376f00000,0x0000009377000000)]
  0x0000024f25ce73d0 JavaThread "Framework Event Dispatcher: Equinox Container: cb0ae94a-23b8-4b1f-858e-69e235d36003" daemon [_thread_blocked, id=4560, stack(0x0000009377000000,0x0000009377100000)]
  0x0000024f25b35e70 JavaThread "Start Level: Equinox Container: cb0ae94a-23b8-4b1f-858e-69e235d36003" daemon [_thread_blocked, id=12800, stack(0x0000009377100000,0x0000009377200000)]
  0x0000024f2613c0f0 JavaThread "Bundle File Closer" daemon [_thread_blocked, id=5936, stack(0x0000009377300000,0x0000009377400000)]
  0x0000024f26514980 JavaThread "SCR Component Actor" daemon [_thread_blocked, id=14476, stack(0x0000009377400000,0x0000009377500000)]
  0x0000024f265153a0 JavaThread "Worker-JM" [_thread_blocked, id=12500, stack(0x0000009377600000,0x0000009377700000)]
  0x0000024f26512100 JavaThread "JNA Cleaner" daemon [_thread_blocked, id=15248, stack(0x0000009377700000,0x0000009377800000)]
  0x0000024f26513030 JavaThread "Worker-0: Initialize workspace" [_thread_blocked, id=11092, stack(0x0000009377800000,0x0000009377900000)]
  0x0000024f26513540 JavaThread "Worker-1: Initialize Workspace" [_thread_blocked, id=12536, stack(0x0000009377900000,0x0000009377a00000)]
  0x0000024f26513a50 JavaThread "Java indexing" daemon [_thread_in_Java, id=6880, stack(0x0000009377a00000,0x0000009377b00000)]
  0x0000024f265158b0 JavaThread "Thread-2" daemon [_thread_in_native, id=11956, stack(0x0000009377d00000,0x0000009377e00000)]
  0x0000024f26512610 JavaThread "Thread-3" daemon [_thread_in_native, id=14180, stack(0x0000009377e00000,0x0000009377f00000)]
  0x0000024f2735e810 JavaThread "Thread-4" daemon [_thread_in_native, id=14904, stack(0x0000009377f00000,0x0000009378000000)]
  0x0000024f2735ed20 JavaThread "Thread-5" daemon [_thread_in_native, id=13296, stack(0x0000009378000000,0x0000009378100000)]
  0x0000024f2735bf90 JavaThread "Thread-6" daemon [_thread_in_native, id=13688, stack(0x0000009378100000,0x0000009378200000)]
  0x0000024f27361090 JavaThread "Thread-7" daemon [_thread_in_native, id=15000, stack(0x0000009378200000,0x0000009378300000)]
  0x0000024f27361fc0 JavaThread "Thread-8" daemon [_thread_in_native, id=13488, stack(0x0000009378300000,0x0000009378400000)]
  0x0000024f273615a0 JavaThread "Thread-9" daemon [_thread_in_native, id=5728, stack(0x0000009378400000,0x0000009378500000)]
  0x0000024f2735d3d0 JavaThread "Thread-10" daemon [_thread_in_native, id=5680, stack(0x0000009378500000,0x0000009378600000)]
  0x0000024f2735d8e0 JavaThread "pool-2-thread-1" [_thread_blocked, id=6152, stack(0x0000009378600000,0x0000009378700000)]
  0x0000024f2735f230 JavaThread "WorkspaceEventsHandler" [_thread_blocked, id=9536, stack(0x0000009378700000,0x0000009378800000)]
  0x0000024f2735c4a0 JavaThread "pool-1-thread-1" [_thread_blocked, id=1500, stack(0x0000009378800000,0x0000009378900000)]
  0x0000024f27360670 JavaThread "Worker-2" [_thread_blocked, id=8444, stack(0x0000009378900000,0x0000009378a00000)]
  0x0000024f27360b80 JavaThread "ForkJoinPool.commonPool-worker-1" daemon [_thread_blocked, id=15196, stack(0x0000009378a00000,0x0000009378b00000)]
  0x0000024f273624d0 JavaThread "ForkJoinPool.commonPool-worker-2" daemon [_thread_in_vm, id=13816, stack(0x0000009378b00000,0x0000009378c00000)]
  0x0000024f2735f740 JavaThread "Worker-3: Building" [_thread_in_Java, id=5208, stack(0x0000009378c00000,0x0000009378d00000)]
  0x0000024f27361ab0 JavaThread "Worker-4" [_thread_blocked, id=7040, stack(0x0000009378d00000,0x0000009378e00000)]
  0x0000024f2735b060 JavaThread "Worker-5" [_thread_blocked, id=2320, stack(0x0000009378e00000,0x0000009378f00000)]
  0x0000024f273629e0 JavaThread "Worker-6" [_thread_blocked, id=10756, stack(0x0000009378f00000,0x0000009379000000)]
  0x0000024f2735ba80 JavaThread "Worker-7" [_thread_blocked, id=13760, stack(0x0000009379000000,0x0000009379100000)]
  0x0000024f2735c9b0 JavaThread "ForkJoinPool.commonPool-worker-3" daemon [_thread_blocked, id=10668, stack(0x0000009379100000,0x0000009379200000)]
  0x0000024f29134eb0 JavaThread "ForkJoinPool.commonPool-worker-4" daemon [_thread_blocked, id=9052, stack(0x0000009379700000,0x0000009379800000)]
  0x0000024f2912f390 JavaThread "ForkJoinPool.commonPool-worker-5" daemon [_thread_blocked, id=13400, stack(0x0000009379900000,0x0000009379a00000)]
  0x0000024f29136d10 JavaThread "ForkJoinPool.commonPool-worker-6" daemon [_thread_blocked, id=10388, stack(0x0000009379a00000,0x0000009379b00000)]
  0x0000024f29133a70 JavaThread "Worker-8" [_thread_blocked, id=4636, stack(0x000000937a500000,0x000000937a600000)]
  0x0000024f291307d0 JavaThread "ForkJoinPool.commonPool-worker-7" daemon [_thread_blocked, id=11084, stack(0x0000009379200000,0x0000009379300000)]

Other Threads:
  0x0000024f0b481d80 VMThread "VM Thread" [stack: 0x0000009375c00000,0x0000009375d00000] [id=12448]
  0x0000024f246bf3e0 WatcherThread [stack: 0x0000009376800000,0x0000009376900000] [id=668]
  0x0000024f0b411b40 GCTaskThread "GC Thread#0" [stack: 0x0000009375b00000,0x0000009375c00000] [id=8680]
  0x0000024f257fa020 GCTaskThread "GC Thread#1" [stack: 0x0000009376900000,0x0000009376a00000] [id=988]
  0x0000024f257fa6f0 GCTaskThread "GC Thread#2" [stack: 0x0000009376a00000,0x0000009376b00000] [id=6488]
  0x0000024f25f319b0 GCTaskThread "GC Thread#3" [stack: 0x0000009376b00000,0x0000009376c00000] [id=1492]
  0x0000024f257fdaa0 GCTaskThread "GC Thread#4" [stack: 0x0000009376c00000,0x0000009376d00000] [id=14008]
  0x0000024f257fdd60 GCTaskThread "GC Thread#5" [stack: 0x0000009376d00000,0x0000009376e00000] [id=6664]
  0x0000024f257fe020 GCTaskThread "GC Thread#6" [stack: 0x0000009376e00000,0x0000009376f00000] [id=11120]
  0x0000024f25d2ecb0 GCTaskThread "GC Thread#7" [stack: 0x0000009377200000,0x0000009377300000] [id=9552]

Threads with active compile tasks:
C2 CompilerThread0    12536 13162   !   4       org.eclipse.jdt.internal.core.search.indexing.BinaryIndexer::indexDocument (1157 bytes)

VM state: not at safepoint (normal execution)

VM Mutex/Monitor currently owned by a thread: None

Heap address: 0x00000000c0000000, size: 1024 MB, Compressed Oops mode: 32-bit

CDS archive(s) not mapped
Compressed class space mapped at: 0x0000000100000000-0x0000000140000000, reserved size: 1073741824
Narrow klass base: 0x0000000000000000, Narrow klass shift: 3, Narrow klass range: 0x140000000

GC Precious Log:
 CPUs: 8 total, 8 available
 Memory: 7969M
 Large Page Support: Disabled
 NUMA Support: Disabled
 Compressed Oops: Enabled (32-bit)
 Alignments: Space 512K, Generation 512K, Heap 2M
 Heap Min Capacity: 100M
 Heap Initial Capacity: 100M
 Heap Max Capacity: 1G
 Pre-touch: Disabled
 Parallel Workers: 8

Heap:
 PSYoungGen      total 108032K, used 79058K [0x00000000eab00000, 0x00000000f3500000, 0x0000000100000000)
  eden space 85504K, 85% used [0x00000000eab00000,0x00000000ef2869c0,0x00000000efe80000)
  from space 22528K, 25% used [0x00000000efe80000,0x00000000f042df80,0x00000000f1480000)
  to   space 25088K, 0% used [0x00000000f1c80000,0x00000000f1c80000,0x00000000f3500000)
 ParOldGen       total 303616K, used 303610K [0x00000000c0000000, 0x00000000d2880000, 0x00000000eab00000)
  object space 303616K, 99% used [0x00000000c0000000,0x00000000d287e998,0x00000000d2880000)
 Metaspace       used 70668K, committed 72000K, reserved 1114112K
  class space    used 7380K, committed 8000K, reserved 1048576K

Card table byte_map: [0x0000024f0ad80000,0x0000024f0af90000] _byte_map_base: 0x0000024f0a780000

Marking Bits: (ParMarkBitMap*) 0x00007fff3ef0d820
 Begin Bits: [0x0000024f1d080000, 0x0000024f1e080000)
 End Bits:   [0x0000024f1e080000, 0x0000024f1f080000)

Polling page: 0x0000024f09380000

Metaspace:

Usage:
  Non-class:     61.80 MB used.
      Class:      7.21 MB used.
       Both:     69.01 MB used.

Virtual space:
  Non-class space:       64.00 MB reserved,      62.50 MB ( 98%) committed,  1 nodes.
      Class space:        1.00 GB reserved,       7.81 MB ( <1%) committed,  1 nodes.
             Both:        1.06 GB reserved,      70.31 MB (  6%) committed. 

Chunk freelists:
   Non-Class:  1.31 MB
       Class:  8.01 MB
        Both:  9.32 MB

MaxMetaspaceSize: unlimited
CompressedClassSpaceSize: 1.00 GB
Initial GC threshold: 21.00 MB
Current GC threshold: 117.12 MB
CDS: off
MetaspaceReclaimPolicy: balanced
 - commit_granule_bytes: 65536.
 - commit_granule_words: 8192.
 - virtual_space_node_default_size: 8388608.
 - enlarge_chunks_in_place: 1.
 - new_chunks_are_fully_committed: 0.
 - uncommit_free_chunks: 1.
 - use_allocation_guard: 0.
 - handle_deallocations: 1.


Internal statistics:

num_allocs_failed_limit: 9.
num_arena_births: 1014.
num_arena_deaths: 42.
num_vsnodes_births: 2.
num_vsnodes_deaths: 0.
num_space_committed: 1125.
num_space_uncommitted: 0.
num_chunks_returned_to_freelist: 64.
num_chunks_taken_from_freelist: 4025.
num_chunk_merges: 19.
num_chunk_splits: 2450.
num_chunks_enlarged: 1379.
num_inconsistent_stats: 0.

CodeHeap 'non-profiled nmethods': size=120000Kb used=4540Kb max_used=4540Kb free=115459Kb
 bounds [0x0000024f15b50000, 0x0000024f15fc0000, 0x0000024f1d080000]
CodeHeap 'profiled nmethods': size=120000Kb used=24742Kb max_used=24742Kb free=95257Kb
 bounds [0x0000024f0e080000, 0x0000024f0f8b0000, 0x0000024f155b0000]
CodeHeap 'non-nmethods': size=5760Kb used=1377Kb max_used=1434Kb free=4382Kb
 bounds [0x0000024f155b0000, 0x0000024f15820000, 0x0000024f15b50000]
 total_blobs=11807 nmethods=11082 adapters=637
 compilation: enabled
              stopped_count=0, restarted_count=0
 full_count=0

Compilation events (20 events):
Event: 12.510 Thread 0x0000024f243a8fe0 nmethod 13184 0x0000024f0f897710 code [0x0000024f0f897900, 0x0000024f0f897c88]
Event: 12.510 Thread 0x0000024f243a8fe0 13185       2       org.eclipse.sisu.plexus.ProvidedPropertyBinding::injectProperty (20 bytes)
Event: 12.510 Thread 0x0000024f243a8fe0 nmethod 13185 0x0000024f0f897e90 code [0x0000024f0f898040, 0x0000024f0f8981b8]
Event: 12.512 Thread 0x0000024f243a8fe0 13186       3       org.eclipse.sisu.inject.Implementations::getAnnotation (102 bytes)
Event: 12.512 Thread 0x0000024f243a8fe0 nmethod 13186 0x0000024f0f898290 code [0x0000024f0f8984e0, 0x0000024f0f898ff8]
Event: 12.512 Thread 0x0000024f243a8fe0 13187       2       org.eclipse.sisu.wire.BeanProviders$1::get (5 bytes)
Event: 12.513 Thread 0x0000024f243a8fe0 nmethod 13187 0x0000024f0f899310 code [0x0000024f0f8994c0, 0x0000024f0f899698]
Event: 12.513 Thread 0x0000024f243a8fe0 13188       2       org.eclipse.sisu.wire.BeanProviders$1::get (25 bytes)
Event: 12.513 Thread 0x0000024f243a8fe0 nmethod 13188 0x0000024f0f899810 code [0x0000024f0f8999c0, 0x0000024f0f899b98]
Event: 12.513 Thread 0x0000024f243a8fe0 13189       2       com.google.inject.spi.ProviderLookup$1::get (29 bytes)
Event: 12.513 Thread 0x0000024f243a8fe0 nmethod 13189 0x0000024f0f899d10 code [0x0000024f0f899ec0, 0x0000024f0f89a0b8]
Event: 12.514 Thread 0x0000024f243a8fe0 13190       2       org.eclipse.sisu.plexus.RequirementImpl::role (10 bytes)
Event: 12.514 Thread 0x0000024f243a8fe0 nmethod 13190 0x0000024f0f89a210 code [0x0000024f0f89a3a0, 0x0000024f0f89a4c8]
Event: 12.514 Thread 0x0000024f243a8fe0 13191       2       org.eclipse.sisu.plexus.RequirementImpl::hints (11 bytes)
Event: 12.514 Thread 0x0000024f243a8fe0 nmethod 13191 0x0000024f0f89a590 code [0x0000024f0f89a740, 0x0000024f0f89a8a8]
Event: 12.514 Thread 0x0000024f243a8fe0 13192       2       com.google.common.collect.MapMakerInternalMap$Segment::getEntry (80 bytes)
Event: 12.515 Thread 0x0000024f243a8fe0 nmethod 13192 0x0000024f0f89a990 code [0x0000024f0f89aba0, 0x0000024f0f89b078]
Event: 12.515 Thread 0x0000024f243a8fe0 13198       2       org.eclipse.m2e.core.internal.embedder.EclipseLogger::isDebugEnabled (10 bytes)
Event: 12.515 Thread 0x0000024f243a8fe0 nmethod 13198 0x0000024f0f89b490 code [0x0000024f0f89b640, 0x0000024f0f89b838]
Event: 12.515 Thread 0x0000024f243a8fe0 13199       2       org.eclipse.m2e.core.internal.preferences.MavenConfigurationImpl::isDebugOutput (7 bytes)

GC Heap History (20 events):
Event: 10.912 GC heap before
{Heap before GC invocations=142 (full 10):
 PSYoungGen      total 91136K, used 90784K [0x00000000eab00000, 0x00000000f1600000, 0x0000000100000000)
  eden space 83968K, 100% used [0x00000000eab00000,0x00000000efd00000,0x00000000efd00000)
  from space 7168K, 95% used [0x00000000f0f00000,0x00000000f15a80f0,0x00000000f1600000)
  to   space 10752K, 0% used [0x00000000f0100000,0x00000000f0100000,0x00000000f0b80000)
 ParOldGen       total 303616K, used 216900K [0x00000000c0000000, 0x00000000d2880000, 0x00000000eab00000)
  object space 303616K, 71% used [0x00000000c0000000,0x00000000cd3d1100,0x00000000d2880000)
 Metaspace       used 70373K, committed 71808K, reserved 1114112K
  class space    used 7358K, committed 8000K, reserved 1048576K
}
Event: 10.918 GC heap after
{Heap after GC invocations=142 (full 10):
 PSYoungGen      total 98304K, used 10742K [0x00000000eab00000, 0x00000000f2880000, 0x0000000100000000)
  eden space 87552K, 0% used [0x00000000eab00000,0x00000000eab00000,0x00000000f0080000)
  from space 10752K, 99% used [0x00000000f0100000,0x00000000f0b7d970,0x00000000f0b80000)
  to   space 20480K, 0% used [0x00000000f1480000,0x00000000f1480000,0x00000000f2880000)
 ParOldGen       total 303616K, used 224373K [0x00000000c0000000, 0x00000000d2880000, 0x00000000eab00000)
  object space 303616K, 73% used [0x00000000c0000000,0x00000000cdb1d400,0x00000000d2880000)
 Metaspace       used 70373K, committed 71808K, reserved 1114112K
  class space    used 7358K, committed 8000K, reserved 1048576K
}
Event: 11.036 GC heap before
{Heap before GC invocations=143 (full 10):
 PSYoungGen      total 98304K, used 98294K [0x00000000eab00000, 0x00000000f2880000, 0x0000000100000000)
  eden space 87552K, 100% used [0x00000000eab00000,0x00000000f0080000,0x00000000f0080000)
  from space 10752K, 99% used [0x00000000f0100000,0x00000000f0b7d970,0x00000000f0b80000)
  to   space 20480K, 0% used [0x00000000f1480000,0x00000000f1480000,0x00000000f2880000)
 ParOldGen       total 303616K, used 224373K [0x00000000c0000000, 0x00000000d2880000, 0x00000000eab00000)
  object space 303616K, 73% used [0x00000000c0000000,0x00000000cdb1d400,0x00000000d2880000)
 Metaspace       used 70383K, committed 71808K, reserved 1114112K
  class space    used 7358K, committed 8000K, reserved 1048576K
}
Event: 11.045 GC heap after
{Heap after GC invocations=143 (full 10):
 PSYoungGen      total 105472K, used 20477K [0x00000000eab00000, 0x00000000f3200000, 0x0000000100000000)
  eden space 84992K, 0% used [0x00000000eab00000,0x00000000eab00000,0x00000000efe00000)
  from space 20480K, 99% used [0x00000000f1480000,0x00000000f287f5e0,0x00000000f2880000)
  to   space 23040K, 0% used [0x00000000efe00000,0x00000000efe00000,0x00000000f1480000)
 ParOldGen       total 303616K, used 225625K [0x00000000c0000000, 0x00000000d2880000, 0x00000000eab00000)
  object space 303616K, 74% used [0x00000000c0000000,0x00000000cdc564d8,0x00000000d2880000)
 Metaspace       used 70383K, committed 71808K, reserved 1114112K
  class space    used 7358K, committed 8000K, reserved 1048576K
}
Event: 11.207 GC heap before
{Heap before GC invocations=144 (full 10):
 PSYoungGen      total 105472K, used 105469K [0x00000000eab00000, 0x00000000f3200000, 0x0000000100000000)
  eden space 84992K, 100% used [0x00000000eab00000,0x00000000efe00000,0x00000000efe00000)
  from space 20480K, 99% used [0x00000000f1480000,0x00000000f287f5e0,0x00000000f2880000)
  to   space 23040K, 0% used [0x00000000efe00000,0x00000000efe00000,0x00000000f1480000)
 ParOldGen       total 303616K, used 225626K [0x00000000c0000000, 0x00000000d2880000, 0x00000000eab00000)
  object space 303616K, 74% used [0x00000000c0000000,0x00000000cdc56838,0x00000000d2880000)
 Metaspace       used 70397K, committed 71808K, reserved 1114112K
  class space    used 7359K, committed 8000K, reserved 1048576K
}
Event: 11.216 GC heap after
{Heap after GC invocations=144 (full 10):
 PSYoungGen      total 108032K, used 23033K [0x00000000eab00000, 0x00000000f4c00000, 0x0000000100000000)
  eden space 84992K, 0% used [0x00000000eab00000,0x00000000eab00000,0x00000000efe00000)
  from space 23040K, 99% used [0x00000000efe00000,0x00000000f147e448,0x00000000f1480000)
  to   space 36352K, 0% used [0x00000000f2880000,0x00000000f2880000,0x00000000f4c00000)
 ParOldGen       total 303616K, used 236222K [0x00000000c0000000, 0x00000000d2880000, 0x00000000eab00000)
  object space 303616K, 77% used [0x00000000c0000000,0x00000000ce6af9b0,0x00000000d2880000)
 Metaspace       used 70397K, committed 71808K, reserved 1114112K
  class space    used 7359K, committed 8000K, reserved 1048576K
}
Event: 11.350 GC heap before
{Heap before GC invocations=145 (full 10):
 PSYoungGen      total 108032K, used 108025K [0x00000000eab00000, 0x00000000f4c00000, 0x0000000100000000)
  eden space 84992K, 100% used [0x00000000eab00000,0x00000000efe00000,0x00000000efe00000)
  from space 23040K, 99% used [0x00000000efe00000,0x00000000f147e448,0x00000000f1480000)
  to   space 36352K, 0% used [0x00000000f2880000,0x00000000f2880000,0x00000000f4c00000)
 ParOldGen       total 303616K, used 236226K [0x00000000c0000000, 0x00000000d2880000, 0x00000000eab00000)
  object space 303616K, 77% used [0x00000000c0000000,0x00000000ce6b0a10,0x00000000d2880000)
 Metaspace       used 70401K, committed 71808K, reserved 1114112K
  class space    used 7359K, committed 8000K, reserved 1048576K
}
Event: 11.401 GC heap after
{Heap after GC invocations=145 (full 10):
 PSYoungGen      total 103424K, used 11448K [0x00000000eab00000, 0x00000000f3400000, 0x0000000100000000)
  eden space 91648K, 0% used [0x00000000eab00000,0x00000000eab00000,0x00000000f0480000)
  from space 11776K, 97% used [0x00000000f2880000,0x00000000f33ae190,0x00000000f3400000)
  to   space 19968K, 0% used [0x00000000f0d00000,0x00000000f0d00000,0x00000000f2080000)
 ParOldGen       total 303616K, used 257414K [0x00000000c0000000, 0x00000000d2880000, 0x00000000eab00000)
  object space 303616K, 84% used [0x00000000c0000000,0x00000000cfb61ad0,0x00000000d2880000)
 Metaspace       used 70401K, committed 71808K, reserved 1114112K
  class space    used 7359K, committed 8000K, reserved 1048576K
}
Event: 11.525 GC heap before
{Heap before GC invocations=146 (full 10):
 PSYoungGen      total 103424K, used 103096K [0x00000000eab00000, 0x00000000f3400000, 0x0000000100000000)
  eden space 91648K, 100% used [0x00000000eab00000,0x00000000f0480000,0x00000000f0480000)
  from space 11776K, 97% used [0x00000000f2880000,0x00000000f33ae190,0x00000000f3400000)
  to   space 19968K, 0% used [0x00000000f0d00000,0x00000000f0d00000,0x00000000f2080000)
 ParOldGen       total 303616K, used 257414K [0x00000000c0000000, 0x00000000d2880000, 0x00000000eab00000)
  object space 303616K, 84% used [0x00000000c0000000,0x00000000cfb61ad0,0x00000000d2880000)
 Metaspace       used 70435K, committed 71872K, reserved 1114112K
  class space    used 7359K, committed 8000K, reserved 1048576K
}
Event: 11.530 GC heap after
{Heap after GC invocations=146 (full 10):
 PSYoungGen      total 118272K, used 19914K [0x00000000eab00000, 0x00000000f3600000, 0x0000000100000000)
  eden space 98304K, 0% used [0x00000000eab00000,0x00000000eab00000,0x00000000f0b00000)
  from space 19968K, 99% used [0x00000000f0d00000,0x00000000f2072af8,0x00000000f2080000)
  to   space 22016K, 0% used [0x00000000f2080000,0x00000000f2080000,0x00000000f3600000)
 ParOldGen       total 303616K, used 257414K [0x00000000c0000000, 0x00000000d2880000, 0x00000000eab00000)
  object space 303616K, 84% used [0x00000000c0000000,0x00000000cfb61ad0,0x00000000d2880000)
 Metaspace       used 70435K, committed 71872K, reserved 1114112K
  class space    used 7359K, committed 8000K, reserved 1048576K
}
Event: 11.689 GC heap before
{Heap before GC invocations=147 (full 10):
 PSYoungGen      total 118272K, used 118218K [0x00000000eab00000, 0x00000000f3600000, 0x0000000100000000)
  eden space 98304K, 100% used [0x00000000eab00000,0x00000000f0b00000,0x00000000f0b00000)
  from space 19968K, 99% used [0x00000000f0d00000,0x00000000f2072af8,0x00000000f2080000)
  to   space 22016K, 0% used [0x00000000f2080000,0x00000000f2080000,0x00000000f3600000)
 ParOldGen       total 303616K, used 257414K [0x00000000c0000000, 0x00000000d2880000, 0x00000000eab00000)
  object space 303616K, 84% used [0x00000000c0000000,0x00000000cfb61ad0,0x00000000d2880000)
 Metaspace       used 70450K, committed 71872K, reserved 1114112K
  class space    used 7359K, committed 8000K, reserved 1048576K
}
Event: 11.696 GC heap after
{Heap after GC invocations=147 (full 10):
 PSYoungGen      total 111104K, used 21990K [0x00000000eab00000, 0x00000000f4e00000, 0x0000000100000000)
  eden space 89088K, 0% used [0x00000000eab00000,0x00000000eab00000,0x00000000f0200000)
  from space 22016K, 99% used [0x00000000f2080000,0x00000000f35f9bd0,0x00000000f3600000)
  to   space 31232K, 0% used [0x00000000f0200000,0x00000000f0200000,0x00000000f2080000)
 ParOldGen       total 303616K, used 264454K [0x00000000c0000000, 0x00000000d2880000, 0x00000000eab00000)
  object space 303616K, 87% used [0x00000000c0000000,0x00000000d0241aa0,0x00000000d2880000)
 Metaspace       used 70450K, committed 71872K, reserved 1114112K
  class space    used 7359K, committed 8000K, reserved 1048576K
}
Event: 11.840 GC heap before
{Heap before GC invocations=148 (full 10):
 PSYoungGen      total 111104K, used 111078K [0x00000000eab00000, 0x00000000f4e00000, 0x0000000100000000)
  eden space 89088K, 100% used [0x00000000eab00000,0x00000000f0200000,0x00000000f0200000)
  from space 22016K, 99% used [0x00000000f2080000,0x00000000f35f9bd0,0x00000000f3600000)
  to   space 31232K, 0% used [0x00000000f0200000,0x00000000f0200000,0x00000000f2080000)
 ParOldGen       total 303616K, used 264454K [0x00000000c0000000, 0x00000000d2880000, 0x00000000eab00000)
  object space 303616K, 87% used [0x00000000c0000000,0x00000000d0241aa0,0x00000000d2880000)
 Metaspace       used 70463K, committed 71872K, reserved 1114112K
  class space    used 7359K, committed 8000K, reserved 1048576K
}
Event: 11.851 GC heap after
{Heap after GC invocations=148 (full 10):
 PSYoungGen      total 107008K, used 17627K [0x00000000eab00000, 0x00000000f3280000, 0x0000000100000000)
  eden space 89088K, 0% used [0x00000000eab00000,0x00000000eab00000,0x00000000f0200000)
  from space 17920K, 98% used [0x00000000f0200000,0x00000000f1336f68,0x00000000f1380000)
  to   space 22016K, 0% used [0x00000000f1d00000,0x00000000f1d00000,0x00000000f3280000)
 ParOldGen       total 303616K, used 279660K [0x00000000c0000000, 0x00000000d2880000, 0x00000000eab00000)
  object space 303616K, 92% used [0x00000000c0000000,0x00000000d111b1f0,0x00000000d2880000)
 Metaspace       used 70463K, committed 71872K, reserved 1114112K
  class space    used 7359K, committed 8000K, reserved 1048576K
}
Event: 11.998 GC heap before
{Heap before GC invocations=149 (full 10):
 PSYoungGen      total 107008K, used 106715K [0x00000000eab00000, 0x00000000f3280000, 0x0000000100000000)
  eden space 89088K, 100% used [0x00000000eab00000,0x00000000f0200000,0x00000000f0200000)
  from space 17920K, 98% used [0x00000000f0200000,0x00000000f1336f68,0x00000000f1380000)
  to   space 22016K, 0% used [0x00000000f1d00000,0x00000000f1d00000,0x00000000f3280000)
 ParOldGen       total 303616K, used 279660K [0x00000000c0000000, 0x00000000d2880000, 0x00000000eab00000)
  object space 303616K, 92% used [0x00000000c0000000,0x00000000d111b1f0,0x00000000d2880000)
 Metaspace       used 70477K, committed 71872K, reserved 1114112K
  class space    used 7359K, committed 8000K, reserved 1048576K
}
Event: 12.007 GC heap after
{Heap after GC invocations=149 (full 10):
 PSYoungGen      total 107520K, used 22000K [0x00000000eab00000, 0x00000000f4400000, 0x0000000100000000)
  eden space 85504K, 0% used [0x00000000eab00000,0x00000000eab00000,0x00000000efe80000)
  from space 22016K, 99% used [0x00000000f1d00000,0x00000000f327c110,0x00000000f3280000)
  to   space 31232K, 0% used [0x00000000efe80000,0x00000000efe80000,0x00000000f1d00000)
 ParOldGen       total 303616K, used 286433K [0x00000000c0000000, 0x00000000d2880000, 0x00000000eab00000)
  object space 303616K, 94% used [0x00000000c0000000,0x00000000d17b8510,0x00000000d2880000)
 Metaspace       used 70477K, committed 71872K, reserved 1114112K
  class space    used 7359K, committed 8000K, reserved 1048576K
}
Event: 12.194 GC heap before
{Heap before GC invocations=150 (full 10):
 PSYoungGen      total 107520K, used 107504K [0x00000000eab00000, 0x00000000f4400000, 0x0000000100000000)
  eden space 85504K, 100% used [0x00000000eab00000,0x00000000efe80000,0x00000000efe80000)
  from space 22016K, 99% used [0x00000000f1d00000,0x00000000f327c110,0x00000000f3280000)
  to   space 31232K, 0% used [0x00000000efe80000,0x00000000efe80000,0x00000000f1d00000)
 ParOldGen       total 303616K, used 286433K [0x00000000c0000000, 0x00000000d2880000, 0x00000000eab00000)
  object space 303616K, 94% used [0x00000000c0000000,0x00000000d17b8510,0x00000000d2880000)
 Metaspace       used 70537K, committed 71936K, reserved 1114112K
  class space    used 7367K, committed 8000K, reserved 1048576K
}
Event: 12.206 GC heap after
{Heap after GC invocations=150 (full 10):
 PSYoungGen      total 108032K, used 22398K [0x00000000eab00000, 0x00000000f3480000, 0x0000000100000000)
  eden space 85504K, 0% used [0x00000000eab00000,0x00000000eab00000,0x00000000efe80000)
  from space 22528K, 99% used [0x00000000efe80000,0x00000000f145f8b8,0x00000000f1480000)
  to   space 25088K, 0% used [0x00000000f1c00000,0x00000000f1c00000,0x00000000f3480000)
 ParOldGen       total 303616K, used 299330K [0x00000000c0000000, 0x00000000d2880000, 0x00000000eab00000)
  object space 303616K, 98% used [0x00000000c0000000,0x00000000d2450a38,0x00000000d2880000)
 Metaspace       used 70537K, committed 71936K, reserved 1114112K
  class space    used 7367K, committed 8000K, reserved 1048576K
}
Event: 12.206 GC heap before
{Heap before GC invocations=151 (full 11):
 PSYoungGen      total 108032K, used 22398K [0x00000000eab00000, 0x00000000f3480000, 0x0000000100000000)
  eden space 85504K, 0% used [0x00000000eab00000,0x00000000eab00000,0x00000000efe80000)
  from space 22528K, 99% used [0x00000000efe80000,0x00000000f145f8b8,0x00000000f1480000)
  to   space 25088K, 0% used [0x00000000f1c00000,0x00000000f1c00000,0x00000000f3480000)
 ParOldGen       total 303616K, used 299330K [0x00000000c0000000, 0x00000000d2880000, 0x00000000eab00000)
  object space 303616K, 98% used [0x00000000c0000000,0x00000000d2450a38,0x00000000d2880000)
 Metaspace       used 70537K, committed 71936K, reserved 1114112K
  class space    used 7367K, committed 8000K, reserved 1048576K
}
Event: 12.393 GC heap after
{Heap after GC invocations=151 (full 11):
 PSYoungGen      total 108032K, used 5815K [0x00000000eab00000, 0x00000000f3500000, 0x0000000100000000)
  eden space 85504K, 0% used [0x00000000eab00000,0x00000000eab00000,0x00000000efe80000)
  from space 22528K, 25% used [0x00000000efe80000,0x00000000f042df80,0x00000000f1480000)
  to   space 25088K, 0% used [0x00000000f1c80000,0x00000000f1c80000,0x00000000f3500000)
 ParOldGen       total 303616K, used 303610K [0x00000000c0000000, 0x00000000d2880000, 0x00000000eab00000)
  object space 303616K, 99% used [0x00000000c0000000,0x00000000d287e998,0x00000000d2880000)
 Metaspace       used 70537K, committed 71936K, reserved 1114112K
  class space    used 7367K, committed 8000K, reserved 1048576K
}

Dll operation events (11 events):
Event: 0.005 Loaded shared library c:\Users\Admin\.vscode\extensions\redhat.java-1.33.0-win32-x64\jre\17.0.11-win32-x86_64\bin\java.dll
Event: 0.250 Loaded shared library c:\Users\Admin\.vscode\extensions\redhat.java-1.33.0-win32-x64\jre\17.0.11-win32-x86_64\bin\zip.dll
Event: 0.252 Loaded shared library C:\Users\Admin\.vscode\extensions\redhat.java-1.33.0-win32-x64\jre\17.0.11-win32-x86_64\bin\instrument.dll
Event: 0.272 Loaded shared library C:\Users\Admin\.vscode\extensions\redhat.java-1.33.0-win32-x64\jre\17.0.11-win32-x86_64\bin\net.dll
Event: 0.273 Loaded shared library C:\Users\Admin\.vscode\extensions\redhat.java-1.33.0-win32-x64\jre\17.0.11-win32-x86_64\bin\nio.dll
Event: 0.280 Loaded shared library C:\Users\Admin\.vscode\extensions\redhat.java-1.33.0-win32-x64\jre\17.0.11-win32-x86_64\bin\zip.dll
Event: 0.291 Loaded shared library C:\Users\Admin\.vscode\extensions\redhat.java-1.33.0-win32-x64\jre\17.0.11-win32-x86_64\bin\jimage.dll
Event: 0.342 Loaded shared library c:\Users\Admin\.vscode\extensions\redhat.java-1.33.0-win32-x64\jre\17.0.11-win32-x86_64\bin\verify.dll
Event: 1.288 Loaded shared library C:\Users\Admin\AppData\Roaming\Code\User\globalStorage\redhat.java\1.33.0\config_win\org.eclipse.equinox.launcher\org.eclipse.equinox.launcher.win32.win32.x86_64_1.2.1100.v20240722-2106\eclipse_11904.dll
Event: 2.527 Loaded shared library C:\Users\Admin\AppData\Local\Temp\jna-63116079\jna13009398422493516591.dll
Event: 7.707 Loaded shared library C:\Users\Admin\.vscode\extensions\redhat.java-1.33.0-win32-x64\jre\17.0.11-win32-x86_64\bin\sunmscapi.dll

Deoptimization events (20 events):
Event: 11.992 Thread 0x0000024f26513030 Uncommon trap: trap_request=0xffffffd6 fr.pc=0x0000024f15ef6ed8 relative=0x0000000000000398
Event: 11.992 Thread 0x0000024f26513030 Uncommon trap: reason=array_check action=maybe_recompile pc=0x0000024f15ef6ed8 method=java.util.TimSort.binarySort([Ljava/lang/Object;IIILjava/util/Comparator;)V @ 215 c2
Event: 11.992 Thread 0x0000024f26513030 DEOPT PACKING pc=0x0000024f15ef6ed8 sp=0x00000093778fe2b0
Event: 11.992 Thread 0x0000024f26513030 DEOPT UNPACKING pc=0x0000024f156066a3 sp=0x00000093778fe248 mode 2
Event: 11.992 Thread 0x0000024f26513030 Uncommon trap: trap_request=0xffffffd6 fr.pc=0x0000024f15ef6ed8 relative=0x0000000000000398
Event: 11.992 Thread 0x0000024f26513030 Uncommon trap: reason=array_check action=maybe_recompile pc=0x0000024f15ef6ed8 method=java.util.TimSort.binarySort([Ljava/lang/Object;IIILjava/util/Comparator;)V @ 215 c2
Event: 11.992 Thread 0x0000024f26513030 DEOPT PACKING pc=0x0000024f15ef6ed8 sp=0x00000093778fe150
Event: 11.992 Thread 0x0000024f26513030 DEOPT UNPACKING pc=0x0000024f156066a3 sp=0x00000093778fe0e8 mode 2
Event: 11.992 Thread 0x0000024f26513030 Uncommon trap: trap_request=0xffffffd6 fr.pc=0x0000024f15ef6ed8 relative=0x0000000000000398
Event: 11.992 Thread 0x0000024f26513030 Uncommon trap: reason=array_check action=maybe_recompile pc=0x0000024f15ef6ed8 method=java.util.TimSort.binarySort([Ljava/lang/Object;IIILjava/util/Comparator;)V @ 215 c2
Event: 11.992 Thread 0x0000024f26513030 DEOPT PACKING pc=0x0000024f15ef6ed8 sp=0x00000093778fe1c0
Event: 11.992 Thread 0x0000024f26513030 DEOPT UNPACKING pc=0x0000024f156066a3 sp=0x00000093778fe158 mode 2
Event: 12.157 Thread 0x0000024f2735ba80 DEOPT PACKING pc=0x0000024f0e8c1443 sp=0x00000093790fec00
Event: 12.157 Thread 0x0000024f2735ba80 DEOPT UNPACKING pc=0x0000024f15606e43 sp=0x00000093790fe098 mode 0
Event: 12.412 Thread 0x0000024f26513a50 Uncommon trap: trap_request=0xfffffff4 fr.pc=0x0000024f15faf784 relative=0x0000000000007344
Event: 12.412 Thread 0x0000024f26513a50 Uncommon trap: reason=null_check action=make_not_entrant pc=0x0000024f15faf784 method=org.eclipse.jdt.internal.core.search.indexing.BinaryIndexer.indexDocument()V @ 568 c2
Event: 12.412 Thread 0x0000024f26513a50 DEOPT PACKING pc=0x0000024f15faf784 sp=0x0000009377afec90
Event: 12.412 Thread 0x0000024f26513a50 DEOPT UNPACKING pc=0x0000024f156066a3 sp=0x0000009377afebf0 mode 2
Event: 12.480 Thread 0x0000024f26513a50 DEOPT PACKING pc=0x0000024f0ed92446 sp=0x0000009377afebd0
Event: 12.480 Thread 0x0000024f26513a50 DEOPT UNPACKING pc=0x0000024f15606e43 sp=0x0000009377afe068 mode 0

Classes unloaded (20 events):
Event: 2.258 Thread 0x0000024f0b481d80 Unloading class 0x0000000100248000 'java/lang/invoke/LambdaForm$MH+0x0000000100248000'
Event: 2.258 Thread 0x0000024f0b481d80 Unloading class 0x0000000100243c00 'java/lang/invoke/LambdaForm$MH+0x0000000100243c00'
Event: 2.258 Thread 0x0000024f0b481d80 Unloading class 0x0000000100243800 'java/lang/invoke/LambdaForm$MH+0x0000000100243800'
Event: 2.258 Thread 0x0000024f0b481d80 Unloading class 0x0000000100243400 'java/lang/invoke/LambdaForm$BMH+0x0000000100243400'
Event: 2.258 Thread 0x0000024f0b481d80 Unloading class 0x0000000100243000 'java/lang/invoke/LambdaForm$DMH+0x0000000100243000'
Event: 2.258 Thread 0x0000024f0b481d80 Unloading class 0x0000000100240400 'java/lang/invoke/LambdaForm$DMH+0x0000000100240400'
Event: 6.329 Thread 0x0000024f0b481d80 Unloading class 0x000000010063e800 'jdk/internal/reflect/GeneratedSerializationConstructorAccessor35'
Event: 6.329 Thread 0x0000024f0b481d80 Unloading class 0x000000010063ec00 'jdk/internal/reflect/GeneratedSerializationConstructorAccessor34'
Event: 6.329 Thread 0x0000024f0b481d80 Unloading class 0x000000010063e000 'jdk/internal/reflect/GeneratedSerializationConstructorAccessor30'
Event: 6.329 Thread 0x0000024f0b481d80 Unloading class 0x000000010063dc00 'jdk/internal/reflect/GeneratedSerializationConstructorAccessor31'
Event: 6.329 Thread 0x0000024f0b481d80 Unloading class 0x000000010063d400 'jdk/internal/reflect/GeneratedSerializationConstructorAccessor28'
Event: 6.329 Thread 0x0000024f0b481d80 Unloading class 0x000000010063cc00 'jdk/internal/reflect/GeneratedSerializationConstructorAccessor29'
Event: 6.329 Thread 0x0000024f0b481d80 Unloading class 0x000000010063c400 'jdk/internal/reflect/GeneratedSerializationConstructorAccessor26'
Event: 6.329 Thread 0x0000024f0b481d80 Unloading class 0x000000010063c800 'jdk/internal/reflect/GeneratedSerializationConstructorAccessor25'
Event: 7.576 Thread 0x0000024f0b481d80 Unloading class 0x0000000100725000 'java/lang/invoke/LambdaForm$MH+0x0000000100725000'
Event: 7.576 Thread 0x0000024f0b481d80 Unloading class 0x0000000100724400 'java/lang/invoke/LambdaForm$DMH+0x0000000100724400'
Event: 10.493 Thread 0x0000024f0b481d80 Unloading class 0x00000001007c4000 'java/lang/invoke/LambdaForm$DMH+0x00000001007c4000'
Event: 10.493 Thread 0x0000024f0b481d80 Unloading class 0x00000001007ac800 'java/lang/invoke/LambdaForm$DMH+0x00000001007ac800'
Event: 10.493 Thread 0x0000024f0b481d80 Unloading class 0x00000001007ac000 'java/lang/invoke/LambdaForm$DMH+0x00000001007ac000'
Event: 10.493 Thread 0x0000024f0b481d80 Unloading class 0x00000001007a4400 'java/lang/invoke/LambdaForm$DMH+0x00000001007a4400'

Classes redefined (0 events):
No events

Internal exceptions (20 events):
Event: 12.169 Thread 0x0000024f2735ba80 Exception <a 'sun/nio/fs/WindowsException'{0x00000000ef4345e8}> (0x00000000ef4345e8) 
thrown [s\src\hotspot\share\prims\jni.cpp, line 516]
Event: 12.172 Thread 0x0000024f2735ba80 Exception <a 'sun/nio/fs/WindowsException'{0x00000000ef573f10}> (0x00000000ef573f10) 
thrown [s\src\hotspot\share\prims\jni.cpp, line 516]
Event: 12.173 Thread 0x0000024f2735ba80 Exception <a 'sun/nio/fs/WindowsException'{0x00000000ef5748d0}> (0x00000000ef5748d0) 
thrown [s\src\hotspot\share\prims\jni.cpp, line 516]
Event: 12.175 Thread 0x0000024f2735ba80 Exception <a 'sun/nio/fs/WindowsException'{0x00000000ef5e5730}> (0x00000000ef5e5730) 
thrown [s\src\hotspot\share\prims\jni.cpp, line 516]
Event: 12.175 Thread 0x0000024f2735ba80 Exception <a 'sun/nio/fs/WindowsException'{0x00000000ef5e5e48}> (0x00000000ef5e5e48) 
thrown [s\src\hotspot\share\prims\jni.cpp, line 516]
Event: 12.178 Thread 0x0000024f2735ba80 Exception <a 'sun/nio/fs/WindowsException'{0x00000000ef724068}> (0x00000000ef724068) 
thrown [s\src\hotspot\share\prims\jni.cpp, line 516]
Event: 12.178 Thread 0x0000024f2735ba80 Exception <a 'sun/nio/fs/WindowsException'{0x00000000ef724a28}> (0x00000000ef724a28) 
thrown [s\src\hotspot\share\prims\jni.cpp, line 516]
Event: 12.180 Thread 0x0000024f2735ba80 Exception <a 'sun/nio/fs/WindowsException'{0x00000000ef881838}> (0x00000000ef881838) 
thrown [s\src\hotspot\share\prims\jni.cpp, line 516]
Event: 12.180 Thread 0x0000024f2735ba80 Exception <a 'sun/nio/fs/WindowsException'{0x00000000ef881f50}> (0x00000000ef881f50) 
thrown [s\src\hotspot\share\prims\jni.cpp, line 516]
Event: 12.183 Thread 0x0000024f2735ba80 Exception <a 'sun/nio/fs/WindowsException'{0x00000000ef9c00e0}> (0x00000000ef9c00e0) 
thrown [s\src\hotspot\share\prims\jni.cpp, line 516]
Event: 12.183 Thread 0x0000024f2735ba80 Exception <a 'sun/nio/fs/WindowsException'{0x00000000ef9c0aa0}> (0x00000000ef9c0aa0) 
thrown [s\src\hotspot\share\prims\jni.cpp, line 516]
Event: 12.191 Thread 0x0000024f26513030 Exception <a 'sun/nio/fs/WindowsException'{0x00000000ef083c28}> (0x00000000ef083c28) 
thrown [s\src\hotspot\share\prims\jni.cpp, line 516]
Event: 12.191 Thread 0x0000024f26513030 Exception <a 'sun/nio/fs/WindowsException'{0x00000000ef084340}> (0x00000000ef084340) 
thrown [s\src\hotspot\share\prims\jni.cpp, line 516]
Event: 12.191 Thread 0x0000024f26513030 Exception <a 'sun/nio/fs/WindowsException'{0x00000000ef085088}> (0x00000000ef085088) 
thrown [s\src\hotspot\share\prims\jni.cpp, line 516]
Event: 12.191 Thread 0x0000024f26513030 Exception <a 'sun/nio/fs/WindowsException'{0x00000000ef0857a0}> (0x00000000ef0857a0) 
thrown [s\src\hotspot\share\prims\jni.cpp, line 516]
Event: 12.191 Thread 0x0000024f26513030 Exception <a 'sun/nio/fs/WindowsException'{0x00000000ef086f70}> (0x00000000ef086f70) 
thrown [s\src\hotspot\share\prims\jni.cpp, line 516]
Event: 12.191 Thread 0x0000024f26513030 Exception <a 'sun/nio/fs/WindowsException'{0x00000000ef087688}> (0x00000000ef087688) 
thrown [s\src\hotspot\share\prims\jni.cpp, line 516]
Event: 12.193 Thread 0x0000024f26513030 Exception <a 'sun/nio/fs/WindowsException'{0x00000000ef0a7638}> (0x00000000ef0a7638) 
thrown [s\src\hotspot\share\prims\jni.cpp, line 516]
Event: 12.193 Thread 0x0000024f26513030 Exception <a 'sun/nio/fs/WindowsException'{0x00000000ef0a7ff8}> (0x00000000ef0a7ff8) 
thrown [s\src\hotspot\share\prims\jni.cpp, line 516]
Event: 12.412 Thread 0x0000024f26513a50 Implicit null exception at 0x0000024f15faab40 to 0x0000024f15faf768

VM Operations (20 events):
Event: 10.912 Executing VM operation: ParallelGCFailedAllocation
Event: 10.918 Executing VM operation: ParallelGCFailedAllocation done
Event: 11.036 Executing VM operation: ParallelGCFailedAllocation
Event: 11.045 Executing VM operation: ParallelGCFailedAllocation done
Event: 11.207 Executing VM operation: ParallelGCFailedAllocation
Event: 11.207 Executing VM operation: ParallelGCFailedAllocation done
Event: 11.207 Executing VM operation: ParallelGCSystemGC
Event: 11.216 Executing VM operation: ParallelGCSystemGC done
Event: 11.350 Executing VM operation: ParallelGCFailedAllocation
Event: 11.402 Executing VM operation: ParallelGCFailedAllocation done
Event: 11.525 Executing VM operation: ParallelGCFailedAllocation
Event: 11.530 Executing VM operation: ParallelGCFailedAllocation done
Event: 11.689 Executing VM operation: ParallelGCFailedAllocation
Event: 11.696 Executing VM operation: ParallelGCFailedAllocation done
Event: 11.840 Executing VM operation: ParallelGCFailedAllocation
Event: 11.851 Executing VM operation: ParallelGCFailedAllocation done
Event: 11.998 Executing VM operation: ParallelGCFailedAllocation
Event: 12.007 Executing VM operation: ParallelGCFailedAllocation done
Event: 12.193 Executing VM operation: ParallelGCFailedAllocation
Event: 12.393 Executing VM operation: ParallelGCFailedAllocation done

Events (20 events):
Event: 10.866 Thread 0x0000024f29133f80 Thread added: 0x0000024f29133f80
Event: 10.866 Thread 0x0000024f29131c10 Thread added: 0x0000024f29131c10
Event: 10.868 Thread 0x0000024f29135de0 Thread added: 0x0000024f29135de0
Event: 10.868 Thread 0x0000024f29133050 Thread added: 0x0000024f29133050
Event: 10.912 Thread 0x0000024f29133050 Thread exited: 0x0000024f29133050
Event: 10.912 Thread 0x0000024f291358d0 Thread exited: 0x0000024f291358d0
Event: 10.912 Thread 0x0000024f29135de0 Thread exited: 0x0000024f29135de0
Event: 10.912 Thread 0x0000024f29131c10 Thread exited: 0x0000024f29131c10
Event: 10.912 Thread 0x0000024f29133f80 Thread exited: 0x0000024f29133f80
Event: 10.940 Thread 0x0000024f2912f8a0 Thread added: 0x0000024f2912f8a0
Event: 10.940 Thread 0x0000024f29130ce0 Thread added: 0x0000024f29130ce0
Event: 10.940 Thread 0x0000024f29133050 Thread added: 0x0000024f29133050
Event: 10.941 Thread 0x0000024f291358d0 Thread added: 0x0000024f291358d0
Event: 10.941 Thread 0x0000024f29135de0 Thread added: 0x0000024f29135de0
Event: 10.979 Thread 0x0000024f291358d0 Thread exited: 0x0000024f291358d0
Event: 10.979 Thread 0x0000024f29130ce0 Thread exited: 0x0000024f29130ce0
Event: 10.979 Thread 0x0000024f29135de0 Thread exited: 0x0000024f29135de0
Event: 10.979 Thread 0x0000024f29133050 Thread exited: 0x0000024f29133050
Event: 10.979 Thread 0x0000024f2912f8a0 Thread exited: 0x0000024f2912f8a0
Event: 11.597 Thread 0x0000024f26512b20 Thread exited: 0x0000024f26512b20


Dynamic libraries:
0x00007ff7a9ba0000 - 0x00007ff7a9bae000 	c:\Users\Admin\.vscode\extensions\redhat.java-1.33.0-win32-x64\jre\17.0.11-win32-x86_64\bin\java.exe
0x00007fffacd30000 - 0x00007fffacf47000 	C:\Windows\SYSTEM32\ntdll.dll
0x00007fffab2a0000 - 0x00007fffab364000 	C:\Windows\System32\KERNEL32.DLL
0x00007fffaa0f0000 - 0x00007fffaa496000 	C:\Windows\System32\KERNELBASE.dll
0x00007fffaa570000 - 0x00007fffaa681000 	C:\Windows\System32\ucrtbase.dll
0x00007fff91f40000 - 0x00007fff91f5b000 	c:\Users\Admin\.vscode\extensions\redhat.java-1.33.0-win32-x64\jre\17.0.11-win32-x86_64\bin\VCRUNTIME140.dll
0x00007fff91ef0000 - 0x00007fff91f07000 	c:\Users\Admin\.vscode\extensions\redhat.java-1.33.0-win32-x64\jre\17.0.11-win32-x86_64\bin\jli.dll
0x00007fffac180000 - 0x00007fffac32e000 	C:\Windows\System32\USER32.dll
0x00007fff98b20000 - 0x00007fff98db3000 	C:\Windows\WinSxS\amd64_microsoft.windows.common-controls_6595b64144ccf1df_6.0.22621.2506_none_270c5ae97388e100\COMCTL32.dll
0x00007fffaa870000 - 0x00007fffaa896000 	C:\Windows\System32\win32u.dll
0x00007fffabe00000 - 0x00007fffabea7000 	C:\Windows\System32\msvcrt.dll
0x00007fffacc00000 - 0x00007fffacc29000 	C:\Windows\System32\GDI32.dll
0x00007fffaa8a0000 - 0x00007fffaa9b8000 	C:\Windows\System32\gdi32full.dll
0x00007fffaa4a0000 - 0x00007fffaa53a000 	C:\Windows\System32\msvcp_win.dll
0x00007fffacc30000 - 0x00007fffacc61000 	C:\Windows\System32\IMM32.DLL
0x00007fff9c660000 - 0x00007fff9c66c000 	c:\Users\Admin\.vscode\extensions\redhat.java-1.33.0-win32-x64\jre\17.0.11-win32-x86_64\bin\vcruntime140_1.dll
0x00007fff7b920000 - 0x00007fff7b9ad000 	c:\Users\Admin\.vscode\extensions\redhat.java-1.33.0-win32-x64\jre\17.0.11-win32-x86_64\bin\msvcp140.dll
0x00007fff3e370000 - 0x00007fff3efd2000 	c:\Users\Admin\.vscode\extensions\redhat.java-1.33.0-win32-x64\jre\17.0.11-win32-x86_64\bin\server\jvm.dll
0x00007fffab4e0000 - 0x00007fffab593000 	C:\Windows\System32\ADVAPI32.dll
0x00007fffabeb0000 - 0x00007fffabf58000 	C:\Windows\System32\sechost.dll
0x00007fffaa540000 - 0x00007fffaa568000 	C:\Windows\System32\bcrypt.dll
0x00007fffaaf20000 - 0x00007fffab037000 	C:\Windows\System32\RPCRT4.dll
0x00007fffa8ec0000 - 0x00007fffa8f0d000 	C:\Windows\SYSTEM32\POWRPROF.dll
0x00007fff9ccf0000 - 0x00007fff9ccf9000 	C:\Windows\SYSTEM32\WSOCK32.dll
0x00007fffab040000 - 0x00007fffab0b1000 	C:\Windows\System32\WS2_32.dll
0x00007fff99870000 - 0x00007fff9987a000 	C:\Windows\SYSTEM32\VERSION.dll
0x00007fff99760000 - 0x00007fff99794000 	C:\Windows\SYSTEM32\WINMM.dll
0x00007fffa8ea0000 - 0x00007fffa8eb3000 	C:\Windows\SYSTEM32\UMPDC.dll
0x00007fffa9160000 - 0x00007fffa9178000 	C:\Windows\SYSTEM32\kernel.appcore.dll
0x00007fff97370000 - 0x00007fff9737a000 	c:\Users\Admin\.vscode\extensions\redhat.java-1.33.0-win32-x64\jre\17.0.11-win32-x86_64\bin\jimage.dll
0x00007fffa78c0000 - 0x00007fffa7af3000 	C:\Windows\SYSTEM32\DBGHELP.DLL
0x00007fffaab90000 - 0x00007fffaaf19000 	C:\Windows\System32\combase.dll
0x00007fffab370000 - 0x00007fffab447000 	C:\Windows\System32\OLEAUT32.dll
0x00007fff8d650000 - 0x00007fff8d682000 	C:\Windows\SYSTEM32\dbgcore.DLL
0x00007fffaa070000 - 0x00007fffaa0ea000 	C:\Windows\System32\bcryptPrimitives.dll
0x00007fff96df0000 - 0x00007fff96dfe000 	c:\Users\Admin\.vscode\extensions\redhat.java-1.33.0-win32-x64\jre\17.0.11-win32-x86_64\bin\instrument.dll
0x00007fff91790000 - 0x00007fff917b5000 	c:\Users\Admin\.vscode\extensions\redhat.java-1.33.0-win32-x64\jre\17.0.11-win32-x86_64\bin\java.dll
0x00007fff91750000 - 0x00007fff91768000 	c:\Users\Admin\.vscode\extensions\redhat.java-1.33.0-win32-x64\jre\17.0.11-win32-x86_64\bin\zip.dll
0x00007fffab5a0000 - 0x00007fffabdfb000 	C:\Windows\System32\SHELL32.dll
0x00007fffa7f80000 - 0x00007fffa8876000 	C:\Windows\SYSTEM32\windows.storage.dll
0x00007fffa7e40000 - 0x00007fffa7f7e000 	C:\Windows\SYSTEM32\wintypes.dll
0x00007fffacb00000 - 0x00007fffacbf3000 	C:\Windows\System32\SHCORE.dll
0x00007fffab240000 - 0x00007fffab29e000 	C:\Windows\System32\shlwapi.dll
0x00007fffa9fa0000 - 0x00007fffa9fc6000 	C:\Windows\SYSTEM32\profapi.dll
0x00007fff91730000 - 0x00007fff91749000 	C:\Users\Admin\.vscode\extensions\redhat.java-1.33.0-win32-x64\jre\17.0.11-win32-x86_64\bin\net.dll
0x00007fffa3480000 - 0x00007fffa35b7000 	C:\Windows\SYSTEM32\WINHTTP.dll
0x00007fffa95d0000 - 0x00007fffa9639000 	C:\Windows\system32\mswsock.dll
0x00007fff7ba40000 - 0x00007fff7ba56000 	C:\Users\Admin\.vscode\extensions\redhat.java-1.33.0-win32-x64\jre\17.0.11-win32-x86_64\bin\nio.dll
0x00007fff91c80000 - 0x00007fff91c90000 	c:\Users\Admin\.vscode\extensions\redhat.java-1.33.0-win32-x64\jre\17.0.11-win32-x86_64\bin\verify.dll
0x00007fff5a3c0000 - 0x00007fff5a405000 	C:\Users\Admin\AppData\Roaming\Code\User\globalStorage\redhat.java\1.33.0\config_win\org.eclipse.equinox.launcher\org.eclipse.equinox.launcher.win32.win32.x86_64_1.2.1100.v20240722-2106\eclipse_11904.dll
0x00007fffabfe0000 - 0x00007fffac180000 	C:\Windows\System32\ole32.dll
0x00007fffa9920000 - 0x00007fffa993b000 	C:\Windows\SYSTEM32\CRYPTSP.dll
0x00007fffa90c0000 - 0x00007fffa90f5000 	C:\Windows\system32\rsaenh.dll
0x00007fffa9670000 - 0x00007fffa969c000 	C:\Windows\SYSTEM32\USERENV.dll
0x00007fffa9900000 - 0x00007fffa990c000 	C:\Windows\SYSTEM32\CRYPTBASE.dll
0x00007fffa8b20000 - 0x00007fffa8b4d000 	C:\Windows\SYSTEM32\IPHLPAPI.DLL
0x00007fffabfc0000 - 0x00007fffabfc9000 	C:\Windows\System32\NSI.dll
0x00007fffa32d0000 - 0x00007fffa32e9000 	C:\Windows\SYSTEM32\dhcpcsvc6.DLL
0x00007fffa3250000 - 0x00007fffa326f000 	C:\Windows\SYSTEM32\dhcpcsvc.DLL
0x00007fffa8ba0000 - 0x00007fffa8c99000 	C:\Windows\SYSTEM32\DNSAPI.dll
0x00007fff58370000 - 0x00007fff583b5000 	C:\Users\Admin\AppData\Local\Temp\jna-63116079\jna13009398422493516591.dll
0x00007fffabfd0000 - 0x00007fffabfd8000 	C:\Windows\System32\PSAPI.DLL
0x00007fff91c00000 - 0x00007fff91c0e000 	C:\Users\Admin\.vscode\extensions\redhat.java-1.33.0-win32-x64\jre\17.0.11-win32-x86_64\bin\sunmscapi.dll
0x00007fffaa700000 - 0x00007fffaa866000 	C:\Windows\System32\CRYPT32.dll
0x00007fffa9a30000 - 0x00007fffa9a5e000 	C:\Windows\SYSTEM32\ncrypt.dll
0x00007fffa99f0000 - 0x00007fffa9a27000 	C:\Windows\SYSTEM32\NTASN1.dll
0x00007fffa9180000 - 0x00007fffa91b4000 	C:\Windows\SYSTEM32\ntmarta.dll

dbghelp: loaded successfully - version: 4.0.5 - missing functions: none
symbol engine: initialized successfully - sym options: 0x614 - pdb path: .;c:\Users\Admin\.vscode\extensions\redhat.java-1.33.0-win32-x64\jre\17.0.11-win32-x86_64\bin;C:\Windows\SYSTEM32;C:\Windows\WinSxS\amd64_microsoft.windows.common-controls_6595b64144ccf1df_6.0.22621.2506_none_270c5ae97388e100;c:\Users\Admin\.vscode\extensions\redhat.java-1.33.0-win32-x64\jre\17.0.11-win32-x86_64\bin\server;C:\Users\Admin\AppData\Roaming\Code\User\globalStorage\redhat.java\1.33.0\config_win\org.eclipse.equinox.launcher\org.eclipse.equinox.launcher.win32.win32.x86_64_1.2.1100.v20240722-2106;C:\Users\Admin\AppData\Local\Temp\jna-63116079

VM Arguments:
jvm_args: --add-modules=ALL-SYSTEM --add-opens=java.base/java.util=ALL-UNNAMED --add-opens=java.base/java.lang=ALL-UNNAMED --add-opens=java.base/sun.nio.fs=ALL-UNNAMED -Declipse.application=org.eclipse.jdt.ls.core.id1 -Dosgi.bundles.defaultStartLevel=4 -Declipse.product=org.eclipse.jdt.ls.core.product -Djava.import.generatesMetadataFilesAtProjectRoot=false -DDetectVMInstallationsJob.disabled=true -Dfile.encoding=utf8 -XX:+UseParallelGC -XX:GCTimeRatio=4 -XX:AdaptiveSizePolicyWeight=90 -Dsun.zip.disableMemoryMapping=true -Xmx1G -Xms100m -Xlog:disable -javaagent:c:\Users\Admin\.vscode\extensions\redhat.java-1.33.0-win32-x64\lombok\lombok-1.18.33.jar -XX:+HeapDumpOnOutOfMemoryError -XX:HeapDumpPath=c:\Users\Admin\AppData\Roaming\Code\User\workspaceStorage\eb20fc06d4a3b5e07cae54c0eea6be4b\redhat.java -Daether.dependencyCollector.impl=bf 
java_command: c:\Users\Admin\.vscode\extensions\redhat.java-1.33.0-win32-x64\server\plugins\org.eclipse.equinox.launcher_1.6.900.v20240613-2009.jar -configuration c:\Users\Admin\AppData\Roaming\Code\User\globalStorage\redhat.java\1.33.0\config_win -data c:\Users\Admin\AppData\Roaming\Code\User\workspaceStorage\eb20fc06d4a3b5e07cae54c0eea6be4b\redhat.java\jdt_ws --pipe=\\.\pipe\lsp-e66939495f7a804588cd9f1f4a71382c-sock
java_class_path (initial): c:\Users\Admin\.vscode\extensions\redhat.java-1.33.0-win32-x64\server\plugins\org.eclipse.equinox.launcher_1.6.900.v20240613-2009.jar
Launcher Type: SUN_STANDARD

[Global flags]
    uintx AdaptiveSizePolicyWeight                 = 90                                        {product} {command line}
     intx CICompilerCount                          = 4                                         {product} {ergonomic}
    uintx GCTimeRatio                              = 4                                         {product} {command line}
     bool HeapDumpOnOutOfMemoryError               = true                                   {manageable} {command line}
    ccstr HeapDumpPath                             = c:\Users\Admin\AppData\Roaming\Code\User\workspaceStorage\eb20fc06d4a3b5e07cae54c0eea6be4b\redhat.java         {manageable} {command line}
   size_t InitialHeapSize                          = 104857600                                 {product} {command line}
   size_t MaxHeapSize                              = 1073741824                                {product} {command line}
   size_t MaxNewSize                               = 357564416                                 {product} {ergonomic}
   size_t MinHeapDeltaBytes                        = 524288                                    {product} {ergonomic}
   size_t MinHeapSize                              = 104857600                                 {product} {command line}
   size_t NewSize                                  = 34603008                                  {product} {ergonomic}
    uintx NonNMethodCodeHeapSize                   = 5839372                                {pd product} {ergonomic}
    uintx NonProfiledCodeHeapSize                  = 122909434                              {pd product} {ergonomic}
   size_t OldSize                                  = 70254592                                  {product} {ergonomic}
    uintx ProfiledCodeHeapSize                     = 122909434                              {pd product} {ergonomic}
    uintx ReservedCodeCacheSize                    = 251658240                              {pd product} {ergonomic}
     bool SegmentedCodeCache                       = true                                      {product} {ergonomic}
   size_t SoftMaxHeapSize                          = 1073741824                             {manageable} {ergonomic}
     bool UseCompressedClassPointers               = true                           {product lp64_product} {ergonomic}
     bool UseCompressedOops                        = true                           {product lp64_product} {ergonomic}
     bool UseLargePagesIndividualAllocation        = false                                  {pd product} {ergonomic}
     bool UseParallelGC                            = true                                      {product} {command line}

Logging:
Log output configuration:
 #0: stdout all=off uptime,level,tags
 #1: stderr all=off uptime,level,tags

Environment Variables:
JAVA_HOME=C:\Program Files\Eclipse Adoptium\jdk-21.0.3.9-hotspot
PATH=C:\Users\Admin\bin;C:\Program Files\Git\mingw64\bin;C:\Program Files\Git\usr\local\bin;C:\Program Files\Git\usr\bin;C:\Program Files\Git\usr\bin;C:\Program Files\Git\mingw64\bin;C:\Program Files\Git\usr\bin;C:\Users\Admin\bin;C:\Program Files\Eclipse Adoptium\jdk-21.0.3.9-hotspot\bin;C:\Windows\system32;C:\Windows;C:\Windows\System32\Wbem;C:\Windows\System32\WindowsPowerShell\v1.0;C:\Windows\System32\OpenSSH;C:\Program Files\Microsoft SQL Server\Client SDK\ODBC\170\Tools\Binn;C:\Program Files\Microsoft SQL Server\150\Tools\Binn;C:\Program Files\dotnet;C:\Program Files\nodejs;C:\Program Files\Docker\Docker\resources\bin;C:\Program Files\Git\cmd;C:\Program Files\apache-maven-3.9.8\bin;C:\Users\Admin\AppData\Local\Microsoft\WindowsApps;C:\Users\Admin\.dotnet\tools;C:\Users\Admin\AppData\Local\Programs\Microsoft VS Code\bin;C:\Users\Admin\AppData\Local\JetBrains\Toolbox\scripts;C:\Users\Admin\AppData\Roaming\npm;C:\Program Files\Git\usr\bin\vendor_perl;C:\Program Files\Git\usr\bin\core_perl
USERNAME=Admin
SHELL=C:\Program Files\Git\usr\bin\bash.exe
DISPLAY=needs-to-be-defined
LANG=es_ES.UTF-8
TERM=xterm-256color
TMPDIR=C:\Users\Admin\AppData\Local\Temp
OS=Windows_NT
PROCESSOR_IDENTIFIER=Intel64 Family 6 Model 151 Stepping 5, GenuineIntel
TMP=C:\Users\Admin\AppData\Local\Temp
TEMP=C:\Users\Admin\AppData\Local\Temp



Periodic native trim disabled


---------------  S Y S T E M  ---------------

OS:
 Windows 11 , 64 bit Build 22621 (10.0.22621.3078)
OS uptime: 0 days 8:33 hours
Hyper-V role detected

CPU: total 8 (initial active 8) (4 cores per cpu, 2 threads per core) family 6 model 151 stepping 5 microcode 0x1e, cx8, cmov, fxsr, ht, mmx, 3dnowpref, sse, sse2, sse3, ssse3, sse4.1, sse4.2, popcnt, lzcnt, tsc, tscinvbit, avx, avx2, aes, erms, clmul, bmi1, bmi2, adx, sha, fma, vzeroupper, clflush, clflushopt, clwb, hv
Processor Information for all 8 processors :
  Max Mhz: 3300, Current Mhz: 3300, Mhz Limit: 3300

Memory: 4k page, system-wide physical 7969M (226M free)
TotalPageFile size 16161M (AvailPageFile size 2M)
current process WorkingSet (physical memory assigned to process): 700M, peak: 700M
current process commit charge ("private bytes"): 675M, peak: 1066M

vm_info: OpenJDK 64-Bit Server VM (17.0.11+9) for windows-amd64 JRE (17.0.11+9), built on Apr 17 2024 06:07:48 by "admin" with MS VC++ 16.10 / 16.11 (VS2019)

END.
