#
# There is insufficient memory for the Java Runtime Environment to continue.
# Native memory allocation (malloc) failed to allocate 1048576 bytes. Error detail: AllocateHeap
# Possible reasons:
#   The system is out of physical RAM or swap space
#   This process is running with CompressedOops enabled, and the Java Heap may be blocking the growth of the native heap
# Possible solutions:
#   Reduce memory load on the system
#   Increase physical memory or swap space
#   Check if swap backing store is full
#   Decrease Java heap size (-Xmx/-Xms)
#   Decrease number of Java threads
#   Decrease Java thread stack sizes (-Xss)
#   Set larger code cache with -XX:ReservedCodeCacheSize=
#   JVM is running with Unscaled Compressed Oops mode in which the Java heap is
#     placed in the first 4GB address space. The Java Heap base address is the
#     maximum limit for the native heap growth. Please use -XX:HeapBaseMinAddress
#     to set the Java Heap base and to place the Java Heap above 4GB virtual address.
# This output file may be truncated or incomplete.
#
#  Out of Memory Error (allocation.cpp:44), pid=13348, tid=13516
#
# JRE version: OpenJDK Runtime Environment Temurin-17.0.12+7 (17.0.12+7) (build 17.0.12+7)
# Java VM: OpenJDK 64-Bit Server VM Temurin-17.0.12+7 (17.0.12+7, mixed mode, emulated-client, tiered, compressed oops, compressed class ptrs, g1 gc, windows-amd64)
# No core dump will be written. Minidumps are not enabled by default on client versions of Windows
#

---------------  S U M M A R Y ------------

Command Line: -Xmx1024m -Dsts.lsp.client=vscode -Dsts.log.file=/dev/null -XX:TieredStopAtLevel=1 -Xlog:jni+resolve=off -Dspring.config.location=file:c:\Users\Admin\.vscode\extensions\vmware.vscode-spring-boot-1.56.0\language-server\BOOT-INF\classes\application.properties org.springframework.ide.vscode.boot.app.BootLanguageServerBootApp

Host: 12th Gen Intel(R) Core(TM) i3-12100, 8 cores, 7G,  Windows 11 , 64 bit Build 22621 (10.0.22621.3078)
Time: Mon Sep 23 13:32:39 2024 Hora est. Pacífico, Sudamérica elapsed time: 20018.209721 seconds (0d 5h 33m 38s)

---------------  T H R E A D  ---------------

Current thread (0x0000025b7f688050):  VMThread "VM Thread" [stack: 0x00000077bc600000,0x00000077bc700000] [id=13516]

Stack: [0x00000077bc600000,0x00000077bc700000]
Native frames: (J=compiled Java code, j=interpreted, Vv=VM code, C=native code)
V  [jvm.dll+0x67f929]
V  [jvm.dll+0x8371ba]
V  [jvm.dll+0x838c7e]
V  [jvm.dll+0x8392e3]
V  [jvm.dll+0x24834f]
V  [jvm.dll+0xa70d3]
V  [jvm.dll+0x2f9073]
V  [jvm.dll+0x2f4d00]
V  [jvm.dll+0x2dd82f]
V  [jvm.dll+0x3201f7]
V  [jvm.dll+0x83d7dd]
V  [jvm.dll+0x83e522]
V  [jvm.dll+0x83ea4f]
V  [jvm.dll+0x83ee34]
V  [jvm.dll+0x83ef00]
V  [jvm.dll+0x7e65dc]
V  [jvm.dll+0x67e7f7]
C  [ucrtbase.dll+0x29363]
C  [KERNEL32.DLL+0x1257d]
C  [ntdll.dll+0x5aa58]

VM_Operation (0x00000077bdcfea10): G1CollectFull, mode: safepoint, requested by thread 0x0000025b05555430


---------------  P R O C E S S  ---------------

Threads class SMR info:
_java_thread_list=0x0000025b0697a5c0, length=28, elements={
0x0000025b7f68ac80, 0x0000025b7f68ba10, 0x0000025b7f6d7de0, 0x0000025b7f6d98c0,
0x0000025b7f6de7c0, 0x0000025b7f6df090, 0x0000025b7f6df960, 0x0000025b7f6e2690,
0x0000025b7f9098e0, 0x0000025b7f915240, 0x0000025b05521030, 0x0000025b05555430,
0x0000025b05555d20, 0x0000025b72842620, 0x0000025b055b2010, 0x0000025b055d0c10,
0x0000025b055e69e0, 0x0000025b055eb0c0, 0x0000025b055e5ab0, 0x0000025b055ea190,
0x0000025b055ebae0, 0x0000025b055e55a0, 0x0000025b055e9770, 0x0000025b055e7e20,
0x0000025b055ea6a0, 0x0000025b055ebff0, 0x0000025b055ec500, 0x0000025b055e6ef0
}

Java Threads: ( => current thread )
  0x0000025b7f68ac80 JavaThread "Reference Handler" daemon [_thread_blocked, id=14260, stack(0x00000077bc700000,0x00000077bc800000)]
  0x0000025b7f68ba10 JavaThread "Finalizer" daemon [_thread_blocked, id=13616, stack(0x00000077bc800000,0x00000077bc900000)]
  0x0000025b7f6d7de0 JavaThread "Signal Dispatcher" daemon [_thread_blocked, id=14084, stack(0x00000077bc900000,0x00000077bca00000)]
  0x0000025b7f6d98c0 JavaThread "Attach Listener" daemon [_thread_blocked, id=3876, stack(0x00000077bca00000,0x00000077bcb00000)]
  0x0000025b7f6de7c0 JavaThread "Service Thread" daemon [_thread_blocked, id=14308, stack(0x00000077bcb00000,0x00000077bcc00000)]
  0x0000025b7f6df090 JavaThread "Monitor Deflation Thread" daemon [_thread_blocked, id=14164, stack(0x00000077bcc00000,0x00000077bcd00000)]
  0x0000025b7f6df960 JavaThread "C1 CompilerThread0" daemon [_thread_blocked, id=13356, stack(0x00000077bcd00000,0x00000077bce00000)]
  0x0000025b7f6e2690 JavaThread "Sweeper thread" daemon [_thread_blocked, id=12508, stack(0x00000077bce00000,0x00000077bcf00000)]
  0x0000025b7f9098e0 JavaThread "Notification Thread" daemon [_thread_blocked, id=10200, stack(0x00000077bd000000,0x00000077bd100000)]
  0x0000025b7f915240 JavaThread "Common-Cleaner" daemon [_thread_blocked, id=13924, stack(0x00000077bd200000,0x00000077bd300000)]
  0x0000025b05521030 JavaThread "boundedElastic-evictor-1" daemon [_thread_blocked, id=11060, stack(0x00000077bd800000,0x00000077bd900000)]
  0x0000025b05555430 JavaThread "pool-13-thread-1" [_thread_blocked, id=12016, stack(0x00000077bdc00000,0x00000077bdd00000)]
  0x0000025b05555d20 JavaThread "LanguageServerApp-lifecycle" [_thread_blocked, id=11984, stack(0x00000077bdd00000,0x00000077bde00000)]
  0x0000025b72842620 JavaThread "DestroyJavaVM" [_thread_blocked, id=13960, stack(0x00000077bc000000,0x00000077bc100000)]
  0x0000025b055b2010 JavaThread "pool-14-thread-1" [_thread_in_native, id=11800, stack(0x00000077bde00000,0x00000077bdf00000)]
  0x0000025b055d0c10 JavaThread "Simple-Language-Server main thread" daemon [_thread_blocked, id=13252, stack(0x00000077bdf00000,0x00000077be000000)]
  0x0000025b055e69e0 JavaThread "pool-8-thread-1" [_thread_blocked, id=8524, stack(0x00000077bec00000,0x00000077bed00000)]
  0x0000025b055eb0c0 JavaThread "parallel-1" daemon [_thread_blocked, id=14196, stack(0x00000077bed00000,0x00000077bee00000)]
  0x0000025b055e5ab0 JavaThread "pool-6-thread-1" [_thread_blocked, id=9776, stack(0x00000077bee00000,0x00000077bef00000)]
  0x0000025b055ea190 JavaThread "parallel-2" daemon [_thread_blocked, id=13632, stack(0x00000077bef00000,0x00000077bf000000)]
  0x0000025b055ebae0 JavaThread "parallel-3" daemon [_thread_blocked, id=1364, stack(0x00000077bf000000,0x00000077bf100000)]
  0x0000025b055e55a0 JavaThread "parallel-4" daemon [_thread_blocked, id=13764, stack(0x00000077bf500000,0x00000077bf600000)]
  0x0000025b055e9770 JavaThread "parallel-5" daemon [_thread_blocked, id=11444, stack(0x00000077bf700000,0x00000077bf800000)]
  0x0000025b055e7e20 JavaThread "parallel-6" daemon [_thread_blocked, id=11896, stack(0x00000077bf800000,0x00000077bf900000)]
  0x0000025b055ea6a0 JavaThread "Reconciler-1" daemon [_thread_blocked, id=11520, stack(0x00000077bfa00000,0x00000077bfb00000)]
  0x0000025b055ebff0 JavaThread "parallel-7" daemon [_thread_blocked, id=13656, stack(0x00000077bfc00000,0x00000077bfd00000)]
  0x0000025b055ec500 JavaThread "CompletableFutureDelayScheduler" daemon [_thread_blocked, id=10616, stack(0x00000077bfd00000,0x00000077bfe00000)]
  0x0000025b055e6ef0 JavaThread "parallel-8" daemon [_thread_blocked, id=8672, stack(0x00000077bfe00000,0x00000077bff00000)]

Other Threads:
=>0x0000025b7f688050 VMThread "VM Thread" [stack: 0x00000077bc600000,0x00000077bc700000] [id=13516]
  0x0000025b7f90bdd0 WatcherThread [stack: 0x00000077bd100000,0x00000077bd200000] [id=10176]
  0x0000025b72880e80 GCTaskThread "GC Thread#0" [stack: 0x00000077bc100000,0x00000077bc200000] [id=14220]
  0x0000025b048f5400 GCTaskThread "GC Thread#1" [stack: 0x00000077bd300000,0x00000077bd400000] [id=13688]
  0x0000025b048f56c0 GCTaskThread "GC Thread#2" [stack: 0x00000077bd400000,0x00000077bd500000] [id=14204]
  0x0000025b04956eb0 GCTaskThread "GC Thread#3" [stack: 0x00000077bd500000,0x00000077bd600000] [id=13832]
  0x0000025b04a33850 GCTaskThread "GC Thread#4" [stack: 0x00000077bcf00000,0x00000077bd000000] [id=13500]
  0x0000025b04a34320 GCTaskThread "GC Thread#5" [stack: 0x00000077bd600000,0x00000077bd700000] [id=13420]
  0x0000025b04d5d8c0 GCTaskThread "GC Thread#6" [stack: 0x00000077bd900000,0x00000077bda00000] [id=13768]
  0x0000025b04d4d660 GCTaskThread "GC Thread#7" [stack: 0x00000077bda00000,0x00000077bdb00000] [id=11064]
  0x0000025b72889ce0 ConcurrentGCThread "G1 Main Marker" [stack: 0x00000077bc200000,0x00000077bc300000] [id=13508]
  0x0000025b7288b630 ConcurrentGCThread "G1 Conc#0" [stack: 0x00000077bc300000,0x00000077bc400000] [id=14068]
  0x0000025b04d86fa0 ConcurrentGCThread "G1 Conc#1" [stack: 0x00000077bdb00000,0x00000077bdc00000] [id=3516]
  0x0000025b7f4c20c0 ConcurrentGCThread "G1 Refine#0" [stack: 0x00000077bc400000,0x00000077bc500000] [id=13664]
  0x0000025b7f4c2a00 ConcurrentGCThread "G1 Service" [stack: 0x00000077bc500000,0x00000077bc600000] [id=11092]

Threads with active compile tasks:

VM state: at safepoint (normal execution)

VM Mutex/Monitor currently owned by a thread:  ([mutex/lock_event])
[0x0000025b72573e10] Threads_lock - owner thread: 0x0000025b7f688050
[0x0000025b7256f860] Heap_lock - owner thread: 0x0000025b05555430

Heap address: 0x00000000c0000000, size: 1024 MB, Compressed Oops mode: 32-bit

CDS archive(s) not mapped
Compressed class space mapped at: 0x0000000100000000-0x0000000140000000, reserved size: 1073741824
Narrow klass base: 0x0000000000000000, Narrow klass shift: 3, Narrow klass range: 0x140000000

GC Precious Log:
 CPUs: 8 total, 8 available
 Memory: 7969M
 Large Page Support: Disabled
 NUMA Support: Disabled
 Compressed Oops: Enabled (32-bit)
 Heap Region Size: 1M
 Heap Min Capacity: 8M
 Heap Initial Capacity: 126M
 Heap Max Capacity: 1G
 Pre-touch: Disabled
 Parallel Workers: 8
 Concurrent Workers: 2
 Concurrent Refinement Workers: 8
 Periodic GC: Disabled

Heap:
 garbage-first heap   total 103424K, used 41469K [0x00000000c0000000, 0x0000000100000000)
  region size 1024K, 1 young (1024K), 0 survivors (0K)
 Metaspace       used 61938K, committed 62336K, reserved 1114112K
  class space    used 7560K, committed 7744K, reserved 1048576K

Heap Regions: E=young(eden), S=young(survivor), O=old, HS=humongous(starts), HC=humongous(continues), CS=collection set, F=free, OA=open archive, CA=closed archive, TAMS=top-at-mark-start (previous, next)
|   0|0x00000000c0000000, 0x00000000c0100000, 0x00000000c0100000|100%|HS|  |TAMS 0x00000000c0100000, 0x00000000c0000000| Untracked 
|   1|0x00000000c0100000, 0x00000000c0200000, 0x00000000c0200000|100%|HC|  |TAMS 0x00000000c0200000, 0x00000000c0100000| Untracked 
|   2|0x00000000c0200000, 0x00000000c0300000, 0x00000000c0300000|100%|HC|  |TAMS 0x00000000c0300000, 0x00000000c0200000| Untracked 
|   3|0x00000000c0300000, 0x00000000c0400000, 0x00000000c0400000|100%|HC|  |TAMS 0x00000000c0400000, 0x00000000c0300000| Untracked 
|   4|0x00000000c0400000, 0x00000000c0500000, 0x00000000c0500000|100%|HS|  |TAMS 0x00000000c0500000, 0x00000000c0400000| Untracked 
|   5|0x00000000c0500000, 0x00000000c0600000, 0x00000000c0600000|100%|HC|  |TAMS 0x00000000c0600000, 0x00000000c0500000| Untracked 
|   6|0x00000000c0600000, 0x00000000c0700000, 0x00000000c0700000|100%| O|  |TAMS 0x00000000c0700000, 0x00000000c0600000| Untracked 
|   7|0x00000000c0700000, 0x00000000c0800000, 0x00000000c0800000|100%| O|  |TAMS 0x00000000c0800000, 0x00000000c0700000| Untracked 
|   8|0x00000000c0800000, 0x00000000c0900000, 0x00000000c0900000|100%| O|  |TAMS 0x00000000c0900000, 0x00000000c0800000| Untracked 
|   9|0x00000000c0900000, 0x00000000c0a00000, 0x00000000c0a00000|100%| O|  |TAMS 0x00000000c0a00000, 0x00000000c0900000| Untracked 
|  10|0x00000000c0a00000, 0x00000000c0affff8, 0x00000000c0b00000| 99%| O|  |TAMS 0x00000000c0affff8, 0x00000000c0a00000| Untracked 
|  11|0x00000000c0b00000, 0x00000000c0bffff8, 0x00000000c0c00000| 99%| O|  |TAMS 0x00000000c0bffff8, 0x00000000c0b00000| Untracked 
|  12|0x00000000c0c00000, 0x00000000c0d00000, 0x00000000c0d00000|100%| O|  |TAMS 0x00000000c0d00000, 0x00000000c0c00000| Untracked 
|  13|0x00000000c0d00000, 0x00000000c0e00000, 0x00000000c0e00000|100%| O|  |TAMS 0x00000000c0e00000, 0x00000000c0d00000| Untracked 
|  14|0x00000000c0e00000, 0x00000000c0efff18, 0x00000000c0f00000| 99%| O|  |TAMS 0x00000000c0efff18, 0x00000000c0e00000| Untracked 
|  15|0x00000000c0f00000, 0x00000000c0ffffd0, 0x00000000c1000000| 99%| O|  |TAMS 0x00000000c0ffffd0, 0x00000000c0f00000| Untracked 
|  16|0x00000000c1000000, 0x00000000c10fff38, 0x00000000c1100000| 99%| O|  |TAMS 0x00000000c10fff38, 0x00000000c1000000| Untracked 
|  17|0x00000000c1100000, 0x00000000c11fffe8, 0x00000000c1200000| 99%| O|  |TAMS 0x00000000c11fffe8, 0x00000000c1100000| Untracked 
|  18|0x00000000c1200000, 0x00000000c12ffff0, 0x00000000c1300000| 99%| O|  |TAMS 0x00000000c12ffff0, 0x00000000c1200000| Untracked 
|  19|0x00000000c1300000, 0x00000000c13fffb8, 0x00000000c1400000| 99%| O|  |TAMS 0x00000000c13fffb8, 0x00000000c1300000| Untracked 
|  20|0x00000000c1400000, 0x00000000c14ffff0, 0x00000000c1500000| 99%| O|  |TAMS 0x00000000c14ffff0, 0x00000000c1400000| Untracked 
|  21|0x00000000c1500000, 0x00000000c15fffe8, 0x00000000c1600000| 99%| O|  |TAMS 0x00000000c15fffe8, 0x00000000c1500000| Untracked 
|  22|0x00000000c1600000, 0x00000000c16ffd20, 0x00000000c1700000| 99%| O|  |TAMS 0x00000000c16ffd20, 0x00000000c1600000| Untracked 
|  23|0x00000000c1700000, 0x00000000c17fffb8, 0x00000000c1800000| 99%| O|  |TAMS 0x00000000c17fffb8, 0x00000000c1700000| Untracked 
|  24|0x00000000c1800000, 0x00000000c18fffd0, 0x00000000c1900000| 99%| O|  |TAMS 0x00000000c18fffd0, 0x00000000c1800000| Untracked 
|  25|0x00000000c1900000, 0x00000000c19fc368, 0x00000000c1a00000| 98%| O|  |TAMS 0x00000000c19fc368, 0x00000000c1900000| Untracked 
|  26|0x00000000c1a00000, 0x00000000c1affff8, 0x00000000c1b00000| 99%| O|  |TAMS 0x00000000c1affff8, 0x00000000c1a00000| Untracked 
|  27|0x00000000c1b00000, 0x00000000c1bffff8, 0x00000000c1c00000| 99%| O|  |TAMS 0x00000000c1bffff8, 0x00000000c1b00000| Untracked 
|  28|0x00000000c1c00000, 0x00000000c1cffff8, 0x00000000c1d00000| 99%| O|  |TAMS 0x00000000c1cffff8, 0x00000000c1c00000| Untracked 
|  29|0x00000000c1d00000, 0x00000000c1dfffd0, 0x00000000c1e00000| 99%| O|  |TAMS 0x00000000c1dfffd0, 0x00000000c1d00000| Untracked 
|  30|0x00000000c1e00000, 0x00000000c1effff8, 0x00000000c1f00000| 99%| O|  |TAMS 0x00000000c1effff8, 0x00000000c1e00000| Untracked 
|  31|0x00000000c1f00000, 0x00000000c1fff7b8, 0x00000000c2000000| 99%| O|  |TAMS 0x00000000c1fff7b8, 0x00000000c1f00000| Untracked 
|  32|0x00000000c2000000, 0x00000000c20f86a8, 0x00000000c2100000| 97%| O|  |TAMS 0x00000000c20f86a8, 0x00000000c2000000| Untracked 
|  33|0x00000000c2100000, 0x00000000c21fdf30, 0x00000000c2200000| 99%| O|  |TAMS 0x00000000c21fdf30, 0x00000000c2100000| Untracked 
|  34|0x00000000c2200000, 0x00000000c22ffff0, 0x00000000c2300000| 99%| O|  |TAMS 0x00000000c22ffff0, 0x00000000c2200000| Untracked 
|  35|0x00000000c2300000, 0x00000000c23e2df8, 0x00000000c2400000| 88%| O|  |TAMS 0x00000000c2300000, 0x00000000c2300000| Untracked 
|  36|0x00000000c2400000, 0x00000000c24aadb0, 0x00000000c2500000| 66%| O|  |TAMS 0x00000000c2400000, 0x00000000c2400000| Untracked 
|  37|0x00000000c2500000, 0x00000000c2500000, 0x00000000c2600000|  0%| F|  |TAMS 0x00000000c2500000, 0x00000000c2500000| Untracked 
|  38|0x00000000c2600000, 0x00000000c2600000, 0x00000000c2700000|  0%| F|  |TAMS 0x00000000c2600000, 0x00000000c2600000| Untracked 
|  39|0x00000000c2700000, 0x00000000c2700000, 0x00000000c2800000|  0%| F|  |TAMS 0x00000000c2700000, 0x00000000c2700000| Untracked 
|  40|0x00000000c2800000, 0x00000000c2800000, 0x00000000c2900000|  0%| F|  |TAMS 0x00000000c2800000, 0x00000000c2800000| Untracked 
|  41|0x00000000c2900000, 0x00000000c2900000, 0x00000000c2a00000|  0%| F|  |TAMS 0x00000000c2900000, 0x00000000c2900000| Untracked 
|  42|0x00000000c2a00000, 0x00000000c2b00000, 0x00000000c2b00000|100%|HS|  |TAMS 0x00000000c2b00000, 0x00000000c2a00000| Untracked 
|  43|0x00000000c2b00000, 0x00000000c2c00000, 0x00000000c2c00000|100%|HS|  |TAMS 0x00000000c2c00000, 0x00000000c2b00000| Untracked 
|  44|0x00000000c2c00000, 0x00000000c2c00000, 0x00000000c2d00000|  0%| F|  |TAMS 0x00000000c2c00000, 0x00000000c2c00000| Untracked 
|  45|0x00000000c2d00000, 0x00000000c2d00000, 0x00000000c2e00000|  0%| F|  |TAMS 0x00000000c2d00000, 0x00000000c2d00000| Untracked 
|  46|0x00000000c2e00000, 0x00000000c2e00000, 0x00000000c2f00000|  0%| F|  |TAMS 0x00000000c2e00000, 0x00000000c2e00000| Untracked 
|  47|0x00000000c2f00000, 0x00000000c2f00000, 0x00000000c3000000|  0%| F|  |TAMS 0x00000000c2f00000, 0x00000000c2f00000| Untracked 
|  48|0x00000000c3000000, 0x00000000c3000000, 0x00000000c3100000|  0%| F|  |TAMS 0x00000000c3000000, 0x00000000c3000000| Untracked 
|  49|0x00000000c3100000, 0x00000000c3100000, 0x00000000c3200000|  0%| F|  |TAMS 0x00000000c3100000, 0x00000000c3100000| Untracked 
|  50|0x00000000c3200000, 0x00000000c3200000, 0x00000000c3300000|  0%| F|  |TAMS 0x00000000c3200000, 0x00000000c3200000| Untracked 
|  51|0x00000000c3300000, 0x00000000c3300000, 0x00000000c3400000|  0%| F|  |TAMS 0x00000000c3300000, 0x00000000c3300000| Untracked 
|  52|0x00000000c3400000, 0x00000000c3400000, 0x00000000c3500000|  0%| F|  |TAMS 0x00000000c3400000, 0x00000000c3400000| Untracked 
|  53|0x00000000c3500000, 0x00000000c3600000, 0x00000000c3600000|100%| O|  |TAMS 0x00000000c3600000, 0x00000000c3500000| Untracked 
|  54|0x00000000c3600000, 0x00000000c3700000, 0x00000000c3700000|100%| O|  |TAMS 0x00000000c3700000, 0x00000000c3600000| Untracked 
|  55|0x00000000c3700000, 0x00000000c3700000, 0x00000000c3800000|  0%| F|  |TAMS 0x00000000c3700000, 0x00000000c3700000| Untracked 
|  56|0x00000000c3800000, 0x00000000c3800000, 0x00000000c3900000|  0%| F|  |TAMS 0x00000000c3800000, 0x00000000c3800000| Untracked 
|  57|0x00000000c3900000, 0x00000000c3900000, 0x00000000c3a00000|  0%| F|  |TAMS 0x00000000c3900000, 0x00000000c3900000| Untracked 
|  58|0x00000000c3a00000, 0x00000000c3a00000, 0x00000000c3b00000|  0%| F|  |TAMS 0x00000000c3a00000, 0x00000000c3a00000| Untracked 
|  59|0x00000000c3b00000, 0x00000000c3b00000, 0x00000000c3c00000|  0%| F|  |TAMS 0x00000000c3b00000, 0x00000000c3b00000| Untracked 
|  60|0x00000000c3c00000, 0x00000000c3c00000, 0x00000000c3d00000|  0%| F|  |TAMS 0x00000000c3c00000, 0x00000000c3c00000| Untracked 
|  61|0x00000000c3d00000, 0x00000000c3d00000, 0x00000000c3e00000|  0%| F|  |TAMS 0x00000000c3d00000, 0x00000000c3d00000| Untracked 
|  62|0x00000000c3e00000, 0x00000000c3e00000, 0x00000000c3f00000|  0%| F|  |TAMS 0x00000000c3e00000, 0x00000000c3e00000| Untracked 
|  63|0x00000000c3f00000, 0x00000000c3f00000, 0x00000000c4000000|  0%| F|  |TAMS 0x00000000c3f00000, 0x00000000c3f00000| Untracked 
|  64|0x00000000c4000000, 0x00000000c4000000, 0x00000000c4100000|  0%| F|  |TAMS 0x00000000c4000000, 0x00000000c4000000| Untracked 
|  65|0x00000000c4100000, 0x00000000c4100000, 0x00000000c4200000|  0%| F|  |TAMS 0x00000000c4100000, 0x00000000c4100000| Untracked 
|  66|0x00000000c4200000, 0x00000000c4200000, 0x00000000c4300000|  0%| F|  |TAMS 0x00000000c4200000, 0x00000000c4200000| Untracked 
|  67|0x00000000c4300000, 0x00000000c4300000, 0x00000000c4400000|  0%| F|  |TAMS 0x00000000c4300000, 0x00000000c4300000| Untracked 
|  68|0x00000000c4400000, 0x00000000c4400000, 0x00000000c4500000|  0%| F|  |TAMS 0x00000000c4400000, 0x00000000c4400000| Untracked 
|  69|0x00000000c4500000, 0x00000000c4500000, 0x00000000c4600000|  0%| F|  |TAMS 0x00000000c4500000, 0x00000000c4500000| Untracked 
|  70|0x00000000c4600000, 0x00000000c4600000, 0x00000000c4700000|  0%| F|  |TAMS 0x00000000c4600000, 0x00000000c4600000| Untracked 
|  71|0x00000000c4700000, 0x00000000c4700000, 0x00000000c4800000|  0%| F|  |TAMS 0x00000000c4700000, 0x00000000c4700000| Untracked 
|  72|0x00000000c4800000, 0x00000000c4800000, 0x00000000c4900000|  0%| F|  |TAMS 0x00000000c4800000, 0x00000000c4800000| Untracked 
|  73|0x00000000c4900000, 0x00000000c4900000, 0x00000000c4a00000|  0%| F|  |TAMS 0x00000000c4900000, 0x00000000c4900000| Untracked 
|  74|0x00000000c4a00000, 0x00000000c4a00000, 0x00000000c4b00000|  0%| F|  |TAMS 0x00000000c4a00000, 0x00000000c4a00000| Untracked 
|  75|0x00000000c4b00000, 0x00000000c4b00000, 0x00000000c4c00000|  0%| F|  |TAMS 0x00000000c4b00000, 0x00000000c4b00000| Untracked 
|  76|0x00000000c4c00000, 0x00000000c4c00000, 0x00000000c4d00000|  0%| F|  |TAMS 0x00000000c4c00000, 0x00000000c4c00000| Untracked 
|  77|0x00000000c4d00000, 0x00000000c4d00000, 0x00000000c4e00000|  0%| F|  |TAMS 0x00000000c4d00000, 0x00000000c4d00000| Untracked 
|  78|0x00000000c4e00000, 0x00000000c4e00000, 0x00000000c4f00000|  0%| F|  |TAMS 0x00000000c4e00000, 0x00000000c4e00000| Untracked 
|  79|0x00000000c4f00000, 0x00000000c4f00000, 0x00000000c5000000|  0%| F|  |TAMS 0x00000000c4f00000, 0x00000000c4f00000| Untracked 
|  80|0x00000000c5000000, 0x00000000c5000000, 0x00000000c5100000|  0%| F|  |TAMS 0x00000000c5000000, 0x00000000c5000000| Untracked 
|  81|0x00000000c5100000, 0x00000000c5100000, 0x00000000c5200000|  0%| F|  |TAMS 0x00000000c5100000, 0x00000000c5100000| Untracked 
|  82|0x00000000c5200000, 0x00000000c5200000, 0x00000000c5300000|  0%| F|  |TAMS 0x00000000c5200000, 0x00000000c5200000| Untracked 
|  83|0x00000000c5300000, 0x00000000c5300000, 0x00000000c5400000|  0%| F|  |TAMS 0x00000000c5300000, 0x00000000c5300000| Untracked 
|  84|0x00000000c5400000, 0x00000000c5400000, 0x00000000c5500000|  0%| F|  |TAMS 0x00000000c5400000, 0x00000000c5400000| Untracked 
|  85|0x00000000c5500000, 0x00000000c5500000, 0x00000000c5600000|  0%| F|  |TAMS 0x00000000c5500000, 0x00000000c5500000| Untracked 
|  86|0x00000000c5600000, 0x00000000c5600000, 0x00000000c5700000|  0%| F|  |TAMS 0x00000000c5600000, 0x00000000c5600000| Untracked 
|  87|0x00000000c5700000, 0x00000000c5700000, 0x00000000c5800000|  0%| F|  |TAMS 0x00000000c5700000, 0x00000000c5700000| Untracked 
|  88|0x00000000c5800000, 0x00000000c5800000, 0x00000000c5900000|  0%| F|  |TAMS 0x00000000c5800000, 0x00000000c5800000| Untracked 
|  89|0x00000000c5900000, 0x00000000c5900000, 0x00000000c5a00000|  0%| F|  |TAMS 0x00000000c5900000, 0x00000000c5900000| Untracked 
|  90|0x00000000c5a00000, 0x00000000c5a00000, 0x00000000c5b00000|  0%| F|  |TAMS 0x00000000c5a00000, 0x00000000c5a00000| Untracked 
|  91|0x00000000c5b00000, 0x00000000c5b00000, 0x00000000c5c00000|  0%| F|  |TAMS 0x00000000c5b00000, 0x00000000c5b00000| Untracked 
|  92|0x00000000c5c00000, 0x00000000c5c00000, 0x00000000c5d00000|  0%| F|  |TAMS 0x00000000c5c00000, 0x00000000c5c00000| Untracked 
|  93|0x00000000c5d00000, 0x00000000c5d00000, 0x00000000c5e00000|  0%| F|  |TAMS 0x00000000c5d00000, 0x00000000c5d00000| Untracked 
|  94|0x00000000c5e00000, 0x00000000c5e00000, 0x00000000c5f00000|  0%| F|  |TAMS 0x00000000c5e00000, 0x00000000c5e00000| Untracked 
|  95|0x00000000c5f00000, 0x00000000c5f00000, 0x00000000c6000000|  0%| F|  |TAMS 0x00000000c5f00000, 0x00000000c5f00000| Untracked 
|  96|0x00000000c6000000, 0x00000000c6000000, 0x00000000c6100000|  0%| F|  |TAMS 0x00000000c6000000, 0x00000000c6000000| Untracked 
|  97|0x00000000c6100000, 0x00000000c6100000, 0x00000000c6200000|  0%| F|  |TAMS 0x00000000c6100000, 0x00000000c6100000| Untracked 
|  98|0x00000000c6200000, 0x00000000c6200000, 0x00000000c6300000|  0%| F|  |TAMS 0x00000000c6200000, 0x00000000c6200000| Untracked 
| 124|0x00000000c7c00000, 0x00000000c7c00000, 0x00000000c7d00000|  0%| F|  |TAMS 0x00000000c7c00000, 0x00000000c7c00000| Untracked 
| 125|0x00000000c7d00000, 0x00000000c7d058a8, 0x00000000c7e00000|  2%| E|  |TAMS 0x00000000c7d00000, 0x00000000c7d00000| Complete 

Card table byte_map: [0x0000025b7a7a0000,0x0000025b7a9a0000] _byte_map_base: 0x0000025b7a1a0000

Marking Bits (Prev, Next): (CMBitMap*) 0x0000025b728813b0, (CMBitMap*) 0x0000025b728813f0
 Prev Bits: [0x0000025b7aba0000, 0x0000025b7bba0000)
 Next Bits: [0x0000025b7bba0000, 0x0000025b7cba0000)

Polling page: 0x0000025b728f0000

Metaspace:

Usage:
  Non-class:     53.10 MB used.
      Class:      7.38 MB used.
       Both:     60.49 MB used.

Virtual space:
  Non-class space:       64.00 MB reserved,      53.31 MB ( 83%) committed,  1 nodes.
      Class space:        1.00 GB reserved,       7.56 MB ( <1%) committed,  1 nodes.
             Both:        1.06 GB reserved,      60.88 MB (  6%) committed. 

Chunk freelists:
   Non-Class:  10.52 MB
       Class:  8.40 MB
        Both:  18.92 MB

MaxMetaspaceSize: unlimited
CompressedClassSpaceSize: 1.00 GB
Initial GC threshold: 21.00 MB
Current GC threshold: 101.50 MB
CDS: off
MetaspaceReclaimPolicy: balanced
 - commit_granule_bytes: 65536.
 - commit_granule_words: 8192.
 - virtual_space_node_default_size: 8388608.
 - enlarge_chunks_in_place: 1.
 - new_chunks_are_fully_committed: 0.
 - uncommit_free_chunks: 1.
 - use_allocation_guard: 0.
 - handle_deallocations: 1.


Internal statistics:

num_allocs_failed_limit: 6.
num_arena_births: 820.
num_arena_deaths: 322.
num_vsnodes_births: 2.
num_vsnodes_deaths: 0.
num_space_committed: 973.
num_space_uncommitted: 0.
num_chunks_returned_to_freelist: 411.
num_chunks_taken_from_freelist: 2895.
num_chunk_merges: 117.
num_chunk_splits: 1875.
num_chunks_enlarged: 1411.
num_inconsistent_stats: 0.

CodeCache: size=49152Kb used=17495Kb max_used=18488Kb free=31657Kb
 bounds [0x0000025b76cc0000, 0x0000025b77ef0000, 0x0000025b79cc0000]
 total_blobs=9807 nmethods=9124 adapters=608
 compilation: enabled
              stopped_count=0, restarted_count=0
 full_count=0

Compilation events (20 events):
Event: 17740.778 Thread 0x0000025b7f6df960 9128       1       org.eclipse.jdt.internal.compiler.lookup.ConstraintExceptionFormula::inputVariables (253 bytes)
Event: 17740.779 Thread 0x0000025b7f6df960 nmethod 9128 0x0000025b77ed5510 code [0x0000025b77ed57e0, 0x0000025b77ed62d8]
Event: 17740.779 Thread 0x0000025b7f6df960 9124       1       org.eclipse.jdt.internal.compiler.lookup.BlockScope::problemReporter (8 bytes)
Event: 17740.780 Thread 0x0000025b7f6df960 nmethod 9124 0x0000025b77ed4f90 code [0x0000025b77ed5140, 0x0000025b77ed5338]
Event: 17740.780 Thread 0x0000025b7f6df960 9125       1       org.eclipse.jdt.internal.compiler.lookup.InferenceContext18::computeB3 (39 bytes)
Event: 17740.781 Thread 0x0000025b7f6df960 nmethod 9125 0x0000025b77ed4990 code [0x0000025b77ed4b60, 0x0000025b77ed4dd8]
Event: 17740.781 Thread 0x0000025b7f6df960 9127       1       org.eclipse.jdt.internal.compiler.lookup.PolyParameterizedGenericMethodBinding::equals (26 bytes)
Event: 17740.781 Thread 0x0000025b7f6df960 nmethod 9127 0x0000025b77ed4510 code [0x0000025b77ed46c0, 0x0000025b77ed4868]
Event: 17740.781 Thread 0x0000025b7f6df960 9123   !   1       org.eclipse.jdt.internal.compiler.ast.LambdaExpression::resolveExpressionExpecting (24 bytes)
Event: 17740.781 Thread 0x0000025b7f6df960 nmethod 9123 0x0000025b77ed4110 code [0x0000025b77ed42c0, 0x0000025b77ed4408]
Event: 17740.781 Thread 0x0000025b7f6df960 9129       1       org.eclipse.jdt.internal.compiler.lookup.TypeBinding::isNonDenotable (2 bytes)
Event: 17740.781 Thread 0x0000025b7f6df960 nmethod 9129 0x0000025b77ed3e10 code [0x0000025b77ed3fa0, 0x0000025b77ed4078]
Event: 17740.799 Thread 0x0000025b7f6df960 9130       1       org.eclipse.jdt.internal.compiler.codegen.CodeStream::pushTypeBinding (14 bytes)
Event: 17740.800 Thread 0x0000025b7f6df960 nmethod 9130 0x0000025b77ed3a10 code [0x0000025b77ed3bc0, 0x0000025b77ed3d18]
Event: 17740.812 Thread 0x0000025b7f6df960 9131       1       org.eclipse.jdt.internal.compiler.lookup.SourceTypeBinding$1::compare (13 bytes)
Event: 17740.813 Thread 0x0000025b7f6df960 nmethod 9131 0x0000025b77ed3610 code [0x0000025b77ed37a0, 0x0000025b77ed38d8]
Event: 17740.813 Thread 0x0000025b7f6df960 9132       1       org.eclipse.jdt.internal.compiler.lookup.SourceTypeBinding$1::compare (10 bytes)
Event: 17740.813 Thread 0x0000025b7f6df960 nmethod 9132 0x0000025b77ed3310 code [0x0000025b77ed34a0, 0x0000025b77ed3578]
Event: 17740.826 Thread 0x0000025b7f6df960 9133       1       org.springframework.ide.vscode.commons.rewrite.java.FixDescriptor::getLabel (5 bytes)
Event: 17740.827 Thread 0x0000025b7f6df960 nmethod 9133 0x0000025b77ed3010 code [0x0000025b77ed31a0, 0x0000025b77ed3278]

GC Heap History (20 events):
Event: 19916.799 GC heap after
{Heap after GC invocations=1808 (full 1769):
 garbage-first heap   total 103424K, used 41469K [0x00000000c0000000, 0x0000000100000000)
  region size 1024K, 0 young (0K), 0 survivors (0K)
 Metaspace       used 61938K, committed 62336K, reserved 1114112K
  class space    used 7560K, committed 7744K, reserved 1048576K
}
Event: 19926.850 GC heap before
{Heap before GC invocations=1808 (full 1769):
 garbage-first heap   total 103424K, used 41469K [0x00000000c0000000, 0x0000000100000000)
  region size 1024K, 1 young (1024K), 0 survivors (0K)
 Metaspace       used 61938K, committed 62336K, reserved 1114112K
  class space    used 7560K, committed 7744K, reserved 1048576K
}
Event: 19926.871 GC heap after
{Heap after GC invocations=1809 (full 1770):
 garbage-first heap   total 103424K, used 41469K [0x00000000c0000000, 0x0000000100000000)
  region size 1024K, 0 young (0K), 0 survivors (0K)
 Metaspace       used 61938K, committed 62336K, reserved 1114112K
  class space    used 7560K, committed 7744K, reserved 1048576K
}
Event: 19936.940 GC heap before
{Heap before GC invocations=1809 (full 1770):
 garbage-first heap   total 103424K, used 41469K [0x00000000c0000000, 0x0000000100000000)
  region size 1024K, 1 young (1024K), 0 survivors (0K)
 Metaspace       used 61938K, committed 62336K, reserved 1114112K
  class space    used 7560K, committed 7744K, reserved 1048576K
}
Event: 19936.966 GC heap after
{Heap after GC invocations=1810 (full 1771):
 garbage-first heap   total 103424K, used 41469K [0x00000000c0000000, 0x0000000100000000)
  region size 1024K, 0 young (0K), 0 survivors (0K)
 Metaspace       used 61938K, committed 62336K, reserved 1114112K
  class space    used 7560K, committed 7744K, reserved 1048576K
}
Event: 19947.026 GC heap before
{Heap before GC invocations=1810 (full 1771):
 garbage-first heap   total 103424K, used 41469K [0x00000000c0000000, 0x0000000100000000)
  region size 1024K, 1 young (1024K), 0 survivors (0K)
 Metaspace       used 61938K, committed 62336K, reserved 1114112K
  class space    used 7560K, committed 7744K, reserved 1048576K
}
Event: 19947.051 GC heap after
{Heap after GC invocations=1811 (full 1772):
 garbage-first heap   total 103424K, used 41469K [0x00000000c0000000, 0x0000000100000000)
  region size 1024K, 0 young (0K), 0 survivors (0K)
 Metaspace       used 61938K, committed 62336K, reserved 1114112K
  class space    used 7560K, committed 7744K, reserved 1048576K
}
Event: 19957.120 GC heap before
{Heap before GC invocations=1811 (full 1772):
 garbage-first heap   total 103424K, used 41469K [0x00000000c0000000, 0x0000000100000000)
  region size 1024K, 1 young (1024K), 0 survivors (0K)
 Metaspace       used 61938K, committed 62336K, reserved 1114112K
  class space    used 7560K, committed 7744K, reserved 1048576K
}
Event: 19957.143 GC heap after
{Heap after GC invocations=1812 (full 1773):
 garbage-first heap   total 103424K, used 41469K [0x00000000c0000000, 0x0000000100000000)
  region size 1024K, 0 young (0K), 0 survivors (0K)
 Metaspace       used 61938K, committed 62336K, reserved 1114112K
  class space    used 7560K, committed 7744K, reserved 1048576K
}
Event: 19967.234 GC heap before
{Heap before GC invocations=1812 (full 1773):
 garbage-first heap   total 103424K, used 41469K [0x00000000c0000000, 0x0000000100000000)
  region size 1024K, 1 young (1024K), 0 survivors (0K)
 Metaspace       used 61938K, committed 62336K, reserved 1114112K
  class space    used 7560K, committed 7744K, reserved 1048576K
}
Event: 19967.256 GC heap after
{Heap after GC invocations=1813 (full 1774):
 garbage-first heap   total 103424K, used 41469K [0x00000000c0000000, 0x0000000100000000)
  region size 1024K, 0 young (0K), 0 survivors (0K)
 Metaspace       used 61938K, committed 62336K, reserved 1114112K
  class space    used 7560K, committed 7744K, reserved 1048576K
}
Event: 19977.324 GC heap before
{Heap before GC invocations=1813 (full 1774):
 garbage-first heap   total 103424K, used 41469K [0x00000000c0000000, 0x0000000100000000)
  region size 1024K, 1 young (1024K), 0 survivors (0K)
 Metaspace       used 61938K, committed 62336K, reserved 1114112K
  class space    used 7560K, committed 7744K, reserved 1048576K
}
Event: 19977.351 GC heap after
{Heap after GC invocations=1814 (full 1775):
 garbage-first heap   total 103424K, used 41469K [0x00000000c0000000, 0x0000000100000000)
  region size 1024K, 0 young (0K), 0 survivors (0K)
 Metaspace       used 61938K, committed 62336K, reserved 1114112K
  class space    used 7560K, committed 7744K, reserved 1048576K
}
Event: 19987.417 GC heap before
{Heap before GC invocations=1814 (full 1775):
 garbage-first heap   total 103424K, used 41469K [0x00000000c0000000, 0x0000000100000000)
  region size 1024K, 1 young (1024K), 0 survivors (0K)
 Metaspace       used 61938K, committed 62336K, reserved 1114112K
  class space    used 7560K, committed 7744K, reserved 1048576K
}
Event: 19987.448 GC heap after
{Heap after GC invocations=1815 (full 1776):
 garbage-first heap   total 103424K, used 41469K [0x00000000c0000000, 0x0000000100000000)
  region size 1024K, 0 young (0K), 0 survivors (0K)
 Metaspace       used 61938K, committed 62336K, reserved 1114112K
  class space    used 7560K, committed 7744K, reserved 1048576K
}
Event: 19997.553 GC heap before
{Heap before GC invocations=1815 (full 1776):
 garbage-first heap   total 103424K, used 41469K [0x00000000c0000000, 0x0000000100000000)
  region size 1024K, 1 young (1024K), 0 survivors (0K)
 Metaspace       used 61938K, committed 62336K, reserved 1114112K
  class space    used 7560K, committed 7744K, reserved 1048576K
}
Event: 19997.582 GC heap after
{Heap after GC invocations=1816 (full 1777):
 garbage-first heap   total 103424K, used 41469K [0x00000000c0000000, 0x0000000100000000)
  region size 1024K, 0 young (0K), 0 survivors (0K)
 Metaspace       used 61938K, committed 62336K, reserved 1114112K
  class space    used 7560K, committed 7744K, reserved 1048576K
}
Event: 20007.643 GC heap before
{Heap before GC invocations=1816 (full 1777):
 garbage-first heap   total 103424K, used 41469K [0x00000000c0000000, 0x0000000100000000)
  region size 1024K, 1 young (1024K), 0 survivors (0K)
 Metaspace       used 61938K, committed 62336K, reserved 1114112K
  class space    used 7560K, committed 7744K, reserved 1048576K
}
Event: 20007.666 GC heap after
{Heap after GC invocations=1817 (full 1778):
 garbage-first heap   total 103424K, used 41469K [0x00000000c0000000, 0x0000000100000000)
  region size 1024K, 0 young (0K), 0 survivors (0K)
 Metaspace       used 61938K, committed 62336K, reserved 1114112K
  class space    used 7560K, committed 7744K, reserved 1048576K
}
Event: 20018.201 GC heap before
{Heap before GC invocations=1817 (full 1778):
 garbage-first heap   total 103424K, used 41469K [0x00000000c0000000, 0x0000000100000000)
  region size 1024K, 1 young (1024K), 0 survivors (0K)
 Metaspace       used 61938K, committed 62336K, reserved 1114112K
  class space    used 7560K, committed 7744K, reserved 1048576K
}

Dll operation events (10 events):
Event: 0.009 Loaded shared library c:\Users\Admin\.vscode\extensions\redhat.java-1.34.0-win32-x64\jre\17.0.12-win32-x86_64\bin\java.dll
Event: 0.403 Loaded shared library C:\Users\Admin\.vscode\extensions\redhat.java-1.34.0-win32-x64\jre\17.0.12-win32-x86_64\bin\net.dll
Event: 0.404 Loaded shared library C:\Users\Admin\.vscode\extensions\redhat.java-1.34.0-win32-x64\jre\17.0.12-win32-x86_64\bin\nio.dll
Event: 0.414 Loaded shared library C:\Users\Admin\.vscode\extensions\redhat.java-1.34.0-win32-x64\jre\17.0.12-win32-x86_64\bin\zip.dll
Event: 0.861 Loaded shared library C:\Users\Admin\.vscode\extensions\redhat.java-1.34.0-win32-x64\jre\17.0.12-win32-x86_64\bin\jimage.dll
Event: 4.867 Loaded shared library c:\Users\Admin\.vscode\extensions\redhat.java-1.34.0-win32-x64\jre\17.0.12-win32-x86_64\bin\verify.dll
Event: 7.438 Loaded shared library C:\Users\Admin\.vscode\extensions\redhat.java-1.34.0-win32-x64\jre\17.0.12-win32-x86_64\bin\management.dll
Event: 7.442 Loaded shared library C:\Users\Admin\.vscode\extensions\redhat.java-1.34.0-win32-x64\jre\17.0.12-win32-x86_64\bin\management_ext.dll
Event: 9.034 Loaded shared library C:\Users\Admin\.vscode\extensions\redhat.java-1.34.0-win32-x64\jre\17.0.12-win32-x86_64\bin\sunmscapi.dll
Event: 9.229 Loaded shared library C:\Users\Admin\.vscode\extensions\redhat.java-1.34.0-win32-x64\jre\17.0.12-win32-x86_64\bin\extnet.dll

Deoptimization events (20 events):
Event: 9.093 Thread 0x0000025b055e5ab0 DEOPT PACKING pc=0x0000025b776a320c sp=0x00000077beefe400
Event: 9.093 Thread 0x0000025b055e5ab0 DEOPT UNPACKING pc=0x0000025b76d17143 sp=0x00000077beefd968 mode 0
Event: 9.093 Thread 0x0000025b055e5ab0 DEOPT PACKING pc=0x0000025b776ace4c sp=0x00000077beefe530
Event: 9.093 Thread 0x0000025b055e5ab0 DEOPT UNPACKING pc=0x0000025b76d17143 sp=0x00000077beefda10 mode 0
Event: 9.093 Thread 0x0000025b055e5ab0 DEOPT PACKING pc=0x0000025b776a320c sp=0x00000077beefe660
Event: 9.093 Thread 0x0000025b055e5ab0 DEOPT UNPACKING pc=0x0000025b76d17143 sp=0x00000077beefdbc8 mode 0
Event: 9.093 Thread 0x0000025b055e5ab0 DEOPT PACKING pc=0x0000025b776ace4c sp=0x00000077beefe790
Event: 9.093 Thread 0x0000025b055e5ab0 DEOPT UNPACKING pc=0x0000025b76d17143 sp=0x00000077beefdc88 mode 0
Event: 9.095 Thread 0x0000025b055eb5d0 DEOPT PACKING pc=0x0000025b76ead60c sp=0x00000077bfbfac90
Event: 9.095 Thread 0x0000025b055eb5d0 DEOPT UNPACKING pc=0x0000025b76d17143 sp=0x00000077bfbfa158 mode 0
Event: 9.097 Thread 0x0000025b055e5ab0 DEOPT PACKING pc=0x0000025b776a320c sp=0x00000077beefeb00
Event: 9.097 Thread 0x0000025b055e5ab0 DEOPT UNPACKING pc=0x0000025b76d17143 sp=0x00000077beefe068 mode 0
Event: 9.097 Thread 0x0000025b055e5ab0 DEOPT PACKING pc=0x0000025b776ace4c sp=0x00000077beefec30
Event: 9.097 Thread 0x0000025b055e5ab0 DEOPT UNPACKING pc=0x0000025b76d17143 sp=0x00000077beefe128 mode 0
Event: 153.915 Thread 0x0000025b055b2010 DEOPT PACKING pc=0x0000025b77246a54 sp=0x00000077bdeff140
Event: 153.915 Thread 0x0000025b055b2010 DEOPT UNPACKING pc=0x0000025b76d17143 sp=0x00000077bdefe5e8 mode 0
Event: 7911.381 Thread 0x0000025b055e64d0 DEOPT PACKING pc=0x0000025b777b4534 sp=0x00000077bbefe380
Event: 7911.383 Thread 0x0000025b055e64d0 DEOPT UNPACKING pc=0x0000025b76d17143 sp=0x00000077bbefd8d0 mode 0
Event: 7917.765 Thread 0x0000025b055eb5d0 DEOPT PACKING pc=0x0000025b7769d9cc sp=0x00000077bbffe000
Event: 7917.765 Thread 0x0000025b055eb5d0 DEOPT UNPACKING pc=0x0000025b76d17143 sp=0x00000077bbffd4c0 mode 0

Classes loaded (20 events):
Event: 310.359 Loading class sun/nio/ch/SocketOptionRegistry$LazyInitialization
Event: 310.359 Loading class sun/nio/ch/SocketOptionRegistry$LazyInitialization done
Event: 310.359 Loading class sun/nio/ch/OptionKey
Event: 310.360 Loading class sun/nio/ch/OptionKey done
Event: 310.360 Loading class sun/nio/ch/ExtendedSocketOption
Event: 310.360 Loading class sun/nio/ch/ExtendedSocketOption done
Event: 310.360 Loading class sun/nio/ch/ExtendedSocketOption$1
Event: 310.360 Loading class sun/nio/ch/ExtendedSocketOption$1 done
Event: 310.364 Loading class sun/security/ssl/Alert
Event: 310.367 Loading class sun/security/ssl/Alert done
Event: 310.370 Loading class sun/security/ssl/Alert$AlertConsumer
Event: 310.371 Loading class sun/security/ssl/Alert$AlertConsumer done
Event: 310.371 Loading class sun/security/ssl/Alert$Level
Event: 310.371 Loading class sun/security/ssl/Alert$Level done
Event: 310.377 Loading class sun/net/ConnectionResetException
Event: 310.378 Loading class sun/net/ConnectionResetException done
Event: 9269.385 Loading class java/io/RandomAccessFile$1
Event: 9269.386 Loading class java/io/RandomAccessFile$1 done
Event: 15351.457 Loading class java/util/logging/LogRecord
Event: 15351.781 Loading class java/util/logging/LogRecord done

Classes unloaded (20 events):
Event: 8946.831 Thread 0x0000025b7f688050 Unloading class 0x000000010008d400 'java/lang/invoke/LambdaForm$MH+0x000000010008d400'
Event: 8946.831 Thread 0x0000025b7f688050 Unloading class 0x000000010008c000 'java/lang/invoke/LambdaForm$MH+0x000000010008c000'
Event: 8946.831 Thread 0x0000025b7f688050 Unloading class 0x0000000100088400 'java/lang/invoke/LambdaForm$MH+0x0000000100088400'
Event: 8946.831 Thread 0x0000025b7f688050 Unloading class 0x000000010008ac00 'java/lang/invoke/LambdaForm$MH+0x000000010008ac00'
Event: 8946.831 Thread 0x0000025b7f688050 Unloading class 0x0000000100089400 'java/lang/invoke/LambdaForm$MH+0x0000000100089400'
Event: 8946.831 Thread 0x0000025b7f688050 Unloading class 0x0000000100088c00 'java/lang/invoke/LambdaForm$MH+0x0000000100088c00'
Event: 9279.461 Thread 0x0000025b7f688050 Unloading class 0x0000000100088400 'jdk/internal/reflect/GeneratedMethodAccessor28'
Event: 9279.461 Thread 0x0000025b7f688050 Unloading class 0x000000010008c000 'jdk/internal/reflect/GeneratedConstructorAccessor58'
Event: 9279.461 Thread 0x0000025b7f688050 Unloading class 0x000000010008d400 'jdk/internal/reflect/GeneratedMethodAccessor27'
Event: 9279.461 Thread 0x0000025b7f688050 Unloading class 0x00000001003ad400 'jdk/internal/reflect/GeneratedConstructorAccessor57'
Event: 9279.461 Thread 0x0000025b7f688050 Unloading class 0x00000001003b1c00 'jdk/internal/reflect/GeneratedMethodAccessor26'
Event: 9279.461 Thread 0x0000025b7f688050 Unloading class 0x00000001003ac400 'jdk/internal/reflect/GeneratedMethodAccessor25'
Event: 9279.461 Thread 0x0000025b7f688050 Unloading class 0x00000001003acc00 'jdk/internal/reflect/GeneratedMethodAccessor24'
Event: 9590.925 Thread 0x0000025b7f688050 Unloading class 0x0000000100089400 'jdk/internal/reflect/GeneratedMethodAccessor34'
Event: 9590.925 Thread 0x0000025b7f688050 Unloading class 0x000000010008ac00 'jdk/internal/reflect/GeneratedConstructorAccessor61'
Event: 9590.925 Thread 0x0000025b7f688050 Unloading class 0x00000001003acc00 'jdk/internal/reflect/GeneratedMethodAccessor33'
Event: 9590.925 Thread 0x0000025b7f688050 Unloading class 0x00000001003ac400 'jdk/internal/reflect/GeneratedConstructorAccessor60'
Event: 9590.925 Thread 0x0000025b7f688050 Unloading class 0x00000001003b1c00 'jdk/internal/reflect/GeneratedMethodAccessor32'
Event: 9590.925 Thread 0x0000025b7f688050 Unloading class 0x00000001003ad400 'jdk/internal/reflect/GeneratedMethodAccessor31'
Event: 9590.925 Thread 0x0000025b7f688050 Unloading class 0x000000010008d400 'jdk/internal/reflect/GeneratedMethodAccessor30'

Classes redefined (0 events):
No events

Internal exceptions (20 events):
Event: 9.194 Thread 0x0000025b055e5ab0 Exception <a 'sun/nio/fs/WindowsException'{0x00000000c54a5740}> (0x00000000c54a5740) 
thrown [s\src\hotspot\share\prims\jni.cpp, line 516]
Event: 9.194 Thread 0x0000025b055e5ab0 Exception <a 'sun/nio/fs/WindowsException'{0x00000000c54a61c8}> (0x00000000c54a61c8) 
thrown [s\src\hotspot\share\prims\jni.cpp, line 516]
Event: 9.194 Thread 0x0000025b055e5ab0 Exception <a 'sun/nio/fs/WindowsException'{0x00000000c54a6c70}> (0x00000000c54a6c70) 
thrown [s\src\hotspot\share\prims\jni.cpp, line 516]
Event: 9.194 Thread 0x0000025b055e5ab0 Exception <a 'sun/nio/fs/WindowsException'{0x00000000c54a7818}> (0x00000000c54a7818) 
thrown [s\src\hotspot\share\prims\jni.cpp, line 516]
Event: 9.194 Thread 0x0000025b055e5ab0 Exception <a 'sun/nio/fs/WindowsException'{0x00000000c54a8428}> (0x00000000c54a8428) 
thrown [s\src\hotspot\share\prims\jni.cpp, line 516]
Event: 47.473 Thread 0x0000025b05555430 Exception <a 'java/lang/NoSuchMethodError'{0x00000000c5921a10}: 'void java.lang.invoke.DirectMethodHandle$Holder.invokeStatic(java.lang.Object, long)'> (0x00000000c5921a10) 
thrown [s\src\hotspot\share\interpreter\linkResolver.cpp, line 759]
Event: 47.473 Thread 0x0000025b05555430 Exception <a 'java/lang/NoSuchMethodError'{0x00000000c5926dc0}: 'java.lang.Object java.lang.invoke.DirectMethodHandle$Holder.newInvokeSpecial(java.lang.Object, long)'> (0x00000000c5926dc0) 
thrown [s\src\hotspot\share\interpreter\linkResolver.cpp, line 759]
Event: 310.377 Thread 0x0000025b055e7400 Exception <a 'java/io/IOException'{0x00000000c7d896f0}> (0x00000000c7d896f0) 
thrown [s\src\hotspot\share\prims\jni.cpp, line 516]
Event: 310.567 Thread 0x0000025b06ab11d0 Exception <a 'java/io/IOException'{0x00000000c7d974a0}> (0x00000000c7d974a0) 
thrown [s\src\hotspot\share\prims\jni.cpp, line 516]
Event: 311.109 Thread 0x0000025b06aaf370 Exception <a 'java/io/IOException'{0x00000000c7da4180}> (0x00000000c7da4180) 
thrown [s\src\hotspot\share\prims\jni.cpp, line 516]
Event: 7925.351 Thread 0x0000025b055e4b80 Exception <a 'java/lang/NoSuchMethodError'{0x00000000c4330cc0}: 'java.lang.Object java.lang.invoke.DirectMethodHandle$Holder.newInvokeSpecial(java.lang.Object, java.lang.Object, int, java.lang.Object)'> (0x00000000c4330cc0) 
thrown [s\src\hotspot\share\interpreter\linkResolver.cpp, line 759]
Event: 7925.353 Thread 0x0000025b055e4b80 Exception <a 'java/lang/NoSuchMethodError'{0x00000000c43345e0}: 'java.lang.Object java.lang.invoke.Invokers$Holder.linkToTargetMethod(java.lang.Object, int, java.lang.Object, java.lang.Object)'> (0x00000000c43345e0) 
thrown [s\src\hotspot\share\interpreter\linkResolver.cpp, line 759]
Event: 9425.834 Thread 0x0000025b055d0c10 Exception <a 'sun/nio/fs/WindowsException'{0x00000000c7d06460}> (0x00000000c7d06460) 
thrown [s\src\hotspot\share\prims\jni.cpp, line 516]
Event: 9425.837 Thread 0x0000025b055d0c10 Exception <a 'sun/nio/fs/WindowsException'{0x00000000c7d06ac0}> (0x00000000c7d06ac0) 
thrown [s\src\hotspot\share\prims\jni.cpp, line 516]
Event: 9461.793 Thread 0x0000025b055d0c10 Exception <a 'sun/nio/fs/WindowsException'{0x00000000c3f80798}> (0x00000000c3f80798) 
thrown [s\src\hotspot\share\prims\jni.cpp, line 516]
Event: 9461.793 Thread 0x0000025b055d0c10 Exception <a 'sun/nio/fs/WindowsException'{0x00000000c3f80df8}> (0x00000000c3f80df8) 
thrown [s\src\hotspot\share\prims\jni.cpp, line 516]
Event: 9475.364 Thread 0x0000025b055d0c10 Exception <a 'sun/nio/fs/WindowsException'{0x00000000c3f8d218}> (0x00000000c3f8d218) 
thrown [s\src\hotspot\share\prims\jni.cpp, line 516]
Event: 9475.364 Thread 0x0000025b055d0c10 Exception <a 'sun/nio/fs/WindowsException'{0x00000000c3f8d878}> (0x00000000c3f8d878) 
thrown [s\src\hotspot\share\prims\jni.cpp, line 516]
Event: 9489.073 Thread 0x0000025b055d0c10 Exception <a 'sun/nio/fs/WindowsException'{0x00000000c3fa9ac0}> (0x00000000c3fa9ac0) 
thrown [s\src\hotspot\share\prims\jni.cpp, line 516]
Event: 9489.073 Thread 0x0000025b055d0c10 Exception <a 'sun/nio/fs/WindowsException'{0x00000000c3faa120}> (0x00000000c3faa120) 
thrown [s\src\hotspot\share\prims\jni.cpp, line 516]

VM Operations (20 events):
Event: 19916.799 Executing VM operation: G1CollectFull done
Event: 19926.850 Executing VM operation: G1CollectFull
Event: 19926.871 Executing VM operation: G1CollectFull done
Event: 19936.940 Executing VM operation: G1CollectFull
Event: 19936.966 Executing VM operation: G1CollectFull done
Event: 19947.026 Executing VM operation: G1CollectFull
Event: 19947.051 Executing VM operation: G1CollectFull done
Event: 19957.120 Executing VM operation: G1CollectFull
Event: 19957.143 Executing VM operation: G1CollectFull done
Event: 19967.234 Executing VM operation: G1CollectFull
Event: 19967.256 Executing VM operation: G1CollectFull done
Event: 19977.324 Executing VM operation: G1CollectFull
Event: 19977.351 Executing VM operation: G1CollectFull done
Event: 19987.417 Executing VM operation: G1CollectFull
Event: 19987.448 Executing VM operation: G1CollectFull done
Event: 19997.553 Executing VM operation: G1CollectFull
Event: 19997.582 Executing VM operation: G1CollectFull done
Event: 20007.643 Executing VM operation: G1CollectFull
Event: 20007.666 Executing VM operation: G1CollectFull done
Event: 20018.201 Executing VM operation: G1CollectFull

Events (20 events):
Event: 17361.569 Thread 0x0000025b04695350 Thread exited: 0x0000025b04695350
Event: 17411.413 Thread 0x0000025b055e5090 Thread exited: 0x0000025b055e5090
Event: 17411.549 Thread 0x0000025b055eb5d0 Thread exited: 0x0000025b055eb5d0
Event: 17411.550 Thread 0x0000025b055e5fc0 Thread exited: 0x0000025b055e5fc0
Event: 17411.550 Thread 0x0000025b055e64d0 Thread exited: 0x0000025b055e64d0
Event: 17411.567 Thread 0x0000025b055e4b80 Thread exited: 0x0000025b055e4b80
Event: 17615.121 Thread 0x0000025b055e4b80 Thread added: 0x0000025b055e4b80
Event: 17615.123 Thread 0x0000025b055e5fc0 Thread added: 0x0000025b055e5fc0
Event: 17615.150 Thread 0x0000025b04610ad0 Thread added: 0x0000025b04610ad0
Event: 17620.170 Thread 0x0000025b04610ad0 Thread exited: 0x0000025b04610ad0
Event: 17626.174 Thread 0x0000025b055e9260 Thread added: 0x0000025b055e9260
Event: 17675.159 Thread 0x0000025b055e5fc0 Thread exited: 0x0000025b055e5fc0
Event: 17675.871 Thread 0x0000025b055eb5d0 Thread added: 0x0000025b055eb5d0
Event: 17735.952 Thread 0x0000025b055eb5d0 Thread exited: 0x0000025b055eb5d0
Event: 17740.695 Thread 0x0000025b055e5fc0 Thread added: 0x0000025b055e5fc0
Event: 17740.820 Thread 0x0000025b055e8330 Thread added: 0x0000025b055e8330
Event: 17800.703 Thread 0x0000025b055e9260 Thread exited: 0x0000025b055e9260
Event: 17800.827 Thread 0x0000025b055e8330 Thread exited: 0x0000025b055e8330
Event: 17800.827 Thread 0x0000025b055e5fc0 Thread exited: 0x0000025b055e5fc0
Event: 17816.503 Thread 0x0000025b055e4b80 Thread exited: 0x0000025b055e4b80


Dynamic libraries:
0x00007ff6117b0000 - 0x00007ff6117be000 	c:\Users\Admin\.vscode\extensions\redhat.java-1.34.0-win32-x64\jre\17.0.12-win32-x86_64\bin\java.exe
0x00007ff971db0000 - 0x00007ff971fc7000 	C:\Windows\SYSTEM32\ntdll.dll
0x00007ff9711a0000 - 0x00007ff971264000 	C:\Windows\System32\KERNEL32.DLL
0x00007ff96f3f0000 - 0x00007ff96f796000 	C:\Windows\System32\KERNELBASE.dll
0x00007ff8f3760000 - 0x00007ff8f3777000 	c:\Users\Admin\.vscode\extensions\redhat.java-1.34.0-win32-x64\jre\17.0.12-win32-x86_64\bin\jli.dll
0x00007ff970960000 - 0x00007ff970b0e000 	C:\Windows\System32\USER32.dll
0x00007ff8f3780000 - 0x00007ff8f379b000 	c:\Users\Admin\.vscode\extensions\redhat.java-1.34.0-win32-x64\jre\17.0.12-win32-x86_64\bin\VCRUNTIME140.dll
0x00007ff96f9e0000 - 0x00007ff96fa06000 	C:\Windows\System32\win32u.dll
0x00007ff96ff00000 - 0x00007ff96ff29000 	C:\Windows\System32\GDI32.dll
0x00007ff96f2d0000 - 0x00007ff96f3e8000 	C:\Windows\System32\gdi32full.dll
0x00007ff96f940000 - 0x00007ff96f9da000 	C:\Windows\System32\msvcp_win.dll
0x00007ff96f0f0000 - 0x00007ff96f201000 	C:\Windows\System32\ucrtbase.dll
0x00007ff962f90000 - 0x00007ff963223000 	C:\Windows\WinSxS\amd64_microsoft.windows.common-controls_6595b64144ccf1df_6.0.22621.2506_none_270c5ae97388e100\COMCTL32.dll
0x00007ff970890000 - 0x00007ff970937000 	C:\Windows\System32\msvcrt.dll
0x00007ff971160000 - 0x00007ff971191000 	C:\Windows\System32\IMM32.DLL
0x00007ff8f3750000 - 0x00007ff8f375c000 	c:\Users\Admin\.vscode\extensions\redhat.java-1.34.0-win32-x64\jre\17.0.12-win32-x86_64\bin\vcruntime140_1.dll
0x00007ff8f36c0000 - 0x00007ff8f374d000 	c:\Users\Admin\.vscode\extensions\redhat.java-1.34.0-win32-x64\jre\17.0.12-win32-x86_64\bin\msvcp140.dll
0x00007ff8f1ba0000 - 0x00007ff8f280a000 	c:\Users\Admin\.vscode\extensions\redhat.java-1.34.0-win32-x64\jre\17.0.12-win32-x86_64\bin\server\jvm.dll
0x00007ff9719d0000 - 0x00007ff971a83000 	C:\Windows\System32\ADVAPI32.dll
0x00007ff971710000 - 0x00007ff9717b8000 	C:\Windows\System32\sechost.dll
0x00007ff96f910000 - 0x00007ff96f938000 	C:\Windows\System32\bcrypt.dll
0x00007ff971b60000 - 0x00007ff971c77000 	C:\Windows\System32\RPCRT4.dll
0x00007ff9717d0000 - 0x00007ff971841000 	C:\Windows\System32\WS2_32.dll
0x00007ff96df40000 - 0x00007ff96df8d000 	C:\Windows\SYSTEM32\POWRPROF.dll
0x00007ff963380000 - 0x00007ff9633b4000 	C:\Windows\SYSTEM32\WINMM.dll
0x00007ff966560000 - 0x00007ff96656a000 	C:\Windows\SYSTEM32\VERSION.dll
0x00007ff96df20000 - 0x00007ff96df33000 	C:\Windows\SYSTEM32\UMPDC.dll
0x00007ff96e1e0000 - 0x00007ff96e1f8000 	C:\Windows\SYSTEM32\kernel.appcore.dll
0x00007ff8f3330000 - 0x00007ff8f333a000 	c:\Users\Admin\.vscode\extensions\redhat.java-1.34.0-win32-x64\jre\17.0.12-win32-x86_64\bin\jimage.dll
0x00007ff9677d0000 - 0x00007ff967a03000 	C:\Windows\SYSTEM32\DBGHELP.DLL
0x00007ff970b10000 - 0x00007ff970e99000 	C:\Windows\System32\combase.dll
0x00007ff971c90000 - 0x00007ff971d67000 	C:\Windows\System32\OLEAUT32.dll
0x00007ff9524d0000 - 0x00007ff952502000 	C:\Windows\SYSTEM32\dbgcore.DLL
0x00007ff96fa80000 - 0x00007ff96fafa000 	C:\Windows\System32\bcryptPrimitives.dll
0x00007ff8f32f0000 - 0x00007ff8f3315000 	c:\Users\Admin\.vscode\extensions\redhat.java-1.34.0-win32-x64\jre\17.0.12-win32-x86_64\bin\java.dll
0x00007ff8f32d0000 - 0x00007ff8f32e8000 	c:\Users\Admin\.vscode\extensions\redhat.java-1.34.0-win32-x64\jre\17.0.12-win32-x86_64\bin\zip.dll
0x00007ff970030000 - 0x00007ff97088b000 	C:\Windows\System32\SHELL32.dll
0x00007ff96d000000 - 0x00007ff96d8f6000 	C:\Windows\SYSTEM32\windows.storage.dll
0x00007ff96cec0000 - 0x00007ff96cffe000 	C:\Windows\SYSTEM32\wintypes.dll
0x00007ff96ff30000 - 0x00007ff970023000 	C:\Windows\System32\SHCORE.dll
0x00007ff971af0000 - 0x00007ff971b4e000 	C:\Windows\System32\shlwapi.dll
0x00007ff96f020000 - 0x00007ff96f046000 	C:\Windows\SYSTEM32\profapi.dll
0x00007ff8f32a0000 - 0x00007ff8f32b9000 	C:\Users\Admin\.vscode\extensions\redhat.java-1.34.0-win32-x64\jre\17.0.12-win32-x86_64\bin\net.dll
0x00007ff968ee0000 - 0x00007ff969017000 	C:\Windows\SYSTEM32\WINHTTP.dll
0x00007ff96e650000 - 0x00007ff96e6b9000 	C:\Windows\system32\mswsock.dll
0x00007ff8f3280000 - 0x00007ff8f3296000 	C:\Users\Admin\.vscode\extensions\redhat.java-1.34.0-win32-x64\jre\17.0.12-win32-x86_64\bin\nio.dll
0x00007ff8f36b0000 - 0x00007ff8f36c0000 	c:\Users\Admin\.vscode\extensions\redhat.java-1.34.0-win32-x64\jre\17.0.12-win32-x86_64\bin\verify.dll
0x00007ff96e9a0000 - 0x00007ff96e9bb000 	C:\Windows\SYSTEM32\CRYPTSP.dll
0x00007ff96e140000 - 0x00007ff96e175000 	C:\Windows\system32\rsaenh.dll
0x00007ff96e6f0000 - 0x00007ff96e71c000 	C:\Windows\SYSTEM32\USERENV.dll
0x00007ff96e980000 - 0x00007ff96e98c000 	C:\Windows\SYSTEM32\CRYPTBASE.dll
0x00007ff96dba0000 - 0x00007ff96dbcd000 	C:\Windows\SYSTEM32\IPHLPAPI.DLL
0x00007ff9717c0000 - 0x00007ff9717c9000 	C:\Windows\System32\NSI.dll
0x00007ff968bf0000 - 0x00007ff968c09000 	C:\Windows\SYSTEM32\dhcpcsvc6.DLL
0x00007ff968bd0000 - 0x00007ff968bef000 	C:\Windows\SYSTEM32\dhcpcsvc.DLL
0x00007ff96dc20000 - 0x00007ff96dd19000 	C:\Windows\SYSTEM32\DNSAPI.dll
0x00007ff8f3680000 - 0x00007ff8f3689000 	C:\Users\Admin\.vscode\extensions\redhat.java-1.34.0-win32-x64\jre\17.0.12-win32-x86_64\bin\management.dll
0x00007ff8f3670000 - 0x00007ff8f367b000 	C:\Users\Admin\.vscode\extensions\redhat.java-1.34.0-win32-x64\jre\17.0.12-win32-x86_64\bin\management_ext.dll
0x00007ff971c80000 - 0x00007ff971c88000 	C:\Windows\System32\PSAPI.DLL
0x00007ff8f3340000 - 0x00007ff8f334e000 	C:\Users\Admin\.vscode\extensions\redhat.java-1.34.0-win32-x64\jre\17.0.12-win32-x86_64\bin\sunmscapi.dll
0x00007ff96f7a0000 - 0x00007ff96f906000 	C:\Windows\System32\CRYPT32.dll
0x00007ff96eab0000 - 0x00007ff96eade000 	C:\Windows\SYSTEM32\ncrypt.dll
0x00007ff96ea70000 - 0x00007ff96eaa7000 	C:\Windows\SYSTEM32\NTASN1.dll
0x00007ff9675a0000 - 0x00007ff9675aa000 	C:\Windows\System32\rasadhlp.dll
0x00007ff968670000 - 0x00007ff9686f3000 	C:\Windows\System32\fwpuclnt.dll
0x00007ff8f3240000 - 0x00007ff8f3249000 	C:\Users\Admin\.vscode\extensions\redhat.java-1.34.0-win32-x64\jre\17.0.12-win32-x86_64\bin\extnet.dll

dbghelp: loaded successfully - version: 4.0.5 - missing functions: none
symbol engine: initialized successfully - sym options: 0x614 - pdb path: .;c:\Users\Admin\.vscode\extensions\redhat.java-1.34.0-win32-x64\jre\17.0.12-win32-x86_64\bin;C:\Windows\SYSTEM32;C:\Windows\WinSxS\amd64_microsoft.windows.common-controls_6595b64144ccf1df_6.0.22621.2506_none_270c5ae97388e100;c:\Users\Admin\.vscode\extensions\redhat.java-1.34.0-win32-x64\jre\17.0.12-win32-x86_64\bin\server

VM Arguments:
jvm_args: -Xmx1024m -Dsts.lsp.client=vscode -Dsts.log.file=/dev/null -XX:TieredStopAtLevel=1 -Xlog:jni+resolve=off -Dspring.config.location=file:c:\Users\Admin\.vscode\extensions\vmware.vscode-spring-boot-1.56.0\language-server\BOOT-INF\classes\application.properties 
java_command: org.springframework.ide.vscode.boot.app.BootLanguageServerBootApp
java_class_path (initial): c:\Users\Admin\.vscode\extensions\vmware.vscode-spring-boot-1.56.0\language-server\BOOT-INF\classes;c:\Users\Admin\.vscode\extensions\vmware.vscode-spring-boot-1.56.0\language-server\BOOT-INF\lib\annotations-24.1.0.jar;c:\Users\Admin\.vscode\extensions\vmware.vscode-spring-boot-1.56.0\language-server\BOOT-INF\lib\antlr4-runtime-4.13.1.jar;c:\Users\Admin\.vscode\extensions\vmware.vscode-spring-boot-1.56.0\language-server\BOOT-INF\lib\asm-9.7.jar;c:\Users\Admin\.vscode\extensions\vmware.vscode-spring-boot-1.56.0\language-server\BOOT-INF\lib\asm-analysis-9.7.jar;c:\Users\Admin\.vscode\extensions\vmware.vscode-spring-boot-1.56.0\language-server\BOOT-INF\lib\asm-tree-9.7.jar;c:\Users\Admin\.vscode\extensions\vmware.vscode-spring-boot-1.56.0\language-server\BOOT-INF\lib\asm-util-9.7.jar;c:\Users\Admin\.vscode\extensions\vmware.vscode-spring-boot-1.56.0\language-server\BOOT-INF\lib\caffeine-3.1.8.jar;c:\Users\Admin\.vscode\extensions\vmware.vscode-spring-boot-1.56.0\language-server\BOOT-INF\lib\checker-qual-3.12.0.jar;c:\Users\Admin\.vscode\extensions\vmware.vscode-spring-boot-1.56.0\language-server\BOOT-INF\lib\classgraph-4.8.149.jar;c:\Users\Admin\.vscode\extensions\vmware.vscode-spring-boot-1.56.0\language-server\BOOT-INF\lib\commons-codec-1.16.1.jar;c:\Users\Admin\.vscode\extensions\vmware.vscode-spring-boot-1.56.0\language-server\BOOT-INF\lib\commons-compress-1.26.2.jar;c:\Users\Admin\.vscode\extensions\vmware.vscode-spring-boot-1.56.0\language-server\BOOT-INF\lib\commons-io-2.16.1.jar;c:\Users\Admin\.vscode\extensions\vmware.vscode-spring-boot-1.56.0\language-server\BOOT-INF\lib\commons-java-1.56.0-SNAPSHOT.jar;c:\Users\Admin\.vscode\extensions\vmware.vscode-spring-boot-1.56.0\language-server\BOOT-INF\lib\commons-lang3-3.14.0.jar;c:\Users\Admin\.vscode\extensions\vmware.vscode-spring-boot-1.56.0\language-server\BOOT-INF\lib\commons-language-server-1.56.0-SNAPSHOT.jar;c:\Users\Admin\.vscode\extensions\vmware.vscode-spring-boot-1.56.0\langu
Launcher Type: SUN_STANDARD

[Global flags]
     intx CICompilerCount                          = 4                                         {product} {ergonomic}
     uint ConcGCThreads                            = 2                                         {product} {ergonomic}
     uint G1ConcRefinementThreads                  = 8                                         {product} {ergonomic}
   size_t G1HeapRegionSize                         = 1048576                                   {product} {ergonomic}
    uintx GCDrainStackTargetSize                   = 64                                        {product} {ergonomic}
   size_t InitialHeapSize                          = 132120576                                 {product} {ergonomic}
   size_t MarkStackSize                            = 4194304                                   {product} {ergonomic}
   size_t MaxHeapSize                              = 1073741824                                {product} {command line}
   size_t MaxNewSize                               = 643825664                                 {product} {ergonomic}
   size_t MinHeapDeltaBytes                        = 1048576                                   {product} {ergonomic}
   size_t MinHeapSize                              = 8388608                                   {product} {ergonomic}
    uintx NonProfiledCodeHeapSize                  = 0                                      {pd product} {ergonomic}
     bool ProfileInterpreter                       = false                                  {pd product} {command line}
    uintx ProfiledCodeHeapSize                     = 0                                      {pd product} {ergonomic}
   size_t SoftMaxHeapSize                          = 1073741824                             {manageable} {ergonomic}
     intx TieredStopAtLevel                        = 1                                         {product} {command line}
     bool UseCompressedClassPointers               = true                           {product lp64_product} {ergonomic}
     bool UseCompressedOops                        = true                           {product lp64_product} {ergonomic}
     bool UseG1GC                                  = true                                      {product} {ergonomic}
     bool UseLargePagesIndividualAllocation        = false                                  {pd product} {ergonomic}

Logging:
Log output configuration:
 #0: stdout all=warning,jni+resolve=off uptime,level,tags
 #1: stderr all=off uptime,level,tags

Environment Variables:
JAVA_HOME=C:\Program Files\Eclipse Adoptium\jdk-21.0.3.9-hotspot
PATH=C:\Program Files\Eclipse Adoptium\jdk-21.0.3.9-hotspot\bin;C:\Windows\system32;C:\Windows;C:\Windows\System32\Wbem;C:\Windows\System32\WindowsPowerShell\v1.0\;C:\Windows\System32\OpenSSH\;C:\Program Files\Microsoft SQL Server\Client SDK\ODBC\170\Tools\Binn\;C:\Program Files\Microsoft SQL Server\150\Tools\Binn\;C:\Program Files\dotnet\;C:\Program Files\nodejs\;C:\Program Files\Docker\Docker\resources\bin;C:\Program Files\Git\cmd;C:\Program Files\apache-maven-3.9.8\bin;C:\Users\Admin\AppData\Local\Microsoft\WindowsApps;C:\Users\Admin\.dotnet\tools;C:\Users\Admin\AppData\Local\Programs\Microsoft VS Code\bin;C:\Users\Admin\AppData\Local\JetBrains\Toolbox\scripts;C:\Users\Admin\AppData\Roaming\npm
USERNAME=Admin
OS=Windows_NT
PROCESSOR_IDENTIFIER=Intel64 Family 6 Model 151 Stepping 5, GenuineIntel
TMP=C:\Users\Admin\AppData\Local\Temp
TEMP=C:\Users\Admin\AppData\Local\Temp



Periodic native trim disabled


---------------  S Y S T E M  ---------------

OS:
 Windows 11 , 64 bit Build 22621 (10.0.22621.3078)
OS uptime: 0 days 5:35 hours
Hyper-V role detected

CPU: total 8 (initial active 8) (4 cores per cpu, 2 threads per core) family 6 model 151 stepping 5 microcode 0x1e, cx8, cmov, fxsr, ht, mmx, 3dnowpref, sse, sse2, sse3, ssse3, sse4.1, sse4.2, popcnt, lzcnt, tsc, tscinvbit, avx, avx2, aes, erms, clmul, bmi1, bmi2, adx, sha, fma, vzeroupper, clflush, clflushopt, clwb, hv
Processor Information for all 8 processors :
  Max Mhz: 3300, Current Mhz: 3300, Mhz Limit: 3300

Memory: 4k page, system-wide physical 7969M (119M free)
TotalPageFile size 16161M (AvailPageFile size 0M)
current process WorkingSet (physical memory assigned to process): 94M, peak: 247M
current process commit charge ("private bytes"): 280M, peak: 295M

vm_info: OpenJDK 64-Bit Server VM (17.0.12+7) for windows-amd64 JRE (17.0.12+7), built on Jul 16 2024 22:08:24 by "admin" with MS VC++ 16.10 / 16.11 (VS2019)

END.
