#
# There is insufficient memory for the Java Runtime Environment to continue.
# Native memory allocation (mmap) failed to map 65536 bytes. Error detail: Failed to commit metaspace.
# Possible reasons:
#   The system is out of physical RAM or swap space
#   This process is running with CompressedOops enabled, and the Java Heap may be blocking the growth of the native heap
# Possible solutions:
#   Reduce memory load on the system
#   Increase physical memory or swap space
#   Check if swap backing store is full
#   Decrease Java heap size (-Xmx/-Xms)
#   Decrease number of Java threads
#   Decrease Java thread stack sizes (-Xss)
#   Set larger code cache with -XX:ReservedCodeCacheSize=
#   JVM is running with Unscaled Compressed Oops mode in which the Java heap is
#     placed in the first 4GB address space. The Java Heap base address is the
#     maximum limit for the native heap growth. Please use -XX:HeapBaseMinAddress
#     to set the Java Heap base and to place the Java Heap above 4GB virtual address.
# This output file may be truncated or incomplete.
#
#  Out of Memory Error (virtualSpaceNode.cpp:110), pid=11244, tid=17244
#
# JRE version: OpenJDK Runtime Environment Temurin-17.0.12+7 (17.0.12+7) (build 17.0.12+7)
# Java VM: OpenJDK 64-Bit Server VM Temurin-17.0.12+7 (17.0.12+7, mixed mode, emulated-client, tiered, compressed oops, compressed class ptrs, g1 gc, windows-amd64)
# No core dump will be written. Minidumps are not enabled by default on client versions of Windows
#

---------------  S U M M A R Y ------------

Command Line: -Xmx1024m -Dsts.lsp.client=vscode -Dsts.log.file=/dev/null -XX:TieredStopAtLevel=1 -Xlog:jni+resolve=off -Dspring.config.location=file:c:\Users\Admin\.vscode\extensions\vmware.vscode-spring-boot-1.56.0\language-server\BOOT-INF\classes\application.properties org.springframework.ide.vscode.boot.app.BootLanguageServerBootApp

Host: 12th Gen Intel(R) Core(TM) i3-12100, 8 cores, 7G,  Windows 11 , 64 bit Build 22621 (10.0.22621.3078)
Time: Tue Oct  8 15:19:48 2024 Hora est. Pacífico, Sudamérica elapsed time: 4.362813 seconds (0d 0h 0m 4s)

---------------  T H R E A D  ---------------

Current thread (0x0000029326fb3160):  JavaThread "main" [_thread_in_vm, id=17244, stack(0x000000f2e9b00000,0x000000f2e9c00000)]

Stack: [0x000000f2e9b00000,0x000000f2e9c00000]
Native frames: (J=compiled Java code, j=interpreted, Vv=VM code, C=native code)
V  [jvm.dll+0x67f929]
V  [jvm.dll+0x8371ba]
V  [jvm.dll+0x838c7e]
V  [jvm.dll+0x8392e3]
V  [jvm.dll+0x24834f]
V  [jvm.dll+0x832e6d]
V  [jvm.dll+0x623e9e]
V  [jvm.dll+0x1c1e3b]
V  [jvm.dll+0x6267ed]
V  [jvm.dll+0x624846]
V  [jvm.dll+0x23db70]
V  [jvm.dll+0x1ec8cb]
V  [jvm.dll+0x1e2261]
V  [jvm.dll+0x54468e]
V  [jvm.dll+0x7b1158]
V  [jvm.dll+0x7b1244]
V  [jvm.dll+0x4117c5]
V  [jvm.dll+0x417949]
C  [java.dll+0x17ec]

Java frames: (J=compiled Java code, j=interpreted, Vv=VM code)
J 855  java.lang.ClassLoader.defineClass1(Ljava/lang/ClassLoader;Ljava/lang/String;[BIILjava/security/ProtectionDomain;Ljava/lang/String;)Ljava/lang/Class; java.base@17.0.12 (0 bytes) @ 0x000002932b819bdb [0x000002932b819b20+0x00000000000000bb]
J 851 c1 java.lang.ClassLoader.defineClass(Ljava/lang/String;[BIILjava/security/ProtectionDomain;)Ljava/lang/Class; java.base@17.0.12 (43 bytes) @ 0x000002932b81ab5c [0x000002932b81aa60+0x00000000000000fc]
J 748 c1 jdk.internal.loader.BuiltinClassLoader.defineClass(Ljava/lang/String;Ljdk/internal/loader/Resource;)Ljava/lang/Class; java.base@17.0.12 (121 bytes) @ 0x000002932b7f3744 [0x000002932b7f32a0+0x00000000000004a4]
J 747 c1 jdk.internal.loader.BuiltinClassLoader.findClassOnClassPathOrNull(Ljava/lang/String;)Ljava/lang/Class; java.base@17.0.12 (64 bytes) @ 0x000002932b7f43c4 [0x000002932b7f4120+0x00000000000002a4]
J 669 c1 jdk.internal.loader.BuiltinClassLoader.loadClassOrNull(Ljava/lang/String;Z)Ljava/lang/Class; java.base@17.0.12 (143 bytes) @ 0x000002932b7cdf44 [0x000002932b7cdb00+0x0000000000000444]
J 729 c1 jdk.internal.loader.ClassLoaders$AppClassLoader.loadClass(Ljava/lang/String;Z)Ljava/lang/Class; java.base@17.0.12 (40 bytes) @ 0x000002932b7ea4a4 [0x000002932b7ea360+0x0000000000000144]
J 728 c1 java.lang.ClassLoader.loadClass(Ljava/lang/String;)Ljava/lang/Class; java.base@17.0.12 (7 bytes) @ 0x000002932b7e75e4 [0x000002932b7e75a0+0x0000000000000044]
v  ~StubRoutines::call_stub
j  org.springframework.context.annotation.ConfigurationClassEnhancer$BeanFactoryAwareGeneratorStrategy.transform(Lorg/springframework/cglib/core/ClassGenerator;)Lorg/springframework/cglib/core/ClassGenerator;+0
j  org.springframework.cglib.core.DefaultGeneratorStrategy.generate(Lorg/springframework/cglib/core/ClassGenerator;)[B+7
j  org.springframework.cglib.core.ClassLoaderAwareGeneratorStrategy.generate(Lorg/springframework/cglib/core/ClassGenerator;)[B+66
j  org.springframework.cglib.core.AbstractClassGenerator.generate(Lorg/springframework/cglib/core/AbstractClassGenerator$ClassLoaderData;)Ljava/lang/Class;+164
j  org.springframework.cglib.proxy.Enhancer.generate(Lorg/springframework/cglib/core/AbstractClassGenerator$ClassLoaderData;)Ljava/lang/Class;+53
j  org.springframework.cglib.core.AbstractClassGenerator$ClassLoaderData.lambda$new$1(Lorg/springframework/cglib/core/AbstractClassGenerator;)Ljava/lang/Object;+2
j  org.springframework.cglib.core.AbstractClassGenerator$ClassLoaderData$$Lambda$520+0x00000001003a5228.apply(Ljava/lang/Object;)Ljava/lang/Object;+8
j  org.springframework.cglib.core.internal.LoadingCache.lambda$createEntry$1(Ljava/lang/Object;)Ljava/lang/Object;+5
j  org.springframework.cglib.core.internal.LoadingCache$$Lambda$522+0x00000001003a5878.call()Ljava/lang/Object;+8
j  java.util.concurrent.FutureTask.run()V+39 java.base@17.0.12
j  org.springframework.cglib.core.internal.LoadingCache.createEntry(Ljava/lang/Object;Ljava/lang/Object;Ljava/lang/Object;)Ljava/lang/Object;+56
j  org.springframework.cglib.core.internal.LoadingCache.get(Ljava/lang/Object;)Ljava/lang/Object;+39
j  org.springframework.cglib.core.AbstractClassGenerator$ClassLoaderData.get(Lorg/springframework/cglib/core/AbstractClassGenerator;Z)Ljava/lang/Object;+15
j  org.springframework.cglib.core.AbstractClassGenerator.create(Ljava/lang/Object;)Ljava/lang/Object;+115
j  org.springframework.cglib.proxy.Enhancer.createHelper()Ljava/lang/Object;+102
j  org.springframework.cglib.proxy.Enhancer.createClass()Ljava/lang/Class;+6
j  org.springframework.context.annotation.ConfigurationClassEnhancer.createClass(Lorg/springframework/cglib/proxy/Enhancer;)Ljava/lang/Class;+1
j  org.springframework.context.annotation.ConfigurationClassEnhancer.enhance(Ljava/lang/Class;Ljava/lang/ClassLoader;)Ljava/lang/Class;+53
j  org.springframework.context.annotation.ConfigurationClassPostProcessor.enhanceConfigurationClasses(Lorg/springframework/beans/factory/config/ConfigurableListableBeanFactory;)V+415
j  org.springframework.context.annotation.ConfigurationClassPostProcessor.postProcessBeanFactory(Lorg/springframework/beans/factory/config/ConfigurableListableBeanFactory;)V+75
j  org.springframework.context.support.PostProcessorRegistrationDelegate.invokeBeanFactoryPostProcessors(Ljava/util/Collection;Lorg/springframework/beans/factory/config/ConfigurableListableBeanFactory;)V+61
j  org.springframework.context.support.PostProcessorRegistrationDelegate.invokeBeanFactoryPostProcessors(Lorg/springframework/beans/factory/config/ConfigurableListableBeanFactory;Ljava/util/List;)V+521
j  org.springframework.context.support.AbstractApplicationContext.invokeBeanFactoryPostProcessors(Lorg/springframework/beans/factory/config/ConfigurableListableBeanFactory;)V+5
j  org.springframework.context.support.AbstractApplicationContext.refresh()V+62
j  org.springframework.boot.SpringApplication.refresh(Lorg/springframework/context/ConfigurableApplicationContext;)V+1
j  org.springframework.boot.SpringApplication.refreshContext(Lorg/springframework/context/ConfigurableApplicationContext;)V+16
j  org.springframework.boot.SpringApplication.run([Ljava/lang/String;)Lorg/springframework/context/ConfigurableApplicationContext;+110
j  org.springframework.boot.SpringApplication.run([Ljava/lang/Class;[Ljava/lang/String;)Lorg/springframework/context/ConfigurableApplicationContext;+9
j  org.springframework.boot.SpringApplication.run(Ljava/lang/Class;[Ljava/lang/String;)Lorg/springframework/context/ConfigurableApplicationContext;+9
j  org.springframework.ide.vscode.boot.app.BootLanguageServerBootApp.main([Ljava/lang/String;)V+19
v  ~StubRoutines::call_stub

Compiled method (n/a)    4384  855     n 0       java.lang.ClassLoader::defineClass1 (native)
 total in heap  [0x000002932b819990,0x000002932b819e68] = 1240
 relocation     [0x000002932b819ae8,0x000002932b819b20] = 56
 main code      [0x000002932b819b20,0x000002932b819e68] = 840

[Constant Pool (empty)]

[MachCode]
[Entry Point]
  # {method} {0x000002933401de70} 'defineClass1' '(Ljava/lang/ClassLoader;Ljava/lang/String;[BIILjava/security/ProtectionDomain;Ljava/lang/String;)Ljava/lang/Class;' in 'java/lang/ClassLoader'
  # parm0:    rdx:rdx   = 'java/lang/ClassLoader'
  # parm1:    r8:r8     = 'java/lang/String'
  # parm2:    r9:r9     = '[B'
  # parm3:    rdi       = int
  # parm4:    rsi       = int
  # parm5:    rcx:rcx   = 'java/security/ProtectionDomain'
  # parm6:    [sp+0xa0]   = 'java/lang/String'  (sp of caller)
  0x000002932b819b20: 448b 5208 | 49c1 e203 | 493b c20f | 8407 0000 

  0x000002932b819b30: ;   {runtime_call ic_miss_stub}
  0x000002932b819b30: 00e9 4a75 | c5ff 6690 
[Verified Entry Point]
  0x000002932b819b38: 8984 2400 | 90ff ff55 | 488b ec48 | 81ec 9000 | 0000 4881 | 7d10 0000 | 0000 488d | 4510 480f 
  0x000002932b819b58: 4445 1048 | 8944 2440 | 4889 4c24 | 7048 83f9 | 0048 8d44 | 2470 480f | 4444 2470 | 4889 4424 
  0x000002932b819b78: 3848 8974 | 2430 4889 | 7c24 284c | 894c 2458 | 4983 f900 | 488d 4424 | 5848 0f44 | 4424 5848 
  0x000002932b819b98: 8944 2420 | 4c89 4424 | 5049 83f8 | 004c 8d4c | 2450 4c0f | 444c 2450 | 4889 5424 | 4848 83fa 
  0x000002932b819bb8: 004c 8d44 | 2448 4c0f | 4444 2448 

  0x000002932b819bc4: ;   {oop(a 'java/lang/Class'{0x00000000c0c3d8b8} = 'java/lang/ClassLoader')}
  0x000002932b819bc4: 49be b8d8 | c3c0 0000 | 0000 4c89 | 7424 784c | 8d74 2478 | 498b d6c5 

  0x000002932b819bdc: ;   {internal_word}
  0x000002932b819bdc: f877 49ba | db9b 812b | 9302 0000 | 4d89 97a0 | 0200 0049 | 89a7 9802 

  0x000002932b819bf4: ;   {external_word}
  0x000002932b819bf4: 0000 49ba | cfb5 77d7 | fa7f 0000 | 4180 3a00 | 0f84 5200 | 0000 5241 

  0x000002932b819c0c: ;   {metadata({method} {0x000002933401de70} 'defineClass1' '(Ljava/lang/ClassLoader;Ljava/lang/String;[BIILjava/security/ProtectionDomain;Ljava/lang/String;)Ljava/lang/Class;' in 'java/lang/ClassLoader')}
  0x000002932b819c0c: 5041 5148 | ba68 de01 | 3493 0200 | 0049 8bcf | 4883 ec20 | f7c4 0f00 | 0000 0f84 | 1a00 0000 
  0x000002932b819c2c: 4883 ec08 

  0x000002932b819c30: ;   {runtime_call}
  0x000002932b819c30: 49ba 904c | 2dd7 fa7f | 0000 41ff | d248 83c4 | 08e9 0d00 

  0x000002932b819c44: ;   {runtime_call}
  0x000002932b819c44: 0000 49ba | 904c 2dd7 | fa7f 0000 | 41ff d248 | 83c4 2041 | 5941 585a | 498d 8fb8 | 0200 0041 
  0x000002932b819c64: c787 4803 | 0000 0400 

  0x000002932b819c6c: ;   {runtime_call}
  0x000002932b819c6c: 0000 49ba | ac16 231e | fb7f 0000 | 41ff d2c5 | f877 41c7 | 8748 0300 | 0005 0000 | 00f0 8344 
  0x000002932b819c8c: 24c0 0049 | 3baf 5003 | 0000 0f87 | 1100 0000 | 4181 bf38 | 0300 0000 | 0000 000f | 842c 0000 
  0x000002932b819cac: 00c5 f877 | 4889 45f8 | 498b cf4c | 8be4 4883 | ec20 4883 

  0x000002932b819cc0: ;   {runtime_call}
  0x000002932b819cc0: e4f0 49ba | 906a 3dd7 | fa7f 0000 | 41ff d249 | 8be4 4d33 | e448 8b45 | f841 c787 | 4803 0000 
  0x000002932b819ce0: 0800 0000 | 4181 bfb8 | 0300 0002 | 0000 000f | 843f 0100 

  0x000002932b819cf4: ;   {external_word}
  0x000002932b819cf4: 0049 bacf | b577 d7fa | 7f00 0041 | 803a 000f | 8450 0000 | 0048 8945 

  0x000002932b819d0c: ;   {metadata({method} {0x000002933401de70} 'defineClass1' '(Ljava/lang/ClassLoader;Ljava/lang/String;[BIILjava/security/ProtectionDomain;Ljava/lang/String;)Ljava/lang/Class;' in 'java/lang/ClassLoader')}
  0x000002932b819d0c: f848 ba68 | de01 3493 | 0200 0049 | 8bcf 4883 | ec20 f7c4 | 0f00 0000 | 0f84 1a00 | 0000 4883 
  0x000002932b819d2c: ;   {runtime_call}
  0x000002932b819d2c: ec08 49ba | 904c 2dd7 | fa7f 0000 | 41ff d248 | 83c4 08e9 | 0d00 0000 

  0x000002932b819d44: ;   {runtime_call}
  0x000002932b819d44: 49ba 904c | 2dd7 fa7f | 0000 41ff | d248 83c4 | 2048 8b45 | f849 c787 | 9802 0000 | 0000 0000 
  0x000002932b819d64: 49c7 87a0 | 0200 0000 | 0000 00c5 | f877 4885 | c00f 8493 | 0000 0048 | f7c0 0100 | 0000 0f84 
  0x000002932b819d84: 8300 0000 | 488b 40ff | 4180 7f38 | 000f 846f | 0000 0048 | 83f8 000f | 8465 0000 | 0049 8b4f 
  0x000002932b819da4: 2048 83f9 | 000f 8414 | 0000 0048 | 83e9 0849 | 894f 2049 | 034f 3048 | 8901 e943 | 0000 0050 
  0x000002932b819dc4: 498b d748 | 8bc8 4883 | ec20 f7c4 | 0f00 0000 | 0f84 1a00 | 0000 4883 

  0x000002932b819ddc: ;   {runtime_call}
  0x000002932b819ddc: ec08 49ba | 9055 ecd6 | fa7f 0000 | 41ff d248 | 83c4 08e9 | 0d00 0000 

  0x000002932b819df4: ;   {runtime_call}
  0x000002932b819df4: 49ba 9055 | ecd6 fa7f | 0000 41ff | d248 83c4 | 2058 e903 | 0000 0048 | 8b00 498b | 8fd8 0000 
  0x000002932b819e14: 00c7 8100 | 0100 0000 | 0000 00c9 | 4981 7f08 | 0000 0000 | 0f85 0100 

  0x000002932b819e2c: ;   {runtime_call StubRoutines (1)}
  0x000002932b819e2c: 0000 c3e9 | cc70 c0ff | c5f8 7748 | 8945 f84c | 8be4 4883 | ec20 4883 

  0x000002932b819e44: ;   {runtime_call}
  0x000002932b819e44: e4f0 49ba | 107d 2dd7 | fa7f 0000 | 41ff d249 | 8be4 4d33 | e448 8b45 | f8e9 93fe | ffff f4f4 
  0x000002932b819e64: f4f4 f4f4 
[/MachCode]


Compiled method (c1)    4399  851       1       java.lang.ClassLoader::defineClass (43 bytes)
 total in heap  [0x000002932b81a890,0x000002932b81ae30] = 1440
 relocation     [0x000002932b81a9e8,0x000002932b81aa48] = 96
 main code      [0x000002932b81aa60,0x000002932b81ac00] = 416
 stub code      [0x000002932b81ac00,0x000002932b81ac78] = 120
 metadata       [0x000002932b81ac78,0x000002932b81aca8] = 48
 scopes data    [0x000002932b81aca8,0x000002932b81ad60] = 184
 scopes pcs     [0x000002932b81ad60,0x000002932b81ae00] = 160
 dependencies   [0x000002932b81ae00,0x000002932b81ae08] = 8
 nul chk table  [0x000002932b81ae08,0x000002932b81ae30] = 40

[Constant Pool (empty)]

[MachCode]
[Entry Point]
  # {method} {0x000002933401dce0} 'defineClass' '(Ljava/lang/String;[BIILjava/security/ProtectionDomain;)Ljava/lang/Class;' in 'java/lang/ClassLoader'
  # this:     rdx:rdx   = 'java/lang/ClassLoader'
  # parm0:    r8:r8     = 'java/lang/String'
  # parm1:    r9:r9     = '[B'
  # parm2:    rdi       = int
  # parm3:    rsi       = int
  # parm4:    rcx:rcx   = 'java/security/ProtectionDomain'
  #           [sp+0xc0]  (sp of caller)
  0x000002932b81aa60: 448b 5208 | 49c1 e203 

  0x000002932b81aa68: ;   {runtime_call ic_miss_stub}
  0x000002932b81aa68: 4c3b d00f | 850f 66c5 | ff66 6666 | 0f1f 8400 | 0000 0000 | 6666 6690 
[Verified Entry Point]
  0x000002932b81aa80: 8984 2400 | 90ff ff55 | 4881 ecb0 | 0000 0048 | 8954 2478 | 89b4 2494 | 0000 0089 | bc24 9000 
  0x000002932b81aaa0: 0000 4c89 | 8c24 8800 | 0000 498b | d84c 8bc3 | 4c8b c948 | 8bca 488b | d148 899c | 2480 0000 
  0x000002932b81aac0: 0066 0f1f 

  0x000002932b81aac4: ;   {optimized virtual_call}
  0x000002932b81aac4: 4400 00e8 

  0x000002932b81aac8: ; ImmutableOopMap {[120]=Oop [136]=Oop [128]=Oop }
                      ;*invokevirtual preDefineClass {reexecute=0 rethrow=0 return_oop=0}
                      ; - java.lang.ClassLoader::defineClass@4
  0x000002932b81aac8: 7412 0000 | 4889 8424 | 9800 0000 

  0x000002932b81aad4: ; implicit exception: dispatches to 0x000002932b81ab9a
  0x000002932b81aad4: 448b 4010 | 4983 f800 | 0f85 0f00 

  0x000002932b81aae0: ;   {oop(NULL)}
  0x000002932b81aae0: 0000 48bb | 0000 0000 | 0000 0000 | e936 0000 | 0045 8b40 | 0c49 83f8 | 000f 850f 

  0x000002932b81aafc: ;   {oop(NULL)}
  0x000002932b81aafc: 0000 0048 | bb00 0000 | 0000 0000 | 00e9 1900 | 0000 418b | 5038 483b 

  0x000002932b81ab14: ;   {optimized virtual_call}
  0x000002932b81ab14: 0266 90e8 

  0x000002932b81ab18: ; ImmutableOopMap {[120]=Oop [136]=Oop [128]=Oop [152]=Oop }
                      ;*invokevirtual toExternalForm {reexecute=0 rethrow=0 return_oop=0}
                      ; - java.net.URL::toExternalForm@5
                      ; - java.net.URL::toString@1
                      ; - java.lang.ClassLoader::defineClassSourceLocation@22
                      ; - java.lang.ClassLoader::defineClass@12
  0x000002932b81ab18: 84a8 f6ff | 488b d848 | 8b84 2498 | 0000 008b | b424 9400 | 0000 8bbc | 2490 0000 | 004c 8b8c 
  0x000002932b81ab38: 2488 0000 | 004c 8b84 | 2480 0000 | 0048 8b54 | 2478 4c8b | da49 8bd3 | 488b c848 

  0x000002932b81ab54: ;   {static_call}
  0x000002932b81ab54: 891c 24e8 

  0x000002932b81ab58: ; ImmutableOopMap {[152]=Oop [120]=Oop }
                      ;*invokestatic defineClass1 {reexecute=0 rethrow=0 return_oop=0}
                      ; - java.lang.ClassLoader::defineClass@27
  0x000002932b81ab58: dcef ffff | 4c8b c04c | 8b8c 2498 | 0000 0048 | 8b54 2478 | 4889 8424 | a000 0000 

  0x000002932b81ab74: ;   {optimized virtual_call}
  0x000002932b81ab74: 6666 90e8 

  0x000002932b81ab78: ; ImmutableOopMap {[160]=Oop }
                      ;*invokevirtual postDefineClass {reexecute=0 rethrow=0 return_oop=0}
                      ; - java.lang.ClassLoader::defineClass@37
  0x000002932b81ab78: 04ee fdff | 488b 8424 | a000 0000 | 4881 c4b0 | 0000 005d 

  0x000002932b81ab8c: ;   {poll_return}
  0x000002932b81ab8c: 493b a750 | 0300 000f | 8715 0000 

  0x000002932b81ab98: ;   {runtime_call throw_null_pointer_exception Runtime1 stub}
  0x000002932b81ab98: 00c3 e881 

  0x000002932b81ab9c: ; ImmutableOopMap {[120]=Oop [136]=Oop [128]=Oop rax=Oop [152]=Oop }
                      ;*invokevirtual getCodeSource {reexecute=0 rethrow=0 return_oop=0}
                      ; - java.lang.ClassLoader::defineClassSourceLocation@1
                      ; - java.lang.ClassLoader::defineClass@12
                      ;   {runtime_call throw_null_pointer_exception Runtime1 stub}
  0x000002932b81ab9c: 79cf ffe8 

  0x000002932b81aba0: ; ImmutableOopMap {[120]=Oop [136]=Oop [128]=Oop rax=Oop [152]=Oop }
                      ;*invokevirtual getLocation {reexecute=0 rethrow=0 return_oop=0}
                      ; - java.lang.ClassLoader::defineClassSourceLocation@12
                      ; - java.lang.ClassLoader::defineClass@12
  0x000002932b81aba0: 7c79 cfff 

  0x000002932b81aba4: ;   {runtime_call throw_null_pointer_exception Runtime1 stub}
  0x000002932b81aba4: e877 79cf 

  0x000002932b81aba8: ; ImmutableOopMap {[120]=Oop [136]=Oop [128]=Oop [152]=Oop r8=Oop }
                      ;*invokevirtual toString {reexecute=0 rethrow=0 return_oop=0}
                      ; - java.lang.ClassLoader::defineClassSourceLocation@22
                      ; - java.lang.ClassLoader::defineClass@12
                      ;   {runtime_call throw_null_pointer_exception Runtime1 stub}
  0x000002932b81aba8: ffe8 7279 

  0x000002932b81abac: ; ImmutableOopMap {[120]=Oop [136]=Oop [128]=Oop [152]=Oop r8=Oop rdx=Oop }
                      ;*invokevirtual toExternalForm {reexecute=0 rethrow=0 return_oop=0}
                      ; - java.net.URL::toExternalForm@5
                      ; - java.net.URL::toString@1
                      ; - java.lang.ClassLoader::defineClassSourceLocation@22
                      ; - java.lang.ClassLoader::defineClass@12
                      ;   {internal_word}
  0x000002932b81abac: cfff 49ba | 8cab 812b | 9302 0000 | 4d89 9768 

  0x000002932b81abbc: ;   {runtime_call SafepointBlob}
  0x000002932b81abbc: 0300 00e9 | 3cce c5ff | 9090 498b | 87e0 0300 | 0049 c787 | e003 0000 | 0000 0000 | 49c7 87e8 
  0x000002932b81abdc: 0300 0000 | 0000 0048 | 81c4 b000 

  0x000002932b81abe8: ;   {runtime_call unwind_exception Runtime1 stub}
  0x000002932b81abe8: 0000 5de9 | 106a cfff | f4f4 f4f4 | f4f4 f4f4 | f4f4 f4f4 | f4f4 f4f4 
[Stub Code]
  0x000002932b81ac00: ;   {no_reloc}
  0x000002932b81ac00: 0f1f 4400 

  0x000002932b81ac04: ;   {static_stub}
  0x000002932b81ac04: 0048 bb00 | 0000 0000 

  0x000002932b81ac0c: ;   {runtime_call}
  0x000002932b81ac0c: 0000 00e9 | fbff ffff 

  0x000002932b81ac14: ;   {static_stub}
  0x000002932b81ac14: 9048 bb00 | 0000 0000 

  0x000002932b81ac1c: ;   {runtime_call}
  0x000002932b81ac1c: 0000 00e9 | fbff ffff 

  0x000002932b81ac24: ;   {static_stub}
  0x000002932b81ac24: 9048 bb00 | 0000 0000 

  0x000002932b81ac2c: ;   {runtime_call}
  0x000002932b81ac2c: 0000 00e9 | fbff ffff 

  0x000002932b81ac34: ;   {static_stub}
  0x000002932b81ac34: 9048 bb00 | 0000 0000 

  0x000002932b81ac3c: ;   {runtime_call}
  0x000002932b81ac3c: 0000 00e9 | fbff ffff 
[Exception Handler]
  0x000002932b81ac44: ;   {runtime_call handle_exception_from_callee Runtime1 stub}
  0x000002932b81ac44: e8b7 96cf 

  0x000002932b81ac48: ;   {external_word}
  0x000002932b81ac48: ff48 b930 | ca51 d7fa | 7f00 0048 

  0x000002932b81ac54: ;   {runtime_call}
  0x000002932b81ac54: 83e4 f049 | ba70 4c1a | d7fa 7f00 | 0041 ffd2 

  0x000002932b81ac64: ;   {section_word}
  0x000002932b81ac64: f449 ba65 | ac81 2b93 | 0200 0041 

  0x000002932b81ac70: ;   {runtime_call DeoptimizationBlob}
  0x000002932b81ac70: 52e9 2ac0 | c5ff f4f4 
[/MachCode]


Compiled method (c1)    4405  748       1       jdk.internal.loader.BuiltinClassLoader::defineClass (121 bytes)
 total in heap  [0x000002932b7f3010,0x000002932b7f3e68] = 3672
 relocation     [0x000002932b7f3168,0x000002932b7f3298] = 304
 main code      [0x000002932b7f32a0,0x000002932b7f38a0] = 1536
 stub code      [0x000002932b7f38a0,0x000002932b7f39e8] = 328
 metadata       [0x000002932b7f39e8,0x000002932b7f3a30] = 72
 scopes data    [0x000002932b7f3a30,0x000002932b7f3c88] = 600
 scopes pcs     [0x000002932b7f3c88,0x000002932b7f3e28] = 416
 dependencies   [0x000002932b7f3e28,0x000002932b7f3e30] = 8
 handler table  [0x000002932b7f3e30,0x000002932b7f3e48] = 24
 nul chk table  [0x000002932b7f3e48,0x000002932b7f3e68] = 32

[Constant Pool (empty)]

[MachCode]
[Entry Point]
  # {method} {0x00000293340c09c0} 'defineClass' '(Ljava/lang/String;Ljdk/internal/loader/Resource;)Ljava/lang/Class;' in 'jdk/internal/loader/BuiltinClassLoader'
  # this:     rdx:rdx   = 'jdk/internal/loader/BuiltinClassLoader'
  # parm0:    r8:r8     = 'java/lang/String'
  # parm1:    r9:r9     = 'jdk/internal/loader/Resource'
  #           [sp+0x110]  (sp of caller)
  0x000002932b7f32a0: 448b 5208 | 49c1 e203 

  0x000002932b7f32a8: ;   {runtime_call ic_miss_stub}
  0x000002932b7f32a8: 4c3b d00f | 85cf ddc7 | ff66 6666 | 0f1f 8400 | 0000 0000 | 6666 6690 
[Verified Entry Point]
  0x000002932b7f32c0: 8984 2400 | 90ff ff55 | 4881 ec00 | 0100 0048 | 8994 24a0 | 0000 004c | 8984 2490 | 0000 004c 
  0x000002932b7f32e0: 898c 2498 | 0000 0049 | 8bd1 6666 | 9048 b8ff | ffff ffff 

  0x000002932b7f32f4: ;   {virtual_call}
  0x000002932b7f32f4: ffff ffe8 

  0x000002932b7f32f8: ; ImmutableOopMap {[152]=Oop [160]=Oop [144]=Oop }
                      ;*invokevirtual getCodeSourceURL {reexecute=0 rethrow=0 return_oop=0}
                      ; - jdk.internal.loader.BuiltinClassLoader::defineClass@1
  0x000002932b7f32f8: 248f d2ff | 4889 8424 | a800 0000 | 4c8b 8424 | 9000 0000 

  0x000002932b7f330c: ; implicit exception: dispatches to 0x000002932b7f37a3
  0x000002932b7f330c: 418b 7014 

  0x000002932b7f3310: ; implicit exception: dispatches to 0x000002932b7f37a8
  0x000002932b7f3310: 8b56 0c45 | 0fbe 4810 | 498b c9c1 | e118 c1f9 | 18d3 fa48 | 8bfa ffcf | 4183 f900 | ba00 0000 
  0x000002932b7f3330: 000f 8505 | 0000 00ba | 0100 0000 | 83e2 0183 | fa00 488b | d641 b82e | 0000 004c | 8bcf 0f84 
  0x000002932b7f3350: 0d00 0000 

  0x000002932b7f3354: ;   {static_call}
  0x000002932b7f3354: 6666 90e8 

  0x000002932b7f3358: ; ImmutableOopMap {[152]=Oop [160]=Oop [168]=Oop [144]=Oop }
                      ;*invokestatic lastIndexOf {reexecute=0 rethrow=0 return_oop=0}
                      ; - java.lang.String::lastIndexOf@13
                      ; - java.lang.String::lastIndexOf@8
                      ; - jdk.internal.loader.BuiltinClassLoader::defineClass@8
  0x000002932b7f3358: c424 d3ff | e90b 0000 | 0066 0f1f 

  0x000002932b7f3364: ;   {static_call}
  0x000002932b7f3364: 4400 00e8 

  0x000002932b7f3368: ; ImmutableOopMap {[152]=Oop [160]=Oop [168]=Oop [144]=Oop }
                      ;*invokestatic lastIndexOf {reexecute=0 rethrow=0 return_oop=0}
                      ; - java.lang.String::lastIndexOf@25
                      ; - java.lang.String::lastIndexOf@8
                      ; - jdk.internal.loader.BuiltinClassLoader::defineClass@8
  0x000002932b7f3368: 14e6 c7ff | 83f8 ff0f | 8467 0000 | 0041 b800 | 0000 004c | 8bc8 488b | 9424 9000 

  0x000002932b7f3384: ;   {optimized virtual_call}
  0x000002932b7f3384: 0000 90e8 

  0x000002932b7f3388: ; ImmutableOopMap {[152]=Oop [160]=Oop [168]=Oop [144]=Oop }
                      ;*invokevirtual substring {reexecute=0 rethrow=0 return_oop=0}
                      ; - jdk.internal.loader.BuiltinClassLoader::defineClass@23
  0x000002932b7f3388: f482 f0ff | 488b 9424 | 9800 0000 | 4889 8424 | b000 0000 | 9048 b8ff | ffff ffff 

  0x000002932b7f33a4: ;   {virtual_call}
  0x000002932b7f33a4: ffff ffe8 

  0x000002932b7f33a8: ; ImmutableOopMap {[152]=Oop [160]=Oop [168]=Oop [144]=Oop [176]=Oop }
                      ;*invokevirtual getManifest {reexecute=0 rethrow=0 return_oop=0}
                      ; - jdk.internal.loader.BuiltinClassLoader::defineClass@29
  0x000002932b7f33a8: ecae 1400 | 4c8b 8424 | b000 0000 | 4c8b c848 | 8bbc 24a8 | 0000 0048 | 8b94 24a0 | 0000 0066 
  0x000002932b7f33c8: 0f1f 4400 | 0048 b8f0 | 1405 0001 

  0x000002932b7f33d4: ;   {virtual_call}
  0x000002932b7f33d4: 0000 00e8 

  0x000002932b7f33d8: ; ImmutableOopMap {[152]=Oop [160]=Oop [168]=Oop [144]=Oop }
                      ;*invokevirtual defineOrCheckPackage {reexecute=0 rethrow=0 return_oop=0}
                      ; - jdk.internal.loader.BuiltinClassLoader::defineClass@40
  0x000002932b7f33d8: 44f0 ffff | 4c8b 8c24 | 9800 0000 | 488d 9424 | e000 0000 | 4c89 4a08 | 498b 0148 | 83c8 0148 
  0x000002932b7f33f8: 8902 f049 | 0fb1 110f | 8413 0000 | 0048 2bc4 | 4881 e007 | f0ff ff48 | 8902 0f85 | 9503 0000 
  0x000002932b7f3418: 418b 510c | 4883 fa00 | 0f85 4700 | 0000 498b | d10f 1f40 | 0048 b8ff | ffff ffff 

  0x000002932b7f3434: ;   {virtual_call}
  0x000002932b7f3434: ffff ffe8 

  0x000002932b7f3438: ; ImmutableOopMap {[160]=Oop [168]=Oop [144]=Oop [152]=Oop [232]=Oop }
                      ;*invokevirtual getInputStream {reexecute=0 rethrow=0 return_oop=0}
                      ; - jdk.internal.loader.Resource::cachedInputStream@9
                      ; - jdk.internal.loader.Resource::getByteBuffer@1
                      ; - jdk.internal.loader.BuiltinClassLoader::defineClass@45
  0x000002932b7f3438: 5c87 d2ff | 410f be57 | 3883 fa00 | 4c8b 8c24 | 9800 0000 | 0f85 6e03 | 0000 4c8b | d045 8951 
  0x000002932b7f3458: 0c49 8bd1 | 4833 d048 | c1ea 1448 | 83fa 000f | 856f 0300 | 0041 8b51 | 0c48 8d84 | 24e0 0000 
  0x000002932b7f3478: 0048 8b30 | 4885 f60f | 840f 0000 | 0048 8b78 | 08f0 480f | b137 0f85 | 6003 0000 | 4883 fa00 
  0x000002932b7f3498: 0f84 3b00 

  0x000002932b7f349c: ;   {metadata('sun/nio/ByteBuffered')}
  0x000002932b7f349c: 0000 48b8 | 40a6 0200 | 0100 0000 | 8b5a 0848 | c1e3 0348 | 3b43 200f | 8425 0000 | 0048 3bd8 
  0x000002932b7f34bc: 0f84 1c00 | 0000 5350 

  0x000002932b7f34c4: ;   {runtime_call slow_subtype_check Runtime1 stub}
  0x000002932b7f34c4: e837 1ad2 | ff5b 5b83 | fb00 0f84 | 0500 0000 | e905 0000 | 0048 33f6 | eb0a 48be | 0100 0000 
  0x000002932b7f34e4: 0000 0000 | 83fe 000f | 8460 0000 | 0048 83fa | 000f 843b 

  0x000002932b7f34f8: ;   {metadata('sun/nio/ByteBuffered')}
  0x000002932b7f34f8: 0000 0048 | bb40 a602 | 0001 0000 | 008b 7a08 | 48c1 e703 | 483b 5f20 | 0f84 2000 | 0000 483b 
  0x000002932b7f3518: fb0f 8417 | 0000 0057 

  0x000002932b7f3520: ;   {runtime_call slow_subtype_check Runtime1 stub}
  0x000002932b7f3520: 53e8 da19 | d2ff 5f5f | 83ff 000f | 84d9 0200 | 00e9 0000 | 0000 0f1f | 8000 0000 | 0048 b8ff 
  0x000002932b7f3540: ffff ffff 

  0x000002932b7f3544: ;   {virtual_call}
  0x000002932b7f3544: ffff ffe8 

  0x000002932b7f3548: ; ImmutableOopMap {[160]=Oop [168]=Oop [144]=Oop [152]=Oop }
                      ;*invokeinterface getByteBuffer {reexecute=0 rethrow=0 return_oop=0}
                      ; - jdk.internal.loader.Resource::getByteBuffer@16
                      ; - jdk.internal.loader.BuiltinClassLoader::defineClass@45
  0x000002932b7f3548: 34e1 c7ff | e90a 0000 

  0x000002932b7f3550: ;   {oop(NULL)}
  0x000002932b7f3550: 0048 b800 | 0000 0000 | 0000 0048 | 83f8 000f | 84dd 0000 | 0048 8984 | 24b8 0000 | 0048 8b94 
  0x000002932b7f3570: 2498 0000 | 0048 b8ff | ffff ffff 

  0x000002932b7f357c: ;   {virtual_call}
  0x000002932b7f357c: ffff ffe8 

  0x000002932b7f3580: ; ImmutableOopMap {[160]=Oop [168]=Oop [144]=Oop [184]=Oop }
                      ;*invokevirtual getCodeSigners {reexecute=0 rethrow=0 return_oop=0}
                      ; - jdk.internal.loader.BuiltinClassLoader::defineClass@56
  0x000002932b7f3580: fce0 c7ff 

  0x000002932b7f3584: ;   {metadata('java/security/CodeSource')}
  0x000002932b7f3584: 4c8b c848 | ba68 1b05 | 0001 0000 | 0049 8b87 | 0801 0000 | 488d 7828 | 493b bf18 | 0100 000f 
  0x000002932b7f35a4: 876a 0200 | 0049 89bf | 0801 0000 | 48c7 0001 | 0000 0048 | 8bca 48c1 | e903 8948 | 0848 33c9 
  0x000002932b7f35c4: 8948 0c48 | 33c9 4889 | 4810 4889 | 4818 4889 | 4820 4c8b | 8424 a800 | 0000 488b | d048 8984 
  0x000002932b7f35e4: 24c0 0000 | 0066 0f1f 

  0x000002932b7f35ec: ;   {optimized virtual_call}
  0x000002932b7f35ec: 4400 00e8 

  0x000002932b7f35f0: ; ImmutableOopMap {[160]=Oop [144]=Oop [184]=Oop [192]=Oop }
                      ;*invokespecial <init> {reexecute=0 rethrow=0 return_oop=0}
                      ; - jdk.internal.loader.BuiltinClassLoader::defineClass@68
  0x000002932b7f35f0: 8cdd c7ff | 4c8b 8424 | c000 0000 | 488b 9424 | a000 0000 

  0x000002932b7f3604: ;   {optimized virtual_call}
  0x000002932b7f3604: 6666 90e8 

  0x000002932b7f3608: ; ImmutableOopMap {[160]=Oop [144]=Oop [184]=Oop }
                      ;*invokevirtual getProtectionDomain {reexecute=0 rethrow=0 return_oop=0}
                      ; - java.security.SecureClassLoader::defineClass@5
                      ; - jdk.internal.loader.BuiltinClassLoader::defineClass@79
  0x000002932b7f3608: 74dd c7ff | 4c8b 8424 | 9000 0000 | 4c8b 8c24 | b800 0000 | 488b f848 | 8b94 24a0 

  0x000002932b7f3624: ;   {optimized virtual_call}
  0x000002932b7f3624: 0000 00e8 

  0x000002932b7f3628: ; ImmutableOopMap {}
                      ;*invokevirtual defineClass {reexecute=0 rethrow=0 return_oop=0}
                      ; - java.security.SecureClassLoader::defineClass@8
                      ; - jdk.internal.loader.BuiltinClassLoader::defineClass@79
  0x000002932b7f3628: 54dd c7ff | 4881 c400 | 0100 005d 

  0x000002932b7f3634: ;   {poll_return}
  0x000002932b7f3634: 493b a750 | 0300 000f | 87df 0100 | 00c3 4c8b | 8c24 9800 | 0000 498b | d148 b8ff | ffff ffff 
  0x000002932b7f3654: ;   {virtual_call}
  0x000002932b7f3654: ffff ffe8 

  0x000002932b7f3658: ; ImmutableOopMap {[160]=Oop [144]=Oop [152]=Oop [168]=Oop }
                      ;*invokevirtual getBytes {reexecute=0 rethrow=0 return_oop=0}
                      ; - jdk.internal.loader.BuiltinClassLoader::defineClass@84
  0x000002932b7f3658: 8cac 1400 | 4889 8424 | c800 0000 | 488b 9424 | 9800 0000 | 9048 b8ff | ffff ffff 

  0x000002932b7f3674: ;   {virtual_call}
  0x000002932b7f3674: ffff ffe8 

  0x000002932b7f3678: ; ImmutableOopMap {[160]=Oop [144]=Oop [168]=Oop [200]=Oop }
                      ;*invokevirtual getCodeSigners {reexecute=0 rethrow=0 return_oop=0}
                      ; - jdk.internal.loader.BuiltinClassLoader::defineClass@90
  0x000002932b7f3678: 94ae 1400 

  0x000002932b7f367c: ;   {metadata('java/security/CodeSource')}
  0x000002932b7f367c: 4c8b c848 | ba68 1b05 | 0001 0000 | 0049 8b87 | 0801 0000 | 488d 7828 | 493b bf18 | 0100 000f 
  0x000002932b7f369c: 8795 0100 | 0049 89bf | 0801 0000 | 48c7 0001 | 0000 0048 | 8bca 48c1 | e903 8948 | 0848 33c9 
  0x000002932b7f36bc: 8948 0c48 | 33c9 4889 | 4810 4889 | 4818 4889 | 4820 4c8b | 8424 a800 | 0000 488b | d048 8984 
  0x000002932b7f36dc: 24d0 0000 | 0066 0f1f 

  0x000002932b7f36e4: ;   {optimized virtual_call}
  0x000002932b7f36e4: 4400 00e8 

  0x000002932b7f36e8: ; ImmutableOopMap {[160]=Oop [144]=Oop [200]=Oop [208]=Oop }
                      ;*invokespecial <init> {reexecute=0 rethrow=0 return_oop=0}
                      ; - jdk.internal.loader.BuiltinClassLoader::defineClass@102
  0x000002932b7f36e8: f43f 0000 | 488b 8424 | c800 0000 

  0x000002932b7f36f4: ; implicit exception: dispatches to 0x000002932b7f3843
  0x000002932b7f36f4: 8b70 0c4c | 8b84 24d0 | 0000 0048 | 8b94 24a0 | 0000 0089 | b424 d800 

  0x000002932b7f370c: ;   {optimized virtual_call}
  0x000002932b7f370c: 0000 90e8 

  0x000002932b7f3710: ; ImmutableOopMap {[160]=Oop [144]=Oop [200]=Oop }
                      ;*invokevirtual getProtectionDomain {reexecute=0 rethrow=0 return_oop=0}
                      ; - java.security.SecureClassLoader::defineClass@9
                      ; - jdk.internal.loader.BuiltinClassLoader::defineClass@117
  0x000002932b7f3710: 4c69 0200 | 4c8b 8424 | 9000 0000 | 4c8b 8c24 | c800 0000 | bf00 0000 | 008b b424 | d800 0000 
  0x000002932b7f3730: 488b c848 | 8b94 24a0 | 0000 000f 

  0x000002932b7f373c: ;   {optimized virtual_call}
  0x000002932b7f373c: 1f40 00e8 

  0x000002932b7f3740: ; ImmutableOopMap {}
                      ;*invokevirtual defineClass {reexecute=0 rethrow=0 return_oop=0}
                      ; - java.security.SecureClassLoader::defineClass@12
                      ; - jdk.internal.loader.BuiltinClassLoader::defineClass@117
  0x000002932b7f3740: 3c73 0200 | 4881 c400 | 0100 005d 

  0x000002932b7f374c: ;   {poll_return}
  0x000002932b7f374c: 493b a750 | 0300 000f | 87ef 0000 | 00c3 498b | 87e0 0300 | 004d 33d2 | 4d89 97e0 | 0300 004d 
  0x000002932b7f376c: 33d2 4d89 | 97e8 0300 | 0048 8bf0 | 488d 8424 | e000 0000 | 488b 3848 | 85ff 0f84 | 0f00 0000 
  0x000002932b7f378c: 488b 5808 | f048 0fb1 | 3b0f 85c3 | 0000 0048 | 8bc6 e9f0 

  0x000002932b7f37a0: ;   {runtime_call throw_null_pointer_exception Runtime1 stub}
  0x000002932b7f37a0: 0000 00e8 

  0x000002932b7f37a4: ; ImmutableOopMap {[152]=Oop [160]=Oop rax=Oop [168]=Oop r8=Oop [144]=Oop }
                      ;*invokevirtual lastIndexOf {reexecute=0 rethrow=0 return_oop=0}
                      ; - jdk.internal.loader.BuiltinClassLoader::defineClass@8
  0x000002932b7f37a4: 78ed d1ff 

  0x000002932b7f37a8: ;   {runtime_call throw_null_pointer_exception Runtime1 stub}
  0x000002932b7f37a8: e873 edd1 

  0x000002932b7f37ac: ; ImmutableOopMap {[152]=Oop [160]=Oop rax=Oop [168]=Oop r8=Oop [144]=Oop rsi=Oop }
                      ;*arraylength {reexecute=0 rethrow=0 return_oop=0}
                      ; - java.lang.String::length@4
                      ; - java.lang.String::lastIndexOf@3
                      ; - jdk.internal.loader.BuiltinClassLoader::defineClass@8
  0x000002932b7f37ac: ff4c 894c | 2408 4889 

  0x000002932b7f37b4: ;   {runtime_call monitorenter_nofpu Runtime1 stub}
  0x000002932b7f37b4: 1424 e845 

  0x000002932b7f37b8: ; ImmutableOopMap {[160]=Oop [168]=Oop [144]=Oop r9=Oop [152]=Oop [232]=Oop }
                      ;*synchronization entry
                      ; - jdk.internal.loader.Resource::cachedInputStream@-1
                      ; - jdk.internal.loader.Resource::getByteBuffer@1
                      ; - jdk.internal.loader.BuiltinClassLoader::defineClass@45
  0x000002932b7f37b8: 1dd2 ffe9 | 58fc ffff | 418b 510c | 4883 fa00 | 0f84 84fc | ffff 4889 

  0x000002932b7f37d0: ;   {runtime_call g1_pre_barrier_slow}
  0x000002932b7f37d0: 1424 e829 | 44d2 ffe9 | 76fc ffff | 4883 f800 | 0f84 87fc | ffff 4c89 

  0x000002932b7f37e8: ;   {runtime_call g1_post_barrier_slow}
  0x000002932b7f37e8: 0c24 e811 | 47d2 ffe9 | 79fc ffff | 488d 8424 | e000 0000 | 4889 0424 

  0x000002932b7f3800: ;   {runtime_call monitorexit_nofpu Runtime1 stub}
  0x000002932b7f3800: e8fb 22d2 | ffe9 8afc | ffff 4889 

  0x000002932b7f380c: ;   {runtime_call throw_class_cast_exception Runtime1 stub}
  0x000002932b7f380c: 1424 e80d 

  0x000002932b7f3810: ; ImmutableOopMap {[160]=Oop [168]=Oop [144]=Oop [152]=Oop }
                      ;*checkcast {reexecute=0 rethrow=0 return_oop=0}
                      ; - jdk.internal.loader.Resource::getByteBuffer@13
                      ; - jdk.internal.loader.BuiltinClassLoader::defineClass@45
  0x000002932b7f3810: 11d2 ff48 

  0x000002932b7f3814: ;   {runtime_call fast_new_instance Runtime1 stub}
  0x000002932b7f3814: 8bd2 e8e5 

  0x000002932b7f3818: ; ImmutableOopMap {[160]=Oop [168]=Oop [144]=Oop [184]=Oop r9=Oop }
                      ;*new {reexecute=0 rethrow=0 return_oop=0}
                      ; - jdk.internal.loader.BuiltinClassLoader::defineClass@61
  0x000002932b7f3818: f5d1 ffe9 | b6fd ffff 

  0x000002932b7f3820: ;   {internal_word}
  0x000002932b7f3820: 49ba 3436 | 7f2b 9302 | 0000 4d89 | 9768 0300 

  0x000002932b7f3830: ;   {runtime_call SafepointBlob}
  0x000002932b7f3830: 00e9 ca41 | c8ff 488b 

  0x000002932b7f3838: ;   {runtime_call fast_new_instance Runtime1 stub}
  0x000002932b7f3838: d2e8 c2f5 

  0x000002932b7f383c: ; ImmutableOopMap {[160]=Oop [144]=Oop [168]=Oop [200]=Oop r9=Oop }
                      ;*new {reexecute=0 rethrow=0 return_oop=0}
                      ; - jdk.internal.loader.BuiltinClassLoader::defineClass@95
  0x000002932b7f383c: d1ff e98b 

  0x000002932b7f3840: ;   {runtime_call throw_null_pointer_exception Runtime1 stub}
  0x000002932b7f3840: feff ffe8 

  0x000002932b7f3844: ; ImmutableOopMap {[160]=Oop [144]=Oop [208]=Oop rax=Oop [200]=Oop }
                      ;*arraylength {reexecute=0 rethrow=0 return_oop=0}
                      ; - jdk.internal.loader.BuiltinClassLoader::defineClass@114
  0x000002932b7f3844: d8ec d1ff 

  0x000002932b7f3848: ;   {internal_word}
  0x000002932b7f3848: 49ba 4c37 | 7f2b 9302 | 0000 4d89 | 9768 0300 

  0x000002932b7f3858: ;   {runtime_call SafepointBlob}
  0x000002932b7f3858: 00e9 a241 | c8ff 488d | 8424 e000 | 0000 4889 

  0x000002932b7f3868: ;   {runtime_call monitorexit_nofpu Runtime1 stub}
  0x000002932b7f3868: 0424 e891 | 22d2 ffe9 | 27ff ffff | 9090 498b | 87e0 0300 | 0049 c787 | e003 0000 | 0000 0000 
  0x000002932b7f3888: 49c7 87e8 | 0300 0000 | 0000 0048 | 81c4 0001 

  0x000002932b7f3898: ;   {runtime_call unwind_exception Runtime1 stub}
  0x000002932b7f3898: 0000 5de9 | 60dd d1ff 
[Stub Code]
  0x000002932b7f38a0: ;   {no_reloc}
  0x000002932b7f38a0: 0f1f 4400 

  0x000002932b7f38a4: ;   {static_stub}
  0x000002932b7f38a4: 0048 bb00 | 0000 0000 

  0x000002932b7f38ac: ;   {runtime_call}
  0x000002932b7f38ac: 0000 00e9 | fbff ffff 

  0x000002932b7f38b4: ;   {static_stub}
  0x000002932b7f38b4: 9048 bb00 | 0000 0000 

  0x000002932b7f38bc: ;   {runtime_call}
  0x000002932b7f38bc: 0000 00e9 | fbff ffff 

  0x000002932b7f38c4: ;   {static_stub}
  0x000002932b7f38c4: 9048 bb00 | 0000 0000 

  0x000002932b7f38cc: ;   {runtime_call}
  0x000002932b7f38cc: 0000 00e9 | fbff ffff 

  0x000002932b7f38d4: ;   {static_stub}
  0x000002932b7f38d4: 9048 bb00 | 0000 0000 

  0x000002932b7f38dc: ;   {runtime_call}
  0x000002932b7f38dc: 0000 00e9 | fbff ffff 

  0x000002932b7f38e4: ;   {static_stub}
  0x000002932b7f38e4: 9048 bb00 | 0000 0000 

  0x000002932b7f38ec: ;   {runtime_call}
  0x000002932b7f38ec: 0000 00e9 | fbff ffff 

  0x000002932b7f38f4: ;   {static_stub}
  0x000002932b7f38f4: 9048 bb00 | 0000 0000 

  0x000002932b7f38fc: ;   {runtime_call}
  0x000002932b7f38fc: 0000 00e9 | fbff ffff 

  0x000002932b7f3904: ;   {static_stub}
  0x000002932b7f3904: 9048 bb00 | 0000 0000 

  0x000002932b7f390c: ;   {runtime_call}
  0x000002932b7f390c: 0000 00e9 | fbff ffff 

  0x000002932b7f3914: ;   {static_stub}
  0x000002932b7f3914: 9048 bb00 | 0000 0000 

  0x000002932b7f391c: ;   {runtime_call}
  0x000002932b7f391c: 0000 00e9 | fbff ffff 

  0x000002932b7f3924: ;   {static_stub}
  0x000002932b7f3924: 9048 bb00 | 0000 0000 

  0x000002932b7f392c: ;   {runtime_call}
  0x000002932b7f392c: 0000 00e9 | fbff ffff 

  0x000002932b7f3934: ;   {static_stub}
  0x000002932b7f3934: 9048 bb00 | 0000 0000 

  0x000002932b7f393c: ;   {runtime_call}
  0x000002932b7f393c: 0000 00e9 | fbff ffff 

  0x000002932b7f3944: ;   {static_stub}
  0x000002932b7f3944: 9048 bb00 | 0000 0000 

  0x000002932b7f394c: ;   {runtime_call}
  0x000002932b7f394c: 0000 00e9 | fbff ffff 

  0x000002932b7f3954: ;   {static_stub}
  0x000002932b7f3954: 9048 bb00 | 0000 0000 

  0x000002932b7f395c: ;   {runtime_call}
  0x000002932b7f395c: 0000 00e9 | fbff ffff 

  0x000002932b7f3964: ;   {static_stub}
  0x000002932b7f3964: 9048 bb00 | 0000 0000 

  0x000002932b7f396c: ;   {runtime_call}
  0x000002932b7f396c: 0000 00e9 | fbff ffff 

  0x000002932b7f3974: ;   {static_stub}
  0x000002932b7f3974: 9048 bb00 | 0000 0000 

  0x000002932b7f397c: ;   {runtime_call}
  0x000002932b7f397c: 0000 00e9 | fbff ffff 

  0x000002932b7f3984: ;   {static_stub}
  0x000002932b7f3984: 9048 bb00 | 0000 0000 

  0x000002932b7f398c: ;   {runtime_call}
  0x000002932b7f398c: 0000 00e9 | fbff ffff 

  0x000002932b7f3994: ;   {static_stub}
  0x000002932b7f3994: 9048 bbb0 | 1e03 3493 

  0x000002932b7f399c: ;   {runtime_call I2C/C2I adapters}
  0x000002932b7f399c: 0200 00e9 | b02c c8ff 

  0x000002932b7f39a4: ;   {static_stub}
  0x000002932b7f39a4: 9048 bbd8 | dc01 3493 

  0x000002932b7f39ac: ;   {runtime_call I2C/C2I adapters}
  0x000002932b7f39ac: 0200 00e9 | 2e3d c7ff 
[Exception Handler]
  0x000002932b7f39b4: ;   {runtime_call handle_exception_from_callee Runtime1 stub}
  0x000002932b7f39b4: e847 09d2 

  0x000002932b7f39b8: ;   {external_word}
  0x000002932b7f39b8: ff48 b930 | ca51 d7fa | 7f00 0048 

  0x000002932b7f39c4: ;   {runtime_call}
  0x000002932b7f39c4: 83e4 f049 | ba70 4c1a | d7fa 7f00 | 0041 ffd2 

  0x000002932b7f39d4: ;   {section_word}
  0x000002932b7f39d4: f449 bad5 | 397f 2b93 | 0200 0041 

  0x000002932b7f39e0: ;   {runtime_call DeoptimizationBlob}
  0x000002932b7f39e0: 52e9 ba32 | c8ff f4f4 
[/MachCode]


---------------  P R O C E S S  ---------------

Threads class SMR info:
_java_thread_list=0x000002933962a5a0, length=14, elements={
0x0000029326fb3160, 0x0000029333d9d380, 0x0000029333d9f210, 0x0000029333dc6370,
0x000002933800e090, 0x000002933800e960, 0x000002933800f230, 0x000002933800fb00,
0x0000029338011820, 0x0000029338218850, 0x000002933821ee40, 0x000002933821f4d0,
0x000002933821f9f0, 0x000002933822c3e0
}

Java Threads: ( => current thread )
=>0x0000029326fb3160 JavaThread "main" [_thread_in_vm, id=17244, stack(0x000000f2e9b00000,0x000000f2e9c00000)]
  0x0000029333d9d380 JavaThread "Reference Handler" daemon [_thread_blocked, id=11992, stack(0x000000f2ea200000,0x000000f2ea300000)]
  0x0000029333d9f210 JavaThread "Finalizer" daemon [_thread_blocked, id=4380, stack(0x000000f2ea300000,0x000000f2ea400000)]
  0x0000029333dc6370 JavaThread "Signal Dispatcher" daemon [_thread_blocked, id=7828, stack(0x000000f2ea400000,0x000000f2ea500000)]
  0x000002933800e090 JavaThread "Attach Listener" daemon [_thread_blocked, id=12624, stack(0x000000f2ea500000,0x000000f2ea600000)]
  0x000002933800e960 JavaThread "Service Thread" daemon [_thread_blocked, id=3028, stack(0x000000f2ea600000,0x000000f2ea700000)]
  0x000002933800f230 JavaThread "Monitor Deflation Thread" daemon [_thread_blocked, id=4740, stack(0x000000f2ea700000,0x000000f2ea800000)]
  0x000002933800fb00 JavaThread "C1 CompilerThread0" daemon [_thread_blocked, id=11784, stack(0x000000f2ea800000,0x000000f2ea900000)]
  0x0000029338011820 JavaThread "Sweeper thread" daemon [_thread_blocked, id=16224, stack(0x000000f2ea900000,0x000000f2eaa00000)]
  0x0000029338218850 JavaThread "C1 CompilerThread1" daemon [_thread_blocked, id=10148, stack(0x000000f2eaa00000,0x000000f2eab00000)]
  0x000002933821ee40 JavaThread "C1 CompilerThread2" daemon [_thread_blocked, id=300, stack(0x000000f2eab00000,0x000000f2eac00000)]
  0x000002933821f4d0 JavaThread "C1 CompilerThread3" daemon [_thread_blocked, id=10732, stack(0x000000f2eac00000,0x000000f2ead00000)]
  0x000002933821f9f0 JavaThread "Notification Thread" daemon [_thread_blocked, id=14308, stack(0x000000f2ead00000,0x000000f2eae00000)]
  0x000002933822c3e0 JavaThread "Common-Cleaner" daemon [_thread_blocked, id=13244, stack(0x000000f2eaf00000,0x000000f2eb000000)]

Other Threads:
  0x0000029333d890a0 VMThread "VM Thread" [stack: 0x000000f2ea100000,0x000000f2ea200000] [id=4592]
  0x000002933821fed0 WatcherThread [stack: 0x000000f2eae00000,0x000000f2eaf00000] [id=8664]
  0x0000029326ff0ab0 GCTaskThread "GC Thread#0" [stack: 0x000000f2e9c00000,0x000000f2e9d00000] [id=16772]
  0x0000029338dfaca0 GCTaskThread "GC Thread#1" [stack: 0x000000f2eb000000,0x000000f2eb100000] [id=6100]
  0x0000029338dfaf60 GCTaskThread "GC Thread#2" [stack: 0x000000f2eb100000,0x000000f2eb200000] [id=11304]
  0x0000029338e53430 GCTaskThread "GC Thread#3" [stack: 0x000000f2eb200000,0x000000f2eb300000] [id=10136]
  0x00000293390742c0 GCTaskThread "GC Thread#4" [stack: 0x000000f2eb300000,0x000000f2eb400000] [id=7616]
  0x0000029339075590 GCTaskThread "GC Thread#5" [stack: 0x000000f2eb400000,0x000000f2eb500000] [id=11780]
  0x000002933933e230 GCTaskThread "GC Thread#6" [stack: 0x000000f2eb600000,0x000000f2eb700000] [id=15476]
  0x00000293393e87e0 GCTaskThread "GC Thread#7" [stack: 0x000000f2eb700000,0x000000f2eb800000] [id=11104]
  0x0000029326ffaa10 ConcurrentGCThread "G1 Main Marker" [stack: 0x000000f2e9d00000,0x000000f2e9e00000] [id=14868]
  0x0000029326ffb430 ConcurrentGCThread "G1 Conc#0" [stack: 0x000000f2e9e00000,0x000000f2e9f00000] [id=16164]
  0x00000293393b4830 ConcurrentGCThread "G1 Conc#1" [stack: 0x000000f2eb800000,0x000000f2eb900000] [id=7368]
  0x000002932705d080 ConcurrentGCThread "G1 Refine#0" [stack: 0x000000f2e9f00000,0x000000f2ea000000] [id=16332]
  0x000002932705dab0 ConcurrentGCThread "G1 Service" [stack: 0x000000f2ea000000,0x000000f2ea100000] [id=15156]

Threads with active compile tasks:

VM state: not at safepoint (normal execution)

VM Mutex/Monitor currently owned by a thread:  ([mutex/lock_event])
[0x0000029326dd1250] Metaspace_lock - owner thread: 0x0000029326fb3160

Heap address: 0x00000000c0000000, size: 1024 MB, Compressed Oops mode: 32-bit

CDS archive(s) not mapped
Compressed class space mapped at: 0x0000000100000000-0x0000000140000000, reserved size: 1073741824
Narrow klass base: 0x0000000000000000, Narrow klass shift: 3, Narrow klass range: 0x140000000

GC Precious Log:
 CPUs: 8 total, 8 available
 Memory: 7969M
 Large Page Support: Disabled
 NUMA Support: Disabled
 Compressed Oops: Enabled (32-bit)
 Heap Region Size: 1M
 Heap Min Capacity: 8M
 Heap Initial Capacity: 126M
 Heap Max Capacity: 1G
 Pre-touch: Disabled
 Parallel Workers: 8
 Concurrent Workers: 2
 Concurrent Refinement Workers: 8
 Periodic GC: Disabled

Heap:
 garbage-first heap   total 81920K, used 29613K [0x00000000c0000000, 0x0000000100000000)
  region size 1024K, 10 young (10240K), 4 survivors (4096K)
 Metaspace       used 29478K, committed 29824K, reserved 1114112K
  class space    used 3704K, committed 3904K, reserved 1048576K

Heap Regions: E=young(eden), S=young(survivor), O=old, HS=humongous(starts), HC=humongous(continues), CS=collection set, F=free, OA=open archive, CA=closed archive, TAMS=top-at-mark-start (previous, next)
|   0|0x00000000c0000000, 0x00000000c0100000, 0x00000000c0100000|100%|HS|  |TAMS 0x00000000c0100000, 0x00000000c0000000| Complete 
|   1|0x00000000c0100000, 0x00000000c0200000, 0x00000000c0200000|100%|HC|  |TAMS 0x00000000c0200000, 0x00000000c0100000| Complete 
|   2|0x00000000c0200000, 0x00000000c0300000, 0x00000000c0300000|100%|HC|  |TAMS 0x00000000c0300000, 0x00000000c0200000| Complete 
|   3|0x00000000c0300000, 0x00000000c0400000, 0x00000000c0400000|100%|HC|  |TAMS 0x00000000c0400000, 0x00000000c0300000| Complete 
|   4|0x00000000c0400000, 0x00000000c0500000, 0x00000000c0500000|100%|HS|  |TAMS 0x00000000c0500000, 0x00000000c0400000| Complete 
|   5|0x00000000c0500000, 0x00000000c0600000, 0x00000000c0600000|100%|HC|  |TAMS 0x00000000c0600000, 0x00000000c0500000| Complete 
|   6|0x00000000c0600000, 0x00000000c0700000, 0x00000000c0700000|100%| O|  |TAMS 0x00000000c0700000, 0x00000000c0600000| Untracked 
|   7|0x00000000c0700000, 0x00000000c0800000, 0x00000000c0800000|100%| O|  |TAMS 0x00000000c0800000, 0x00000000c0700000| Untracked 
|   8|0x00000000c0800000, 0x00000000c0900000, 0x00000000c0900000|100%| O|  |TAMS 0x00000000c0900000, 0x00000000c0800000| Untracked 
|   9|0x00000000c0900000, 0x00000000c0a00000, 0x00000000c0a00000|100%| O|  |TAMS 0x00000000c0a00000, 0x00000000c0900000| Untracked 
|  10|0x00000000c0a00000, 0x00000000c0b00000, 0x00000000c0b00000|100%| O|  |TAMS 0x00000000c0b00000, 0x00000000c0a00000| Untracked 
|  11|0x00000000c0b00000, 0x00000000c0c00000, 0x00000000c0c00000|100%| O|  |TAMS 0x00000000c0c00000, 0x00000000c0b00000| Untracked 
|  12|0x00000000c0c00000, 0x00000000c0d00000, 0x00000000c0d00000|100%| O|  |TAMS 0x00000000c0d00000, 0x00000000c0c00000| Untracked 
|  13|0x00000000c0d00000, 0x00000000c0e00000, 0x00000000c0e00000|100%| O|  |TAMS 0x00000000c0e00000, 0x00000000c0d00000| Untracked 
|  14|0x00000000c0e00000, 0x00000000c0f00000, 0x00000000c0f00000|100%| O|  |TAMS 0x00000000c0f00000, 0x00000000c0e00000| Untracked 
|  15|0x00000000c0f00000, 0x00000000c0f94200, 0x00000000c1000000| 57%| O|  |TAMS 0x00000000c0f94200, 0x00000000c0f00000| Untracked 
|  16|0x00000000c1000000, 0x00000000c1100000, 0x00000000c1100000|100%| O|  |TAMS 0x00000000c1000000, 0x00000000c1000000| Untracked 
|  17|0x00000000c1100000, 0x00000000c1200000, 0x00000000c1200000|100%| O|  |TAMS 0x00000000c1100000, 0x00000000c1100000| Untracked 
|  18|0x00000000c1200000, 0x00000000c1300000, 0x00000000c1300000|100%| O|  |TAMS 0x00000000c1200000, 0x00000000c1200000| Untracked 
|  19|0x00000000c1300000, 0x00000000c1400000, 0x00000000c1400000|100%| O|  |TAMS 0x00000000c1300000, 0x00000000c1300000| Untracked 
|  20|0x00000000c1400000, 0x00000000c1493600, 0x00000000c1500000| 57%| O|  |TAMS 0x00000000c1400000, 0x00000000c1400000| Untracked 
|  21|0x00000000c1500000, 0x00000000c1500000, 0x00000000c1600000|  0%| F|  |TAMS 0x00000000c1500000, 0x00000000c1500000| Untracked 
|  22|0x00000000c1600000, 0x00000000c1600000, 0x00000000c1700000|  0%| F|  |TAMS 0x00000000c1600000, 0x00000000c1600000| Untracked 
|  23|0x00000000c1700000, 0x00000000c1700000, 0x00000000c1800000|  0%| F|  |TAMS 0x00000000c1700000, 0x00000000c1700000| Untracked 
|  24|0x00000000c1800000, 0x00000000c1800000, 0x00000000c1900000|  0%| F|  |TAMS 0x00000000c1800000, 0x00000000c1800000| Untracked 
|  25|0x00000000c1900000, 0x00000000c1900000, 0x00000000c1a00000|  0%| F|  |TAMS 0x00000000c1900000, 0x00000000c1900000| Untracked 
|  26|0x00000000c1a00000, 0x00000000c1a00000, 0x00000000c1b00000|  0%| F|  |TAMS 0x00000000c1a00000, 0x00000000c1a00000| Untracked 
|  27|0x00000000c1b00000, 0x00000000c1b00000, 0x00000000c1c00000|  0%| F|  |TAMS 0x00000000c1b00000, 0x00000000c1b00000| Untracked 
|  28|0x00000000c1c00000, 0x00000000c1cc3dc8, 0x00000000c1d00000| 76%| S|CS|TAMS 0x00000000c1c00000, 0x00000000c1c00000| Complete 
|  29|0x00000000c1d00000, 0x00000000c1e00000, 0x00000000c1e00000|100%| S|CS|TAMS 0x00000000c1d00000, 0x00000000c1d00000| Complete 
|  30|0x00000000c1e00000, 0x00000000c1f00000, 0x00000000c1f00000|100%| S|CS|TAMS 0x00000000c1e00000, 0x00000000c1e00000| Complete 
|  31|0x00000000c1f00000, 0x00000000c2000000, 0x00000000c2000000|100%| S|CS|TAMS 0x00000000c1f00000, 0x00000000c1f00000| Complete 
|  32|0x00000000c2000000, 0x00000000c2000000, 0x00000000c2100000|  0%| F|  |TAMS 0x00000000c2000000, 0x00000000c2000000| Untracked 
|  33|0x00000000c2100000, 0x00000000c2100000, 0x00000000c2200000|  0%| F|  |TAMS 0x00000000c2100000, 0x00000000c2100000| Untracked 
|  34|0x00000000c2200000, 0x00000000c2200000, 0x00000000c2300000|  0%| F|  |TAMS 0x00000000c2200000, 0x00000000c2200000| Untracked 
|  35|0x00000000c2300000, 0x00000000c2300000, 0x00000000c2400000|  0%| F|  |TAMS 0x00000000c2300000, 0x00000000c2300000| Untracked 
|  36|0x00000000c2400000, 0x00000000c2400000, 0x00000000c2500000|  0%| F|  |TAMS 0x00000000c2400000, 0x00000000c2400000| Untracked 
|  37|0x00000000c2500000, 0x00000000c2500000, 0x00000000c2600000|  0%| F|  |TAMS 0x00000000c2500000, 0x00000000c2500000| Untracked 
|  38|0x00000000c2600000, 0x00000000c2600000, 0x00000000c2700000|  0%| F|  |TAMS 0x00000000c2600000, 0x00000000c2600000| Untracked 
|  39|0x00000000c2700000, 0x00000000c2700000, 0x00000000c2800000|  0%| F|  |TAMS 0x00000000c2700000, 0x00000000c2700000| Untracked 
|  40|0x00000000c2800000, 0x00000000c2800000, 0x00000000c2900000|  0%| F|  |TAMS 0x00000000c2800000, 0x00000000c2800000| Untracked 
|  41|0x00000000c2900000, 0x00000000c2900000, 0x00000000c2a00000|  0%| F|  |TAMS 0x00000000c2900000, 0x00000000c2900000| Untracked 
|  42|0x00000000c2a00000, 0x00000000c2a00000, 0x00000000c2b00000|  0%| F|  |TAMS 0x00000000c2a00000, 0x00000000c2a00000| Untracked 
|  43|0x00000000c2b00000, 0x00000000c2b00000, 0x00000000c2c00000|  0%| F|  |TAMS 0x00000000c2b00000, 0x00000000c2b00000| Untracked 
|  44|0x00000000c2c00000, 0x00000000c2c00000, 0x00000000c2d00000|  0%| F|  |TAMS 0x00000000c2c00000, 0x00000000c2c00000| Untracked 
|  45|0x00000000c2d00000, 0x00000000c2d00000, 0x00000000c2e00000|  0%| F|  |TAMS 0x00000000c2d00000, 0x00000000c2d00000| Untracked 
|  46|0x00000000c2e00000, 0x00000000c2e00000, 0x00000000c2f00000|  0%| F|  |TAMS 0x00000000c2e00000, 0x00000000c2e00000| Untracked 
|  47|0x00000000c2f00000, 0x00000000c2f00000, 0x00000000c3000000|  0%| F|  |TAMS 0x00000000c2f00000, 0x00000000c2f00000| Untracked 
|  48|0x00000000c3000000, 0x00000000c3000000, 0x00000000c3100000|  0%| F|  |TAMS 0x00000000c3000000, 0x00000000c3000000| Untracked 
|  49|0x00000000c3100000, 0x00000000c3100000, 0x00000000c3200000|  0%| F|  |TAMS 0x00000000c3100000, 0x00000000c3100000| Untracked 
|  50|0x00000000c3200000, 0x00000000c3200000, 0x00000000c3300000|  0%| F|  |TAMS 0x00000000c3200000, 0x00000000c3200000| Untracked 
|  51|0x00000000c3300000, 0x00000000c3300000, 0x00000000c3400000|  0%| F|  |TAMS 0x00000000c3300000, 0x00000000c3300000| Untracked 
|  52|0x00000000c3400000, 0x00000000c3400000, 0x00000000c3500000|  0%| F|  |TAMS 0x00000000c3400000, 0x00000000c3400000| Untracked 
|  53|0x00000000c3500000, 0x00000000c3500000, 0x00000000c3600000|  0%| F|  |TAMS 0x00000000c3500000, 0x00000000c3500000| Untracked 
|  54|0x00000000c3600000, 0x00000000c3600000, 0x00000000c3700000|  0%| F|  |TAMS 0x00000000c3600000, 0x00000000c3600000| Untracked 
|  55|0x00000000c3700000, 0x00000000c3700000, 0x00000000c3800000|  0%| F|  |TAMS 0x00000000c3700000, 0x00000000c3700000| Untracked 
|  56|0x00000000c3800000, 0x00000000c3800000, 0x00000000c3900000|  0%| F|  |TAMS 0x00000000c3800000, 0x00000000c3800000| Untracked 
|  57|0x00000000c3900000, 0x00000000c3900000, 0x00000000c3a00000|  0%| F|  |TAMS 0x00000000c3900000, 0x00000000c3900000| Untracked 
|  58|0x00000000c3a00000, 0x00000000c3a00000, 0x00000000c3b00000|  0%| F|  |TAMS 0x00000000c3a00000, 0x00000000c3a00000| Untracked 
|  59|0x00000000c3b00000, 0x00000000c3b00000, 0x00000000c3c00000|  0%| F|  |TAMS 0x00000000c3b00000, 0x00000000c3b00000| Untracked 
|  60|0x00000000c3c00000, 0x00000000c3c00000, 0x00000000c3d00000|  0%| F|  |TAMS 0x00000000c3c00000, 0x00000000c3c00000| Untracked 
|  61|0x00000000c3d00000, 0x00000000c3d00000, 0x00000000c3e00000|  0%| F|  |TAMS 0x00000000c3d00000, 0x00000000c3d00000| Untracked 
|  62|0x00000000c3e00000, 0x00000000c3e00000, 0x00000000c3f00000|  0%| F|  |TAMS 0x00000000c3e00000, 0x00000000c3e00000| Untracked 
|  63|0x00000000c3f00000, 0x00000000c3f00000, 0x00000000c4000000|  0%| F|  |TAMS 0x00000000c3f00000, 0x00000000c3f00000| Untracked 
|  64|0x00000000c4000000, 0x00000000c4000000, 0x00000000c4100000|  0%| F|  |TAMS 0x00000000c4000000, 0x00000000c4000000| Untracked 
|  65|0x00000000c4100000, 0x00000000c4100000, 0x00000000c4200000|  0%| F|  |TAMS 0x00000000c4100000, 0x00000000c4100000| Untracked 
|  66|0x00000000c4200000, 0x00000000c4200000, 0x00000000c4300000|  0%| F|  |TAMS 0x00000000c4200000, 0x00000000c4200000| Untracked 
|  67|0x00000000c4300000, 0x00000000c4300000, 0x00000000c4400000|  0%| F|  |TAMS 0x00000000c4300000, 0x00000000c4300000| Untracked 
|  68|0x00000000c4400000, 0x00000000c4400000, 0x00000000c4500000|  0%| F|  |TAMS 0x00000000c4400000, 0x00000000c4400000| Untracked 
|  69|0x00000000c4500000, 0x00000000c4500000, 0x00000000c4600000|  0%| F|  |TAMS 0x00000000c4500000, 0x00000000c4500000| Untracked 
|  70|0x00000000c4600000, 0x00000000c4600000, 0x00000000c4700000|  0%| F|  |TAMS 0x00000000c4600000, 0x00000000c4600000| Untracked 
|  71|0x00000000c4700000, 0x00000000c4700000, 0x00000000c4800000|  0%| F|  |TAMS 0x00000000c4700000, 0x00000000c4700000| Untracked 
|  82|0x00000000c5200000, 0x00000000c5200000, 0x00000000c5300000|  0%| F|  |TAMS 0x00000000c5200000, 0x00000000c5200000| Untracked 
|  83|0x00000000c5300000, 0x00000000c5300000, 0x00000000c5400000|  0%| F|  |TAMS 0x00000000c5300000, 0x00000000c5300000| Untracked 
|  84|0x00000000c5400000, 0x00000000c5479460, 0x00000000c5500000| 47%| E|  |TAMS 0x00000000c5400000, 0x00000000c5400000| Complete 
|  85|0x00000000c5500000, 0x00000000c5600000, 0x00000000c5600000|100%| E|CS|TAMS 0x00000000c5500000, 0x00000000c5500000| Complete 
|  86|0x00000000c5600000, 0x00000000c5700000, 0x00000000c5700000|100%| E|CS|TAMS 0x00000000c5600000, 0x00000000c5600000| Complete 
| 123|0x00000000c7b00000, 0x00000000c7c00000, 0x00000000c7c00000|100%| E|CS|TAMS 0x00000000c7b00000, 0x00000000c7b00000| Complete 
| 124|0x00000000c7c00000, 0x00000000c7d00000, 0x00000000c7d00000|100%| E|CS|TAMS 0x00000000c7c00000, 0x00000000c7c00000| Complete 
| 125|0x00000000c7d00000, 0x00000000c7e00000, 0x00000000c7e00000|100%| E|CS|TAMS 0x00000000c7d00000, 0x00000000c7d00000| Complete 

Card table byte_map: [0x000002932ef00000,0x000002932f100000] _byte_map_base: 0x000002932e900000

Marking Bits (Prev, Next): (CMBitMap*) 0x0000029326ff20e0, (CMBitMap*) 0x0000029326ff2120
 Prev Bits: [0x000002932f300000, 0x0000029330300000)
 Next Bits: [0x0000029330300000, 0x0000029331300000)

Polling page: 0x0000029327060000

Metaspace:

Usage:
  Non-class:     25.17 MB used.
      Class:      3.62 MB used.
       Both:     28.79 MB used.

Virtual space:
  Non-class space:       64.00 MB reserved,      25.31 MB ( 40%) committed,  1 nodes.
      Class space:        1.00 GB reserved,       3.81 MB ( <1%) committed,  1 nodes.
             Both:        1.06 GB reserved,      29.12 MB (  3%) committed. 

Chunk freelists:
   Non-Class:  6.23 MB
       Class:  12.05 MB
        Both:  18.28 MB

MaxMetaspaceSize: unlimited
CompressedClassSpaceSize: 1.00 GB
Initial GC threshold: 21.00 MB
Current GC threshold: 47.19 MB
CDS: off
MetaspaceReclaimPolicy: balanced
 - commit_granule_bytes: 65536.
 - commit_granule_words: 8192.
 - virtual_space_node_default_size: 8388608.
 - enlarge_chunks_in_place: 1.
 - new_chunks_are_fully_committed: 0.
 - uncommit_free_chunks: 1.
 - use_allocation_guard: 0.
 - handle_deallocations: 1.


Internal statistics:

num_allocs_failed_limit: 12.
num_arena_births: 344.
num_arena_deaths: 0.
num_vsnodes_births: 2.
num_vsnodes_deaths: 0.
num_space_committed: 466.
num_space_uncommitted: 0.
num_chunks_returned_to_freelist: 12.
num_chunks_taken_from_freelist: 1110.
num_chunk_merges: 9.
num_chunk_splits: 774.
num_chunks_enlarged: 599.
num_inconsistent_stats: 0.

CodeCache: size=49152Kb used=7139Kb max_used=7139Kb free=42012Kb
 bounds [0x000002932b420000, 0x000002932bb20000, 0x000002932e420000]
 total_blobs=3361 nmethods=2856 adapters=429
 compilation: enabled
              stopped_count=0, restarted_count=0
 full_count=0

Compilation events (20 events):
Event: 4.340 Thread 0x0000029338218850 2823       1       java.lang.Class::getClassData (5 bytes)
Event: 4.340 Thread 0x0000029338218850 nmethod 2823 0x000002932bb0e310 code [0x000002932bb0e4a0, 0x000002932bb0e578]
Event: 4.345 Thread 0x0000029338218850 2829       1       java.lang.invoke.LambdaForm::methodType (48 bytes)
Event: 4.345 Thread 0x0000029338218850 nmethod 2829 0x000002932bb0f810 code [0x000002932bb0f9e0, 0x000002932bb0fd18]
Event: 4.345 Thread 0x000002933800fb00 2831       1       sun.invoke.util.Wrapper::isDoubleWord (15 bytes)
Event: 4.346 Thread 0x000002933800fb00 nmethod 2831 0x000002932bb10810 code [0x000002932bb109a0, 0x000002932bb10a78]
Event: 4.347 Thread 0x000002933821ee40 2840   !   1       java.lang.invoke.LambdaForm::compileToBytecode (164 bytes)
Event: 4.347 Thread 0x000002933800fb00 2841       1       java.lang.Throwable::<init> (34 bytes)
Event: 4.348 Thread 0x000002933800fb00 nmethod 2841 0x000002932bb12010 code [0x000002932bb121c0, 0x000002932bb12448]
Event: 4.348 Thread 0x000002933821ee40 nmethod 2840 0x000002932bb12510 code [0x000002932bb12780, 0x000002932bb12fa8]
Event: 4.349 Thread 0x000002933821f4d0 2843       1       java.lang.invoke.LambdaForm::<init> (115 bytes)
Event: 4.349 Thread 0x000002933800fb00 2844       1       java.lang.invoke.LambdaForm::fixResult (31 bytes)
Event: 4.349 Thread 0x000002933800fb00 nmethod 2844 0x000002932bb14490 code [0x000002932bb14620, 0x000002932bb14738]
Event: 4.349 Thread 0x000002933821ee40 2847       1       java.lang.invoke.InvokerBytecodeGenerator::lookupPregenerated (291 bytes)
Event: 4.349 Thread 0x000002933821f4d0 nmethod 2843 0x000002932bb14810 code [0x000002932bb149e0, 0x000002932bb14d08]
Event: 4.350 Thread 0x000002933821ee40 nmethod 2847 0x000002932bb14f10 code [0x000002932bb151e0, 0x000002932bb15b88]
Event: 4.350 Thread 0x000002933800fb00 2848       1       java.lang.invoke.BoundMethodHandle$SpeciesData::extendWith (62 bytes)
Event: 4.351 Thread 0x000002933800fb00 nmethod 2848 0x000002932bb16690 code [0x000002932bb168a0, 0x000002932bb16dd8]
Event: 4.351 Thread 0x000002933800fb00 2855       1       java.lang.invoke.MethodTypeForm::<init> (322 bytes)
Event: 4.352 Thread 0x000002933800fb00 nmethod 2855 0x000002932bb17f90 code [0x000002932bb181a0, 0x000002932bb18bc8]

GC Heap History (8 events):
Event: 0.739 GC heap before
{Heap before GC invocations=0 (full 0):
 garbage-first heap   total 129024K, used 28672K [0x00000000c0000000, 0x0000000100000000)
  region size 1024K, 23 young (23552K), 0 survivors (0K)
 Metaspace       used 7854K, committed 8000K, reserved 1114112K
  class space    used 838K, committed 896K, reserved 1048576K
}
Event: 0.793 GC heap after
{Heap after GC invocations=1 (full 0):
 garbage-first heap   total 129024K, used 15791K [0x00000000c0000000, 0x0000000100000000)
  region size 1024K, 3 young (3072K), 3 survivors (3072K)
 Metaspace       used 7854K, committed 8000K, reserved 1114112K
  class space    used 838K, committed 896K, reserved 1048576K
}
Event: 1.254 GC heap before
{Heap before GC invocations=1 (full 0):
 garbage-first heap   total 129024K, used 39343K [0x00000000c0000000, 0x0000000100000000)
  region size 1024K, 26 young (26624K), 3 survivors (3072K)
 Metaspace       used 13622K, committed 13824K, reserved 1114112K
  class space    used 1680K, committed 1792K, reserved 1048576K
}
Event: 1.257 GC heap after
{Heap after GC invocations=2 (full 0):
 garbage-first heap   total 129024K, used 17566K [0x00000000c0000000, 0x0000000100000000)
  region size 1024K, 2 young (2048K), 2 survivors (2048K)
 Metaspace       used 13622K, committed 13824K, reserved 1114112K
  class space    used 1680K, committed 1792K, reserved 1048576K
}
Event: 2.199 GC heap before
{Heap before GC invocations=2 (full 0):
 garbage-first heap   total 129024K, used 53406K [0x00000000c0000000, 0x0000000100000000)
  region size 1024K, 39 young (39936K), 2 survivors (2048K)
 Metaspace       used 21293K, committed 21504K, reserved 1114112K
  class space    used 2658K, committed 2752K, reserved 1048576K
}
Event: 2.203 GC heap after
{Heap after GC invocations=3 (full 0):
 garbage-first heap   total 129024K, used 20916K [0x00000000c0000000, 0x0000000100000000)
  region size 1024K, 5 young (5120K), 5 survivors (5120K)
 Metaspace       used 21293K, committed 21504K, reserved 1114112K
  class space    used 2658K, committed 2752K, reserved 1048576K
}
Event: 4.046 GC heap before
{Heap before GC invocations=4 (full 0):
 garbage-first heap   total 81920K, used 62900K [0x00000000c0000000, 0x0000000100000000)
  region size 1024K, 48 young (49152K), 5 survivors (5120K)
 Metaspace       used 28780K, committed 28992K, reserved 1114112K
  class space    used 3599K, committed 3712K, reserved 1048576K
}
Event: 4.054 GC heap after
{Heap after GC invocations=5 (full 0):
 garbage-first heap   total 81920K, used 24493K [0x00000000c0000000, 0x0000000100000000)
  region size 1024K, 4 young (4096K), 4 survivors (4096K)
 Metaspace       used 28780K, committed 28992K, reserved 1114112K
  class space    used 3599K, committed 3712K, reserved 1048576K
}

Dll operation events (6 events):
Event: 0.018 Loaded shared library c:\Users\Admin\.vscode\extensions\redhat.java-1.35.1-win32-x64\jre\17.0.12-win32-x86_64\bin\java.dll
Event: 0.281 Loaded shared library C:\Users\Admin\.vscode\extensions\redhat.java-1.35.1-win32-x64\jre\17.0.12-win32-x86_64\bin\net.dll
Event: 0.282 Loaded shared library C:\Users\Admin\.vscode\extensions\redhat.java-1.35.1-win32-x64\jre\17.0.12-win32-x86_64\bin\nio.dll
Event: 0.294 Loaded shared library C:\Users\Admin\.vscode\extensions\redhat.java-1.35.1-win32-x64\jre\17.0.12-win32-x86_64\bin\zip.dll
Event: 0.505 Loaded shared library C:\Users\Admin\.vscode\extensions\redhat.java-1.35.1-win32-x64\jre\17.0.12-win32-x86_64\bin\jimage.dll
Event: 1.981 Loaded shared library c:\Users\Admin\.vscode\extensions\redhat.java-1.35.1-win32-x64\jre\17.0.12-win32-x86_64\bin\verify.dll

Deoptimization events (0 events):
No events

Classes loaded (20 events):
Event: 4.258 Loading class java/lang/invoke/MethodHandleImpl$Makers$2
Event: 4.258 Loading class java/lang/invoke/MethodHandleImpl$Makers$2 done
Event: 4.258 Loading class java/lang/invoke/MethodHandleImpl$Makers$3
Event: 4.258 Loading class java/lang/invoke/MethodHandleImpl$Makers$3 done
Event: 4.340 Loading class java/lang/invoke/DirectMethodHandle$EnsureInitialized
Event: 4.340 Loading class java/lang/invoke/DirectMethodHandle$EnsureInitialized done
Event: 4.341 Loading class sun/invoke/util/ValueConversions$WrapperCache
Event: 4.341 Loading class sun/invoke/util/ValueConversions$WrapperCache done
Event: 4.341 Loading class java/lang/invoke/BoundMethodHandle$Species_I
Event: 4.341 Loading class java/lang/invoke/BoundMethodHandle$Species_I done
Event: 4.342 Loading class java/lang/runtime/ObjectMethods$1
Event: 4.342 Loading class java/lang/runtime/ObjectMethods$1 done
Event: 4.346 Loading class java/lang/invoke/DirectMethodHandle$1
Event: 4.346 Loading class java/lang/invoke/DirectMethodHandle$1 done
Event: 4.348 Loading class java/util/concurrent/FutureTask
Event: 4.348 Loading class java/util/concurrent/RunnableFuture
Event: 4.348 Loading class java/util/concurrent/RunnableFuture done
Event: 4.348 Loading class java/util/concurrent/FutureTask done
Event: 4.348 Loading class java/util/concurrent/FutureTask$WaitNode
Event: 4.348 Loading class java/util/concurrent/FutureTask$WaitNode done

Classes unloaded (0 events):
No events

Classes redefined (0 events):
No events

Internal exceptions (20 events):
Event: 2.762 Thread 0x0000029326fb3160 Exception <a 'java/lang/NoSuchMethodError'{0x00000000c32190b0}: 'int java.lang.invoke.DirectMethodHandle$Holder.invokeSpecial(java.lang.Object, java.lang.Object, java.lang.Object, java.lang.Object, java.lang.Object)'> (0x00000000c32190b0) 
thrown [s\src\hotspot\share\interpreter\linkResolver.cpp, line 759]
Event: 2.764 Thread 0x0000029326fb3160 Exception <a 'java/lang/NoSuchMethodError'{0x00000000c32220e0}: 'void java.lang.invoke.DirectMethodHandle$Holder.invokeVirtual(java.lang.Object, java.lang.Object)'> (0x00000000c32220e0) 
thrown [s\src\hotspot\share\interpreter\linkResolver.cpp, line 759]
Event: 2.766 Thread 0x00000293391ea310 Exception <a 'java/lang/NoSuchMethodError'{0x00000000c328f3e8}: 'long java.lang.invoke.DirectMethodHandle$Holder.invokeInterface(java.lang.Object, java.lang.Object)'> (0x00000000c328f3e8) 
thrown [s\src\hotspot\share\interpreter\linkResolver.cpp, line 759]
Event: 2.767 Thread 0x00000293391ea310 Exception <a 'java/lang/IncompatibleClassChangeError'{0x00000000c32926d0}: Found class java.lang.Object, but interface was expected> (0x00000000c32926d0) 
thrown [s\src\hotspot\share\interpreter\linkResolver.cpp, line 826]
Event: 2.769 Thread 0x00000293391ea310 Exception <a 'java/lang/NoSuchMethodError'{0x00000000c32b3750}: 'java.lang.Object java.lang.invoke.DirectMethodHandle$Holder.invokeVirtual(java.lang.Object, java.lang.Object, java.lang.Object, java.lang.Object)'> (0x00000000c32b3750) 
thrown [s\src\hotspot\share\interpreter\linkResolver.cpp, line 759]
Event: 2.820 Thread 0x00000293391ea310 Exception <a 'java/lang/NoSuchMethodError'{0x00000000c31f8060}: 'java.lang.Object java.lang.invoke.DirectMethodHandle$Holder.invokeStaticInit(java.lang.Object, java.lang.Object, java.lang.Object, java.lang.Object, java.lang.Object)'> (0x00000000c31f8060) 
thrown [s\src\hotspot\share\interpreter\linkResolver.cpp, line 759]
Event: 2.942 Thread 0x00000293391ea310 Exception <a 'java/lang/NoClassDefFoundError'{0x00000000c2df7148}: org/apache/tomcat/util/http/Rfc6265CookieProcessor> (0x00000000c2df7148) 
thrown [s\src\hotspot\share\classfile\systemDictionary.cpp, line 245]
Event: 4.257 Thread 0x0000029326fb3160 Exception <a 'java/lang/NoSuchMethodError'{0x00000000c56f1ac8}: 'java.lang.Object java.lang.invoke.DirectMethodHandle$Holder.invokeStaticInit(java.lang.Object, java.lang.Object, java.lang.Object, java.lang.Object, java.lang.Object, java.lang.Object, java.lang.Object)'> (0x00000000c56f1ac8) 
thrown [s\src\hotspot\share\interpreter\linkResolver.cpp, line 759]
Event: 4.258 Thread 0x0000029326fb3160 Exception <a 'java/lang/NoSuchMethodError'{0x00000000c55010f0}: 'java.lang.Object java.lang.invoke.DirectMethodHandle$Holder.invokeSpecial(java.lang.Object, java.lang.Object, java.lang.Object, java.lang.Object, java.lang.Object, java.lang.Object, java.lang.Object, java.lang.Object, java.lang.Object)'> (0x00000000c55010f0) 
thrown [s\src\hotspot\share\interpreter\linkResolver.cpp, line 759]
Event: 4.269 Thread 0x0000029326fb3160 Exception <a 'java/lang/NoSuchMethodError'{0x00000000c5527b38}: 'java.lang.Object java.lang.invoke.DirectMethodHandle$Holder.invokeSpecial(java.lang.Object, java.lang.Object, java.lang.Object, java.lang.Object, java.lang.Object, java.lang.Object, java.lang.Object, java.lang.Object, java.lang.Object, java.lang.Object, java.lang.Object, java.lang.Object, java.lang.Object, java.lang.Object)'> (0x00000000c5527b38) 
thrown [s\src\hotspot\share\interpreter\linkResolver.cpp, line 759]
Event: 4.270 Thread 0x0000029326fb3160 Exception <a 'java/lang/NoSuchMethodError'{0x00000000c552c808}: 'java.lang.Object java.lang.invoke.Invokers$Holder.invoker(java.lang.Object, java.lang.Object, java.lang.Object, java.lang.Object, java.lang.Object, java.lang.Object, java.lang.Object, java.lang.Object, java.lang.Object, java.lang.Object, java.lang.Object, java.lang.Object, java.lang.Object, java.lang.Object)'> (0x00000000c552c808) 
thrown [s\src\hotspot\share\interpreter\linkResolver.cpp, line 759]
Event: 4.272 Thread 0x0000029326fb3160 Exception <a 'java/lang/NoSuchMethodError'{0x00000000c5532478}: 'java.lang.Object java.lang.invoke.DirectMethodHandle$Holder.invokeSpecial(java.lang.Object, java.lang.Object, java.lang.Object, java.lang.Object, java.lang.Object, java.lang.Object, java.lang.Object, java.lang.Object, java.lang.Object, java.lang.Object, java.lang.Object, java.lang.Object, java.lang.Object, java.lang.Object, java.lang.Object)'> (0x00000000c5532478) 
thrown [s\src\hotspot\share\interpreter\linkResolver.cpp, line 759]
Event: 4.342 Thread 0x0000029326fb3160 Exception <a 'java/lang/NoSuchMethodError'{0x00000000c5542030}: 'int java.lang.invoke.DirectMethodHandle$Holder.invokeVirtual(java.lang.Object, java.lang.Object, java.lang.Object)'> (0x00000000c5542030) 
thrown [s\src\hotspot\share\interpreter\linkResolver.cpp, line 759]
Event: 4.344 Thread 0x0000029326fb3160 Exception <a 'java/lang/NoSuchMethodError'{0x00000000c55464d0}: 'int java.lang.invoke.DirectMethodHandle$Holder.invokeStaticInit(java.lang.Object, int, int)'> (0x00000000c55464d0) 
thrown [s\src\hotspot\share\interpreter\linkResolver.cpp, line 759]
Event: 4.345 Thread 0x0000029326fb3160 Exception <a 'java/lang/NoSuchMethodError'{0x00000000c554ddb8}: 'int java.lang.invoke.DirectMethodHandle$Holder.invokeStaticInit(java.lang.Object, long, long)'> (0x00000000c554ddb8) 
thrown [s\src\hotspot\share\interpreter\linkResolver.cpp, line 759]
Event: 4.345 Thread 0x0000029326fb3160 Exception <a 'java/lang/NoSuchMethodError'{0x00000000c5554c08}: 'int java.lang.invoke.DirectMethodHandle$Holder.invokeStaticInit(java.lang.Object, float, float)'> (0x00000000c5554c08) 
thrown [s\src\hotspot\share\interpreter\linkResolver.cpp, line 759]
Event: 4.345 Thread 0x0000029326fb3160 Exception <a 'java/lang/NoSuchMethodError'{0x00000000c555ba60}: 'int java.lang.invoke.DirectMethodHandle$Holder.invokeStaticInit(java.lang.Object, double, double)'> (0x00000000c555ba60) 
thrown [s\src\hotspot\share\interpreter\linkResolver.cpp, line 759]
Event: 4.345 Thread 0x0000029326fb3160 Exception <a 'java/lang/NoSuchMethodError'{0x00000000c5560030}: 'int java.lang.invoke.DirectMethodHandle$Holder.invokeStatic(java.lang.Object, long)'> (0x00000000c5560030) 
thrown [s\src\hotspot\share\interpreter\linkResolver.cpp, line 759]
Event: 4.347 Thread 0x0000029326fb3160 Exception <a 'java/lang/NoSuchMethodError'{0x00000000c5584b98}: 'int java.lang.invoke.DirectMethodHandle$Holder.invokeSpecial(java.lang.Object, java.lang.Object, int)'> (0x00000000c5584b98) 
thrown [s\src\hotspot\share\interpreter\linkResolver.cpp, line 759]
Event: 4.347 Thread 0x0000029326fb3160 Exception <a 'java/lang/NoSuchMethodError'{0x00000000c558c490}: 'int java.lang.invoke.Invokers$Holder.linkToTargetMethod(java.lang.Object, java.lang.Object)'> (0x00000000c558c490) 
thrown [s\src\hotspot\share\interpreter\linkResolver.cpp, line 759]

VM Operations (20 events):
Event: 2.319 Executing VM operation: CollectForMetadataAllocation
Event: 2.328 Executing VM operation: CollectForMetadataAllocation done
Event: 2.329 Executing VM operation: G1PauseRemark
Event: 2.339 Executing VM operation: G1PauseRemark done
Event: 2.340 Executing VM operation: G1PauseCleanup
Event: 2.356 Executing VM operation: G1PauseCleanup done
Event: 2.611 Executing VM operation: HandshakeAllThreads
Event: 2.611 Executing VM operation: HandshakeAllThreads done
Event: 2.749 Executing VM operation: HandshakeAllThreads
Event: 2.749 Executing VM operation: HandshakeAllThreads done
Event: 3.751 Executing VM operation: Cleanup
Event: 3.752 Executing VM operation: Cleanup done
Event: 4.046 Executing VM operation: G1CollectForAllocation
Event: 4.054 Executing VM operation: G1CollectForAllocation done
Event: 4.059 Executing VM operation: G1PauseRemark
Event: 4.076 Executing VM operation: G1PauseRemark done
Event: 4.078 Executing VM operation: G1PauseCleanup
Event: 4.086 Executing VM operation: G1PauseCleanup done
Event: 4.354 Executing VM operation: HandshakeAllThreads
Event: 4.354 Executing VM operation: HandshakeAllThreads done

Events (18 events):
Event: 0.129 Thread 0x0000029326fb3160 Thread added: 0x0000029326fb3160
Event: 0.136 Thread 0x0000029333d9d380 Thread added: 0x0000029333d9d380
Event: 0.136 Thread 0x0000029333d9f210 Thread added: 0x0000029333d9f210
Event: 0.163 Thread 0x0000029333dc6370 Thread added: 0x0000029333dc6370
Event: 0.163 Thread 0x000002933800e090 Thread added: 0x000002933800e090
Event: 0.163 Thread 0x000002933800e960 Thread added: 0x000002933800e960
Event: 0.163 Thread 0x000002933800f230 Thread added: 0x000002933800f230
Event: 0.163 Thread 0x000002933800fb00 Thread added: 0x000002933800fb00
Event: 0.166 Thread 0x0000029338011820 Thread added: 0x0000029338011820
Event: 0.262 Thread 0x0000029338218850 Thread added: 0x0000029338218850
Event: 0.262 Thread 0x000002933821ee40 Thread added: 0x000002933821ee40
Event: 0.263 Thread 0x000002933821f4d0 Thread added: 0x000002933821f4d0
Event: 0.263 Thread 0x000002933821f9f0 Thread added: 0x000002933821f9f0
Event: 0.269 Thread 0x000002933822c3e0 Thread added: 0x000002933822c3e0
Event: 1.641 Thread 0x00000293391ea310 Thread added: 0x00000293391ea310
Event: 2.942 Thread 0x00000293391ea310 Thread exited: 0x00000293391ea310
Event: 3.331 Thread 0x0000029339642920 Thread added: 0x0000029339642920
Event: 3.563 Thread 0x0000029339642920 Thread exited: 0x0000029339642920


Dynamic libraries:
0x00007ff6230a0000 - 0x00007ff6230ae000 	c:\Users\Admin\.vscode\extensions\redhat.java-1.35.1-win32-x64\jre\17.0.12-win32-x86_64\bin\java.exe
0x00007ffb69e70000 - 0x00007ffb6a087000 	C:\Windows\SYSTEM32\ntdll.dll
0x00007ffb68400000 - 0x00007ffb684c4000 	C:\Windows\System32\KERNEL32.DLL
0x00007ffb67250000 - 0x00007ffb675f6000 	C:\Windows\System32\KERNELBASE.dll
0x00007ffb676a0000 - 0x00007ffb677b1000 	C:\Windows\System32\ucrtbase.dll
0x00007ffb24750000 - 0x00007ffb2476b000 	c:\Users\Admin\.vscode\extensions\redhat.java-1.35.1-win32-x64\jre\17.0.12-win32-x86_64\bin\VCRUNTIME140.dll
0x00007ffb4dc80000 - 0x00007ffb4dc97000 	c:\Users\Admin\.vscode\extensions\redhat.java-1.35.1-win32-x64\jre\17.0.12-win32-x86_64\bin\jli.dll
0x00007ffb67d90000 - 0x00007ffb67f3e000 	C:\Windows\System32\USER32.dll
0x00007ffb67670000 - 0x00007ffb67696000 	C:\Windows\System32\win32u.dll
0x00007ffb69260000 - 0x00007ffb69289000 	C:\Windows\System32\GDI32.dll
0x00007ffb583d0000 - 0x00007ffb58663000 	C:\Windows\WinSxS\amd64_microsoft.windows.common-controls_6595b64144ccf1df_6.0.22621.2506_none_270c5ae97388e100\COMCTL32.dll
0x00007ffb696a0000 - 0x00007ffb69747000 	C:\Windows\System32\msvcrt.dll
0x00007ffb67960000 - 0x00007ffb67a78000 	C:\Windows\System32\gdi32full.dll
0x00007ffb671b0000 - 0x00007ffb6724a000 	C:\Windows\System32\msvcp_win.dll
0x00007ffb68350000 - 0x00007ffb68381000 	C:\Windows\System32\IMM32.DLL
0x00007ffb4eef0000 - 0x00007ffb4eefc000 	c:\Users\Admin\.vscode\extensions\redhat.java-1.35.1-win32-x64\jre\17.0.12-win32-x86_64\bin\vcruntime140_1.dll
0x00007ffaf0a90000 - 0x00007ffaf0b1d000 	c:\Users\Admin\.vscode\extensions\redhat.java-1.35.1-win32-x64\jre\17.0.12-win32-x86_64\bin\msvcp140.dll
0x00007ffad6bf0000 - 0x00007ffad785a000 	c:\Users\Admin\.vscode\extensions\redhat.java-1.35.1-win32-x64\jre\17.0.12-win32-x86_64\bin\server\jvm.dll
0x00007ffb67ff0000 - 0x00007ffb680a3000 	C:\Windows\System32\ADVAPI32.dll
0x00007ffb691b0000 - 0x00007ffb69258000 	C:\Windows\System32\sechost.dll
0x00007ffb67930000 - 0x00007ffb67958000 	C:\Windows\System32\bcrypt.dll
0x00007ffb692e0000 - 0x00007ffb693f7000 	C:\Windows\System32\RPCRT4.dll
0x00007ffb68130000 - 0x00007ffb681a1000 	C:\Windows\System32\WS2_32.dll
0x00007ffb58690000 - 0x00007ffb586c4000 	C:\Windows\SYSTEM32\WINMM.dll
0x00007ffb5de30000 - 0x00007ffb5de3a000 	C:\Windows\SYSTEM32\VERSION.dll
0x00007ffb66000000 - 0x00007ffb6604d000 	C:\Windows\SYSTEM32\POWRPROF.dll
0x00007ffb65fe0000 - 0x00007ffb65ff3000 	C:\Windows\SYSTEM32\UMPDC.dll
0x00007ffb662a0000 - 0x00007ffb662b8000 	C:\Windows\SYSTEM32\kernel.appcore.dll
0x00007ffb4dc40000 - 0x00007ffb4dc4a000 	c:\Users\Admin\.vscode\extensions\redhat.java-1.35.1-win32-x64\jre\17.0.12-win32-x86_64\bin\jimage.dll
0x00007ffb641c0000 - 0x00007ffb643f3000 	C:\Windows\SYSTEM32\DBGHELP.DLL
0x00007ffb69a40000 - 0x00007ffb69dc9000 	C:\Windows\System32\combase.dll
0x00007ffb68270000 - 0x00007ffb68347000 	C:\Windows\System32\OLEAUT32.dll
0x00007ffb58b50000 - 0x00007ffb58b82000 	C:\Windows\SYSTEM32\dbgcore.DLL
0x00007ffb67a80000 - 0x00007ffb67afa000 	C:\Windows\System32\bcryptPrimitives.dll
0x00007ffb1e230000 - 0x00007ffb1e255000 	c:\Users\Admin\.vscode\extensions\redhat.java-1.35.1-win32-x64\jre\17.0.12-win32-x86_64\bin\java.dll
0x00007ffb24700000 - 0x00007ffb24718000 	c:\Users\Admin\.vscode\extensions\redhat.java-1.35.1-win32-x64\jre\17.0.12-win32-x86_64\bin\zip.dll
0x00007ffb68950000 - 0x00007ffb691ab000 	C:\Windows\System32\SHELL32.dll
0x00007ffb650c0000 - 0x00007ffb659b6000 	C:\Windows\SYSTEM32\windows.storage.dll
0x00007ffb64f80000 - 0x00007ffb650be000 	C:\Windows\SYSTEM32\wintypes.dll
0x00007ffb697e0000 - 0x00007ffb698d3000 	C:\Windows\System32\SHCORE.dll
0x00007ffb69dd0000 - 0x00007ffb69e2e000 	C:\Windows\System32\shlwapi.dll
0x00007ffb670e0000 - 0x00007ffb67106000 	C:\Windows\SYSTEM32\profapi.dll
0x00007ffb16640000 - 0x00007ffb16659000 	C:\Users\Admin\.vscode\extensions\redhat.java-1.35.1-win32-x64\jre\17.0.12-win32-x86_64\bin\net.dll
0x00007ffb60ac0000 - 0x00007ffb60bf7000 	C:\Windows\SYSTEM32\WINHTTP.dll
0x00007ffb66710000 - 0x00007ffb66779000 	C:\Windows\system32\mswsock.dll
0x00007ffb04f40000 - 0x00007ffb04f56000 	C:\Users\Admin\.vscode\extensions\redhat.java-1.35.1-win32-x64\jre\17.0.12-win32-x86_64\bin\nio.dll
0x00007ffb49f80000 - 0x00007ffb49f90000 	c:\Users\Admin\.vscode\extensions\redhat.java-1.35.1-win32-x64\jre\17.0.12-win32-x86_64\bin\verify.dll

dbghelp: loaded successfully - version: 4.0.5 - missing functions: none
symbol engine: initialized successfully - sym options: 0x614 - pdb path: .;c:\Users\Admin\.vscode\extensions\redhat.java-1.35.1-win32-x64\jre\17.0.12-win32-x86_64\bin;C:\Windows\SYSTEM32;C:\Windows\WinSxS\amd64_microsoft.windows.common-controls_6595b64144ccf1df_6.0.22621.2506_none_270c5ae97388e100;c:\Users\Admin\.vscode\extensions\redhat.java-1.35.1-win32-x64\jre\17.0.12-win32-x86_64\bin\server

VM Arguments:
jvm_args: -Xmx1024m -Dsts.lsp.client=vscode -Dsts.log.file=/dev/null -XX:TieredStopAtLevel=1 -Xlog:jni+resolve=off -Dspring.config.location=file:c:\Users\Admin\.vscode\extensions\vmware.vscode-spring-boot-1.56.0\language-server\BOOT-INF\classes\application.properties 
java_command: org.springframework.ide.vscode.boot.app.BootLanguageServerBootApp
java_class_path (initial): c:\Users\Admin\.vscode\extensions\vmware.vscode-spring-boot-1.56.0\language-server\BOOT-INF\classes;c:\Users\Admin\.vscode\extensions\vmware.vscode-spring-boot-1.56.0\language-server\BOOT-INF\lib\annotations-24.1.0.jar;c:\Users\Admin\.vscode\extensions\vmware.vscode-spring-boot-1.56.0\language-server\BOOT-INF\lib\antlr4-runtime-4.13.1.jar;c:\Users\Admin\.vscode\extensions\vmware.vscode-spring-boot-1.56.0\language-server\BOOT-INF\lib\asm-9.7.jar;c:\Users\Admin\.vscode\extensions\vmware.vscode-spring-boot-1.56.0\language-server\BOOT-INF\lib\asm-analysis-9.7.jar;c:\Users\Admin\.vscode\extensions\vmware.vscode-spring-boot-1.56.0\language-server\BOOT-INF\lib\asm-tree-9.7.jar;c:\Users\Admin\.vscode\extensions\vmware.vscode-spring-boot-1.56.0\language-server\BOOT-INF\lib\asm-util-9.7.jar;c:\Users\Admin\.vscode\extensions\vmware.vscode-spring-boot-1.56.0\language-server\BOOT-INF\lib\caffeine-3.1.8.jar;c:\Users\Admin\.vscode\extensions\vmware.vscode-spring-boot-1.56.0\language-server\BOOT-INF\lib\checker-qual-3.12.0.jar;c:\Users\Admin\.vscode\extensions\vmware.vscode-spring-boot-1.56.0\language-server\BOOT-INF\lib\classgraph-4.8.149.jar;c:\Users\Admin\.vscode\extensions\vmware.vscode-spring-boot-1.56.0\language-server\BOOT-INF\lib\commons-codec-1.16.1.jar;c:\Users\Admin\.vscode\extensions\vmware.vscode-spring-boot-1.56.0\language-server\BOOT-INF\lib\commons-compress-1.26.2.jar;c:\Users\Admin\.vscode\extensions\vmware.vscode-spring-boot-1.56.0\language-server\BOOT-INF\lib\commons-io-2.16.1.jar;c:\Users\Admin\.vscode\extensions\vmware.vscode-spring-boot-1.56.0\language-server\BOOT-INF\lib\commons-java-1.56.0-SNAPSHOT.jar;c:\Users\Admin\.vscode\extensions\vmware.vscode-spring-boot-1.56.0\language-server\BOOT-INF\lib\commons-lang3-3.14.0.jar;c:\Users\Admin\.vscode\extensions\vmware.vscode-spring-boot-1.56.0\language-server\BOOT-INF\lib\commons-language-server-1.56.0-SNAPSHOT.jar;c:\Users\Admin\.vscode\extensions\vmware.vscode-spring-boot-1.56.0\langu
Launcher Type: SUN_STANDARD

[Global flags]
     intx CICompilerCount                          = 4                                         {product} {ergonomic}
     uint ConcGCThreads                            = 2                                         {product} {ergonomic}
     uint G1ConcRefinementThreads                  = 8                                         {product} {ergonomic}
   size_t G1HeapRegionSize                         = 1048576                                   {product} {ergonomic}
    uintx GCDrainStackTargetSize                   = 64                                        {product} {ergonomic}
   size_t InitialHeapSize                          = 132120576                                 {product} {ergonomic}
   size_t MarkStackSize                            = 4194304                                   {product} {ergonomic}
   size_t MaxHeapSize                              = 1073741824                                {product} {command line}
   size_t MaxNewSize                               = 643825664                                 {product} {ergonomic}
   size_t MinHeapDeltaBytes                        = 1048576                                   {product} {ergonomic}
   size_t MinHeapSize                              = 8388608                                   {product} {ergonomic}
    uintx NonProfiledCodeHeapSize                  = 0                                      {pd product} {ergonomic}
     bool ProfileInterpreter                       = false                                  {pd product} {command line}
    uintx ProfiledCodeHeapSize                     = 0                                      {pd product} {ergonomic}
   size_t SoftMaxHeapSize                          = 1073741824                             {manageable} {ergonomic}
     intx TieredStopAtLevel                        = 1                                         {product} {command line}
     bool UseCompressedClassPointers               = true                           {product lp64_product} {ergonomic}
     bool UseCompressedOops                        = true                           {product lp64_product} {ergonomic}
     bool UseG1GC                                  = true                                      {product} {ergonomic}
     bool UseLargePagesIndividualAllocation        = false                                  {pd product} {ergonomic}

Logging:
Log output configuration:
 #0: stdout all=warning,jni+resolve=off uptime,level,tags
 #1: stderr all=off uptime,level,tags

Environment Variables:
JAVA_HOME=C:\Program Files\Eclipse Adoptium\jdk-21.0.3.9-hotspot
PATH=C:\Program Files\Eclipse Adoptium\jdk-21.0.3.9-hotspot\bin;C:\Windows\system32;C:\Windows;C:\Windows\System32\Wbem;C:\Windows\System32\WindowsPowerShell\v1.0\;C:\Windows\System32\OpenSSH\;C:\Program Files\Microsoft SQL Server\Client SDK\ODBC\170\Tools\Binn\;C:\Program Files\Microsoft SQL Server\150\Tools\Binn\;C:\Program Files\dotnet\;C:\Program Files\nodejs\;C:\Program Files\Git\cmd;C:\Program Files\apache-maven-3.9.8\bin;;C:\Program Files\Docker\Docker\resources\bin;C:\ProgramData\chocolatey\bin;C:\Users\Admin\AppData\Local\Microsoft\WindowsApps;C:\Users\Admin\.dotnet\tools;C:\Users\Admin\AppData\Local\Programs\Microsoft VS Code\bin;C:\Users\Admin\AppData\Local\JetBrains\Toolbox\scripts;C:\Users\Admin\AppData\Roaming\npm
USERNAME=Admin
OS=Windows_NT
PROCESSOR_IDENTIFIER=Intel64 Family 6 Model 151 Stepping 5, GenuineIntel
TMP=C:\Users\Admin\AppData\Local\Temp
TEMP=C:\Users\Admin\AppData\Local\Temp



Periodic native trim disabled


---------------  S Y S T E M  ---------------

OS:
 Windows 11 , 64 bit Build 22621 (10.0.22621.3078)
OS uptime: 0 days 7:25 hours
Hyper-V role detected

CPU: total 8 (initial active 8) (4 cores per cpu, 2 threads per core) family 6 model 151 stepping 5 microcode 0x1e, cx8, cmov, fxsr, ht, mmx, 3dnowpref, sse, sse2, sse3, ssse3, sse4.1, sse4.2, popcnt, lzcnt, tsc, tscinvbit, avx, avx2, aes, erms, clmul, bmi1, bmi2, adx, sha, fma, vzeroupper, clflush, clflushopt, clwb, hv
Processor Information for all 8 processors :
  Max Mhz: 3300, Current Mhz: 3300, Mhz Limit: 3300

Memory: 4k page, system-wide physical 7969M (818M free)
TotalPageFile size 16161M (AvailPageFile size 643M)
current process WorkingSet (physical memory assigned to process): 149M, peak: 149M
current process commit charge ("private bytes"): 198M, peak: 234M

vm_info: OpenJDK 64-Bit Server VM (17.0.12+7) for windows-amd64 JRE (17.0.12+7), built on Jul 16 2024 22:08:24 by "admin" with MS VC++ 16.10 / 16.11 (VS2019)

END.
