#
# There is insufficient memory for the Java Runtime Environment to continue.
# Native memory allocation (malloc) failed to allocate 1044176 bytes. Error detail: Chunk::new
# Possible reasons:
#   The system is out of physical RAM or swap space
#   This process is running with CompressedOops enabled, and the Java Heap may be blocking the growth of the native heap
# Possible solutions:
#   Reduce memory load on the system
#   Increase physical memory or swap space
#   Check if swap backing store is full
#   Decrease Java heap size (-Xmx/-Xms)
#   Decrease number of Java threads
#   Decrease Java thread stack sizes (-Xss)
#   Set larger code cache with -XX:ReservedCodeCacheSize=
#   JVM is running with Unscaled Compressed Oops mode in which the Java heap is
#     placed in the first 4GB address space. The Java Heap base address is the
#     maximum limit for the native heap growth. Please use -XX:HeapBaseMinAddress
#     to set the Java Heap base and to place the Java Heap above 4GB virtual address.
# This output file may be truncated or incomplete.
#
#  Out of Memory Error (arena.cpp:191), pid=14860, tid=7088
#
# JRE version: OpenJDK Runtime Environment Temurin-17.0.12+7 (17.0.12+7) (build 17.0.12+7)
# Java VM: OpenJDK 64-Bit Server VM Temurin-17.0.12+7 (17.0.12+7, mixed mode, tiered, compressed oops, compressed class ptrs, parallel gc, windows-amd64)
# No core dump will be written. Minidumps are not enabled by default on client versions of Windows
#

---------------  S U M M A R Y ------------

Command Line: --add-modules=ALL-SYSTEM --add-opens=java.base/java.util=ALL-UNNAMED --add-opens=java.base/java.lang=ALL-UNNAMED --add-opens=java.base/sun.nio.fs=ALL-UNNAMED -Declipse.application=org.eclipse.jdt.ls.core.id1 -Dosgi.bundles.defaultStartLevel=4 -Declipse.product=org.eclipse.jdt.ls.core.product -Djava.import.generatesMetadataFilesAtProjectRoot=false -DDetectVMInstallationsJob.disabled=true -Dfile.encoding=utf8 -XX:+UseParallelGC -XX:GCTimeRatio=4 -XX:AdaptiveSizePolicyWeight=90 -Dsun.zip.disableMemoryMapping=true -Xmx1G -Xms100m -Xlog:disable -javaagent:c:\Users\Admin\.vscode\extensions\redhat.java-1.34.0-win32-x64\lombok\lombok-1.18.33.jar -XX:+HeapDumpOnOutOfMemoryError -XX:HeapDumpPath=c:\Users\Admin\AppData\Roaming\Code\User\workspaceStorage\eb20fc06d4a3b5e07cae54c0eea6be4b\redhat.java -Daether.dependencyCollector.impl=bf c:\Users\Admin\.vscode\extensions\redhat.java-1.34.0-win32-x64\server\plugins\org.eclipse.equinox.launcher_1.6.900.v20240613-2009.jar -configuration c:\Users\Admin\AppData\Roaming\Code\User\globalStorage\redhat.java\1.34.0\config_win -data c:\Users\Admin\AppData\Roaming\Code\User\workspaceStorage\eb20fc06d4a3b5e07cae54c0eea6be4b\redhat.java\jdt_ws --pipe=\\.\pipe\lsp-dc4ac2889e009bc96439fac546c89874-sock

Host: 12th Gen Intel(R) Core(TM) i3-12100, 8 cores, 7G,  Windows 11 , 64 bit Build 22621 (10.0.22621.3078)
Time: Thu Sep 19 16:46:56 2024 Hora est. Pacífico, Sudamérica elapsed time: 1425.703352 seconds (0d 0h 23m 45s)

---------------  T H R E A D  ---------------

Current thread (0x0000025dda6c9920):  JavaThread "C2 CompilerThread0" daemon [_thread_in_native, id=7088, stack(0x000000914a000000,0x000000914a100000)]


Current CompileTask:
C2:1425703 19679   !   4       org.eclipse.jdt.internal.compiler.lookup.BinaryTypeBinding::superclass (207 bytes)

Stack: [0x000000914a000000,0x000000914a100000]
Native frames: (J=compiled Java code, j=interpreted, Vv=VM code, C=native code)
V  [jvm.dll+0x67f929]
V  [jvm.dll+0x8371ba]
V  [jvm.dll+0x838c7e]
V  [jvm.dll+0x8392e3]
V  [jvm.dll+0x24834f]
V  [jvm.dll+0xac9d4]
V  [jvm.dll+0xad01c]
V  [jvm.dll+0x2af96f]
V  [jvm.dll+0x5868d7]
V  [jvm.dll+0x2231c2]
V  [jvm.dll+0x2235bf]
V  [jvm.dll+0x21c6e0]
V  [jvm.dll+0x219be1]
V  [jvm.dll+0x1a58bd]
V  [jvm.dll+0x229a2d]
V  [jvm.dll+0x227bdc]
V  [jvm.dll+0x7ec1f7]
V  [jvm.dll+0x7e65dc]
V  [jvm.dll+0x67e7f7]
C  [ucrtbase.dll+0x29363]
C  [KERNEL32.DLL+0x1257d]
C  [ntdll.dll+0x5aa58]


---------------  P R O C E S S  ---------------

Threads class SMR info:
_java_thread_list=0x0000025ddea75430, length=48, elements={
0x0000025dc17a2290, 0x0000025dd5626020, 0x0000025dd5627290, 0x0000025dda6c4ca0,
0x0000025dda6c5670, 0x0000025dda6c6140, 0x0000025dda6c6c10, 0x0000025dda6c9920,
0x0000025dda6cb9e0, 0x0000025dda6e5cc0, 0x0000025dda7d6070, 0x0000025ddaa2cb20,
0x0000025ddbf93bb0, 0x0000025ddc194730, 0x0000025ddc194ee0, 0x0000025ddc620c00,
0x0000025ddc819c20, 0x0000025ddc7f5030, 0x0000025ddc7f4100, 0x0000025ddc7f6980,
0x0000025ddc7f4b20, 0x0000025ddc7f73a0, 0x0000025ddc7f3bf0, 0x0000025ddc7f4610,
0x0000025dde5be7c0, 0x0000025dde5c0b30, 0x0000025dde5bd380, 0x0000025dde5becd0,
0x0000025dde5bf1e0, 0x0000025dde5c3dd0, 0x0000025dde5be2b0, 0x0000025dde5bd890,
0x0000025dde5c38c0, 0x0000025ddc32e000, 0x0000025ddc32cbc0, 0x0000025ddc32fe60,
0x0000025ddc32a340, 0x0000025ddc32e510, 0x0000025ddc32ad60, 0x0000025dde5c1040,
0x0000025dde5bfc00, 0x0000025dde5c1f70, 0x0000025ddc32bc90, 0x0000025ddc32f440,
0x0000025ddc330880, 0x0000025ddc32a850, 0x0000025ddc32b270, 0x0000025dde5c42e0
}

Java Threads: ( => current thread )
  0x0000025dc17a2290 JavaThread "main" [_thread_blocked, id=6244, stack(0x0000009149700000,0x0000009149800000)]
  0x0000025dd5626020 JavaThread "Reference Handler" daemon [_thread_blocked, id=4204, stack(0x0000009149a00000,0x0000009149b00000)]
  0x0000025dd5627290 JavaThread "Finalizer" daemon [_thread_blocked, id=7604, stack(0x0000009149b00000,0x0000009149c00000)]
  0x0000025dda6c4ca0 JavaThread "Signal Dispatcher" daemon [_thread_blocked, id=12660, stack(0x0000009149c00000,0x0000009149d00000)]
  0x0000025dda6c5670 JavaThread "Attach Listener" daemon [_thread_blocked, id=2488, stack(0x0000009149d00000,0x0000009149e00000)]
  0x0000025dda6c6140 JavaThread "Service Thread" daemon [_thread_blocked, id=4284, stack(0x0000009149e00000,0x0000009149f00000)]
  0x0000025dda6c6c10 JavaThread "Monitor Deflation Thread" daemon [_thread_blocked, id=11532, stack(0x0000009149f00000,0x000000914a000000)]
=>0x0000025dda6c9920 JavaThread "C2 CompilerThread0" daemon [_thread_in_native, id=7088, stack(0x000000914a000000,0x000000914a100000)]
  0x0000025dda6cb9e0 JavaThread "C1 CompilerThread0" daemon [_thread_blocked, id=14776, stack(0x000000914a100000,0x000000914a200000)]
  0x0000025dda6e5cc0 JavaThread "Sweeper thread" daemon [_thread_blocked, id=10728, stack(0x000000914a200000,0x000000914a300000)]
  0x0000025dda7d6070 JavaThread "Common-Cleaner" daemon [_thread_blocked, id=16772, stack(0x000000914a300000,0x000000914a400000)]
  0x0000025ddaa2cb20 JavaThread "Notification Thread" daemon [_thread_blocked, id=17108, stack(0x000000914a500000,0x000000914a600000)]
  0x0000025ddbf93bb0 JavaThread "Active Thread: Equinox Container: 3282ec56-4c89-4811-969f-7fdbf5a5fe8a" [_thread_blocked, id=4136, stack(0x000000914ae00000,0x000000914af00000)]
  0x0000025ddc194730 JavaThread "Framework Event Dispatcher: Equinox Container: 3282ec56-4c89-4811-969f-7fdbf5a5fe8a" daemon [_thread_blocked, id=15096, stack(0x000000914a700000,0x000000914a800000)]
  0x0000025ddc194ee0 JavaThread "Start Level: Equinox Container: 3282ec56-4c89-4811-969f-7fdbf5a5fe8a" daemon [_thread_blocked, id=16536, stack(0x000000914af00000,0x000000914b000000)]
  0x0000025ddc620c00 JavaThread "Bundle File Closer" daemon [_thread_blocked, id=2596, stack(0x000000914b200000,0x000000914b300000)]
  0x0000025ddc819c20 JavaThread "SCR Component Actor" daemon [_thread_blocked, id=12268, stack(0x000000914b300000,0x000000914b400000)]
  0x0000025ddc7f5030 JavaThread "Worker-JM" [_thread_blocked, id=12228, stack(0x000000914b500000,0x000000914b600000)]
  0x0000025ddc7f4100 JavaThread "Java indexing" daemon [_thread_blocked, id=4104, stack(0x000000914b800000,0x000000914b900000)]
  0x0000025ddc7f6980 JavaThread "JNA Cleaner" daemon [_thread_blocked, id=9944, stack(0x000000914b900000,0x000000914ba00000)]
  0x0000025ddc7f4b20 JavaThread "Thread-2" daemon [_thread_in_native, id=17212, stack(0x000000914bc00000,0x000000914bd00000)]
  0x0000025ddc7f73a0 JavaThread "Thread-3" daemon [_thread_in_native, id=6628, stack(0x000000914bd00000,0x000000914be00000)]
  0x0000025ddc7f3bf0 JavaThread "Thread-4" daemon [_thread_in_native, id=10448, stack(0x000000914be00000,0x000000914bf00000)]
  0x0000025ddc7f4610 JavaThread "Thread-5" daemon [_thread_in_native, id=6380, stack(0x000000914bf00000,0x000000914c000000)]
  0x0000025dde5be7c0 JavaThread "Thread-6" daemon [_thread_in_native, id=9452, stack(0x000000914c000000,0x000000914c100000)]
  0x0000025dde5c0b30 JavaThread "Thread-7" daemon [_thread_in_native, id=10060, stack(0x000000914c100000,0x000000914c200000)]
  0x0000025dde5bd380 JavaThread "Thread-8" daemon [_thread_in_native, id=15424, stack(0x000000914c200000,0x000000914c300000)]
  0x0000025dde5becd0 JavaThread "Thread-9" daemon [_thread_in_native, id=16504, stack(0x000000914c300000,0x000000914c400000)]
  0x0000025dde5bf1e0 JavaThread "Thread-10" daemon [_thread_in_native, id=3924, stack(0x000000914c400000,0x000000914c500000)]
  0x0000025dde5c3dd0 JavaThread "pool-2-thread-1" [_thread_blocked, id=9956, stack(0x000000914c500000,0x000000914c600000)]
  0x0000025dde5be2b0 JavaThread "WorkspaceEventsHandler" [_thread_blocked, id=5512, stack(0x000000914c600000,0x000000914c700000)]
  0x0000025dde5bd890 JavaThread "pool-1-thread-1" [_thread_blocked, id=12844, stack(0x000000914c700000,0x000000914c800000)]
  0x0000025dde5c38c0 JavaThread "Worker-8" [_thread_blocked, id=16732, stack(0x000000914d000000,0x000000914d100000)]
  0x0000025ddc32e000 JavaThread "Compiler Source File Reader" daemon [_thread_blocked, id=11584, stack(0x000000914d600000,0x000000914d700000)]
  0x0000025ddc32cbc0 JavaThread "Compiler Source File Reader" daemon [_thread_blocked, id=11796, stack(0x000000914d700000,0x000000914d800000)]
  0x0000025ddc32fe60 JavaThread "Compiler Source File Reader" daemon [_thread_blocked, id=5952, stack(0x000000914d800000,0x000000914d900000)]
  0x0000025ddc32a340 JavaThread "Compiler Source File Reader" daemon [_thread_blocked, id=4844, stack(0x000000914d900000,0x000000914da00000)]
  0x0000025ddc32e510 JavaThread "Compiler Source File Reader" daemon [_thread_blocked, id=8716, stack(0x000000914da00000,0x000000914db00000)]
  0x0000025ddc32ad60 JavaThread "Compiler Source File Reader" daemon [_thread_blocked, id=17132, stack(0x000000914db00000,0x000000914dc00000)]
  0x0000025dde5c1040 JavaThread "Worker-10" [_thread_blocked, id=2380, stack(0x0000009149600000,0x0000009149700000)]
  0x0000025dde5bfc00 JavaThread "ForkJoinPool.commonPool-worker-8" daemon [_thread_blocked, id=14132, stack(0x000000914a400000,0x000000914a500000)]
  0x0000025dde5c1f70 JavaThread "ForkJoinPool.commonPool-worker-11" daemon [_thread_blocked, id=13744, stack(0x000000914b600000,0x000000914b700000)]
  0x0000025ddc32bc90 JavaThread "Cleaner-0" daemon [_thread_blocked, id=11528, stack(0x000000914c800000,0x000000914c900000)]
  0x0000025ddc32f440 JavaThread "ForkJoinPool.commonPool-worker-16" daemon [_thread_blocked, id=11704, stack(0x0000009149500000,0x0000009149600000)]
  0x0000025ddc330880 JavaThread "ForkJoinPool.commonPool-worker-17" daemon [_thread_blocked, id=5956, stack(0x000000914b100000,0x000000914b200000)]
  0x0000025ddc32a850 JavaThread "ForkJoinPool.commonPool-worker-18" daemon [_thread_blocked, id=7024, stack(0x000000914b400000,0x000000914b500000)]
  0x0000025ddc32b270 JavaThread "ForkJoinPool.commonPool-worker-19" daemon [_thread_blocked, id=6488, stack(0x000000914b700000,0x000000914b800000)]
  0x0000025dde5c42e0 JavaThread "ForkJoinPool.commonPool-worker-20" daemon [_thread_blocked, id=12444, stack(0x000000914ba00000,0x000000914bb00000)]

Other Threads:
  0x0000025dc184e9c0 VMThread "VM Thread" [stack: 0x0000009149900000,0x0000009149a00000] [id=4068]
  0x0000025ddaa2c4f0 WatcherThread [stack: 0x000000914a600000,0x000000914a700000] [id=16784]
  0x0000025dc17b75a0 GCTaskThread "GC Thread#0" [stack: 0x0000009149800000,0x0000009149900000] [id=3400]
  0x0000025ddbb67a10 GCTaskThread "GC Thread#1" [stack: 0x000000914a800000,0x000000914a900000] [id=1692]
  0x0000025ddbd59850 GCTaskThread "GC Thread#2" [stack: 0x000000914a900000,0x000000914aa00000] [id=6764]
  0x0000025ddbd59b10 GCTaskThread "GC Thread#3" [stack: 0x000000914aa00000,0x000000914ab00000] [id=1680]
  0x0000025ddbd59dd0 GCTaskThread "GC Thread#4" [stack: 0x000000914ab00000,0x000000914ac00000] [id=17348]
  0x0000025ddbd5a2a0 GCTaskThread "GC Thread#5" [stack: 0x000000914ac00000,0x000000914ad00000] [id=12516]
  0x0000025ddc03deb0 GCTaskThread "GC Thread#6" [stack: 0x000000914ad00000,0x000000914ae00000] [id=16496]
  0x0000025ddc03e170 GCTaskThread "GC Thread#7" [stack: 0x000000914b000000,0x000000914b100000] [id=1220]

Threads with active compile tasks:
C2 CompilerThread0  1425733 19679   !   4       org.eclipse.jdt.internal.compiler.lookup.BinaryTypeBinding::superclass (207 bytes)

VM state: not at safepoint (normal execution)

VM Mutex/Monitor currently owned by a thread: None

Heap address: 0x00000000c0000000, size: 1024 MB, Compressed Oops mode: 32-bit

CDS archive(s) not mapped
Compressed class space mapped at: 0x0000000100000000-0x0000000140000000, reserved size: 1073741824
Narrow klass base: 0x0000000000000000, Narrow klass shift: 3, Narrow klass range: 0x140000000

GC Precious Log:
 CPUs: 8 total, 8 available
 Memory: 7969M
 Large Page Support: Disabled
 NUMA Support: Disabled
 Compressed Oops: Enabled (32-bit)
 Alignments: Space 512K, Generation 512K, Heap 2M
 Heap Min Capacity: 100M
 Heap Initial Capacity: 100M
 Heap Max Capacity: 1G
 Pre-touch: Disabled
 Parallel Workers: 8

Heap:
 PSYoungGen      total 9216K, used 8238K [0x00000000eab00000, 0x00000000eb980000, 0x0000000100000000)
  eden space 7168K, 88% used [0x00000000eab00000,0x00000000eb13aba8,0x00000000eb200000)
  from space 2048K, 90% used [0x00000000eb580000,0x00000000eb750d40,0x00000000eb780000)
  to   space 2048K, 0% used [0x00000000eb780000,0x00000000eb780000,0x00000000eb980000)
 ParOldGen       total 225792K, used 197528K [0x00000000c0000000, 0x00000000cdc80000, 0x00000000eab00000)
  object space 225792K, 87% used [0x00000000c0000000,0x00000000cc0e6000,0x00000000cdc80000)
 Metaspace       used 90477K, committed 91968K, reserved 1179648K
  class space    used 9272K, committed 9920K, reserved 1048576K

Card table byte_map: [0x0000025dc1130000,0x0000025dc1340000] _byte_map_base: 0x0000025dc0b30000

Marking Bits: (ParMarkBitMap*) 0x00007ff9dbc558b0
 Begin Bits: [0x0000025dd3430000, 0x0000025dd4430000)
 End Bits:   [0x0000025dd4430000, 0x0000025dd5430000)

Polling page: 0x0000025dbf710000

Metaspace:

Usage:
  Non-class:     79.30 MB used.
      Class:      9.06 MB used.
       Both:     88.36 MB used.

Virtual space:
  Non-class space:      128.00 MB reserved,      80.12 MB ( 63%) committed,  2 nodes.
      Class space:        1.00 GB reserved,       9.69 MB ( <1%) committed,  1 nodes.
             Both:        1.12 GB reserved,      89.81 MB (  8%) committed. 

Chunk freelists:
   Non-Class:  15.17 MB
       Class:  6.17 MB
        Both:  21.35 MB

MaxMetaspaceSize: unlimited
CompressedClassSpaceSize: 1.00 GB
Initial GC threshold: 21.00 MB
Current GC threshold: 142.81 MB
CDS: off
MetaspaceReclaimPolicy: balanced
 - commit_granule_bytes: 65536.
 - commit_granule_words: 8192.
 - virtual_space_node_default_size: 8388608.
 - enlarge_chunks_in_place: 1.
 - new_chunks_are_fully_committed: 0.
 - uncommit_free_chunks: 1.
 - use_allocation_guard: 0.
 - handle_deallocations: 1.


Internal statistics:

num_allocs_failed_limit: 9.
num_arena_births: 1120.
num_arena_deaths: 356.
num_vsnodes_births: 3.
num_vsnodes_deaths: 0.
num_space_committed: 1437.
num_space_uncommitted: 0.
num_chunks_returned_to_freelist: 450.
num_chunks_taken_from_freelist: 4940.
num_chunk_merges: 172.
num_chunk_splits: 3027.
num_chunks_enlarged: 1885.
num_inconsistent_stats: 0.

CodeHeap 'non-profiled nmethods': size=120000Kb used=14892Kb max_used=14892Kb free=105107Kb
 bounds [0x0000025dcbf00000, 0x0000025dccd90000, 0x0000025dd3430000]
CodeHeap 'profiled nmethods': size=120000Kb used=31928Kb max_used=32302Kb free=88071Kb
 bounds [0x0000025dc4430000, 0x0000025dc63c0000, 0x0000025dcb960000]
CodeHeap 'non-nmethods': size=5760Kb used=1445Kb max_used=1512Kb free=4314Kb
 bounds [0x0000025dcb960000, 0x0000025dcbbd0000, 0x0000025dcbf00000]
 total_blobs=15841 nmethods=15039 adapters=712
 compilation: enabled
              stopped_count=0, restarted_count=0
 full_count=0

Compilation events (20 events):
Event: 1425.508 Thread 0x0000025dda6cb9e0 19723       1       org.eclipse.jface.text.templates.Template::isAutoInsertable (5 bytes)
Event: 1425.508 Thread 0x0000025dda6cb9e0 nmethod 19723 0x0000025dccd7c990 code [0x0000025dccd7cb20, 0x0000025dccd7cbf8]
Event: 1425.508 Thread 0x0000025dda6cb9e0 19724       1       org.eclipse.text.templates.TemplatePersistenceData::setDeleted (6 bytes)
Event: 1425.508 Thread 0x0000025dda6cb9e0 nmethod 19724 0x0000025dccd7cc90 code [0x0000025dccd7ce20, 0x0000025dccd7cef8]
Event: 1425.513 Thread 0x0000025dda6cb9e0 19725       3       org.eclipse.jdt.internal.core.SourceType::equals (27 bytes)
Event: 1425.513 Thread 0x0000025dda6cb9e0 nmethod 19725 0x0000025dc57bd790 code [0x0000025dc57bd960, 0x0000025dc57bde18]
Event: 1425.513 Thread 0x0000025dda6cb9e0 19726       2       org.eclipse.jdt.internal.core.JavaModelManager::getOptions (297 bytes)
Event: 1425.524 Thread 0x0000025dda6cb9e0 nmethod 19726 0x0000025dc627cd10 code [0x0000025dc627d140, 0x0000025dc627e158]
Event: 1425.524 Thread 0x0000025dda6cb9e0 19729       3       org.eclipse.jdt.core.dom.QualifiedName::accept0 (34 bytes)
Event: 1425.524 Thread 0x0000025dda6cb9e0 nmethod 19729 0x0000025dc6285c10 code [0x0000025dc6285e20, 0x0000025dc6286318]
Event: 1425.524 Thread 0x0000025dda6cb9e0 19728       3       org.eclipse.jdt.internal.corext.fix.VariableDeclarationFixCore$WrittenNamesFinder::visit (125 bytes)
Event: 1425.525 Thread 0x0000025dda6cb9e0 nmethod 19728 0x0000025dc59c5110 code [0x0000025dc59c5420, 0x0000025dc59c6c98]
Event: 1425.525 Thread 0x0000025dda6cb9e0 19731  s    3       org.eclipse.jdt.core.dom.DefaultBindingResolver::internalGetTypeBinding (287 bytes)
Event: 1425.526 Thread 0x0000025dda6cb9e0 nmethod 19731 0x0000025dc5de3610 code [0x0000025dc5de3940, 0x0000025dc5de4f98]
Event: 1425.526 Thread 0x0000025dda6cb9e0 19727       1       org.eclipse.lsp4j.CodeActionLiteralSupportCapabilities::getCodeActionKind (5 bytes)
Event: 1425.526 Thread 0x0000025dda6cb9e0 nmethod 19727 0x0000025dccd7cf90 code [0x0000025dccd7d120, 0x0000025dccd7d1f8]
Event: 1425.620 Thread 0x0000025dda6c9920 nmethod 19636 0x0000025dccd7d290 code [0x0000025dccd7d6c0, 0x0000025dccd85bb8]
Event: 1425.620 Thread 0x0000025dda6c9920 19641   !   4       org.eclipse.jdt.internal.core.NameLookup::getModuleDescription (232 bytes)
Event: 1425.643 Thread 0x0000025dda6c9920 nmethod 19641 0x0000025dccd88110 code [0x0000025dccd883e0, 0x0000025dccd89cc0]
Event: 1425.644 Thread 0x0000025dda6c9920 19679   !   4       org.eclipse.jdt.internal.compiler.lookup.BinaryTypeBinding::superclass (207 bytes)

GC Heap History (20 events):
Event: 979.741 GC heap before
{Heap before GC invocations=504 (full 18):
 PSYoungGen      total 13824K, used 13088K [0x00000000eab00000, 0x00000000ebe80000, 0x0000000100000000)
  eden space 12800K, 100% used [0x00000000eab00000,0x00000000eb780000,0x00000000eb780000)
  from space 1024K, 28% used [0x00000000ebd00000,0x00000000ebd48020,0x00000000ebe00000)
  to   space 512K, 0% used [0x00000000ebe00000,0x00000000ebe00000,0x00000000ebe80000)
 ParOldGen       total 225792K, used 188132K [0x00000000c0000000, 0x00000000cdc80000, 0x00000000eab00000)
  object space 225792K, 83% used [0x00000000c0000000,0x00000000cb7b9200,0x00000000cdc80000)
 Metaspace       used 89336K, committed 90752K, reserved 1179648K
  class space    used 9145K, committed 9792K, reserved 1048576K
}
Event: 979.742 GC heap after
{Heap after GC invocations=504 (full 18):
 PSYoungGen      total 13312K, used 416K [0x00000000eab00000, 0x00000000ebe80000, 0x0000000100000000)
  eden space 12800K, 0% used [0x00000000eab00000,0x00000000eab00000,0x00000000eb780000)
  from space 512K, 81% used [0x00000000ebe00000,0x00000000ebe68020,0x00000000ebe80000)
  to   space 512K, 0% used [0x00000000ebd80000,0x00000000ebd80000,0x00000000ebe00000)
 ParOldGen       total 225792K, used 188140K [0x00000000c0000000, 0x00000000cdc80000, 0x00000000eab00000)
  object space 225792K, 83% used [0x00000000c0000000,0x00000000cb7bb200,0x00000000cdc80000)
 Metaspace       used 89336K, committed 90752K, reserved 1179648K
  class space    used 9145K, committed 9792K, reserved 1048576K
}
Event: 982.646 GC heap before
{Heap before GC invocations=505 (full 18):
 PSYoungGen      total 13312K, used 13216K [0x00000000eab00000, 0x00000000ebe80000, 0x0000000100000000)
  eden space 12800K, 100% used [0x00000000eab00000,0x00000000eb780000,0x00000000eb780000)
  from space 512K, 81% used [0x00000000ebe00000,0x00000000ebe68020,0x00000000ebe80000)
  to   space 512K, 0% used [0x00000000ebd80000,0x00000000ebd80000,0x00000000ebe00000)
 ParOldGen       total 225792K, used 188140K [0x00000000c0000000, 0x00000000cdc80000, 0x00000000eab00000)
  object space 225792K, 83% used [0x00000000c0000000,0x00000000cb7bb200,0x00000000cdc80000)
 Metaspace       used 89695K, committed 91072K, reserved 1179648K
  class space    used 9184K, committed 9792K, reserved 1048576K
}
Event: 982.647 GC heap after
{Heap after GC invocations=505 (full 18):
 PSYoungGen      total 13312K, used 288K [0x00000000eab00000, 0x00000000ebe80000, 0x0000000100000000)
  eden space 12800K, 0% used [0x00000000eab00000,0x00000000eab00000,0x00000000eb780000)
  from space 512K, 56% used [0x00000000ebd80000,0x00000000ebdc8000,0x00000000ebe00000)
  to   space 512K, 0% used [0x00000000ebe00000,0x00000000ebe00000,0x00000000ebe80000)
 ParOldGen       total 225792K, used 188148K [0x00000000c0000000, 0x00000000cdc80000, 0x00000000eab00000)
  object space 225792K, 83% used [0x00000000c0000000,0x00000000cb7bd200,0x00000000cdc80000)
 Metaspace       used 89695K, committed 91072K, reserved 1179648K
  class space    used 9184K, committed 9792K, reserved 1048576K
}
Event: 994.904 GC heap before
{Heap before GC invocations=506 (full 18):
 PSYoungGen      total 13312K, used 13088K [0x00000000eab00000, 0x00000000ebe80000, 0x0000000100000000)
  eden space 12800K, 100% used [0x00000000eab00000,0x00000000eb780000,0x00000000eb780000)
  from space 512K, 56% used [0x00000000ebd80000,0x00000000ebdc8000,0x00000000ebe00000)
  to   space 512K, 0% used [0x00000000ebe00000,0x00000000ebe00000,0x00000000ebe80000)
 ParOldGen       total 225792K, used 188148K [0x00000000c0000000, 0x00000000cdc80000, 0x00000000eab00000)
  object space 225792K, 83% used [0x00000000c0000000,0x00000000cb7bd200,0x00000000cdc80000)
 Metaspace       used 89754K, committed 91136K, reserved 1179648K
  class space    used 9184K, committed 9792K, reserved 1048576K
}
Event: 994.906 GC heap after
{Heap after GC invocations=506 (full 18):
 PSYoungGen      total 13312K, used 288K [0x00000000eab00000, 0x00000000ebe80000, 0x0000000100000000)
  eden space 12800K, 0% used [0x00000000eab00000,0x00000000eab00000,0x00000000eb780000)
  from space 512K, 56% used [0x00000000ebe00000,0x00000000ebe48000,0x00000000ebe80000)
  to   space 512K, 0% used [0x00000000ebd80000,0x00000000ebd80000,0x00000000ebe00000)
 ParOldGen       total 225792K, used 188156K [0x00000000c0000000, 0x00000000cdc80000, 0x00000000eab00000)
  object space 225792K, 83% used [0x00000000c0000000,0x00000000cb7bf200,0x00000000cdc80000)
 Metaspace       used 89754K, committed 91136K, reserved 1179648K
  class space    used 9184K, committed 9792K, reserved 1048576K
}
Event: 1223.069 GC heap before
{Heap before GC invocations=507 (full 18):
 PSYoungGen      total 13312K, used 13088K [0x00000000eab00000, 0x00000000ebe80000, 0x0000000100000000)
  eden space 12800K, 100% used [0x00000000eab00000,0x00000000eb780000,0x00000000eb780000)
  from space 512K, 56% used [0x00000000ebe00000,0x00000000ebe48000,0x00000000ebe80000)
  to   space 512K, 0% used [0x00000000ebd80000,0x00000000ebd80000,0x00000000ebe00000)
 ParOldGen       total 225792K, used 188156K [0x00000000c0000000, 0x00000000cdc80000, 0x00000000eab00000)
  object space 225792K, 83% used [0x00000000c0000000,0x00000000cb7bf200,0x00000000cdc80000)
 Metaspace       used 89825K, committed 91264K, reserved 1179648K
  class space    used 9197K, committed 9792K, reserved 1048576K
}
Event: 1223.072 GC heap after
{Heap after GC invocations=507 (full 18):
 PSYoungGen      total 13312K, used 320K [0x00000000eab00000, 0x00000000ebe80000, 0x0000000100000000)
  eden space 12800K, 0% used [0x00000000eab00000,0x00000000eab00000,0x00000000eb780000)
  from space 512K, 62% used [0x00000000ebd80000,0x00000000ebdd0000,0x00000000ebe00000)
  to   space 512K, 0% used [0x00000000ebe00000,0x00000000ebe00000,0x00000000ebe80000)
 ParOldGen       total 225792K, used 188156K [0x00000000c0000000, 0x00000000cdc80000, 0x00000000eab00000)
  object space 225792K, 83% used [0x00000000c0000000,0x00000000cb7bf200,0x00000000cdc80000)
 Metaspace       used 89825K, committed 91264K, reserved 1179648K
  class space    used 9197K, committed 9792K, reserved 1048576K
}
Event: 1424.686 GC heap before
{Heap before GC invocations=508 (full 18):
 PSYoungGen      total 13312K, used 13119K [0x00000000eab00000, 0x00000000ebe80000, 0x0000000100000000)
  eden space 12800K, 99% used [0x00000000eab00000,0x00000000eb77fff8,0x00000000eb780000)
  from space 512K, 62% used [0x00000000ebd80000,0x00000000ebdd0000,0x00000000ebe00000)
  to   space 512K, 0% used [0x00000000ebe00000,0x00000000ebe00000,0x00000000ebe80000)
 ParOldGen       total 225792K, used 188156K [0x00000000c0000000, 0x00000000cdc80000, 0x00000000eab00000)
  object space 225792K, 83% used [0x00000000c0000000,0x00000000cb7bf200,0x00000000cdc80000)
 Metaspace       used 89831K, committed 91264K, reserved 1179648K
  class space    used 9197K, committed 9792K, reserved 1048576K
}
Event: 1424.687 GC heap after
{Heap after GC invocations=508 (full 18):
 PSYoungGen      total 13312K, used 500K [0x00000000eab00000, 0x00000000ebe80000, 0x0000000100000000)
  eden space 12800K, 0% used [0x00000000eab00000,0x00000000eab00000,0x00000000eb780000)
  from space 512K, 97% used [0x00000000ebe00000,0x00000000ebe7d220,0x00000000ebe80000)
  to   space 1024K, 0% used [0x00000000ebc80000,0x00000000ebc80000,0x00000000ebd80000)
 ParOldGen       total 225792K, used 188268K [0x00000000c0000000, 0x00000000cdc80000, 0x00000000eab00000)
  object space 225792K, 83% used [0x00000000c0000000,0x00000000cb7db200,0x00000000cdc80000)
 Metaspace       used 89831K, committed 91264K, reserved 1179648K
  class space    used 9197K, committed 9792K, reserved 1048576K
}
Event: 1425.277 GC heap before
{Heap before GC invocations=509 (full 18):
 PSYoungGen      total 13312K, used 13300K [0x00000000eab00000, 0x00000000ebe80000, 0x0000000100000000)
  eden space 12800K, 100% used [0x00000000eab00000,0x00000000eb780000,0x00000000eb780000)
  from space 512K, 97% used [0x00000000ebe00000,0x00000000ebe7d220,0x00000000ebe80000)
  to   space 1024K, 0% used [0x00000000ebc80000,0x00000000ebc80000,0x00000000ebd80000)
 ParOldGen       total 225792K, used 188268K [0x00000000c0000000, 0x00000000cdc80000, 0x00000000eab00000)
  object space 225792K, 83% used [0x00000000c0000000,0x00000000cb7db200,0x00000000cdc80000)
 Metaspace       used 90129K, committed 91584K, reserved 1179648K
  class space    used 9231K, committed 9856K, reserved 1048576K
}
Event: 1425.280 GC heap after
{Heap after GC invocations=509 (full 18):
 PSYoungGen      total 13824K, used 1012K [0x00000000eab00000, 0x00000000ebe80000, 0x0000000100000000)
  eden space 12800K, 0% used [0x00000000eab00000,0x00000000eab00000,0x00000000eb780000)
  from space 1024K, 98% used [0x00000000ebc80000,0x00000000ebd7d240,0x00000000ebd80000)
  to   space 1024K, 0% used [0x00000000ebd80000,0x00000000ebd80000,0x00000000ebe80000)
 ParOldGen       total 225792K, used 188372K [0x00000000c0000000, 0x00000000cdc80000, 0x00000000eab00000)
  object space 225792K, 83% used [0x00000000c0000000,0x00000000cb7f5200,0x00000000cdc80000)
 Metaspace       used 90129K, committed 91584K, reserved 1179648K
  class space    used 9231K, committed 9856K, reserved 1048576K
}
Event: 1425.368 GC heap before
{Heap before GC invocations=510 (full 18):
 PSYoungGen      total 13824K, used 13812K [0x00000000eab00000, 0x00000000ebe80000, 0x0000000100000000)
  eden space 12800K, 100% used [0x00000000eab00000,0x00000000eb780000,0x00000000eb780000)
  from space 1024K, 98% used [0x00000000ebc80000,0x00000000ebd7d240,0x00000000ebd80000)
  to   space 1024K, 0% used [0x00000000ebd80000,0x00000000ebd80000,0x00000000ebe80000)
 ParOldGen       total 225792K, used 188372K [0x00000000c0000000, 0x00000000cdc80000, 0x00000000eab00000)
  object space 225792K, 83% used [0x00000000c0000000,0x00000000cb7f5200,0x00000000cdc80000)
 Metaspace       used 90449K, committed 91904K, reserved 1179648K
  class space    used 9271K, committed 9920K, reserved 1048576K
}
Event: 1425.373 GC heap after
{Heap after GC invocations=510 (full 18):
 PSYoungGen      total 8192K, used 1006K [0x00000000eab00000, 0x00000000ece80000, 0x0000000100000000)
  eden space 7168K, 0% used [0x00000000eab00000,0x00000000eab00000,0x00000000eb200000)
  from space 1024K, 98% used [0x00000000ebd80000,0x00000000ebe7bb40,0x00000000ebe80000)
  to   space 11776K, 0% used [0x00000000eb200000,0x00000000eb200000,0x00000000ebd80000)
 ParOldGen       total 225792K, used 197432K [0x00000000c0000000, 0x00000000cdc80000, 0x00000000eab00000)
  object space 225792K, 87% used [0x00000000c0000000,0x00000000cc0ce000,0x00000000cdc80000)
 Metaspace       used 90449K, committed 91904K, reserved 1179648K
  class space    used 9271K, committed 9920K, reserved 1048576K
}
Event: 1425.405 GC heap before
{Heap before GC invocations=511 (full 18):
 PSYoungGen      total 8192K, used 8174K [0x00000000eab00000, 0x00000000ece80000, 0x0000000100000000)
  eden space 7168K, 100% used [0x00000000eab00000,0x00000000eb200000,0x00000000eb200000)
  from space 1024K, 98% used [0x00000000ebd80000,0x00000000ebe7bb40,0x00000000ebe80000)
  to   space 11776K, 0% used [0x00000000eb200000,0x00000000eb200000,0x00000000ebd80000)
 ParOldGen       total 225792K, used 197432K [0x00000000c0000000, 0x00000000cdc80000, 0x00000000eab00000)
  object space 225792K, 87% used [0x00000000c0000000,0x00000000cc0ce000,0x00000000cdc80000)
 Metaspace       used 90451K, committed 91904K, reserved 1179648K
  class space    used 9271K, committed 9920K, reserved 1048576K
}
Event: 1425.408 GC heap after
{Heap after GC invocations=511 (full 18):
 PSYoungGen      total 9216K, used 1966K [0x00000000eab00000, 0x00000000ebe00000, 0x0000000100000000)
  eden space 7168K, 0% used [0x00000000eab00000,0x00000000eab00000,0x00000000eb200000)
  from space 2048K, 96% used [0x00000000eb200000,0x00000000eb3ebb40,0x00000000eb400000)
  to   space 5120K, 0% used [0x00000000eb900000,0x00000000eb900000,0x00000000ebe00000)
 ParOldGen       total 225792K, used 197528K [0x00000000c0000000, 0x00000000cdc80000, 0x00000000eab00000)
  object space 225792K, 87% used [0x00000000c0000000,0x00000000cc0e6000,0x00000000cdc80000)
 Metaspace       used 90451K, committed 91904K, reserved 1179648K
  class space    used 9271K, committed 9920K, reserved 1048576K
}
Event: 1425.459 GC heap before
{Heap before GC invocations=512 (full 18):
 PSYoungGen      total 9216K, used 9134K [0x00000000eab00000, 0x00000000ebe00000, 0x0000000100000000)
  eden space 7168K, 100% used [0x00000000eab00000,0x00000000eb200000,0x00000000eb200000)
  from space 2048K, 96% used [0x00000000eb200000,0x00000000eb3ebb40,0x00000000eb400000)
  to   space 5120K, 0% used [0x00000000eb900000,0x00000000eb900000,0x00000000ebe00000)
 ParOldGen       total 225792K, used 197528K [0x00000000c0000000, 0x00000000cdc80000, 0x00000000eab00000)
  object space 225792K, 87% used [0x00000000c0000000,0x00000000cc0e6000,0x00000000cdc80000)
 Metaspace       used 90451K, committed 91904K, reserved 1179648K
  class space    used 9271K, committed 9920K, reserved 1048576K
}
Event: 1425.460 GC heap after
{Heap after GC invocations=512 (full 18):
 PSYoungGen      total 8704K, used 1326K [0x00000000eab00000, 0x00000000eba80000, 0x0000000100000000)
  eden space 7168K, 0% used [0x00000000eab00000,0x00000000eab00000,0x00000000eb200000)
  from space 1536K, 86% used [0x00000000eb900000,0x00000000eba4bb40,0x00000000eba80000)
  to   space 2560K, 0% used [0x00000000eb580000,0x00000000eb580000,0x00000000eb800000)
 ParOldGen       total 225792K, used 197528K [0x00000000c0000000, 0x00000000cdc80000, 0x00000000eab00000)
  object space 225792K, 87% used [0x00000000c0000000,0x00000000cc0e6000,0x00000000cdc80000)
 Metaspace       used 90451K, committed 91904K, reserved 1179648K
  class space    used 9271K, committed 9920K, reserved 1048576K
}
Event: 1425.472 GC heap before
{Heap before GC invocations=513 (full 18):
 PSYoungGen      total 8704K, used 8494K [0x00000000eab00000, 0x00000000eba80000, 0x0000000100000000)
  eden space 7168K, 100% used [0x00000000eab00000,0x00000000eb200000,0x00000000eb200000)
  from space 1536K, 86% used [0x00000000eb900000,0x00000000eba4bb40,0x00000000eba80000)
  to   space 2560K, 0% used [0x00000000eb580000,0x00000000eb580000,0x00000000eb800000)
 ParOldGen       total 225792K, used 197528K [0x00000000c0000000, 0x00000000cdc80000, 0x00000000eab00000)
  object space 225792K, 87% used [0x00000000c0000000,0x00000000cc0e6000,0x00000000cdc80000)
 Metaspace       used 90452K, committed 91904K, reserved 1179648K
  class space    used 9271K, committed 9920K, reserved 1048576K
}
Event: 1425.473 GC heap after
{Heap after GC invocations=513 (full 18):
 PSYoungGen      total 9216K, used 1859K [0x00000000eab00000, 0x00000000eb980000, 0x0000000100000000)
  eden space 7168K, 0% used [0x00000000eab00000,0x00000000eab00000,0x00000000eb200000)
  from space 2048K, 90% used [0x00000000eb580000,0x00000000eb750d40,0x00000000eb780000)
  to   space 2048K, 0% used [0x00000000eb780000,0x00000000eb780000,0x00000000eb980000)
 ParOldGen       total 225792K, used 197528K [0x00000000c0000000, 0x00000000cdc80000, 0x00000000eab00000)
  object space 225792K, 87% used [0x00000000c0000000,0x00000000cc0e6000,0x00000000cdc80000)
 Metaspace       used 90452K, committed 91904K, reserved 1179648K
  class space    used 9271K, committed 9920K, reserved 1048576K
}

Dll operation events (14 events):
Event: 0.010 Loaded shared library c:\Users\Admin\.vscode\extensions\redhat.java-1.34.0-win32-x64\jre\17.0.12-win32-x86_64\bin\java.dll
Event: 0.113 Loaded shared library c:\Users\Admin\.vscode\extensions\redhat.java-1.34.0-win32-x64\jre\17.0.12-win32-x86_64\bin\zip.dll
Event: 0.115 Loaded shared library C:\Users\Admin\.vscode\extensions\redhat.java-1.34.0-win32-x64\jre\17.0.12-win32-x86_64\bin\instrument.dll
Event: 0.125 Loaded shared library C:\Users\Admin\.vscode\extensions\redhat.java-1.34.0-win32-x64\jre\17.0.12-win32-x86_64\bin\net.dll
Event: 0.126 Loaded shared library C:\Users\Admin\.vscode\extensions\redhat.java-1.34.0-win32-x64\jre\17.0.12-win32-x86_64\bin\nio.dll
Event: 0.131 Loaded shared library C:\Users\Admin\.vscode\extensions\redhat.java-1.34.0-win32-x64\jre\17.0.12-win32-x86_64\bin\zip.dll
Event: 0.142 Loaded shared library C:\Users\Admin\.vscode\extensions\redhat.java-1.34.0-win32-x64\jre\17.0.12-win32-x86_64\bin\jimage.dll
Event: 0.183 Loaded shared library c:\Users\Admin\.vscode\extensions\redhat.java-1.34.0-win32-x64\jre\17.0.12-win32-x86_64\bin\verify.dll
Event: 1.110 Loaded shared library C:\Users\Admin\AppData\Roaming\Code\User\globalStorage\redhat.java\1.34.0\config_win\org.eclipse.equinox.launcher\org.eclipse.equinox.launcher.win32.win32.x86_64_1.2.1100.v20240722-2106\eclipse_11904.dll
Event: 2.125 Loaded shared library C:\Users\Admin\.vscode\extensions\redhat.java-1.34.0-win32-x64\jre\17.0.12-win32-x86_64\bin\management.dll
Event: 2.127 Loaded shared library C:\Users\Admin\.vscode\extensions\redhat.java-1.34.0-win32-x64\jre\17.0.12-win32-x86_64\bin\management_ext.dll
Event: 3.368 Loaded shared library C:\Users\Admin\AppData\Local\Temp\jna-63116079\jna16998112067865946108.dll
Event: 4.765 Loaded shared library C:\Users\Admin\.vscode\extensions\redhat.java-1.34.0-win32-x64\jre\17.0.12-win32-x86_64\bin\sunmscapi.dll
Event: 4.893 Loaded shared library C:\Users\Admin\.vscode\extensions\redhat.java-1.34.0-win32-x64\jre\17.0.12-win32-x86_64\bin\extnet.dll

Deoptimization events (20 events):
Event: 1425.262 Thread 0x0000025dde5bfc00 DEOPT PACKING pc=0x0000025dcc7f60c0 sp=0x000000914a4fe870
Event: 1425.262 Thread 0x0000025dde5bfc00 DEOPT UNPACKING pc=0x0000025dcb9b66a3 sp=0x000000914a4fe7f0 mode 2
Event: 1425.293 Thread 0x0000025dde5bfc00 Uncommon trap: trap_request=0xffffff45 fr.pc=0x0000025dcccb2b58 relative=0x0000000000006bd8
Event: 1425.293 Thread 0x0000025dde5bfc00 Uncommon trap: reason=unstable_if action=reinterpret pc=0x0000025dcccb2b58 method=org.eclipse.jdt.internal.compiler.lookup.Scope.getTypeOrPackage([CIZ)Lorg/eclipse/jdt/internal/compiler/lookup/Binding; @ 21 c2
Event: 1425.293 Thread 0x0000025dde5bfc00 DEOPT PACKING pc=0x0000025dcccb2b58 sp=0x000000914a4fe350
Event: 1425.293 Thread 0x0000025dde5bfc00 DEOPT UNPACKING pc=0x0000025dcb9b66a3 sp=0x000000914a4fe3a0 mode 2
Event: 1425.302 Thread 0x0000025dde5bfc00 Uncommon trap: trap_request=0xffffff45 fr.pc=0x0000025dccd22a54 relative=0x0000000000000194
Event: 1425.302 Thread 0x0000025dde5bfc00 Uncommon trap: reason=unstable_if action=reinterpret pc=0x0000025dccd22a54 method=org.eclipse.jdt.core.dom.QualifiedName.accept0(Lorg/eclipse/jdt/core/dom/ASTVisitor;)V @ 7 c2
Event: 1425.302 Thread 0x0000025dde5bfc00 DEOPT PACKING pc=0x0000025dccd22a54 sp=0x000000914a4fdac0
Event: 1425.302 Thread 0x0000025dde5bfc00 DEOPT UNPACKING pc=0x0000025dcb9b66a3 sp=0x000000914a4fda68 mode 2
Event: 1425.343 Thread 0x0000025dde5bfc00 DEOPT PACKING pc=0x0000025dc635ff52 sp=0x000000914a4fddb0
Event: 1425.343 Thread 0x0000025dde5bfc00 DEOPT UNPACKING pc=0x0000025dcb9b6e43 sp=0x000000914a4fd250 mode 0
Event: 1425.388 Thread 0x0000025dde5bfc00 DEOPT PACKING pc=0x0000025dc5e2e2c4 sp=0x000000914a4fd810
Event: 1425.388 Thread 0x0000025dde5bfc00 DEOPT UNPACKING pc=0x0000025dcb9b6e43 sp=0x000000914a4fcd50 mode 0
Event: 1425.456 Thread 0x0000025dde5bfc00 Uncommon trap: trap_request=0xffffff6e fr.pc=0x0000025dcccc15ac relative=0x000000000000182c
Event: 1425.456 Thread 0x0000025dde5bfc00 Uncommon trap: reason=loop_limit_check action=maybe_recompile pc=0x0000025dcccc15ac method=org.eclipse.jdt.internal.compiler.lookup.BinaryTypeBinding.superInterfaces()[Lorg/eclipse/jdt/internal/compiler/lookup/ReferenceBinding; @ 266 c2
Event: 1425.456 Thread 0x0000025dde5bfc00 DEOPT PACKING pc=0x0000025dcccc15ac sp=0x000000914a4fdf30
Event: 1425.456 Thread 0x0000025dde5bfc00 DEOPT UNPACKING pc=0x0000025dcb9b66a3 sp=0x000000914a4fddb8 mode 2
Event: 1425.468 Thread 0x0000025dde5bfc00 DEOPT PACKING pc=0x0000025dc626ab9e sp=0x000000914a4fd360
Event: 1425.468 Thread 0x0000025dde5bfc00 DEOPT UNPACKING pc=0x0000025dcb9b6e43 sp=0x000000914a4fc990 mode 0

Classes loaded (20 events):
Event: 938.065 Loading class jdk/internal/event/SecurityPropertyModificationEvent
Event: 938.068 Loading class jdk/internal/event/SecurityPropertyModificationEvent done
Event: 938.164 Loading class java/util/zip/CheckedInputStream
Event: 938.164 Loading class java/util/zip/CheckedInputStream done
Event: 938.224 Loading class java/util/zip/GZIPInputStream$1
Event: 938.224 Loading class java/util/zip/GZIPInputStream$1 done
Event: 940.860 Loading class java/util/regex/Pattern$1
Event: 940.861 Loading class java/util/regex/Pattern$1 done
Event: 940.882 Loading class java/io/FileReader
Event: 940.882 Loading class java/io/FileReader done
Event: 940.884 Loading class java/lang/UnsupportedClassVersionError
Event: 940.885 Loading class java/lang/UnsupportedClassVersionError done
Event: 940.891 Loading class jdk/internal/reflect/UnsafeQualifiedStaticIntegerFieldAccessorImpl
Event: 940.892 Loading class jdk/internal/reflect/UnsafeQualifiedStaticIntegerFieldAccessorImpl done
Event: 941.183 Loading class java/lang/Throwable$WrappedPrintWriter
Event: 941.184 Loading class java/lang/Throwable$PrintStreamOrWriter
Event: 941.184 Loading class java/lang/Throwable$PrintStreamOrWriter done
Event: 941.184 Loading class java/lang/Throwable$WrappedPrintWriter done
Event: 941.450 Loading class jdk/internal/ref/CleanerImpl$InnocuousThreadFactory
Event: 941.451 Loading class jdk/internal/ref/CleanerImpl$InnocuousThreadFactory done

Classes unloaded (20 events):
Event: 939.182 Thread 0x0000025dc184e9c0 Unloading class 0x0000000100228800 'jdk/internal/reflect/GeneratedConstructorAccessor4'
Event: 939.182 Thread 0x0000025dc184e9c0 Unloading class 0x0000000100222400 'java/lang/invoke/LambdaForm$MH+0x0000000100222400'
Event: 939.182 Thread 0x0000025dc184e9c0 Unloading class 0x0000000100222000 'java/lang/invoke/LambdaForm$MH+0x0000000100222000'
Event: 939.182 Thread 0x0000025dc184e9c0 Unloading class 0x0000000100221c00 'java/lang/invoke/LambdaForm$MH+0x0000000100221c00'
Event: 939.182 Thread 0x0000025dc184e9c0 Unloading class 0x0000000100220c00 'java/lang/invoke/LambdaForm$MH+0x0000000100220c00'
Event: 939.182 Thread 0x0000025dc184e9c0 Unloading class 0x0000000100220800 'java/lang/invoke/LambdaForm$MH+0x0000000100220800'
Event: 939.182 Thread 0x0000025dc184e9c0 Unloading class 0x0000000100220000 'java/lang/invoke/LambdaForm$MH+0x0000000100220000'
Event: 939.183 Thread 0x0000025dc184e9c0 Unloading class 0x00000001001b1c00 'java/lang/invoke/LambdaForm$MH+0x00000001001b1c00'
Event: 939.183 Thread 0x0000025dc184e9c0 Unloading class 0x00000001001b1800 'java/lang/invoke/LambdaForm$MH+0x00000001001b1800'
Event: 939.183 Thread 0x0000025dc184e9c0 Unloading class 0x00000001001b1400 'java/lang/invoke/LambdaForm$MH+0x00000001001b1400'
Event: 939.183 Thread 0x0000025dc184e9c0 Unloading class 0x00000001001b1000 'java/lang/invoke/LambdaForm$MH+0x00000001001b1000'
Event: 939.183 Thread 0x0000025dc184e9c0 Unloading class 0x00000001001b0c00 'java/lang/invoke/LambdaForm$MH+0x00000001001b0c00'
Event: 939.183 Thread 0x0000025dc184e9c0 Unloading class 0x00000001001b0800 'java/lang/invoke/LambdaForm$MH+0x00000001001b0800'
Event: 939.183 Thread 0x0000025dc184e9c0 Unloading class 0x00000001001b0400 'java/lang/invoke/LambdaForm$MH+0x00000001001b0400'
Event: 939.183 Thread 0x0000025dc184e9c0 Unloading class 0x00000001001b0000 'java/lang/invoke/LambdaForm$MH+0x00000001001b0000'
Event: 939.183 Thread 0x0000025dc184e9c0 Unloading class 0x0000000100129000 'jdk/internal/reflect/GeneratedMethodAccessor5'
Event: 939.183 Thread 0x0000025dc184e9c0 Unloading class 0x0000000100128c00 'jdk/internal/reflect/GeneratedMethodAccessor4'
Event: 939.183 Thread 0x0000025dc184e9c0 Unloading class 0x0000000100128800 'jdk/internal/reflect/GeneratedMethodAccessor3'
Event: 939.183 Thread 0x0000025dc184e9c0 Unloading class 0x0000000100128400 'jdk/internal/reflect/GeneratedMethodAccessor2'
Event: 939.183 Thread 0x0000025dc184e9c0 Unloading class 0x0000000100128000 'jdk/internal/reflect/GeneratedMethodAccessor1'

Classes redefined (0 events):
No events

Internal exceptions (20 events):
Event: 938.219 Thread 0x0000025dde5c33b0 Exception <a 'java/lang/NoSuchMethodError'{0x00000000eb68b5b0}: 'int java.lang.invoke.DirectMethodHandle$Holder.invokeStatic(java.lang.Object, java.lang.Object, java.lang.Object, int)'> (0x00000000eb68b5b0) 
thrown [s\src\hotspot\share\interpreter\linkResolver.cpp, line 759]
Event: 940.562 Thread 0x0000025dde5c33b0 Implicit null exception at 0x0000025dcc867b4b to 0x0000025dcc8680b8
Event: 940.615 Thread 0x0000025dde5c33b0 Implicit null exception at 0x0000025dcbf50005 to 0x0000025dcbf503c4
Event: 940.766 Thread 0x0000025dde5c33b0 Implicit null exception at 0x0000025dccb685ee to 0x0000025dccb68800
Event: 940.768 Thread 0x0000025dde5c33b0 Implicit null exception at 0x0000025dcc260939 to 0x0000025dcc260b94
Event: 940.870 Thread 0x0000025dde5c1550 Exception <a 'java/lang/ArrayIndexOutOfBoundsException'{0x00000000eb1fddc8}> (0x00000000eb1fddc8) 
thrown [s\src\hotspot\share\runtime\sharedRuntime.cpp, line 631]
Event: 940.984 Thread 0x0000025dde5c1a60 Implicit null exception at 0x0000025dcc70d82c to 0x0000025dcc70d88c
Event: 940.984 Thread 0x0000025dde5c2990 Implicit null exception at 0x0000025dcc70d82c to 0x0000025dcc70d88c
Event: 941.196 Thread 0x0000025dde5bfc00 Implicit null exception at 0x0000025dcc81f5a5 to 0x0000025dcc81fe70
Event: 941.196 Thread 0x0000025dde5c1f70 Implicit null exception at 0x0000025dcc81f5a5 to 0x0000025dcc81fe70
Event: 941.196 Thread 0x0000025dde5c2990 Implicit null exception at 0x0000025dcc81f5a5 to 0x0000025dcc81fe70
Event: 941.196 Thread 0x0000025dde5c1a60 Implicit null exception at 0x0000025dcc81f5a5 to 0x0000025dcc81fe70
Event: 941.196 Thread 0x0000025dde5c1550 Implicit null exception at 0x0000025dcc81f5a5 to 0x0000025dcc81fe70
Event: 941.297 Thread 0x0000025dde5c42e0 Exception <a 'sun/nio/fs/WindowsException'{0x00000000eb49f120}> (0x00000000eb49f120) 
thrown [s\src\hotspot\share\prims\jni.cpp, line 516]
Event: 941.502 Thread 0x0000025dde5c42e0 Exception <a 'java/lang/NoSuchMethodError'{0x00000000eaef9ce0}: 'java.lang.Object java.lang.invoke.DirectMethodHandle$Holder.newInvokeSpecial(java.lang.Object, java.lang.Object, int, java.lang.Object, java.lang.Object, java.lang.Object, java.lang.Object)'> (0x00000000eaef9ce0) 
thrown [s\src\hotspot\share\interpreter\linkResolver.cpp, line 759]
Event: 954.506 Thread 0x0000025dde5c42e0 Implicit null exception at 0x0000025dccbccce7 to 0x0000025dccbccf68
Event: 974.910 Thread 0x0000025dde5bd890 Implicit null exception at 0x0000025dcc4e11d8 to 0x0000025dcc4e130c
Event: 975.322 Thread 0x0000025dde5bfc00 Exception <a 'java/lang/ArrayIndexOutOfBoundsException'{0x00000000eb4a8870}: Index 4125 out of bounds for length 4124> (0x00000000eb4a8870) 
thrown [s\src\hotspot\share\interpreter\interpreterRuntime.cpp, line 428]
Event: 979.746 Thread 0x0000025dde5c2480 Implicit null exception at 0x0000025dcc7d7a1d to 0x0000025dcc7d825c
Event: 1424.874 Thread 0x0000025dde5bfc00 Exception <a 'java/lang/NoSuchMethodError'{0x00000000eb529768}: 'java.lang.Object java.lang.invoke.DirectMethodHandle$Holder.invokeStatic(java.lang.Object, int, java.lang.Object)'> (0x00000000eb529768) 
thrown [s\src\hotspot\share\interpreter\linkResolver.cpp, line 759]

VM Operations (20 events):
Event: 1231.126 Executing VM operation: Cleanup
Event: 1231.126 Executing VM operation: Cleanup done
Event: 1232.136 Executing VM operation: Cleanup
Event: 1232.136 Executing VM operation: Cleanup done
Event: 1262.855 Executing VM operation: HandshakeAllThreads
Event: 1262.855 Executing VM operation: HandshakeAllThreads done
Event: 1383.195 Executing VM operation: HandshakeAllThreads
Event: 1383.195 Executing VM operation: HandshakeAllThreads done
Event: 1424.685 Executing VM operation: ParallelGCFailedAllocation
Event: 1424.687 Executing VM operation: ParallelGCFailedAllocation done
Event: 1425.277 Executing VM operation: ParallelGCFailedAllocation
Event: 1425.280 Executing VM operation: ParallelGCFailedAllocation done
Event: 1425.368 Executing VM operation: ParallelGCFailedAllocation
Event: 1425.373 Executing VM operation: ParallelGCFailedAllocation done
Event: 1425.405 Executing VM operation: ParallelGCFailedAllocation
Event: 1425.408 Executing VM operation: ParallelGCFailedAllocation done
Event: 1425.459 Executing VM operation: ParallelGCFailedAllocation
Event: 1425.460 Executing VM operation: ParallelGCFailedAllocation done
Event: 1425.472 Executing VM operation: ParallelGCFailedAllocation
Event: 1425.473 Executing VM operation: ParallelGCFailedAllocation done

Events (20 events):
Event: 978.314 Thread 0x0000025dda6e5cc0 flushing nmethod 0x0000025dc6285710
Event: 978.314 Thread 0x0000025dda6e5cc0 flushing nmethod 0x0000025dc62b3990
Event: 978.314 Thread 0x0000025dda6e5cc0 flushing nmethod 0x0000025dc6354b90
Event: 980.806 Thread 0x0000025de1646620 Thread exited: 0x0000025de1646620
Event: 986.932 Thread 0x0000025de1643ba0 Thread added: 0x0000025de1643ba0
Event: 988.017 Thread 0x0000025de1643ba0 Thread exited: 0x0000025de1643ba0
Event: 1037.325 Thread 0x0000025dde5c33b0 Thread exited: 0x0000025dde5c33b0
Event: 1037.371 Thread 0x0000025dde5c0620 Thread exited: 0x0000025dde5c0620
Event: 1065.634 Thread 0x0000025dde5c2480 Thread exited: 0x0000025dde5c2480
Event: 1125.637 Thread 0x0000025dde5c42e0 Thread exited: 0x0000025dde5c42e0
Event: 1185.647 Thread 0x0000025dde5c2990 Thread exited: 0x0000025dde5c2990
Event: 1219.999 Thread 0x0000025ddc32f440 Thread added: 0x0000025ddc32f440
Event: 1298.604 Thread 0x0000025dde5c1a60 Thread exited: 0x0000025dde5c1a60
Event: 1358.606 Thread 0x0000025ddc32f440 Thread exited: 0x0000025ddc32f440
Event: 1418.613 Thread 0x0000025dde5c1550 Thread exited: 0x0000025dde5c1550
Event: 1425.257 Thread 0x0000025ddc32f440 Thread added: 0x0000025ddc32f440
Event: 1425.379 Thread 0x0000025ddc330880 Thread added: 0x0000025ddc330880
Event: 1425.379 Thread 0x0000025ddc32a850 Thread added: 0x0000025ddc32a850
Event: 1425.379 Thread 0x0000025ddc32b270 Thread added: 0x0000025ddc32b270
Event: 1425.380 Thread 0x0000025dde5c42e0 Thread added: 0x0000025dde5c42e0


Dynamic libraries:
0x00007ff67a210000 - 0x00007ff67a21e000 	c:\Users\Admin\.vscode\extensions\redhat.java-1.34.0-win32-x64\jre\17.0.12-win32-x86_64\bin\java.exe
0x00007ffa809b0000 - 0x00007ffa80bc7000 	C:\Windows\SYSTEM32\ntdll.dll
0x00007ffa7f260000 - 0x00007ffa7f324000 	C:\Windows\System32\KERNEL32.DLL
0x00007ffa7e220000 - 0x00007ffa7e5c6000 	C:\Windows\System32\KERNELBASE.dll
0x00007ffa7df10000 - 0x00007ffa7e021000 	C:\Windows\System32\ucrtbase.dll
0x00007ffa23830000 - 0x00007ffa23847000 	c:\Users\Admin\.vscode\extensions\redhat.java-1.34.0-win32-x64\jre\17.0.12-win32-x86_64\bin\jli.dll
0x00007ffa7ec00000 - 0x00007ffa7edae000 	C:\Windows\System32\USER32.dll
0x00007ffa7e0d0000 - 0x00007ffa7e0f6000 	C:\Windows\System32\win32u.dll
0x00007ffa7f920000 - 0x00007ffa7f949000 	C:\Windows\System32\GDI32.dll
0x00007ffa7e100000 - 0x00007ffa7e218000 	C:\Windows\System32\gdi32full.dll
0x00007ffa7e030000 - 0x00007ffa7e0ca000 	C:\Windows\System32\msvcp_win.dll
0x00007ffa1d2c0000 - 0x00007ffa1d2db000 	c:\Users\Admin\.vscode\extensions\redhat.java-1.34.0-win32-x64\jre\17.0.12-win32-x86_64\bin\VCRUNTIME140.dll
0x00007ffa6c690000 - 0x00007ffa6c923000 	C:\Windows\WinSxS\amd64_microsoft.windows.common-controls_6595b64144ccf1df_6.0.22621.2506_none_270c5ae97388e100\COMCTL32.dll
0x00007ffa80530000 - 0x00007ffa805d7000 	C:\Windows\System32\msvcrt.dll
0x00007ffa7ea00000 - 0x00007ffa7ea31000 	C:\Windows\System32\IMM32.DLL
0x00007ffa6cf20000 - 0x00007ffa6cf2c000 	c:\Users\Admin\.vscode\extensions\redhat.java-1.34.0-win32-x64\jre\17.0.12-win32-x86_64\bin\vcruntime140_1.dll
0x00007ffa1d230000 - 0x00007ffa1d2bd000 	c:\Users\Admin\.vscode\extensions\redhat.java-1.34.0-win32-x64\jre\17.0.12-win32-x86_64\bin\msvcp140.dll
0x00007ff9db0b0000 - 0x00007ff9dbd1a000 	c:\Users\Admin\.vscode\extensions\redhat.java-1.34.0-win32-x64\jre\17.0.12-win32-x86_64\bin\server\jvm.dll
0x00007ffa80470000 - 0x00007ffa80523000 	C:\Windows\System32\ADVAPI32.dll
0x00007ffa7f950000 - 0x00007ffa7f9f8000 	C:\Windows\System32\sechost.dll
0x00007ffa7dee0000 - 0x00007ffa7df08000 	C:\Windows\System32\bcrypt.dll
0x00007ffa7f010000 - 0x00007ffa7f127000 	C:\Windows\System32\RPCRT4.dll
0x00007ffa7f330000 - 0x00007ffa7f3a1000 	C:\Windows\System32\WS2_32.dll
0x00007ffa7cb40000 - 0x00007ffa7cb8d000 	C:\Windows\SYSTEM32\POWRPROF.dll
0x00007ffa70120000 - 0x00007ffa70154000 	C:\Windows\SYSTEM32\WINMM.dll
0x00007ffa71040000 - 0x00007ffa7104a000 	C:\Windows\SYSTEM32\VERSION.dll
0x00007ffa7cb20000 - 0x00007ffa7cb33000 	C:\Windows\SYSTEM32\UMPDC.dll
0x00007ffa7cde0000 - 0x00007ffa7cdf8000 	C:\Windows\SYSTEM32\kernel.appcore.dll
0x00007ffa6afc0000 - 0x00007ffa6afca000 	c:\Users\Admin\.vscode\extensions\redhat.java-1.34.0-win32-x64\jre\17.0.12-win32-x86_64\bin\jimage.dll
0x00007ffa7b230000 - 0x00007ffa7b463000 	C:\Windows\SYSTEM32\DBGHELP.DLL
0x00007ffa805e0000 - 0x00007ffa80969000 	C:\Windows\System32\combase.dll
0x00007ffa7f3b0000 - 0x00007ffa7f487000 	C:\Windows\System32\OLEAUT32.dll
0x00007ffa620c0000 - 0x00007ffa620f2000 	C:\Windows\SYSTEM32\dbgcore.DLL
0x00007ffa7de60000 - 0x00007ffa7deda000 	C:\Windows\System32\bcryptPrimitives.dll
0x00007ffa6adb0000 - 0x00007ffa6adbe000 	c:\Users\Admin\.vscode\extensions\redhat.java-1.34.0-win32-x64\jre\17.0.12-win32-x86_64\bin\instrument.dll
0x00007ffa1ca50000 - 0x00007ffa1ca75000 	c:\Users\Admin\.vscode\extensions\redhat.java-1.34.0-win32-x64\jre\17.0.12-win32-x86_64\bin\java.dll
0x00007ffa1d210000 - 0x00007ffa1d228000 	c:\Users\Admin\.vscode\extensions\redhat.java-1.34.0-win32-x64\jre\17.0.12-win32-x86_64\bin\zip.dll
0x00007ffa7fa00000 - 0x00007ffa8025b000 	C:\Windows\System32\SHELL32.dll
0x00007ffa7bc00000 - 0x00007ffa7c4f6000 	C:\Windows\SYSTEM32\windows.storage.dll
0x00007ffa7bac0000 - 0x00007ffa7bbfe000 	C:\Windows\SYSTEM32\wintypes.dll
0x00007ffa80260000 - 0x00007ffa80353000 	C:\Windows\System32\SHCORE.dll
0x00007ffa7f130000 - 0x00007ffa7f18e000 	C:\Windows\System32\shlwapi.dll
0x00007ffa7dc20000 - 0x00007ffa7dc46000 	C:\Windows\SYSTEM32\profapi.dll
0x00007ffa1ca00000 - 0x00007ffa1ca19000 	C:\Users\Admin\.vscode\extensions\redhat.java-1.34.0-win32-x64\jre\17.0.12-win32-x86_64\bin\net.dll
0x00007ffa77520000 - 0x00007ffa77657000 	C:\Windows\SYSTEM32\WINHTTP.dll
0x00007ffa7d250000 - 0x00007ffa7d2b9000 	C:\Windows\system32\mswsock.dll
0x00007ffa1c650000 - 0x00007ffa1c666000 	C:\Users\Admin\.vscode\extensions\redhat.java-1.34.0-win32-x64\jre\17.0.12-win32-x86_64\bin\nio.dll
0x00007ffa72e30000 - 0x00007ffa72e40000 	c:\Users\Admin\.vscode\extensions\redhat.java-1.34.0-win32-x64\jre\17.0.12-win32-x86_64\bin\verify.dll
0x00007ffa1c060000 - 0x00007ffa1c0a5000 	C:\Users\Admin\AppData\Roaming\Code\User\globalStorage\redhat.java\1.34.0\config_win\org.eclipse.equinox.launcher\org.eclipse.equinox.launcher.win32.win32.x86_64_1.2.1100.v20240722-2106\eclipse_11904.dll
0x00007ffa7e710000 - 0x00007ffa7e8b0000 	C:\Windows\System32\ole32.dll
0x00007ffa621d0000 - 0x00007ffa621d9000 	C:\Users\Admin\.vscode\extensions\redhat.java-1.34.0-win32-x64\jre\17.0.12-win32-x86_64\bin\management.dll
0x00007ffa61d80000 - 0x00007ffa61d8b000 	C:\Users\Admin\.vscode\extensions\redhat.java-1.34.0-win32-x64\jre\17.0.12-win32-x86_64\bin\management_ext.dll
0x00007ffa7e700000 - 0x00007ffa7e708000 	C:\Windows\System32\PSAPI.DLL
0x00007ffa7d5a0000 - 0x00007ffa7d5bb000 	C:\Windows\SYSTEM32\CRYPTSP.dll
0x00007ffa7cd40000 - 0x00007ffa7cd75000 	C:\Windows\system32\rsaenh.dll
0x00007ffa7d2f0000 - 0x00007ffa7d31c000 	C:\Windows\SYSTEM32\USERENV.dll
0x00007ffa7d580000 - 0x00007ffa7d58c000 	C:\Windows\SYSTEM32\CRYPTBASE.dll
0x00007ffa7c750000 - 0x00007ffa7c77d000 	C:\Windows\SYSTEM32\IPHLPAPI.DLL
0x00007ffa7f1f0000 - 0x00007ffa7f1f9000 	C:\Windows\System32\NSI.dll
0x00007ffa771c0000 - 0x00007ffa771d9000 	C:\Windows\SYSTEM32\dhcpcsvc6.DLL
0x00007ffa770f0000 - 0x00007ffa7710f000 	C:\Windows\SYSTEM32\dhcpcsvc.DLL
0x00007ffa7c810000 - 0x00007ffa7c909000 	C:\Windows\SYSTEM32\DNSAPI.dll
0x00007ffa4e440000 - 0x00007ffa4e485000 	C:\Users\Admin\AppData\Local\Temp\jna-63116079\jna16998112067865946108.dll
0x00007ffa72000000 - 0x00007ffa7200e000 	C:\Users\Admin\.vscode\extensions\redhat.java-1.34.0-win32-x64\jre\17.0.12-win32-x86_64\bin\sunmscapi.dll
0x00007ffa7dcf0000 - 0x00007ffa7de56000 	C:\Windows\System32\CRYPT32.dll
0x00007ffa7d6b0000 - 0x00007ffa7d6de000 	C:\Windows\SYSTEM32\ncrypt.dll
0x00007ffa7d670000 - 0x00007ffa7d6a7000 	C:\Windows\SYSTEM32\NTASN1.dll
0x00007ffa72790000 - 0x00007ffa7279a000 	C:\Windows\System32\rasadhlp.dll
0x00007ffa75300000 - 0x00007ffa75383000 	C:\Windows\System32\fwpuclnt.dll
0x00007ffa70790000 - 0x00007ffa70799000 	C:\Users\Admin\.vscode\extensions\redhat.java-1.34.0-win32-x64\jre\17.0.12-win32-x86_64\bin\extnet.dll
0x00007ffa7ce00000 - 0x00007ffa7ce34000 	C:\Windows\SYSTEM32\ntmarta.dll

dbghelp: loaded successfully - version: 4.0.5 - missing functions: none
symbol engine: initialized successfully - sym options: 0x614 - pdb path: .;c:\Users\Admin\.vscode\extensions\redhat.java-1.34.0-win32-x64\jre\17.0.12-win32-x86_64\bin;C:\Windows\SYSTEM32;C:\Windows\WinSxS\amd64_microsoft.windows.common-controls_6595b64144ccf1df_6.0.22621.2506_none_270c5ae97388e100;c:\Users\Admin\.vscode\extensions\redhat.java-1.34.0-win32-x64\jre\17.0.12-win32-x86_64\bin\server;C:\Users\Admin\AppData\Roaming\Code\User\globalStorage\redhat.java\1.34.0\config_win\org.eclipse.equinox.launcher\org.eclipse.equinox.launcher.win32.win32.x86_64_1.2.1100.v20240722-2106;C:\Users\Admin\AppData\Local\Temp\jna-63116079

VM Arguments:
jvm_args: --add-modules=ALL-SYSTEM --add-opens=java.base/java.util=ALL-UNNAMED --add-opens=java.base/java.lang=ALL-UNNAMED --add-opens=java.base/sun.nio.fs=ALL-UNNAMED -Declipse.application=org.eclipse.jdt.ls.core.id1 -Dosgi.bundles.defaultStartLevel=4 -Declipse.product=org.eclipse.jdt.ls.core.product -Djava.import.generatesMetadataFilesAtProjectRoot=false -DDetectVMInstallationsJob.disabled=true -Dfile.encoding=utf8 -XX:+UseParallelGC -XX:GCTimeRatio=4 -XX:AdaptiveSizePolicyWeight=90 -Dsun.zip.disableMemoryMapping=true -Xmx1G -Xms100m -Xlog:disable -javaagent:c:\Users\Admin\.vscode\extensions\redhat.java-1.34.0-win32-x64\lombok\lombok-1.18.33.jar -XX:+HeapDumpOnOutOfMemoryError -XX:HeapDumpPath=c:\Users\Admin\AppData\Roaming\Code\User\workspaceStorage\eb20fc06d4a3b5e07cae54c0eea6be4b\redhat.java -Daether.dependencyCollector.impl=bf 
java_command: c:\Users\Admin\.vscode\extensions\redhat.java-1.34.0-win32-x64\server\plugins\org.eclipse.equinox.launcher_1.6.900.v20240613-2009.jar -configuration c:\Users\Admin\AppData\Roaming\Code\User\globalStorage\redhat.java\1.34.0\config_win -data c:\Users\Admin\AppData\Roaming\Code\User\workspaceStorage\eb20fc06d4a3b5e07cae54c0eea6be4b\redhat.java\jdt_ws --pipe=\\.\pipe\lsp-dc4ac2889e009bc96439fac546c89874-sock
java_class_path (initial): c:\Users\Admin\.vscode\extensions\redhat.java-1.34.0-win32-x64\server\plugins\org.eclipse.equinox.launcher_1.6.900.v20240613-2009.jar
Launcher Type: SUN_STANDARD

[Global flags]
    uintx AdaptiveSizePolicyWeight                 = 90                                        {product} {command line}
     intx CICompilerCount                          = 4                                         {product} {ergonomic}
    uintx GCTimeRatio                              = 4                                         {product} {command line}
     bool HeapDumpOnOutOfMemoryError               = true                                   {manageable} {command line}
    ccstr HeapDumpPath                             = c:\Users\Admin\AppData\Roaming\Code\User\workspaceStorage\eb20fc06d4a3b5e07cae54c0eea6be4b\redhat.java         {manageable} {command line}
   size_t InitialHeapSize                          = 104857600                                 {product} {command line}
   size_t MaxHeapSize                              = 1073741824                                {product} {command line}
   size_t MaxNewSize                               = 357564416                                 {product} {ergonomic}
   size_t MinHeapDeltaBytes                        = 524288                                    {product} {ergonomic}
   size_t MinHeapSize                              = 104857600                                 {product} {command line}
   size_t NewSize                                  = 34603008                                  {product} {ergonomic}
    uintx NonNMethodCodeHeapSize                   = 5839372                                {pd product} {ergonomic}
    uintx NonProfiledCodeHeapSize                  = 122909434                              {pd product} {ergonomic}
   size_t OldSize                                  = 70254592                                  {product} {ergonomic}
    uintx ProfiledCodeHeapSize                     = 122909434                              {pd product} {ergonomic}
    uintx ReservedCodeCacheSize                    = 251658240                              {pd product} {ergonomic}
     bool SegmentedCodeCache                       = true                                      {product} {ergonomic}
   size_t SoftMaxHeapSize                          = 1073741824                             {manageable} {ergonomic}
     bool UseCompressedClassPointers               = true                           {product lp64_product} {ergonomic}
     bool UseCompressedOops                        = true                           {product lp64_product} {ergonomic}
     bool UseLargePagesIndividualAllocation        = false                                  {pd product} {ergonomic}
     bool UseParallelGC                            = true                                      {product} {command line}

Logging:
Log output configuration:
 #0: stdout all=off uptime,level,tags
 #1: stderr all=off uptime,level,tags

Environment Variables:
JAVA_HOME=C:\Program Files\Eclipse Adoptium\jdk-21.0.3.9-hotspot
PATH=C:\Users\Admin\bin;C:\Program Files\Git\mingw64\bin;C:\Program Files\Git\usr\local\bin;C:\Program Files\Git\usr\bin;C:\Program Files\Git\usr\bin;C:\Program Files\Git\mingw64\bin;C:\Program Files\Git\usr\bin;C:\Users\Admin\bin;C:\Program Files\Eclipse Adoptium\jdk-21.0.3.9-hotspot\bin;C:\Windows\system32;C:\Windows;C:\Windows\System32\Wbem;C:\Windows\System32\WindowsPowerShell\v1.0;C:\Windows\System32\OpenSSH;C:\Program Files\Microsoft SQL Server\Client SDK\ODBC\170\Tools\Binn;C:\Program Files\Microsoft SQL Server\150\Tools\Binn;C:\Program Files\dotnet;C:\Program Files\nodejs;C:\Program Files\Docker\Docker\resources\bin;C:\Program Files\Git\cmd;C:\Program Files\apache-maven-3.9.8\bin;C:\Users\Admin\AppData\Local\Microsoft\WindowsApps;C:\Users\Admin\.dotnet\tools;C:\Users\Admin\AppData\Local\Programs\Microsoft VS Code\bin;C:\Users\Admin\AppData\Local\JetBrains\Toolbox\scripts;C:\Users\Admin\AppData\Roaming\npm;C:\Program Files\Git\usr\bin\vendor_perl;C:\Program Files\Git\usr\bin\core_perl
USERNAME=Admin
SHELL=C:\Program Files\Git\usr\bin\bash.exe
DISPLAY=needs-to-be-defined
LANG=es_ES.UTF-8
TERM=xterm-256color
TMPDIR=C:\Users\Admin\AppData\Local\Temp
OS=Windows_NT
PROCESSOR_IDENTIFIER=Intel64 Family 6 Model 151 Stepping 5, GenuineIntel
TMP=C:\Users\Admin\AppData\Local\Temp
TEMP=C:\Users\Admin\AppData\Local\Temp



Periodic native trim disabled


---------------  S Y S T E M  ---------------

OS:
 Windows 11 , 64 bit Build 22621 (10.0.22621.3078)
OS uptime: 0 days 4:14 hours
Hyper-V role detected

CPU: total 8 (initial active 8) (4 cores per cpu, 2 threads per core) family 6 model 151 stepping 5 microcode 0x1e, cx8, cmov, fxsr, ht, mmx, 3dnowpref, sse, sse2, sse3, ssse3, sse4.1, sse4.2, popcnt, lzcnt, tsc, tscinvbit, avx, avx2, aes, erms, clmul, bmi1, bmi2, adx, sha, fma, vzeroupper, clflush, clflushopt, clwb, hv
Processor Information for all 8 processors :
  Max Mhz: 3300, Current Mhz: 3300, Mhz Limit: 3300

Memory: 4k page, system-wide physical 7969M (261M free)
TotalPageFile size 16161M (AvailPageFile size 48M)
current process WorkingSet (physical memory assigned to process): 262M, peak: 857M
current process commit charge ("private bytes"): 556M, peak: 796M

vm_info: OpenJDK 64-Bit Server VM (17.0.12+7) for windows-amd64 JRE (17.0.12+7), built on Jul 16 2024 22:08:24 by "admin" with MS VC++ 16.10 / 16.11 (VS2019)

END.
