#
# There is insufficient memory for the Java Runtime Environment to continue.
# Native memory allocation (malloc) failed to allocate 1681136 bytes. Error detail: Chunk::new
# Possible reasons:
#   The system is out of physical RAM or swap space
#   This process is running with CompressedOops enabled, and the Java Heap may be blocking the growth of the native heap
# Possible solutions:
#   Reduce memory load on the system
#   Increase physical memory or swap space
#   Check if swap backing store is full
#   Decrease Java heap size (-Xmx/-Xms)
#   Decrease number of Java threads
#   Decrease Java thread stack sizes (-Xss)
#   Set larger code cache with -XX:ReservedCodeCacheSize=
#   JVM is running with Unscaled Compressed Oops mode in which the Java heap is
#     placed in the first 4GB address space. The Java Heap base address is the
#     maximum limit for the native heap growth. Please use -XX:HeapBaseMinAddress
#     to set the Java Heap base and to place the Java Heap above 4GB virtual address.
# This output file may be truncated or incomplete.
#
#  Out of Memory Error (arena.cpp:191), pid=4876, tid=18392
#
# JRE version: OpenJDK Runtime Environment Temurin-17.0.11+9 (17.0.11+9) (build 17.0.11+9)
# Java VM: OpenJDK 64-Bit Server VM Temurin-17.0.11+9 (17.0.11+9, mixed mode, tiered, compressed oops, compressed class ptrs, parallel gc, windows-amd64)
# No core dump will be written. Minidumps are not enabled by default on client versions of Windows
#

---------------  S U M M A R Y ------------

Command Line: --add-modules=ALL-SYSTEM --add-opens=java.base/java.util=ALL-UNNAMED --add-opens=java.base/java.lang=ALL-UNNAMED --add-opens=java.base/sun.nio.fs=ALL-UNNAMED -Declipse.application=org.eclipse.jdt.ls.core.id1 -Dosgi.bundles.defaultStartLevel=4 -Declipse.product=org.eclipse.jdt.ls.core.product -Djava.import.generatesMetadataFilesAtProjectRoot=false -DDetectVMInstallationsJob.disabled=true -Dfile.encoding=utf8 -XX:+UseParallelGC -XX:GCTimeRatio=4 -XX:AdaptiveSizePolicyWeight=90 -Dsun.zip.disableMemoryMapping=true -Xmx1G -Xms100m -Xlog:disable -javaagent:c:\Users\Admin\.vscode\extensions\redhat.java-1.33.0-win32-x64\lombok\lombok-1.18.33.jar -XX:+HeapDumpOnOutOfMemoryError -XX:HeapDumpPath=c:\Users\Admin\AppData\Roaming\Code\User\workspaceStorage\eb20fc06d4a3b5e07cae54c0eea6be4b\redhat.java -Daether.dependencyCollector.impl=bf c:\Users\Admin\.vscode\extensions\redhat.java-1.33.0-win32-x64\server\plugins\org.eclipse.equinox.launcher_1.6.900.v20240613-2009.jar -configuration c:\Users\Admin\AppData\Roaming\Code\User\globalStorage\redhat.java\1.33.0\config_win -data c:\Users\Admin\AppData\Roaming\Code\User\workspaceStorage\eb20fc06d4a3b5e07cae54c0eea6be4b\redhat.java\jdt_ws --pipe=\\.\pipe\lsp-205b626b00104e8c2c992ac1f9c31f37-sock

Host: 12th Gen Intel(R) Core(TM) i3-12100, 8 cores, 7G,  Windows 11 , 64 bit Build 22621 (10.0.22621.3078)
Time: Tue Aug 27 14:25:58 2024 Hora est. Pacífico, Sudamérica elapsed time: 8.056716 seconds (0d 0h 0m 8s)

---------------  T H R E A D  ---------------

Current thread (0x000001b729f5a330):  JavaThread "C2 CompilerThread0" daemon [_thread_in_native, id=18392, stack(0x000000786ea00000,0x000000786eb00000)]


Current CompileTask:
C2:   8056 9752 %     4       org.eclipse.jdt.internal.core.search.indexing.BinaryIndexer::extractReferenceFromConstantPool @ 15 (358 bytes)

Stack: [0x000000786ea00000,0x000000786eb00000]
Native frames: (J=compiled Java code, j=interpreted, Vv=VM code, C=native code)
V  [jvm.dll+0x67d429]
V  [jvm.dll+0x834b7a]
V  [jvm.dll+0x83663e]
V  [jvm.dll+0x836ca3]
V  [jvm.dll+0x247dbf]
V  [jvm.dll+0xac534]
V  [jvm.dll+0xacb7c]
V  [jvm.dll+0x3665f2]
V  [jvm.dll+0x330bba]
V  [jvm.dll+0x33005a]
V  [jvm.dll+0x21a471]
V  [jvm.dll+0x2198b1]
V  [jvm.dll+0x1a534d]
V  [jvm.dll+0x2295cd]
V  [jvm.dll+0x22779c]
V  [jvm.dll+0x7e9d07]
V  [jvm.dll+0x7e410a]
V  [jvm.dll+0x67c315]
C  [ucrtbase.dll+0x29363]
C  [KERNEL32.DLL+0x1257d]
C  [ntdll.dll+0x5aa58]


---------------  P R O C E S S  ---------------

Threads class SMR info:
_java_thread_list=0x000001b72e726320, length=45, elements={
0x000001b710d5d9f0, 0x000001b724bedd00, 0x000001b729f257c0, 0x000001b729f52330,
0x000001b729f52ef0, 0x000001b729f54250, 0x000001b729f54eb0, 0x000001b729f5a330,
0x000001b729f5fd40, 0x000001b729f60740, 0x000001b72a008080, 0x000001b72af60f60,
0x000001b72b2fadd0, 0x000001b72ba7f010, 0x000001b72b947a10, 0x000001b72bbe1d40,
0x000001b72be38ca0, 0x000001b72b54b090, 0x000001b72be18420, 0x000001b72be160b0,
0x000001b72be16fe0, 0x000001b72be174f0, 0x000001b72be17a00, 0x000001b72be18930,
0x000001b72be15180, 0x000001b72be15690, 0x000001b72be15ba0, 0x000001b72c345570,
0x000001b72c347df0, 0x000001b72c34bab0, 0x000001b72c3464a0, 0x000001b72c345a80,
0x000001b72c34b090, 0x000001b72c34b5a0, 0x000001b72cd08170, 0x000001b72c3469b0,
0x000001b72c348d20, 0x000001b72c349c50, 0x000001b72c3473d0, 0x000001b72c34a160,
0x000001b72c345f90, 0x000001b72c34a670, 0x000001b72c345060, 0x000001b72c349230,
0x000001b72c34ab80
}

Java Threads: ( => current thread )
  0x000001b710d5d9f0 JavaThread "main" [_thread_blocked, id=4084, stack(0x000000786e100000,0x000000786e200000)]
  0x000001b724bedd00 JavaThread "Reference Handler" daemon [_thread_blocked, id=18916, stack(0x000000786e400000,0x000000786e500000)]
  0x000001b729f257c0 JavaThread "Finalizer" daemon [_thread_blocked, id=18252, stack(0x000000786e500000,0x000000786e600000)]
  0x000001b729f52330 JavaThread "Signal Dispatcher" daemon [_thread_blocked, id=14772, stack(0x000000786e600000,0x000000786e700000)]
  0x000001b729f52ef0 JavaThread "Attach Listener" daemon [_thread_blocked, id=16656, stack(0x000000786e700000,0x000000786e800000)]
  0x000001b729f54250 JavaThread "Service Thread" daemon [_thread_blocked, id=6708, stack(0x000000786e800000,0x000000786e900000)]
  0x000001b729f54eb0 JavaThread "Monitor Deflation Thread" daemon [_thread_blocked, id=7532, stack(0x000000786e900000,0x000000786ea00000)]
=>0x000001b729f5a330 JavaThread "C2 CompilerThread0" daemon [_thread_in_native, id=18392, stack(0x000000786ea00000,0x000000786eb00000)]
  0x000001b729f5fd40 JavaThread "C1 CompilerThread0" daemon [_thread_in_vm, id=13980, stack(0x000000786eb00000,0x000000786ec00000)]
  0x000001b729f60740 JavaThread "Sweeper thread" daemon [_thread_blocked, id=17868, stack(0x000000786ec00000,0x000000786ed00000)]
  0x000001b72a008080 JavaThread "Common-Cleaner" daemon [_thread_blocked, id=5796, stack(0x000000786ed00000,0x000000786ee00000)]
  0x000001b72af60f60 JavaThread "Notification Thread" daemon [_thread_blocked, id=16596, stack(0x000000786ee00000,0x000000786ef00000)]
  0x000001b72b2fadd0 JavaThread "Active Thread: Equinox Container: e5924d7f-85b8-47f5-bb93-2e9de814fa43" [_thread_blocked, id=12172, stack(0x000000786f600000,0x000000786f700000)]
  0x000001b72ba7f010 JavaThread "Framework Event Dispatcher: Equinox Container: e5924d7f-85b8-47f5-bb93-2e9de814fa43" daemon [_thread_blocked, id=13084, stack(0x000000786f700000,0x000000786f800000)]
  0x000001b72b947a10 JavaThread "Start Level: Equinox Container: e5924d7f-85b8-47f5-bb93-2e9de814fa43" daemon [_thread_blocked, id=5040, stack(0x000000786f800000,0x000000786f900000)]
  0x000001b72bbe1d40 JavaThread "Bundle File Closer" daemon [_thread_blocked, id=4840, stack(0x000000786fa00000,0x000000786fb00000)]
  0x000001b72be38ca0 JavaThread "SCR Component Actor" daemon [_thread_blocked, id=13128, stack(0x000000786fb00000,0x000000786fc00000)]
  0x000001b72b54b090 JavaThread "SCR Component Registry" daemon [_thread_blocked, id=16276, stack(0x000000786fc00000,0x000000786fd00000)]
  0x000001b72be18420 JavaThread "Worker-JM" [_thread_blocked, id=17964, stack(0x000000786fe00000,0x000000786ff00000)]
  0x000001b72be160b0 JavaThread "JNA Cleaner" daemon [_thread_blocked, id=14356, stack(0x000000786ff00000,0x0000007870000000)]
  0x000001b72be16fe0 JavaThread "Worker-0: Java indexing... " [_thread_blocked, id=1852, stack(0x0000007870000000,0x0000007870100000)]
  0x000001b72be174f0 JavaThread "Worker-1: Initialize workspace" [_thread_blocked, id=304, stack(0x0000007870100000,0x0000007870200000)]
  0x000001b72be17a00 JavaThread "Java indexing" daemon [_thread_in_Java, id=17640, stack(0x0000007870200000,0x0000007870300000)]
  0x000001b72be18930 JavaThread "Thread-2" daemon [_thread_in_native, id=15168, stack(0x0000007870500000,0x0000007870600000)]
  0x000001b72be15180 JavaThread "Thread-3" daemon [_thread_in_native, id=17336, stack(0x0000007870600000,0x0000007870700000)]
  0x000001b72be15690 JavaThread "Thread-4" daemon [_thread_in_native, id=19424, stack(0x0000007870700000,0x0000007870800000)]
  0x000001b72be15ba0 JavaThread "Thread-5" daemon [_thread_in_native, id=18052, stack(0x0000007870800000,0x0000007870900000)]
  0x000001b72c345570 JavaThread "Thread-6" daemon [_thread_in_native, id=19244, stack(0x0000007870900000,0x0000007870a00000)]
  0x000001b72c347df0 JavaThread "Thread-7" daemon [_thread_in_native, id=13900, stack(0x0000007870a00000,0x0000007870b00000)]
  0x000001b72c34bab0 JavaThread "Thread-8" daemon [_thread_in_native, id=17388, stack(0x0000007870b00000,0x0000007870c00000)]
  0x000001b72c3464a0 JavaThread "Thread-9" daemon [_thread_in_native, id=12596, stack(0x0000007870c00000,0x0000007870d00000)]
  0x000001b72c345a80 JavaThread "Thread-10" daemon [_thread_in_native, id=14248, stack(0x0000007870d00000,0x0000007870e00000)]
  0x000001b72c34b090 JavaThread "pool-2-thread-1" [_thread_blocked, id=18148, stack(0x0000007870e00000,0x0000007870f00000)]
  0x000001b72c34b5a0 JavaThread "Worker-2: Classpath Update Job" [_thread_in_native, id=14120, stack(0x000000786fd00000,0x000000786fe00000)]
  0x000001b72cd08170 JavaThread "C2 CompilerThread1" daemon [_thread_in_native, id=12472, stack(0x0000007870f00000,0x0000007871000000)]
  0x000001b72c3469b0 JavaThread "WorkspaceEventsHandler" [_thread_blocked, id=7564, stack(0x0000007871000000,0x0000007871100000)]
  0x000001b72c348d20 JavaThread "pool-1-thread-1" [_thread_in_vm, id=8140, stack(0x0000007871100000,0x0000007871200000)]
  0x000001b72c349c50 JavaThread "Worker-3: Initialize Workspace" [_thread_blocked, id=14948, stack(0x0000007871200000,0x0000007871300000)]
  0x000001b72c3473d0 JavaThread "Keep-Alive-Timer" daemon [_thread_blocked, id=19296, stack(0x0000007871400000,0x0000007871500000)]
  0x000001b72c34a160 JavaThread "ForkJoinPool.commonPool-worker-1" daemon [_thread_blocked, id=4268, stack(0x0000007871500000,0x0000007871600000)]
  0x000001b72c345f90 JavaThread "ForkJoinPool.commonPool-worker-2" daemon [_thread_blocked, id=8968, stack(0x0000007871600000,0x0000007871700000)]
  0x000001b72c34a670 JavaThread "ForkJoinPool.commonPool-worker-3" daemon [_thread_blocked, id=4100, stack(0x0000007871700000,0x0000007871800000)]
  0x000001b72c345060 JavaThread "Worker-4" [_thread_blocked, id=18136, stack(0x0000007871800000,0x0000007871900000)]
  0x000001b72c349230 JavaThread "Worker-5: Classpath Update Job" [_thread_in_native, id=17420, stack(0x0000007871900000,0x0000007871a00000)]
  0x000001b72c34ab80 JavaThread "Worker-6" [_thread_blocked, id=16928, stack(0x0000007871a00000,0x0000007871b00000)]

Other Threads:
  0x000001b729f10c20 VMThread "VM Thread" [stack: 0x000000786e300000,0x000000786e400000] [id=11120]
  0x000001b72a1cedf0 WatcherThread [stack: 0x000000786ef00000,0x000000786f000000] [id=12376]
  0x000001b710d726f0 GCTaskThread "GC Thread#0" [stack: 0x000000786e200000,0x000000786e300000] [id=5400]
  0x000001b72b4ae070 GCTaskThread "GC Thread#1" [stack: 0x000000786f000000,0x000000786f100000] [id=14160]
  0x000001b72b2ed030 GCTaskThread "GC Thread#2" [stack: 0x000000786f100000,0x000000786f200000] [id=4552]
  0x000001b72b2ed2f0 GCTaskThread "GC Thread#3" [stack: 0x000000786f200000,0x000000786f300000] [id=17472]
  0x000001b72b2ed5b0 GCTaskThread "GC Thread#4" [stack: 0x000000786f300000,0x000000786f400000] [id=17996]
  0x000001b72b2ed870 GCTaskThread "GC Thread#5" [stack: 0x000000786f400000,0x000000786f500000] [id=16152]
  0x000001b72b309cb0 GCTaskThread "GC Thread#6" [stack: 0x000000786f500000,0x000000786f600000] [id=15388]
  0x000001b72b881e40 GCTaskThread "GC Thread#7" [stack: 0x000000786f900000,0x000000786fa00000] [id=16412]

Threads with active compile tasks:
C2 CompilerThread0     8075 9752 %     4       org.eclipse.jdt.internal.core.search.indexing.BinaryIndexer::extractReferenceFromConstantPool @ 15 (358 bytes)
C1 CompilerThread0     8075 9957       2       org.apache.maven.model.interpolation.StringVisitorModelInterpolator$ModelVisitor::visit (87 bytes)
C2 CompilerThread1     8075 9878       4       org.lombokweb.asm.ClassReader::readMethod (1066 bytes)

VM state: not at safepoint (normal execution)

VM Mutex/Monitor currently owned by a thread: None

Heap address: 0x00000000c0000000, size: 1024 MB, Compressed Oops mode: 32-bit

CDS archive(s) not mapped
Compressed class space mapped at: 0x0000000100000000-0x0000000140000000, reserved size: 1073741824
Narrow klass base: 0x0000000000000000, Narrow klass shift: 3, Narrow klass range: 0x140000000

GC Precious Log:
 CPUs: 8 total, 8 available
 Memory: 7969M
 Large Page Support: Disabled
 NUMA Support: Disabled
 Compressed Oops: Enabled (32-bit)
 Alignments: Space 512K, Generation 512K, Heap 2M
 Heap Min Capacity: 100M
 Heap Initial Capacity: 100M
 Heap Max Capacity: 1G
 Pre-touch: Disabled
 Parallel Workers: 8

Heap:
 PSYoungGen      total 19456K, used 9729K [0x00000000eab00000, 0x00000000ec000000, 0x0000000100000000)
  eden space 17408K, 45% used [0x00000000eab00000,0x00000000eb2c42a0,0x00000000ebc00000)
  from space 2048K, 86% used [0x00000000ebe00000,0x00000000ebfbc558,0x00000000ec000000)
  to   space 2048K, 0% used [0x00000000ebc00000,0x00000000ebc00000,0x00000000ebe00000)
 ParOldGen       total 89600K, used 62740K [0x00000000c0000000, 0x00000000c5780000, 0x00000000eab00000)
  object space 89600K, 70% used [0x00000000c0000000,0x00000000c3d45230,0x00000000c5780000)
 Metaspace       used 67855K, committed 68992K, reserved 1114112K
  class space    used 7294K, committed 7808K, reserved 1048576K

Card table byte_map: [0x000001b710720000,0x000001b710930000] _byte_map_base: 0x000001b710120000

Marking Bits: (ParMarkBitMap*) 0x00007ffd9285d820
 Begin Bits: [0x000001b7229f0000, 0x000001b7239f0000)
 End Bits:   [0x000001b7239f0000, 0x000001b7249f0000)

Polling page: 0x000001b710510000

Metaspace:

Usage:
  Non-class:     59.14 MB used.
      Class:      7.12 MB used.
       Both:     66.27 MB used.

Virtual space:
  Non-class space:       64.00 MB reserved,      59.75 MB ( 93%) committed,  1 nodes.
      Class space:        1.00 GB reserved,       7.62 MB ( <1%) committed,  1 nodes.
             Both:        1.06 GB reserved,      67.38 MB (  6%) committed. 

Chunk freelists:
   Non-Class:  3.56 MB
       Class:  8.33 MB
        Both:  11.89 MB

MaxMetaspaceSize: unlimited
CompressedClassSpaceSize: 1.00 GB
Initial GC threshold: 21.00 MB
Current GC threshold: 110.94 MB
CDS: off
MetaspaceReclaimPolicy: balanced
 - commit_granule_bytes: 65536.
 - commit_granule_words: 8192.
 - virtual_space_node_default_size: 8388608.
 - enlarge_chunks_in_place: 1.
 - new_chunks_are_fully_committed: 0.
 - uncommit_free_chunks: 1.
 - use_allocation_guard: 0.
 - handle_deallocations: 1.


Internal statistics:

num_allocs_failed_limit: 9.
num_arena_births: 826.
num_arena_deaths: 14.
num_vsnodes_births: 2.
num_vsnodes_deaths: 0.
num_space_committed: 1078.
num_space_uncommitted: 0.
num_chunks_returned_to_freelist: 23.
num_chunks_taken_from_freelist: 3444.
num_chunk_merges: 14.
num_chunk_splits: 2117.
num_chunks_enlarged: 1192.
num_inconsistent_stats: 0.

CodeHeap 'non-profiled nmethods': size=120000Kb used=3775Kb max_used=4232Kb free=116224Kb
 bounds [0x000001b71b4c0000, 0x000001b71b8f0000, 0x000001b7229f0000]
CodeHeap 'profiled nmethods': size=120000Kb used=17078Kb max_used=17725Kb free=102921Kb
 bounds [0x000001b7139f0000, 0x000001b714b80000, 0x000001b71af20000]
CodeHeap 'non-nmethods': size=5760Kb used=1374Kb max_used=1423Kb free=4385Kb
 bounds [0x000001b71af20000, 0x000001b71b190000, 0x000001b71b4c0000]
 total_blobs=9013 nmethods=8290 adapters=635
 compilation: enabled
              stopped_count=0, restarted_count=0
 full_count=0

Compilation events (20 events):
Event: 8.051 Thread 0x000001b729f5fd40 nmethod 9910 0x000001b71478ad10 code [0x000001b71478afa0, 0x000001b71478ba88]
Event: 8.051 Thread 0x000001b729f5fd40 9911       2       org.apache.maven.model.interpolation.StringVisitorModelInterpolator$ModelVisitor::visit (156 bytes)
Event: 8.052 Thread 0x000001b729f5fd40 nmethod 9911 0x000001b7141b7990 code [0x000001b7141b7c80, 0x000001b7141b8678]
Event: 8.052 Thread 0x000001b729f5fd40 9909       2       java.util.regex.Pattern$Curly::study (153 bytes)
Event: 8.052 Thread 0x000001b729f5fd40 nmethod 9909 0x000001b714a6b390 code [0x000001b714a6b540, 0x000001b714a6b778]
Event: 8.052 Thread 0x000001b729f5fd40 9912       2       java.util.regex.Pattern::compile (10 bytes)
Event: 8.052 Thread 0x000001b729f5fd40 nmethod 9912 0x000001b714a6af90 code [0x000001b714a6b120, 0x000001b714a6b288]
Event: 8.052 Thread 0x000001b729f5fd40 9913       1       org.apache.maven.model.Profile::getBuild (5 bytes)
Event: 8.052 Thread 0x000001b729f5fd40 nmethod 9913 0x000001b71b829810 code [0x000001b71b8299a0, 0x000001b71b829a78]
Event: 8.054 Thread 0x000001b729f5fd40 9915       2       java.util.ArrayList::checkForComodification (17 bytes)
Event: 8.054 Thread 0x000001b729f5fd40 nmethod 9915 0x000001b7143ff690 code [0x000001b7143ff840, 0x000001b7143ffa08]
Event: 8.054 Thread 0x000001b729f5fd40 9917       2       java.util.ArrayList::hashCodeRange (68 bytes)
Event: 8.054 Thread 0x000001b729f5fd40 nmethod 9917 0x000001b7143ff090 code [0x000001b7143ff240, 0x000001b7143ff518]
Event: 8.054 Thread 0x000001b729f5fd40 9916       2       java.util.ArrayList::hashCode (22 bytes)
Event: 8.054 Thread 0x000001b729f5fd40 nmethod 9916 0x000001b714464310 code [0x000001b7144644c0, 0x000001b7144646b8]
Event: 8.055 Thread 0x000001b729f5fd40 9918       3       java.net.URI::checkPath (38 bytes)
Event: 8.055 Thread 0x000001b729f5fd40 nmethod 9918 0x000001b71488fe90 code [0x000001b7148900c0, 0x000001b7148908c8]
Event: 8.055 Thread 0x000001b729f5fd40 9919       3       org.eclipse.jdt.internal.compiler.classfmt.InnerClassInfo::<init> (55 bytes)
Event: 8.055 Thread 0x000001b729f5fd40 nmethod 9919 0x000001b7148dd110 code [0x000001b7148dd2e0, 0x000001b7148dd898]
Event: 8.055 Thread 0x000001b729f5fd40 9921       2       java.util.Formatter$FormatSpecifier::print (62 bytes)

GC Heap History (20 events):
Event: 7.641 GC heap before
{Heap before GC invocations=41 (full 3):
 PSYoungGen      total 19968K, used 19767K [0x00000000eab00000, 0x00000000ec280000, 0x0000000100000000)
  eden space 17920K, 100% used [0x00000000eab00000,0x00000000ebc80000,0x00000000ebc80000)
  from space 2048K, 90% used [0x00000000ebc80000,0x00000000ebe4df50,0x00000000ebe80000)
  to   space 3072K, 0% used [0x00000000ebf80000,0x00000000ebf80000,0x00000000ec280000)
 ParOldGen       total 68608K, used 51758K [0x00000000c0000000, 0x00000000c4300000, 0x00000000eab00000)
  object space 68608K, 75% used [0x00000000c0000000,0x00000000c328ba88,0x00000000c4300000)
 Metaspace       used 65111K, committed 66368K, reserved 1114112K
  class space    used 7081K, committed 7616K, reserved 1048576K
}
Event: 7.643 GC heap after
{Heap after GC invocations=41 (full 3):
 PSYoungGen      total 20480K, used 3040K [0x00000000eab00000, 0x00000000ec380000, 0x0000000100000000)
  eden space 17408K, 0% used [0x00000000eab00000,0x00000000eab00000,0x00000000ebc00000)
  from space 3072K, 98% used [0x00000000ebf80000,0x00000000ec278360,0x00000000ec280000)
  to   space 3584K, 0% used [0x00000000ebc00000,0x00000000ebc00000,0x00000000ebf80000)
 ParOldGen       total 68608K, used 53276K [0x00000000c0000000, 0x00000000c4300000, 0x00000000eab00000)
  object space 68608K, 77% used [0x00000000c0000000,0x00000000c3407000,0x00000000c4300000)
 Metaspace       used 65111K, committed 66368K, reserved 1114112K
  class space    used 7081K, committed 7616K, reserved 1048576K
}
Event: 7.700 GC heap before
{Heap before GC invocations=42 (full 3):
 PSYoungGen      total 20480K, used 20448K [0x00000000eab00000, 0x00000000ec380000, 0x0000000100000000)
  eden space 17408K, 100% used [0x00000000eab00000,0x00000000ebc00000,0x00000000ebc00000)
  from space 3072K, 98% used [0x00000000ebf80000,0x00000000ec278360,0x00000000ec280000)
  to   space 3584K, 0% used [0x00000000ebc00000,0x00000000ebc00000,0x00000000ebf80000)
 ParOldGen       total 68608K, used 53276K [0x00000000c0000000, 0x00000000c4300000, 0x00000000eab00000)
  object space 68608K, 77% used [0x00000000c0000000,0x00000000c3407000,0x00000000c4300000)
 Metaspace       used 65452K, committed 66624K, reserved 1114112K
  class space    used 7101K, committed 7616K, reserved 1048576K
}
Event: 7.701 GC heap after
{Heap after GC invocations=42 (full 3):
 PSYoungGen      total 19968K, used 2512K [0x00000000eab00000, 0x00000000ec200000, 0x0000000100000000)
  eden space 17408K, 0% used [0x00000000eab00000,0x00000000eab00000,0x00000000ebc00000)
  from space 2560K, 98% used [0x00000000ebc00000,0x00000000ebe74258,0x00000000ebe80000)
  to   space 3072K, 0% used [0x00000000ebf00000,0x00000000ebf00000,0x00000000ec200000)
 ParOldGen       total 68608K, used 55954K [0x00000000c0000000, 0x00000000c4300000, 0x00000000eab00000)
  object space 68608K, 81% used [0x00000000c0000000,0x00000000c36a4ae0,0x00000000c4300000)
 Metaspace       used 65452K, committed 66624K, reserved 1114112K
  class space    used 7101K, committed 7616K, reserved 1048576K
}
Event: 7.749 GC heap before
{Heap before GC invocations=43 (full 3):
 PSYoungGen      total 19968K, used 19919K [0x00000000eab00000, 0x00000000ec200000, 0x0000000100000000)
  eden space 17408K, 99% used [0x00000000eab00000,0x00000000ebbffa28,0x00000000ebc00000)
  from space 2560K, 98% used [0x00000000ebc00000,0x00000000ebe74258,0x00000000ebe80000)
  to   space 3072K, 0% used [0x00000000ebf00000,0x00000000ebf00000,0x00000000ec200000)
 ParOldGen       total 68608K, used 55954K [0x00000000c0000000, 0x00000000c4300000, 0x00000000eab00000)
  object space 68608K, 81% used [0x00000000c0000000,0x00000000c36a4ae0,0x00000000c4300000)
 Metaspace       used 65690K, committed 66880K, reserved 1114112K
  class space    used 7128K, committed 7616K, reserved 1048576K
}
Event: 7.751 GC heap after
{Heap after GC invocations=43 (full 3):
 PSYoungGen      total 19456K, used 1848K [0x00000000eab00000, 0x00000000ec100000, 0x0000000100000000)
  eden space 17408K, 0% used [0x00000000eab00000,0x00000000eab00000,0x00000000ebc00000)
  from space 2048K, 90% used [0x00000000ebf00000,0x00000000ec0ce288,0x00000000ec100000)
  to   space 2560K, 0% used [0x00000000ebc00000,0x00000000ebc00000,0x00000000ebe80000)
 ParOldGen       total 68608K, used 58192K [0x00000000c0000000, 0x00000000c4300000, 0x00000000eab00000)
  object space 68608K, 84% used [0x00000000c0000000,0x00000000c38d4230,0x00000000c4300000)
 Metaspace       used 65690K, committed 66880K, reserved 1114112K
  class space    used 7128K, committed 7616K, reserved 1048576K
}
Event: 7.797 GC heap before
{Heap before GC invocations=44 (full 3):
 PSYoungGen      total 19456K, used 19256K [0x00000000eab00000, 0x00000000ec100000, 0x0000000100000000)
  eden space 17408K, 100% used [0x00000000eab00000,0x00000000ebc00000,0x00000000ebc00000)
  from space 2048K, 90% used [0x00000000ebf00000,0x00000000ec0ce288,0x00000000ec100000)
  to   space 2560K, 0% used [0x00000000ebc00000,0x00000000ebc00000,0x00000000ebe80000)
 ParOldGen       total 68608K, used 58192K [0x00000000c0000000, 0x00000000c4300000, 0x00000000eab00000)
  object space 68608K, 84% used [0x00000000c0000000,0x00000000c38d4230,0x00000000c4300000)
 Metaspace       used 66007K, committed 67200K, reserved 1114112K
  class space    used 7152K, committed 7680K, reserved 1048576K
}
Event: 7.799 GC heap after
{Heap after GC invocations=44 (full 3):
 PSYoungGen      total 19968K, used 2548K [0x00000000eab00000, 0x00000000ec600000, 0x0000000100000000)
  eden space 17408K, 0% used [0x00000000eab00000,0x00000000eab00000,0x00000000ebc00000)
  from space 2560K, 99% used [0x00000000ebc00000,0x00000000ebe7d1d8,0x00000000ebe80000)
  to   space 5120K, 0% used [0x00000000ec100000,0x00000000ec100000,0x00000000ec600000)
 ParOldGen       total 68608K, used 60231K [0x00000000c0000000, 0x00000000c4300000, 0x00000000eab00000)
  object space 68608K, 87% used [0x00000000c0000000,0x00000000c3ad1e40,0x00000000c4300000)
 Metaspace       used 66007K, committed 67200K, reserved 1114112K
  class space    used 7152K, committed 7680K, reserved 1048576K
}
Event: 7.839 GC heap before
{Heap before GC invocations=45 (full 3):
 PSYoungGen      total 19968K, used 19956K [0x00000000eab00000, 0x00000000ec600000, 0x0000000100000000)
  eden space 17408K, 100% used [0x00000000eab00000,0x00000000ebc00000,0x00000000ebc00000)
  from space 2560K, 99% used [0x00000000ebc00000,0x00000000ebe7d1d8,0x00000000ebe80000)
  to   space 5120K, 0% used [0x00000000ec100000,0x00000000ec100000,0x00000000ec600000)
 ParOldGen       total 68608K, used 60231K [0x00000000c0000000, 0x00000000c4300000, 0x00000000eab00000)
  object space 68608K, 87% used [0x00000000c0000000,0x00000000c3ad1e40,0x00000000c4300000)
 Metaspace       used 66247K, committed 67456K, reserved 1114112K
  class space    used 7164K, committed 7680K, reserved 1048576K
}
Event: 7.842 GC heap after
{Heap after GC invocations=45 (full 3):
 PSYoungGen      total 18944K, used 1413K [0x00000000eab00000, 0x00000000ec280000, 0x0000000100000000)
  eden space 17408K, 0% used [0x00000000eab00000,0x00000000eab00000,0x00000000ebc00000)
  from space 1536K, 92% used [0x00000000ec100000,0x00000000ec2617b8,0x00000000ec280000)
  to   space 3072K, 0% used [0x00000000ebc80000,0x00000000ebc80000,0x00000000ebf80000)
 ParOldGen       total 68608K, used 62695K [0x00000000c0000000, 0x00000000c4300000, 0x00000000eab00000)
  object space 68608K, 91% used [0x00000000c0000000,0x00000000c3d39c20,0x00000000c4300000)
 Metaspace       used 66247K, committed 67456K, reserved 1114112K
  class space    used 7164K, committed 7680K, reserved 1048576K
}
Event: 7.892 GC heap before
{Heap before GC invocations=46 (full 3):
 PSYoungGen      total 18944K, used 18821K [0x00000000eab00000, 0x00000000ec280000, 0x0000000100000000)
  eden space 17408K, 100% used [0x00000000eab00000,0x00000000ebc00000,0x00000000ebc00000)
  from space 1536K, 92% used [0x00000000ec100000,0x00000000ec2617b8,0x00000000ec280000)
  to   space 3072K, 0% used [0x00000000ebc80000,0x00000000ebc80000,0x00000000ebf80000)
 ParOldGen       total 68608K, used 62695K [0x00000000c0000000, 0x00000000c4300000, 0x00000000eab00000)
  object space 68608K, 91% used [0x00000000c0000000,0x00000000c3d39c20,0x00000000c4300000)
 Metaspace       used 66821K, committed 68032K, reserved 1114112K
  class space    used 7203K, committed 7744K, reserved 1048576K
}
Event: 7.893 GC heap after
{Heap after GC invocations=46 (full 3):
 PSYoungGen      total 20480K, used 1546K [0x00000000eab00000, 0x00000000ec180000, 0x0000000100000000)
  eden space 17408K, 0% used [0x00000000eab00000,0x00000000eab00000,0x00000000ebc00000)
  from space 3072K, 50% used [0x00000000ebc80000,0x00000000ebe02b58,0x00000000ebf80000)
  to   space 2048K, 0% used [0x00000000ebf80000,0x00000000ebf80000,0x00000000ec180000)
 ParOldGen       total 68608K, used 63885K [0x00000000c0000000, 0x00000000c4300000, 0x00000000eab00000)
  object space 68608K, 93% used [0x00000000c0000000,0x00000000c3e63688,0x00000000c4300000)
 Metaspace       used 66821K, committed 68032K, reserved 1114112K
  class space    used 7203K, committed 7744K, reserved 1048576K
}
Event: 7.925 GC heap before
{Heap before GC invocations=47 (full 3):
 PSYoungGen      total 20480K, used 18824K [0x00000000eab00000, 0x00000000ec180000, 0x0000000100000000)
  eden space 17408K, 99% used [0x00000000eab00000,0x00000000ebbdf720,0x00000000ebc00000)
  from space 3072K, 50% used [0x00000000ebc80000,0x00000000ebe02b58,0x00000000ebf80000)
  to   space 2048K, 0% used [0x00000000ebf80000,0x00000000ebf80000,0x00000000ec180000)
 ParOldGen       total 68608K, used 63885K [0x00000000c0000000, 0x00000000c4300000, 0x00000000eab00000)
  object space 68608K, 93% used [0x00000000c0000000,0x00000000c3e63688,0x00000000c4300000)
 Metaspace       used 66901K, committed 68096K, reserved 1114112K
  class space    used 7206K, committed 7744K, reserved 1048576K
}
Event: 7.926 GC heap after
{Heap after GC invocations=47 (full 3):
 PSYoungGen      total 19456K, used 1996K [0x00000000eab00000, 0x00000000ec180000, 0x0000000100000000)
  eden space 17408K, 0% used [0x00000000eab00000,0x00000000eab00000,0x00000000ebc00000)
  from space 2048K, 97% used [0x00000000ebf80000,0x00000000ec1731e0,0x00000000ec180000)
  to   space 2560K, 0% used [0x00000000ebc80000,0x00000000ebc80000,0x00000000ebf00000)
 ParOldGen       total 68608K, used 65312K [0x00000000c0000000, 0x00000000c4300000, 0x00000000eab00000)
  object space 68608K, 95% used [0x00000000c0000000,0x00000000c3fc81b8,0x00000000c4300000)
 Metaspace       used 66901K, committed 68096K, reserved 1114112K
  class space    used 7206K, committed 7744K, reserved 1048576K
}
Event: 7.957 GC heap before
{Heap before GC invocations=48 (full 3):
 PSYoungGen      total 19456K, used 19258K [0x00000000eab00000, 0x00000000ec180000, 0x0000000100000000)
  eden space 17408K, 99% used [0x00000000eab00000,0x00000000ebbdb8e0,0x00000000ebc00000)
  from space 2048K, 97% used [0x00000000ebf80000,0x00000000ec1731e0,0x00000000ec180000)
  to   space 2560K, 0% used [0x00000000ebc80000,0x00000000ebc80000,0x00000000ebf00000)
 ParOldGen       total 68608K, used 65312K [0x00000000c0000000, 0x00000000c4300000, 0x00000000eab00000)
  object space 68608K, 95% used [0x00000000c0000000,0x00000000c3fc81b8,0x00000000c4300000)
 Metaspace       used 66930K, committed 68160K, reserved 1114112K
  class space    used 7206K, committed 7744K, reserved 1048576K
}
Event: 7.958 GC heap after
{Heap after GC invocations=48 (full 3):
 PSYoungGen      total 19968K, used 2395K [0x00000000eab00000, 0x00000000ec100000, 0x0000000100000000)
  eden space 17408K, 0% used [0x00000000eab00000,0x00000000eab00000,0x00000000ebc00000)
  from space 2560K, 93% used [0x00000000ebc80000,0x00000000ebed6c68,0x00000000ebf00000)
  to   space 2048K, 0% used [0x00000000ebf00000,0x00000000ebf00000,0x00000000ec100000)
 ParOldGen       total 68608K, used 66074K [0x00000000c0000000, 0x00000000c4300000, 0x00000000eab00000)
  object space 68608K, 96% used [0x00000000c0000000,0x00000000c4086a80,0x00000000c4300000)
 Metaspace       used 66930K, committed 68160K, reserved 1114112K
  class space    used 7206K, committed 7744K, reserved 1048576K
}
Event: 7.987 GC heap before
{Heap before GC invocations=49 (full 3):
 PSYoungGen      total 19968K, used 19803K [0x00000000eab00000, 0x00000000ec100000, 0x0000000100000000)
  eden space 17408K, 100% used [0x00000000eab00000,0x00000000ebc00000,0x00000000ebc00000)
  from space 2560K, 93% used [0x00000000ebc80000,0x00000000ebed6c68,0x00000000ebf00000)
  to   space 2048K, 0% used [0x00000000ebf00000,0x00000000ebf00000,0x00000000ec100000)
 ParOldGen       total 68608K, used 66074K [0x00000000c0000000, 0x00000000c4300000, 0x00000000eab00000)
  object space 68608K, 96% used [0x00000000c0000000,0x00000000c4086a80,0x00000000c4300000)
 Metaspace       used 66950K, committed 68160K, reserved 1114112K
  class space    used 7206K, committed 7744K, reserved 1048576K
}
Event: 7.988 GC heap after
{Heap after GC invocations=49 (full 3):
 PSYoungGen      total 18944K, used 1389K [0x00000000eab00000, 0x00000000ec080000, 0x0000000100000000)
  eden space 17408K, 0% used [0x00000000eab00000,0x00000000eab00000,0x00000000ebc00000)
  from space 1536K, 90% used [0x00000000ebf00000,0x00000000ec05b630,0x00000000ec080000)
  to   space 2048K, 0% used [0x00000000ebc80000,0x00000000ebc80000,0x00000000ebe80000)
 ParOldGen       total 68608K, used 67507K [0x00000000c0000000, 0x00000000c4300000, 0x00000000eab00000)
  object space 68608K, 98% used [0x00000000c0000000,0x00000000c41ece98,0x00000000c4300000)
 Metaspace       used 66950K, committed 68160K, reserved 1114112K
  class space    used 7206K, committed 7744K, reserved 1048576K
}
Event: 7.988 GC heap before
{Heap before GC invocations=50 (full 4):
 PSYoungGen      total 18944K, used 1389K [0x00000000eab00000, 0x00000000ec080000, 0x0000000100000000)
  eden space 17408K, 0% used [0x00000000eab00000,0x00000000eab00000,0x00000000ebc00000)
  from space 1536K, 90% used [0x00000000ebf00000,0x00000000ec05b630,0x00000000ec080000)
  to   space 2048K, 0% used [0x00000000ebc80000,0x00000000ebc80000,0x00000000ebe80000)
 ParOldGen       total 68608K, used 67507K [0x00000000c0000000, 0x00000000c4300000, 0x00000000eab00000)
  object space 68608K, 98% used [0x00000000c0000000,0x00000000c41ece98,0x00000000c4300000)
 Metaspace       used 66950K, committed 68160K, reserved 1114112K
  class space    used 7206K, committed 7744K, reserved 1048576K
}
Event: 8.038 GC heap after
{Heap after GC invocations=50 (full 4):
 PSYoungGen      total 17920K, used 0K [0x00000000eab00000, 0x00000000ec000000, 0x0000000100000000)
  eden space 17408K, 0% used [0x00000000eab00000,0x00000000eab00000,0x00000000ebc00000)
  from space 512K, 0% used [0x00000000ebc80000,0x00000000ebc80000,0x00000000ebd00000)
  to   space 2048K, 0% used [0x00000000ebe00000,0x00000000ebe00000,0x00000000ec000000)
 ParOldGen       total 89600K, used 62740K [0x00000000c0000000, 0x00000000c5780000, 0x00000000eab00000)
  object space 89600K, 70% used [0x00000000c0000000,0x00000000c3d45230,0x00000000c5780000)
 Metaspace       used 66950K, committed 68160K, reserved 1114112K
  class space    used 7206K, committed 7744K, reserved 1048576K
}

Dll operation events (12 events):
Event: 0.018 Loaded shared library c:\Users\Admin\.vscode\extensions\redhat.java-1.33.0-win32-x64\jre\17.0.11-win32-x86_64\bin\java.dll
Event: 0.199 Loaded shared library c:\Users\Admin\.vscode\extensions\redhat.java-1.33.0-win32-x64\jre\17.0.11-win32-x86_64\bin\zip.dll
Event: 0.207 Loaded shared library C:\Users\Admin\.vscode\extensions\redhat.java-1.33.0-win32-x64\jre\17.0.11-win32-x86_64\bin\instrument.dll
Event: 0.236 Loaded shared library C:\Users\Admin\.vscode\extensions\redhat.java-1.33.0-win32-x64\jre\17.0.11-win32-x86_64\bin\net.dll
Event: 0.242 Loaded shared library C:\Users\Admin\.vscode\extensions\redhat.java-1.33.0-win32-x64\jre\17.0.11-win32-x86_64\bin\nio.dll
Event: 0.255 Loaded shared library C:\Users\Admin\.vscode\extensions\redhat.java-1.33.0-win32-x64\jre\17.0.11-win32-x86_64\bin\zip.dll
Event: 0.289 Loaded shared library C:\Users\Admin\.vscode\extensions\redhat.java-1.33.0-win32-x64\jre\17.0.11-win32-x86_64\bin\jimage.dll
Event: 0.352 Loaded shared library c:\Users\Admin\.vscode\extensions\redhat.java-1.33.0-win32-x64\jre\17.0.11-win32-x86_64\bin\verify.dll
Event: 1.152 Loaded shared library C:\Users\Admin\AppData\Roaming\Code\User\globalStorage\redhat.java\1.33.0\config_win\org.eclipse.equinox.launcher\org.eclipse.equinox.launcher.win32.win32.x86_64_1.2.1100.v20240722-2106\eclipse_11904.dll
Event: 3.054 Loaded shared library C:\Users\Admin\AppData\Local\Temp\jna-63116079\jna2146624301058301950.dll
Event: 5.151 Loaded shared library C:\Users\Admin\.vscode\extensions\redhat.java-1.33.0-win32-x64\jre\17.0.11-win32-x86_64\bin\sunmscapi.dll
Event: 5.214 Loaded shared library C:\Users\Admin\.vscode\extensions\redhat.java-1.33.0-win32-x64\jre\17.0.11-win32-x86_64\bin\extnet.dll

Deoptimization events (20 events):
Event: 7.924 Thread 0x000001b72c348d20 Uncommon trap: trap_request=0xffffffde fr.pc=0x000001b71b68def0 relative=0x0000000000008570
Event: 7.924 Thread 0x000001b72c348d20 Uncommon trap: reason=class_check action=maybe_recompile pc=0x000001b71b68def0 method=lombok.patcher.PatchScript$MethodPatcher.visitMethod(ILjava/lang/String;Ljava/lang/String;Ljava/lang/String;[Ljava/lang/String;)Lorg/lombokweb/asm/MethodVisitor; @ 101 c
Event: 7.924 Thread 0x000001b72c348d20 DEOPT PACKING pc=0x000001b71b68def0 sp=0x00000078711f8c40
Event: 7.924 Thread 0x000001b72c348d20 DEOPT UNPACKING pc=0x000001b71af766a3 sp=0x00000078711f8bf8 mode 2
Event: 7.924 Thread 0x000001b72c348d20 Uncommon trap: trap_request=0xffffffde fr.pc=0x000001b71b68def0 relative=0x0000000000008570
Event: 7.924 Thread 0x000001b72c348d20 Uncommon trap: reason=class_check action=maybe_recompile pc=0x000001b71b68def0 method=lombok.patcher.PatchScript$MethodPatcher.visitMethod(ILjava/lang/String;Ljava/lang/String;Ljava/lang/String;[Ljava/lang/String;)Lorg/lombokweb/asm/MethodVisitor; @ 101 c
Event: 7.924 Thread 0x000001b72c348d20 DEOPT PACKING pc=0x000001b71b68def0 sp=0x00000078711f8c40
Event: 7.924 Thread 0x000001b72c348d20 DEOPT UNPACKING pc=0x000001b71af766a3 sp=0x00000078711f8bf8 mode 2
Event: 7.927 Thread 0x000001b72c348d20 DEOPT PACKING pc=0x000001b713d5aabd sp=0x00000078711f8780
Event: 7.927 Thread 0x000001b72c348d20 DEOPT UNPACKING pc=0x000001b71af76e43 sp=0x00000078711f7c08 mode 0
Event: 7.937 Thread 0x000001b72be17a00 DEOPT PACKING pc=0x000001b713bdb613 sp=0x00000078702fe3f0
Event: 7.937 Thread 0x000001b72be17a00 DEOPT UNPACKING pc=0x000001b71af76e43 sp=0x00000078702fd928 mode 0
Event: 7.942 Thread 0x000001b72c348d20 DEOPT PACKING pc=0x000001b713d5aabd sp=0x00000078711f8680
Event: 7.942 Thread 0x000001b72c348d20 DEOPT UNPACKING pc=0x000001b71af76e43 sp=0x00000078711f7b08 mode 0
Event: 7.943 Thread 0x000001b72c34b5a0 DEOPT PACKING pc=0x000001b71469370c sp=0x000000786fdfd110
Event: 7.943 Thread 0x000001b72c34b5a0 DEOPT UNPACKING pc=0x000001b71af76e43 sp=0x000000786fdfc690 mode 0
Event: 7.949 Thread 0x000001b72c348d20 DEOPT PACKING pc=0x000001b713d5aabd sp=0x00000078711f8690
Event: 7.949 Thread 0x000001b72c348d20 DEOPT UNPACKING pc=0x000001b71af76e43 sp=0x00000078711f7b18 mode 0
Event: 7.956 Thread 0x000001b72c348d20 DEOPT PACKING pc=0x000001b713d5aabd sp=0x00000078711f86b0
Event: 7.956 Thread 0x000001b72c348d20 DEOPT UNPACKING pc=0x000001b71af76e43 sp=0x00000078711f7b38 mode 0

Classes unloaded (7 events):
Event: 3.985 Thread 0x000001b729f10c20 Unloading class 0x000000010024a400 'java/lang/invoke/LambdaForm$MH+0x000000010024a400'
Event: 3.985 Thread 0x000001b729f10c20 Unloading class 0x000000010024a000 'java/lang/invoke/LambdaForm$MH+0x000000010024a000'
Event: 3.985 Thread 0x000001b729f10c20 Unloading class 0x0000000100249c00 'java/lang/invoke/LambdaForm$MH+0x0000000100249c00'
Event: 3.985 Thread 0x000001b729f10c20 Unloading class 0x0000000100249800 'java/lang/invoke/LambdaForm$MH+0x0000000100249800'
Event: 3.985 Thread 0x000001b729f10c20 Unloading class 0x0000000100249400 'java/lang/invoke/LambdaForm$BMH+0x0000000100249400'
Event: 3.985 Thread 0x000001b729f10c20 Unloading class 0x0000000100249000 'java/lang/invoke/LambdaForm$DMH+0x0000000100249000'
Event: 3.985 Thread 0x000001b729f10c20 Unloading class 0x0000000100244400 'java/lang/invoke/LambdaForm$DMH+0x0000000100244400'

Classes redefined (0 events):
No events

Internal exceptions (20 events):
Event: 7.196 Thread 0x000001b72c348d20 Exception <a 'java/lang/NoSuchMethodError'{0x00000000ebd6b090}: 'java.lang.Object java.lang.invoke.DirectMethodHandle$Holder.newInvokeSpecial(java.lang.Object, java.lang.Object, int)'> (0x00000000ebd6b090) 
thrown [s\src\hotspot\share\interpreter\linkResolver.cpp, line 759]
Event: 7.242 Thread 0x000001b72c348d20 Exception <a 'java/io/FileNotFoundException'{0x00000000eb21d5e0}> (0x00000000eb21d5e0) 
thrown [s\src\hotspot\share\prims\jni.cpp, line 516]
Event: 7.242 Thread 0x000001b72c348d20 Exception <a 'java/io/FileNotFoundException'{0x00000000eb21e8c8}> (0x00000000eb21e8c8) 
thrown [s\src\hotspot\share\prims\jni.cpp, line 516]
Event: 7.254 Thread 0x000001b72c348d20 Exception <a 'sun/nio/fs/WindowsException'{0x00000000eb412fb8}> (0x00000000eb412fb8) 
thrown [s\src\hotspot\share\prims\jni.cpp, line 516]
Event: 7.254 Thread 0x000001b72c348d20 Exception <a 'sun/nio/fs/WindowsException'{0x00000000eb413978}> (0x00000000eb413978) 
thrown [s\src\hotspot\share\prims\jni.cpp, line 516]
Event: 7.294 Thread 0x000001b72c34b5a0 Exception <a 'sun/nio/fs/WindowsException'{0x00000000eba72a30}> (0x00000000eba72a30) 
thrown [s\src\hotspot\share\prims\jni.cpp, line 516]
Event: 7.294 Thread 0x000001b72c34b5a0 Exception <a 'sun/nio/fs/WindowsException'{0x00000000eba733f8}> (0x00000000eba733f8) 
thrown [s\src\hotspot\share\prims\jni.cpp, line 516]
Event: 7.295 Thread 0x000001b72c349230 Exception <a 'sun/nio/fs/WindowsException'{0x00000000eba1f668}> (0x00000000eba1f668) 
thrown [s\src\hotspot\share\prims\jni.cpp, line 516]
Event: 7.295 Thread 0x000001b72c349230 Exception <a 'sun/nio/fs/WindowsException'{0x00000000eba750b0}> (0x00000000eba750b0) 
thrown [s\src\hotspot\share\prims\jni.cpp, line 516]
Event: 7.296 Thread 0x000001b72c349230 Exception <a 'sun/nio/fs/WindowsException'{0x00000000eba75e10}> (0x00000000eba75e10) 
thrown [s\src\hotspot\share\prims\jni.cpp, line 516]
Event: 7.296 Thread 0x000001b72c349230 Exception <a 'sun/nio/fs/WindowsException'{0x00000000eba76528}> (0x00000000eba76528) 
thrown [s\src\hotspot\share\prims\jni.cpp, line 516]
Event: 7.299 Thread 0x000001b72c34b5a0 Exception <a 'sun/nio/fs/WindowsException'{0x00000000eba748d0}> (0x00000000eba748d0) 
thrown [s\src\hotspot\share\prims\jni.cpp, line 516]
Event: 7.300 Thread 0x000001b72c34b5a0 Exception <a 'sun/nio/fs/WindowsException'{0x00000000ebb0a7b0}> (0x00000000ebb0a7b0) 
thrown [s\src\hotspot\share\prims\jni.cpp, line 516]
Event: 7.389 Thread 0x000001b72c34b5a0 Exception <a 'java/io/FileNotFoundException'{0x00000000eb79b128}> (0x00000000eb79b128) 
thrown [s\src\hotspot\share\prims\jni.cpp, line 516]
Event: 7.389 Thread 0x000001b72c34b5a0 Exception <a 'java/io/FileNotFoundException'{0x00000000eb79bed8}> (0x00000000eb79bed8) 
thrown [s\src\hotspot\share\prims\jni.cpp, line 516]
Event: 7.393 Thread 0x000001b72c34b5a0 Exception <a 'sun/nio/fs/WindowsException'{0x00000000eb80c800}> (0x00000000eb80c800) 
thrown [s\src\hotspot\share\prims\jni.cpp, line 516]
Event: 7.393 Thread 0x000001b72c34b5a0 Exception <a 'sun/nio/fs/WindowsException'{0x00000000eb80cf18}> (0x00000000eb80cf18) 
thrown [s\src\hotspot\share\prims\jni.cpp, line 516]
Event: 7.407 Thread 0x000001b72c349230 Exception <a 'sun/nio/fs/WindowsException'{0x00000000eb980340}> (0x00000000eb980340) 
thrown [s\src\hotspot\share\prims\jni.cpp, line 516]
Event: 7.407 Thread 0x000001b72c349230 Exception <a 'sun/nio/fs/WindowsException'{0x00000000eb980a58}> (0x00000000eb980a58) 
thrown [s\src\hotspot\share\prims\jni.cpp, line 516]
Event: 7.602 Thread 0x000001b72be17a00 Implicit null exception at 0x000001b71b88192c to 0x000001b71b881a1c

VM Operations (20 events):
Event: 7.717 Executing VM operation: HandshakeAllThreads
Event: 7.719 Executing VM operation: HandshakeAllThreads done
Event: 7.730 Executing VM operation: HandshakeAllThreads
Event: 7.733 Executing VM operation: HandshakeAllThreads done
Event: 7.747 Executing VM operation: HandshakeAllThreads
Event: 7.747 Executing VM operation: HandshakeAllThreads done
Event: 7.749 Executing VM operation: ParallelGCFailedAllocation
Event: 7.751 Executing VM operation: ParallelGCFailedAllocation done
Event: 7.797 Executing VM operation: ParallelGCFailedAllocation
Event: 7.800 Executing VM operation: ParallelGCFailedAllocation done
Event: 7.839 Executing VM operation: ParallelGCFailedAllocation
Event: 7.844 Executing VM operation: ParallelGCFailedAllocation done
Event: 7.892 Executing VM operation: ParallelGCFailedAllocation
Event: 7.895 Executing VM operation: ParallelGCFailedAllocation done
Event: 7.924 Executing VM operation: ParallelGCFailedAllocation
Event: 7.927 Executing VM operation: ParallelGCFailedAllocation done
Event: 7.956 Executing VM operation: ParallelGCFailedAllocation
Event: 7.967 Executing VM operation: ParallelGCFailedAllocation done
Event: 7.986 Executing VM operation: ParallelGCFailedAllocation
Event: 8.038 Executing VM operation: ParallelGCFailedAllocation done

Events (20 events):
Event: 7.759 Thread 0x000001b729f60740 flushing nmethod 0x000001b714a61e10
Event: 7.759 Thread 0x000001b729f60740 flushing nmethod 0x000001b714a63990
Event: 7.759 Thread 0x000001b729f60740 flushing nmethod 0x000001b714a63d10
Event: 7.759 Thread 0x000001b729f60740 flushing nmethod 0x000001b714a64c10
Event: 7.759 Thread 0x000001b729f60740 flushing nmethod 0x000001b714a66c90
Event: 7.759 Thread 0x000001b729f60740 flushing nmethod 0x000001b714a67990
Event: 7.759 Thread 0x000001b729f60740 flushing nmethod 0x000001b714a68e90
Event: 7.759 Thread 0x000001b729f60740 flushing nmethod 0x000001b714a6af90
Event: 7.759 Thread 0x000001b729f60740 flushing nmethod 0x000001b714a6b310
Event: 7.759 Thread 0x000001b729f60740 flushing nmethod 0x000001b714a6d310
Event: 7.759 Thread 0x000001b729f60740 flushing nmethod 0x000001b714a6dd90
Event: 7.759 Thread 0x000001b729f60740 flushing nmethod 0x000001b714a7b710
Event: 7.759 Thread 0x000001b729f60740 flushing nmethod 0x000001b714a82d10
Event: 7.759 Thread 0x000001b729f60740 flushing nmethod 0x000001b714a90690
Event: 7.759 Thread 0x000001b729f60740 flushing nmethod 0x000001b714a92b10
Event: 7.759 Thread 0x000001b729f60740 flushing nmethod 0x000001b714aa6710
Event: 7.767 loading class java/util/Collections$UnmodifiableSortedSet
Event: 7.767 loading class java/util/Collections$UnmodifiableSortedSet done
Event: 7.808 loading class java/util/regex/Pattern$Caret
Event: 7.808 loading class java/util/regex/Pattern$Caret done


Dynamic libraries:
0x00007ff6f9ec0000 - 0x00007ff6f9ece000 	c:\Users\Admin\.vscode\extensions\redhat.java-1.33.0-win32-x64\jre\17.0.11-win32-x86_64\bin\java.exe
0x00007ffe18570000 - 0x00007ffe18787000 	C:\Windows\SYSTEM32\ntdll.dll
0x00007ffe16900000 - 0x00007ffe169c4000 	C:\Windows\System32\KERNEL32.DLL
0x00007ffe15a20000 - 0x00007ffe15dc6000 	C:\Windows\System32\KERNELBASE.dll
0x00007ffe15ec0000 - 0x00007ffe15fd1000 	C:\Windows\System32\ucrtbase.dll
0x00007ffe035c0000 - 0x00007ffe035d7000 	c:\Users\Admin\.vscode\extensions\redhat.java-1.33.0-win32-x64\jre\17.0.11-win32-x86_64\bin\jli.dll
0x00007ffdfa140000 - 0x00007ffdfa15b000 	c:\Users\Admin\.vscode\extensions\redhat.java-1.33.0-win32-x64\jre\17.0.11-win32-x86_64\bin\VCRUNTIME140.dll
0x00007ffe179f0000 - 0x00007ffe17b9e000 	C:\Windows\System32\USER32.dll
0x00007ffe01960000 - 0x00007ffe01bf3000 	C:\Windows\WinSxS\amd64_microsoft.windows.common-controls_6595b64144ccf1df_6.0.22621.2506_none_270c5ae97388e100\COMCTL32.dll
0x00007ffe15fe0000 - 0x00007ffe16006000 	C:\Windows\System32\win32u.dll
0x00007ffe183d0000 - 0x00007ffe183f9000 	C:\Windows\System32\GDI32.dll
0x00007ffe16460000 - 0x00007ffe16507000 	C:\Windows\System32\msvcrt.dll
0x00007ffe160e0000 - 0x00007ffe161f8000 	C:\Windows\System32\gdi32full.dll
0x00007ffe16010000 - 0x00007ffe160aa000 	C:\Windows\System32\msvcp_win.dll
0x00007ffe17f60000 - 0x00007ffe17f91000 	C:\Windows\System32\IMM32.DLL
0x00007ffe030f0000 - 0x00007ffe030fc000 	c:\Users\Admin\.vscode\extensions\redhat.java-1.33.0-win32-x64\jre\17.0.11-win32-x86_64\bin\vcruntime140_1.dll
0x00007ffd9f720000 - 0x00007ffd9f7ad000 	c:\Users\Admin\.vscode\extensions\redhat.java-1.33.0-win32-x64\jre\17.0.11-win32-x86_64\bin\msvcp140.dll
0x00007ffd91cc0000 - 0x00007ffd92922000 	c:\Users\Admin\.vscode\extensions\redhat.java-1.33.0-win32-x64\jre\17.0.11-win32-x86_64\bin\server\jvm.dll
0x00007ffe163a0000 - 0x00007ffe16453000 	C:\Windows\System32\ADVAPI32.dll
0x00007ffe17fa0000 - 0x00007ffe18048000 	C:\Windows\System32\sechost.dll
0x00007ffe160b0000 - 0x00007ffe160d8000 	C:\Windows\System32\bcrypt.dll
0x00007ffe18400000 - 0x00007ffe18517000 	C:\Windows\System32\RPCRT4.dll
0x00007ffdffd30000 - 0x00007ffdffd39000 	C:\Windows\SYSTEM32\WSOCK32.dll
0x00007ffe14700000 - 0x00007ffe1474d000 	C:\Windows\SYSTEM32\POWRPROF.dll
0x00007ffe02330000 - 0x00007ffe02364000 	C:\Windows\SYSTEM32\WINMM.dll
0x00007ffe17ba0000 - 0x00007ffe17c11000 	C:\Windows\System32\WS2_32.dll
0x00007ffe0ab80000 - 0x00007ffe0ab8a000 	C:\Windows\SYSTEM32\VERSION.dll
0x00007ffe146e0000 - 0x00007ffe146f3000 	C:\Windows\SYSTEM32\UMPDC.dll
0x00007ffe149a0000 - 0x00007ffe149b8000 	C:\Windows\SYSTEM32\kernel.appcore.dll
0x00007ffe00150000 - 0x00007ffe0015a000 	c:\Users\Admin\.vscode\extensions\redhat.java-1.33.0-win32-x64\jre\17.0.11-win32-x86_64\bin\jimage.dll
0x00007ffe130d0000 - 0x00007ffe13303000 	C:\Windows\SYSTEM32\DBGHELP.DLL
0x00007ffe16570000 - 0x00007ffe168f9000 	C:\Windows\System32\combase.dll
0x00007ffe162c0000 - 0x00007ffe16397000 	C:\Windows\System32\OLEAUT32.dll
0x00007ffdf8a40000 - 0x00007ffdf8a72000 	C:\Windows\SYSTEM32\dbgcore.DLL
0x00007ffe15e40000 - 0x00007ffe15eba000 	C:\Windows\System32\bcryptPrimitives.dll
0x00007ffdfbdf0000 - 0x00007ffdfbdfe000 	c:\Users\Admin\.vscode\extensions\redhat.java-1.33.0-win32-x64\jre\17.0.11-win32-x86_64\bin\instrument.dll
0x00007ffdfa110000 - 0x00007ffdfa135000 	c:\Users\Admin\.vscode\extensions\redhat.java-1.33.0-win32-x64\jre\17.0.11-win32-x86_64\bin\java.dll
0x00007ffdf8c80000 - 0x00007ffdf8c98000 	c:\Users\Admin\.vscode\extensions\redhat.java-1.33.0-win32-x64\jre\17.0.11-win32-x86_64\bin\zip.dll
0x00007ffe169d0000 - 0x00007ffe1722b000 	C:\Windows\System32\SHELL32.dll
0x00007ffe137c0000 - 0x00007ffe140b6000 	C:\Windows\SYSTEM32\windows.storage.dll
0x00007ffe13680000 - 0x00007ffe137be000 	C:\Windows\SYSTEM32\wintypes.dll
0x00007ffe17de0000 - 0x00007ffe17ed3000 	C:\Windows\System32\SHCORE.dll
0x00007ffe17f00000 - 0x00007ffe17f5e000 	C:\Windows\System32\shlwapi.dll
0x00007ffe157e0000 - 0x00007ffe15806000 	C:\Windows\SYSTEM32\profapi.dll
0x00007ffdf8c60000 - 0x00007ffdf8c79000 	C:\Users\Admin\.vscode\extensions\redhat.java-1.33.0-win32-x64\jre\17.0.11-win32-x86_64\bin\net.dll
0x00007ffe0eab0000 - 0x00007ffe0ebe7000 	C:\Windows\SYSTEM32\WINHTTP.dll
0x00007ffe14e10000 - 0x00007ffe14e79000 	C:\Windows\system32\mswsock.dll
0x00007ffdf37b0000 - 0x00007ffdf37c6000 	C:\Users\Admin\.vscode\extensions\redhat.java-1.33.0-win32-x64\jre\17.0.11-win32-x86_64\bin\nio.dll
0x00007ffdfa710000 - 0x00007ffdfa720000 	c:\Users\Admin\.vscode\extensions\redhat.java-1.33.0-win32-x64\jre\17.0.11-win32-x86_64\bin\verify.dll
0x00007ffd9f4b0000 - 0x00007ffd9f4f5000 	C:\Users\Admin\AppData\Roaming\Code\User\globalStorage\redhat.java\1.33.0\config_win\org.eclipse.equinox.launcher\org.eclipse.equinox.launcher.win32.win32.x86_64_1.2.1100.v20240722-2106\eclipse_11904.dll
0x00007ffe177d0000 - 0x00007ffe17970000 	C:\Windows\System32\ole32.dll
0x00007ffe15160000 - 0x00007ffe1517b000 	C:\Windows\SYSTEM32\CRYPTSP.dll
0x00007ffe14900000 - 0x00007ffe14935000 	C:\Windows\system32\rsaenh.dll
0x00007ffe14eb0000 - 0x00007ffe14edc000 	C:\Windows\SYSTEM32\USERENV.dll
0x00007ffe15140000 - 0x00007ffe1514c000 	C:\Windows\SYSTEM32\CRYPTBASE.dll
0x00007ffe14320000 - 0x00007ffe1434d000 	C:\Windows\SYSTEM32\IPHLPAPI.DLL
0x00007ffe18200000 - 0x00007ffe18209000 	C:\Windows\System32\NSI.dll
0x00007ffe0e9f0000 - 0x00007ffe0ea09000 	C:\Windows\SYSTEM32\dhcpcsvc6.DLL
0x00007ffe0e940000 - 0x00007ffe0e95f000 	C:\Windows\SYSTEM32\dhcpcsvc.DLL
0x00007ffe143e0000 - 0x00007ffe144d9000 	C:\Windows\SYSTEM32\DNSAPI.dll
0x00007ffdc4a40000 - 0x00007ffdc4a85000 	C:\Users\Admin\AppData\Local\Temp\jna-63116079\jna2146624301058301950.dll
0x00007ffe176b0000 - 0x00007ffe176b8000 	C:\Windows\System32\PSAPI.DLL
0x00007ffdfa360000 - 0x00007ffdfa36e000 	C:\Users\Admin\.vscode\extensions\redhat.java-1.33.0-win32-x64\jre\17.0.11-win32-x86_64\bin\sunmscapi.dll
0x00007ffe158b0000 - 0x00007ffe15a16000 	C:\Windows\System32\CRYPT32.dll
0x00007ffe15270000 - 0x00007ffe1529e000 	C:\Windows\SYSTEM32\ncrypt.dll
0x00007ffe15230000 - 0x00007ffe15267000 	C:\Windows\SYSTEM32\NTASN1.dll
0x00007ffe0e9e0000 - 0x00007ffe0e9ea000 	C:\Windows\System32\rasadhlp.dll
0x00007ffe0e2f0000 - 0x00007ffe0e373000 	C:\Windows\System32\fwpuclnt.dll
0x00007ffdfa100000 - 0x00007ffdfa109000 	C:\Users\Admin\.vscode\extensions\redhat.java-1.33.0-win32-x64\jre\17.0.11-win32-x86_64\bin\extnet.dll

dbghelp: loaded successfully - version: 4.0.5 - missing functions: none
symbol engine: initialized successfully - sym options: 0x614 - pdb path: .;c:\Users\Admin\.vscode\extensions\redhat.java-1.33.0-win32-x64\jre\17.0.11-win32-x86_64\bin;C:\Windows\SYSTEM32;C:\Windows\WinSxS\amd64_microsoft.windows.common-controls_6595b64144ccf1df_6.0.22621.2506_none_270c5ae97388e100;c:\Users\Admin\.vscode\extensions\redhat.java-1.33.0-win32-x64\jre\17.0.11-win32-x86_64\bin\server;C:\Users\Admin\AppData\Roaming\Code\User\globalStorage\redhat.java\1.33.0\config_win\org.eclipse.equinox.launcher\org.eclipse.equinox.launcher.win32.win32.x86_64_1.2.1100.v20240722-2106;C:\Users\Admin\AppData\Local\Temp\jna-63116079

VM Arguments:
jvm_args: --add-modules=ALL-SYSTEM --add-opens=java.base/java.util=ALL-UNNAMED --add-opens=java.base/java.lang=ALL-UNNAMED --add-opens=java.base/sun.nio.fs=ALL-UNNAMED -Declipse.application=org.eclipse.jdt.ls.core.id1 -Dosgi.bundles.defaultStartLevel=4 -Declipse.product=org.eclipse.jdt.ls.core.product -Djava.import.generatesMetadataFilesAtProjectRoot=false -DDetectVMInstallationsJob.disabled=true -Dfile.encoding=utf8 -XX:+UseParallelGC -XX:GCTimeRatio=4 -XX:AdaptiveSizePolicyWeight=90 -Dsun.zip.disableMemoryMapping=true -Xmx1G -Xms100m -Xlog:disable -javaagent:c:\Users\Admin\.vscode\extensions\redhat.java-1.33.0-win32-x64\lombok\lombok-1.18.33.jar -XX:+HeapDumpOnOutOfMemoryError -XX:HeapDumpPath=c:\Users\Admin\AppData\Roaming\Code\User\workspaceStorage\eb20fc06d4a3b5e07cae54c0eea6be4b\redhat.java -Daether.dependencyCollector.impl=bf 
java_command: c:\Users\Admin\.vscode\extensions\redhat.java-1.33.0-win32-x64\server\plugins\org.eclipse.equinox.launcher_1.6.900.v20240613-2009.jar -configuration c:\Users\Admin\AppData\Roaming\Code\User\globalStorage\redhat.java\1.33.0\config_win -data c:\Users\Admin\AppData\Roaming\Code\User\workspaceStorage\eb20fc06d4a3b5e07cae54c0eea6be4b\redhat.java\jdt_ws --pipe=\\.\pipe\lsp-205b626b00104e8c2c992ac1f9c31f37-sock
java_class_path (initial): c:\Users\Admin\.vscode\extensions\redhat.java-1.33.0-win32-x64\server\plugins\org.eclipse.equinox.launcher_1.6.900.v20240613-2009.jar
Launcher Type: SUN_STANDARD

[Global flags]
    uintx AdaptiveSizePolicyWeight                 = 90                                        {product} {command line}
     intx CICompilerCount                          = 4                                         {product} {ergonomic}
    uintx GCTimeRatio                              = 4                                         {product} {command line}
     bool HeapDumpOnOutOfMemoryError               = true                                   {manageable} {command line}
    ccstr HeapDumpPath                             = c:\Users\Admin\AppData\Roaming\Code\User\workspaceStorage\eb20fc06d4a3b5e07cae54c0eea6be4b\redhat.java         {manageable} {command line}
   size_t InitialHeapSize                          = 104857600                                 {product} {command line}
   size_t MaxHeapSize                              = 1073741824                                {product} {command line}
   size_t MaxNewSize                               = 357564416                                 {product} {ergonomic}
   size_t MinHeapDeltaBytes                        = 524288                                    {product} {ergonomic}
   size_t MinHeapSize                              = 104857600                                 {product} {command line}
   size_t NewSize                                  = 34603008                                  {product} {ergonomic}
    uintx NonNMethodCodeHeapSize                   = 5839372                                {pd product} {ergonomic}
    uintx NonProfiledCodeHeapSize                  = 122909434                              {pd product} {ergonomic}
   size_t OldSize                                  = 70254592                                  {product} {ergonomic}
    uintx ProfiledCodeHeapSize                     = 122909434                              {pd product} {ergonomic}
    uintx ReservedCodeCacheSize                    = 251658240                              {pd product} {ergonomic}
     bool SegmentedCodeCache                       = true                                      {product} {ergonomic}
   size_t SoftMaxHeapSize                          = 1073741824                             {manageable} {ergonomic}
     bool UseCompressedClassPointers               = true                           {product lp64_product} {ergonomic}
     bool UseCompressedOops                        = true                           {product lp64_product} {ergonomic}
     bool UseLargePagesIndividualAllocation        = false                                  {pd product} {ergonomic}
     bool UseParallelGC                            = true                                      {product} {command line}

Logging:
Log output configuration:
 #0: stdout all=off uptime,level,tags
 #1: stderr all=off uptime,level,tags

Environment Variables:
JAVA_HOME=C:\Program Files\Eclipse Adoptium\jdk-21.0.3.9-hotspot
PATH=C:\Program Files\Eclipse Adoptium\jdk-21.0.3.9-hotspot\bin;C:\Windows\system32;C:\Windows;C:\Windows\System32\Wbem;C:\Windows\System32\WindowsPowerShell\v1.0\;C:\Windows\System32\OpenSSH\;C:\Program Files\Microsoft SQL Server\Client SDK\ODBC\170\Tools\Binn\;C:\Program Files\Microsoft SQL Server\150\Tools\Binn\;C:\Program Files\dotnet\;C:\Program Files\nodejs\;C:\Program Files\Docker\Docker\resources\bin;C:\Program Files\Git\cmd;C:\Program Files\apache-maven-3.9.8\bin;C:\Users\Admin\AppData\Local\Microsoft\WindowsApps;C:\Users\Admin\.dotnet\tools;C:\Users\Admin\AppData\Local\Programs\Microsoft VS Code\bin;C:\Users\Admin\AppData\Local\JetBrains\Toolbox\scripts;C:\Users\Admin\AppData\Roaming\npm
USERNAME=Admin
OS=Windows_NT
PROCESSOR_IDENTIFIER=Intel64 Family 6 Model 151 Stepping 5, GenuineIntel
TMP=C:\Users\Admin\AppData\Local\Temp
TEMP=C:\Users\Admin\AppData\Local\Temp



Periodic native trim disabled


---------------  S Y S T E M  ---------------

OS:
 Windows 11 , 64 bit Build 22621 (10.0.22621.3078)
OS uptime: 0 days 6:46 hours
Hyper-V role detected

CPU: total 8 (initial active 8) (4 cores per cpu, 2 threads per core) family 6 model 151 stepping 5 microcode 0x1e, cx8, cmov, fxsr, ht, mmx, 3dnowpref, sse, sse2, sse3, ssse3, sse4.1, sse4.2, popcnt, lzcnt, tsc, tscinvbit, avx, avx2, aes, erms, clmul, bmi1, bmi2, adx, sha, fma, vzeroupper, clflush, clflushopt, clwb, hv
Processor Information for all 8 processors :
  Max Mhz: 3300, Current Mhz: 3300, Mhz Limit: 3300

Memory: 4k page, system-wide physical 7969M (219M free)
TotalPageFile size 16161M (AvailPageFile size 20M)
current process WorkingSet (physical memory assigned to process): 288M, peak: 288M
current process commit charge ("private bytes"): 343M, peak: 344M

vm_info: OpenJDK 64-Bit Server VM (17.0.11+9) for windows-amd64 JRE (17.0.11+9), built on Apr 17 2024 06:07:48 by "admin" with MS VC++ 16.10 / 16.11 (VS2019)

END.
