#
# There is insufficient memory for the Java Runtime Environment to continue.
# Native memory allocation (malloc) failed to allocate 1243632 bytes. Error detail: Chunk::new
# Possible reasons:
#   The system is out of physical RAM or swap space
#   This process is running with CompressedOops enabled, and the Java Heap may be blocking the growth of the native heap
# Possible solutions:
#   Reduce memory load on the system
#   Increase physical memory or swap space
#   Check if swap backing store is full
#   Decrease Java heap size (-Xmx/-Xms)
#   Decrease number of Java threads
#   Decrease Java thread stack sizes (-Xss)
#   Set larger code cache with -XX:ReservedCodeCacheSize=
#   JVM is running with Unscaled Compressed Oops mode in which the Java heap is
#     placed in the first 4GB address space. The Java Heap base address is the
#     maximum limit for the native heap growth. Please use -XX:HeapBaseMinAddress
#     to set the Java Heap base and to place the Java Heap above 4GB virtual address.
# This output file may be truncated or incomplete.
#
#  Out of Memory Error (arena.cpp:191), pid=15528, tid=15440
#
# JRE version: OpenJDK Runtime Environment Temurin-17.0.12+7 (17.0.12+7) (build 17.0.12+7)
# Java VM: OpenJDK 64-Bit Server VM Temurin-17.0.12+7 (17.0.12+7, mixed mode, tiered, compressed oops, compressed class ptrs, parallel gc, windows-amd64)
# No core dump will be written. Minidumps are not enabled by default on client versions of Windows
#

---------------  S U M M A R Y ------------

Command Line: --add-modules=ALL-SYSTEM --add-opens=java.base/java.util=ALL-UNNAMED --add-opens=java.base/java.lang=ALL-UNNAMED --add-opens=java.base/sun.nio.fs=ALL-UNNAMED -Declipse.application=org.eclipse.jdt.ls.core.id1 -Dosgi.bundles.defaultStartLevel=4 -Declipse.product=org.eclipse.jdt.ls.core.product -Djava.import.generatesMetadataFilesAtProjectRoot=false -DDetectVMInstallationsJob.disabled=true -Dfile.encoding=utf8 -XX:+UseParallelGC -XX:GCTimeRatio=4 -XX:AdaptiveSizePolicyWeight=90 -Dsun.zip.disableMemoryMapping=true -Xmx1G -Xms100m -Xlog:disable -javaagent:c:\Users\Admin\.vscode\extensions\redhat.java-1.35.0-win32-x64\lombok\lombok-1.18.33.jar -XX:+HeapDumpOnOutOfMemoryError -XX:HeapDumpPath=c:\Users\Admin\AppData\Roaming\Code\User\workspaceStorage\eb20fc06d4a3b5e07cae54c0eea6be4b\redhat.java -Daether.dependencyCollector.impl=bf c:\Users\Admin\.vscode\extensions\redhat.java-1.35.0-win32-x64\server\plugins\org.eclipse.equinox.launcher_1.6.900.v20240613-2009.jar -configuration c:\Users\Admin\AppData\Roaming\Code\User\globalStorage\redhat.java\1.35.0\config_win -data c:\Users\Admin\AppData\Roaming\Code\User\workspaceStorage\eb20fc06d4a3b5e07cae54c0eea6be4b\redhat.java\jdt_ws --pipe=\\.\pipe\lsp-d8bbd17f13a5831f1ce6282d13c08462-sock

Host: 12th Gen Intel(R) Core(TM) i3-12100, 8 cores, 7G,  Windows 11 , 64 bit Build 22621 (10.0.22621.3078)
Time: Thu Sep 26 11:42:25 2024 Hora est. Pacífico, Sudamérica elapsed time: 309.890368 seconds (0d 0h 5m 9s)

---------------  T H R E A D  ---------------

Current thread (0x000001a095289fa0):  JavaThread "C2 CompilerThread0" daemon [_thread_in_native, id=15440, stack(0x00000009e1700000,0x00000009e1800000)]


Current CompileTask:
C2: 309890 26867       4       org.codehaus.plexus.util.xml.Xpp3Dom::mergeIntoXpp3Dom (518 bytes)

Stack: [0x00000009e1700000,0x00000009e1800000]
Native frames: (J=compiled Java code, j=interpreted, Vv=VM code, C=native code)
V  [jvm.dll+0x67f929]
V  [jvm.dll+0x8371ba]
V  [jvm.dll+0x838c7e]
V  [jvm.dll+0x8392e3]
V  [jvm.dll+0x24834f]
V  [jvm.dll+0xac9d4]
V  [jvm.dll+0xad01c]
V  [jvm.dll+0x3674a7]
V  [jvm.dll+0x1bd376]
V  [jvm.dll+0x21aa09]
V  [jvm.dll+0x219cf1]
V  [jvm.dll+0x1a58bd]
V  [jvm.dll+0x229a2d]
V  [jvm.dll+0x227bdc]
V  [jvm.dll+0x7ec1f7]
V  [jvm.dll+0x7e65dc]
V  [jvm.dll+0x67e7f7]
C  [ucrtbase.dll+0x29363]
C  [KERNEL32.DLL+0x1257d]
C  [ntdll.dll+0x5aa58]


---------------  P R O C E S S  ---------------

Threads class SMR info:
_java_thread_list=0x000001a0a48cc4b0, length=51, elements={
0x000001a0fc361b70, 0x000001a0ff1e7020, 0x000001a0ff1e84d0, 0x000001a095283f10,
0x000001a095284ca0, 0x000001a0952872d0, 0x000001a095289000, 0x000001a095289fa0,
0x000001a095291de0, 0x000001a095297ec0, 0x000001a095388f60, 0x000001a0955e1ca0,
0x000001a096919050, 0x000001a096918630, 0x000001a096918b40, 0x000001a096919a70,
0x000001a097722480, 0x000001a097725c30, 0x000001a0977247f0, 0x000001a097725210,
0x000001a097722990, 0x000001a097722ea0, 0x000001a0977233b0, 0x000001a0977238c0,
0x000001a0977242e0, 0x000001a097f290e0, 0x000001a097f29b00, 0x000001a097f2a010,
0x000001a097f2a520, 0x000001a097f23fe0, 0x000001a097f26860, 0x000001a097f295f0,
0x000001a097f28bd0, 0x000001a097f24f10, 0x000001a097f24a00, 0x000001a097f26350,
0x000001a097f27280, 0x000001a097f27790, 0x000001a097725720, 0x000001a0974a4160,
0x000001a0974a18e0, 0x000001a09749d710, 0x000001a09749e130, 0x000001a0974a1df0,
0x000001a0974a3230, 0x000001a09749eb50, 0x000001a09749f570, 0x000001a09749ff90,
0x000001a09786d840, 0x000001a097872940, 0x000001a097872e50
}

Java Threads: ( => current thread )
  0x000001a0fc361b70 JavaThread "main" [_thread_blocked, id=5528, stack(0x00000009e0e00000,0x00000009e0f00000)]
  0x000001a0ff1e7020 JavaThread "Reference Handler" daemon [_thread_blocked, id=14240, stack(0x00000009e1100000,0x00000009e1200000)]
  0x000001a0ff1e84d0 JavaThread "Finalizer" daemon [_thread_blocked, id=13176, stack(0x00000009e1200000,0x00000009e1300000)]
  0x000001a095283f10 JavaThread "Signal Dispatcher" daemon [_thread_blocked, id=9600, stack(0x00000009e1300000,0x00000009e1400000)]
  0x000001a095284ca0 JavaThread "Attach Listener" daemon [_thread_blocked, id=4140, stack(0x00000009e1400000,0x00000009e1500000)]
  0x000001a0952872d0 JavaThread "Service Thread" daemon [_thread_blocked, id=2556, stack(0x00000009e1500000,0x00000009e1600000)]
  0x000001a095289000 JavaThread "Monitor Deflation Thread" daemon [_thread_blocked, id=4712, stack(0x00000009e1600000,0x00000009e1700000)]
=>0x000001a095289fa0 JavaThread "C2 CompilerThread0" daemon [_thread_in_native, id=15440, stack(0x00000009e1700000,0x00000009e1800000)]
  0x000001a095291de0 JavaThread "C1 CompilerThread0" daemon [_thread_blocked, id=11772, stack(0x00000009e1800000,0x00000009e1900000)]
  0x000001a095297ec0 JavaThread "Sweeper thread" daemon [_thread_blocked, id=16084, stack(0x00000009e1900000,0x00000009e1a00000)]
  0x000001a095388f60 JavaThread "Common-Cleaner" daemon [_thread_blocked, id=13568, stack(0x00000009e1a00000,0x00000009e1b00000)]
  0x000001a0955e1ca0 JavaThread "Notification Thread" daemon [_thread_blocked, id=15816, stack(0x00000009e1b00000,0x00000009e1c00000)]
  0x000001a096919050 JavaThread "Active Thread: Equinox Container: 75d8c4a0-ec06-4004-b6be-ed5e310d1bb1" [_thread_blocked, id=696, stack(0x00000009e2800000,0x00000009e2900000)]
  0x000001a096918630 JavaThread "Framework Event Dispatcher: Equinox Container: 75d8c4a0-ec06-4004-b6be-ed5e310d1bb1" daemon [_thread_blocked, id=15068, stack(0x00000009e2900000,0x00000009e2a00000)]
  0x000001a096918b40 JavaThread "Start Level: Equinox Container: 75d8c4a0-ec06-4004-b6be-ed5e310d1bb1" daemon [_thread_blocked, id=10384, stack(0x00000009e2a00000,0x00000009e2b00000)]
  0x000001a096919a70 JavaThread "Refresh Thread: Equinox Container: 75d8c4a0-ec06-4004-b6be-ed5e310d1bb1" daemon [_thread_blocked, id=9056, stack(0x00000009e2d00000,0x00000009e2e00000)]
  0x000001a097722480 JavaThread "Bundle File Closer" daemon [_thread_blocked, id=11600, stack(0x00000009e3000000,0x00000009e3100000)]
  0x000001a097725c30 JavaThread "SCR Component Actor" daemon [_thread_blocked, id=1856, stack(0x00000009e3100000,0x00000009e3200000)]
  0x000001a0977247f0 JavaThread "Worker-JM" [_thread_blocked, id=7592, stack(0x00000009e3300000,0x00000009e3400000)]
  0x000001a097725210 JavaThread "Java indexing" daemon [_thread_blocked, id=2748, stack(0x00000009e3600000,0x00000009e3700000)]
  0x000001a097722990 JavaThread "JNA Cleaner" daemon [_thread_blocked, id=15636, stack(0x00000009e3700000,0x00000009e3800000)]
  0x000001a097722ea0 JavaThread "Thread-2" daemon [_thread_in_native, id=16088, stack(0x00000009e3a00000,0x00000009e3b00000)]
  0x000001a0977233b0 JavaThread "Thread-3" daemon [_thread_in_native, id=5636, stack(0x00000009e3b00000,0x00000009e3c00000)]
  0x000001a0977238c0 JavaThread "Thread-4" daemon [_thread_in_native, id=5800, stack(0x00000009e3c00000,0x00000009e3d00000)]
  0x000001a0977242e0 JavaThread "Thread-5" daemon [_thread_in_native, id=14776, stack(0x00000009e3d00000,0x00000009e3e00000)]
  0x000001a097f290e0 JavaThread "Thread-6" daemon [_thread_in_native, id=9180, stack(0x00000009e3e00000,0x00000009e3f00000)]
  0x000001a097f29b00 JavaThread "Thread-7" daemon [_thread_in_native, id=14000, stack(0x00000009e3f00000,0x00000009e4000000)]
  0x000001a097f2a010 JavaThread "Thread-8" daemon [_thread_in_native, id=4384, stack(0x00000009e4000000,0x00000009e4100000)]
  0x000001a097f2a520 JavaThread "Thread-9" daemon [_thread_in_native, id=10120, stack(0x00000009e4100000,0x00000009e4200000)]
  0x000001a097f23fe0 JavaThread "Thread-10" daemon [_thread_in_native, id=16212, stack(0x00000009e4200000,0x00000009e4300000)]
  0x000001a097f26860 JavaThread "pool-2-thread-1" [_thread_blocked, id=11172, stack(0x00000009e4300000,0x00000009e4400000)]
  0x000001a097f295f0 JavaThread "WorkspaceEventsHandler" [_thread_blocked, id=4280, stack(0x00000009e4400000,0x00000009e4500000)]
  0x000001a097f28bd0 JavaThread "pool-1-thread-1" [_thread_blocked, id=13680, stack(0x00000009e4500000,0x00000009e4600000)]
  0x000001a097f24f10 JavaThread "Worker-3: Updating project configurations" [_thread_blocked, id=4976, stack(0x00000009e4700000,0x00000009e4800000)]
  0x000001a097f24a00 JavaThread "Worker-4: Classpath Update Job" [_thread_in_native, id=13604, stack(0x00000009e3200000,0x00000009e3300000)]
  0x000001a097f26350 JavaThread "ForkJoinPool.commonPool-worker-1" daemon [_thread_blocked, id=15876, stack(0x00000009e4e00000,0x00000009e4f00000)]
  0x000001a097f27280 JavaThread "ForkJoinPool.commonPool-worker-2" daemon [_thread_blocked, id=15412, stack(0x00000009e4f00000,0x00000009e5000000)]
  0x000001a097f27790 JavaThread "ForkJoinPool.commonPool-worker-3" daemon [_thread_blocked, id=8, stack(0x00000009e5000000,0x00000009e5100000)]
  0x000001a097725720 JavaThread "ForkJoinPool.commonPool-worker-4" daemon [_thread_blocked, id=15688, stack(0x00000009e5100000,0x00000009e5200000)]
  0x000001a0974a4160 JavaThread "ForkJoinPool.commonPool-worker-5" daemon [_thread_blocked, id=4392, stack(0x00000009e5200000,0x00000009e5300000)]
  0x000001a0974a18e0 JavaThread "Compiler Source File Reader" daemon [_thread_blocked, id=4568, stack(0x00000009e5300000,0x00000009e5400000)]
  0x000001a09749d710 JavaThread "Compiler Source File Reader" daemon [_thread_blocked, id=8948, stack(0x00000009e5400000,0x00000009e5500000)]
  0x000001a09749e130 JavaThread "Compiler Source File Reader" daemon [_thread_blocked, id=1308, stack(0x00000009e5500000,0x00000009e5600000)]
  0x000001a0974a1df0 JavaThread "Compiler Source File Reader" daemon [_thread_blocked, id=9536, stack(0x00000009e5600000,0x00000009e5700000)]
  0x000001a0974a3230 JavaThread "Compiler Source File Reader" daemon [_thread_blocked, id=14272, stack(0x00000009e5700000,0x00000009e5800000)]
  0x000001a09749eb50 JavaThread "Compiler Source File Reader" daemon [_thread_blocked, id=1304, stack(0x00000009e5800000,0x00000009e5900000)]
  0x000001a09749f570 JavaThread "ForkJoinPool.commonPool-worker-7" daemon [_thread_blocked, id=2272, stack(0x00000009e2300000,0x00000009e2400000)]
  0x000001a09749ff90 JavaThread "Cleaner-0" daemon [_thread_blocked, id=14472, stack(0x00000009e2400000,0x00000009e2500000)]
  0x000001a09786d840 JavaThread "Worker-8: Send Classpath Notifications" [_thread_blocked, id=7828, stack(0x00000009e0c00000,0x00000009e0d00000)]
  0x000001a097872940 JavaThread "Worker-9: Send Classpath Notifications" [_thread_blocked, id=15672, stack(0x00000009e0d00000,0x00000009e0e00000)]
  0x000001a097872e50 JavaThread "Worker-10" [_thread_blocked, id=14760, stack(0x00000009e2200000,0x00000009e2300000)]

Other Threads:
  0x000001a0fc3ec000 VMThread "VM Thread" [stack: 0x00000009e1000000,0x00000009e1100000] [id=10408]
  0x000001a09561c130 WatcherThread [stack: 0x00000009e1c00000,0x00000009e1d00000] [id=15728]
  0x000001a0fc377660 GCTaskThread "GC Thread#0" [stack: 0x00000009e0f00000,0x00000009e1000000] [id=11776]
  0x000001a09688cbb0 GCTaskThread "GC Thread#1" [stack: 0x00000009e1d00000,0x00000009e1e00000] [id=13340]
  0x000001a096adfc50 GCTaskThread "GC Thread#2" [stack: 0x00000009e1e00000,0x00000009e1f00000] [id=5748]
  0x000001a09684d070 GCTaskThread "GC Thread#3" [stack: 0x00000009e1f00000,0x00000009e2000000] [id=3044]
  0x000001a09684d940 GCTaskThread "GC Thread#4" [stack: 0x00000009e2000000,0x00000009e2100000] [id=14728]
  0x000001a09684de10 GCTaskThread "GC Thread#5" [stack: 0x00000009e2100000,0x00000009e2200000] [id=5832]
  0x000001a09703b8c0 GCTaskThread "GC Thread#6" [stack: 0x00000009e2b00000,0x00000009e2c00000] [id=3660]
  0x000001a096581b60 GCTaskThread "GC Thread#7" [stack: 0x00000009e2c00000,0x00000009e2d00000] [id=15008]

Threads with active compile tasks:
C2 CompilerThread0   309922 26867       4       org.codehaus.plexus.util.xml.Xpp3Dom::mergeIntoXpp3Dom (518 bytes)

VM state: not at safepoint (normal execution)

VM Mutex/Monitor currently owned by a thread: None

Heap address: 0x00000000c0000000, size: 1024 MB, Compressed Oops mode: 32-bit

CDS archive(s) not mapped
Compressed class space mapped at: 0x0000000100000000-0x0000000140000000, reserved size: 1073741824
Narrow klass base: 0x0000000000000000, Narrow klass shift: 3, Narrow klass range: 0x140000000

GC Precious Log:
 CPUs: 8 total, 8 available
 Memory: 7969M
 Large Page Support: Disabled
 NUMA Support: Disabled
 Compressed Oops: Enabled (32-bit)
 Alignments: Space 512K, Generation 512K, Heap 2M
 Heap Min Capacity: 100M
 Heap Initial Capacity: 100M
 Heap Max Capacity: 1G
 Pre-touch: Disabled
 Parallel Workers: 8

Heap:
 PSYoungGen      total 15360K, used 11673K [0x00000000eab00000, 0x00000000ebf80000, 0x0000000100000000)
  eden space 14848K, 75% used [0x00000000eab00000,0x00000000eb5e6cc0,0x00000000eb980000)
  from space 512K, 99% used [0x00000000ebd80000,0x00000000ebdffa40,0x00000000ebe00000)
  to   space 3072K, 0% used [0x00000000eb980000,0x00000000eb980000,0x00000000ebc80000)
 ParOldGen       total 368128K, used 360631K [0x00000000c0000000, 0x00000000d6780000, 0x00000000eab00000)
  object space 368128K, 97% used [0x00000000c0000000,0x00000000d602ddc0,0x00000000d6780000)
 Metaspace       used 102618K, committed 104384K, reserved 1179648K
  class space    used 10665K, committed 11456K, reserved 1048576K

Card table byte_map: [0x000001a0fbd20000,0x000001a0fbf30000] _byte_map_base: 0x000001a0fb720000

Marking Bits: (ParMarkBitMap*) 0x00007ffab85958b0
 Begin Bits: [0x000001a08f000000, 0x000001a090000000)
 End Bits:   [0x000001a090000000, 0x000001a091000000)

Polling page: 0x000001a0fbb10000

Metaspace:

Usage:
  Non-class:     89.80 MB used.
      Class:     10.42 MB used.
       Both:    100.21 MB used.

Virtual space:
  Non-class space:      128.00 MB reserved,      90.75 MB ( 71%) committed,  2 nodes.
      Class space:        1.00 GB reserved,      11.19 MB (  1%) committed,  1 nodes.
             Both:        1.12 GB reserved,     101.94 MB (  9%) committed. 

Chunk freelists:
   Non-Class:  4.66 MB
       Class:  4.83 MB
        Both:  9.48 MB

MaxMetaspaceSize: unlimited
CompressedClassSpaceSize: 1.00 GB
Initial GC threshold: 21.00 MB
Current GC threshold: 169.38 MB
CDS: off
MetaspaceReclaimPolicy: balanced
 - commit_granule_bytes: 65536.
 - commit_granule_words: 8192.
 - virtual_space_node_default_size: 8388608.
 - enlarge_chunks_in_place: 1.
 - new_chunks_are_fully_committed: 0.
 - uncommit_free_chunks: 1.
 - use_allocation_guard: 0.
 - handle_deallocations: 1.


Internal statistics:

num_allocs_failed_limit: 9.
num_arena_births: 1330.
num_arena_deaths: 28.
num_vsnodes_births: 3.
num_vsnodes_deaths: 0.
num_space_committed: 1635.
num_space_uncommitted: 4.
num_chunks_returned_to_freelist: 60.
num_chunks_taken_from_freelist: 5643.
num_chunk_merges: 20.
num_chunk_splits: 3577.
num_chunks_enlarged: 2193.
num_inconsistent_stats: 0.

CodeHeap 'non-profiled nmethods': size=120000Kb used=19031Kb max_used=19031Kb free=100968Kb
 bounds [0x000001a087ad0000, 0x000001a088d70000, 0x000001a08f000000]
CodeHeap 'profiled nmethods': size=120000Kb used=39106Kb max_used=39106Kb free=80893Kb
 bounds [0x000001a080000000, 0x000001a082640000, 0x000001a087530000]
CodeHeap 'non-nmethods': size=5760Kb used=1471Kb max_used=1528Kb free=4288Kb
 bounds [0x000001a087530000, 0x000001a0877a0000, 0x000001a087ad0000]
 total_blobs=19289 nmethods=18460 adapters=738
 compilation: enabled
              stopped_count=0, restarted_count=0
 full_count=0

Compilation events (20 events):
Event: 309.791 Thread 0x000001a095291de0 26968       2       org.eclipse.jdt.internal.core.hierarchy.TypeHierarchy::isAffectedByChildren (63 bytes)
Event: 309.791 Thread 0x000001a095291de0 nmethod 26968 0x000001a082634310 code [0x000001a0826344c0, 0x000001a082634768]
Event: 309.791 Thread 0x000001a095291de0 26969   !   2       org.eclipse.jdt.internal.core.hierarchy.TypeHierarchy::isAffectedByPackageFragmentRoot (231 bytes)
Event: 309.792 Thread 0x000001a095291de0 nmethod 26969 0x000001a082634990 code [0x000001a082634be0, 0x000001a0826352d8]
Event: 309.793 Thread 0x000001a095291de0 26970   !   2       org.eclipse.osgi.internal.loader.sources.PackageSource::getSourceFromLoader (94 bytes)
Event: 309.794 Thread 0x000001a095291de0 nmethod 26970 0x000001a082635890 code [0x000001a082635b00, 0x000001a0826361d8]
Event: 309.794 Thread 0x000001a095291de0 26971       2       org.eclipse.osgi.internal.loader.BundleLoader::findSource (26 bytes)
Event: 309.794 Thread 0x000001a095291de0 nmethod 26971 0x000001a082636b90 code [0x000001a082636d60, 0x000001a082637068]
Event: 309.794 Thread 0x000001a095291de0 26972       2       jdk.xml.internal.JdkProperty$ImplPropMap::is (60 bytes)
Event: 309.794 Thread 0x000001a095291de0 nmethod 26972 0x000001a082637210 code [0x000001a0826373c0, 0x000001a0826375c8]
Event: 309.796 Thread 0x000001a095291de0 26973   !   3       com.google.gson.internal.bind.ReflectiveTypeAdapterFactory$2::write (140 bytes)
Event: 309.798 Thread 0x000001a095291de0 nmethod 26973 0x000001a082637710 code [0x000001a082637a80, 0x000001a082638cd8]
Event: 309.798 Thread 0x000001a095291de0 26974       1       org.eclipse.core.internal.resources.MarkerInfo::getId (5 bytes)
Event: 309.798 Thread 0x000001a095291de0 nmethod 26974 0x000001a088d65890 code [0x000001a088d65a20, 0x000001a088d65af8]
Event: 309.799 Thread 0x000001a095291de0 26975       1       com.sun.org.apache.xerces.internal.util.ErrorHandlerWrapper::setErrorHandler (6 bytes)
Event: 309.799 Thread 0x000001a095291de0 nmethod 26975 0x000001a088d65b90 code [0x000001a088d65d20, 0x000001a088d65df8]
Event: 309.800 Thread 0x000001a095291de0 26976       2       com.sun.org.apache.xerces.internal.dom.ParentNode::getChildNodes (13 bytes)
Event: 309.800 Thread 0x000001a095291de0 nmethod 26976 0x000001a082639490 code [0x000001a082639620, 0x000001a082639788]
Event: 309.803 Thread 0x000001a095291de0 26978       3       org.eclipse.m2e.jdt.internal.DefaultClasspathManagerDelegate::lambda$0 (48 bytes)
Event: 309.803 Thread 0x000001a095291de0 nmethod 26978 0x000001a082639810 code [0x000001a0826399e0, 0x000001a082639d68]

GC Heap History (20 events):
Event: 309.626 GC heap before
{Heap before GC invocations=1770 (full 35):
 PSYoungGen      total 15360K, used 15040K [0x00000000eab00000, 0x00000000ebe00000, 0x0000000100000000)
  eden space 14848K, 100% used [0x00000000eab00000,0x00000000eb980000,0x00000000eb980000)
  from space 512K, 37% used [0x00000000ebd80000,0x00000000ebdb0000,0x00000000ebe00000)
  to   space 512K, 0% used [0x00000000ebd00000,0x00000000ebd00000,0x00000000ebd80000)
 ParOldGen       total 368128K, used 357502K [0x00000000c0000000, 0x00000000d6780000, 0x00000000eab00000)
  object space 368128K, 97% used [0x00000000c0000000,0x00000000d5d1fa70,0x00000000d6780000)
 Metaspace       used 102596K, committed 104320K, reserved 1179648K
  class space    used 10662K, committed 11456K, reserved 1048576K
}
Event: 309.627 GC heap after
{Heap after GC invocations=1770 (full 35):
 PSYoungGen      total 15360K, used 224K [0x00000000eab00000, 0x00000000ebe00000, 0x0000000100000000)
  eden space 14848K, 0% used [0x00000000eab00000,0x00000000eab00000,0x00000000eb980000)
  from space 512K, 43% used [0x00000000ebd00000,0x00000000ebd38000,0x00000000ebd80000)
  to   space 512K, 0% used [0x00000000ebd80000,0x00000000ebd80000,0x00000000ebe00000)
 ParOldGen       total 368128K, used 357550K [0x00000000c0000000, 0x00000000d6780000, 0x00000000eab00000)
  object space 368128K, 97% used [0x00000000c0000000,0x00000000d5d2ba70,0x00000000d6780000)
 Metaspace       used 102596K, committed 104320K, reserved 1179648K
  class space    used 10662K, committed 11456K, reserved 1048576K
}
Event: 309.640 GC heap before
{Heap before GC invocations=1771 (full 35):
 PSYoungGen      total 15360K, used 15072K [0x00000000eab00000, 0x00000000ebe00000, 0x0000000100000000)
  eden space 14848K, 100% used [0x00000000eab00000,0x00000000eb980000,0x00000000eb980000)
  from space 512K, 43% used [0x00000000ebd00000,0x00000000ebd38000,0x00000000ebd80000)
  to   space 512K, 0% used [0x00000000ebd80000,0x00000000ebd80000,0x00000000ebe00000)
 ParOldGen       total 368128K, used 357550K [0x00000000c0000000, 0x00000000d6780000, 0x00000000eab00000)
  object space 368128K, 97% used [0x00000000c0000000,0x00000000d5d2ba70,0x00000000d6780000)
 Metaspace       used 102596K, committed 104320K, reserved 1179648K
  class space    used 10662K, committed 11456K, reserved 1048576K
}
Event: 309.641 GC heap after
{Heap after GC invocations=1771 (full 35):
 PSYoungGen      total 15360K, used 512K [0x00000000eab00000, 0x00000000ebe00000, 0x0000000100000000)
  eden space 14848K, 0% used [0x00000000eab00000,0x00000000eab00000,0x00000000eb980000)
  from space 512K, 100% used [0x00000000ebd80000,0x00000000ebe00000,0x00000000ebe00000)
  to   space 1024K, 0% used [0x00000000ebc00000,0x00000000ebc00000,0x00000000ebd00000)
 ParOldGen       total 368128K, used 357614K [0x00000000c0000000, 0x00000000d6780000, 0x00000000eab00000)
  object space 368128K, 97% used [0x00000000c0000000,0x00000000d5d3ba70,0x00000000d6780000)
 Metaspace       used 102596K, committed 104320K, reserved 1179648K
  class space    used 10662K, committed 11456K, reserved 1048576K
}
Event: 309.653 GC heap before
{Heap before GC invocations=1772 (full 35):
 PSYoungGen      total 15360K, used 15360K [0x00000000eab00000, 0x00000000ebe00000, 0x0000000100000000)
  eden space 14848K, 100% used [0x00000000eab00000,0x00000000eb980000,0x00000000eb980000)
  from space 512K, 100% used [0x00000000ebd80000,0x00000000ebe00000,0x00000000ebe00000)
  to   space 1024K, 0% used [0x00000000ebc00000,0x00000000ebc00000,0x00000000ebd00000)
 ParOldGen       total 368128K, used 357614K [0x00000000c0000000, 0x00000000d6780000, 0x00000000eab00000)
  object space 368128K, 97% used [0x00000000c0000000,0x00000000d5d3ba70,0x00000000d6780000)
 Metaspace       used 102596K, committed 104320K, reserved 1179648K
  class space    used 10662K, committed 11456K, reserved 1048576K
}
Event: 309.654 GC heap after
{Heap after GC invocations=1772 (full 35):
 PSYoungGen      total 15872K, used 320K [0x00000000eab00000, 0x00000000ebe00000, 0x0000000100000000)
  eden space 14848K, 0% used [0x00000000eab00000,0x00000000eab00000,0x00000000eb980000)
  from space 1024K, 31% used [0x00000000ebc00000,0x00000000ebc50000,0x00000000ebd00000)
  to   space 512K, 0% used [0x00000000ebd80000,0x00000000ebd80000,0x00000000ebe00000)
 ParOldGen       total 368128K, used 358086K [0x00000000c0000000, 0x00000000d6780000, 0x00000000eab00000)
  object space 368128K, 97% used [0x00000000c0000000,0x00000000d5db1a80,0x00000000d6780000)
 Metaspace       used 102596K, committed 104320K, reserved 1179648K
  class space    used 10662K, committed 11456K, reserved 1048576K
}
Event: 309.668 GC heap before
{Heap before GC invocations=1773 (full 35):
 PSYoungGen      total 15872K, used 15168K [0x00000000eab00000, 0x00000000ebe00000, 0x0000000100000000)
  eden space 14848K, 100% used [0x00000000eab00000,0x00000000eb980000,0x00000000eb980000)
  from space 1024K, 31% used [0x00000000ebc00000,0x00000000ebc50000,0x00000000ebd00000)
  to   space 512K, 0% used [0x00000000ebd80000,0x00000000ebd80000,0x00000000ebe00000)
 ParOldGen       total 368128K, used 358086K [0x00000000c0000000, 0x00000000d6780000, 0x00000000eab00000)
  object space 368128K, 97% used [0x00000000c0000000,0x00000000d5db1a80,0x00000000d6780000)
 Metaspace       used 102596K, committed 104320K, reserved 1179648K
  class space    used 10662K, committed 11456K, reserved 1048576K
}
Event: 309.669 GC heap after
{Heap after GC invocations=1773 (full 35):
 PSYoungGen      total 15360K, used 494K [0x00000000eab00000, 0x00000000ebe00000, 0x0000000100000000)
  eden space 14848K, 0% used [0x00000000eab00000,0x00000000eab00000,0x00000000eb980000)
  from space 512K, 96% used [0x00000000ebd80000,0x00000000ebdfb838,0x00000000ebe00000)
  to   space 1024K, 0% used [0x00000000ebc00000,0x00000000ebc00000,0x00000000ebd00000)
 ParOldGen       total 368128K, used 358366K [0x00000000c0000000, 0x00000000d6780000, 0x00000000eab00000)
  object space 368128K, 97% used [0x00000000c0000000,0x00000000d5df7a80,0x00000000d6780000)
 Metaspace       used 102596K, committed 104320K, reserved 1179648K
  class space    used 10662K, committed 11456K, reserved 1048576K
}
Event: 309.686 GC heap before
{Heap before GC invocations=1774 (full 35):
 PSYoungGen      total 15360K, used 15342K [0x00000000eab00000, 0x00000000ebe00000, 0x0000000100000000)
  eden space 14848K, 100% used [0x00000000eab00000,0x00000000eb980000,0x00000000eb980000)
  from space 512K, 96% used [0x00000000ebd80000,0x00000000ebdfb838,0x00000000ebe00000)
  to   space 1024K, 0% used [0x00000000ebc00000,0x00000000ebc00000,0x00000000ebd00000)
 ParOldGen       total 368128K, used 358366K [0x00000000c0000000, 0x00000000d6780000, 0x00000000eab00000)
  object space 368128K, 97% used [0x00000000c0000000,0x00000000d5df7a80,0x00000000d6780000)
 Metaspace       used 102596K, committed 104320K, reserved 1179648K
  class space    used 10662K, committed 11456K, reserved 1048576K
}
Event: 309.687 GC heap after
{Heap after GC invocations=1774 (full 35):
 PSYoungGen      total 15872K, used 336K [0x00000000eab00000, 0x00000000ebe00000, 0x0000000100000000)
  eden space 14848K, 0% used [0x00000000eab00000,0x00000000eab00000,0x00000000eb980000)
  from space 1024K, 32% used [0x00000000ebc00000,0x00000000ebc543d8,0x00000000ebd00000)
  to   space 512K, 0% used [0x00000000ebd80000,0x00000000ebd80000,0x00000000ebe00000)
 ParOldGen       total 368128K, used 358398K [0x00000000c0000000, 0x00000000d6780000, 0x00000000eab00000)
  object space 368128K, 97% used [0x00000000c0000000,0x00000000d5dffa80,0x00000000d6780000)
 Metaspace       used 102596K, committed 104320K, reserved 1179648K
  class space    used 10662K, committed 11456K, reserved 1048576K
}
Event: 309.706 GC heap before
{Heap before GC invocations=1775 (full 35):
 PSYoungGen      total 15872K, used 15184K [0x00000000eab00000, 0x00000000ebe00000, 0x0000000100000000)
  eden space 14848K, 100% used [0x00000000eab00000,0x00000000eb980000,0x00000000eb980000)
  from space 1024K, 32% used [0x00000000ebc00000,0x00000000ebc543d8,0x00000000ebd00000)
  to   space 512K, 0% used [0x00000000ebd80000,0x00000000ebd80000,0x00000000ebe00000)
 ParOldGen       total 368128K, used 358398K [0x00000000c0000000, 0x00000000d6780000, 0x00000000eab00000)
  object space 368128K, 97% used [0x00000000c0000000,0x00000000d5dffa80,0x00000000d6780000)
 Metaspace       used 102596K, committed 104320K, reserved 1179648K
  class space    used 10662K, committed 11456K, reserved 1048576K
}
Event: 309.707 GC heap after
{Heap after GC invocations=1775 (full 35):
 PSYoungGen      total 15360K, used 349K [0x00000000eab00000, 0x00000000ebe00000, 0x0000000100000000)
  eden space 14848K, 0% used [0x00000000eab00000,0x00000000eab00000,0x00000000eb980000)
  from space 512K, 68% used [0x00000000ebd80000,0x00000000ebdd7698,0x00000000ebe00000)
  to   space 512K, 0% used [0x00000000ebd00000,0x00000000ebd00000,0x00000000ebd80000)
 ParOldGen       total 368128K, used 358454K [0x00000000c0000000, 0x00000000d6780000, 0x00000000eab00000)
  object space 368128K, 97% used [0x00000000c0000000,0x00000000d5e0da80,0x00000000d6780000)
 Metaspace       used 102596K, committed 104320K, reserved 1179648K
  class space    used 10662K, committed 11456K, reserved 1048576K
}
Event: 309.725 GC heap before
{Heap before GC invocations=1776 (full 35):
 PSYoungGen      total 15360K, used 15197K [0x00000000eab00000, 0x00000000ebe00000, 0x0000000100000000)
  eden space 14848K, 100% used [0x00000000eab00000,0x00000000eb980000,0x00000000eb980000)
  from space 512K, 68% used [0x00000000ebd80000,0x00000000ebdd7698,0x00000000ebe00000)
  to   space 512K, 0% used [0x00000000ebd00000,0x00000000ebd00000,0x00000000ebd80000)
 ParOldGen       total 368128K, used 358454K [0x00000000c0000000, 0x00000000d6780000, 0x00000000eab00000)
  object space 368128K, 97% used [0x00000000c0000000,0x00000000d5e0da80,0x00000000d6780000)
 Metaspace       used 102596K, committed 104320K, reserved 1179648K
  class space    used 10662K, committed 11456K, reserved 1048576K
}
Event: 309.726 GC heap after
{Heap after GC invocations=1776 (full 35):
 PSYoungGen      total 15360K, used 224K [0x00000000eab00000, 0x00000000ebe00000, 0x0000000100000000)
  eden space 14848K, 0% used [0x00000000eab00000,0x00000000eab00000,0x00000000eb980000)
  from space 512K, 43% used [0x00000000ebd00000,0x00000000ebd38000,0x00000000ebd80000)
  to   space 512K, 0% used [0x00000000ebd80000,0x00000000ebd80000,0x00000000ebe00000)
 ParOldGen       total 368128K, used 358510K [0x00000000c0000000, 0x00000000d6780000, 0x00000000eab00000)
  object space 368128K, 97% used [0x00000000c0000000,0x00000000d5e1ba80,0x00000000d6780000)
 Metaspace       used 102596K, committed 104320K, reserved 1179648K
  class space    used 10662K, committed 11456K, reserved 1048576K
}
Event: 309.755 GC heap before
{Heap before GC invocations=1777 (full 35):
 PSYoungGen      total 15360K, used 15072K [0x00000000eab00000, 0x00000000ebe00000, 0x0000000100000000)
  eden space 14848K, 100% used [0x00000000eab00000,0x00000000eb980000,0x00000000eb980000)
  from space 512K, 43% used [0x00000000ebd00000,0x00000000ebd38000,0x00000000ebd80000)
  to   space 512K, 0% used [0x00000000ebd80000,0x00000000ebd80000,0x00000000ebe00000)
 ParOldGen       total 368128K, used 358510K [0x00000000c0000000, 0x00000000d6780000, 0x00000000eab00000)
  object space 368128K, 97% used [0x00000000c0000000,0x00000000d5e1ba80,0x00000000d6780000)
 Metaspace       used 102601K, committed 104320K, reserved 1179648K
  class space    used 10663K, committed 11456K, reserved 1048576K
}
Event: 309.758 GC heap after
{Heap after GC invocations=1777 (full 35):
 PSYoungGen      total 15360K, used 466K [0x00000000eab00000, 0x00000000ebe00000, 0x0000000100000000)
  eden space 14848K, 0% used [0x00000000eab00000,0x00000000eab00000,0x00000000eb980000)
  from space 512K, 91% used [0x00000000ebd80000,0x00000000ebdf4800,0x00000000ebe00000)
  to   space 512K, 0% used [0x00000000ebd00000,0x00000000ebd00000,0x00000000ebd80000)
 ParOldGen       total 368128K, used 358574K [0x00000000c0000000, 0x00000000d6780000, 0x00000000eab00000)
  object space 368128K, 97% used [0x00000000c0000000,0x00000000d5e2ba80,0x00000000d6780000)
 Metaspace       used 102601K, committed 104320K, reserved 1179648K
  class space    used 10663K, committed 11456K, reserved 1048576K
}
Event: 309.797 GC heap before
{Heap before GC invocations=1778 (full 35):
 PSYoungGen      total 15360K, used 15289K [0x00000000eab00000, 0x00000000ebe00000, 0x0000000100000000)
  eden space 14848K, 99% used [0x00000000eab00000,0x00000000eb979fe0,0x00000000eb980000)
  from space 512K, 91% used [0x00000000ebd80000,0x00000000ebdf4800,0x00000000ebe00000)
  to   space 512K, 0% used [0x00000000ebd00000,0x00000000ebd00000,0x00000000ebd80000)
 ParOldGen       total 368128K, used 358574K [0x00000000c0000000, 0x00000000d6780000, 0x00000000eab00000)
  object space 368128K, 97% used [0x00000000c0000000,0x00000000d5e2ba80,0x00000000d6780000)
 Metaspace       used 102614K, committed 104384K, reserved 1179648K
  class space    used 10664K, committed 11456K, reserved 1048576K
}
Event: 309.798 GC heap after
{Heap after GC invocations=1778 (full 35):
 PSYoungGen      total 15360K, used 433K [0x00000000eab00000, 0x00000000ebe00000, 0x0000000100000000)
  eden space 14848K, 0% used [0x00000000eab00000,0x00000000eab00000,0x00000000eb980000)
  from space 512K, 84% used [0x00000000ebd00000,0x00000000ebd6c738,0x00000000ebd80000)
  to   space 512K, 0% used [0x00000000ebd80000,0x00000000ebd80000,0x00000000ebe00000)
 ParOldGen       total 368128K, used 358775K [0x00000000c0000000, 0x00000000d6780000, 0x00000000eab00000)
  object space 368128K, 97% used [0x00000000c0000000,0x00000000d5e5de80,0x00000000d6780000)
 Metaspace       used 102614K, committed 104384K, reserved 1179648K
  class space    used 10664K, committed 11456K, reserved 1048576K
}
Event: 309.833 GC heap before
{Heap before GC invocations=1779 (full 35):
 PSYoungGen      total 15360K, used 15281K [0x00000000eab00000, 0x00000000ebe00000, 0x0000000100000000)
  eden space 14848K, 100% used [0x00000000eab00000,0x00000000eb980000,0x00000000eb980000)
  from space 512K, 84% used [0x00000000ebd00000,0x00000000ebd6c738,0x00000000ebd80000)
  to   space 512K, 0% used [0x00000000ebd80000,0x00000000ebd80000,0x00000000ebe00000)
 ParOldGen       total 368128K, used 358775K [0x00000000c0000000, 0x00000000d6780000, 0x00000000eab00000)
  object space 368128K, 97% used [0x00000000c0000000,0x00000000d5e5de80,0x00000000d6780000)
 Metaspace       used 102618K, committed 104384K, reserved 1179648K
  class space    used 10665K, committed 11456K, reserved 1048576K
}
Event: 309.835 GC heap after
{Heap after GC invocations=1779 (full 35):
 PSYoungGen      total 15360K, used 510K [0x00000000eab00000, 0x00000000ebf80000, 0x0000000100000000)
  eden space 14848K, 0% used [0x00000000eab00000,0x00000000eab00000,0x00000000eb980000)
  from space 512K, 99% used [0x00000000ebd80000,0x00000000ebdffa40,0x00000000ebe00000)
  to   space 3072K, 0% used [0x00000000eb980000,0x00000000eb980000,0x00000000ebc80000)
 ParOldGen       total 368128K, used 360631K [0x00000000c0000000, 0x00000000d6780000, 0x00000000eab00000)
  object space 368128K, 97% used [0x00000000c0000000,0x00000000d602ddc0,0x00000000d6780000)
 Metaspace       used 102618K, committed 104384K, reserved 1179648K
  class space    used 10665K, committed 11456K, reserved 1048576K
}

Dll operation events (14 events):
Event: 0.005 Loaded shared library c:\Users\Admin\.vscode\extensions\redhat.java-1.35.0-win32-x64\jre\17.0.12-win32-x86_64\bin\java.dll
Event: 0.154 Loaded shared library c:\Users\Admin\.vscode\extensions\redhat.java-1.35.0-win32-x64\jre\17.0.12-win32-x86_64\bin\zip.dll
Event: 0.157 Loaded shared library C:\Users\Admin\.vscode\extensions\redhat.java-1.35.0-win32-x64\jre\17.0.12-win32-x86_64\bin\instrument.dll
Event: 0.170 Loaded shared library C:\Users\Admin\.vscode\extensions\redhat.java-1.35.0-win32-x64\jre\17.0.12-win32-x86_64\bin\net.dll
Event: 0.172 Loaded shared library C:\Users\Admin\.vscode\extensions\redhat.java-1.35.0-win32-x64\jre\17.0.12-win32-x86_64\bin\nio.dll
Event: 0.179 Loaded shared library C:\Users\Admin\.vscode\extensions\redhat.java-1.35.0-win32-x64\jre\17.0.12-win32-x86_64\bin\zip.dll
Event: 0.193 Loaded shared library C:\Users\Admin\.vscode\extensions\redhat.java-1.35.0-win32-x64\jre\17.0.12-win32-x86_64\bin\jimage.dll
Event: 0.232 Loaded shared library c:\Users\Admin\.vscode\extensions\redhat.java-1.35.0-win32-x64\jre\17.0.12-win32-x86_64\bin\verify.dll
Event: 1.190 Loaded shared library C:\Users\Admin\AppData\Roaming\Code\User\globalStorage\redhat.java\1.35.0\config_win\org.eclipse.equinox.launcher\org.eclipse.equinox.launcher.win32.win32.x86_64_1.2.1100.v20240722-2106\eclipse_11904.dll
Event: 2.012 Loaded shared library C:\Users\Admin\.vscode\extensions\redhat.java-1.35.0-win32-x64\jre\17.0.12-win32-x86_64\bin\management.dll
Event: 2.013 Loaded shared library C:\Users\Admin\.vscode\extensions\redhat.java-1.35.0-win32-x64\jre\17.0.12-win32-x86_64\bin\management_ext.dll
Event: 3.068 Loaded shared library C:\Users\Admin\AppData\Local\Temp\jna-63116079\jna8228978558584877240.dll
Event: 4.092 Loaded shared library C:\Users\Admin\.vscode\extensions\redhat.java-1.35.0-win32-x64\jre\17.0.12-win32-x86_64\bin\sunmscapi.dll
Event: 4.138 Loaded shared library C:\Users\Admin\.vscode\extensions\redhat.java-1.35.0-win32-x64\jre\17.0.12-win32-x86_64\bin\extnet.dll

Deoptimization events (20 events):
Event: 309.254 Thread 0x000001a097f24a00 Uncommon trap: trap_request=0xffffffde fr.pc=0x000001a0889f9ca4 relative=0x00000000000003e4
Event: 309.254 Thread 0x000001a097f24a00 Uncommon trap: reason=class_check action=maybe_recompile pc=0x000001a0889f9ca4 method=java.util.HashMap.removeNode(ILjava/lang/Object;Ljava/lang/Object;ZZ)Ljava/util/HashMap$Node; @ 143 c2
Event: 309.254 Thread 0x000001a097f24a00 DEOPT PACKING pc=0x000001a0889f9ca4 sp=0x00000009e32fe380
Event: 309.254 Thread 0x000001a097f24a00 DEOPT UNPACKING pc=0x000001a0875866a3 sp=0x00000009e32fe2e8 mode 2
Event: 309.300 Thread 0x000001a097f24a00 Uncommon trap: trap_request=0xffffff45 fr.pc=0x000001a0883ca774 relative=0x0000000000003f74
Event: 309.300 Thread 0x000001a097f24a00 Uncommon trap: reason=unstable_if action=reinterpret pc=0x000001a0883ca774 method=com.google.gson.internal.bind.TypeAdapterRuntimeTypeWrapper.write(Lcom/google/gson/stream/JsonWriter;Ljava/lang/Object;)V @ 43 c2
Event: 309.300 Thread 0x000001a097f24a00 DEOPT PACKING pc=0x000001a0883ca774 sp=0x00000009e32fde90
Event: 309.300 Thread 0x000001a097f24a00 DEOPT UNPACKING pc=0x000001a0875866a3 sp=0x00000009e32fde28 mode 2
Event: 309.343 Thread 0x000001a097f24a00 Uncommon trap: trap_request=0xffffffbe fr.pc=0x000001a08862cc74 relative=0x0000000000000894
Event: 309.343 Thread 0x000001a097f24a00 Uncommon trap: reason=profile_predicate action=maybe_recompile pc=0x000001a08862cc74 method=java.util.TimSort.gallopLeft(Ljava/lang/Object;[Ljava/lang/Object;IIILjava/util/Comparator;)I @ 263 c2
Event: 309.343 Thread 0x000001a097f24a00 DEOPT PACKING pc=0x000001a08862cc74 sp=0x00000009e32fdfd0
Event: 309.343 Thread 0x000001a097f24a00 DEOPT UNPACKING pc=0x000001a0875866a3 sp=0x00000009e32fdf68 mode 2
Event: 309.349 Thread 0x000001a097f24a00 Uncommon trap: trap_request=0xffffffbe fr.pc=0x000001a08862cc74 relative=0x0000000000000894
Event: 309.349 Thread 0x000001a097f24a00 Uncommon trap: reason=profile_predicate action=maybe_recompile pc=0x000001a08862cc74 method=java.util.TimSort.gallopLeft(Ljava/lang/Object;[Ljava/lang/Object;IIILjava/util/Comparator;)I @ 263 c2
Event: 309.349 Thread 0x000001a097f24a00 DEOPT PACKING pc=0x000001a08862cc74 sp=0x00000009e32fdfd0
Event: 309.349 Thread 0x000001a097f24a00 DEOPT UNPACKING pc=0x000001a0875866a3 sp=0x00000009e32fdf68 mode 2
Event: 309.488 Thread 0x000001a097f24a00 Uncommon trap: trap_request=0xffffff6e fr.pc=0x000001a088bbf898 relative=0x0000000000000af8
Event: 309.488 Thread 0x000001a097f24a00 Uncommon trap: reason=loop_limit_check action=maybe_recompile pc=0x000001a088bbf898 method=org.eclipse.jdt.internal.core.util.HashtableOfArrayToObject.rehash()V @ 50 c2
Event: 309.488 Thread 0x000001a097f24a00 DEOPT PACKING pc=0x000001a088bbf898 sp=0x00000009e32fe4a0
Event: 309.488 Thread 0x000001a097f24a00 DEOPT UNPACKING pc=0x000001a0875866a3 sp=0x00000009e32fe460 mode 2

Classes loaded (20 events):
Event: 145.556 Loading class java/util/concurrent/LinkedBlockingQueue$Itr
Event: 145.557 Loading class java/util/concurrent/LinkedBlockingQueue$Itr done
Event: 147.092 Loading class javax/xml/transform/TransformerConfigurationException
Event: 147.093 Loading class javax/xml/transform/TransformerConfigurationException done
Event: 308.815 Loading class java/util/HashMap$UnsafeHolder
Event: 308.815 Loading class java/util/HashMap$UnsafeHolder done
Event: 308.816 Loading class java/io/ObjectStreamClass$RecordSupport
Event: 308.816 Loading class java/io/ObjectStreamClass$RecordSupport done
Event: 308.817 Loading class java/io/ObjectStreamClass$DeserializationConstructorsCache$Key$Lookup
Event: 308.817 Loading class java/io/ObjectStreamClass$DeserializationConstructorsCache$Key
Event: 308.817 Loading class java/io/ObjectStreamClass$DeserializationConstructorsCache$Key done
Event: 308.817 Loading class java/io/ObjectStreamClass$DeserializationConstructorsCache$Key$Lookup done
Event: 308.817 Loading class java/lang/invoke/MethodHandleImpl$BindCaller
Event: 308.818 Loading class java/lang/invoke/MethodHandleImpl$BindCaller done
Event: 308.818 Loading class java/lang/invoke/MethodHandleImpl$BindCaller$1
Event: 308.818 Loading class java/lang/invoke/MethodHandleImpl$BindCaller$1 done
Event: 308.821 Loading class java/lang/invoke/BoundMethodHandle$Species_LIL
Event: 308.821 Loading class java/lang/invoke/BoundMethodHandle$Species_LIL done
Event: 308.823 Loading class java/io/ObjectStreamClass$DeserializationConstructorsCache$Key$Impl
Event: 308.823 Loading class java/io/ObjectStreamClass$DeserializationConstructorsCache$Key$Impl done

Classes unloaded (20 events):
Event: 308.440 Thread 0x000001a0fc3ec000 Unloading class 0x00000001008e1d38 'org/apache/maven/shared/filtering/MavenReaderFilterRequest'
Event: 308.440 Thread 0x000001a0fc3ec000 Unloading class 0x00000001008e1a28 'org/apache/maven/shared/filtering/MavenFileFilterRequest'
Event: 308.440 Thread 0x000001a0fc3ec000 Unloading class 0x00000001008e1830 'org/codehaus/plexus/interpolation/Interpolator'
Event: 308.440 Thread 0x000001a0fc3ec000 Unloading class 0x00000001008e1638 'org/codehaus/plexus/interpolation/BasicInterpolator'
Event: 308.440 Thread 0x000001a0fc3ec000 Unloading class 0x00000001008e1440 'org/codehaus/plexus/interpolation/ValueSource'
Event: 308.440 Thread 0x000001a0fc3ec000 Unloading class 0x00000001008e1080 'org/apache/maven/shared/filtering/MavenResourcesExecution'
Event: 308.440 Thread 0x000001a0fc3ec000 Unloading class 0x00000001008e0db0 'org/apache/maven/shared/filtering/AbstractMavenFilteringRequest'
Event: 308.440 Thread 0x000001a0fc3ec000 Unloading class 0x00000001008e0b58 'org/apache/maven/shared/filtering/MavenFilteringException'
Event: 308.440 Thread 0x000001a0fc3ec000 Unloading class 0x00000001008e0910 'org/apache/maven/shared/filtering/DefaultMavenResourcesFiltering'
Event: 308.440 Thread 0x000001a0fc3ec000 Unloading class 0x00000001008e0718 'org/apache/maven/shared/filtering/MavenResourcesFiltering'
Event: 308.440 Thread 0x000001a0fc3ec000 Unloading class 0x00000001008e0490 'org/apache/maven/shared/filtering/DefaultMavenReaderFilter'
Event: 308.440 Thread 0x000001a0fc3ec000 Unloading class 0x00000001008e0298 'org/apache/maven/shared/filtering/MavenReaderFilter'
Event: 308.440 Thread 0x000001a0fc3ec000 Unloading class 0x00000001008e0000 'org/apache/maven/shared/filtering/DefaultMavenFileFilter'
Event: 308.440 Thread 0x000001a0fc3ec000 Unloading class 0x00000001008d9c80 'org/apache/maven/shared/filtering/BaseFilter'
Event: 308.440 Thread 0x000001a0fc3ec000 Unloading class 0x00000001008d9a88 'org/apache/maven/shared/filtering/MavenFileFilter'
Event: 308.440 Thread 0x000001a0fc3ec000 Unloading class 0x00000001008d9890 'org/apache/maven/shared/filtering/DefaultFilterInfo'
Event: 308.440 Thread 0x000001a0fc3ec000 Unloading class 0x00000001008d9588 'org/apache/maven/plugins/resources/TestResourcesMojo'
Event: 308.440 Thread 0x000001a0fc3ec000 Unloading class 0x00000001008d9308 'org/apache/maven/plugins/maven_resources_plugin/HelpMojo'
Event: 308.440 Thread 0x000001a0fc3ec000 Unloading class 0x00000001008d9000 'org/apache/maven/plugins/resources/CopyResourcesMojo'
Event: 308.440 Thread 0x000001a0fc3ec000 Unloading class 0x00000001008d8c00 'org/apache/maven/plugins/resources/ResourcesMojo'

Classes redefined (0 events):
No events

Internal exceptions (20 events):
Event: 309.152 Thread 0x000001a097f24a00 Exception <a 'sun/nio/fs/WindowsException'{0x00000000eae30640}> (0x00000000eae30640) 
thrown [s\src\hotspot\share\prims\jni.cpp, line 516]
Event: 309.152 Thread 0x000001a097f24a00 Exception <a 'sun/nio/fs/WindowsException'{0x00000000eae31000}> (0x00000000eae31000) 
thrown [s\src\hotspot\share\prims\jni.cpp, line 516]
Event: 309.155 Thread 0x000001a097f24a00 Exception <a 'sun/nio/fs/WindowsException'{0x00000000eaedf618}> (0x00000000eaedf618) 
thrown [s\src\hotspot\share\prims\jni.cpp, line 516]
Event: 309.155 Thread 0x000001a097f24a00 Exception <a 'sun/nio/fs/WindowsException'{0x00000000eaedffd8}> (0x00000000eaedffd8) 
thrown [s\src\hotspot\share\prims\jni.cpp, line 516]
Event: 309.253 Thread 0x000001a097f24a00 Exception <a 'sun/nio/fs/WindowsException'{0x00000000eaf00ee0}> (0x00000000eaf00ee0) 
thrown [s\src\hotspot\share\prims\jni.cpp, line 516]
Event: 309.253 Thread 0x000001a097f24a00 Exception <a 'sun/nio/fs/WindowsException'{0x00000000eaf018a0}> (0x00000000eaf018a0) 
thrown [s\src\hotspot\share\prims\jni.cpp, line 516]
Event: 309.271 Thread 0x000001a097725210 Exception <a 'sun/nio/fs/WindowsException'{0x00000000eac06ca0}> (0x00000000eac06ca0) 
thrown [s\src\hotspot\share\prims\jni.cpp, line 516]
Event: 309.551 Thread 0x000001a097725210 Exception <a 'sun/nio/fs/WindowsException'{0x00000000eb94adb8}> (0x00000000eb94adb8) 
thrown [s\src\hotspot\share\prims\jni.cpp, line 516]
Event: 309.790 Thread 0x000001a09786d840 Exception <a 'sun/nio/fs/WindowsException'{0x00000000eb83fd68}> (0x00000000eb83fd68) 
thrown [s\src\hotspot\share\prims\jni.cpp, line 516]
Event: 309.790 Thread 0x000001a09786d840 Exception <a 'sun/nio/fs/WindowsException'{0x00000000eb865938}> (0x00000000eb865938) 
thrown [s\src\hotspot\share\prims\jni.cpp, line 516]
Event: 309.790 Thread 0x000001a097872940 Exception <a 'sun/nio/fs/WindowsException'{0x00000000eb841710}> (0x00000000eb841710) 
thrown [s\src\hotspot\share\prims\jni.cpp, line 516]
Event: 309.790 Thread 0x000001a097872940 Exception <a 'sun/nio/fs/WindowsException'{0x00000000eb841e48}> (0x00000000eb841e48) 
thrown [s\src\hotspot\share\prims\jni.cpp, line 516]
Event: 309.800 Thread 0x000001a097f24a00 Exception <a 'sun/nio/fs/WindowsException'{0x00000000eab25208}> (0x00000000eab25208) 
thrown [s\src\hotspot\share\prims\jni.cpp, line 516]
Event: 309.800 Thread 0x000001a097f24a00 Exception <a 'sun/nio/fs/WindowsException'{0x00000000eab25920}> (0x00000000eab25920) 
thrown [s\src\hotspot\share\prims\jni.cpp, line 516]
Event: 309.800 Thread 0x000001a097f24a00 Exception <a 'sun/nio/fs/WindowsException'{0x00000000eab26668}> (0x00000000eab26668) 
thrown [s\src\hotspot\share\prims\jni.cpp, line 516]
Event: 309.800 Thread 0x000001a097f24a00 Exception <a 'sun/nio/fs/WindowsException'{0x00000000eab26d80}> (0x00000000eab26d80) 
thrown [s\src\hotspot\share\prims\jni.cpp, line 516]
Event: 309.800 Thread 0x000001a097f24a00 Exception <a 'sun/nio/fs/WindowsException'{0x00000000eab28550}> (0x00000000eab28550) 
thrown [s\src\hotspot\share\prims\jni.cpp, line 516]
Event: 309.800 Thread 0x000001a097f24a00 Exception <a 'sun/nio/fs/WindowsException'{0x00000000eab28c68}> (0x00000000eab28c68) 
thrown [s\src\hotspot\share\prims\jni.cpp, line 516]
Event: 309.802 Thread 0x000001a097f24a00 Exception <a 'sun/nio/fs/WindowsException'{0x00000000eab4b800}> (0x00000000eab4b800) 
thrown [s\src\hotspot\share\prims\jni.cpp, line 516]
Event: 309.802 Thread 0x000001a097f24a00 Exception <a 'sun/nio/fs/WindowsException'{0x00000000eab4bf18}> (0x00000000eab4bf18) 
thrown [s\src\hotspot\share\prims\jni.cpp, line 516]

VM Operations (20 events):
Event: 309.626 Executing VM operation: ParallelGCFailedAllocation
Event: 309.627 Executing VM operation: ParallelGCFailedAllocation done
Event: 309.640 Executing VM operation: ParallelGCFailedAllocation
Event: 309.641 Executing VM operation: ParallelGCFailedAllocation done
Event: 309.653 Executing VM operation: ParallelGCFailedAllocation
Event: 309.654 Executing VM operation: ParallelGCFailedAllocation done
Event: 309.668 Executing VM operation: ParallelGCFailedAllocation
Event: 309.669 Executing VM operation: ParallelGCFailedAllocation done
Event: 309.686 Executing VM operation: ParallelGCFailedAllocation
Event: 309.687 Executing VM operation: ParallelGCFailedAllocation done
Event: 309.706 Executing VM operation: ParallelGCFailedAllocation
Event: 309.707 Executing VM operation: ParallelGCFailedAllocation done
Event: 309.725 Executing VM operation: ParallelGCFailedAllocation
Event: 309.726 Executing VM operation: ParallelGCFailedAllocation done
Event: 309.755 Executing VM operation: ParallelGCFailedAllocation
Event: 309.758 Executing VM operation: ParallelGCFailedAllocation done
Event: 309.796 Executing VM operation: ParallelGCFailedAllocation
Event: 309.798 Executing VM operation: ParallelGCFailedAllocation done
Event: 309.833 Executing VM operation: ParallelGCFailedAllocation
Event: 309.835 Executing VM operation: ParallelGCFailedAllocation done

Events (20 events):
Event: 308.215 Thread 0x000001a09786f6a0 Thread added: 0x000001a09786f6a0
Event: 308.215 Thread 0x000001a09786d840 Thread added: 0x000001a09786d840
Event: 308.741 Thread 0x000001a09786f6a0 Thread exited: 0x000001a09786f6a0
Event: 308.741 Thread 0x000001a09786d840 Thread exited: 0x000001a09786d840
Event: 308.741 Thread 0x000001a09786ce20 Thread exited: 0x000001a09786ce20
Event: 308.741 Thread 0x000001a09786ec80 Thread exited: 0x000001a09786ec80
Event: 308.741 Thread 0x000001a097870ff0 Thread exited: 0x000001a097870ff0
Event: 309.171 Thread 0x000001a097872940 Thread added: 0x000001a097872940
Event: 309.172 Thread 0x000001a09786e770 Thread added: 0x000001a09786e770
Event: 309.172 Thread 0x000001a097870ff0 Thread added: 0x000001a097870ff0
Event: 309.172 Thread 0x000001a09786f6a0 Thread added: 0x000001a09786f6a0
Event: 309.172 Thread 0x000001a09786ec80 Thread added: 0x000001a09786ec80
Event: 309.186 Thread 0x000001a097872940 Thread exited: 0x000001a097872940
Event: 309.186 Thread 0x000001a09786ec80 Thread exited: 0x000001a09786ec80
Event: 309.186 Thread 0x000001a09786f6a0 Thread exited: 0x000001a09786f6a0
Event: 309.186 Thread 0x000001a09786e770 Thread exited: 0x000001a09786e770
Event: 309.186 Thread 0x000001a097870ff0 Thread exited: 0x000001a097870ff0
Event: 309.267 Thread 0x000001a09786d840 Thread added: 0x000001a09786d840
Event: 309.790 Thread 0x000001a097872940 Thread added: 0x000001a097872940
Event: 309.790 Thread 0x000001a097872e50 Thread added: 0x000001a097872e50


Dynamic libraries:
0x00007ff704930000 - 0x00007ff70493e000 	c:\Users\Admin\.vscode\extensions\redhat.java-1.35.0-win32-x64\jre\17.0.12-win32-x86_64\bin\java.exe
0x00007ffb474b0000 - 0x00007ffb476c7000 	C:\Windows\SYSTEM32\ntdll.dll
0x00007ffb46a90000 - 0x00007ffb46b54000 	C:\Windows\System32\KERNEL32.DLL
0x00007ffb44a70000 - 0x00007ffb44e16000 	C:\Windows\System32\KERNELBASE.dll
0x00007ffb450e0000 - 0x00007ffb451f1000 	C:\Windows\System32\ucrtbase.dll
0x00007ffb27430000 - 0x00007ffb27447000 	c:\Users\Admin\.vscode\extensions\redhat.java-1.35.0-win32-x64\jre\17.0.12-win32-x86_64\bin\jli.dll
0x00007ffaf4440000 - 0x00007ffaf445b000 	c:\Users\Admin\.vscode\extensions\redhat.java-1.35.0-win32-x64\jre\17.0.12-win32-x86_64\bin\VCRUNTIME140.dll
0x00007ffb471c0000 - 0x00007ffb4736e000 	C:\Windows\System32\USER32.dll
0x00007ffb31e50000 - 0x00007ffb320e3000 	C:\Windows\WinSxS\amd64_microsoft.windows.common-controls_6595b64144ccf1df_6.0.22621.2506_none_270c5ae97388e100\COMCTL32.dll
0x00007ffb44e20000 - 0x00007ffb44e46000 	C:\Windows\System32\win32u.dll
0x00007ffb46a60000 - 0x00007ffb46a89000 	C:\Windows\System32\GDI32.dll
0x00007ffb44860000 - 0x00007ffb44978000 	C:\Windows\System32\gdi32full.dll
0x00007ffb44e50000 - 0x00007ffb44eea000 	C:\Windows\System32\msvcp_win.dll
0x00007ffb46bf0000 - 0x00007ffb46c97000 	C:\Windows\System32\msvcrt.dll
0x00007ffb46ff0000 - 0x00007ffb47021000 	C:\Windows\System32\IMM32.DLL
0x00007ffb3bad0000 - 0x00007ffb3badc000 	c:\Users\Admin\.vscode\extensions\redhat.java-1.35.0-win32-x64\jre\17.0.12-win32-x86_64\bin\vcruntime140_1.dll
0x00007ffadfde0000 - 0x00007ffadfe6d000 	c:\Users\Admin\.vscode\extensions\redhat.java-1.35.0-win32-x64\jre\17.0.12-win32-x86_64\bin\msvcp140.dll
0x00007ffab79f0000 - 0x00007ffab865a000 	c:\Users\Admin\.vscode\extensions\redhat.java-1.35.0-win32-x64\jre\17.0.12-win32-x86_64\bin\server\jvm.dll
0x00007ffb465e0000 - 0x00007ffb46693000 	C:\Windows\System32\ADVAPI32.dll
0x00007ffb46ee0000 - 0x00007ffb46f88000 	C:\Windows\System32\sechost.dll
0x00007ffb44980000 - 0x00007ffb449a8000 	C:\Windows\System32\bcrypt.dll
0x00007ffb46490000 - 0x00007ffb465a7000 	C:\Windows\System32\RPCRT4.dll
0x00007ffb46b60000 - 0x00007ffb46bd1000 	C:\Windows\System32\WS2_32.dll
0x00007ffb43640000 - 0x00007ffb4368d000 	C:\Windows\SYSTEM32\POWRPROF.dll
0x00007ffb321d0000 - 0x00007ffb32204000 	C:\Windows\SYSTEM32\WINMM.dll
0x00007ffb3b8a0000 - 0x00007ffb3b8aa000 	C:\Windows\SYSTEM32\VERSION.dll
0x00007ffb43620000 - 0x00007ffb43633000 	C:\Windows\SYSTEM32\UMPDC.dll
0x00007ffb438e0000 - 0x00007ffb438f8000 	C:\Windows\SYSTEM32\kernel.appcore.dll
0x00007ffb35ab0000 - 0x00007ffb35aba000 	c:\Users\Admin\.vscode\extensions\redhat.java-1.35.0-win32-x64\jre\17.0.12-win32-x86_64\bin\jimage.dll
0x00007ffb41c40000 - 0x00007ffb41e73000 	C:\Windows\SYSTEM32\DBGHELP.DLL
0x00007ffb46100000 - 0x00007ffb46489000 	C:\Windows\System32\combase.dll
0x00007ffb466a0000 - 0x00007ffb46777000 	C:\Windows\System32\OLEAUT32.dll
0x00007ffb24f90000 - 0x00007ffb24fc2000 	C:\Windows\SYSTEM32\dbgcore.DLL
0x00007ffb44ef0000 - 0x00007ffb44f6a000 	C:\Windows\System32\bcryptPrimitives.dll
0x00007ffb34650000 - 0x00007ffb3465e000 	c:\Users\Admin\.vscode\extensions\redhat.java-1.35.0-win32-x64\jre\17.0.12-win32-x86_64\bin\instrument.dll
0x00007ffae0770000 - 0x00007ffae0795000 	c:\Users\Admin\.vscode\extensions\redhat.java-1.35.0-win32-x64\jre\17.0.12-win32-x86_64\bin\java.dll
0x00007ffae0480000 - 0x00007ffae0498000 	c:\Users\Admin\.vscode\extensions\redhat.java-1.35.0-win32-x64\jre\17.0.12-win32-x86_64\bin\zip.dll
0x00007ffb45200000 - 0x00007ffb45a5b000 	C:\Windows\System32\SHELL32.dll
0x00007ffb42700000 - 0x00007ffb42ff6000 	C:\Windows\SYSTEM32\windows.storage.dll
0x00007ffb425c0000 - 0x00007ffb426fe000 	C:\Windows\SYSTEM32\wintypes.dll
0x00007ffb47030000 - 0x00007ffb47123000 	C:\Windows\System32\SHCORE.dll
0x00007ffb46860000 - 0x00007ffb468be000 	C:\Windows\System32\shlwapi.dll
0x00007ffb44720000 - 0x00007ffb44746000 	C:\Windows\SYSTEM32\profapi.dll
0x00007ffadcf40000 - 0x00007ffadcf59000 	C:\Users\Admin\.vscode\extensions\redhat.java-1.35.0-win32-x64\jre\17.0.12-win32-x86_64\bin\net.dll
0x00007ffb3e660000 - 0x00007ffb3e797000 	C:\Windows\SYSTEM32\WINHTTP.dll
0x00007ffb43d50000 - 0x00007ffb43db9000 	C:\Windows\system32\mswsock.dll
0x00007ffadcf20000 - 0x00007ffadcf36000 	C:\Users\Admin\.vscode\extensions\redhat.java-1.35.0-win32-x64\jre\17.0.12-win32-x86_64\bin\nio.dll
0x00007ffb2c950000 - 0x00007ffb2c960000 	c:\Users\Admin\.vscode\extensions\redhat.java-1.35.0-win32-x64\jre\17.0.12-win32-x86_64\bin\verify.dll
0x00007ffad6cd0000 - 0x00007ffad6d15000 	C:\Users\Admin\AppData\Roaming\Code\User\globalStorage\redhat.java\1.35.0\config_win\org.eclipse.equinox.launcher\org.eclipse.equinox.launcher.win32.win32.x86_64_1.2.1100.v20240722-2106\eclipse_11904.dll
0x00007ffb468c0000 - 0x00007ffb46a60000 	C:\Windows\System32\ole32.dll
0x00007ffb2be70000 - 0x00007ffb2be79000 	C:\Users\Admin\.vscode\extensions\redhat.java-1.35.0-win32-x64\jre\17.0.12-win32-x86_64\bin\management.dll
0x00007ffb2bb70000 - 0x00007ffb2bb7b000 	C:\Users\Admin\.vscode\extensions\redhat.java-1.35.0-win32-x64\jre\17.0.12-win32-x86_64\bin\management_ext.dll
0x00007ffb46ca0000 - 0x00007ffb46ca8000 	C:\Windows\System32\PSAPI.DLL
0x00007ffb440a0000 - 0x00007ffb440bb000 	C:\Windows\SYSTEM32\CRYPTSP.dll
0x00007ffb43840000 - 0x00007ffb43875000 	C:\Windows\system32\rsaenh.dll
0x00007ffb43df0000 - 0x00007ffb43e1c000 	C:\Windows\SYSTEM32\USERENV.dll
0x00007ffb44080000 - 0x00007ffb4408c000 	C:\Windows\SYSTEM32\CRYPTBASE.dll
0x00007ffb43260000 - 0x00007ffb4328d000 	C:\Windows\SYSTEM32\IPHLPAPI.DLL
0x00007ffb46be0000 - 0x00007ffb46be9000 	C:\Windows\System32\NSI.dll
0x00007ffb3e5c0000 - 0x00007ffb3e5d9000 	C:\Windows\SYSTEM32\dhcpcsvc6.DLL
0x00007ffb3e5a0000 - 0x00007ffb3e5bf000 	C:\Windows\SYSTEM32\dhcpcsvc.DLL
0x00007ffb43320000 - 0x00007ffb43419000 	C:\Windows\SYSTEM32\DNSAPI.dll
0x00007ffad6950000 - 0x00007ffad6999000 	C:\Users\Admin\AppData\Local\Temp\jna-63116079\jna8228978558584877240.dll
0x00007ffb2b5f0000 - 0x00007ffb2b5fe000 	C:\Users\Admin\.vscode\extensions\redhat.java-1.35.0-win32-x64\jre\17.0.12-win32-x86_64\bin\sunmscapi.dll
0x00007ffb44f70000 - 0x00007ffb450d6000 	C:\Windows\System32\CRYPT32.dll
0x00007ffb441b0000 - 0x00007ffb441de000 	C:\Windows\SYSTEM32\ncrypt.dll
0x00007ffb44170000 - 0x00007ffb441a7000 	C:\Windows\SYSTEM32\NTASN1.dll
0x00007ffb3d4b0000 - 0x00007ffb3d4ba000 	C:\Windows\System32\rasadhlp.dll
0x00007ffb3dce0000 - 0x00007ffb3dd63000 	C:\Windows\System32\fwpuclnt.dll
0x00007ffb2b5e0000 - 0x00007ffb2b5e9000 	C:\Users\Admin\.vscode\extensions\redhat.java-1.35.0-win32-x64\jre\17.0.12-win32-x86_64\bin\extnet.dll
0x00007ffb43900000 - 0x00007ffb43934000 	C:\Windows\SYSTEM32\ntmarta.dll
0x00007ffb3bc50000 - 0x00007ffb3bc58000 	C:\Windows\system32\wshunix.dll

dbghelp: loaded successfully - version: 4.0.5 - missing functions: none
symbol engine: initialized successfully - sym options: 0x614 - pdb path: .;c:\Users\Admin\.vscode\extensions\redhat.java-1.35.0-win32-x64\jre\17.0.12-win32-x86_64\bin;C:\Windows\SYSTEM32;C:\Windows\WinSxS\amd64_microsoft.windows.common-controls_6595b64144ccf1df_6.0.22621.2506_none_270c5ae97388e100;c:\Users\Admin\.vscode\extensions\redhat.java-1.35.0-win32-x64\jre\17.0.12-win32-x86_64\bin\server;C:\Users\Admin\AppData\Roaming\Code\User\globalStorage\redhat.java\1.35.0\config_win\org.eclipse.equinox.launcher\org.eclipse.equinox.launcher.win32.win32.x86_64_1.2.1100.v20240722-2106;C:\Users\Admin\AppData\Local\Temp\jna-63116079

VM Arguments:
jvm_args: --add-modules=ALL-SYSTEM --add-opens=java.base/java.util=ALL-UNNAMED --add-opens=java.base/java.lang=ALL-UNNAMED --add-opens=java.base/sun.nio.fs=ALL-UNNAMED -Declipse.application=org.eclipse.jdt.ls.core.id1 -Dosgi.bundles.defaultStartLevel=4 -Declipse.product=org.eclipse.jdt.ls.core.product -Djava.import.generatesMetadataFilesAtProjectRoot=false -DDetectVMInstallationsJob.disabled=true -Dfile.encoding=utf8 -XX:+UseParallelGC -XX:GCTimeRatio=4 -XX:AdaptiveSizePolicyWeight=90 -Dsun.zip.disableMemoryMapping=true -Xmx1G -Xms100m -Xlog:disable -javaagent:c:\Users\Admin\.vscode\extensions\redhat.java-1.35.0-win32-x64\lombok\lombok-1.18.33.jar -XX:+HeapDumpOnOutOfMemoryError -XX:HeapDumpPath=c:\Users\Admin\AppData\Roaming\Code\User\workspaceStorage\eb20fc06d4a3b5e07cae54c0eea6be4b\redhat.java -Daether.dependencyCollector.impl=bf 
java_command: c:\Users\Admin\.vscode\extensions\redhat.java-1.35.0-win32-x64\server\plugins\org.eclipse.equinox.launcher_1.6.900.v20240613-2009.jar -configuration c:\Users\Admin\AppData\Roaming\Code\User\globalStorage\redhat.java\1.35.0\config_win -data c:\Users\Admin\AppData\Roaming\Code\User\workspaceStorage\eb20fc06d4a3b5e07cae54c0eea6be4b\redhat.java\jdt_ws --pipe=\\.\pipe\lsp-d8bbd17f13a5831f1ce6282d13c08462-sock
java_class_path (initial): c:\Users\Admin\.vscode\extensions\redhat.java-1.35.0-win32-x64\server\plugins\org.eclipse.equinox.launcher_1.6.900.v20240613-2009.jar
Launcher Type: SUN_STANDARD

[Global flags]
    uintx AdaptiveSizePolicyWeight                 = 90                                        {product} {command line}
     intx CICompilerCount                          = 4                                         {product} {ergonomic}
    uintx GCTimeRatio                              = 4                                         {product} {command line}
     bool HeapDumpOnOutOfMemoryError               = true                                   {manageable} {command line}
    ccstr HeapDumpPath                             = c:\Users\Admin\AppData\Roaming\Code\User\workspaceStorage\eb20fc06d4a3b5e07cae54c0eea6be4b\redhat.java         {manageable} {command line}
   size_t InitialHeapSize                          = 104857600                                 {product} {command line}
   size_t MaxHeapSize                              = 1073741824                                {product} {command line}
   size_t MaxNewSize                               = 357564416                                 {product} {ergonomic}
   size_t MinHeapDeltaBytes                        = 524288                                    {product} {ergonomic}
   size_t MinHeapSize                              = 104857600                                 {product} {command line}
   size_t NewSize                                  = 34603008                                  {product} {ergonomic}
    uintx NonNMethodCodeHeapSize                   = 5839372                                {pd product} {ergonomic}
    uintx NonProfiledCodeHeapSize                  = 122909434                              {pd product} {ergonomic}
   size_t OldSize                                  = 70254592                                  {product} {ergonomic}
    uintx ProfiledCodeHeapSize                     = 122909434                              {pd product} {ergonomic}
    uintx ReservedCodeCacheSize                    = 251658240                              {pd product} {ergonomic}
     bool SegmentedCodeCache                       = true                                      {product} {ergonomic}
   size_t SoftMaxHeapSize                          = 1073741824                             {manageable} {ergonomic}
     bool UseCompressedClassPointers               = true                           {product lp64_product} {ergonomic}
     bool UseCompressedOops                        = true                           {product lp64_product} {ergonomic}
     bool UseLargePagesIndividualAllocation        = false                                  {pd product} {ergonomic}
     bool UseParallelGC                            = true                                      {product} {command line}

Logging:
Log output configuration:
 #0: stdout all=off uptime,level,tags
 #1: stderr all=off uptime,level,tags

Environment Variables:
JAVA_HOME=C:\Program Files\Eclipse Adoptium\jdk-21.0.3.9-hotspot
PATH=C:\Users\Admin\bin;C:\Program Files\Git\mingw64\bin;C:\Program Files\Git\usr\local\bin;C:\Program Files\Git\usr\bin;C:\Program Files\Git\usr\bin;C:\Program Files\Git\mingw64\bin;C:\Program Files\Git\usr\bin;C:\Users\Admin\bin;C:\Program Files\Eclipse Adoptium\jdk-21.0.3.9-hotspot\bin;C:\Windows\system32;C:\Windows;C:\Windows\System32\Wbem;C:\Windows\System32\WindowsPowerShell\v1.0;C:\Windows\System32\OpenSSH;C:\Program Files\Microsoft SQL Server\Client SDK\ODBC\170\Tools\Binn;C:\Program Files\Microsoft SQL Server\150\Tools\Binn;C:\Program Files\dotnet;C:\Program Files\nodejs;C:\Program Files\Git\cmd;C:\Program Files\apache-maven-3.9.8\bin;C:\Program Files\Docker\Docker\resources\bin;C:\Users\Admin\AppData\Local\Microsoft\WindowsApps;C:\Users\Admin\.dotnet\tools;C:\Users\Admin\AppData\Local\Programs\Microsoft VS Code\bin;C:\Users\Admin\AppData\Local\JetBrains\Toolbox\scripts;C:\Users\Admin\AppData\Roaming\npm;C:\Program Files\Git\usr\bin\vendor_perl;C:\Program Files\Git\usr\bin\core_perl
USERNAME=Admin
SHELL=C:\Program Files\Git\usr\bin\bash.exe
DISPLAY=needs-to-be-defined
LANG=es_ES.UTF-8
TERM=xterm-256color
TMPDIR=C:\Users\Admin\AppData\Local\Temp
OS=Windows_NT
PROCESSOR_IDENTIFIER=Intel64 Family 6 Model 151 Stepping 5, GenuineIntel
TMP=C:\Users\Admin\AppData\Local\Temp
TEMP=C:\Users\Admin\AppData\Local\Temp



Periodic native trim disabled


---------------  S Y S T E M  ---------------

OS:
 Windows 11 , 64 bit Build 22621 (10.0.22621.3078)
OS uptime: 0 days 4:48 hours
Hyper-V role detected

CPU: total 8 (initial active 8) (4 cores per cpu, 2 threads per core) family 6 model 151 stepping 5 microcode 0x1e, cx8, cmov, fxsr, ht, mmx, 3dnowpref, sse, sse2, sse3, ssse3, sse4.1, sse4.2, popcnt, lzcnt, tsc, tscinvbit, avx, avx2, aes, erms, clmul, bmi1, bmi2, adx, sha, fma, vzeroupper, clflush, clflushopt, clwb, hv
Processor Information for all 8 processors :
  Max Mhz: 3300, Current Mhz: 3300, Mhz Limit: 3300

Memory: 4k page, system-wide physical 7969M (227M free)
TotalPageFile size 16161M (AvailPageFile size 8M)
current process WorkingSet (physical memory assigned to process): 595M, peak: 709M
current process commit charge ("private bytes"): 726M, peak: 821M

vm_info: OpenJDK 64-Bit Server VM (17.0.12+7) for windows-amd64 JRE (17.0.12+7), built on Jul 16 2024 22:08:24 by "admin" with MS VC++ 16.10 / 16.11 (VS2019)

END.
