#
# There is insufficient memory for the Java Runtime Environment to continue.
# Native memory allocation (malloc) failed to allocate 1061456 bytes. Error detail: Chunk::new
# Possible reasons:
#   The system is out of physical RAM or swap space
#   This process is running with CompressedOops enabled, and the Java Heap may be blocking the growth of the native heap
# Possible solutions:
#   Reduce memory load on the system
#   Increase physical memory or swap space
#   Check if swap backing store is full
#   Decrease Java heap size (-Xmx/-Xms)
#   Decrease number of Java threads
#   Decrease Java thread stack sizes (-Xss)
#   Set larger code cache with -XX:ReservedCodeCacheSize=
#   JVM is running with Unscaled Compressed Oops mode in which the Java heap is
#     placed in the first 4GB address space. The Java Heap base address is the
#     maximum limit for the native heap growth. Please use -XX:HeapBaseMinAddress
#     to set the Java Heap base and to place the Java Heap above 4GB virtual address.
# This output file may be truncated or incomplete.
#
#  Out of Memory Error (arena.cpp:191), pid=17236, tid=15428
#
# JRE version: OpenJDK Runtime Environment Temurin-17.0.11+9 (17.0.11+9) (build 17.0.11+9)
# Java VM: OpenJDK 64-Bit Server VM Temurin-17.0.11+9 (17.0.11+9, mixed mode, tiered, compressed oops, compressed class ptrs, parallel gc, windows-amd64)
# No core dump will be written. Minidumps are not enabled by default on client versions of Windows
#

---------------  S U M M A R Y ------------

Command Line: --add-modules=ALL-SYSTEM --add-opens=java.base/java.util=ALL-UNNAMED --add-opens=java.base/java.lang=ALL-UNNAMED --add-opens=java.base/sun.nio.fs=ALL-UNNAMED -Declipse.application=org.eclipse.jdt.ls.core.id1 -Dosgi.bundles.defaultStartLevel=4 -Declipse.product=org.eclipse.jdt.ls.core.product -Djava.import.generatesMetadataFilesAtProjectRoot=false -DDetectVMInstallationsJob.disabled=true -Dfile.encoding=utf8 -XX:+UseParallelGC -XX:GCTimeRatio=4 -XX:AdaptiveSizePolicyWeight=90 -Dsun.zip.disableMemoryMapping=true -Xmx1G -Xms100m -Xlog:disable -javaagent:c:\Users\Admin\.vscode\extensions\redhat.java-1.33.0-win32-x64\lombok\lombok-1.18.33.jar -XX:+HeapDumpOnOutOfMemoryError -XX:HeapDumpPath=c:\Users\Admin\AppData\Roaming\Code\User\workspaceStorage\eb20fc06d4a3b5e07cae54c0eea6be4b\redhat.java -Daether.dependencyCollector.impl=bf c:\Users\Admin\.vscode\extensions\redhat.java-1.33.0-win32-x64\server\plugins\org.eclipse.equinox.launcher_1.6.900.v20240613-2009.jar -configuration c:\Users\Admin\AppData\Roaming\Code\User\globalStorage\redhat.java\1.33.0\config_win -data c:\Users\Admin\AppData\Roaming\Code\User\workspaceStorage\eb20fc06d4a3b5e07cae54c0eea6be4b\redhat.java\jdt_ws --pipe=\\.\pipe\lsp-0e3436ddad5afaa4bfbb0b5ce730dfdf-sock

Host: 12th Gen Intel(R) Core(TM) i3-12100, 8 cores, 7G,  Windows 11 , 64 bit Build 22621 (10.0.22621.3078)
Time: Tue Aug 27 14:26:04 2024 Hora est. Pacífico, Sudamérica elapsed time: 5.739770 seconds (0d 0h 0m 5s)

---------------  T H R E A D  ---------------

Current thread (0x000002d5844b02f0):  JavaThread "C2 CompilerThread0" daemon [_thread_in_native, id=15428, stack(0x000000e14ca00000,0x000000e14cb00000)]


Current CompileTask:
C2:   5739 10177       4       org.eclipse.jdt.internal.core.search.indexing.BinaryIndexer::extractReferenceFromConstantPool (358 bytes)

Stack: [0x000000e14ca00000,0x000000e14cb00000]
Native frames: (J=compiled Java code, j=interpreted, Vv=VM code, C=native code)
V  [jvm.dll+0x67d429]
V  [jvm.dll+0x834b7a]
V  [jvm.dll+0x83663e]
V  [jvm.dll+0x836ca3]
V  [jvm.dll+0x247dbf]
V  [jvm.dll+0xac534]
V  [jvm.dll+0xacb7c]
V  [jvm.dll+0x2af2cf]
V  [jvm.dll+0x5848b7]
V  [jvm.dll+0x222d82]
V  [jvm.dll+0x22317f]
V  [jvm.dll+0x21c2a0]
V  [jvm.dll+0x2197a1]
V  [jvm.dll+0x1a534d]
V  [jvm.dll+0x2295cd]
V  [jvm.dll+0x22779c]
V  [jvm.dll+0x7e9d07]
V  [jvm.dll+0x7e410a]
V  [jvm.dll+0x67c315]
C  [ucrtbase.dll+0x29363]
C  [KERNEL32.DLL+0x1257d]
C  [ntdll.dll+0x5aa58]


---------------  P R O C E S S  ---------------

Threads class SMR info:
_java_thread_list=0x000002d58a4ec3d0, length=62, elements={
0x000002d5eb505900, 0x000002d5ff383020, 0x000002d5ff386da0, 0x000002d5ff38ce70,
0x000002d5ff38d8e0, 0x000002d5ff38e9c0, 0x000002d5844aaaf0, 0x000002d5844b02f0,
0x000002d5844b33b0, 0x000002d5844b5090, 0x000002d5eb56a210, 0x000002d58467cde0,
0x000002d58477c280, 0x000002d585ef8900, 0x000002d585ec0c60, 0x000002d585f66d40,
0x000002d5861eb810, 0x000002d58601d730, 0x000002d58649ead0, 0x000002d586328930,
0x000002d586329860, 0x000002d586327f10, 0x000002d586756ec0, 0x000002d586758d20,
0x000002d58675a670, 0x000002d5867578e0, 0x000002d58675bfc0, 0x000002d586759230,
0x000002d58675c4d0, 0x000002d586759740, 0x000002d58675ab80, 0x000002d58675b090,
0x000002d586759c50, 0x000002d586758300, 0x000002d58675bab0, 0x000002d58675a160,
0x000002d586755a80, 0x000002d586755570, 0x000002d586758810, 0x000002d586755f90,
0x000002d5867573d0, 0x000002d586328420, 0x000002d5892fff70, 0x000002d589303210,
0x000002d589300480, 0x000002d5893013b0, 0x000002d5892ffa60, 0x000002d589301dd0,
0x000002d5893022e0, 0x000002d5893027f0, 0x000002d589302d00, 0x000002d586757df0,
0x000002d5867ace60, 0x000002d5867ad370, 0x000002d5867a91a0, 0x000002d5867ab510,
0x000002d5867ae2a0, 0x000002d5867ac950, 0x000002d5867ad880, 0x000002d5867a7340,
0x000002d5867aba20, 0x000002d5867aaaf0
}

Java Threads: ( => current thread )
  0x000002d5eb505900 JavaThread "main" [_thread_blocked, id=13200, stack(0x000000e14c100000,0x000000e14c200000)]
  0x000002d5ff383020 JavaThread "Reference Handler" daemon [_thread_blocked, id=5644, stack(0x000000e14c400000,0x000000e14c500000)]
  0x000002d5ff386da0 JavaThread "Finalizer" daemon [_thread_blocked, id=9332, stack(0x000000e14c500000,0x000000e14c600000)]
  0x000002d5ff38ce70 JavaThread "Signal Dispatcher" daemon [_thread_blocked, id=9308, stack(0x000000e14c600000,0x000000e14c700000)]
  0x000002d5ff38d8e0 JavaThread "Attach Listener" daemon [_thread_blocked, id=9336, stack(0x000000e14c700000,0x000000e14c800000)]
  0x000002d5ff38e9c0 JavaThread "Service Thread" daemon [_thread_blocked, id=16076, stack(0x000000e14c800000,0x000000e14c900000)]
  0x000002d5844aaaf0 JavaThread "Monitor Deflation Thread" daemon [_thread_blocked, id=18096, stack(0x000000e14c900000,0x000000e14ca00000)]
=>0x000002d5844b02f0 JavaThread "C2 CompilerThread0" daemon [_thread_in_native, id=15428, stack(0x000000e14ca00000,0x000000e14cb00000)]
  0x000002d5844b33b0 JavaThread "C1 CompilerThread0" daemon [_thread_blocked, id=2192, stack(0x000000e14cb00000,0x000000e14cc00000)]
  0x000002d5844b5090 JavaThread "Sweeper thread" daemon [_thread_blocked, id=17860, stack(0x000000e14cc00000,0x000000e14cd00000)]
  0x000002d5eb56a210 JavaThread "Common-Cleaner" daemon [_thread_blocked, id=9500, stack(0x000000e14cd00000,0x000000e14ce00000)]
  0x000002d58467cde0 JavaThread "C2 CompilerThread1" daemon [_thread_in_native, id=17644, stack(0x000000e14ce00000,0x000000e14cf00000)]
  0x000002d58477c280 JavaThread "Notification Thread" daemon [_thread_blocked, id=10184, stack(0x000000e14cf00000,0x000000e14d000000)]
  0x000002d585ef8900 JavaThread "Active Thread: Equinox Container: b15457b3-adb6-442d-b3f2-3eebe3ddea30" [_thread_blocked, id=9724, stack(0x000000e14d700000,0x000000e14d800000)]
  0x000002d585ec0c60 JavaThread "Framework Event Dispatcher: Equinox Container: b15457b3-adb6-442d-b3f2-3eebe3ddea30" daemon [_thread_blocked, id=11024, stack(0x000000e14d800000,0x000000e14d900000)]
  0x000002d585f66d40 JavaThread "Start Level: Equinox Container: b15457b3-adb6-442d-b3f2-3eebe3ddea30" daemon [_thread_blocked, id=10700, stack(0x000000e14d900000,0x000000e14da00000)]
  0x000002d5861eb810 JavaThread "Bundle File Closer" daemon [_thread_blocked, id=12628, stack(0x000000e14db00000,0x000000e14dc00000)]
  0x000002d58601d730 JavaThread "SCR Component Actor" daemon [_thread_blocked, id=9716, stack(0x000000e14dc00000,0x000000e14dd00000)]
  0x000002d58649ead0 JavaThread "SCR Component Registry" daemon [_thread_blocked, id=9508, stack(0x000000e14dd00000,0x000000e14de00000)]
  0x000002d586328930 JavaThread "Worker-JM" [_thread_blocked, id=8816, stack(0x000000e14de00000,0x000000e14df00000)]
  0x000002d586329860 JavaThread "JNA Cleaner" daemon [_thread_blocked, id=14876, stack(0x000000e14df00000,0x000000e14e000000)]
  0x000002d586327f10 JavaThread "Worker-0: Initialize workspace" [_thread_blocked, id=2428, stack(0x000000e14e000000,0x000000e14e100000)]
  0x000002d586756ec0 JavaThread "Worker-1" [_thread_blocked, id=18116, stack(0x000000e14e100000,0x000000e14e200000)]
  0x000002d586758d20 JavaThread "Java indexing" daemon [_thread_blocked, id=16764, stack(0x000000e14e200000,0x000000e14e300000)]
  0x000002d58675a670 JavaThread "Thread-2" daemon [_thread_in_native, id=15800, stack(0x000000e14e500000,0x000000e14e600000)]
  0x000002d5867578e0 JavaThread "Thread-3" daemon [_thread_in_native, id=13276, stack(0x000000e14e600000,0x000000e14e700000)]
  0x000002d58675bfc0 JavaThread "Thread-4" daemon [_thread_in_native, id=11292, stack(0x000000e14e700000,0x000000e14e800000)]
  0x000002d586759230 JavaThread "Thread-5" daemon [_thread_in_native, id=9276, stack(0x000000e14e800000,0x000000e14e900000)]
  0x000002d58675c4d0 JavaThread "Thread-6" daemon [_thread_in_native, id=13972, stack(0x000000e14e900000,0x000000e14ea00000)]
  0x000002d586759740 JavaThread "Thread-7" daemon [_thread_in_native, id=18100, stack(0x000000e14ea00000,0x000000e14eb00000)]
  0x000002d58675ab80 JavaThread "Thread-8" daemon [_thread_in_native, id=18484, stack(0x000000e14eb00000,0x000000e14ec00000)]
  0x000002d58675b090 JavaThread "Thread-9" daemon [_thread_in_native, id=3260, stack(0x000000e14ec00000,0x000000e14ed00000)]
  0x000002d586759c50 JavaThread "Thread-10" daemon [_thread_in_native, id=13056, stack(0x000000e14ed00000,0x000000e14ee00000)]
  0x000002d586758300 JavaThread "pool-2-thread-1" [_thread_blocked, id=7688, stack(0x000000e14ee00000,0x000000e14ef00000)]
  0x000002d58675bab0 JavaThread "WorkspaceEventsHandler" [_thread_blocked, id=17324, stack(0x000000e14ef00000,0x000000e14f000000)]
  0x000002d58675a160 JavaThread "pool-1-thread-1" [_thread_blocked, id=18868, stack(0x000000e14f000000,0x000000e14f100000)]
  0x000002d586755a80 JavaThread "Worker-2" [_thread_blocked, id=17168, stack(0x000000e14f100000,0x000000e14f200000)]
  0x000002d586755570 JavaThread "ForkJoinPool.commonPool-worker-1" daemon [_thread_blocked, id=18428, stack(0x000000e14f200000,0x000000e14f300000)]
  0x000002d586758810 JavaThread "Worker-3" [_thread_blocked, id=10748, stack(0x000000e14f300000,0x000000e14f400000)]
  0x000002d586755f90 JavaThread "Worker-4: Classpath Update Job" [_thread_blocked, id=14472, stack(0x000000e14f400000,0x000000e14f500000)]
  0x000002d5867573d0 JavaThread "Worker-5: Java indexing... " [_thread_blocked, id=17400, stack(0x000000e14f500000,0x000000e14f600000)]
  0x000002d586328420 JavaThread "Worker-6" [_thread_blocked, id=17812, stack(0x000000e14f600000,0x000000e14f700000)]
  0x000002d5892fff70 JavaThread "Worker-7: Classpath Update Job" [_thread_blocked, id=7692, stack(0x000000e14f700000,0x000000e14f800000)]
  0x000002d589303210 JavaThread "Worker-8" [_thread_blocked, id=16576, stack(0x000000e14f800000,0x000000e14f900000)]
  0x000002d589300480 JavaThread "Worker-9" [_thread_blocked, id=17808, stack(0x000000e14f900000,0x000000e14fa00000)]
  0x000002d5893013b0 JavaThread "ForkJoinPool.commonPool-worker-2" daemon [_thread_blocked, id=17848, stack(0x000000e14fa00000,0x000000e14fb00000)]
  0x000002d5892ffa60 JavaThread "ForkJoinPool.commonPool-worker-3" daemon [_thread_blocked, id=17944, stack(0x000000e14fb00000,0x000000e14fc00000)]
  0x000002d589301dd0 JavaThread "ForkJoinPool.commonPool-worker-4" daemon [_thread_blocked, id=16624, stack(0x000000e14fc00000,0x000000e14fd00000)]
  0x000002d5893022e0 JavaThread "ForkJoinPool.commonPool-worker-5" daemon [_thread_blocked, id=13736, stack(0x000000e14fd00000,0x000000e14fe00000)]
  0x000002d5893027f0 JavaThread "ForkJoinPool.commonPool-worker-6" daemon [_thread_blocked, id=17852, stack(0x000000e14fe00000,0x000000e14ff00000)]
  0x000002d589302d00 JavaThread "ForkJoinPool.commonPool-worker-7" daemon [_thread_blocked, id=68, stack(0x000000e14ff00000,0x000000e150000000)]
  0x000002d586757df0 JavaThread "Thread-11" daemon [_thread_blocked, id=13352, stack(0x000000e150000000,0x000000e150100000)]
  0x000002d5867ace60 JavaThread "ParallelDescriptorResolver-0-0" daemon [_thread_blocked, id=16368, stack(0x000000e150100000,0x000000e150200000)]
  0x000002d5867ad370 JavaThread "ParallelDescriptorResolver-0-1" daemon [_thread_blocked, id=19052, stack(0x000000e150200000,0x000000e150300000)]
  0x000002d5867a91a0 JavaThread "ParallelDescriptorResolver-0-2" daemon [_thread_blocked, id=4568, stack(0x000000e150300000,0x000000e150400000)]
  0x000002d5867ab510 JavaThread "ParallelDescriptorResolver-0-3" daemon [_thread_blocked, id=6344, stack(0x000000e150400000,0x000000e150500000)]
  0x000002d5867ae2a0 JavaThread "ParallelDescriptorResolver-0-4" daemon [_thread_blocked, id=2224, stack(0x000000e150500000,0x000000e150600000)]
  0x000002d5867ac950 JavaThread "ParallelDescriptorResolver-1-0" daemon [_thread_blocked, id=5044, stack(0x000000e150600000,0x000000e150700000)]
  0x000002d5867ad880 JavaThread "ParallelDescriptorResolver-1-1" daemon [_thread_blocked, id=18928, stack(0x000000e150700000,0x000000e150800000)]
  0x000002d5867a7340 JavaThread "ParallelDescriptorResolver-1-2" daemon [_thread_blocked, id=17144, stack(0x000000e150800000,0x000000e150900000)]
  0x000002d5867aba20 JavaThread "ParallelDescriptorResolver-1-3" daemon [_thread_blocked, id=13024, stack(0x000000e150900000,0x000000e150a00000)]
  0x000002d5867aaaf0 JavaThread "ParallelDescriptorResolver-1-4" daemon [_thread_blocked, id=18232, stack(0x000000e150a00000,0x000000e150b00000)]

Other Threads:
  0x000002d5eb5ae8a0 VMThread "VM Thread" [stack: 0x000000e14c300000,0x000000e14c400000] [id=9324]
  0x000002d58477c760 WatcherThread [stack: 0x000000e14d000000,0x000000e14d100000] [id=12888]
  0x000002d5eb51c380 GCTaskThread "GC Thread#0" [stack: 0x000000e14c200000,0x000000e14c300000] [id=2476]
  0x000002d58619f010 GCTaskThread "GC Thread#1" [stack: 0x000000e14d100000,0x000000e14d200000] [id=9516]
  0x000002d585b8cc20 GCTaskThread "GC Thread#2" [stack: 0x000000e14d200000,0x000000e14d300000] [id=9520]
  0x000002d585b58b50 GCTaskThread "GC Thread#3" [stack: 0x000000e14d300000,0x000000e14d400000] [id=9552]
  0x000002d585b58e10 GCTaskThread "GC Thread#4" [stack: 0x000000e14d400000,0x000000e14d500000] [id=9560]
  0x000002d585b594e0 GCTaskThread "GC Thread#5" [stack: 0x000000e14d500000,0x000000e14d600000] [id=9676]
  0x000002d585b597a0 GCTaskThread "GC Thread#6" [stack: 0x000000e14d600000,0x000000e14d700000] [id=7748]
  0x000002d585f82c80 GCTaskThread "GC Thread#7" [stack: 0x000000e14da00000,0x000000e14db00000] [id=11972]

Threads with active compile tasks:
C2 CompilerThread0     5751 10177       4       org.eclipse.jdt.internal.core.search.indexing.BinaryIndexer::extractReferenceFromConstantPool (358 bytes)
C2 CompilerThread1     5751 10280       4       sun.nio.fs.WindowsPathParser::normalize (233 bytes)

VM state: at safepoint (normal execution)

VM Mutex/Monitor currently owned by a thread:  ([mutex/lock_event])
[0x000002d5eb501ea0] Threads_lock - owner thread: 0x000002d5eb5ae8a0
[0x000002d5eb502680] Heap_lock - owner thread: 0x000002d5867ac950

Heap address: 0x00000000c0000000, size: 1024 MB, Compressed Oops mode: 32-bit

CDS archive(s) not mapped
Compressed class space mapped at: 0x0000000100000000-0x0000000140000000, reserved size: 1073741824
Narrow klass base: 0x0000000000000000, Narrow klass shift: 3, Narrow klass range: 0x140000000

GC Precious Log:
 CPUs: 8 total, 8 available
 Memory: 7969M
 Large Page Support: Disabled
 NUMA Support: Disabled
 Compressed Oops: Enabled (32-bit)
 Alignments: Space 512K, Generation 512K, Heap 2M
 Heap Min Capacity: 100M
 Heap Initial Capacity: 100M
 Heap Max Capacity: 1G
 Pre-touch: Disabled
 Parallel Workers: 8

Heap:
 PSYoungGen      total 10240K, used 10109K [0x00000000eab00000, 0x00000000eb700000, 0x0000000100000000)
  eden space 7680K, 100% used [0x00000000eab00000,0x00000000eb280000,0x00000000eb280000)
  from space 2560K, 94% used [0x00000000eb280000,0x00000000eb4df518,0x00000000eb500000)
  to   space 2048K, 100% used [0x00000000eb500000,0x00000000eb700000,0x00000000eb700000)
 ParOldGen       total 123904K, used 115481K [0x00000000c0000000, 0x00000000c7900000, 0x00000000eab00000)
  object space 123904K, 93% used [0x00000000c0000000,0x00000000c70c6678,0x00000000c7900000)
 Metaspace       used 67385K, committed 68672K, reserved 1114112K
  class space    used 7094K, committed 7680K, reserved 1048576K

Card table byte_map: [0x000002d5eae90000,0x000002d5eb0a0000] _byte_map_base: 0x000002d5ea890000

Marking Bits: (ParMarkBitMap*) 0x00007ffd9285d820
 Begin Bits: [0x000002d5fd190000, 0x000002d5fe190000)
 End Bits:   [0x000002d5fe190000, 0x000002d5ff190000)

Polling page: 0x000002d5e94a0000

Metaspace:

Usage:
  Non-class:     58.88 MB used.
      Class:      6.93 MB used.
       Both:     65.81 MB used.

Virtual space:
  Non-class space:       64.00 MB reserved,      59.56 MB ( 93%) committed,  1 nodes.
      Class space:        1.00 GB reserved,       7.50 MB ( <1%) committed,  1 nodes.
             Both:        1.06 GB reserved,      67.06 MB (  6%) committed. 

Chunk freelists:
   Non-Class:  3.69 MB
       Class:  8.35 MB
        Both:  12.04 MB

MaxMetaspaceSize: unlimited
CompressedClassSpaceSize: 1.00 GB
Initial GC threshold: 21.00 MB
Current GC threshold: 110.62 MB
CDS: off
MetaspaceReclaimPolicy: balanced
 - commit_granule_bytes: 65536.
 - commit_granule_words: 8192.
 - virtual_space_node_default_size: 8388608.
 - enlarge_chunks_in_place: 1.
 - new_chunks_are_fully_committed: 0.
 - uncommit_free_chunks: 1.
 - use_allocation_guard: 0.
 - handle_deallocations: 1.


Internal statistics:

num_allocs_failed_limit: 11.
num_arena_births: 914.
num_arena_deaths: 22.
num_vsnodes_births: 2.
num_vsnodes_deaths: 0.
num_space_committed: 1073.
num_space_uncommitted: 0.
num_chunks_returned_to_freelist: 37.
num_chunks_taken_from_freelist: 3639.
num_chunk_merges: 16.
num_chunk_splits: 2261.
num_chunks_enlarged: 1344.
num_inconsistent_stats: 0.

CodeHeap 'non-profiled nmethods': size=120000Kb used=3738Kb max_used=4026Kb free=116261Kb
 bounds [0x000002d5f5c60000, 0x000002d5f6060000, 0x000002d5fd190000]
CodeHeap 'profiled nmethods': size=120000Kb used=17953Kb max_used=17953Kb free=102046Kb
 bounds [0x000002d5ee190000, 0x000002d5ef320000, 0x000002d5f56c0000]
CodeHeap 'non-nmethods': size=5760Kb used=1360Kb max_used=1431Kb free=4400Kb
 bounds [0x000002d5f56c0000, 0x000002d5f5930000, 0x000002d5f5c60000]
 total_blobs=9280 nmethods=8573 adapters=621
 compilation: enabled
              stopped_count=0, restarted_count=0
 full_count=0

Compilation events (20 events):
Event: 5.738 Thread 0x000002d5844b33b0 10302       2       org.eclipse.m2e.core.internal.project.registry.EclipseWorkspaceArtifactRepository::findArtifact (35 bytes)
Event: 5.738 Thread 0x000002d5844b33b0 nmethod 10302 0x000002d5ef313f10 code [0x000002d5ef3140c0, 0x000002d5ef314338]
Event: 5.738 Thread 0x000002d5844b33b0 10303       2       org.eclipse.m2e.core.internal.project.registry.EclipseWorkspaceArtifactRepository::isDisabled (13 bytes)
Event: 5.738 Thread 0x000002d5844b33b0 nmethod 10303 0x000002d5ef314590 code [0x000002d5ef314740, 0x000002d5ef3148e8]
Event: 5.738 Thread 0x000002d5844b33b0 10305       2       org.apache.maven.eventspy.internal.EventSpyRepositoryListener::artifactResolved (19 bytes)
Event: 5.738 Thread 0x000002d5844b33b0 nmethod 10305 0x000002d5ef314a10 code [0x000002d5ef314bc0, 0x000002d5ef314d38]
Event: 5.738 Thread 0x000002d5844b33b0 10306       2       org.eclipse.aether.named.support.NamedLockFactorySupport$NamedLockHolder::<init> (6 bytes)
Event: 5.738 Thread 0x000002d5844b33b0 nmethod 10306 0x000002d5ef314e10 code [0x000002d5ef314fc0, 0x000002d5ef315208]
Event: 5.738 Thread 0x000002d5844b33b0 10307       2       org.eclipse.aether.named.support.NamedLockFactorySupport$NamedLockHolder::<init> (28 bytes)
Event: 5.738 Thread 0x000002d5844b33b0 nmethod 10307 0x000002d5ef315390 code [0x000002d5ef315540, 0x000002d5ef315788]
Event: 5.738 Thread 0x000002d5844b33b0 10309       2       org.eclipse.aether.named.providers.LocalReadWriteLockNamedLockFactory::createLock (6 bytes)
Event: 5.739 Thread 0x000002d5844b33b0 nmethod 10309 0x000002d5ef315890 code [0x000002d5ef315a20, 0x000002d5ef315b48]
Event: 5.739 Thread 0x000002d5844b33b0 10295       2       org.eclipse.aether.repository.LocalArtifactResult::<init> (18 bytes)
Event: 5.739 Thread 0x000002d5844b33b0 nmethod 10295 0x000002d5ef315c10 code [0x000002d5ef315dc0, 0x000002d5ef315fa8]
Event: 5.739 Thread 0x000002d5844b33b0 10297       1       org.eclipse.aether.internal.impl.collect.DataPool$GraphKey::hashCode (5 bytes)
Event: 5.739 Thread 0x000002d5844b33b0 nmethod 10297 0x000002d5f5dbf610 code [0x000002d5f5dbf7a0, 0x000002d5f5dbf878]
Event: 5.739 Thread 0x000002d5844b33b0 10310       1       org.apache.maven.model.Extension::getGroupId (5 bytes)
Event: 5.739 Thread 0x000002d5844b33b0 nmethod 10310 0x000002d5f5dbf310 code [0x000002d5f5dbf4a0, 0x000002d5f5dbf578]
Event: 5.739 Thread 0x000002d5844b33b0 10311       1       org.apache.maven.model.Extension::getArtifactId (5 bytes)
Event: 5.739 Thread 0x000002d5844b33b0 nmethod 10311 0x000002d5f5dbf010 code [0x000002d5f5dbf1a0, 0x000002d5f5dbf278]

GC Heap History (20 events):
Event: 5.633 GC heap before
{Heap before GC invocations=73 (full 5):
 PSYoungGen      total 8192K, used 7136K [0x00000000eab00000, 0x00000000eb600000, 0x0000000100000000)
  eden space 5120K, 100% used [0x00000000eab00000,0x00000000eb000000,0x00000000eb000000)
  from space 3072K, 65% used [0x00000000eb000000,0x00000000eb1f8000,0x00000000eb300000)
  to   space 2560K, 0% used [0x00000000eb380000,0x00000000eb380000,0x00000000eb600000)
 ParOldGen       total 123904K, used 92259K [0x00000000c0000000, 0x00000000c7900000, 0x00000000eab00000)
  object space 123904K, 74% used [0x00000000c0000000,0x00000000c5a18f00,0x00000000c7900000)
 Metaspace       used 67141K, committed 68480K, reserved 1114112K
  class space    used 7086K, committed 7680K, reserved 1048576K
}
Event: 5.635 GC heap after
{Heap after GC invocations=73 (full 5):
 PSYoungGen      total 6144K, used 2531K [0x00000000eab00000, 0x00000000ebb00000, 0x0000000100000000)
  eden space 3584K, 0% used [0x00000000eab00000,0x00000000eab00000,0x00000000eae80000)
  from space 2560K, 98% used [0x00000000eb380000,0x00000000eb5f8e98,0x00000000eb600000)
  to   space 5120K, 0% used [0x00000000eae80000,0x00000000eae80000,0x00000000eb380000)
 ParOldGen       total 123904K, used 94117K [0x00000000c0000000, 0x00000000c7900000, 0x00000000eab00000)
  object space 123904K, 75% used [0x00000000c0000000,0x00000000c5be9778,0x00000000c7900000)
 Metaspace       used 67141K, committed 68480K, reserved 1114112K
  class space    used 7086K, committed 7680K, reserved 1048576K
}
Event: 5.646 GC heap before
{Heap before GC invocations=74 (full 5):
 PSYoungGen      total 6144K, used 6107K [0x00000000eab00000, 0x00000000ebb00000, 0x0000000100000000)
  eden space 3584K, 99% used [0x00000000eab00000,0x00000000eae7e0f8,0x00000000eae80000)
  from space 2560K, 98% used [0x00000000eb380000,0x00000000eb5f8e98,0x00000000eb600000)
  to   space 5120K, 0% used [0x00000000eae80000,0x00000000eae80000,0x00000000eb380000)
 ParOldGen       total 123904K, used 94117K [0x00000000c0000000, 0x00000000c7900000, 0x00000000eab00000)
  object space 123904K, 75% used [0x00000000c0000000,0x00000000c5be9778,0x00000000c7900000)
 Metaspace       used 67214K, committed 68544K, reserved 1114112K
  class space    used 7090K, committed 7680K, reserved 1048576K
}
Event: 5.647 GC heap after
{Heap after GC invocations=74 (full 5):
 PSYoungGen      total 5632K, used 1680K [0x00000000eab00000, 0x00000000eb580000, 0x0000000100000000)
  eden space 3584K, 0% used [0x00000000eab00000,0x00000000eab00000,0x00000000eae80000)
  from space 2048K, 82% used [0x00000000eae80000,0x00000000eb024010,0x00000000eb080000)
  to   space 3072K, 0% used [0x00000000eb280000,0x00000000eb280000,0x00000000eb580000)
 ParOldGen       total 123904K, used 96318K [0x00000000c0000000, 0x00000000c7900000, 0x00000000eab00000)
  object space 123904K, 77% used [0x00000000c0000000,0x00000000c5e0fae0,0x00000000c7900000)
 Metaspace       used 67214K, committed 68544K, reserved 1114112K
  class space    used 7090K, committed 7680K, reserved 1048576K
}
Event: 5.652 GC heap before
{Heap before GC invocations=75 (full 5):
 PSYoungGen      total 5632K, used 5264K [0x00000000eab00000, 0x00000000eb580000, 0x0000000100000000)
  eden space 3584K, 100% used [0x00000000eab00000,0x00000000eae80000,0x00000000eae80000)
  from space 2048K, 82% used [0x00000000eae80000,0x00000000eb024010,0x00000000eb080000)
  to   space 3072K, 0% used [0x00000000eb280000,0x00000000eb280000,0x00000000eb580000)
 ParOldGen       total 123904K, used 96318K [0x00000000c0000000, 0x00000000c7900000, 0x00000000eab00000)
  object space 123904K, 77% used [0x00000000c0000000,0x00000000c5e0fae0,0x00000000c7900000)
 Metaspace       used 67230K, committed 68544K, reserved 1114112K
  class space    used 7091K, committed 7680K, reserved 1048576K
}
Event: 5.654 GC heap after
{Heap after GC invocations=75 (full 5):
 PSYoungGen      total 6144K, used 1472K [0x00000000eab00000, 0x00000000eb400000, 0x0000000100000000)
  eden space 4608K, 0% used [0x00000000eab00000,0x00000000eab00000,0x00000000eaf80000)
  from space 1536K, 95% used [0x00000000eb280000,0x00000000eb3f0020,0x00000000eb400000)
  to   space 2048K, 0% used [0x00000000eb000000,0x00000000eb000000,0x00000000eb200000)
 ParOldGen       total 123904K, used 97798K [0x00000000c0000000, 0x00000000c7900000, 0x00000000eab00000)
  object space 123904K, 78% used [0x00000000c0000000,0x00000000c5f81b08,0x00000000c7900000)
 Metaspace       used 67230K, committed 68544K, reserved 1114112K
  class space    used 7091K, committed 7680K, reserved 1048576K
}
Event: 5.662 GC heap before
{Heap before GC invocations=76 (full 5):
 PSYoungGen      total 6144K, used 6080K [0x00000000eab00000, 0x00000000eb400000, 0x0000000100000000)
  eden space 4608K, 100% used [0x00000000eab00000,0x00000000eaf80000,0x00000000eaf80000)
  from space 1536K, 95% used [0x00000000eb280000,0x00000000eb3f0020,0x00000000eb400000)
  to   space 2048K, 0% used [0x00000000eb000000,0x00000000eb000000,0x00000000eb200000)
 ParOldGen       total 123904K, used 97798K [0x00000000c0000000, 0x00000000c7900000, 0x00000000eab00000)
  object space 123904K, 78% used [0x00000000c0000000,0x00000000c5f81b08,0x00000000c7900000)
 Metaspace       used 67244K, committed 68544K, reserved 1114112K
  class space    used 7091K, committed 7680K, reserved 1048576K
}
Event: 5.664 GC heap after
{Heap after GC invocations=76 (full 5):
 PSYoungGen      total 7168K, used 2017K [0x00000000eab00000, 0x00000000eb880000, 0x0000000100000000)
  eden space 5120K, 0% used [0x00000000eab00000,0x00000000eab00000,0x00000000eb000000)
  from space 2048K, 98% used [0x00000000eb000000,0x00000000eb1f85d0,0x00000000eb200000)
  to   space 4096K, 0% used [0x00000000eb480000,0x00000000eb480000,0x00000000eb880000)
 ParOldGen       total 123904K, used 99301K [0x00000000c0000000, 0x00000000c7900000, 0x00000000eab00000)
  object space 123904K, 80% used [0x00000000c0000000,0x00000000c60f95d8,0x00000000c7900000)
 Metaspace       used 67244K, committed 68544K, reserved 1114112K
  class space    used 7091K, committed 7680K, reserved 1048576K
}
Event: 5.676 GC heap before
{Heap before GC invocations=77 (full 5):
 PSYoungGen      total 7168K, used 7137K [0x00000000eab00000, 0x00000000eb880000, 0x0000000100000000)
  eden space 5120K, 100% used [0x00000000eab00000,0x00000000eb000000,0x00000000eb000000)
  from space 2048K, 98% used [0x00000000eb000000,0x00000000eb1f85d0,0x00000000eb200000)
  to   space 4096K, 0% used [0x00000000eb480000,0x00000000eb480000,0x00000000eb880000)
 ParOldGen       total 123904K, used 99301K [0x00000000c0000000, 0x00000000c7900000, 0x00000000eab00000)
  object space 123904K, 80% used [0x00000000c0000000,0x00000000c60f95d8,0x00000000c7900000)
 Metaspace       used 67293K, committed 68608K, reserved 1114112K
  class space    used 7092K, committed 7680K, reserved 1048576K
}
Event: 5.678 GC heap after
{Heap after GC invocations=77 (full 5):
 PSYoungGen      total 8704K, used 2449K [0x00000000eab00000, 0x00000000eb700000, 0x0000000100000000)
  eden space 6144K, 0% used [0x00000000eab00000,0x00000000eab00000,0x00000000eb100000)
  from space 2560K, 95% used [0x00000000eb480000,0x00000000eb6e4550,0x00000000eb700000)
  to   space 3072K, 0% used [0x00000000eb100000,0x00000000eb100000,0x00000000eb400000)
 ParOldGen       total 123904K, used 101230K [0x00000000c0000000, 0x00000000c7900000, 0x00000000eab00000)
  object space 123904K, 81% used [0x00000000c0000000,0x00000000c62db808,0x00000000c7900000)
 Metaspace       used 67293K, committed 68608K, reserved 1114112K
  class space    used 7092K, committed 7680K, reserved 1048576K
}
Event: 5.692 GC heap before
{Heap before GC invocations=78 (full 5):
 PSYoungGen      total 8704K, used 8593K [0x00000000eab00000, 0x00000000eb700000, 0x0000000100000000)
  eden space 6144K, 99% used [0x00000000eab00000,0x00000000eb0ffff0,0x00000000eb100000)
  from space 2560K, 95% used [0x00000000eb480000,0x00000000eb6e4550,0x00000000eb700000)
  to   space 3072K, 0% used [0x00000000eb100000,0x00000000eb100000,0x00000000eb400000)
 ParOldGen       total 123904K, used 101230K [0x00000000c0000000, 0x00000000c7900000, 0x00000000eab00000)
  object space 123904K, 81% used [0x00000000c0000000,0x00000000c62db808,0x00000000c7900000)
 Metaspace       used 67306K, committed 68608K, reserved 1114112K
  class space    used 7092K, committed 7680K, reserved 1048576K
}
Event: 5.694 GC heap after
{Heap after GC invocations=78 (full 5):
 PSYoungGen      total 9216K, used 2595K [0x00000000eab00000, 0x00000000eb800000, 0x0000000100000000)
  eden space 6144K, 0% used [0x00000000eab00000,0x00000000eab00000,0x00000000eb100000)
  from space 3072K, 84% used [0x00000000eb100000,0x00000000eb388c60,0x00000000eb400000)
  to   space 3072K, 0% used [0x00000000eb500000,0x00000000eb500000,0x00000000eb800000)
 ParOldGen       total 123904K, used 103503K [0x00000000c0000000, 0x00000000c7900000, 0x00000000eab00000)
  object space 123904K, 83% used [0x00000000c0000000,0x00000000c6513d48,0x00000000c7900000)
 Metaspace       used 67306K, committed 68608K, reserved 1114112K
  class space    used 7092K, committed 7680K, reserved 1048576K
}
Event: 5.703 GC heap before
{Heap before GC invocations=79 (full 5):
 PSYoungGen      total 9216K, used 8739K [0x00000000eab00000, 0x00000000eb800000, 0x0000000100000000)
  eden space 6144K, 99% used [0x00000000eab00000,0x00000000eb0ffff0,0x00000000eb100000)
  from space 3072K, 84% used [0x00000000eb100000,0x00000000eb388c60,0x00000000eb400000)
  to   space 3072K, 0% used [0x00000000eb500000,0x00000000eb500000,0x00000000eb800000)
 ParOldGen       total 123904K, used 103503K [0x00000000c0000000, 0x00000000c7900000, 0x00000000eab00000)
  object space 123904K, 83% used [0x00000000c0000000,0x00000000c6513d48,0x00000000c7900000)
 Metaspace       used 67319K, committed 68672K, reserved 1114112K
  class space    used 7092K, committed 7680K, reserved 1048576K
}
Event: 5.705 GC heap after
{Heap after GC invocations=79 (full 5):
 PSYoungGen      total 9728K, used 2361K [0x00000000eab00000, 0x00000000eb780000, 0x0000000100000000)
  eden space 7168K, 0% used [0x00000000eab00000,0x00000000eab00000,0x00000000eb200000)
  from space 2560K, 92% used [0x00000000eb500000,0x00000000eb74e470,0x00000000eb780000)
  to   space 2560K, 0% used [0x00000000eb280000,0x00000000eb280000,0x00000000eb500000)
 ParOldGen       total 123904K, used 105957K [0x00000000c0000000, 0x00000000c7900000, 0x00000000eab00000)
  object space 123904K, 85% used [0x00000000c0000000,0x00000000c6779458,0x00000000c7900000)
 Metaspace       used 67319K, committed 68672K, reserved 1114112K
  class space    used 7092K, committed 7680K, reserved 1048576K
}
Event: 5.716 GC heap before
{Heap before GC invocations=80 (full 5):
 PSYoungGen      total 9728K, used 9529K [0x00000000eab00000, 0x00000000eb780000, 0x0000000100000000)
  eden space 7168K, 100% used [0x00000000eab00000,0x00000000eb200000,0x00000000eb200000)
  from space 2560K, 92% used [0x00000000eb500000,0x00000000eb74e470,0x00000000eb780000)
  to   space 2560K, 0% used [0x00000000eb280000,0x00000000eb280000,0x00000000eb500000)
 ParOldGen       total 123904K, used 105957K [0x00000000c0000000, 0x00000000c7900000, 0x00000000eab00000)
  object space 123904K, 85% used [0x00000000c0000000,0x00000000c6779458,0x00000000c7900000)
 Metaspace       used 67343K, committed 68672K, reserved 1114112K
  class space    used 7093K, committed 7680K, reserved 1048576K
}
Event: 5.718 GC heap after
{Heap after GC invocations=80 (full 5):
 PSYoungGen      total 10240K, used 1399K [0x00000000eab00000, 0x00000000eb700000, 0x0000000100000000)
  eden space 7680K, 0% used [0x00000000eab00000,0x00000000eab00000,0x00000000eb280000)
  from space 2560K, 54% used [0x00000000eb280000,0x00000000eb3ddc00,0x00000000eb500000)
  to   space 2048K, 0% used [0x00000000eb500000,0x00000000eb500000,0x00000000eb700000)
 ParOldGen       total 123904K, used 108119K [0x00000000c0000000, 0x00000000c7900000, 0x00000000eab00000)
  object space 123904K, 87% used [0x00000000c0000000,0x00000000c6995ca0,0x00000000c7900000)
 Metaspace       used 67343K, committed 68672K, reserved 1114112K
  class space    used 7093K, committed 7680K, reserved 1048576K
}
Event: 5.725 GC heap before
{Heap before GC invocations=81 (full 5):
 PSYoungGen      total 10240K, used 9079K [0x00000000eab00000, 0x00000000eb700000, 0x0000000100000000)
  eden space 7680K, 100% used [0x00000000eab00000,0x00000000eb280000,0x00000000eb280000)
  from space 2560K, 54% used [0x00000000eb280000,0x00000000eb3ddc00,0x00000000eb500000)
  to   space 2048K, 0% used [0x00000000eb500000,0x00000000eb500000,0x00000000eb700000)
 ParOldGen       total 123904K, used 108119K [0x00000000c0000000, 0x00000000c7900000, 0x00000000eab00000)
  object space 123904K, 87% used [0x00000000c0000000,0x00000000c6995ca0,0x00000000c7900000)
 Metaspace       used 67345K, committed 68672K, reserved 1114112K
  class space    used 7093K, committed 7680K, reserved 1048576K
}
Event: 5.727 GC heap after
{Heap after GC invocations=81 (full 5):
 PSYoungGen      total 9728K, used 2032K [0x00000000eab00000, 0x00000000eb700000, 0x0000000100000000)
  eden space 7680K, 0% used [0x00000000eab00000,0x00000000eab00000,0x00000000eb280000)
  from space 2048K, 99% used [0x00000000eb500000,0x00000000eb6fc010,0x00000000eb700000)
  to   space 2560K, 0% used [0x00000000eb280000,0x00000000eb280000,0x00000000eb500000)
 ParOldGen       total 123904K, used 110729K [0x00000000c0000000, 0x00000000c7900000, 0x00000000eab00000)
  object space 123904K, 89% used [0x00000000c0000000,0x00000000c6c22660,0x00000000c7900000)
 Metaspace       used 67345K, committed 68672K, reserved 1114112K
  class space    used 7093K, committed 7680K, reserved 1048576K
}
Event: 5.734 GC heap before
{Heap before GC invocations=82 (full 5):
 PSYoungGen      total 9728K, used 9712K [0x00000000eab00000, 0x00000000eb700000, 0x0000000100000000)
  eden space 7680K, 100% used [0x00000000eab00000,0x00000000eb280000,0x00000000eb280000)
  from space 2048K, 99% used [0x00000000eb500000,0x00000000eb6fc010,0x00000000eb700000)
  to   space 2560K, 0% used [0x00000000eb280000,0x00000000eb280000,0x00000000eb500000)
 ParOldGen       total 123904K, used 110729K [0x00000000c0000000, 0x00000000c7900000, 0x00000000eab00000)
  object space 123904K, 89% used [0x00000000c0000000,0x00000000c6c22660,0x00000000c7900000)
 Metaspace       used 67367K, committed 68672K, reserved 1114112K
  class space    used 7094K, committed 7680K, reserved 1048576K
}
Event: 5.736 GC heap after
{Heap after GC invocations=82 (full 5):
 PSYoungGen      total 10240K, used 2429K [0x00000000eab00000, 0x00000000eb700000, 0x0000000100000000)
  eden space 7680K, 0% used [0x00000000eab00000,0x00000000eab00000,0x00000000eb280000)
  from space 2560K, 94% used [0x00000000eb280000,0x00000000eb4df518,0x00000000eb500000)
  to   space 2048K, 0% used [0x00000000eb500000,0x00000000eb500000,0x00000000eb700000)
 ParOldGen       total 123904K, used 112783K [0x00000000c0000000, 0x00000000c7900000, 0x00000000eab00000)
  object space 123904K, 91% used [0x00000000c0000000,0x00000000c6e23d38,0x00000000c7900000)
 Metaspace       used 67367K, committed 68672K, reserved 1114112K
  class space    used 7094K, committed 7680K, reserved 1048576K
}

Dll operation events (11 events):
Event: 0.010 Loaded shared library c:\Users\Admin\.vscode\extensions\redhat.java-1.33.0-win32-x64\jre\17.0.11-win32-x86_64\bin\java.dll
Event: 0.105 Loaded shared library c:\Users\Admin\.vscode\extensions\redhat.java-1.33.0-win32-x64\jre\17.0.11-win32-x86_64\bin\zip.dll
Event: 0.107 Loaded shared library C:\Users\Admin\.vscode\extensions\redhat.java-1.33.0-win32-x64\jre\17.0.11-win32-x86_64\bin\instrument.dll
Event: 0.114 Loaded shared library C:\Users\Admin\.vscode\extensions\redhat.java-1.33.0-win32-x64\jre\17.0.11-win32-x86_64\bin\net.dll
Event: 0.114 Loaded shared library C:\Users\Admin\.vscode\extensions\redhat.java-1.33.0-win32-x64\jre\17.0.11-win32-x86_64\bin\nio.dll
Event: 0.117 Loaded shared library C:\Users\Admin\.vscode\extensions\redhat.java-1.33.0-win32-x64\jre\17.0.11-win32-x86_64\bin\zip.dll
Event: 0.126 Loaded shared library C:\Users\Admin\.vscode\extensions\redhat.java-1.33.0-win32-x64\jre\17.0.11-win32-x86_64\bin\jimage.dll
Event: 0.153 Loaded shared library c:\Users\Admin\.vscode\extensions\redhat.java-1.33.0-win32-x64\jre\17.0.11-win32-x86_64\bin\verify.dll
Event: 0.695 Loaded shared library C:\Users\Admin\AppData\Roaming\Code\User\globalStorage\redhat.java\1.33.0\config_win\org.eclipse.equinox.launcher\org.eclipse.equinox.launcher.win32.win32.x86_64_1.2.1100.v20240722-2106\eclipse_11904.dll
Event: 1.459 Loaded shared library C:\Users\Admin\AppData\Local\Temp\jna-63116079\jna5723786742092593344.dll
Event: 5.198 Loaded shared library C:\Users\Admin\.vscode\extensions\redhat.java-1.33.0-win32-x64\jre\17.0.11-win32-x86_64\bin\sunmscapi.dll

Deoptimization events (20 events):
Event: 5.730 Thread 0x000002d589301dd0 DEOPT PACKING pc=0x000002d5eed13b8c sp=0x000000e14fcfdcd0
Event: 5.730 Thread 0x000002d589301dd0 DEOPT UNPACKING pc=0x000002d5f5716e43 sp=0x000000e14fcfd250 mode 0
Event: 5.730 Thread 0x000002d589301dd0 DEOPT PACKING pc=0x000002d5eed13b8c sp=0x000000e14fcfdcd0
Event: 5.730 Thread 0x000002d589301dd0 DEOPT UNPACKING pc=0x000002d5f5716e43 sp=0x000000e14fcfd250 mode 0
Event: 5.731 Thread 0x000002d589301dd0 DEOPT PACKING pc=0x000002d5eed13b8c sp=0x000000e14fcfdcd0
Event: 5.731 Thread 0x000002d589301dd0 DEOPT UNPACKING pc=0x000002d5f5716e43 sp=0x000000e14fcfd250 mode 0
Event: 5.732 Thread 0x000002d589301dd0 DEOPT PACKING pc=0x000002d5eed13b8c sp=0x000000e14fcfdcd0
Event: 5.732 Thread 0x000002d589301dd0 DEOPT UNPACKING pc=0x000002d5f5716e43 sp=0x000000e14fcfd250 mode 0
Event: 5.734 Thread 0x000002d589301dd0 DEOPT PACKING pc=0x000002d5eed13b8c sp=0x000000e14fcfdcd0
Event: 5.734 Thread 0x000002d589301dd0 DEOPT UNPACKING pc=0x000002d5f5716e43 sp=0x000000e14fcfd250 mode 0
Event: 5.737 Thread 0x000002d589301dd0 DEOPT PACKING pc=0x000002d5eed13b8c sp=0x000000e14fcfdcd0
Event: 5.737 Thread 0x000002d589301dd0 DEOPT UNPACKING pc=0x000002d5f5716e43 sp=0x000000e14fcfd250 mode 0
Event: 5.737 Thread 0x000002d589301dd0 DEOPT PACKING pc=0x000002d5eed13b8c sp=0x000000e14fcfdcd0
Event: 5.737 Thread 0x000002d589301dd0 DEOPT UNPACKING pc=0x000002d5f5716e43 sp=0x000000e14fcfd250 mode 0
Event: 5.738 Thread 0x000002d589301dd0 DEOPT PACKING pc=0x000002d5eed13b8c sp=0x000000e14fcfdcd0
Event: 5.738 Thread 0x000002d589301dd0 DEOPT UNPACKING pc=0x000002d5f5716e43 sp=0x000000e14fcfd250 mode 0
Event: 5.738 Thread 0x000002d589301dd0 DEOPT PACKING pc=0x000002d5eed13b8c sp=0x000000e14fcfdcd0
Event: 5.738 Thread 0x000002d589301dd0 DEOPT UNPACKING pc=0x000002d5f5716e43 sp=0x000000e14fcfd250 mode 0
Event: 5.739 Thread 0x000002d589301dd0 DEOPT PACKING pc=0x000002d5eed13b8c sp=0x000000e14fcfdcd0
Event: 5.739 Thread 0x000002d589301dd0 DEOPT UNPACKING pc=0x000002d5f5716e43 sp=0x000000e14fcfd250 mode 0

Classes unloaded (11 events):
Event: 2.144 Thread 0x000002d5eb5ae8a0 Unloading class 0x0000000100258400 'java/lang/invoke/LambdaForm$MH+0x0000000100258400'
Event: 2.144 Thread 0x000002d5eb5ae8a0 Unloading class 0x0000000100258000 'java/lang/invoke/LambdaForm$MH+0x0000000100258000'
Event: 2.144 Thread 0x000002d5eb5ae8a0 Unloading class 0x0000000100257c00 'java/lang/invoke/LambdaForm$MH+0x0000000100257c00'
Event: 2.144 Thread 0x000002d5eb5ae8a0 Unloading class 0x0000000100257800 'java/lang/invoke/LambdaForm$MH+0x0000000100257800'
Event: 2.144 Thread 0x000002d5eb5ae8a0 Unloading class 0x0000000100257400 'java/lang/invoke/LambdaForm$BMH+0x0000000100257400'
Event: 2.144 Thread 0x000002d5eb5ae8a0 Unloading class 0x0000000100257000 'java/lang/invoke/LambdaForm$DMH+0x0000000100257000'
Event: 2.144 Thread 0x000002d5eb5ae8a0 Unloading class 0x0000000100254400 'java/lang/invoke/LambdaForm$DMH+0x0000000100254400'
Event: 4.397 Thread 0x000002d5eb5ae8a0 Unloading class 0x0000000100629c00 'jdk/internal/reflect/GeneratedSerializationConstructorAccessor31'
Event: 4.397 Thread 0x000002d5eb5ae8a0 Unloading class 0x0000000100629400 'jdk/internal/reflect/GeneratedSerializationConstructorAccessor28'
Event: 4.397 Thread 0x000002d5eb5ae8a0 Unloading class 0x0000000100628c00 'jdk/internal/reflect/GeneratedSerializationConstructorAccessor26'
Event: 4.397 Thread 0x000002d5eb5ae8a0 Unloading class 0x0000000100628400 'jdk/internal/reflect/GeneratedSerializationConstructorAccessor25'

Classes redefined (0 events):
No events

Internal exceptions (20 events):
Event: 5.072 Thread 0x000002d586755a80 Exception <a 'sun/nio/fs/WindowsException'{0x00000000eae1bda0}> (0x00000000eae1bda0) 
thrown [s\src\hotspot\share\prims\jni.cpp, line 516]
Event: 5.072 Thread 0x000002d586755a80 Exception <a 'sun/nio/fs/WindowsException'{0x00000000eae1c4b8}> (0x00000000eae1c4b8) 
thrown [s\src\hotspot\share\prims\jni.cpp, line 516]
Event: 5.078 Thread 0x000002d586328420 Exception <a 'sun/nio/fs/WindowsException'{0x00000000eaffea90}> (0x00000000eaffea90) 
thrown [s\src\hotspot\share\prims\jni.cpp, line 516]
Event: 5.078 Thread 0x000002d586328420 Exception <a 'sun/nio/fs/WindowsException'{0x00000000eb010c48}> (0x00000000eb010c48) 
thrown [s\src\hotspot\share\prims\jni.cpp, line 516]
Event: 5.120 Thread 0x000002d589300480 Exception <a 'sun/nio/fs/WindowsException'{0x00000000eb51ecf0}> (0x00000000eb51ecf0) 
thrown [s\src\hotspot\share\prims\jni.cpp, line 516]
Event: 5.120 Thread 0x000002d589300480 Exception <a 'sun/nio/fs/WindowsException'{0x00000000eb51f670}> (0x00000000eb51f670) 
thrown [s\src\hotspot\share\prims\jni.cpp, line 516]
Event: 5.140 Thread 0x000002d589300480 Exception <a 'sun/nio/fs/WindowsException'{0x00000000eab50348}> (0x00000000eab50348) 
thrown [s\src\hotspot\share\prims\jni.cpp, line 516]
Event: 5.140 Thread 0x000002d589300480 Exception <a 'sun/nio/fs/WindowsException'{0x00000000eab50a60}> (0x00000000eab50a60) 
thrown [s\src\hotspot\share\prims\jni.cpp, line 516]
Event: 5.156 Thread 0x000002d586755a80 Exception <a 'sun/nio/fs/WindowsException'{0x00000000eab42950}> (0x00000000eab42950) 
thrown [s\src\hotspot\share\prims\jni.cpp, line 516]
Event: 5.156 Thread 0x000002d586755a80 Exception <a 'sun/nio/fs/WindowsException'{0x00000000eab43068}> (0x00000000eab43068) 
thrown [s\src\hotspot\share\prims\jni.cpp, line 516]
Event: 5.178 Thread 0x000002d586755a80 Exception <a 'sun/nio/fs/WindowsException'{0x00000000eadb6c80}> (0x00000000eadb6c80) 
thrown [s\src\hotspot\share\prims\jni.cpp, line 516]
Event: 5.178 Thread 0x000002d586755a80 Exception <a 'sun/nio/fs/WindowsException'{0x00000000eadb7398}> (0x00000000eadb7398) 
thrown [s\src\hotspot\share\prims\jni.cpp, line 516]
Event: 5.252 Thread 0x000002d586328420 Exception <a 'sun/nio/fs/WindowsException'{0x00000000eab342e8}> (0x00000000eab342e8) 
thrown [s\src\hotspot\share\prims\jni.cpp, line 516]
Event: 5.253 Thread 0x000002d586328420 Exception <a 'sun/nio/fs/WindowsException'{0x00000000eab34a00}> (0x00000000eab34a00) 
thrown [s\src\hotspot\share\prims\jni.cpp, line 516]
Event: 5.266 Thread 0x000002d586757df0 Exception <a 'sun/nio/fs/WindowsException'{0x00000000eb046748}> (0x00000000eb046748) 
thrown [s\src\hotspot\share\prims\jni.cpp, line 516]
Event: 5.286 Thread 0x000002d586755f90 Exception <a 'java/lang/NoSuchMethodError'{0x00000000eaf35120}: 'void java.lang.invoke.DirectMethodHandle$Holder.invokeInterface(java.lang.Object, java.lang.Object)'> (0x00000000eaf35120) 
thrown [s\src\hotspot\share\interpreter\linkResolver.cpp, line 759]
Event: 5.293 Thread 0x000002d586755f90 Exception <a 'java/lang/NoSuchMethodError'{0x00000000eb075208}: 'java.lang.Object java.lang.invoke.DirectMethodHandle$Holder.newInvokeSpecial(java.lang.Object, java.lang.Object, java.lang.Object, java.lang.Object, java.lang.Object, java.lang.Object)'> (0x00000000eb075208) 
thrown [s\src\hotspot\share\interpreter\linkResolver.cpp, line 759]
Event: 5.297 Thread 0x000002d5867ace60 Exception <a 'java/lang/NoSuchMethodError'{0x00000000eb18ea90}: 'java.lang.Object java.lang.invoke.Invokers$Holder.linkToTargetMethod(java.lang.Object, java.lang.Object, java.lang.Object, java.lang.Object, java.lang.Object, java.lang.Object, java.lang.Object)'> (0x00000000eb18ea90) 
thrown [s\src\hotspot\share\interpreter\linkResolver.cpp, line 759]
Event: 5.493 Thread 0x000002d586758810 Exception <a 'java/lang/NoSuchMethodError'{0x00000000eaf49000}: 'java.lang.Object java.lang.invoke.DirectMethodHandle$Holder.invokeSpecial(java.lang.Object, java.lang.Object, int, long)'> (0x00000000eaf49000) 
thrown [s\src\hotspot\share\interpreter\linkResolver.cpp, line 759]
Event: 5.508 Thread 0x000002d5867ae2a0 Implicit null exception at 0x000002d5f5f233f1 to 0x000002d5f5f23b80

VM Operations (20 events):
Event: 5.628 Executing VM operation: ParallelGCFailedAllocation done
Event: 5.633 Executing VM operation: ParallelGCFailedAllocation
Event: 5.643 Executing VM operation: ParallelGCFailedAllocation done
Event: 5.645 Executing VM operation: ParallelGCFailedAllocation
Event: 5.649 Executing VM operation: ParallelGCFailedAllocation done
Event: 5.652 Executing VM operation: ParallelGCFailedAllocation
Event: 5.658 Executing VM operation: ParallelGCFailedAllocation done
Event: 5.662 Executing VM operation: ParallelGCFailedAllocation
Event: 5.665 Executing VM operation: ParallelGCFailedAllocation done
Event: 5.671 Executing VM operation: ParallelGCFailedAllocation
Event: 5.681 Executing VM operation: ParallelGCFailedAllocation done
Event: 5.692 Executing VM operation: ParallelGCFailedAllocation
Event: 5.696 Executing VM operation: ParallelGCFailedAllocation done
Event: 5.701 Executing VM operation: ParallelGCFailedAllocation
Event: 5.708 Executing VM operation: ParallelGCFailedAllocation done
Event: 5.716 Executing VM operation: ParallelGCFailedAllocation
Event: 5.719 Executing VM operation: ParallelGCFailedAllocation done
Event: 5.725 Executing VM operation: ParallelGCFailedAllocation
Event: 5.728 Executing VM operation: ParallelGCFailedAllocation done
Event: 5.734 Executing VM operation: ParallelGCFailedAllocation

Events (20 events):
Event: 5.294 Thread 0x000002d5867a91a0 Thread added: 0x000002d5867a91a0
Event: 5.324 loading class java/util/zip/CheckedInputStream
Event: 5.325 loading class java/util/zip/CheckedInputStream done
Event: 5.373 Thread 0x000002d5867ab510 Thread added: 0x000002d5867ab510
Event: 5.373 Thread 0x000002d5867ae2a0 Thread added: 0x000002d5867ae2a0
Event: 5.425 loading class java/util/zip/GZIPInputStream$1
Event: 5.425 loading class java/util/zip/GZIPInputStream$1 done
Event: 5.596 loading class java/io/FileReader
Event: 5.596 loading class java/io/FileReader done
Event: 5.597 loading class java/lang/UnsupportedClassVersionError
Event: 5.597 loading class java/lang/UnsupportedClassVersionError done
Event: 5.599 Thread 0x000002d5867ac950 Thread added: 0x000002d5867ac950
Event: 5.599 Thread 0x000002d5867ad880 Thread added: 0x000002d5867ad880
Event: 5.599 Thread 0x000002d5867a7340 Thread added: 0x000002d5867a7340
Event: 5.613 Thread 0x000002d5867aba20 Thread added: 0x000002d5867aba20
Event: 5.613 Thread 0x000002d5867aaaf0 Thread added: 0x000002d5867aaaf0
Event: 5.620 loading class java/util/regex/Pattern$1
Event: 5.622 loading class java/util/regex/Pattern$1 done
Event: 5.631 loading class jdk/internal/reflect/UnsafeQualifiedStaticIntegerFieldAccessorImpl
Event: 5.631 loading class jdk/internal/reflect/UnsafeQualifiedStaticIntegerFieldAccessorImpl done


Dynamic libraries:
0x00007ff6f9ec0000 - 0x00007ff6f9ece000 	c:\Users\Admin\.vscode\extensions\redhat.java-1.33.0-win32-x64\jre\17.0.11-win32-x86_64\bin\java.exe
0x00007ffe18570000 - 0x00007ffe18787000 	C:\Windows\SYSTEM32\ntdll.dll
0x00007ffe16900000 - 0x00007ffe169c4000 	C:\Windows\System32\KERNEL32.DLL
0x00007ffe15a20000 - 0x00007ffe15dc6000 	C:\Windows\System32\KERNELBASE.dll
0x00007ffe15ec0000 - 0x00007ffe15fd1000 	C:\Windows\System32\ucrtbase.dll
0x00007ffdfa140000 - 0x00007ffdfa15b000 	c:\Users\Admin\.vscode\extensions\redhat.java-1.33.0-win32-x64\jre\17.0.11-win32-x86_64\bin\VCRUNTIME140.dll
0x00007ffe035c0000 - 0x00007ffe035d7000 	c:\Users\Admin\.vscode\extensions\redhat.java-1.33.0-win32-x64\jre\17.0.11-win32-x86_64\bin\jli.dll
0x00007ffe179f0000 - 0x00007ffe17b9e000 	C:\Windows\System32\USER32.dll
0x00007ffe01960000 - 0x00007ffe01bf3000 	C:\Windows\WinSxS\amd64_microsoft.windows.common-controls_6595b64144ccf1df_6.0.22621.2506_none_270c5ae97388e100\COMCTL32.dll
0x00007ffe15fe0000 - 0x00007ffe16006000 	C:\Windows\System32\win32u.dll
0x00007ffe16460000 - 0x00007ffe16507000 	C:\Windows\System32\msvcrt.dll
0x00007ffe183d0000 - 0x00007ffe183f9000 	C:\Windows\System32\GDI32.dll
0x00007ffe160e0000 - 0x00007ffe161f8000 	C:\Windows\System32\gdi32full.dll
0x00007ffe16010000 - 0x00007ffe160aa000 	C:\Windows\System32\msvcp_win.dll
0x00007ffe17f60000 - 0x00007ffe17f91000 	C:\Windows\System32\IMM32.DLL
0x00007ffe030f0000 - 0x00007ffe030fc000 	c:\Users\Admin\.vscode\extensions\redhat.java-1.33.0-win32-x64\jre\17.0.11-win32-x86_64\bin\vcruntime140_1.dll
0x00007ffd9f720000 - 0x00007ffd9f7ad000 	c:\Users\Admin\.vscode\extensions\redhat.java-1.33.0-win32-x64\jre\17.0.11-win32-x86_64\bin\msvcp140.dll
0x00007ffd91cc0000 - 0x00007ffd92922000 	c:\Users\Admin\.vscode\extensions\redhat.java-1.33.0-win32-x64\jre\17.0.11-win32-x86_64\bin\server\jvm.dll
0x00007ffe163a0000 - 0x00007ffe16453000 	C:\Windows\System32\ADVAPI32.dll
0x00007ffe17fa0000 - 0x00007ffe18048000 	C:\Windows\System32\sechost.dll
0x00007ffe160b0000 - 0x00007ffe160d8000 	C:\Windows\System32\bcrypt.dll
0x00007ffe18400000 - 0x00007ffe18517000 	C:\Windows\System32\RPCRT4.dll
0x00007ffdffd30000 - 0x00007ffdffd39000 	C:\Windows\SYSTEM32\WSOCK32.dll
0x00007ffe14700000 - 0x00007ffe1474d000 	C:\Windows\SYSTEM32\POWRPROF.dll
0x00007ffe17ba0000 - 0x00007ffe17c11000 	C:\Windows\System32\WS2_32.dll
0x00007ffe02330000 - 0x00007ffe02364000 	C:\Windows\SYSTEM32\WINMM.dll
0x00007ffe0ab80000 - 0x00007ffe0ab8a000 	C:\Windows\SYSTEM32\VERSION.dll
0x00007ffe146e0000 - 0x00007ffe146f3000 	C:\Windows\SYSTEM32\UMPDC.dll
0x00007ffe149a0000 - 0x00007ffe149b8000 	C:\Windows\SYSTEM32\kernel.appcore.dll
0x00007ffe00150000 - 0x00007ffe0015a000 	c:\Users\Admin\.vscode\extensions\redhat.java-1.33.0-win32-x64\jre\17.0.11-win32-x86_64\bin\jimage.dll
0x00007ffe130d0000 - 0x00007ffe13303000 	C:\Windows\SYSTEM32\DBGHELP.DLL
0x00007ffe16570000 - 0x00007ffe168f9000 	C:\Windows\System32\combase.dll
0x00007ffe162c0000 - 0x00007ffe16397000 	C:\Windows\System32\OLEAUT32.dll
0x00007ffdf8a40000 - 0x00007ffdf8a72000 	C:\Windows\SYSTEM32\dbgcore.DLL
0x00007ffe15e40000 - 0x00007ffe15eba000 	C:\Windows\System32\bcryptPrimitives.dll
0x00007ffdfbdf0000 - 0x00007ffdfbdfe000 	c:\Users\Admin\.vscode\extensions\redhat.java-1.33.0-win32-x64\jre\17.0.11-win32-x86_64\bin\instrument.dll
0x00007ffdfa110000 - 0x00007ffdfa135000 	c:\Users\Admin\.vscode\extensions\redhat.java-1.33.0-win32-x64\jre\17.0.11-win32-x86_64\bin\java.dll
0x00007ffdf8c80000 - 0x00007ffdf8c98000 	c:\Users\Admin\.vscode\extensions\redhat.java-1.33.0-win32-x64\jre\17.0.11-win32-x86_64\bin\zip.dll
0x00007ffe169d0000 - 0x00007ffe1722b000 	C:\Windows\System32\SHELL32.dll
0x00007ffe137c0000 - 0x00007ffe140b6000 	C:\Windows\SYSTEM32\windows.storage.dll
0x00007ffe13680000 - 0x00007ffe137be000 	C:\Windows\SYSTEM32\wintypes.dll
0x00007ffe17de0000 - 0x00007ffe17ed3000 	C:\Windows\System32\SHCORE.dll
0x00007ffe17f00000 - 0x00007ffe17f5e000 	C:\Windows\System32\shlwapi.dll
0x00007ffe157e0000 - 0x00007ffe15806000 	C:\Windows\SYSTEM32\profapi.dll
0x00007ffdf8c60000 - 0x00007ffdf8c79000 	C:\Users\Admin\.vscode\extensions\redhat.java-1.33.0-win32-x64\jre\17.0.11-win32-x86_64\bin\net.dll
0x00007ffe0eab0000 - 0x00007ffe0ebe7000 	C:\Windows\SYSTEM32\WINHTTP.dll
0x00007ffe14e10000 - 0x00007ffe14e79000 	C:\Windows\system32\mswsock.dll
0x00007ffdf37b0000 - 0x00007ffdf37c6000 	C:\Users\Admin\.vscode\extensions\redhat.java-1.33.0-win32-x64\jre\17.0.11-win32-x86_64\bin\nio.dll
0x00007ffdfa710000 - 0x00007ffdfa720000 	c:\Users\Admin\.vscode\extensions\redhat.java-1.33.0-win32-x64\jre\17.0.11-win32-x86_64\bin\verify.dll
0x00007ffdc4a40000 - 0x00007ffdc4a85000 	C:\Users\Admin\AppData\Roaming\Code\User\globalStorage\redhat.java\1.33.0\config_win\org.eclipse.equinox.launcher\org.eclipse.equinox.launcher.win32.win32.x86_64_1.2.1100.v20240722-2106\eclipse_11904.dll
0x00007ffe177d0000 - 0x00007ffe17970000 	C:\Windows\System32\ole32.dll
0x00007ffe15160000 - 0x00007ffe1517b000 	C:\Windows\SYSTEM32\CRYPTSP.dll
0x00007ffe14900000 - 0x00007ffe14935000 	C:\Windows\system32\rsaenh.dll
0x00007ffe14eb0000 - 0x00007ffe14edc000 	C:\Windows\SYSTEM32\USERENV.dll
0x00007ffe15140000 - 0x00007ffe1514c000 	C:\Windows\SYSTEM32\CRYPTBASE.dll
0x00007ffe14320000 - 0x00007ffe1434d000 	C:\Windows\SYSTEM32\IPHLPAPI.DLL
0x00007ffe18200000 - 0x00007ffe18209000 	C:\Windows\System32\NSI.dll
0x00007ffe0e9f0000 - 0x00007ffe0ea09000 	C:\Windows\SYSTEM32\dhcpcsvc6.DLL
0x00007ffe0e940000 - 0x00007ffe0e95f000 	C:\Windows\SYSTEM32\dhcpcsvc.DLL
0x00007ffe143e0000 - 0x00007ffe144d9000 	C:\Windows\SYSTEM32\DNSAPI.dll
0x00007ffdb13c0000 - 0x00007ffdb1405000 	C:\Users\Admin\AppData\Local\Temp\jna-63116079\jna5723786742092593344.dll
0x00007ffe176b0000 - 0x00007ffe176b8000 	C:\Windows\System32\PSAPI.DLL
0x00007ffdf9f60000 - 0x00007ffdf9f6e000 	C:\Users\Admin\.vscode\extensions\redhat.java-1.33.0-win32-x64\jre\17.0.11-win32-x86_64\bin\sunmscapi.dll
0x00007ffe158b0000 - 0x00007ffe15a16000 	C:\Windows\System32\CRYPT32.dll
0x00007ffe15270000 - 0x00007ffe1529e000 	C:\Windows\SYSTEM32\ncrypt.dll
0x00007ffe15230000 - 0x00007ffe15267000 	C:\Windows\SYSTEM32\NTASN1.dll

dbghelp: loaded successfully - version: 4.0.5 - missing functions: none
symbol engine: initialized successfully - sym options: 0x614 - pdb path: .;c:\Users\Admin\.vscode\extensions\redhat.java-1.33.0-win32-x64\jre\17.0.11-win32-x86_64\bin;C:\Windows\SYSTEM32;C:\Windows\WinSxS\amd64_microsoft.windows.common-controls_6595b64144ccf1df_6.0.22621.2506_none_270c5ae97388e100;c:\Users\Admin\.vscode\extensions\redhat.java-1.33.0-win32-x64\jre\17.0.11-win32-x86_64\bin\server;C:\Users\Admin\AppData\Roaming\Code\User\globalStorage\redhat.java\1.33.0\config_win\org.eclipse.equinox.launcher\org.eclipse.equinox.launcher.win32.win32.x86_64_1.2.1100.v20240722-2106;C:\Users\Admin\AppData\Local\Temp\jna-63116079

VM Arguments:
jvm_args: --add-modules=ALL-SYSTEM --add-opens=java.base/java.util=ALL-UNNAMED --add-opens=java.base/java.lang=ALL-UNNAMED --add-opens=java.base/sun.nio.fs=ALL-UNNAMED -Declipse.application=org.eclipse.jdt.ls.core.id1 -Dosgi.bundles.defaultStartLevel=4 -Declipse.product=org.eclipse.jdt.ls.core.product -Djava.import.generatesMetadataFilesAtProjectRoot=false -DDetectVMInstallationsJob.disabled=true -Dfile.encoding=utf8 -XX:+UseParallelGC -XX:GCTimeRatio=4 -XX:AdaptiveSizePolicyWeight=90 -Dsun.zip.disableMemoryMapping=true -Xmx1G -Xms100m -Xlog:disable -javaagent:c:\Users\Admin\.vscode\extensions\redhat.java-1.33.0-win32-x64\lombok\lombok-1.18.33.jar -XX:+HeapDumpOnOutOfMemoryError -XX:HeapDumpPath=c:\Users\Admin\AppData\Roaming\Code\User\workspaceStorage\eb20fc06d4a3b5e07cae54c0eea6be4b\redhat.java -Daether.dependencyCollector.impl=bf 
java_command: c:\Users\Admin\.vscode\extensions\redhat.java-1.33.0-win32-x64\server\plugins\org.eclipse.equinox.launcher_1.6.900.v20240613-2009.jar -configuration c:\Users\Admin\AppData\Roaming\Code\User\globalStorage\redhat.java\1.33.0\config_win -data c:\Users\Admin\AppData\Roaming\Code\User\workspaceStorage\eb20fc06d4a3b5e07cae54c0eea6be4b\redhat.java\jdt_ws --pipe=\\.\pipe\lsp-0e3436ddad5afaa4bfbb0b5ce730dfdf-sock
java_class_path (initial): c:\Users\Admin\.vscode\extensions\redhat.java-1.33.0-win32-x64\server\plugins\org.eclipse.equinox.launcher_1.6.900.v20240613-2009.jar
Launcher Type: SUN_STANDARD

[Global flags]
    uintx AdaptiveSizePolicyWeight                 = 90                                        {product} {command line}
     intx CICompilerCount                          = 4                                         {product} {ergonomic}
    uintx GCTimeRatio                              = 4                                         {product} {command line}
     bool HeapDumpOnOutOfMemoryError               = true                                   {manageable} {command line}
    ccstr HeapDumpPath                             = c:\Users\Admin\AppData\Roaming\Code\User\workspaceStorage\eb20fc06d4a3b5e07cae54c0eea6be4b\redhat.java         {manageable} {command line}
   size_t InitialHeapSize                          = 104857600                                 {product} {command line}
   size_t MaxHeapSize                              = 1073741824                                {product} {command line}
   size_t MaxNewSize                               = 357564416                                 {product} {ergonomic}
   size_t MinHeapDeltaBytes                        = 524288                                    {product} {ergonomic}
   size_t MinHeapSize                              = 104857600                                 {product} {command line}
   size_t NewSize                                  = 34603008                                  {product} {ergonomic}
    uintx NonNMethodCodeHeapSize                   = 5839372                                {pd product} {ergonomic}
    uintx NonProfiledCodeHeapSize                  = 122909434                              {pd product} {ergonomic}
   size_t OldSize                                  = 70254592                                  {product} {ergonomic}
    uintx ProfiledCodeHeapSize                     = 122909434                              {pd product} {ergonomic}
    uintx ReservedCodeCacheSize                    = 251658240                              {pd product} {ergonomic}
     bool SegmentedCodeCache                       = true                                      {product} {ergonomic}
   size_t SoftMaxHeapSize                          = 1073741824                             {manageable} {ergonomic}
     bool UseCompressedClassPointers               = true                           {product lp64_product} {ergonomic}
     bool UseCompressedOops                        = true                           {product lp64_product} {ergonomic}
     bool UseLargePagesIndividualAllocation        = false                                  {pd product} {ergonomic}
     bool UseParallelGC                            = true                                      {product} {command line}

Logging:
Log output configuration:
 #0: stdout all=off uptime,level,tags
 #1: stderr all=off uptime,level,tags

Environment Variables:
JAVA_HOME=C:\Program Files\Eclipse Adoptium\jdk-21.0.3.9-hotspot
PATH=C:\Program Files\Eclipse Adoptium\jdk-21.0.3.9-hotspot\bin;C:\Windows\system32;C:\Windows;C:\Windows\System32\Wbem;C:\Windows\System32\WindowsPowerShell\v1.0\;C:\Windows\System32\OpenSSH\;C:\Program Files\Microsoft SQL Server\Client SDK\ODBC\170\Tools\Binn\;C:\Program Files\Microsoft SQL Server\150\Tools\Binn\;C:\Program Files\dotnet\;C:\Program Files\nodejs\;C:\Program Files\Docker\Docker\resources\bin;C:\Program Files\Git\cmd;C:\Program Files\apache-maven-3.9.8\bin;C:\Users\Admin\AppData\Local\Microsoft\WindowsApps;C:\Users\Admin\.dotnet\tools;C:\Users\Admin\AppData\Local\Programs\Microsoft VS Code\bin;C:\Users\Admin\AppData\Local\JetBrains\Toolbox\scripts;C:\Users\Admin\AppData\Roaming\npm
USERNAME=Admin
OS=Windows_NT
PROCESSOR_IDENTIFIER=Intel64 Family 6 Model 151 Stepping 5, GenuineIntel
TMP=C:\Users\Admin\AppData\Local\Temp
TEMP=C:\Users\Admin\AppData\Local\Temp



Periodic native trim disabled


---------------  S Y S T E M  ---------------

OS:
 Windows 11 , 64 bit Build 22621 (10.0.22621.3078)
OS uptime: 0 days 6:46 hours
Hyper-V role detected

CPU: total 8 (initial active 8) (4 cores per cpu, 2 threads per core) family 6 model 151 stepping 5 microcode 0x1e, cx8, cmov, fxsr, ht, mmx, 3dnowpref, sse, sse2, sse3, ssse3, sse4.1, sse4.2, popcnt, lzcnt, tsc, tscinvbit, avx, avx2, aes, erms, clmul, bmi1, bmi2, adx, sha, fma, vzeroupper, clflush, clflushopt, clwb, hv
Processor Information for all 8 processors :
  Max Mhz: 3300, Current Mhz: 3300, Mhz Limit: 3300

Memory: 4k page, system-wide physical 7969M (275M free)
TotalPageFile size 16161M (AvailPageFile size 3M)
current process WorkingSet (physical memory assigned to process): 338M, peak: 342M
current process commit charge ("private bytes"): 368M, peak: 380M

vm_info: OpenJDK 64-Bit Server VM (17.0.11+9) for windows-amd64 JRE (17.0.11+9), built on Apr 17 2024 06:07:48 by "admin" with MS VC++ 16.10 / 16.11 (VS2019)

END.
