#
# There is insufficient memory for the Java Runtime Environment to continue.
# Native memory allocation (malloc) failed to allocate 32744 bytes. Error detail: ChunkPool::allocate
# Possible reasons:
#   The system is out of physical RAM or swap space
#   This process is running with CompressedOops enabled, and the Java Heap may be blocking the growth of the native heap
# Possible solutions:
#   Reduce memory load on the system
#   Increase physical memory or swap space
#   Check if swap backing store is full
#   Decrease Java heap size (-Xmx/-Xms)
#   Decrease number of Java threads
#   Decrease Java thread stack sizes (-Xss)
#   Set larger code cache with -XX:ReservedCodeCacheSize=
#   JVM is running with Unscaled Compressed Oops mode in which the Java heap is
#     placed in the first 4GB address space. The Java Heap base address is the
#     maximum limit for the native heap growth. Please use -XX:HeapBaseMinAddress
#     to set the Java Heap base and to place the Java Heap above 4GB virtual address.
# This output file may be truncated or incomplete.
#
#  Out of Memory Error (arena.cpp:79), pid=5952, tid=4904
#
# JRE version: OpenJDK Runtime Environment Temurin-17.0.12+7 (17.0.12+7) (build 17.0.12+7)
# Java VM: OpenJDK 64-Bit Server VM Temurin-17.0.12+7 (17.0.12+7, mixed mode, tiered, compressed oops, compressed class ptrs, parallel gc, windows-amd64)
# No core dump will be written. Minidumps are not enabled by default on client versions of Windows
#

---------------  S U M M A R Y ------------

Command Line: --add-modules=ALL-SYSTEM --add-opens=java.base/java.util=ALL-UNNAMED --add-opens=java.base/java.lang=ALL-UNNAMED --add-opens=java.base/sun.nio.fs=ALL-UNNAMED -Declipse.application=org.eclipse.jdt.ls.core.id1 -Dosgi.bundles.defaultStartLevel=4 -Declipse.product=org.eclipse.jdt.ls.core.product -Djava.import.generatesMetadataFilesAtProjectRoot=false -DDetectVMInstallationsJob.disabled=true -Dfile.encoding=utf8 -XX:+UseParallelGC -XX:GCTimeRatio=4 -XX:AdaptiveSizePolicyWeight=90 -Dsun.zip.disableMemoryMapping=true -Xmx1G -Xms100m -Xlog:disable -javaagent:c:\Users\Admin\.vscode\extensions\redhat.java-1.35.1-win32-x64\lombok\lombok-1.18.33.jar -XX:+HeapDumpOnOutOfMemoryError -XX:HeapDumpPath=c:\Users\Admin\AppData\Roaming\Code\User\workspaceStorage\eb20fc06d4a3b5e07cae54c0eea6be4b\redhat.java -Daether.dependencyCollector.impl=bf c:\Users\Admin\.vscode\extensions\redhat.java-1.35.1-win32-x64\server\plugins\org.eclipse.equinox.launcher_1.6.900.v20240613-2009.jar -configuration c:\Users\Admin\AppData\Roaming\Code\User\globalStorage\redhat.java\1.35.1\config_win -data c:\Users\Admin\AppData\Roaming\Code\User\workspaceStorage\eb20fc06d4a3b5e07cae54c0eea6be4b\redhat.java\jdt_ws --pipe=\\.\pipe\lsp-c8bc993b99ed86e4cdfc2cec16012345-sock

Host: 12th Gen Intel(R) Core(TM) i3-12100, 8 cores, 7G,  Windows 11 , 64 bit Build 22621 (10.0.22621.3078)
Time: Fri Oct  4 14:13:50 2024 Hora est. Pacífico, Sudamérica elapsed time: 258.929568 seconds (0d 0h 4m 18s)

---------------  T H R E A D  ---------------

Current thread (0x000001dafea79090):  JavaThread "C2 CompilerThread0" daemon [_thread_in_native, id=4904, stack(0x00000015d4500000,0x00000015d4600000)]


Current CompileTask:
C2: 258929 17349       4       org.eclipse.core.internal.localstore.FileStoreRoot::createStore (90 bytes)

Stack: [0x00000015d4500000,0x00000015d4600000]
Native frames: (J=compiled Java code, j=interpreted, Vv=VM code, C=native code)
V  [jvm.dll+0x67f929]
V  [jvm.dll+0x8371ba]
V  [jvm.dll+0x838c7e]
V  [jvm.dll+0x8392e3]
V  [jvm.dll+0x24834f]
V  [jvm.dll+0xacbd1]
V  [jvm.dll+0xad01c]
V  [jvm.dll+0x7fb012]
V  [jvm.dll+0x7fc689]
V  [jvm.dll+0x7fbe21]
V  [jvm.dll+0x7fadad]
V  [jvm.dll+0x34acb4]
V  [jvm.dll+0x2aeb2c]
V  [jvm.dll+0x697dd5]
V  [jvm.dll+0x68fd8b]
V  [jvm.dll+0x68f3c7]
V  [jvm.dll+0x68d2b2]
V  [jvm.dll+0x1a8b1c]
V  [jvm.dll+0x1a96b6]
V  [jvm.dll+0x2aeb84]
V  [jvm.dll+0x697dd5]
V  [jvm.dll+0x68fd8b]
V  [jvm.dll+0x68f3c7]
V  [jvm.dll+0x68d2b2]
V  [jvm.dll+0x1a8b1c]
V  [jvm.dll+0x1a96b6]
V  [jvm.dll+0x1a96b6]
V  [jvm.dll+0x2aeb84]
V  [jvm.dll+0x697dd5]
V  [jvm.dll+0x68fd8b]
V  [jvm.dll+0x68f3c7]
V  [jvm.dll+0x68d2b2]
V  [jvm.dll+0x1a8b1c]
V  [jvm.dll+0x1a96b6]
V  [jvm.dll+0x2aeb84]
V  [jvm.dll+0x697dd5]
V  [jvm.dll+0x68fd8b]
V  [jvm.dll+0x68f3c7]
V  [jvm.dll+0x68d2b2]
V  [jvm.dll+0x1a8b1c]
V  [jvm.dll+0x2aeb84]
V  [jvm.dll+0x697dd5]
V  [jvm.dll+0x68fd8b]
V  [jvm.dll+0x68f3c7]
V  [jvm.dll+0x68d2b2]
V  [jvm.dll+0x1a8b1c]
V  [jvm.dll+0x2aeb84]
V  [jvm.dll+0x697dd5]
V  [jvm.dll+0x68fd8b]
V  [jvm.dll+0x68f3c7]
V  [jvm.dll+0x68d2b2]
V  [jvm.dll+0x1a8b1c]
V  [jvm.dll+0x1a96b6]
V  [jvm.dll+0x2aeb84]
V  [jvm.dll+0x697dd5]
V  [jvm.dll+0x68fd8b]
V  [jvm.dll+0x68f3c7]
V  [jvm.dll+0x68d2b2]
V  [jvm.dll+0x1a8b1c]
V  [jvm.dll+0x1a96b6]
V  [jvm.dll+0x1a96b6]
V  [jvm.dll+0x2aeb84]
V  [jvm.dll+0x697dd5]
V  [jvm.dll+0x68fd8b]
V  [jvm.dll+0x68f3c7]
V  [jvm.dll+0x68d2b2]
V  [jvm.dll+0x1a8b1c]
V  [jvm.dll+0x1a96b6]
V  [jvm.dll+0x2aeb84]
V  [jvm.dll+0x697dd5]
V  [jvm.dll+0x68fd8b]
V  [jvm.dll+0x68f3c7]
V  [jvm.dll+0x68d2b2]
V  [jvm.dll+0x1a8b1c]
V  [jvm.dll+0x2aeb84]
V  [jvm.dll+0x697dd5]
V  [jvm.dll+0x68fd8b]
V  [jvm.dll+0x68f3c7]
V  [jvm.dll+0x68d2b2]
V  [jvm.dll+0x1a8b1c]
V  [jvm.dll+0x2198a8]
V  [jvm.dll+0x1a58bd]
V  [jvm.dll+0x229a2d]
V  [jvm.dll+0x227bdc]
V  [jvm.dll+0x7ec1f7]
V  [jvm.dll+0x7e65dc]
V  [jvm.dll+0x67e7f7]
C  [ucrtbase.dll+0x29363]
C  [KERNEL32.DLL+0x1257d]
C  [ntdll.dll+0x5aa58]


---------------  P R O C E S S  ---------------

Threads class SMR info:
_java_thread_list=0x000001da9591a5f0, length=44, elements={
0x000001daf8b6fb70, 0x000001dafd9f4030, 0x000001dafd9f72b0, 0x000001dafd9f9fa0,
0x000001dafd9fa970, 0x000001dafd9fb440, 0x000001dafd9fe660, 0x000001dafea79090,
0x000001dafea7f430, 0x000001dafea91a90, 0x000001dafeba0bc0, 0x000001da9302b7f0,
0x000001da931caea0, 0x000001da9396b860, 0x000001da939b7760, 0x000001da93c2ddb0,
0x000001da93e2f870, 0x000001da93284780, 0x000001da93282410, 0x000001da93284c90,
0x000001da932856b0, 0x000001da93283850, 0x000001da93281f00, 0x000001da958fe550,
0x000001da958fbcd0, 0x000001da958fe040, 0x000001da959003b0, 0x000001da958fa890,
0x000001da958ff990, 0x000001da958fc6f0, 0x000001da958fcc00, 0x000001da958fd110,
0x000001da958fb7c0, 0x000001da958f8f40, 0x000001da958fd620, 0x000001da958fc1e0,
0x000001da958fdb30, 0x000001da958fef70, 0x000001da958f9450, 0x000001da958f9960,
0x000001da99c515a0, 0x000001da99c51ab0, 0x000001da99c4fc50, 0x000001da99c51fc0
}

Java Threads: ( => current thread )
  0x000001daf8b6fb70 JavaThread "main" [_thread_blocked, id=14652, stack(0x00000015d3c00000,0x00000015d3d00000)]
  0x000001dafd9f4030 JavaThread "Reference Handler" daemon [_thread_blocked, id=8156, stack(0x00000015d3f00000,0x00000015d4000000)]
  0x000001dafd9f72b0 JavaThread "Finalizer" daemon [_thread_blocked, id=11852, stack(0x00000015d4000000,0x00000015d4100000)]
  0x000001dafd9f9fa0 JavaThread "Signal Dispatcher" daemon [_thread_blocked, id=9376, stack(0x00000015d4100000,0x00000015d4200000)]
  0x000001dafd9fa970 JavaThread "Attach Listener" daemon [_thread_blocked, id=13272, stack(0x00000015d4200000,0x00000015d4300000)]
  0x000001dafd9fb440 JavaThread "Service Thread" daemon [_thread_blocked, id=15472, stack(0x00000015d4300000,0x00000015d4400000)]
  0x000001dafd9fe660 JavaThread "Monitor Deflation Thread" daemon [_thread_blocked, id=15188, stack(0x00000015d4400000,0x00000015d4500000)]
=>0x000001dafea79090 JavaThread "C2 CompilerThread0" daemon [_thread_in_native, id=4904, stack(0x00000015d4500000,0x00000015d4600000)]
  0x000001dafea7f430 JavaThread "C1 CompilerThread0" daemon [_thread_blocked, id=16476, stack(0x00000015d4600000,0x00000015d4700000)]
  0x000001dafea91a90 JavaThread "Sweeper thread" daemon [_thread_blocked, id=10928, stack(0x00000015d4700000,0x00000015d4800000)]
  0x000001dafeba0bc0 JavaThread "Common-Cleaner" daemon [_thread_blocked, id=17284, stack(0x00000015d4800000,0x00000015d4900000)]
  0x000001da9302b7f0 JavaThread "Notification Thread" daemon [_thread_blocked, id=11732, stack(0x00000015d4a00000,0x00000015d4b00000)]
  0x000001da931caea0 JavaThread "Active Thread: Equinox Container: 24565a6d-9a40-4200-a503-269105bda745" [_thread_blocked, id=9828, stack(0x00000015d5300000,0x00000015d5400000)]
  0x000001da9396b860 JavaThread "Framework Event Dispatcher: Equinox Container: 24565a6d-9a40-4200-a503-269105bda745" daemon [_thread_blocked, id=4876, stack(0x00000015d5400000,0x00000015d5500000)]
  0x000001da939b7760 JavaThread "Start Level: Equinox Container: 24565a6d-9a40-4200-a503-269105bda745" daemon [_thread_blocked, id=4176, stack(0x00000015d5500000,0x00000015d5600000)]
  0x000001da93c2ddb0 JavaThread "Bundle File Closer" daemon [_thread_blocked, id=15260, stack(0x00000015d5700000,0x00000015d5800000)]
  0x000001da93e2f870 JavaThread "SCR Component Actor" daemon [_thread_blocked, id=13596, stack(0x00000015d5800000,0x00000015d5900000)]
  0x000001da93284780 JavaThread "Worker-JM" [_thread_blocked, id=17316, stack(0x00000015d5a00000,0x00000015d5b00000)]
  0x000001da93282410 JavaThread "JNA Cleaner" daemon [_thread_blocked, id=7180, stack(0x00000015d5b00000,0x00000015d5c00000)]
  0x000001da93284c90 JavaThread "Worker-0" [_thread_blocked, id=16748, stack(0x00000015d5c00000,0x00000015d5d00000)]
  0x000001da932856b0 JavaThread "Java indexing" daemon [_thread_blocked, id=16060, stack(0x00000015d5f00000,0x00000015d6000000)]
  0x000001da93283850 JavaThread "Thread-2" daemon [_thread_in_native, id=15496, stack(0x00000015d6200000,0x00000015d6300000)]
  0x000001da93281f00 JavaThread "Thread-3" daemon [_thread_in_native, id=13572, stack(0x00000015d6300000,0x00000015d6400000)]
  0x000001da958fe550 JavaThread "Thread-4" daemon [_thread_in_native, id=10164, stack(0x00000015d6400000,0x00000015d6500000)]
  0x000001da958fbcd0 JavaThread "Thread-5" daemon [_thread_in_native, id=16480, stack(0x00000015d6500000,0x00000015d6600000)]
  0x000001da958fe040 JavaThread "Thread-6" daemon [_thread_in_native, id=13124, stack(0x00000015d6600000,0x00000015d6700000)]
  0x000001da959003b0 JavaThread "Thread-7" daemon [_thread_in_native, id=14276, stack(0x00000015d6700000,0x00000015d6800000)]
  0x000001da958fa890 JavaThread "Thread-8" daemon [_thread_in_native, id=10296, stack(0x00000015d6800000,0x00000015d6900000)]
  0x000001da958ff990 JavaThread "Thread-9" daemon [_thread_in_native, id=4788, stack(0x00000015d6900000,0x00000015d6a00000)]
  0x000001da958fc6f0 JavaThread "Thread-10" daemon [_thread_in_native, id=16804, stack(0x00000015d6a00000,0x00000015d6b00000)]
  0x000001da958fcc00 JavaThread "pool-2-thread-1" [_thread_blocked, id=12072, stack(0x00000015d6b00000,0x00000015d6c00000)]
  0x000001da958fd110 JavaThread "WorkspaceEventsHandler" [_thread_blocked, id=516, stack(0x00000015d6c00000,0x00000015d6d00000)]
  0x000001da958fb7c0 JavaThread "pool-1-thread-1" [_thread_blocked, id=15012, stack(0x00000015d6d00000,0x00000015d6e00000)]
  0x000001da958f8f40 JavaThread "Worker-4" [_thread_blocked, id=15040, stack(0x00000015d6f00000,0x00000015d7000000)]
  0x000001da958fd620 JavaThread "Compiler Source File Reader" daemon [_thread_blocked, id=13736, stack(0x00000015d7200000,0x00000015d7300000)]
  0x000001da958fc1e0 JavaThread "Compiler Source File Reader" daemon [_thread_blocked, id=4980, stack(0x00000015d7300000,0x00000015d7400000)]
  0x000001da958fdb30 JavaThread "Compiler Source File Reader" daemon [_thread_blocked, id=2560, stack(0x00000015d7400000,0x00000015d7500000)]
  0x000001da958fef70 JavaThread "Compiler Source File Reader" daemon [_thread_blocked, id=11816, stack(0x00000015d7500000,0x00000015d7600000)]
  0x000001da958f9450 JavaThread "Compiler Source File Reader" daemon [_thread_blocked, id=5472, stack(0x00000015d7600000,0x00000015d7700000)]
  0x000001da958f9960 JavaThread "Compiler Source File Reader" daemon [_thread_blocked, id=16704, stack(0x00000015d7700000,0x00000015d7800000)]
  0x000001da99c515a0 JavaThread "ForkJoinPool.commonPool-worker-3" daemon [_thread_blocked, id=5000, stack(0x00000015d7a00000,0x00000015d7b00000)]
  0x000001da99c51ab0 JavaThread "ForkJoinPool.commonPool-worker-5" daemon [_thread_blocked, id=1388, stack(0x00000015d7c00000,0x00000015d7d00000)]
  0x000001da99c4fc50 JavaThread "ForkJoinPool.commonPool-worker-6" daemon [_thread_blocked, id=13112, stack(0x00000015d7d00000,0x00000015d7e00000)]
  0x000001da99c51fc0 JavaThread "ForkJoinPool.commonPool-worker-7" daemon [_thread_blocked, id=15020, stack(0x00000015d7e00000,0x00000015d7f00000)]

Other Threads:
  0x000001daf8c1eca0 VMThread "VM Thread" [stack: 0x00000015d3e00000,0x00000015d3f00000] [id=10364]
  0x000001da9302c1e0 WatcherThread [stack: 0x00000015d4b00000,0x00000015d4c00000] [id=10636]
  0x000001daf8b85f80 GCTaskThread "GC Thread#0" [stack: 0x00000015d3d00000,0x00000015d3e00000] [id=11956]
  0x000001da931178d0 GCTaskThread "GC Thread#1" [stack: 0x00000015d4d00000,0x00000015d4e00000] [id=304]
  0x000001da93117b90 GCTaskThread "GC Thread#2" [stack: 0x00000015d4e00000,0x00000015d4f00000] [id=12188]
  0x000001da932bfe40 GCTaskThread "GC Thread#3" [stack: 0x00000015d4f00000,0x00000015d5000000] [id=5572]
  0x000001da932c0100 GCTaskThread "GC Thread#4" [stack: 0x00000015d5000000,0x00000015d5100000] [id=11608]
  0x000001da932c03c0 GCTaskThread "GC Thread#5" [stack: 0x00000015d5100000,0x00000015d5200000] [id=13660]
  0x000001da932c0680 GCTaskThread "GC Thread#6" [stack: 0x00000015d5200000,0x00000015d5300000] [id=11004]
  0x000001daf69ee6c0 GCTaskThread "GC Thread#7" [stack: 0x00000015d5600000,0x00000015d5700000] [id=16336]

Threads with active compile tasks:
C2 CompilerThread0   258961 17349       4       org.eclipse.core.internal.localstore.FileStoreRoot::createStore (90 bytes)

VM state: not at safepoint (normal execution)

VM Mutex/Monitor currently owned by a thread: None

Heap address: 0x00000000c0000000, size: 1024 MB, Compressed Oops mode: 32-bit

CDS archive(s) not mapped
Compressed class space mapped at: 0x0000000100000000-0x0000000140000000, reserved size: 1073741824
Narrow klass base: 0x0000000000000000, Narrow klass shift: 3, Narrow klass range: 0x140000000

GC Precious Log:
 CPUs: 8 total, 8 available
 Memory: 7969M
 Large Page Support: Disabled
 NUMA Support: Disabled
 Compressed Oops: Enabled (32-bit)
 Alignments: Space 512K, Generation 512K, Heap 2M
 Heap Min Capacity: 100M
 Heap Initial Capacity: 100M
 Heap Max Capacity: 1G
 Pre-touch: Disabled
 Parallel Workers: 8

Heap:
 PSYoungGen      total 38912K, used 24912K [0x00000000eab00000, 0x00000000ed400000, 0x0000000100000000)
  eden space 38400K, 63% used [0x00000000eab00000,0x00000000ec2dc0d0,0x00000000ed080000)
  from space 512K, 93% used [0x00000000ed380000,0x00000000ed3f8020,0x00000000ed400000)
  to   space 512K, 0% used [0x00000000ed300000,0x00000000ed300000,0x00000000ed380000)
 ParOldGen       total 390656K, used 286930K [0x00000000c0000000, 0x00000000d7d80000, 0x00000000eab00000)
  object space 390656K, 73% used [0x00000000c0000000,0x00000000d1834b78,0x00000000d7d80000)
 Metaspace       used 79627K, committed 81152K, reserved 1179648K
  class space    used 8034K, committed 8704K, reserved 1048576K

Card table byte_map: [0x000001daf8500000,0x000001daf8710000] _byte_map_base: 0x000001daf7f00000

Marking Bits: (ParMarkBitMap*) 0x00007ffe7af458b0
 Begin Bits: [0x000001dafb800000, 0x000001dafc800000)
 End Bits:   [0x000001dafc800000, 0x000001dafd800000)

Polling page: 0x000001daf6aa0000

Metaspace:

Usage:
  Non-class:     69.92 MB used.
      Class:      7.85 MB used.
       Both:     77.76 MB used.

Virtual space:
  Non-class space:      128.00 MB reserved,      70.75 MB ( 55%) committed,  2 nodes.
      Class space:        1.00 GB reserved,       8.50 MB ( <1%) committed,  1 nodes.
             Both:        1.12 GB reserved,      79.25 MB (  7%) committed. 

Chunk freelists:
   Non-Class:  9.30 MB
       Class:  7.52 MB
        Both:  16.81 MB

MaxMetaspaceSize: unlimited
CompressedClassSpaceSize: 1.00 GB
Initial GC threshold: 21.00 MB
Current GC threshold: 129.69 MB
CDS: off
MetaspaceReclaimPolicy: balanced
 - commit_granule_bytes: 65536.
 - commit_granule_words: 8192.
 - virtual_space_node_default_size: 8388608.
 - enlarge_chunks_in_place: 1.
 - new_chunks_are_fully_committed: 0.
 - uncommit_free_chunks: 1.
 - use_allocation_guard: 0.
 - handle_deallocations: 1.


Internal statistics:

num_allocs_failed_limit: 9.
num_arena_births: 1070.
num_arena_deaths: 22.
num_vsnodes_births: 3.
num_vsnodes_deaths: 0.
num_space_committed: 1268.
num_space_uncommitted: 0.
num_chunks_returned_to_freelist: 34.
num_chunks_taken_from_freelist: 4555.
num_chunk_merges: 14.
num_chunk_splits: 2762.
num_chunks_enlarged: 1580.
num_inconsistent_stats: 0.

CodeHeap 'non-profiled nmethods': size=120000Kb used=11837Kb max_used=11837Kb free=108162Kb
 bounds [0x000001da87ad0000, 0x000001da88660000, 0x000001da8f000000]
CodeHeap 'profiled nmethods': size=120000Kb used=29230Kb max_used=29766Kb free=90770Kb
 bounds [0x000001da80000000, 0x000001da81d30000, 0x000001da87530000]
CodeHeap 'non-nmethods': size=5760Kb used=1385Kb max_used=1498Kb free=4374Kb
 bounds [0x000001da87530000, 0x000001da877a0000, 0x000001da87ad0000]
 total_blobs=14327 nmethods=13592 adapters=646
 compilation: enabled
              stopped_count=0, restarted_count=0
 full_count=0

Compilation events (20 events):
Event: 30.780 Thread 0x000001dafea7f430 nmethod 17345 0x000001da812adf90 code [0x000001da812ae240, 0x000001da812aefa8]
Event: 30.780 Thread 0x000001dafea7f430 17347       3       org.eclipse.osgi.container.ModuleWiring::getPersistentWires (99 bytes)
Event: 30.781 Thread 0x000001dafea7f430 nmethod 17347 0x000001da81327f90 code [0x000001da813281e0, 0x000001da81328e38]
Event: 30.781 Thread 0x000001dafea7f430 17346       3       org.eclipse.osgi.container.ModuleWiring::getModuleCapabilities (18 bytes)
Event: 30.781 Thread 0x000001dafea7f430 nmethod 17346 0x000001da816a7190 code [0x000001da816a7360, 0x000001da816a77c8]
Event: 30.781 Thread 0x000001daa330bf40 nmethod 17310 0x000001da8865a190 code [0x000001da8865a340, 0x000001da8865a938]
Event: 30.781 Thread 0x000001daa330bf40 17322       4       java.util.Collections$UnmodifiableSet::<init> (6 bytes)
Event: 30.781 Thread 0x000001daa330bf40 nmethod 17322 0x000001da8865af10 code [0x000001da8865b080, 0x000001da8865b138]
Event: 30.781 Thread 0x000001daa330bf40 17344       4       java.util.HashMap$ValueIterator::next (8 bytes)
Event: 30.784 Thread 0x000001daa330bf40 nmethod 17344 0x000001da8865b210 code [0x000001da8865b3a0, 0x000001da8865b618]
Event: 30.784 Thread 0x000001daa330bf40 17340       4       org.eclipse.osgi.container.ModuleDatabase$Persistence::addToWriteTable (77 bytes)
Event: 30.792 Thread 0x000001daa330bf40 nmethod 17340 0x000001da8865b790 code [0x000001da8865b980, 0x000001da8865c2d8]
Event: 30.792 Thread 0x000001daa330bf40 17299       4       java.lang.AbstractStringBuilder::shift (37 bytes)
Event: 30.792 Thread 0x000001daa330bf40 nmethod 17299 0x000001da8865cb10 code [0x000001da8865cc80, 0x000001da8865cd98]
Event: 30.792 Thread 0x000001daa330bf40 17326       4       org.osgi.framework.Version::hashCode (65 bytes)
Event: 30.794 Thread 0x000001dafea79090 nmethod 17332 0x000001da8865ce90 code [0x000001da8865d0c0, 0x000001da8865e3e0]
Event: 30.794 Thread 0x000001daa330bf40 nmethod 17326 0x000001da8865ee90 code [0x000001da8865f000, 0x000001da8865f238]
Event: 183.788 Thread 0x000001dafea79090 17348       4       java.util.concurrent.TimeUnit::toNanos (45 bytes)
Event: 183.789 Thread 0x000001dafea79090 nmethod 17348 0x000001da8865f390 code [0x000001da8865f500, 0x000001da8865f5f8]
Event: 258.833 Thread 0x000001dafea79090 17349       4       org.eclipse.core.internal.localstore.FileStoreRoot::createStore (90 bytes)

GC Heap History (20 events):
Event: 16.461 GC heap before
{Heap before GC invocations=223 (full 10):
 PSYoungGen      total 45568K, used 39936K [0x00000000eab00000, 0x00000000edd00000, 0x0000000100000000)
  eden space 39936K, 100% used [0x00000000eab00000,0x00000000ed200000,0x00000000ed200000)
  from space 5632K, 0% used [0x00000000ed780000,0x00000000ed780000,0x00000000edd00000)
  to   space 5632K, 0% used [0x00000000ed200000,0x00000000ed200000,0x00000000ed780000)
 ParOldGen       total 390656K, used 276247K [0x00000000c0000000, 0x00000000d7d80000, 0x00000000eab00000)
  object space 390656K, 70% used [0x00000000c0000000,0x00000000d0dc5f60,0x00000000d7d80000)
 Metaspace       used 78291K, committed 79744K, reserved 1179648K
  class space    used 7927K, committed 8512K, reserved 1048576K
}
Event: 16.464 GC heap after
{Heap after GC invocations=223 (full 10):
 PSYoungGen      total 45056K, used 5620K [0x00000000eab00000, 0x00000000edd80000, 0x0000000100000000)
  eden space 39424K, 0% used [0x00000000eab00000,0x00000000eab00000,0x00000000ed180000)
  from space 5632K, 99% used [0x00000000ed200000,0x00000000ed77d270,0x00000000ed780000)
  to   space 6144K, 0% used [0x00000000ed780000,0x00000000ed780000,0x00000000edd80000)
 ParOldGen       total 390656K, used 276300K [0x00000000c0000000, 0x00000000d7d80000, 0x00000000eab00000)
  object space 390656K, 70% used [0x00000000c0000000,0x00000000d0dd3160,0x00000000d7d80000)
 Metaspace       used 78291K, committed 79744K, reserved 1179648K
  class space    used 7927K, committed 8512K, reserved 1048576K
}
Event: 16.521 GC heap before
{Heap before GC invocations=224 (full 10):
 PSYoungGen      total 45056K, used 45044K [0x00000000eab00000, 0x00000000edd80000, 0x0000000100000000)
  eden space 39424K, 100% used [0x00000000eab00000,0x00000000ed180000,0x00000000ed180000)
  from space 5632K, 99% used [0x00000000ed200000,0x00000000ed77d270,0x00000000ed780000)
  to   space 6144K, 0% used [0x00000000ed780000,0x00000000ed780000,0x00000000edd80000)
 ParOldGen       total 390656K, used 276300K [0x00000000c0000000, 0x00000000d7d80000, 0x00000000eab00000)
  object space 390656K, 70% used [0x00000000c0000000,0x00000000d0dd3160,0x00000000d7d80000)
 Metaspace       used 78355K, committed 79808K, reserved 1179648K
  class space    used 7930K, committed 8512K, reserved 1048576K
}
Event: 16.525 GC heap after
{Heap after GC invocations=224 (full 10):
 PSYoungGen      total 45056K, used 5879K [0x00000000eab00000, 0x00000000edd80000, 0x0000000100000000)
  eden space 38912K, 0% used [0x00000000eab00000,0x00000000eab00000,0x00000000ed100000)
  from space 6144K, 95% used [0x00000000ed780000,0x00000000edd3dd28,0x00000000edd80000)
  to   space 6144K, 0% used [0x00000000ed180000,0x00000000ed180000,0x00000000ed780000)
 ParOldGen       total 390656K, used 279469K [0x00000000c0000000, 0x00000000d7d80000, 0x00000000eab00000)
  object space 390656K, 71% used [0x00000000c0000000,0x00000000d10eb5f8,0x00000000d7d80000)
 Metaspace       used 78355K, committed 79808K, reserved 1179648K
  class space    used 7930K, committed 8512K, reserved 1048576K
}
Event: 16.649 GC heap before
{Heap before GC invocations=225 (full 10):
 PSYoungGen      total 45056K, used 44791K [0x00000000eab00000, 0x00000000edd80000, 0x0000000100000000)
  eden space 38912K, 100% used [0x00000000eab00000,0x00000000ed100000,0x00000000ed100000)
  from space 6144K, 95% used [0x00000000ed780000,0x00000000edd3dd28,0x00000000edd80000)
  to   space 6144K, 0% used [0x00000000ed180000,0x00000000ed180000,0x00000000ed780000)
 ParOldGen       total 390656K, used 279469K [0x00000000c0000000, 0x00000000d7d80000, 0x00000000eab00000)
  object space 390656K, 71% used [0x00000000c0000000,0x00000000d10eb5f8,0x00000000d7d80000)
 Metaspace       used 79039K, committed 80576K, reserved 1179648K
  class space    used 7994K, committed 8640K, reserved 1048576K
}
Event: 16.652 GC heap after
{Heap after GC invocations=225 (full 10):
 PSYoungGen      total 39424K, used 852K [0x00000000eab00000, 0x00000000ed800000, 0x0000000100000000)
  eden space 38400K, 0% used [0x00000000eab00000,0x00000000eab00000,0x00000000ed080000)
  from space 1024K, 83% used [0x00000000ed180000,0x00000000ed255200,0x00000000ed280000)
  to   space 3072K, 0% used [0x00000000ed500000,0x00000000ed500000,0x00000000ed800000)
 ParOldGen       total 390656K, used 283820K [0x00000000c0000000, 0x00000000d7d80000, 0x00000000eab00000)
  object space 390656K, 72% used [0x00000000c0000000,0x00000000d152b2e8,0x00000000d7d80000)
 Metaspace       used 79039K, committed 80576K, reserved 1179648K
  class space    used 7994K, committed 8640K, reserved 1048576K
}
Event: 16.827 GC heap before
{Heap before GC invocations=226 (full 10):
 PSYoungGen      total 39424K, used 39252K [0x00000000eab00000, 0x00000000ed800000, 0x0000000100000000)
  eden space 38400K, 100% used [0x00000000eab00000,0x00000000ed080000,0x00000000ed080000)
  from space 1024K, 83% used [0x00000000ed180000,0x00000000ed255200,0x00000000ed280000)
  to   space 3072K, 0% used [0x00000000ed500000,0x00000000ed500000,0x00000000ed800000)
 ParOldGen       total 390656K, used 283820K [0x00000000c0000000, 0x00000000d7d80000, 0x00000000eab00000)
  object space 390656K, 72% used [0x00000000c0000000,0x00000000d152b2e8,0x00000000d7d80000)
 Metaspace       used 79254K, committed 80704K, reserved 1179648K
  class space    used 8008K, committed 8640K, reserved 1048576K
}
Event: 16.830 GC heap after
{Heap after GC invocations=226 (full 10):
 PSYoungGen      total 41472K, used 2816K [0x00000000eab00000, 0x00000000ed800000, 0x0000000100000000)
  eden space 38400K, 0% used [0x00000000eab00000,0x00000000eab00000,0x00000000ed080000)
  from space 3072K, 91% used [0x00000000ed500000,0x00000000ed7c0018,0x00000000ed800000)
  to   space 3584K, 0% used [0x00000000ed100000,0x00000000ed100000,0x00000000ed480000)
 ParOldGen       total 390656K, used 284153K [0x00000000c0000000, 0x00000000d7d80000, 0x00000000eab00000)
  object space 390656K, 72% used [0x00000000c0000000,0x00000000d157e560,0x00000000d7d80000)
 Metaspace       used 79254K, committed 80704K, reserved 1179648K
  class space    used 8008K, committed 8640K, reserved 1048576K
}
Event: 16.935 GC heap before
{Heap before GC invocations=227 (full 10):
 PSYoungGen      total 41472K, used 41216K [0x00000000eab00000, 0x00000000ed800000, 0x0000000100000000)
  eden space 38400K, 100% used [0x00000000eab00000,0x00000000ed080000,0x00000000ed080000)
  from space 3072K, 91% used [0x00000000ed500000,0x00000000ed7c0018,0x00000000ed800000)
  to   space 3584K, 0% used [0x00000000ed100000,0x00000000ed100000,0x00000000ed480000)
 ParOldGen       total 390656K, used 284153K [0x00000000c0000000, 0x00000000d7d80000, 0x00000000eab00000)
  object space 390656K, 72% used [0x00000000c0000000,0x00000000d157e560,0x00000000d7d80000)
 Metaspace       used 79259K, committed 80768K, reserved 1179648K
  class space    used 8008K, committed 8640K, reserved 1048576K
}
Event: 16.937 GC heap after
{Heap after GC invocations=227 (full 10):
 PSYoungGen      total 38912K, used 400K [0x00000000eab00000, 0x00000000ed580000, 0x0000000100000000)
  eden space 38400K, 0% used [0x00000000eab00000,0x00000000eab00000,0x00000000ed080000)
  from space 512K, 78% used [0x00000000ed100000,0x00000000ed164030,0x00000000ed180000)
  to   space 1536K, 0% used [0x00000000ed400000,0x00000000ed400000,0x00000000ed580000)
 ParOldGen       total 390656K, used 286818K [0x00000000c0000000, 0x00000000d7d80000, 0x00000000eab00000)
  object space 390656K, 73% used [0x00000000c0000000,0x00000000d1818b78,0x00000000d7d80000)
 Metaspace       used 79259K, committed 80768K, reserved 1179648K
  class space    used 8008K, committed 8640K, reserved 1048576K
}
Event: 17.151 GC heap before
{Heap before GC invocations=228 (full 10):
 PSYoungGen      total 38912K, used 38729K [0x00000000eab00000, 0x00000000ed580000, 0x0000000100000000)
  eden space 38400K, 99% used [0x00000000eab00000,0x00000000ed06e468,0x00000000ed080000)
  from space 512K, 78% used [0x00000000ed100000,0x00000000ed164030,0x00000000ed180000)
  to   space 1536K, 0% used [0x00000000ed400000,0x00000000ed400000,0x00000000ed580000)
 ParOldGen       total 390656K, used 286818K [0x00000000c0000000, 0x00000000d7d80000, 0x00000000eab00000)
  object space 390656K, 73% used [0x00000000c0000000,0x00000000d1818b78,0x00000000d7d80000)
 Metaspace       used 79259K, committed 80768K, reserved 1179648K
  class space    used 8008K, committed 8640K, reserved 1048576K
}
Event: 17.152 GC heap after
{Heap after GC invocations=228 (full 10):
 PSYoungGen      total 39424K, used 989K [0x00000000eab00000, 0x00000000ed500000, 0x0000000100000000)
  eden space 38400K, 0% used [0x00000000eab00000,0x00000000eab00000,0x00000000ed080000)
  from space 1024K, 96% used [0x00000000ed400000,0x00000000ed4f7798,0x00000000ed500000)
  to   space 1536K, 0% used [0x00000000ed200000,0x00000000ed200000,0x00000000ed380000)
 ParOldGen       total 390656K, used 286818K [0x00000000c0000000, 0x00000000d7d80000, 0x00000000eab00000)
  object space 390656K, 73% used [0x00000000c0000000,0x00000000d1818b78,0x00000000d7d80000)
 Metaspace       used 79259K, committed 80768K, reserved 1179648K
  class space    used 8008K, committed 8640K, reserved 1048576K
}
Event: 17.410 GC heap before
{Heap before GC invocations=229 (full 10):
 PSYoungGen      total 39424K, used 39389K [0x00000000eab00000, 0x00000000ed500000, 0x0000000100000000)
  eden space 38400K, 100% used [0x00000000eab00000,0x00000000ed080000,0x00000000ed080000)
  from space 1024K, 96% used [0x00000000ed400000,0x00000000ed4f7798,0x00000000ed500000)
  to   space 1536K, 0% used [0x00000000ed200000,0x00000000ed200000,0x00000000ed380000)
 ParOldGen       total 390656K, used 286818K [0x00000000c0000000, 0x00000000d7d80000, 0x00000000eab00000)
  object space 390656K, 73% used [0x00000000c0000000,0x00000000d1818b78,0x00000000d7d80000)
 Metaspace       used 79276K, committed 80768K, reserved 1179648K
  class space    used 8010K, committed 8640K, reserved 1048576K
}
Event: 17.412 GC heap after
{Heap after GC invocations=229 (full 10):
 PSYoungGen      total 39936K, used 568K [0x00000000eab00000, 0x00000000ed480000, 0x0000000100000000)
  eden space 38400K, 0% used [0x00000000eab00000,0x00000000eab00000,0x00000000ed080000)
  from space 1536K, 36% used [0x00000000ed200000,0x00000000ed28e140,0x00000000ed380000)
  to   space 1024K, 0% used [0x00000000ed380000,0x00000000ed380000,0x00000000ed480000)
 ParOldGen       total 390656K, used 286826K [0x00000000c0000000, 0x00000000d7d80000, 0x00000000eab00000)
  object space 390656K, 73% used [0x00000000c0000000,0x00000000d181ab78,0x00000000d7d80000)
 Metaspace       used 79276K, committed 80768K, reserved 1179648K
  class space    used 8010K, committed 8640K, reserved 1048576K
}
Event: 17.670 GC heap before
{Heap before GC invocations=230 (full 10):
 PSYoungGen      total 39936K, used 38968K [0x00000000eab00000, 0x00000000ed480000, 0x0000000100000000)
  eden space 38400K, 100% used [0x00000000eab00000,0x00000000ed080000,0x00000000ed080000)
  from space 1536K, 36% used [0x00000000ed200000,0x00000000ed28e140,0x00000000ed380000)
  to   space 1024K, 0% used [0x00000000ed380000,0x00000000ed380000,0x00000000ed480000)
 ParOldGen       total 390656K, used 286826K [0x00000000c0000000, 0x00000000d7d80000, 0x00000000eab00000)
  object space 390656K, 73% used [0x00000000c0000000,0x00000000d181ab78,0x00000000d7d80000)
 Metaspace       used 79281K, committed 80768K, reserved 1179648K
  class space    used 8010K, committed 8640K, reserved 1048576K
}
Event: 17.671 GC heap after
{Heap after GC invocations=230 (full 10):
 PSYoungGen      total 38912K, used 416K [0x00000000eab00000, 0x00000000ed400000, 0x0000000100000000)
  eden space 38400K, 0% used [0x00000000eab00000,0x00000000eab00000,0x00000000ed080000)
  from space 512K, 81% used [0x00000000ed380000,0x00000000ed3e8000,0x00000000ed400000)
  to   space 512K, 0% used [0x00000000ed300000,0x00000000ed300000,0x00000000ed380000)
 ParOldGen       total 390656K, used 286826K [0x00000000c0000000, 0x00000000d7d80000, 0x00000000eab00000)
  object space 390656K, 73% used [0x00000000c0000000,0x00000000d181ab78,0x00000000d7d80000)
 Metaspace       used 79281K, committed 80768K, reserved 1179648K
  class space    used 8010K, committed 8640K, reserved 1048576K
}
Event: 17.918 GC heap before
{Heap before GC invocations=231 (full 10):
 PSYoungGen      total 38912K, used 38816K [0x00000000eab00000, 0x00000000ed400000, 0x0000000100000000)
  eden space 38400K, 100% used [0x00000000eab00000,0x00000000ed080000,0x00000000ed080000)
  from space 512K, 81% used [0x00000000ed380000,0x00000000ed3e8000,0x00000000ed400000)
  to   space 512K, 0% used [0x00000000ed300000,0x00000000ed300000,0x00000000ed380000)
 ParOldGen       total 390656K, used 286826K [0x00000000c0000000, 0x00000000d7d80000, 0x00000000eab00000)
  object space 390656K, 73% used [0x00000000c0000000,0x00000000d181ab78,0x00000000d7d80000)
 Metaspace       used 79311K, committed 80768K, reserved 1179648K
  class space    used 8014K, committed 8640K, reserved 1048576K
}
Event: 17.919 GC heap after
{Heap after GC invocations=231 (full 10):
 PSYoungGen      total 38912K, used 480K [0x00000000eab00000, 0x00000000ed400000, 0x0000000100000000)
  eden space 38400K, 0% used [0x00000000eab00000,0x00000000eab00000,0x00000000ed080000)
  from space 512K, 93% used [0x00000000ed300000,0x00000000ed378020,0x00000000ed380000)
  to   space 512K, 0% used [0x00000000ed380000,0x00000000ed380000,0x00000000ed400000)
 ParOldGen       total 390656K, used 286842K [0x00000000c0000000, 0x00000000d7d80000, 0x00000000eab00000)
  object space 390656K, 73% used [0x00000000c0000000,0x00000000d181eb78,0x00000000d7d80000)
 Metaspace       used 79311K, committed 80768K, reserved 1179648K
  class space    used 8014K, committed 8640K, reserved 1048576K
}
Event: 18.171 GC heap before
{Heap before GC invocations=232 (full 10):
 PSYoungGen      total 38912K, used 38880K [0x00000000eab00000, 0x00000000ed400000, 0x0000000100000000)
  eden space 38400K, 100% used [0x00000000eab00000,0x00000000ed080000,0x00000000ed080000)
  from space 512K, 93% used [0x00000000ed300000,0x00000000ed378020,0x00000000ed380000)
  to   space 512K, 0% used [0x00000000ed380000,0x00000000ed380000,0x00000000ed400000)
 ParOldGen       total 390656K, used 286842K [0x00000000c0000000, 0x00000000d7d80000, 0x00000000eab00000)
  object space 390656K, 73% used [0x00000000c0000000,0x00000000d181eb78,0x00000000d7d80000)
 Metaspace       used 79312K, committed 80768K, reserved 1179648K
  class space    used 8014K, committed 8640K, reserved 1048576K
}
Event: 18.172 GC heap after
{Heap after GC invocations=232 (full 10):
 PSYoungGen      total 38912K, used 480K [0x00000000eab00000, 0x00000000ed400000, 0x0000000100000000)
  eden space 38400K, 0% used [0x00000000eab00000,0x00000000eab00000,0x00000000ed080000)
  from space 512K, 93% used [0x00000000ed380000,0x00000000ed3f8020,0x00000000ed400000)
  to   space 512K, 0% used [0x00000000ed300000,0x00000000ed300000,0x00000000ed380000)
 ParOldGen       total 390656K, used 286930K [0x00000000c0000000, 0x00000000d7d80000, 0x00000000eab00000)
  object space 390656K, 73% used [0x00000000c0000000,0x00000000d1834b78,0x00000000d7d80000)
 Metaspace       used 79312K, committed 80768K, reserved 1179648K
  class space    used 8014K, committed 8640K, reserved 1048576K
}

Dll operation events (11 events):
Event: 0.012 Loaded shared library c:\Users\Admin\.vscode\extensions\redhat.java-1.35.1-win32-x64\jre\17.0.12-win32-x86_64\bin\java.dll
Event: 0.127 Loaded shared library c:\Users\Admin\.vscode\extensions\redhat.java-1.35.1-win32-x64\jre\17.0.12-win32-x86_64\bin\zip.dll
Event: 0.129 Loaded shared library C:\Users\Admin\.vscode\extensions\redhat.java-1.35.1-win32-x64\jre\17.0.12-win32-x86_64\bin\instrument.dll
Event: 0.140 Loaded shared library C:\Users\Admin\.vscode\extensions\redhat.java-1.35.1-win32-x64\jre\17.0.12-win32-x86_64\bin\net.dll
Event: 0.141 Loaded shared library C:\Users\Admin\.vscode\extensions\redhat.java-1.35.1-win32-x64\jre\17.0.12-win32-x86_64\bin\nio.dll
Event: 0.146 Loaded shared library C:\Users\Admin\.vscode\extensions\redhat.java-1.35.1-win32-x64\jre\17.0.12-win32-x86_64\bin\zip.dll
Event: 0.158 Loaded shared library C:\Users\Admin\.vscode\extensions\redhat.java-1.35.1-win32-x64\jre\17.0.12-win32-x86_64\bin\jimage.dll
Event: 0.193 Loaded shared library c:\Users\Admin\.vscode\extensions\redhat.java-1.35.1-win32-x64\jre\17.0.12-win32-x86_64\bin\verify.dll
Event: 0.860 Loaded shared library C:\Users\Admin\AppData\Roaming\Code\User\globalStorage\redhat.java\1.35.1\config_win\org.eclipse.equinox.launcher\org.eclipse.equinox.launcher.win32.win32.x86_64_1.2.1100.v20240722-2106\eclipse_11904.dll
Event: 1.922 Loaded shared library C:\Users\Admin\AppData\Local\Temp\jna-63116079\jna1417431634106134278.dll
Event: 14.241 Loaded shared library C:\Users\Admin\.vscode\extensions\redhat.java-1.35.1-win32-x64\jre\17.0.12-win32-x86_64\bin\sunmscapi.dll

Deoptimization events (20 events):
Event: 17.908 Thread 0x000001da93283340 DEOPT PACKING pc=0x000001da8843fe30 sp=0x00000015d5efe260
Event: 17.908 Thread 0x000001da93283340 DEOPT UNPACKING pc=0x000001da875866a3 sp=0x00000015d5efe220 mode 2
Event: 18.110 Thread 0x000001da958f8f40 DEOPT PACKING pc=0x000001da803bf23d sp=0x00000015d6ffdd00
Event: 18.110 Thread 0x000001da958f8f40 DEOPT UNPACKING pc=0x000001da87586e43 sp=0x00000015d6ffd270 mode 0
Event: 18.111 Thread 0x000001da958f8f40 Uncommon trap: trap_request=0xffffff6e fr.pc=0x000001da88591984 relative=0x00000000000020e4
Event: 18.111 Thread 0x000001da958f8f40 Uncommon trap: reason=loop_limit_check action=maybe_recompile pc=0x000001da88591984 method=java.util.jar.Manifest.read(Ljava/io/InputStream;Ljava/lang/String;)V @ 48 c2
Event: 18.111 Thread 0x000001da958f8f40 DEOPT PACKING pc=0x000001da88591984 sp=0x00000015d6ffdda0
Event: 18.111 Thread 0x000001da958f8f40 DEOPT UNPACKING pc=0x000001da875866a3 sp=0x00000015d6ffdd80 mode 2
Event: 18.324 Thread 0x000001da958f8f40 Uncommon trap: trap_request=0xffffff45 fr.pc=0x000001da884ce004 relative=0x0000000000002464
Event: 18.324 Thread 0x000001da958f8f40 Uncommon trap: reason=unstable_if action=reinterpret pc=0x000001da884ce004 method=org.eclipse.jdt.internal.core.Openable.exists()Z @ 16 c2
Event: 18.324 Thread 0x000001da958f8f40 DEOPT PACKING pc=0x000001da884ce004 sp=0x00000015d6fff050
Event: 18.324 Thread 0x000001da958f8f40 DEOPT UNPACKING pc=0x000001da875866a3 sp=0x00000015d6fff068 mode 2
Event: 18.324 Thread 0x000001da958f8f40 Uncommon trap: trap_request=0xffffff45 fr.pc=0x000001da87c4389c relative=0x000000000000035c
Event: 18.324 Thread 0x000001da958f8f40 Uncommon trap: reason=unstable_if action=reinterpret pc=0x000001da87c4389c method=java.net.URI$Parser.scan(IILjava/lang/String;Ljava/lang/String;)I @ 26 c2
Event: 18.324 Thread 0x000001da958f8f40 DEOPT PACKING pc=0x000001da87c4389c sp=0x00000015d6ffee20
Event: 18.324 Thread 0x000001da958f8f40 DEOPT UNPACKING pc=0x000001da875866a3 sp=0x00000015d6ffeda8 mode 2
Event: 30.768 Thread 0x000001da931caea0 Uncommon trap: trap_request=0xffffff45 fr.pc=0x000001da8828a554 relative=0x00000000000006f4
Event: 30.768 Thread 0x000001da931caea0 Uncommon trap: reason=unstable_if action=reinterpret pc=0x000001da8828a554 method=java.util.HashMap.removeNode(ILjava/lang/Object;Ljava/lang/Object;ZZ)Ljava/util/HashMap$Node; @ 62 c2
Event: 30.768 Thread 0x000001da931caea0 DEOPT PACKING pc=0x000001da8828a554 sp=0x00000015d53feef0
Event: 30.768 Thread 0x000001da931caea0 DEOPT UNPACKING pc=0x000001da875866a3 sp=0x00000015d53fedf0 mode 2

Classes loaded (20 events):
Event: 14.311 Loading class javax/crypto/NullCipher
Event: 14.311 Loading class javax/crypto/NullCipher done
Event: 14.311 Loading class sun/security/util/ArrayUtil
Event: 14.311 Loading class sun/security/util/ArrayUtil done
Event: 14.347 Loading class java/util/zip/CheckedInputStream
Event: 14.347 Loading class java/util/zip/CheckedInputStream done
Event: 14.383 Loading class java/util/concurrent/ForkJoinTask$AdaptedCallable
Event: 14.383 Loading class java/util/concurrent/ForkJoinTask$AdaptedCallable done
Event: 14.383 Loading class java/util/concurrent/CountedCompleter
Event: 14.384 Loading class java/util/concurrent/CountedCompleter done
Event: 14.468 Loading class java/util/zip/GZIPInputStream$1
Event: 14.469 Loading class java/util/zip/GZIPInputStream$1 done
Event: 14.596 Loading class java/util/regex/Pattern$1
Event: 14.596 Loading class java/util/regex/Pattern$1 done
Event: 14.641 Loading class java/io/FileReader
Event: 14.641 Loading class java/io/FileReader done
Event: 14.649 Loading class java/lang/UnsupportedClassVersionError
Event: 14.649 Loading class java/lang/UnsupportedClassVersionError done
Event: 14.701 Loading class jdk/internal/reflect/UnsafeQualifiedStaticIntegerFieldAccessorImpl
Event: 14.702 Loading class jdk/internal/reflect/UnsafeQualifiedStaticIntegerFieldAccessorImpl done

Classes unloaded (11 events):
Event: 3.125 Thread 0x000001daf8c1eca0 Unloading class 0x0000000100254400 'java/lang/invoke/LambdaForm$MH+0x0000000100254400'
Event: 3.125 Thread 0x000001daf8c1eca0 Unloading class 0x0000000100254000 'java/lang/invoke/LambdaForm$MH+0x0000000100254000'
Event: 3.125 Thread 0x000001daf8c1eca0 Unloading class 0x0000000100253c00 'java/lang/invoke/LambdaForm$MH+0x0000000100253c00'
Event: 3.125 Thread 0x000001daf8c1eca0 Unloading class 0x0000000100253800 'java/lang/invoke/LambdaForm$MH+0x0000000100253800'
Event: 3.125 Thread 0x000001daf8c1eca0 Unloading class 0x0000000100253400 'java/lang/invoke/LambdaForm$BMH+0x0000000100253400'
Event: 3.125 Thread 0x000001daf8c1eca0 Unloading class 0x0000000100253000 'java/lang/invoke/LambdaForm$DMH+0x0000000100253000'
Event: 3.125 Thread 0x000001daf8c1eca0 Unloading class 0x0000000100250400 'java/lang/invoke/LambdaForm$DMH+0x0000000100250400'
Event: 7.039 Thread 0x000001daf8c1eca0 Unloading class 0x0000000100665000 'java/lang/invoke/LambdaForm$MH+0x0000000100665000'
Event: 7.039 Thread 0x000001daf8c1eca0 Unloading class 0x0000000100664c00 'java/lang/invoke/LambdaForm$MH+0x0000000100664c00'
Event: 7.039 Thread 0x000001daf8c1eca0 Unloading class 0x0000000100664000 'java/lang/invoke/LambdaForm$DMH+0x0000000100664000'
Event: 16.339 Thread 0x000001daf8c1eca0 Unloading class 0x0000000100858000 'java/lang/invoke/LambdaForm$DMH+0x0000000100858000'

Classes redefined (0 events):
No events

Internal exceptions (20 events):
Event: 17.911 Thread 0x000001da958f8f40 Exception <a 'sun/nio/fs/WindowsException'{0x00000000ecf68738}> (0x00000000ecf68738) 
thrown [s\src\hotspot\share\prims\jni.cpp, line 516]
Event: 17.913 Thread 0x000001da958f8f40 Exception <a 'sun/nio/fs/WindowsException'{0x00000000ecf86048}> (0x00000000ecf86048) 
thrown [s\src\hotspot\share\prims\jni.cpp, line 516]
Event: 17.913 Thread 0x000001da958f8f40 Exception <a 'sun/nio/fs/WindowsException'{0x00000000ecf86a08}> (0x00000000ecf86a08) 
thrown [s\src\hotspot\share\prims\jni.cpp, line 516]
Event: 18.088 Thread 0x000001da958f8f40 Exception <a 'sun/nio/fs/WindowsException'{0x00000000ec089ab0}> (0x00000000ec089ab0) 
thrown [s\src\hotspot\share\prims\jni.cpp, line 516]
Event: 18.088 Thread 0x000001da958f8f40 Exception <a 'sun/nio/fs/WindowsException'{0x00000000ec08a1c8}> (0x00000000ec08a1c8) 
thrown [s\src\hotspot\share\prims\jni.cpp, line 516]
Event: 18.088 Thread 0x000001da958f8f40 Exception <a 'sun/nio/fs/WindowsException'{0x00000000ec08af10}> (0x00000000ec08af10) 
thrown [s\src\hotspot\share\prims\jni.cpp, line 516]
Event: 18.088 Thread 0x000001da958f8f40 Exception <a 'sun/nio/fs/WindowsException'{0x00000000ec08b628}> (0x00000000ec08b628) 
thrown [s\src\hotspot\share\prims\jni.cpp, line 516]
Event: 18.088 Thread 0x000001da958f8f40 Exception <a 'sun/nio/fs/WindowsException'{0x00000000ec08cdf8}> (0x00000000ec08cdf8) 
thrown [s\src\hotspot\share\prims\jni.cpp, line 516]
Event: 18.088 Thread 0x000001da958f8f40 Exception <a 'sun/nio/fs/WindowsException'{0x00000000ec08d510}> (0x00000000ec08d510) 
thrown [s\src\hotspot\share\prims\jni.cpp, line 516]
Event: 18.091 Thread 0x000001da958f8f40 Exception <a 'sun/nio/fs/WindowsException'{0x00000000ec0bc478}> (0x00000000ec0bc478) 
thrown [s\src\hotspot\share\prims\jni.cpp, line 516]
Event: 18.091 Thread 0x000001da958f8f40 Exception <a 'sun/nio/fs/WindowsException'{0x00000000ec0bce38}> (0x00000000ec0bce38) 
thrown [s\src\hotspot\share\prims\jni.cpp, line 516]
Event: 18.719 Thread 0x000001da93284c90 Exception <a 'sun/nio/fs/WindowsException'{0x00000000ebb9df10}> (0x00000000ebb9df10) 
thrown [s\src\hotspot\share\prims\jni.cpp, line 516]
Event: 18.719 Thread 0x000001da93284c90 Exception <a 'sun/nio/fs/WindowsException'{0x00000000ebb9e590}> (0x00000000ebb9e590) 
thrown [s\src\hotspot\share\prims\jni.cpp, line 516]
Event: 18.755 Thread 0x000001da93284c90 Exception <a 'sun/nio/fs/WindowsException'{0x00000000ebbfa940}> (0x00000000ebbfa940) 
thrown [s\src\hotspot\share\prims\jni.cpp, line 516]
Event: 18.755 Thread 0x000001da93284c90 Exception <a 'sun/nio/fs/WindowsException'{0x00000000ebbfb2d0}> (0x00000000ebbfb2d0) 
thrown [s\src\hotspot\share\prims\jni.cpp, line 516]
Event: 18.773 Thread 0x000001da93284c90 Exception <a 'sun/nio/fs/WindowsException'{0x00000000ebce8370}> (0x00000000ebce8370) 
thrown [s\src\hotspot\share\prims\jni.cpp, line 516]
Event: 18.773 Thread 0x000001da93284c90 Exception <a 'sun/nio/fs/WindowsException'{0x00000000ebce8cc8}> (0x00000000ebce8cc8) 
thrown [s\src\hotspot\share\prims\jni.cpp, line 516]
Event: 20.184 Thread 0x000001da93284c90 Exception <a 'sun/nio/fs/WindowsException'{0x00000000ebe56b38}> (0x00000000ebe56b38) 
thrown [s\src\hotspot\share\prims\jni.cpp, line 516]
Event: 20.184 Thread 0x000001da93284c90 Exception <a 'sun/nio/fs/WindowsException'{0x00000000ebe57498}> (0x00000000ebe57498) 
thrown [s\src\hotspot\share\prims\jni.cpp, line 516]
Event: 30.768 Thread 0x000001da931caea0 Implicit null exception at 0x000001da8828a064 to 0x000001da8828a521

VM Operations (20 events):
Event: 17.918 Executing VM operation: ParallelGCFailedAllocation
Event: 17.919 Executing VM operation: ParallelGCFailedAllocation done
Event: 18.171 Executing VM operation: ParallelGCFailedAllocation
Event: 18.172 Executing VM operation: ParallelGCFailedAllocation done
Event: 19.174 Executing VM operation: Cleanup
Event: 19.174 Executing VM operation: Cleanup done
Event: 20.175 Executing VM operation: Cleanup
Event: 20.175 Executing VM operation: Cleanup done
Event: 21.189 Executing VM operation: Cleanup
Event: 21.189 Executing VM operation: Cleanup done
Event: 31.275 Executing VM operation: Cleanup
Event: 31.275 Executing VM operation: Cleanup done
Event: 60.179 Executing VM operation: HandshakeAllThreads
Event: 60.179 Executing VM operation: HandshakeAllThreads done
Event: 73.344 Executing VM operation: Cleanup
Event: 73.344 Executing VM operation: Cleanup done
Event: 120.277 Executing VM operation: HandshakeAllThreads
Event: 120.278 Executing VM operation: HandshakeAllThreads done
Event: 180.467 Executing VM operation: HandshakeAllThreads
Event: 180.469 Executing VM operation: HandshakeAllThreads done

Events (20 events):
Event: 16.787 Thread 0x000001dafea91a90 flushing nmethod 0x000001da81bbfd90
Event: 16.787 Thread 0x000001dafea91a90 flushing nmethod 0x000001da81bff510
Event: 16.787 Thread 0x000001dafea91a90 flushing nmethod 0x000001da81c08a10
Event: 16.788 Thread 0x000001dafea91a90 flushing nmethod 0x000001da81c56390
Event: 18.609 Thread 0x000001da930d73c0 Thread exited: 0x000001da930d73c0
Event: 18.609 Thread 0x000001daf8bd5250 Thread exited: 0x000001daf8bd5250
Event: 18.656 Thread 0x000001daa330e470 Thread added: 0x000001daa330e470
Event: 19.206 Thread 0x000001daa330e470 Thread exited: 0x000001daa330e470
Event: 19.206 Thread 0x000001da958fa380 Thread exited: 0x000001da958fa380
Event: 30.772 Thread 0x000001daa330bf40 Thread added: 0x000001daa330bf40
Event: 35.807 Thread 0x000001daa330bf40 Thread exited: 0x000001daa330bf40
Event: 73.099 Thread 0x000001da958fada0 Thread exited: 0x000001da958fada0
Event: 78.726 Thread 0x000001da958fea60 Thread exited: 0x000001da958fea60
Event: 79.734 Thread 0x000001da959008c0 Thread exited: 0x000001da959008c0
Event: 80.295 Thread 0x000001da93283340 Thread exited: 0x000001da93283340
Event: 80.297 Thread 0x000001da958ffea0 Thread exited: 0x000001da958ffea0
Event: 80.312 Thread 0x000001da99c4f740 Thread exited: 0x000001da99c4f740
Event: 140.315 Thread 0x000001da99c51090 Thread exited: 0x000001da99c51090
Event: 200.303 Thread 0x000001da93282920 Thread exited: 0x000001da93282920
Event: 200.328 Thread 0x000001da99c50b80 Thread exited: 0x000001da99c50b80


Dynamic libraries:
0x00007ff713500000 - 0x00007ff71350e000 	c:\Users\Admin\.vscode\extensions\redhat.java-1.35.1-win32-x64\jre\17.0.12-win32-x86_64\bin\java.exe
0x00007ffed2710000 - 0x00007ffed2927000 	C:\Windows\SYSTEM32\ntdll.dll
0x00007ffed1dc0000 - 0x00007ffed1e84000 	C:\Windows\System32\KERNEL32.DLL
0x00007ffecfe00000 - 0x00007ffed01a6000 	C:\Windows\System32\KERNELBASE.dll
0x00007ffecfbc0000 - 0x00007ffecfcd1000 	C:\Windows\System32\ucrtbase.dll
0x00007ffec1a90000 - 0x00007ffec1aa7000 	c:\Users\Admin\.vscode\extensions\redhat.java-1.35.1-win32-x64\jre\17.0.12-win32-x86_64\bin\jli.dll
0x00007ffeb8d70000 - 0x00007ffeb8d8b000 	c:\Users\Admin\.vscode\extensions\redhat.java-1.35.1-win32-x64\jre\17.0.12-win32-x86_64\bin\VCRUNTIME140.dll
0x00007ffed2210000 - 0x00007ffed23be000 	C:\Windows\System32\USER32.dll
0x00007ffed0430000 - 0x00007ffed0456000 	C:\Windows\System32\win32u.dll
0x00007ffed1e90000 - 0x00007ffed1eb9000 	C:\Windows\System32\GDI32.dll
0x00007ffec09e0000 - 0x00007ffec0c73000 	C:\Windows\WinSxS\amd64_microsoft.windows.common-controls_6595b64144ccf1df_6.0.22621.2506_none_270c5ae97388e100\COMCTL32.dll
0x00007ffed0270000 - 0x00007ffed0388000 	C:\Windows\System32\gdi32full.dll
0x00007ffed0580000 - 0x00007ffed0627000 	C:\Windows\System32\msvcrt.dll
0x00007ffecfce0000 - 0x00007ffecfd7a000 	C:\Windows\System32\msvcp_win.dll
0x00007ffed2560000 - 0x00007ffed2591000 	C:\Windows\System32\IMM32.DLL
0x00007ffec3410000 - 0x00007ffec341c000 	c:\Users\Admin\.vscode\extensions\redhat.java-1.35.1-win32-x64\jre\17.0.12-win32-x86_64\bin\vcruntime140_1.dll
0x00007ffe7eac0000 - 0x00007ffe7eb4d000 	c:\Users\Admin\.vscode\extensions\redhat.java-1.35.1-win32-x64\jre\17.0.12-win32-x86_64\bin\msvcp140.dll
0x00007ffe7a3a0000 - 0x00007ffe7b00a000 	c:\Users\Admin\.vscode\extensions\redhat.java-1.35.1-win32-x64\jre\17.0.12-win32-x86_64\bin\server\jvm.dll
0x00007ffed04c0000 - 0x00007ffed0573000 	C:\Windows\System32\ADVAPI32.dll
0x00007ffed1090000 - 0x00007ffed1138000 	C:\Windows\System32\sechost.dll
0x00007ffed0390000 - 0x00007ffed03b8000 	C:\Windows\System32\bcrypt.dll
0x00007ffed25b0000 - 0x00007ffed26c7000 	C:\Windows\System32\RPCRT4.dll
0x00007ffed1ec0000 - 0x00007ffed1f31000 	C:\Windows\System32\WS2_32.dll
0x00007ffece8a0000 - 0x00007ffece8ed000 	C:\Windows\SYSTEM32\POWRPROF.dll
0x00007ffec1a50000 - 0x00007ffec1a84000 	C:\Windows\SYSTEM32\WINMM.dll
0x00007ffec2b50000 - 0x00007ffec2b5a000 	C:\Windows\SYSTEM32\VERSION.dll
0x00007ffece880000 - 0x00007ffece893000 	C:\Windows\SYSTEM32\UMPDC.dll
0x00007ffeceb40000 - 0x00007ffeceb58000 	C:\Windows\SYSTEM32\kernel.appcore.dll
0x00007ffec08c0000 - 0x00007ffec08ca000 	c:\Users\Admin\.vscode\extensions\redhat.java-1.35.1-win32-x64\jre\17.0.12-win32-x86_64\bin\jimage.dll
0x00007ffecca90000 - 0x00007ffecccc3000 	C:\Windows\SYSTEM32\DBGHELP.DLL
0x00007ffed1910000 - 0x00007ffed1c99000 	C:\Windows\System32\combase.dll
0x00007ffed11f0000 - 0x00007ffed12c7000 	C:\Windows\System32\OLEAUT32.dll
0x00007ffebf3d0000 - 0x00007ffebf402000 	C:\Windows\SYSTEM32\dbgcore.DLL
0x00007ffecfd80000 - 0x00007ffecfdfa000 	C:\Windows\System32\bcryptPrimitives.dll
0x00007ffeb6500000 - 0x00007ffeb650e000 	c:\Users\Admin\.vscode\extensions\redhat.java-1.35.1-win32-x64\jre\17.0.12-win32-x86_64\bin\instrument.dll
0x00007ffeb64a0000 - 0x00007ffeb64c5000 	c:\Users\Admin\.vscode\extensions\redhat.java-1.35.1-win32-x64\jre\17.0.12-win32-x86_64\bin\java.dll
0x00007ffeb1ba0000 - 0x00007ffeb1bb8000 	c:\Users\Admin\.vscode\extensions\redhat.java-1.35.1-win32-x64\jre\17.0.12-win32-x86_64\bin\zip.dll
0x00007ffed0830000 - 0x00007ffed108b000 	C:\Windows\System32\SHELL32.dll
0x00007ffecd960000 - 0x00007ffece256000 	C:\Windows\SYSTEM32\windows.storage.dll
0x00007ffecd820000 - 0x00007ffecd95e000 	C:\Windows\SYSTEM32\wintypes.dll
0x00007ffed2110000 - 0x00007ffed2203000 	C:\Windows\System32\SHCORE.dll
0x00007ffed0460000 - 0x00007ffed04be000 	C:\Windows\System32\shlwapi.dll
0x00007ffecf980000 - 0x00007ffecf9a6000 	C:\Windows\SYSTEM32\profapi.dll
0x00007ffea8870000 - 0x00007ffea8889000 	C:\Users\Admin\.vscode\extensions\redhat.java-1.35.1-win32-x64\jre\17.0.12-win32-x86_64\bin\net.dll
0x00007ffec9400000 - 0x00007ffec9537000 	C:\Windows\SYSTEM32\WINHTTP.dll
0x00007ffecefb0000 - 0x00007ffecf019000 	C:\Windows\system32\mswsock.dll
0x00007ffe7ec20000 - 0x00007ffe7ec36000 	C:\Users\Admin\.vscode\extensions\redhat.java-1.35.1-win32-x64\jre\17.0.12-win32-x86_64\bin\nio.dll
0x00007ffeb48d0000 - 0x00007ffeb48e0000 	c:\Users\Admin\.vscode\extensions\redhat.java-1.35.1-win32-x64\jre\17.0.12-win32-x86_64\bin\verify.dll
0x00007ffe7dc70000 - 0x00007ffe7dcb5000 	C:\Users\Admin\AppData\Roaming\Code\User\globalStorage\redhat.java\1.35.1\config_win\org.eclipse.equinox.launcher\org.eclipse.equinox.launcher.win32.win32.x86_64_1.2.1100.v20240722-2106\eclipse_11904.dll
0x00007ffed23c0000 - 0x00007ffed2560000 	C:\Windows\System32\ole32.dll
0x00007ffecf300000 - 0x00007ffecf31b000 	C:\Windows\SYSTEM32\CRYPTSP.dll
0x00007ffeceaa0000 - 0x00007ffecead5000 	C:\Windows\system32\rsaenh.dll
0x00007ffecf050000 - 0x00007ffecf07c000 	C:\Windows\SYSTEM32\USERENV.dll
0x00007ffecf2e0000 - 0x00007ffecf2ec000 	C:\Windows\SYSTEM32\CRYPTBASE.dll
0x00007ffece550000 - 0x00007ffece57d000 	C:\Windows\SYSTEM32\IPHLPAPI.DLL
0x00007ffed1db0000 - 0x00007ffed1db9000 	C:\Windows\System32\NSI.dll
0x00007ffec91d0000 - 0x00007ffec91e9000 	C:\Windows\SYSTEM32\dhcpcsvc6.DLL
0x00007ffec9190000 - 0x00007ffec91af000 	C:\Windows\SYSTEM32\dhcpcsvc.DLL
0x00007ffece580000 - 0x00007ffece679000 	C:\Windows\SYSTEM32\DNSAPI.dll
0x00007ffeb67b0000 - 0x00007ffeb67f9000 	C:\Users\Admin\AppData\Local\Temp\jna-63116079\jna1417431634106134278.dll
0x00007ffed2040000 - 0x00007ffed2048000 	C:\Windows\System32\PSAPI.DLL
0x00007ffeceb60000 - 0x00007ffeceb94000 	C:\Windows\SYSTEM32\ntmarta.dll
0x00007ffec9930000 - 0x00007ffec993e000 	C:\Users\Admin\.vscode\extensions\redhat.java-1.35.1-win32-x64\jre\17.0.12-win32-x86_64\bin\sunmscapi.dll
0x00007ffecfa50000 - 0x00007ffecfbb6000 	C:\Windows\System32\CRYPT32.dll
0x00007ffecf410000 - 0x00007ffecf43e000 	C:\Windows\SYSTEM32\ncrypt.dll
0x00007ffecf3d0000 - 0x00007ffecf407000 	C:\Windows\SYSTEM32\NTASN1.dll

dbghelp: loaded successfully - version: 4.0.5 - missing functions: none
symbol engine: initialized successfully - sym options: 0x614 - pdb path: .;c:\Users\Admin\.vscode\extensions\redhat.java-1.35.1-win32-x64\jre\17.0.12-win32-x86_64\bin;C:\Windows\SYSTEM32;C:\Windows\WinSxS\amd64_microsoft.windows.common-controls_6595b64144ccf1df_6.0.22621.2506_none_270c5ae97388e100;c:\Users\Admin\.vscode\extensions\redhat.java-1.35.1-win32-x64\jre\17.0.12-win32-x86_64\bin\server;C:\Users\Admin\AppData\Roaming\Code\User\globalStorage\redhat.java\1.35.1\config_win\org.eclipse.equinox.launcher\org.eclipse.equinox.launcher.win32.win32.x86_64_1.2.1100.v20240722-2106;C:\Users\Admin\AppData\Local\Temp\jna-63116079

VM Arguments:
jvm_args: --add-modules=ALL-SYSTEM --add-opens=java.base/java.util=ALL-UNNAMED --add-opens=java.base/java.lang=ALL-UNNAMED --add-opens=java.base/sun.nio.fs=ALL-UNNAMED -Declipse.application=org.eclipse.jdt.ls.core.id1 -Dosgi.bundles.defaultStartLevel=4 -Declipse.product=org.eclipse.jdt.ls.core.product -Djava.import.generatesMetadataFilesAtProjectRoot=false -DDetectVMInstallationsJob.disabled=true -Dfile.encoding=utf8 -XX:+UseParallelGC -XX:GCTimeRatio=4 -XX:AdaptiveSizePolicyWeight=90 -Dsun.zip.disableMemoryMapping=true -Xmx1G -Xms100m -Xlog:disable -javaagent:c:\Users\Admin\.vscode\extensions\redhat.java-1.35.1-win32-x64\lombok\lombok-1.18.33.jar -XX:+HeapDumpOnOutOfMemoryError -XX:HeapDumpPath=c:\Users\Admin\AppData\Roaming\Code\User\workspaceStorage\eb20fc06d4a3b5e07cae54c0eea6be4b\redhat.java -Daether.dependencyCollector.impl=bf 
java_command: c:\Users\Admin\.vscode\extensions\redhat.java-1.35.1-win32-x64\server\plugins\org.eclipse.equinox.launcher_1.6.900.v20240613-2009.jar -configuration c:\Users\Admin\AppData\Roaming\Code\User\globalStorage\redhat.java\1.35.1\config_win -data c:\Users\Admin\AppData\Roaming\Code\User\workspaceStorage\eb20fc06d4a3b5e07cae54c0eea6be4b\redhat.java\jdt_ws --pipe=\\.\pipe\lsp-c8bc993b99ed86e4cdfc2cec16012345-sock
java_class_path (initial): c:\Users\Admin\.vscode\extensions\redhat.java-1.35.1-win32-x64\server\plugins\org.eclipse.equinox.launcher_1.6.900.v20240613-2009.jar
Launcher Type: SUN_STANDARD

[Global flags]
    uintx AdaptiveSizePolicyWeight                 = 90                                        {product} {command line}
     intx CICompilerCount                          = 4                                         {product} {ergonomic}
    uintx GCTimeRatio                              = 4                                         {product} {command line}
     bool HeapDumpOnOutOfMemoryError               = true                                   {manageable} {command line}
    ccstr HeapDumpPath                             = c:\Users\Admin\AppData\Roaming\Code\User\workspaceStorage\eb20fc06d4a3b5e07cae54c0eea6be4b\redhat.java         {manageable} {command line}
   size_t InitialHeapSize                          = 104857600                                 {product} {command line}
   size_t MaxHeapSize                              = 1073741824                                {product} {command line}
   size_t MaxNewSize                               = 357564416                                 {product} {ergonomic}
   size_t MinHeapDeltaBytes                        = 524288                                    {product} {ergonomic}
   size_t MinHeapSize                              = 104857600                                 {product} {command line}
   size_t NewSize                                  = 34603008                                  {product} {ergonomic}
    uintx NonNMethodCodeHeapSize                   = 5839372                                {pd product} {ergonomic}
    uintx NonProfiledCodeHeapSize                  = 122909434                              {pd product} {ergonomic}
   size_t OldSize                                  = 70254592                                  {product} {ergonomic}
    uintx ProfiledCodeHeapSize                     = 122909434                              {pd product} {ergonomic}
    uintx ReservedCodeCacheSize                    = 251658240                              {pd product} {ergonomic}
     bool SegmentedCodeCache                       = true                                      {product} {ergonomic}
   size_t SoftMaxHeapSize                          = 1073741824                             {manageable} {ergonomic}
     bool UseCompressedClassPointers               = true                           {product lp64_product} {ergonomic}
     bool UseCompressedOops                        = true                           {product lp64_product} {ergonomic}
     bool UseLargePagesIndividualAllocation        = false                                  {pd product} {ergonomic}
     bool UseParallelGC                            = true                                      {product} {command line}

Logging:
Log output configuration:
 #0: stdout all=off uptime,level,tags
 #1: stderr all=off uptime,level,tags

Environment Variables:
JAVA_HOME=C:\Program Files\Eclipse Adoptium\jdk-21.0.3.9-hotspot
PATH=C:\Users\Admin\bin;C:\Program Files\Git\mingw64\bin;C:\Program Files\Git\usr\local\bin;C:\Program Files\Git\usr\bin;C:\Program Files\Git\usr\bin;C:\Program Files\Git\mingw64\bin;C:\Program Files\Git\usr\bin;C:\Users\Admin\bin;C:\Program Files\Eclipse Adoptium\jdk-21.0.3.9-hotspot\bin;C:\Windows\system32;C:\Windows;C:\Windows\System32\Wbem;C:\Windows\System32\WindowsPowerShell\v1.0;C:\Windows\System32\OpenSSH;C:\Program Files\Microsoft SQL Server\Client SDK\ODBC\170\Tools\Binn;C:\Program Files\Microsoft SQL Server\150\Tools\Binn;C:\Program Files\dotnet;C:\Program Files\nodejs;C:\Program Files\Git\cmd;C:\Program Files\apache-maven-3.9.8\bin;C:\Program Files\Docker\Docker\resources\bin;C:\Users\Admin\AppData\Local\Microsoft\WindowsApps;C:\Users\Admin\.dotnet\tools;C:\Users\Admin\AppData\Local\Programs\Microsoft VS Code\bin;C:\Users\Admin\AppData\Local\JetBrains\Toolbox\scripts;C:\Users\Admin\AppData\Roaming\npm;C:\Program Files\Git\usr\bin\vendor_perl;C:\Program Files\Git\usr\bin\core_perl
USERNAME=Admin
SHELL=C:\Program Files\Git\usr\bin\bash.exe
DISPLAY=needs-to-be-defined
LANG=es_ES.UTF-8
TERM=xterm-256color
TMPDIR=C:\Users\Admin\AppData\Local\Temp
OS=Windows_NT
PROCESSOR_IDENTIFIER=Intel64 Family 6 Model 151 Stepping 5, GenuineIntel
TMP=C:\Users\Admin\AppData\Local\Temp
TEMP=C:\Users\Admin\AppData\Local\Temp



Periodic native trim disabled


---------------  S Y S T E M  ---------------

OS:
 Windows 11 , 64 bit Build 22621 (10.0.22621.3078)
OS uptime: 0 days 6:15 hours
Hyper-V role detected

CPU: total 8 (initial active 8) (4 cores per cpu, 2 threads per core) family 6 model 151 stepping 5 microcode 0x1e, cx8, cmov, fxsr, ht, mmx, 3dnowpref, sse, sse2, sse3, ssse3, sse4.1, sse4.2, popcnt, lzcnt, tsc, tscinvbit, avx, avx2, aes, erms, clmul, bmi1, bmi2, adx, sha, fma, vzeroupper, clflush, clflushopt, clwb, hv
Processor Information for all 8 processors :
  Max Mhz: 3300, Current Mhz: 3300, Mhz Limit: 3300

Memory: 4k page, system-wide physical 7969M (234M free)
TotalPageFile size 16161M (AvailPageFile size 26M)
current process WorkingSet (physical memory assigned to process): 514M, peak: 836M
current process commit charge ("private bytes"): 673M, peak: 777M

vm_info: OpenJDK 64-Bit Server VM (17.0.12+7) for windows-amd64 JRE (17.0.12+7), built on Jul 16 2024 22:08:24 by "admin" with MS VC++ 16.10 / 16.11 (VS2019)

END.
