#
# There is insufficient memory for the Java Runtime Environment to continue.
# Native memory allocation (mmap) failed to map 15728640 bytes. Error detail: G1 virtual space
# Possible reasons:
#   The system is out of physical RAM or swap space
#   This process is running with CompressedOops enabled, and the Java Heap may be blocking the growth of the native heap
# Possible solutions:
#   Reduce memory load on the system
#   Increase physical memory or swap space
#   Check if swap backing store is full
#   Decrease Java heap size (-Xmx/-Xms)
#   Decrease number of Java threads
#   Decrease Java thread stack sizes (-Xss)
#   Set larger code cache with -XX:ReservedCodeCacheSize=
#   JVM is running with Unscaled Compressed Oops mode in which the Java heap is
#     placed in the first 4GB address space. The Java Heap base address is the
#     maximum limit for the native heap growth. Please use -XX:HeapBaseMinAddress
#     to set the Java Heap base and to place the Java Heap above 4GB virtual address.
# This output file may be truncated or incomplete.
#
#  Out of Memory Error (os_windows.cpp:3613), pid=2352, tid=2240
#
# JRE version: OpenJDK Runtime Environment Temurin-17.0.12+7 (17.0.12+7) (build 17.0.12+7)
# Java VM: OpenJDK 64-Bit Server VM Temurin-17.0.12+7 (17.0.12+7, mixed mode, emulated-client, tiered, compressed oops, compressed class ptrs, g1 gc, windows-amd64)
# No core dump will be written. Minidumps are not enabled by default on client versions of Windows
#

---------------  S U M M A R Y ------------

Command Line: -Xmx1024m -Dsts.lsp.client=vscode -Dsts.log.file=/dev/null -XX:TieredStopAtLevel=1 -Xlog:jni+resolve=off -Dspring.config.location=file:c:\Users\Admin\.vscode\extensions\vmware.vscode-spring-boot-1.56.0\language-server\BOOT-INF\classes\application.properties org.springframework.ide.vscode.boot.app.BootLanguageServerBootApp

Host: 12th Gen Intel(R) Core(TM) i3-12100, 8 cores, 7G,  Windows 11 , 64 bit Build 22621 (10.0.22621.3078)
Time: Tue Oct  8 09:41:50 2024 Hora est. Pacífico, Sudamérica elapsed time: 2.997426 seconds (0d 0h 0m 2s)

---------------  T H R E A D  ---------------

Current thread (0x00000240aadf0570):  VMThread "VM Thread" [stack: 0x000000f080600000,0x000000f080700000] [id=2240]

Stack: [0x000000f080600000,0x000000f080700000]
Native frames: (J=compiled Java code, j=interpreted, Vv=VM code, C=native code)
V  [jvm.dll+0x67f929]
V  [jvm.dll+0x8371ba]
V  [jvm.dll+0x838c7e]
V  [jvm.dll+0x8392e3]
V  [jvm.dll+0x24834f]
V  [jvm.dll+0x67c6e9]
V  [jvm.dll+0x6711aa]
V  [jvm.dll+0x307f7b]
V  [jvm.dll+0x30f476]
V  [jvm.dll+0x35f63e]
V  [jvm.dll+0x35f87f]
V  [jvm.dll+0x2def9c]
V  [jvm.dll+0x2dd35f]
V  [jvm.dll+0x2dca8c]
V  [jvm.dll+0x33011c]
V  [jvm.dll+0x83d7dd]
V  [jvm.dll+0x83e522]
V  [jvm.dll+0x83ea4f]
V  [jvm.dll+0x83ee34]
V  [jvm.dll+0x83ef00]
V  [jvm.dll+0x7e65dc]
V  [jvm.dll+0x67e7f7]
C  [ucrtbase.dll+0x29363]
C  [KERNEL32.DLL+0x1257d]
C  [ntdll.dll+0x5aa58]

VM_Operation (0x000000f0800fb090): CollectForMetadataAllocation, mode: safepoint, requested by thread 0x000002409dff5880


---------------  P R O C E S S  ---------------

Threads class SMR info:
_java_thread_list=0x00000240b03726f0, length=14, elements={
0x000002409dff5880, 0x00000240aae0e090, 0x00000240aadf3d30, 0x00000240af02ff90,
0x00000240af031870, 0x00000240af034760, 0x00000240af035030, 0x00000240af037910,
0x00000240af03a440, 0x00000240af24e880, 0x00000240af25ee00, 0x00000240af274280,
0x00000240af275640, 0x00000240b014f670
}

Java Threads: ( => current thread )
  0x000002409dff5880 JavaThread "main" [_thread_blocked, id=4836, stack(0x000000f080000000,0x000000f080100000)]
  0x00000240aae0e090 JavaThread "Reference Handler" daemon [_thread_blocked, id=9644, stack(0x000000f080700000,0x000000f080800000)]
  0x00000240aadf3d30 JavaThread "Finalizer" daemon [_thread_blocked, id=7516, stack(0x000000f080800000,0x000000f080900000)]
  0x00000240af02ff90 JavaThread "Signal Dispatcher" daemon [_thread_blocked, id=10772, stack(0x000000f080900000,0x000000f080a00000)]
  0x00000240af031870 JavaThread "Attach Listener" daemon [_thread_blocked, id=15684, stack(0x000000f080a00000,0x000000f080b00000)]
  0x00000240af034760 JavaThread "Service Thread" daemon [_thread_blocked, id=13792, stack(0x000000f080b00000,0x000000f080c00000)]
  0x00000240af035030 JavaThread "Monitor Deflation Thread" daemon [_thread_blocked, id=2340, stack(0x000000f080c00000,0x000000f080d00000)]
  0x00000240af037910 JavaThread "C1 CompilerThread0" daemon [_thread_blocked, id=3396, stack(0x000000f080d00000,0x000000f080e00000)]
  0x00000240af03a440 JavaThread "Sweeper thread" daemon [_thread_blocked, id=16732, stack(0x000000f080e00000,0x000000f080f00000)]
  0x00000240af24e880 JavaThread "C1 CompilerThread1" daemon [_thread_blocked, id=4888, stack(0x000000f080f00000,0x000000f081000000)]
  0x00000240af25ee00 JavaThread "C1 CompilerThread2" daemon [_thread_blocked, id=4764, stack(0x000000f081000000,0x000000f081100000)]
  0x00000240af274280 JavaThread "Notification Thread" daemon [_thread_blocked, id=3220, stack(0x000000f081100000,0x000000f081200000)]
  0x00000240af275640 JavaThread "Common-Cleaner" daemon [_thread_blocked, id=3000, stack(0x000000f081300000,0x000000f081400000)]
  0x00000240b014f670 JavaThread "C1 CompilerThread3" daemon [_thread_blocked, id=17204, stack(0x000000f081900000,0x000000f081a00000)]

Other Threads:
=>0x00000240aadf0570 VMThread "VM Thread" [stack: 0x000000f080600000,0x000000f080700000] [id=2240]
  0x00000240af274e80 WatcherThread [stack: 0x000000f081200000,0x000000f081300000] [id=4852]
  0x000002409e0329f0 GCTaskThread "GC Thread#0" [stack: 0x000000f080100000,0x000000f080200000] [id=7232]
  0x00000240afbfd590 GCTaskThread "GC Thread#1" [stack: 0x000000f081400000,0x000000f081500000] [id=6276]
  0x00000240afbfd850 GCTaskThread "GC Thread#2" [stack: 0x000000f081500000,0x000000f081600000] [id=16264]
  0x00000240afe2b920 GCTaskThread "GC Thread#3" [stack: 0x000000f081600000,0x000000f081700000] [id=3012]
  0x00000240b0072cf0 GCTaskThread "GC Thread#4" [stack: 0x000000f081700000,0x000000f081800000] [id=17128]
  0x00000240b0000de0 GCTaskThread "GC Thread#5" [stack: 0x000000f081800000,0x000000f081900000] [id=5788]
  0x00000240b028af30 GCTaskThread "GC Thread#6" [stack: 0x000000f081b00000,0x000000f081c00000] [id=6740]
  0x00000240b03d10c0 GCTaskThread "GC Thread#7" [stack: 0x000000f081c00000,0x000000f081d00000] [id=6108]
  0x000002409e03c860 ConcurrentGCThread "G1 Main Marker" [stack: 0x000000f080200000,0x000000f080300000] [id=14212]
  0x000002409e03d190 ConcurrentGCThread "G1 Conc#0" [stack: 0x000000f080300000,0x000000f080400000] [id=8884]
  0x00000240b02e8c60 ConcurrentGCThread "G1 Conc#1" [stack: 0x000000f081d00000,0x000000f081e00000] [id=4668]
  0x000002409e09d600 ConcurrentGCThread "G1 Refine#0" [stack: 0x000000f080400000,0x000000f080500000] [id=840]
  0x000002409e09e550 ConcurrentGCThread "G1 Service" [stack: 0x000000f080500000,0x000000f080600000] [id=12276]

Threads with active compile tasks:

VM state: at safepoint (normal execution)

VM Mutex/Monitor currently owned by a thread:  ([mutex/lock_event])
[0x000002409dd84200] Threads_lock - owner thread: 0x00000240aadf0570
[0x000002409dff2370] Heap_lock - owner thread: 0x000002409dff5880

Heap address: 0x00000000c0000000, size: 1024 MB, Compressed Oops mode: 32-bit

CDS archive(s) not mapped
Compressed class space mapped at: 0x0000000100000000-0x0000000140000000, reserved size: 1073741824
Narrow klass base: 0x0000000000000000, Narrow klass shift: 3, Narrow klass range: 0x140000000

GC Precious Log:
 CPUs: 8 total, 8 available
 Memory: 7969M
 Large Page Support: Disabled
 NUMA Support: Disabled
 Compressed Oops: Enabled (32-bit)
 Heap Region Size: 1M
 Heap Min Capacity: 8M
 Heap Initial Capacity: 126M
 Heap Max Capacity: 1G
 Pre-touch: Disabled
 Parallel Workers: 8
 Concurrent Workers: 2
 Concurrent Refinement Workers: 8
 Periodic GC: Disabled

Heap:
 garbage-first heap   total 75776K, used 29236K [0x00000000c0000000, 0x0000000100000000)
  region size 1024K, 1 young (1024K), 1 survivors (1024K)
 Metaspace       used 35719K, committed 36096K, reserved 1114112K
  class space    used 4405K, committed 4608K, reserved 1048576K

Heap Regions: E=young(eden), S=young(survivor), O=old, HS=humongous(starts), HC=humongous(continues), CS=collection set, F=free, OA=open archive, CA=closed archive, TAMS=top-at-mark-start (previous, next)
|   0|0x00000000c0000000, 0x00000000c0100000, 0x00000000c0100000|100%|HS|  |TAMS 0x00000000c0100000, 0x00000000c0100000| Complete 
|   1|0x00000000c0100000, 0x00000000c0200000, 0x00000000c0200000|100%|HC|  |TAMS 0x00000000c0200000, 0x00000000c0200000| Complete 
|   2|0x00000000c0200000, 0x00000000c0300000, 0x00000000c0300000|100%|HC|  |TAMS 0x00000000c0300000, 0x00000000c0300000| Complete 
|   3|0x00000000c0300000, 0x00000000c0400000, 0x00000000c0400000|100%|HC|  |TAMS 0x00000000c0400000, 0x00000000c0400000| Complete 
|   4|0x00000000c0400000, 0x00000000c0500000, 0x00000000c0500000|100%|HS|  |TAMS 0x00000000c0500000, 0x00000000c0500000| Complete 
|   5|0x00000000c0500000, 0x00000000c0600000, 0x00000000c0600000|100%|HC|  |TAMS 0x00000000c0600000, 0x00000000c0600000| Complete 
|   6|0x00000000c0600000, 0x00000000c0700000, 0x00000000c0700000|100%| O|  |TAMS 0x00000000c0700000, 0x00000000c0700000| Untracked 
|   7|0x00000000c0700000, 0x00000000c0800000, 0x00000000c0800000|100%| O|  |TAMS 0x00000000c0800000, 0x00000000c0800000| Untracked 
|   8|0x00000000c0800000, 0x00000000c0900000, 0x00000000c0900000|100%| O|  |TAMS 0x00000000c0900000, 0x00000000c0900000| Untracked 
|   9|0x00000000c0900000, 0x00000000c0a00000, 0x00000000c0a00000|100%| O|  |TAMS 0x00000000c0a00000, 0x00000000c0a00000| Untracked 
|  10|0x00000000c0a00000, 0x00000000c0b00000, 0x00000000c0b00000|100%| O|  |TAMS 0x00000000c0b00000, 0x00000000c0b00000| Untracked 
|  11|0x00000000c0b00000, 0x00000000c0c00000, 0x00000000c0c00000|100%| O|  |TAMS 0x00000000c0c00000, 0x00000000c0c00000| Untracked 
|  12|0x00000000c0c00000, 0x00000000c0d00000, 0x00000000c0d00000|100%| O|  |TAMS 0x00000000c0d00000, 0x00000000c0d00000| Untracked 
|  13|0x00000000c0d00000, 0x00000000c0e00000, 0x00000000c0e00000|100%| O|  |TAMS 0x00000000c0e00000, 0x00000000c0e00000| Untracked 
|  14|0x00000000c0e00000, 0x00000000c0f00000, 0x00000000c0f00000|100%| O|  |TAMS 0x00000000c0f00000, 0x00000000c0f00000| Untracked 
|  15|0x00000000c0f00000, 0x00000000c0f3ba00, 0x00000000c1000000| 23%| O|  |TAMS 0x00000000c0f3ba00, 0x00000000c0f3ba00| Untracked 
|  16|0x00000000c1000000, 0x00000000c1100000, 0x00000000c1100000|100%| O|  |TAMS 0x00000000c1000000, 0x00000000c1100000| Untracked 
|  17|0x00000000c1100000, 0x00000000c1200000, 0x00000000c1200000|100%| O|  |TAMS 0x00000000c1100000, 0x00000000c1200000| Untracked 
|  18|0x00000000c1200000, 0x00000000c1300000, 0x00000000c1300000|100%| O|  |TAMS 0x00000000c1200000, 0x00000000c1300000| Untracked 
|  19|0x00000000c1300000, 0x00000000c1400000, 0x00000000c1400000|100%| O|  |TAMS 0x00000000c1300000, 0x00000000c1400000| Untracked 
|  20|0x00000000c1400000, 0x00000000c1500000, 0x00000000c1500000|100%| O|  |TAMS 0x00000000c1400000, 0x00000000c1500000| Untracked 
|  21|0x00000000c1500000, 0x00000000c1600000, 0x00000000c1600000|100%| O|  |TAMS 0x00000000c1500000, 0x00000000c1600000| Untracked 
|  22|0x00000000c1600000, 0x00000000c1700000, 0x00000000c1700000|100%| O|  |TAMS 0x00000000c1600000, 0x00000000c1700000| Untracked 
|  23|0x00000000c1700000, 0x00000000c1800000, 0x00000000c1800000|100%| O|  |TAMS 0x00000000c1700000, 0x00000000c1800000| Untracked 
|  24|0x00000000c1800000, 0x00000000c1900000, 0x00000000c1900000|100%| O|  |TAMS 0x00000000c1800000, 0x00000000c1800000| Untracked 
|  25|0x00000000c1900000, 0x00000000c1a00000, 0x00000000c1a00000|100%| O|  |TAMS 0x00000000c1900000, 0x00000000c1900000| Untracked 
|  26|0x00000000c1a00000, 0x00000000c1b00000, 0x00000000c1b00000|100%| O|  |TAMS 0x00000000c1a00000, 0x00000000c1a95e00| Untracked 
|  27|0x00000000c1b00000, 0x00000000c1c00000, 0x00000000c1c00000|100%| O|  |TAMS 0x00000000c1b00000, 0x00000000c1b00000| Untracked 
|  28|0x00000000c1c00000, 0x00000000c1cb2c00, 0x00000000c1d00000| 69%| O|  |TAMS 0x00000000c1c00000, 0x00000000c1c00000| Untracked 
|  29|0x00000000c1d00000, 0x00000000c1d00000, 0x00000000c1e00000|  0%| F|  |TAMS 0x00000000c1d00000, 0x00000000c1d00000| Untracked 
|  30|0x00000000c1e00000, 0x00000000c1e00000, 0x00000000c1f00000|  0%| F|  |TAMS 0x00000000c1e00000, 0x00000000c1e00000| Untracked 
|  31|0x00000000c1f00000, 0x00000000c1f00000, 0x00000000c2000000|  0%| F|  |TAMS 0x00000000c1f00000, 0x00000000c1f00000| Untracked 
|  32|0x00000000c2000000, 0x00000000c2000000, 0x00000000c2100000|  0%| F|  |TAMS 0x00000000c2000000, 0x00000000c2000000| Untracked 
|  33|0x00000000c2100000, 0x00000000c2100000, 0x00000000c2200000|  0%| F|  |TAMS 0x00000000c2100000, 0x00000000c2100000| Untracked 
|  34|0x00000000c2200000, 0x00000000c2200000, 0x00000000c2300000|  0%| F|  |TAMS 0x00000000c2200000, 0x00000000c2200000| Untracked 
|  35|0x00000000c2300000, 0x00000000c2300000, 0x00000000c2400000|  0%| F|  |TAMS 0x00000000c2300000, 0x00000000c2300000| Untracked 
|  36|0x00000000c2400000, 0x00000000c2400000, 0x00000000c2500000|  0%| F|  |TAMS 0x00000000c2400000, 0x00000000c2400000| Untracked 
|  37|0x00000000c2500000, 0x00000000c2500000, 0x00000000c2600000|  0%| F|  |TAMS 0x00000000c2500000, 0x00000000c2500000| Untracked 
|  38|0x00000000c2600000, 0x00000000c2600000, 0x00000000c2700000|  0%| F|  |TAMS 0x00000000c2600000, 0x00000000c2600000| Untracked 
|  39|0x00000000c2700000, 0x00000000c2700000, 0x00000000c2800000|  0%| F|  |TAMS 0x00000000c2700000, 0x00000000c2700000| Untracked 
|  40|0x00000000c2800000, 0x00000000c2800000, 0x00000000c2900000|  0%| F|  |TAMS 0x00000000c2800000, 0x00000000c2800000| Untracked 
|  41|0x00000000c2900000, 0x00000000c2900000, 0x00000000c2a00000|  0%| F|  |TAMS 0x00000000c2900000, 0x00000000c2900000| Untracked 
|  42|0x00000000c2a00000, 0x00000000c2a00000, 0x00000000c2b00000|  0%| F|  |TAMS 0x00000000c2a00000, 0x00000000c2a00000| Untracked 
|  43|0x00000000c2b00000, 0x00000000c2b00000, 0x00000000c2c00000|  0%| F|  |TAMS 0x00000000c2b00000, 0x00000000c2b00000| Untracked 
|  44|0x00000000c2c00000, 0x00000000c2c00000, 0x00000000c2d00000|  0%| F|  |TAMS 0x00000000c2c00000, 0x00000000c2c00000| Untracked 
|  45|0x00000000c2d00000, 0x00000000c2d00000, 0x00000000c2e00000|  0%| F|  |TAMS 0x00000000c2d00000, 0x00000000c2d00000| Untracked 
|  46|0x00000000c2e00000, 0x00000000c2e00000, 0x00000000c2f00000|  0%| F|  |TAMS 0x00000000c2e00000, 0x00000000c2e00000| Untracked 
|  47|0x00000000c2f00000, 0x00000000c2f00000, 0x00000000c3000000|  0%| F|  |TAMS 0x00000000c2f00000, 0x00000000c2f00000| Untracked 
|  48|0x00000000c3000000, 0x00000000c3000000, 0x00000000c3100000|  0%| F|  |TAMS 0x00000000c3000000, 0x00000000c3000000| Untracked 
|  49|0x00000000c3100000, 0x00000000c3100000, 0x00000000c3200000|  0%| F|  |TAMS 0x00000000c3100000, 0x00000000c3100000| Untracked 
|  50|0x00000000c3200000, 0x00000000c3200000, 0x00000000c3300000|  0%| F|  |TAMS 0x00000000c3200000, 0x00000000c3200000| Untracked 
|  51|0x00000000c3300000, 0x00000000c3300000, 0x00000000c3400000|  0%| F|  |TAMS 0x00000000c3300000, 0x00000000c3300000| Untracked 
|  52|0x00000000c3400000, 0x00000000c3400000, 0x00000000c3500000|  0%| F|  |TAMS 0x00000000c3400000, 0x00000000c3400000| Untracked 
|  53|0x00000000c3500000, 0x00000000c3500000, 0x00000000c3600000|  0%| F|  |TAMS 0x00000000c3500000, 0x00000000c3500000| Untracked 
|  54|0x00000000c3600000, 0x00000000c3600000, 0x00000000c3700000|  0%| F|  |TAMS 0x00000000c3600000, 0x00000000c3600000| Untracked 
|  55|0x00000000c3700000, 0x00000000c3700000, 0x00000000c3800000|  0%| F|  |TAMS 0x00000000c3700000, 0x00000000c3700000| Untracked 
|  56|0x00000000c3800000, 0x00000000c3800000, 0x00000000c3900000|  0%| F|  |TAMS 0x00000000c3800000, 0x00000000c3800000| Untracked 
|  57|0x00000000c3900000, 0x00000000c3900000, 0x00000000c3a00000|  0%| F|  |TAMS 0x00000000c3900000, 0x00000000c3900000| Untracked 
|  58|0x00000000c3a00000, 0x00000000c3a00000, 0x00000000c3b00000|  0%| F|  |TAMS 0x00000000c3a00000, 0x00000000c3a00000| Untracked 
|  59|0x00000000c3b00000, 0x00000000c3b00000, 0x00000000c3c00000|  0%| F|  |TAMS 0x00000000c3b00000, 0x00000000c3b00000| Untracked 
|  60|0x00000000c3c00000, 0x00000000c3c00000, 0x00000000c3d00000|  0%| F|  |TAMS 0x00000000c3c00000, 0x00000000c3c00000| Untracked 
|  61|0x00000000c3d00000, 0x00000000c3d00000, 0x00000000c3e00000|  0%| F|  |TAMS 0x00000000c3d00000, 0x00000000c3d00000| Untracked 
|  62|0x00000000c3e00000, 0x00000000c3e00000, 0x00000000c3f00000|  0%| F|  |TAMS 0x00000000c3e00000, 0x00000000c3e00000| Untracked 
|  63|0x00000000c3f00000, 0x00000000c3f00000, 0x00000000c4000000|  0%| F|  |TAMS 0x00000000c3f00000, 0x00000000c3f00000| Untracked 
|  64|0x00000000c4000000, 0x00000000c4000000, 0x00000000c4100000|  0%| F|  |TAMS 0x00000000c4000000, 0x00000000c4000000| Untracked 
|  65|0x00000000c4100000, 0x00000000c4100000, 0x00000000c4200000|  0%| F|  |TAMS 0x00000000c4100000, 0x00000000c4100000| Untracked 
|  66|0x00000000c4200000, 0x00000000c4200000, 0x00000000c4300000|  0%| F|  |TAMS 0x00000000c4200000, 0x00000000c4200000| Untracked 
|  67|0x00000000c4300000, 0x00000000c4300000, 0x00000000c4400000|  0%| F|  |TAMS 0x00000000c4300000, 0x00000000c4300000| Untracked 
|  85|0x00000000c5500000, 0x00000000c5500000, 0x00000000c5600000|  0%| F|  |TAMS 0x00000000c5500000, 0x00000000c5500000| Untracked 
|  86|0x00000000c5600000, 0x00000000c5600000, 0x00000000c5700000|  0%| F|  |TAMS 0x00000000c5600000, 0x00000000c5600000| Untracked 
|  87|0x00000000c5700000, 0x00000000c5700000, 0x00000000c5800000|  0%| F|  |TAMS 0x00000000c5700000, 0x00000000c5700000| Untracked 
|  88|0x00000000c5800000, 0x00000000c5800000, 0x00000000c5900000|  0%| F|  |TAMS 0x00000000c5800000, 0x00000000c5800000| Untracked 
|  89|0x00000000c5900000, 0x00000000c599eb70, 0x00000000c5a00000| 61%| S|CS|TAMS 0x00000000c5900000, 0x00000000c5900000| Complete 
| 125|0x00000000c7d00000, 0x00000000c7d00000, 0x00000000c7e00000|  0%| F|  |TAMS 0x00000000c7d00000, 0x00000000c7d00000| Untracked 

Card table byte_map: [0x00000240a5f40000,0x00000240a6140000] _byte_map_base: 0x00000240a5940000

Marking Bits (Prev, Next): (CMBitMap*) 0x000002409e033f70, (CMBitMap*) 0x000002409e033f30
 Prev Bits: [0x00000240a7340000, 0x00000240a8340000)
 Next Bits: [0x00000240a6340000, 0x00000240a7340000)

Polling page: 0x000002409e0a0000

Metaspace:

Usage:
  Non-class:     30.58 MB used.
      Class:      4.30 MB used.
       Both:     34.88 MB used.

Virtual space:
  Non-class space:       64.00 MB reserved,      30.75 MB ( 48%) committed,  1 nodes.
      Class space:        1.00 GB reserved,       4.50 MB ( <1%) committed,  1 nodes.
             Both:        1.06 GB reserved,      35.25 MB (  3%) committed. 

Chunk freelists:
   Non-Class:  1.06 MB
       Class:  11.41 MB
        Both:  12.47 MB

MaxMetaspaceSize: unlimited
CompressedClassSpaceSize: 1.00 GB
Initial GC threshold: 21.00 MB
Current GC threshold: 35.25 MB
CDS: off
MetaspaceReclaimPolicy: balanced
 - commit_granule_bytes: 65536.
 - commit_granule_words: 8192.
 - virtual_space_node_default_size: 8388608.
 - enlarge_chunks_in_place: 1.
 - new_chunks_are_fully_committed: 0.
 - uncommit_free_chunks: 1.
 - use_allocation_guard: 0.
 - handle_deallocations: 1.


Internal statistics:

num_allocs_failed_limit: 6.
num_arena_births: 434.
num_arena_deaths: 0.
num_vsnodes_births: 2.
num_vsnodes_deaths: 0.
num_space_committed: 563.
num_space_uncommitted: 0.
num_chunks_returned_to_freelist: 6.
num_chunks_taken_from_freelist: 1446.
num_chunk_merges: 6.
num_chunk_splits: 1000.
num_chunks_enlarged: 750.
num_inconsistent_stats: 0.

CodeCache: size=49152Kb used=7815Kb max_used=7815Kb free=41336Kb
 bounds [0x00000240a2450000, 0x00000240a2c00000, 0x00000240a5450000]
 total_blobs=3817 nmethods=3286 adapters=455
 compilation: enabled
              stopped_count=0, restarted_count=0
 full_count=0

Compilation events (20 events):
Event: 2.965 Thread 0x00000240af037910 nmethod 3275 0x00000240a2bedc90 code [0x00000240a2bede40, 0x00000240a2bedfc8]
Event: 2.965 Thread 0x00000240af24e880 nmethod 3276 0x00000240a2bee110 code [0x00000240a2bee2c0, 0x00000240a2bee4d8]
Event: 2.965 Thread 0x00000240b014f670 3277       1       java.lang.Class::createAnnotationData (195 bytes)
Event: 2.966 Thread 0x00000240af25ee00 3278       1       java.lang.Class$AnnotationData::<init> (20 bytes)
Event: 2.966 Thread 0x00000240af25ee00 nmethod 3278 0x00000240a2bee610 code [0x00000240a2bee7a0, 0x00000240a2bee8f8]
Event: 2.966 Thread 0x00000240b014f670 nmethod 3277 0x00000240a2bee990 code [0x00000240a2beec60, 0x00000240a2bef3b8]
Event: 2.973 Thread 0x00000240b014f670 3279       1       java.lang.StackFrameInfo::<init> (25 bytes)
Event: 2.973 Thread 0x00000240af037910 3280       1       java.lang.invoke.MethodHandleImpl$1::newMemberName (8 bytes)
Event: 2.973 Thread 0x00000240af25ee00 3281       1       java.lang.invoke.MemberName::<init> (5 bytes)
Event: 2.973 Thread 0x00000240af25ee00 nmethod 3281 0x00000240a2bef890 code [0x00000240a2befa20, 0x00000240a2befad8]
Event: 2.973 Thread 0x00000240af037910 nmethod 3280 0x00000240a2befb90 code [0x00000240a2befd20, 0x00000240a2befe38]
Event: 2.973 Thread 0x00000240b014f670 nmethod 3279 0x00000240a2beff10 code [0x00000240a2bf00a0, 0x00000240a2bf0218]
Event: 2.975 Thread 0x00000240af037910 3282       1       org.springframework.core.ResolvableType::getNested (121 bytes)
Event: 2.975 Thread 0x00000240b014f670 3283   !   1       jdk.proxy2.$Proxy25::annotationType (29 bytes)
Event: 2.975 Thread 0x00000240b014f670 nmethod 3283 0x00000240a2bf0310 code [0x00000240a2bf04c0, 0x00000240a2bf06d8]
Event: 2.975 Thread 0x00000240b014f670 3284       1       org.springframework.beans.factory.config.InstantiationAwareBeanPostProcessor::postProcessBeforeInstantiation (2 bytes)
Event: 2.975 Thread 0x00000240af037910 nmethod 3282 0x00000240a2bf0810 code [0x00000240a2bf0a20, 0x00000240a2bf0f48]
Event: 2.975 Thread 0x00000240b014f670 nmethod 3284 0x00000240a2bf1310 code [0x00000240a2bf14a0, 0x00000240a2bf1578]
Event: 2.977 Thread 0x00000240b014f670 3286       1       java.lang.invoke.LambdaForm$NamedFunction::<init> (15 bytes)
Event: 2.977 Thread 0x00000240b014f670 nmethod 3286 0x00000240a2bf1910 code [0x00000240a2bf1aa0, 0x00000240a2bf1bf8]

GC Heap History (13 events):
Event: 0.842 GC heap before
{Heap before GC invocations=0 (full 0):
 garbage-first heap   total 129024K, used 28672K [0x00000000c0000000, 0x0000000100000000)
  region size 1024K, 23 young (23552K), 0 survivors (0K)
 Metaspace       used 7925K, committed 8064K, reserved 1114112K
  class space    used 857K, committed 960K, reserved 1048576K
}
Event: 0.846 GC heap after
{Heap after GC invocations=1 (full 0):
 garbage-first heap   total 129024K, used 15573K [0x00000000c0000000, 0x0000000100000000)
  region size 1024K, 3 young (3072K), 3 survivors (3072K)
 Metaspace       used 7925K, committed 8064K, reserved 1114112K
  class space    used 857K, committed 960K, reserved 1048576K
}
Event: 1.323 GC heap before
{Heap before GC invocations=1 (full 0):
 garbage-first heap   total 129024K, used 39125K [0x00000000c0000000, 0x0000000100000000)
  region size 1024K, 26 young (26624K), 3 survivors (3072K)
 Metaspace       used 13789K, committed 14016K, reserved 1114112K
  class space    used 1702K, committed 1792K, reserved 1048576K
}
Event: 1.327 GC heap after
{Heap after GC invocations=2 (full 0):
 garbage-first heap   total 129024K, used 17305K [0x00000000c0000000, 0x0000000100000000)
  region size 1024K, 2 young (2048K), 2 survivors (2048K)
 Metaspace       used 13789K, committed 14016K, reserved 1114112K
  class space    used 1702K, committed 1792K, reserved 1048576K
}
Event: 1.780 GC heap before
{Heap before GC invocations=2 (full 0):
 garbage-first heap   total 129024K, used 51097K [0x00000000c0000000, 0x0000000100000000)
  region size 1024K, 36 young (36864K), 2 survivors (2048K)
 Metaspace       used 21261K, committed 21504K, reserved 1114112K
  class space    used 2619K, committed 2752K, reserved 1048576K
}
Event: 1.783 GC heap after
{Heap after GC invocations=3 (full 0):
 garbage-first heap   total 129024K, used 20718K [0x00000000c0000000, 0x0000000100000000)
  region size 1024K, 5 young (5120K), 5 survivors (5120K)
 Metaspace       used 21261K, committed 21504K, reserved 1114112K
  class space    used 2619K, committed 2752K, reserved 1048576K
}
Event: 2.113 GC heap before
{Heap before GC invocations=4 (full 0):
 garbage-first heap   total 75776K, used 57582K [0x00000000c0000000, 0x0000000100000000)
  region size 1024K, 42 young (43008K), 5 survivors (5120K)
 Metaspace       used 27689K, committed 27968K, reserved 1114112K
  class space    used 3463K, committed 3584K, reserved 1048576K
}
Event: 2.118 GC heap after
{Heap after GC invocations=5 (full 0):
 garbage-first heap   total 75776K, used 23438K [0x00000000c0000000, 0x0000000100000000)
  region size 1024K, 4 young (4096K), 4 survivors (4096K)
 Metaspace       used 27689K, committed 27968K, reserved 1114112K
  class space    used 3463K, committed 3584K, reserved 1048576K
}
Event: 2.623 GC heap before
{Heap before GC invocations=5 (full 0):
 garbage-first heap   total 75776K, used 48014K [0x00000000c0000000, 0x0000000100000000)
  region size 1024K, 29 young (29696K), 4 survivors (4096K)
 Metaspace       used 31662K, committed 32000K, reserved 1114112K
  class space    used 4010K, committed 4160K, reserved 1048576K
}
Event: 2.630 GC heap after
{Heap after GC invocations=6 (full 0):
 garbage-first heap   total 75776K, used 25473K [0x00000000c0000000, 0x0000000100000000)
  region size 1024K, 2 young (2048K), 2 survivors (2048K)
 Metaspace       used 31662K, committed 32000K, reserved 1114112K
  class space    used 4010K, committed 4160K, reserved 1048576K
}
Event: 2.966 GC heap before
{Heap before GC invocations=6 (full 0):
 garbage-first heap   total 75776K, used 53121K [0x00000000c0000000, 0x0000000100000000)
  region size 1024K, 28 young (28672K), 2 survivors (2048K)
 Metaspace       used 35610K, committed 36032K, reserved 1114112K
  class space    used 4391K, committed 4608K, reserved 1048576K
}
Event: 2.972 GC heap after
{Heap after GC invocations=7 (full 0):
 garbage-first heap   total 75776K, used 28486K [0x00000000c0000000, 0x0000000100000000)
  region size 1024K, 4 young (4096K), 4 survivors (4096K)
 Metaspace       used 35610K, committed 36032K, reserved 1114112K
  class space    used 4391K, committed 4608K, reserved 1048576K
}
Event: 2.991 GC heap before
{Heap before GC invocations=7 (full 0):
 garbage-first heap   total 75776K, used 28486K [0x00000000c0000000, 0x0000000100000000)
  region size 1024K, 5 young (5120K), 4 survivors (4096K)
 Metaspace       used 35719K, committed 36096K, reserved 1114112K
  class space    used 4405K, committed 4608K, reserved 1048576K
}

Dll operation events (6 events):
Event: 0.004 Loaded shared library c:\Users\Admin\.vscode\extensions\redhat.java-1.35.1-win32-x64\jre\17.0.12-win32-x86_64\bin\java.dll
Event: 0.096 Loaded shared library C:\Users\Admin\.vscode\extensions\redhat.java-1.35.1-win32-x64\jre\17.0.12-win32-x86_64\bin\net.dll
Event: 0.098 Loaded shared library C:\Users\Admin\.vscode\extensions\redhat.java-1.35.1-win32-x64\jre\17.0.12-win32-x86_64\bin\nio.dll
Event: 0.104 Loaded shared library C:\Users\Admin\.vscode\extensions\redhat.java-1.35.1-win32-x64\jre\17.0.12-win32-x86_64\bin\zip.dll
Event: 0.493 Loaded shared library C:\Users\Admin\.vscode\extensions\redhat.java-1.35.1-win32-x64\jre\17.0.12-win32-x86_64\bin\jimage.dll
Event: 1.723 Loaded shared library c:\Users\Admin\.vscode\extensions\redhat.java-1.35.1-win32-x64\jre\17.0.12-win32-x86_64\bin\verify.dll

Deoptimization events (0 events):
No events

Classes loaded (20 events):
Event: 2.680 Loading class java/util/concurrent/CancellationException
Event: 2.680 Loading class java/util/concurrent/CancellationException done
Event: 2.702 Loading class java/util/concurrent/CompletionException
Event: 2.702 Loading class java/util/concurrent/CompletionException done
Event: 2.702 Loading class java/util/concurrent/locks/ReentrantReadWriteLock$FairSync
Event: 2.702 Loading class java/util/concurrent/locks/ReentrantReadWriteLock$FairSync done
Event: 2.729 Loading class java/util/regex/Pattern$Caret
Event: 2.729 Loading class java/util/regex/Pattern$Caret done
Event: 2.735 Loading class java/io/FileReader
Event: 2.735 Loading class java/io/FileReader done
Event: 2.753 Loading class java/util/concurrent/Executors$FinalizableDelegatedExecutorService
Event: 2.753 Loading class java/util/concurrent/Executors$FinalizableDelegatedExecutorService done
Event: 2.758 Loading class sun/reflect/generics/repository/FieldRepository
Event: 2.759 Loading class sun/reflect/generics/repository/FieldRepository done
Event: 2.893 Loading class org/w3c/dom/Node
Event: 2.893 Loading class org/w3c/dom/Node done
Event: 2.895 Loading class org/w3c/dom/Document
Event: 2.895 Loading class org/w3c/dom/Document done
Event: 2.899 Loading class java/io/StringWriter
Event: 2.899 Loading class java/io/StringWriter done

Classes unloaded (0 events):
No events

Classes redefined (0 events):
No events

Internal exceptions (20 events):
Event: 2.358 Thread 0x000002409dff5880 Exception <a 'java/lang/NoSuchMethodError'{0x00000000c3edadf0}: 'java.lang.Object java.lang.invoke.DirectMethodHandle$Holder.invokeSpecial(java.lang.Object, java.lang.Object, java.lang.Object, java.lang.Object, java.lang.Object, java.lang.Object, java.lang.Object, java.lang.Object, java.lang.Object, java.lang.Object, java.lang.Object, java.lang.Object, java.lang.Object, java.lang.Object)'> (0x00000000c3edadf0) 
thrown [s\src\hotspot\share\interpreter\linkResolver.cpp, line 759]
Event: 2.358 Thread 0x000002409dff5880 Exception <a 'java/lang/NoSuchMethodError'{0x00000000c3edfac0}: 'java.lang.Object java.lang.invoke.Invokers$Holder.invoker(java.lang.Object, java.lang.Object, java.lang.Object, java.lang.Object, java.lang.Object, java.lang.Object, java.lang.Object, java.lang.Object, java.lang.Object, java.lang.Object, java.lang.Object, java.lang.Object, java.lang.Object, java.lang.Object)'> (0x00000000c3edfac0) 
thrown [s\src\hotspot\share\interpreter\linkResolver.cpp, line 759]
Event: 2.359 Thread 0x000002409dff5880 Exception <a 'java/lang/NoSuchMethodError'{0x00000000c3ee5730}: 'java.lang.Object java.lang.invoke.DirectMethodHandle$Holder.invokeSpecial(java.lang.Object, java.lang.Object, java.lang.Object, java.lang.Object, java.lang.Object, java.lang.Object, java.lang.Object, java.lang.Object, java.lang.Object, java.lang.Object, java.lang.Object, java.lang.Object, java.lang.Object, java.lang.Object, java.lang.Object)'> (0x00000000c3ee5730) 
thrown [s\src\hotspot\share\interpreter\linkResolver.cpp, line 759]
Event: 2.360 Thread 0x000002409dff5880 Exception <a 'java/lang/NoSuchMethodError'{0x00000000c3ef52e8}: 'int java.lang.invoke.DirectMethodHandle$Holder.invokeVirtual(java.lang.Object, java.lang.Object, java.lang.Object)'> (0x00000000c3ef52e8) 
thrown [s\src\hotspot\share\interpreter\linkResolver.cpp, line 759]
Event: 2.361 Thread 0x000002409dff5880 Exception <a 'java/lang/NoSuchMethodError'{0x00000000c3ef9788}: 'int java.lang.invoke.DirectMethodHandle$Holder.invokeStaticInit(java.lang.Object, int, int)'> (0x00000000c3ef9788) 
thrown [s\src\hotspot\share\interpreter\linkResolver.cpp, line 759]
Event: 2.361 Thread 0x000002409dff5880 Exception <a 'java/lang/NoSuchMethodError'{0x00000000c3d010d8}: 'int java.lang.invoke.DirectMethodHandle$Holder.invokeStaticInit(java.lang.Object, long, long)'> (0x00000000c3d010d8) 
thrown [s\src\hotspot\share\interpreter\linkResolver.cpp, line 759]
Event: 2.361 Thread 0x000002409dff5880 Exception <a 'java/lang/NoSuchMethodError'{0x00000000c3d07f28}: 'int java.lang.invoke.DirectMethodHandle$Holder.invokeStaticInit(java.lang.Object, float, float)'> (0x00000000c3d07f28) 
thrown [s\src\hotspot\share\interpreter\linkResolver.cpp, line 759]
Event: 2.361 Thread 0x000002409dff5880 Exception <a 'java/lang/NoSuchMethodError'{0x00000000c3d0ed80}: 'int java.lang.invoke.DirectMethodHandle$Holder.invokeStaticInit(java.lang.Object, double, double)'> (0x00000000c3d0ed80) 
thrown [s\src\hotspot\share\interpreter\linkResolver.cpp, line 759]
Event: 2.362 Thread 0x000002409dff5880 Exception <a 'java/lang/NoSuchMethodError'{0x00000000c3d13350}: 'int java.lang.invoke.DirectMethodHandle$Holder.invokeStatic(java.lang.Object, long)'> (0x00000000c3d13350) 
thrown [s\src\hotspot\share\interpreter\linkResolver.cpp, line 759]
Event: 2.363 Thread 0x000002409dff5880 Exception <a 'java/lang/NoSuchMethodError'{0x00000000c3d37e78}: 'int java.lang.invoke.DirectMethodHandle$Holder.invokeSpecial(java.lang.Object, java.lang.Object, int)'> (0x00000000c3d37e78) 
thrown [s\src\hotspot\share\interpreter\linkResolver.cpp, line 759]
Event: 2.363 Thread 0x000002409dff5880 Exception <a 'java/lang/NoSuchMethodError'{0x00000000c3d3f770}: 'int java.lang.invoke.Invokers$Holder.linkToTargetMethod(java.lang.Object, java.lang.Object)'> (0x00000000c3d3f770) 
thrown [s\src\hotspot\share\interpreter\linkResolver.cpp, line 759]
Event: 2.382 Thread 0x000002409dff5880 Exception <a 'java/lang/NoSuchMethodError'{0x00000000c3c41aa8}: 'java.lang.Object java.lang.invoke.DirectMethodHandle$Holder.invokeSpecial(java.lang.Object, java.lang.Object, java.lang.Object, java.lang.Object, java.lang.Object, java.lang.Object, java.lang.Object, java.lang.Object, java.lang.Object, java.lang.Object)'> (0x00000000c3c41aa8) 
thrown [s\src\hotspot\share\interpreter\linkResolver.cpp, line 759]
Event: 2.382 Thread 0x000002409dff5880 Exception <a 'java/lang/NoSuchMethodError'{0x00000000c3c46090}: 'java.lang.Object java.lang.invoke.Invokers$Holder.invoke_MT(java.lang.Object, java.lang.Object, java.lang.Object, java.lang.Object, java.lang.Object, java.lang.Object, java.lang.Object, java.lang.Object, java.lang.Object, java.lang.Object)'> (0x00000000c3c46090) 
thrown [s\src\hotspot\share\interpreter\linkResolver.cpp, line 759]
Event: 2.385 Thread 0x000002409dff5880 Exception <a 'java/lang/NoSuchMethodError'{0x00000000c3c8e390}: 'java.lang.Object java.lang.invoke.DirectMethodHandle$Holder.invokeSpecial(java.lang.Object, java.lang.Object, int, java.lang.Object, java.lang.Object)'> (0x00000000c3c8e390) 
thrown [s\src\hotspot\share\interpreter\linkResolver.cpp, line 759]
Event: 2.385 Thread 0x000002409dff5880 Exception <a 'java/lang/NoSuchMethodError'{0x00000000c3c92038}: 'java.lang.Object java.lang.invoke.DelegatingMethodHandle$Holder.delegate(java.lang.Object, int, java.lang.Object, java.lang.Object)'> (0x00000000c3c92038) 
thrown [s\src\hotspot\share\interpreter\linkResolver.cpp, line 759]
Event: 2.386 Thread 0x000002409dff5880 Exception <a 'java/lang/NoSuchMethodError'{0x00000000c3ca2ea0}: 'int java.lang.invoke.Invokers$Holder.linkToTargetMethod(java.lang.Object, java.lang.Object, java.lang.Object)'> (0x00000000c3ca2ea0) 
thrown [s\src\hotspot\share\interpreter\linkResolver.cpp, line 759]
Event: 2.499 Thread 0x000002409dff5880 Exception <a 'java/lang/NoSuchMethodError'{0x00000000c376a090}: 'java.lang.Object java.lang.invoke.DirectMethodHandle$Holder.invokeStaticInit(java.lang.Object, int, int, int, int)'> (0x00000000c376a090) 
thrown [s\src\hotspot\share\interpreter\linkResolver.cpp, line 759]
Event: 2.553 Thread 0x000002409dff5880 Exception <a 'java/lang/NoSuchMethodError'{0x00000000c365ea38}: 'java.lang.Object java.lang.invoke.DirectMethodHandle$Holder.invokeStaticInit(java.lang.Object, java.lang.Object, int, int, int, int)'> (0x00000000c365ea38) 
thrown [s\src\hotspot\share\interpreter\linkResolver.cpp, line 759]
Event: 2.674 Thread 0x000002409dff5880 Exception <a 'java/lang/NoSuchMethodError'{0x00000000c58ffad8}: 'void java.lang.invoke.DirectMethodHandle$Holder.invokeSpecialIFC(java.lang.Object, java.lang.Object, java.lang.Object)'> (0x00000000c58ffad8) 
thrown [s\src\hotspot\share\interpreter\linkResolver.cpp, line 759]
Event: 2.977 Thread 0x000002409dff5880 Exception <a 'java/lang/NoSuchMethodError'{0x00000000c7d2e710}: 'int java.lang.invoke.DirectMethodHandle$Holder.invokeStaticInit(java.lang.Object, java.lang.Object, int, java.lang.Object)'> (0x00000000c7d2e710) 
thrown [s\src\hotspot\share\interpreter\linkResolver.cpp, line 759]

VM Operations (20 events):
Event: 1.789 Executing VM operation: G1PauseCleanup done
Event: 1.961 Executing VM operation: HandshakeAllThreads
Event: 1.961 Executing VM operation: HandshakeAllThreads done
Event: 1.987 Executing VM operation: HandshakeAllThreads
Event: 1.987 Executing VM operation: HandshakeAllThreads done
Event: 2.113 Executing VM operation: G1CollectForAllocation
Event: 2.118 Executing VM operation: G1CollectForAllocation done
Event: 2.370 Executing VM operation: HandshakeAllThreads
Event: 2.370 Executing VM operation: HandshakeAllThreads done
Event: 2.488 Executing VM operation: HandshakeAllThreads
Event: 2.488 Executing VM operation: HandshakeAllThreads done
Event: 2.519 Executing VM operation: HandshakeAllThreads
Event: 2.519 Executing VM operation: HandshakeAllThreads done
Event: 2.623 Executing VM operation: G1CollectForAllocation
Event: 2.630 Executing VM operation: G1CollectForAllocation done
Event: 2.753 Executing VM operation: HandshakeAllThreads
Event: 2.753 Executing VM operation: HandshakeAllThreads done
Event: 2.966 Executing VM operation: G1CollectForAllocation
Event: 2.972 Executing VM operation: G1CollectForAllocation done
Event: 2.991 Executing VM operation: CollectForMetadataAllocation

Events (18 events):
Event: 0.017 Thread 0x000002409dff5880 Thread added: 0x000002409dff5880
Event: 0.022 Thread 0x00000240aae0e090 Thread added: 0x00000240aae0e090
Event: 0.023 Thread 0x00000240aadf3d30 Thread added: 0x00000240aadf3d30
Event: 0.031 Thread 0x00000240af02ff90 Thread added: 0x00000240af02ff90
Event: 0.031 Thread 0x00000240af031870 Thread added: 0x00000240af031870
Event: 0.031 Thread 0x00000240af034760 Thread added: 0x00000240af034760
Event: 0.031 Thread 0x00000240af035030 Thread added: 0x00000240af035030
Event: 0.031 Thread 0x00000240af037910 Thread added: 0x00000240af037910
Event: 0.031 Thread 0x00000240af03a440 Thread added: 0x00000240af03a440
Event: 0.076 Thread 0x00000240af24e880 Thread added: 0x00000240af24e880
Event: 0.076 Thread 0x00000240af25ee00 Thread added: 0x00000240af25ee00
Event: 0.077 Thread 0x00000240af274280 Thread added: 0x00000240af274280
Event: 0.083 Thread 0x00000240af275640 Thread added: 0x00000240af275640
Event: 1.556 Thread 0x00000240b014f670 Thread added: 0x00000240b014f670
Event: 1.619 Thread 0x00000240b01360f0 Thread added: 0x00000240b01360f0
Event: 1.960 Thread 0x00000240b01360f0 Thread exited: 0x00000240b01360f0
Event: 2.172 Thread 0x00000240b05d8420 Thread added: 0x00000240b05d8420
Event: 2.172 Thread 0x00000240b05d8420 Thread exited: 0x00000240b05d8420


Dynamic libraries:
0x00007ff774cc0000 - 0x00007ff774cce000 	c:\Users\Admin\.vscode\extensions\redhat.java-1.35.1-win32-x64\jre\17.0.12-win32-x86_64\bin\java.exe
0x00007ffb69e70000 - 0x00007ffb6a087000 	C:\Windows\SYSTEM32\ntdll.dll
0x00007ffb68400000 - 0x00007ffb684c4000 	C:\Windows\System32\KERNEL32.DLL
0x00007ffb67250000 - 0x00007ffb675f6000 	C:\Windows\System32\KERNELBASE.dll
0x00007ffb676a0000 - 0x00007ffb677b1000 	C:\Windows\System32\ucrtbase.dll
0x00007ffade700000 - 0x00007ffade717000 	c:\Users\Admin\.vscode\extensions\redhat.java-1.35.1-win32-x64\jre\17.0.12-win32-x86_64\bin\jli.dll
0x00007ffade6e0000 - 0x00007ffade6fb000 	c:\Users\Admin\.vscode\extensions\redhat.java-1.35.1-win32-x64\jre\17.0.12-win32-x86_64\bin\VCRUNTIME140.dll
0x00007ffb67d90000 - 0x00007ffb67f3e000 	C:\Windows\System32\USER32.dll
0x00007ffb583d0000 - 0x00007ffb58663000 	C:\Windows\WinSxS\amd64_microsoft.windows.common-controls_6595b64144ccf1df_6.0.22621.2506_none_270c5ae97388e100\COMCTL32.dll
0x00007ffb67670000 - 0x00007ffb67696000 	C:\Windows\System32\win32u.dll
0x00007ffb69260000 - 0x00007ffb69289000 	C:\Windows\System32\GDI32.dll
0x00007ffb696a0000 - 0x00007ffb69747000 	C:\Windows\System32\msvcrt.dll
0x00007ffb67960000 - 0x00007ffb67a78000 	C:\Windows\System32\gdi32full.dll
0x00007ffb671b0000 - 0x00007ffb6724a000 	C:\Windows\System32\msvcp_win.dll
0x00007ffb68350000 - 0x00007ffb68381000 	C:\Windows\System32\IMM32.DLL
0x00007ffade6d0000 - 0x00007ffade6dc000 	c:\Users\Admin\.vscode\extensions\redhat.java-1.35.1-win32-x64\jre\17.0.12-win32-x86_64\bin\vcruntime140_1.dll
0x00007ffade640000 - 0x00007ffade6cd000 	c:\Users\Admin\.vscode\extensions\redhat.java-1.35.1-win32-x64\jre\17.0.12-win32-x86_64\bin\msvcp140.dll
0x00007ffadd320000 - 0x00007ffaddf8a000 	c:\Users\Admin\.vscode\extensions\redhat.java-1.35.1-win32-x64\jre\17.0.12-win32-x86_64\bin\server\jvm.dll
0x00007ffb67ff0000 - 0x00007ffb680a3000 	C:\Windows\System32\ADVAPI32.dll
0x00007ffb691b0000 - 0x00007ffb69258000 	C:\Windows\System32\sechost.dll
0x00007ffb67930000 - 0x00007ffb67958000 	C:\Windows\System32\bcrypt.dll
0x00007ffb692e0000 - 0x00007ffb693f7000 	C:\Windows\System32\RPCRT4.dll
0x00007ffb68130000 - 0x00007ffb681a1000 	C:\Windows\System32\WS2_32.dll
0x00007ffb66000000 - 0x00007ffb6604d000 	C:\Windows\SYSTEM32\POWRPROF.dll
0x00007ffb58690000 - 0x00007ffb586c4000 	C:\Windows\SYSTEM32\WINMM.dll
0x00007ffb5de30000 - 0x00007ffb5de3a000 	C:\Windows\SYSTEM32\VERSION.dll
0x00007ffb65fe0000 - 0x00007ffb65ff3000 	C:\Windows\SYSTEM32\UMPDC.dll
0x00007ffb662a0000 - 0x00007ffb662b8000 	C:\Windows\SYSTEM32\kernel.appcore.dll
0x00007ffade4f0000 - 0x00007ffade4fa000 	c:\Users\Admin\.vscode\extensions\redhat.java-1.35.1-win32-x64\jre\17.0.12-win32-x86_64\bin\jimage.dll
0x00007ffb641c0000 - 0x00007ffb643f3000 	C:\Windows\SYSTEM32\DBGHELP.DLL
0x00007ffb69a40000 - 0x00007ffb69dc9000 	C:\Windows\System32\combase.dll
0x00007ffb68270000 - 0x00007ffb68347000 	C:\Windows\System32\OLEAUT32.dll
0x00007ffb58b50000 - 0x00007ffb58b82000 	C:\Windows\SYSTEM32\dbgcore.DLL
0x00007ffb67a80000 - 0x00007ffb67afa000 	C:\Windows\System32\bcryptPrimitives.dll
0x00007ffade600000 - 0x00007ffade625000 	c:\Users\Admin\.vscode\extensions\redhat.java-1.35.1-win32-x64\jre\17.0.12-win32-x86_64\bin\java.dll
0x00007ffade5e0000 - 0x00007ffade5f8000 	c:\Users\Admin\.vscode\extensions\redhat.java-1.35.1-win32-x64\jre\17.0.12-win32-x86_64\bin\zip.dll
0x00007ffb68950000 - 0x00007ffb691ab000 	C:\Windows\System32\SHELL32.dll
0x00007ffb650c0000 - 0x00007ffb659b6000 	C:\Windows\SYSTEM32\windows.storage.dll
0x00007ffb64f80000 - 0x00007ffb650be000 	C:\Windows\SYSTEM32\wintypes.dll
0x00007ffb697e0000 - 0x00007ffb698d3000 	C:\Windows\System32\SHCORE.dll
0x00007ffb69dd0000 - 0x00007ffb69e2e000 	C:\Windows\System32\shlwapi.dll
0x00007ffb670e0000 - 0x00007ffb67106000 	C:\Windows\SYSTEM32\profapi.dll
0x00007ffade580000 - 0x00007ffade599000 	C:\Users\Admin\.vscode\extensions\redhat.java-1.35.1-win32-x64\jre\17.0.12-win32-x86_64\bin\net.dll
0x00007ffb60ac0000 - 0x00007ffb60bf7000 	C:\Windows\SYSTEM32\WINHTTP.dll
0x00007ffb66710000 - 0x00007ffb66779000 	C:\Windows\system32\mswsock.dll
0x00007ffade560000 - 0x00007ffade576000 	C:\Users\Admin\.vscode\extensions\redhat.java-1.35.1-win32-x64\jre\17.0.12-win32-x86_64\bin\nio.dll
0x00007ffade5d0000 - 0x00007ffade5e0000 	c:\Users\Admin\.vscode\extensions\redhat.java-1.35.1-win32-x64\jre\17.0.12-win32-x86_64\bin\verify.dll
0x00007ffb66a60000 - 0x00007ffb66a7b000 	C:\Windows\SYSTEM32\CRYPTSP.dll
0x00007ffb66200000 - 0x00007ffb66235000 	C:\Windows\system32\rsaenh.dll
0x00007ffb667b0000 - 0x00007ffb667dc000 	C:\Windows\SYSTEM32\USERENV.dll
0x00007ffb66a40000 - 0x00007ffb66a4c000 	C:\Windows\SYSTEM32\CRYPTBASE.dll
0x00007ffb65c20000 - 0x00007ffb65c4d000 	C:\Windows\SYSTEM32\IPHLPAPI.DLL
0x00007ffb67bc0000 - 0x00007ffb67bc9000 	C:\Windows\System32\NSI.dll
0x00007ffb60cf0000 - 0x00007ffb60d09000 	C:\Windows\SYSTEM32\dhcpcsvc6.DLL
0x00007ffb60900000 - 0x00007ffb6091f000 	C:\Windows\SYSTEM32\dhcpcsvc.DLL
0x00007ffb65ce0000 - 0x00007ffb65dd9000 	C:\Windows\SYSTEM32\DNSAPI.dll

dbghelp: loaded successfully - version: 4.0.5 - missing functions: none
symbol engine: initialized successfully - sym options: 0x614 - pdb path: .;c:\Users\Admin\.vscode\extensions\redhat.java-1.35.1-win32-x64\jre\17.0.12-win32-x86_64\bin;C:\Windows\SYSTEM32;C:\Windows\WinSxS\amd64_microsoft.windows.common-controls_6595b64144ccf1df_6.0.22621.2506_none_270c5ae97388e100;c:\Users\Admin\.vscode\extensions\redhat.java-1.35.1-win32-x64\jre\17.0.12-win32-x86_64\bin\server

VM Arguments:
jvm_args: -Xmx1024m -Dsts.lsp.client=vscode -Dsts.log.file=/dev/null -XX:TieredStopAtLevel=1 -Xlog:jni+resolve=off -Dspring.config.location=file:c:\Users\Admin\.vscode\extensions\vmware.vscode-spring-boot-1.56.0\language-server\BOOT-INF\classes\application.properties 
java_command: org.springframework.ide.vscode.boot.app.BootLanguageServerBootApp
java_class_path (initial): c:\Users\Admin\.vscode\extensions\vmware.vscode-spring-boot-1.56.0\language-server\BOOT-INF\classes;c:\Users\Admin\.vscode\extensions\vmware.vscode-spring-boot-1.56.0\language-server\BOOT-INF\lib\annotations-24.1.0.jar;c:\Users\Admin\.vscode\extensions\vmware.vscode-spring-boot-1.56.0\language-server\BOOT-INF\lib\antlr4-runtime-4.13.1.jar;c:\Users\Admin\.vscode\extensions\vmware.vscode-spring-boot-1.56.0\language-server\BOOT-INF\lib\asm-9.7.jar;c:\Users\Admin\.vscode\extensions\vmware.vscode-spring-boot-1.56.0\language-server\BOOT-INF\lib\asm-analysis-9.7.jar;c:\Users\Admin\.vscode\extensions\vmware.vscode-spring-boot-1.56.0\language-server\BOOT-INF\lib\asm-tree-9.7.jar;c:\Users\Admin\.vscode\extensions\vmware.vscode-spring-boot-1.56.0\language-server\BOOT-INF\lib\asm-util-9.7.jar;c:\Users\Admin\.vscode\extensions\vmware.vscode-spring-boot-1.56.0\language-server\BOOT-INF\lib\caffeine-3.1.8.jar;c:\Users\Admin\.vscode\extensions\vmware.vscode-spring-boot-1.56.0\language-server\BOOT-INF\lib\checker-qual-3.12.0.jar;c:\Users\Admin\.vscode\extensions\vmware.vscode-spring-boot-1.56.0\language-server\BOOT-INF\lib\classgraph-4.8.149.jar;c:\Users\Admin\.vscode\extensions\vmware.vscode-spring-boot-1.56.0\language-server\BOOT-INF\lib\commons-codec-1.16.1.jar;c:\Users\Admin\.vscode\extensions\vmware.vscode-spring-boot-1.56.0\language-server\BOOT-INF\lib\commons-compress-1.26.2.jar;c:\Users\Admin\.vscode\extensions\vmware.vscode-spring-boot-1.56.0\language-server\BOOT-INF\lib\commons-io-2.16.1.jar;c:\Users\Admin\.vscode\extensions\vmware.vscode-spring-boot-1.56.0\language-server\BOOT-INF\lib\commons-java-1.56.0-SNAPSHOT.jar;c:\Users\Admin\.vscode\extensions\vmware.vscode-spring-boot-1.56.0\language-server\BOOT-INF\lib\commons-lang3-3.14.0.jar;c:\Users\Admin\.vscode\extensions\vmware.vscode-spring-boot-1.56.0\language-server\BOOT-INF\lib\commons-language-server-1.56.0-SNAPSHOT.jar;c:\Users\Admin\.vscode\extensions\vmware.vscode-spring-boot-1.56.0\langu
Launcher Type: SUN_STANDARD

[Global flags]
     intx CICompilerCount                          = 4                                         {product} {ergonomic}
     uint ConcGCThreads                            = 2                                         {product} {ergonomic}
     uint G1ConcRefinementThreads                  = 8                                         {product} {ergonomic}
   size_t G1HeapRegionSize                         = 1048576                                   {product} {ergonomic}
    uintx GCDrainStackTargetSize                   = 64                                        {product} {ergonomic}
   size_t InitialHeapSize                          = 132120576                                 {product} {ergonomic}
   size_t MarkStackSize                            = 4194304                                   {product} {ergonomic}
   size_t MaxHeapSize                              = 1073741824                                {product} {command line}
   size_t MaxNewSize                               = 643825664                                 {product} {ergonomic}
   size_t MinHeapDeltaBytes                        = 1048576                                   {product} {ergonomic}
   size_t MinHeapSize                              = 8388608                                   {product} {ergonomic}
    uintx NonProfiledCodeHeapSize                  = 0                                      {pd product} {ergonomic}
     bool ProfileInterpreter                       = false                                  {pd product} {command line}
    uintx ProfiledCodeHeapSize                     = 0                                      {pd product} {ergonomic}
   size_t SoftMaxHeapSize                          = 1073741824                             {manageable} {ergonomic}
     intx TieredStopAtLevel                        = 1                                         {product} {command line}
     bool UseCompressedClassPointers               = true                           {product lp64_product} {ergonomic}
     bool UseCompressedOops                        = true                           {product lp64_product} {ergonomic}
     bool UseG1GC                                  = true                                      {product} {ergonomic}
     bool UseLargePagesIndividualAllocation        = false                                  {pd product} {ergonomic}

Logging:
Log output configuration:
 #0: stdout all=warning,jni+resolve=off uptime,level,tags
 #1: stderr all=off uptime,level,tags

Environment Variables:
JAVA_HOME=C:\Program Files\Eclipse Adoptium\jdk-21.0.3.9-hotspot
PATH=C:\Program Files\Eclipse Adoptium\jdk-21.0.3.9-hotspot\bin;C:\Windows\system32;C:\Windows;C:\Windows\System32\Wbem;C:\Windows\System32\WindowsPowerShell\v1.0\;C:\Windows\System32\OpenSSH\;C:\Program Files\Microsoft SQL Server\Client SDK\ODBC\170\Tools\Binn\;C:\Program Files\Microsoft SQL Server\150\Tools\Binn\;C:\Program Files\dotnet\;C:\Program Files\nodejs\;C:\Program Files\Git\cmd;C:\Program Files\apache-maven-3.9.8\bin;;C:\Program Files\Docker\Docker\resources\bin;C:\ProgramData\chocolatey\bin;C:\Users\Admin\AppData\Local\Microsoft\WindowsApps;C:\Users\Admin\.dotnet\tools;C:\Users\Admin\AppData\Local\Programs\Microsoft VS Code\bin;C:\Users\Admin\AppData\Local\JetBrains\Toolbox\scripts;C:\Users\Admin\AppData\Roaming\npm
USERNAME=Admin
OS=Windows_NT
PROCESSOR_IDENTIFIER=Intel64 Family 6 Model 151 Stepping 5, GenuineIntel
TMP=C:\Users\Admin\AppData\Local\Temp
TEMP=C:\Users\Admin\AppData\Local\Temp



Periodic native trim disabled


---------------  S Y S T E M  ---------------

OS:
 Windows 11 , 64 bit Build 22621 (10.0.22621.3078)
OS uptime: 0 days 1:47 hours
Hyper-V role detected

CPU: total 8 (initial active 8) (4 cores per cpu, 2 threads per core) family 6 model 151 stepping 5 microcode 0x1e, cx8, cmov, fxsr, ht, mmx, 3dnowpref, sse, sse2, sse3, ssse3, sse4.1, sse4.2, popcnt, lzcnt, tsc, tscinvbit, avx, avx2, aes, erms, clmul, bmi1, bmi2, adx, sha, fma, vzeroupper, clflush, clflushopt, clwb, hv
Processor Information for all 8 processors :
  Max Mhz: 3300, Current Mhz: 3300, Mhz Limit: 3300

Memory: 4k page, system-wide physical 7969M (511M free)
TotalPageFile size 16161M (AvailPageFile size 5M)
current process WorkingSet (physical memory assigned to process): 161M, peak: 161M
current process commit charge ("private bytes"): 202M, peak: 232M

vm_info: OpenJDK 64-Bit Server VM (17.0.12+7) for windows-amd64 JRE (17.0.12+7), built on Jul 16 2024 22:08:24 by "admin" with MS VC++ 16.10 / 16.11 (VS2019)

END.
