#
# There is insufficient memory for the Java Runtime Environment to continue.
# Native memory allocation (malloc) failed to allocate 1327760 bytes. Error detail: Chunk::new
# Possible reasons:
#   The system is out of physical RAM or swap space
#   This process is running with CompressedOops enabled, and the Java Heap may be blocking the growth of the native heap
# Possible solutions:
#   Reduce memory load on the system
#   Increase physical memory or swap space
#   Check if swap backing store is full
#   Decrease Java heap size (-Xmx/-Xms)
#   Decrease number of Java threads
#   Decrease Java thread stack sizes (-Xss)
#   Set larger code cache with -XX:ReservedCodeCacheSize=
#   JVM is running with Unscaled Compressed Oops mode in which the Java heap is
#     placed in the first 4GB address space. The Java Heap base address is the
#     maximum limit for the native heap growth. Please use -XX:HeapBaseMinAddress
#     to set the Java Heap base and to place the Java Heap above 4GB virtual address.
# This output file may be truncated or incomplete.
#
#  Out of Memory Error (arena.cpp:191), pid=12932, tid=4724
#
# JRE version: OpenJDK Runtime Environment Temurin-17.0.12+7 (17.0.12+7) (build 17.0.12+7)
# Java VM: OpenJDK 64-Bit Server VM Temurin-17.0.12+7 (17.0.12+7, mixed mode, tiered, compressed oops, compressed class ptrs, parallel gc, windows-amd64)
# No core dump will be written. Minidumps are not enabled by default on client versions of Windows
#

---------------  S U M M A R Y ------------

Command Line: --add-modules=ALL-SYSTEM --add-opens=java.base/java.util=ALL-UNNAMED --add-opens=java.base/java.lang=ALL-UNNAMED --add-opens=java.base/sun.nio.fs=ALL-UNNAMED -Declipse.application=org.eclipse.jdt.ls.core.id1 -Dosgi.bundles.defaultStartLevel=4 -Declipse.product=org.eclipse.jdt.ls.core.product -Djava.import.generatesMetadataFilesAtProjectRoot=false -DDetectVMInstallationsJob.disabled=true -Dfile.encoding=utf8 -XX:+UseParallelGC -XX:GCTimeRatio=4 -XX:AdaptiveSizePolicyWeight=90 -Dsun.zip.disableMemoryMapping=true -Xmx1G -Xms100m -Xlog:disable -javaagent:c:\Users\Admin\.vscode\extensions\redhat.java-1.35.1-win32-x64\lombok\lombok-1.18.33.jar -XX:+HeapDumpOnOutOfMemoryError -XX:HeapDumpPath=c:\Users\Admin\AppData\Roaming\Code\User\workspaceStorage\eb20fc06d4a3b5e07cae54c0eea6be4b\redhat.java -Daether.dependencyCollector.impl=bf c:\Users\Admin\.vscode\extensions\redhat.java-1.35.1-win32-x64\server\plugins\org.eclipse.equinox.launcher_1.6.900.v20240613-2009.jar -configuration c:\Users\Admin\AppData\Roaming\Code\User\globalStorage\redhat.java\1.35.1\config_win -data c:\Users\Admin\AppData\Roaming\Code\User\workspaceStorage\eb20fc06d4a3b5e07cae54c0eea6be4b\redhat.java\jdt_ws --pipe=\\.\pipe\lsp-b7a839ef3bb632f431a699ce93b086ea-sock

Host: 12th Gen Intel(R) Core(TM) i3-12100, 8 cores, 7G,  Windows 11 , 64 bit Build 22621 (10.0.22621.3078)
Time: Wed Oct  2 11:50:12 2024 Hora est. Pacífico, Sudamérica elapsed time: 12.436890 seconds (0d 0h 0m 12s)

---------------  T H R E A D  ---------------

Current thread (0x000001d4f79e4fe0):  JavaThread "C2 CompilerThread1" daemon [_thread_in_native, id=4724, stack(0x000000cdabb00000,0x000000cdabc00000)]


Current CompileTask:
C2:  12436 13075   !   4       org.codehaus.plexus.interpolation.StringSearchInterpolator::interpolate (668 bytes)

Stack: [0x000000cdabb00000,0x000000cdabc00000]
Native frames: (J=compiled Java code, j=interpreted, Vv=VM code, C=native code)
V  [jvm.dll+0x67f929]
V  [jvm.dll+0x8371ba]
V  [jvm.dll+0x838c7e]
V  [jvm.dll+0x8392e3]
V  [jvm.dll+0x24834f]
V  [jvm.dll+0xac9d4]
V  [jvm.dll+0xad01c]
V  [jvm.dll+0x3674a7]
V  [jvm.dll+0x1bd376]
V  [jvm.dll+0x21aa09]
V  [jvm.dll+0x219cf1]
V  [jvm.dll+0x1a58bd]
V  [jvm.dll+0x229a2d]
V  [jvm.dll+0x227bdc]
V  [jvm.dll+0x7ec1f7]
V  [jvm.dll+0x7e65dc]
V  [jvm.dll+0x67e7f7]
C  [ucrtbase.dll+0x29363]
C  [KERNEL32.DLL+0x1257d]
C  [ntdll.dll+0x5aa58]


---------------  P R O C E S S  ---------------

Threads class SMR info:
_java_thread_list=0x000001d4fa1fc640, length=49, elements={
0x000001d4de85d4b0, 0x000001d4f26db3c0, 0x000001d4f26dc9e0, 0x000001d4f26ee700,
0x000001d4f77ebe70, 0x000001d4f77ed0a0, 0x000001d4f77ef610, 0x000001d4f77f0d40,
0x000001d4f78027f0, 0x000001d4f780c160, 0x000001d4f7885770, 0x000001d4f7b7b650,
0x000001d4f9006e50, 0x000001d4f935c550, 0x000001d4f97e27b0, 0x000001d4f97da8d0,
0x000001d4f974a120, 0x000001d4f99ca320, 0x000001d4f99c8ee0, 0x000001d4f99c7aa0,
0x000001d4f99c84c0, 0x000001d4f99c93f0, 0x000001d4f99ca830, 0x000001d4f99c89d0,
0x000001d4f99c9900, 0x000001d4f99c9e10, 0x000001d4f99c7590, 0x000001d4fbb80e10,
0x000001d4fbb81320, 0x000001d4fbb7fee0, 0x000001d4fbb7e080, 0x000001d4fbb81830,
0x000001d4fbb803f0, 0x000001d4f79e4fe0, 0x000001d4fbb83690, 0x000001d4fbb7db70,
0x000001d4fbb82250, 0x000001d4fbb83180, 0x000001d4fbb82760, 0x000001d4fbb84ad0,
0x000001d4fbb845c0, 0x000001d4fbb83ba0, 0x000001d4fbb84fe0, 0x000001d4fbb854f0,
0x000001d4fbb7e590, 0x000001d4fbb7eaa0, 0x000001d4fb7834a0, 0x000001d4fb783ec0,
0x000001d4fb788ab0
}

Java Threads: ( => current thread )
  0x000001d4de85d4b0 JavaThread "main" [_thread_blocked, id=2024, stack(0x000000cda8d00000,0x000000cda8e00000)]
  0x000001d4f26db3c0 JavaThread "Reference Handler" daemon [_thread_blocked, id=9292, stack(0x000000cda9000000,0x000000cda9100000)]
  0x000001d4f26dc9e0 JavaThread "Finalizer" daemon [_thread_blocked, id=932, stack(0x000000cda9100000,0x000000cda9200000)]
  0x000001d4f26ee700 JavaThread "Signal Dispatcher" daemon [_thread_blocked, id=7504, stack(0x000000cda9200000,0x000000cda9300000)]
  0x000001d4f77ebe70 JavaThread "Attach Listener" daemon [_thread_blocked, id=10112, stack(0x000000cda9300000,0x000000cda9400000)]
  0x000001d4f77ed0a0 JavaThread "Service Thread" daemon [_thread_blocked, id=12540, stack(0x000000cda9400000,0x000000cda9500000)]
  0x000001d4f77ef610 JavaThread "Monitor Deflation Thread" daemon [_thread_blocked, id=12584, stack(0x000000cda9500000,0x000000cda9600000)]
  0x000001d4f77f0d40 JavaThread "C2 CompilerThread0" daemon [_thread_in_native, id=7880, stack(0x000000cda9600000,0x000000cda9700000)]
  0x000001d4f78027f0 JavaThread "C1 CompilerThread0" daemon [_thread_blocked, id=2168, stack(0x000000cda9700000,0x000000cda9800000)]
  0x000001d4f780c160 JavaThread "Sweeper thread" daemon [_thread_blocked, id=9188, stack(0x000000cda9800000,0x000000cda9900000)]
  0x000001d4f7885770 JavaThread "Common-Cleaner" daemon [_thread_blocked, id=13896, stack(0x000000cda9900000,0x000000cda9a00000)]
  0x000001d4f7b7b650 JavaThread "Notification Thread" daemon [_thread_blocked, id=14588, stack(0x000000cda9b00000,0x000000cda9c00000)]
  0x000001d4f9006e50 JavaThread "Active Thread: Equinox Container: b489b3f8-c510-44a7-922c-dd7ebe4ef3b9" [_thread_blocked, id=14096, stack(0x000000cdaa400000,0x000000cdaa500000)]
  0x000001d4f935c550 JavaThread "Framework Event Dispatcher: Equinox Container: b489b3f8-c510-44a7-922c-dd7ebe4ef3b9" daemon [_thread_blocked, id=15896, stack(0x000000cdaa500000,0x000000cdaa600000)]
  0x000001d4f97e27b0 JavaThread "Start Level: Equinox Container: b489b3f8-c510-44a7-922c-dd7ebe4ef3b9" daemon [_thread_blocked, id=15112, stack(0x000000cdaa600000,0x000000cdaa700000)]
  0x000001d4f97da8d0 JavaThread "Bundle File Closer" daemon [_thread_blocked, id=5916, stack(0x000000cdaa800000,0x000000cdaa900000)]
  0x000001d4f974a120 JavaThread "SCR Component Actor" daemon [_thread_blocked, id=4660, stack(0x000000cdaa900000,0x000000cdaaa00000)]
  0x000001d4f99ca320 JavaThread "Worker-JM" [_thread_blocked, id=14560, stack(0x000000cdaab00000,0x000000cdaac00000)]
  0x000001d4f99c8ee0 JavaThread "JNA Cleaner" daemon [_thread_blocked, id=8812, stack(0x000000cdaac00000,0x000000cdaad00000)]
  0x000001d4f99c7aa0 JavaThread "Worker-0: Initialize workspace" [_thread_in_Java, id=8388, stack(0x000000cdaad00000,0x000000cdaae00000)]
  0x000001d4f99c84c0 JavaThread "Worker-1" [_thread_blocked, id=8920, stack(0x000000cdaae00000,0x000000cdaaf00000)]
  0x000001d4f99c93f0 JavaThread "Java indexing" daemon [_thread_in_vm, id=2584, stack(0x000000cdaaf00000,0x000000cdab000000)]
  0x000001d4f99ca830 JavaThread "Thread-2" daemon [_thread_in_native, id=9532, stack(0x000000cda9a00000,0x000000cda9b00000)]
  0x000001d4f99c89d0 JavaThread "Thread-3" daemon [_thread_in_native, id=516, stack(0x000000cda9d00000,0x000000cda9e00000)]
  0x000001d4f99c9900 JavaThread "Thread-4" daemon [_thread_in_native, id=11352, stack(0x000000cdab200000,0x000000cdab300000)]
  0x000001d4f99c9e10 JavaThread "Thread-5" daemon [_thread_in_native, id=4132, stack(0x000000cdab300000,0x000000cdab400000)]
  0x000001d4f99c7590 JavaThread "Thread-6" daemon [_thread_in_native, id=7948, stack(0x000000cdab400000,0x000000cdab500000)]
  0x000001d4fbb80e10 JavaThread "Thread-7" daemon [_thread_in_native, id=2912, stack(0x000000cdab500000,0x000000cdab600000)]
  0x000001d4fbb81320 JavaThread "Thread-8" daemon [_thread_in_native, id=5576, stack(0x000000cdab600000,0x000000cdab700000)]
  0x000001d4fbb7fee0 JavaThread "Thread-9" daemon [_thread_in_native, id=4920, stack(0x000000cdab700000,0x000000cdab800000)]
  0x000001d4fbb7e080 JavaThread "Thread-10" daemon [_thread_in_native, id=11660, stack(0x000000cdab800000,0x000000cdab900000)]
  0x000001d4fbb81830 JavaThread "pool-2-thread-1" [_thread_blocked, id=14152, stack(0x000000cdab900000,0x000000cdaba00000)]
  0x000001d4fbb803f0 JavaThread "Worker-2" [_thread_blocked, id=5376, stack(0x000000cdaba00000,0x000000cdabb00000)]
=>0x000001d4f79e4fe0 JavaThread "C2 CompilerThread1" daemon [_thread_in_native, id=4724, stack(0x000000cdabb00000,0x000000cdabc00000)]
  0x000001d4fbb83690 JavaThread "WorkspaceEventsHandler" [_thread_blocked, id=15304, stack(0x000000cdabc00000,0x000000cdabd00000)]
  0x000001d4fbb7db70 JavaThread "pool-1-thread-1" [_thread_blocked, id=15140, stack(0x000000cdabd00000,0x000000cdabe00000)]
  0x000001d4fbb82250 JavaThread "Worker-3" [_thread_blocked, id=9444, stack(0x000000cdabf00000,0x000000cdac000000)]
  0x000001d4fbb83180 JavaThread "ForkJoinPool.commonPool-worker-1" daemon [_thread_blocked, id=11896, stack(0x000000cdabe00000,0x000000cdabf00000)]
  0x000001d4fbb82760 JavaThread "ForkJoinPool.commonPool-worker-2" daemon [_thread_blocked, id=6004, stack(0x000000cdac000000,0x000000cdac100000)]
  0x000001d4fbb84ad0 JavaThread "ForkJoinPool.commonPool-worker-3" daemon [_thread_blocked, id=5128, stack(0x000000cdac100000,0x000000cdac200000)]
  0x000001d4fbb845c0 JavaThread "ForkJoinPool.commonPool-worker-4" daemon [_thread_blocked, id=3288, stack(0x000000cdac200000,0x000000cdac300000)]
  0x000001d4fbb83ba0 JavaThread "ForkJoinPool.commonPool-worker-5" daemon [_thread_blocked, id=5448, stack(0x000000cdac300000,0x000000cdac400000)]
  0x000001d4fbb84fe0 JavaThread "Worker-4" [_thread_blocked, id=9792, stack(0x000000cdac400000,0x000000cdac500000)]
  0x000001d4fbb854f0 JavaThread "Worker-5: Processing JDT Change Events" [_thread_blocked, id=8456, stack(0x000000cdac500000,0x000000cdac600000)]
  0x000001d4fbb7e590 JavaThread "Worker-6" [_thread_blocked, id=4176, stack(0x000000cdac600000,0x000000cdac700000)]
  0x000001d4fbb7eaa0 JavaThread "Worker-7" [_thread_blocked, id=1292, stack(0x000000cdac700000,0x000000cdac800000)]
  0x000001d4fb7834a0 JavaThread "ForkJoinPool.commonPool-worker-6" daemon [_thread_blocked, id=8728, stack(0x000000cdac800000,0x000000cdac900000)]
  0x000001d4fb783ec0 JavaThread "ForkJoinPool.commonPool-worker-7" daemon [_thread_in_vm, id=13308, stack(0x000000cdacc00000,0x000000cdacd00000)]
  0x000001d4fb788ab0 JavaThread "Cleaner-0" daemon [_thread_blocked, id=8212, stack(0x000000cdac900000,0x000000cdaca00000)]

Other Threads:
  0x000001d4f77c14b0 VMThread "VM Thread" [stack: 0x000000cda8f00000,0x000000cda9000000] [id=16124]
  0x000001d4f8a198c0 WatcherThread [stack: 0x000000cda9c00000,0x000000cda9d00000] [id=8700]
  0x000001d4de8748a0 GCTaskThread "GC Thread#0" [stack: 0x000000cda8e00000,0x000000cda8f00000] [id=13364]
  0x000001d4f8da6a80 GCTaskThread "GC Thread#1" [stack: 0x000000cda9e00000,0x000000cda9f00000] [id=816]
  0x000001d4f8da8340 GCTaskThread "GC Thread#2" [stack: 0x000000cda9f00000,0x000000cdaa000000] [id=14528]
  0x000001d4f8da6d40 GCTaskThread "GC Thread#3" [stack: 0x000000cdaa000000,0x000000cdaa100000] [id=7184]
  0x000001d4f8da72c0 GCTaskThread "GC Thread#4" [stack: 0x000000cdaa100000,0x000000cdaa200000] [id=6116]
  0x000001d4f8da7580 GCTaskThread "GC Thread#5" [stack: 0x000000cdaa200000,0x000000cdaa300000] [id=9820]
  0x000001d4f8da8600 GCTaskThread "GC Thread#6" [stack: 0x000000cdaa300000,0x000000cdaa400000] [id=13148]
  0x000001d4f8da7b00 GCTaskThread "GC Thread#7" [stack: 0x000000cdaa700000,0x000000cdaa800000] [id=11284]

Threads with active compile tasks:
C2 CompilerThread0    12458 13095       4       org.codehaus.plexus.util.xml.pull.MXParser::parseAttribute (1429 bytes)
C2 CompilerThread1    12458 13075   !   4       org.codehaus.plexus.interpolation.StringSearchInterpolator::interpolate (668 bytes)

VM state: not at safepoint (normal execution)

VM Mutex/Monitor currently owned by a thread: None

Heap address: 0x00000000c0000000, size: 1024 MB, Compressed Oops mode: 32-bit

CDS archive(s) not mapped
Compressed class space mapped at: 0x0000000100000000-0x0000000140000000, reserved size: 1073741824
Narrow klass base: 0x0000000000000000, Narrow klass shift: 3, Narrow klass range: 0x140000000

GC Precious Log:
 CPUs: 8 total, 8 available
 Memory: 7969M
 Large Page Support: Disabled
 NUMA Support: Disabled
 Compressed Oops: Enabled (32-bit)
 Alignments: Space 512K, Generation 512K, Heap 2M
 Heap Min Capacity: 100M
 Heap Initial Capacity: 100M
 Heap Max Capacity: 1G
 Pre-touch: Disabled
 Parallel Workers: 8

Heap:
 PSYoungGen      total 117760K, used 106535K [0x00000000eab00000, 0x00000000f2b80000, 0x0000000100000000)
  eden space 103424K, 89% used [0x00000000eab00000,0x00000000f050cab0,0x00000000f1000000)
  from space 14336K, 99% used [0x00000000f1d80000,0x00000000f2b7d418,0x00000000f2b80000)
  to   space 13824K, 0% used [0x00000000f1000000,0x00000000f1000000,0x00000000f1d80000)
 ParOldGen       total 345600K, used 273909K [0x00000000c0000000, 0x00000000d5180000, 0x00000000eab00000)
  object space 345600K, 79% used [0x00000000c0000000,0x00000000d0b7d510,0x00000000d5180000)
 Metaspace       used 74682K, committed 76096K, reserved 1179648K
  class space    used 7750K, committed 8384K, reserved 1048576K

Card table byte_map: [0x000001d4de200000,0x000001d4de410000] _byte_map_base: 0x000001d4ddc00000

Marking Bits: (ParMarkBitMap*) 0x00007ffa2c9358b0
 Begin Bits: [0x000001d4f04f0000, 0x000001d4f14f0000)
 End Bits:   [0x000001d4f14f0000, 0x000001d4f24f0000)

Polling page: 0x000001d4dc750000

Metaspace:

Usage:
  Non-class:     65.36 MB used.
      Class:      7.57 MB used.
       Both:     72.93 MB used.

Virtual space:
  Non-class space:      128.00 MB reserved,      66.12 MB ( 52%) committed,  2 nodes.
      Class space:        1.00 GB reserved,       8.19 MB ( <1%) committed,  1 nodes.
             Both:        1.12 GB reserved,      74.31 MB (  6%) committed. 

Chunk freelists:
   Non-Class:  13.72 MB
       Class:  7.64 MB
        Both:  21.36 MB

MaxMetaspaceSize: unlimited
CompressedClassSpaceSize: 1.00 GB
Initial GC threshold: 21.00 MB
Current GC threshold: 123.69 MB
CDS: off
MetaspaceReclaimPolicy: balanced
 - commit_granule_bytes: 65536.
 - commit_granule_words: 8192.
 - virtual_space_node_default_size: 8388608.
 - enlarge_chunks_in_place: 1.
 - new_chunks_are_fully_committed: 0.
 - uncommit_free_chunks: 1.
 - use_allocation_guard: 0.
 - handle_deallocations: 1.


Internal statistics:

num_allocs_failed_limit: 9.
num_arena_births: 978.
num_arena_deaths: 18.
num_vsnodes_births: 3.
num_vsnodes_deaths: 0.
num_space_committed: 1189.
num_space_uncommitted: 0.
num_chunks_returned_to_freelist: 27.
num_chunks_taken_from_freelist: 4196.
num_chunk_merges: 15.
num_chunk_splits: 2536.
num_chunks_enlarged: 1397.
num_inconsistent_stats: 0.

CodeHeap 'non-profiled nmethods': size=120000Kb used=5899Kb max_used=5899Kb free=114100Kb
 bounds [0x000001d4e8fc0000, 0x000001d4e9590000, 0x000001d4f04f0000]
CodeHeap 'profiled nmethods': size=120000Kb used=22739Kb max_used=22739Kb free=97260Kb
 bounds [0x000001d4e14f0000, 0x000001d4e2b30000, 0x000001d4e8a20000]
CodeHeap 'non-nmethods': size=5760Kb used=1386Kb max_used=1462Kb free=4373Kb
 bounds [0x000001d4e8a20000, 0x000001d4e8c90000, 0x000001d4e8fc0000]
 total_blobs=11411 nmethods=10669 adapters=652
 compilation: enabled
              stopped_count=0, restarted_count=0
 full_count=0

Compilation events (20 events):
Event: 12.415 Thread 0x000001d4f78027f0 13105       2       org.apache.maven.project.ProjectModelResolver::newCopy (9 bytes)
Event: 12.415 Thread 0x000001d4f78027f0 nmethod 13105 0x000001d4e2b19d90 code [0x000001d4e2b19f20, 0x000001d4e2b1a0a8]
Event: 12.417 Thread 0x000001d4f78027f0 13106  s    3       java.io.BufferedInputStream::available (35 bytes)
Event: 12.417 Thread 0x000001d4f78027f0 nmethod 13106 0x000001d4e2b1a190 code [0x000001d4e2b1a360, 0x000001d4e2b1a798]
Event: 12.417 Thread 0x000001d4f78027f0 13107       3       org.eclipse.jdt.internal.core.util.Util::concatWith (90 bytes)
Event: 12.417 Thread 0x000001d4f78027f0 nmethod 13107 0x000001d4e2b1a910 code [0x000001d4e2b1ab80, 0x000001d4e2b1b4c8]
Event: 12.420 Thread 0x000001d4f78027f0 13108       3       org.eclipse.aether.util.repository.DefaultMirrorSelector::findMirror (149 bytes)
Event: 12.421 Thread 0x000001d4f78027f0 nmethod 13108 0x000001d4e2b1b890 code [0x000001d4e2b1bb40, 0x000001d4e2b1c908]
Event: 12.421 Thread 0x000001d4f78027f0 13109       2       org.apache.maven.model.io.xpp3.MavenXpp3ReaderEx::parseOrganization (290 bytes)
Event: 12.422 Thread 0x000001d4f78027f0 nmethod 13109 0x000001d4e2b1cd90 code [0x000001d4e2b1d080, 0x000001d4e2b1dd98]
Event: 12.425 Thread 0x000001d4f77f0d40 nmethod 13089 0x000001d4e957cf90 code [0x000001d4e957d340, 0x000001d4e9580b40]
Event: 12.425 Thread 0x000001d4f77f0d40 13095       4       org.codehaus.plexus.util.xml.pull.MXParser::parseAttribute (1429 bytes)
Event: 12.426 Thread 0x000001d4f78027f0 13110 %     3       org.apache.maven.model.io.xpp3.MavenXpp3ReaderEx::parseDependencyManagement @ 167 (241 bytes)
Event: 12.427 Thread 0x000001d4f78027f0 nmethod 13110% 0x000001d4e2b1e690 code [0x000001d4e2b1ea60, 0x000001d4e2b20488]
Event: 12.431 Thread 0x000001d4f78027f0 13111       2       org.apache.maven.model.io.xpp3.MavenXpp3ReaderEx::parseMailingList (653 bytes)
Event: 12.432 Thread 0x000001d4f78027f0 nmethod 13111 0x000001d4e2b20f90 code [0x000001d4e2b21460, 0x000001d4e2b23128]
Event: 12.432 Thread 0x000001d4f78027f0 13112       2       org.apache.maven.model.ActivationFile::setLocation (156 bytes)
Event: 12.433 Thread 0x000001d4f78027f0 nmethod 13112 0x000001d4e2b24210 code [0x000001d4e2b24420, 0x000001d4e2b24a38]
Event: 12.433 Thread 0x000001d4f78027f0 13113       2       org.apache.maven.model.ActivationProperty::setLocation (156 bytes)
Event: 12.433 Thread 0x000001d4f78027f0 nmethod 13113 0x000001d4e2b24c90 code [0x000001d4e2b24ea0, 0x000001d4e2b254b8]

GC Heap History (20 events):
Event: 10.953 GC heap before
{Heap before GC invocations=128 (full 9):
 PSYoungGen      total 98816K, used 98812K [0x00000000eab00000, 0x00000000f3780000, 0x0000000100000000)
  eden space 87040K, 100% used [0x00000000eab00000,0x00000000f0000000,0x00000000f0000000)
  from space 11776K, 99% used [0x00000000f1680000,0x00000000f21ff3c8,0x00000000f2200000)
  to   space 23040K, 0% used [0x00000000f0000000,0x00000000f0000000,0x00000000f1680000)
 ParOldGen       total 262656K, used 213747K [0x00000000c0000000, 0x00000000d0080000, 0x00000000eab00000)
  object space 262656K, 81% used [0x00000000c0000000,0x00000000cd0bcdc8,0x00000000d0080000)
 Metaspace       used 73559K, committed 74944K, reserved 1179648K
  class space    used 7637K, committed 8256K, reserved 1048576K
}
Event: 10.963 GC heap after
{Heap after GC invocations=128 (full 9):
 PSYoungGen      total 110080K, used 16149K [0x00000000eab00000, 0x00000000f2900000, 0x0000000100000000)
  eden space 87040K, 0% used [0x00000000eab00000,0x00000000eab00000,0x00000000f0000000)
  from space 23040K, 70% used [0x00000000f0000000,0x00000000f0fc5480,0x00000000f1680000)
  to   space 17920K, 0% used [0x00000000f1780000,0x00000000f1780000,0x00000000f2900000)
 ParOldGen       total 262656K, used 219099K [0x00000000c0000000, 0x00000000d0080000, 0x00000000eab00000)
  object space 262656K, 83% used [0x00000000c0000000,0x00000000cd5f6f08,0x00000000d0080000)
 Metaspace       used 73559K, committed 74944K, reserved 1179648K
  class space    used 7637K, committed 8256K, reserved 1048576K
}
Event: 11.244 GC heap before
{Heap before GC invocations=129 (full 9):
 PSYoungGen      total 110080K, used 103189K [0x00000000eab00000, 0x00000000f2900000, 0x0000000100000000)
  eden space 87040K, 100% used [0x00000000eab00000,0x00000000f0000000,0x00000000f0000000)
  from space 23040K, 70% used [0x00000000f0000000,0x00000000f0fc5480,0x00000000f1680000)
  to   space 17920K, 0% used [0x00000000f1780000,0x00000000f1780000,0x00000000f2900000)
 ParOldGen       total 262656K, used 219099K [0x00000000c0000000, 0x00000000d0080000, 0x00000000eab00000)
  object space 262656K, 83% used [0x00000000c0000000,0x00000000cd5f6f08,0x00000000d0080000)
 Metaspace       used 74524K, committed 75968K, reserved 1179648K
  class space    used 7743K, committed 8384K, reserved 1048576K
}
Event: 11.258 GC heap after
{Heap after GC invocations=129 (full 9):
 PSYoungGen      total 97792K, used 17895K [0x00000000eab00000, 0x00000000f4280000, 0x0000000100000000)
  eden space 79872K, 0% used [0x00000000eab00000,0x00000000eab00000,0x00000000ef900000)
  from space 17920K, 99% used [0x00000000f1780000,0x00000000f28f9dd0,0x00000000f2900000)
  to   space 31232K, 0% used [0x00000000ef900000,0x00000000ef900000,0x00000000f1780000)
 ParOldGen       total 262656K, used 229824K [0x00000000c0000000, 0x00000000d0080000, 0x00000000eab00000)
  object space 262656K, 87% used [0x00000000c0000000,0x00000000ce0700b8,0x00000000d0080000)
 Metaspace       used 74524K, committed 75968K, reserved 1179648K
  class space    used 7743K, committed 8384K, reserved 1048576K
}
Event: 11.337 GC heap before
{Heap before GC invocations=130 (full 9):
 PSYoungGen      total 97792K, used 97767K [0x00000000eab00000, 0x00000000f4280000, 0x0000000100000000)
  eden space 79872K, 100% used [0x00000000eab00000,0x00000000ef900000,0x00000000ef900000)
  from space 17920K, 99% used [0x00000000f1780000,0x00000000f28f9dd0,0x00000000f2900000)
  to   space 31232K, 0% used [0x00000000ef900000,0x00000000ef900000,0x00000000f1780000)
 ParOldGen       total 262656K, used 229824K [0x00000000c0000000, 0x00000000d0080000, 0x00000000eab00000)
  object space 262656K, 87% used [0x00000000c0000000,0x00000000ce0700b8,0x00000000d0080000)
 Metaspace       used 74524K, committed 75968K, reserved 1179648K
  class space    used 7743K, committed 8384K, reserved 1048576K
}
Event: 11.350 GC heap after
{Heap after GC invocations=130 (full 9):
 PSYoungGen      total 94208K, used 14072K [0x00000000eab00000, 0x00000000f2500000, 0x0000000100000000)
  eden space 79872K, 0% used [0x00000000eab00000,0x00000000eab00000,0x00000000ef900000)
  from space 14336K, 98% used [0x00000000ef900000,0x00000000f06be148,0x00000000f0700000)
  to   space 19456K, 0% used [0x00000000f1200000,0x00000000f1200000,0x00000000f2500000)
 ParOldGen       total 262656K, used 238913K [0x00000000c0000000, 0x00000000d0080000, 0x00000000eab00000)
  object space 262656K, 90% used [0x00000000c0000000,0x00000000ce950580,0x00000000d0080000)
 Metaspace       used 74524K, committed 75968K, reserved 1179648K
  class space    used 7743K, committed 8384K, reserved 1048576K
}
Event: 11.419 GC heap before
{Heap before GC invocations=131 (full 9):
 PSYoungGen      total 94208K, used 93944K [0x00000000eab00000, 0x00000000f2500000, 0x0000000100000000)
  eden space 79872K, 100% used [0x00000000eab00000,0x00000000ef900000,0x00000000ef900000)
  from space 14336K, 98% used [0x00000000ef900000,0x00000000f06be148,0x00000000f0700000)
  to   space 19456K, 0% used [0x00000000f1200000,0x00000000f1200000,0x00000000f2500000)
 ParOldGen       total 262656K, used 238913K [0x00000000c0000000, 0x00000000d0080000, 0x00000000eab00000)
  object space 262656K, 90% used [0x00000000c0000000,0x00000000ce950580,0x00000000d0080000)
 Metaspace       used 74524K, committed 75968K, reserved 1179648K
  class space    used 7743K, committed 8384K, reserved 1048576K
}
Event: 11.427 GC heap after
{Heap after GC invocations=131 (full 9):
 PSYoungGen      total 105472K, used 18110K [0x00000000eab00000, 0x00000000f2500000, 0x0000000100000000)
  eden space 86016K, 0% used [0x00000000eab00000,0x00000000eab00000,0x00000000eff00000)
  from space 19456K, 93% used [0x00000000f1200000,0x00000000f23afa78,0x00000000f2500000)
  to   space 19456K, 0% used [0x00000000eff00000,0x00000000eff00000,0x00000000f1200000)
 ParOldGen       total 262656K, used 238913K [0x00000000c0000000, 0x00000000d0080000, 0x00000000eab00000)
  object space 262656K, 90% used [0x00000000c0000000,0x00000000ce950580,0x00000000d0080000)
 Metaspace       used 74524K, committed 75968K, reserved 1179648K
  class space    used 7743K, committed 8384K, reserved 1048576K
}
Event: 11.544 GC heap before
{Heap before GC invocations=132 (full 9):
 PSYoungGen      total 105472K, used 104126K [0x00000000eab00000, 0x00000000f2500000, 0x0000000100000000)
  eden space 86016K, 100% used [0x00000000eab00000,0x00000000eff00000,0x00000000eff00000)
  from space 19456K, 93% used [0x00000000f1200000,0x00000000f23afa78,0x00000000f2500000)
  to   space 19456K, 0% used [0x00000000eff00000,0x00000000eff00000,0x00000000f1200000)
 ParOldGen       total 262656K, used 238913K [0x00000000c0000000, 0x00000000d0080000, 0x00000000eab00000)
  object space 262656K, 90% used [0x00000000c0000000,0x00000000ce950580,0x00000000d0080000)
 Metaspace       used 74531K, committed 75968K, reserved 1179648K
  class space    used 7743K, committed 8384K, reserved 1048576K
}
Event: 11.554 GC heap after
{Heap after GC invocations=132 (full 9):
 PSYoungGen      total 105472K, used 19431K [0x00000000eab00000, 0x00000000f3980000, 0x0000000100000000)
  eden space 86016K, 0% used [0x00000000eab00000,0x00000000eab00000,0x00000000eff00000)
  from space 19456K, 99% used [0x00000000eff00000,0x00000000f11f9d78,0x00000000f1200000)
  to   space 26624K, 0% used [0x00000000f1f80000,0x00000000f1f80000,0x00000000f3980000)
 ParOldGen       total 262656K, used 244352K [0x00000000c0000000, 0x00000000d0080000, 0x00000000eab00000)
  object space 262656K, 93% used [0x00000000c0000000,0x00000000ceea0378,0x00000000d0080000)
 Metaspace       used 74531K, committed 75968K, reserved 1179648K
  class space    used 7743K, committed 8384K, reserved 1048576K
}
Event: 11.664 GC heap before
{Heap before GC invocations=133 (full 9):
 PSYoungGen      total 105472K, used 105447K [0x00000000eab00000, 0x00000000f3980000, 0x0000000100000000)
  eden space 86016K, 100% used [0x00000000eab00000,0x00000000eff00000,0x00000000eff00000)
  from space 19456K, 99% used [0x00000000eff00000,0x00000000f11f9d78,0x00000000f1200000)
  to   space 26624K, 0% used [0x00000000f1f80000,0x00000000f1f80000,0x00000000f3980000)
 ParOldGen       total 262656K, used 244352K [0x00000000c0000000, 0x00000000d0080000, 0x00000000eab00000)
  object space 262656K, 93% used [0x00000000c0000000,0x00000000ceea0378,0x00000000d0080000)
 Metaspace       used 74531K, committed 75968K, reserved 1179648K
  class space    used 7743K, committed 8384K, reserved 1048576K
}
Event: 11.674 GC heap after
{Heap after GC invocations=133 (full 9):
 PSYoungGen      total 105984K, used 13720K [0x00000000eab00000, 0x00000000f2d00000, 0x0000000100000000)
  eden space 92160K, 0% used [0x00000000eab00000,0x00000000eab00000,0x00000000f0500000)
  from space 13824K, 99% used [0x00000000f1f80000,0x00000000f2ce6048,0x00000000f2d00000)
  to   space 17920K, 0% used [0x00000000f0a00000,0x00000000f0a00000,0x00000000f1b80000)
 ParOldGen       total 262656K, used 255458K [0x00000000c0000000, 0x00000000d0080000, 0x00000000eab00000)
  object space 262656K, 97% used [0x00000000c0000000,0x00000000cf978890,0x00000000d0080000)
 Metaspace       used 74531K, committed 75968K, reserved 1179648K
  class space    used 7743K, committed 8384K, reserved 1048576K
}
Event: 11.674 GC heap before
{Heap before GC invocations=134 (full 10):
 PSYoungGen      total 105984K, used 13720K [0x00000000eab00000, 0x00000000f2d00000, 0x0000000100000000)
  eden space 92160K, 0% used [0x00000000eab00000,0x00000000eab00000,0x00000000f0500000)
  from space 13824K, 99% used [0x00000000f1f80000,0x00000000f2ce6048,0x00000000f2d00000)
  to   space 17920K, 0% used [0x00000000f0a00000,0x00000000f0a00000,0x00000000f1b80000)
 ParOldGen       total 262656K, used 255458K [0x00000000c0000000, 0x00000000d0080000, 0x00000000eab00000)
  object space 262656K, 97% used [0x00000000c0000000,0x00000000cf978890,0x00000000d0080000)
 Metaspace       used 74531K, committed 75968K, reserved 1179648K
  class space    used 7743K, committed 8384K, reserved 1048576K
}
Event: 11.850 GC heap after
{Heap after GC invocations=134 (full 10):
 PSYoungGen      total 115200K, used 0K [0x00000000eab00000, 0x00000000f2f00000, 0x0000000100000000)
  eden space 97280K, 0% used [0x00000000eab00000,0x00000000eab00000,0x00000000f0a00000)
  from space 17920K, 0% used [0x00000000f0a00000,0x00000000f0a00000,0x00000000f1b80000)
  to   space 17920K, 0% used [0x00000000f1d80000,0x00000000f1d80000,0x00000000f2f00000)
 ParOldGen       total 345600K, used 250496K [0x00000000c0000000, 0x00000000d5180000, 0x00000000eab00000)
  object space 345600K, 72% used [0x00000000c0000000,0x00000000cf4a0388,0x00000000d5180000)
 Metaspace       used 74529K, committed 75968K, reserved 1179648K
  class space    used 7743K, committed 8384K, reserved 1048576K
}
Event: 11.970 GC heap before
{Heap before GC invocations=135 (full 10):
 PSYoungGen      total 115200K, used 97280K [0x00000000eab00000, 0x00000000f2f00000, 0x0000000100000000)
  eden space 97280K, 100% used [0x00000000eab00000,0x00000000f0a00000,0x00000000f0a00000)
  from space 17920K, 0% used [0x00000000f0a00000,0x00000000f0a00000,0x00000000f1b80000)
  to   space 17920K, 0% used [0x00000000f1d80000,0x00000000f1d80000,0x00000000f2f00000)
 ParOldGen       total 345600K, used 250496K [0x00000000c0000000, 0x00000000d5180000, 0x00000000eab00000)
  object space 345600K, 72% used [0x00000000c0000000,0x00000000cf4a0388,0x00000000d5180000)
 Metaspace       used 74602K, committed 76032K, reserved 1179648K
  class space    used 7746K, committed 8384K, reserved 1048576K
}
Event: 11.976 GC heap after
{Heap after GC invocations=135 (full 10):
 PSYoungGen      total 117760K, used 12429K [0x00000000eab00000, 0x00000000f2b80000, 0x0000000100000000)
  eden space 103424K, 0% used [0x00000000eab00000,0x00000000eab00000,0x00000000f1000000)
  from space 14336K, 86% used [0x00000000f1d80000,0x00000000f29a36c8,0x00000000f2b80000)
  to   space 13824K, 0% used [0x00000000f1000000,0x00000000f1000000,0x00000000f1d80000)
 ParOldGen       total 345600K, used 250504K [0x00000000c0000000, 0x00000000d5180000, 0x00000000eab00000)
  object space 345600K, 72% used [0x00000000c0000000,0x00000000cf4a2388,0x00000000d5180000)
 Metaspace       used 74602K, committed 76032K, reserved 1179648K
  class space    used 7746K, committed 8384K, reserved 1048576K
}
Event: 12.124 GC heap before
{Heap before GC invocations=136 (full 10):
 PSYoungGen      total 117760K, used 115853K [0x00000000eab00000, 0x00000000f2b80000, 0x0000000100000000)
  eden space 103424K, 100% used [0x00000000eab00000,0x00000000f1000000,0x00000000f1000000)
  from space 14336K, 86% used [0x00000000f1d80000,0x00000000f29a36c8,0x00000000f2b80000)
  to   space 13824K, 0% used [0x00000000f1000000,0x00000000f1000000,0x00000000f1d80000)
 ParOldGen       total 345600K, used 250504K [0x00000000c0000000, 0x00000000d5180000, 0x00000000eab00000)
  object space 345600K, 72% used [0x00000000c0000000,0x00000000cf4a2388,0x00000000d5180000)
 Metaspace       used 74606K, committed 76032K, reserved 1179648K
  class space    used 7746K, committed 8384K, reserved 1048576K
}
Event: 12.132 GC heap after
{Heap after GC invocations=136 (full 10):
 PSYoungGen      total 117248K, used 13809K [0x00000000eab00000, 0x00000000f2b80000, 0x0000000100000000)
  eden space 103424K, 0% used [0x00000000eab00000,0x00000000eab00000,0x00000000f1000000)
  from space 13824K, 99% used [0x00000000f1000000,0x00000000f1d7c778,0x00000000f1d80000)
  to   space 14336K, 0% used [0x00000000f1d80000,0x00000000f1d80000,0x00000000f2b80000)
 ParOldGen       total 345600K, used 259668K [0x00000000c0000000, 0x00000000d5180000, 0x00000000eab00000)
  object space 345600K, 75% used [0x00000000c0000000,0x00000000cfd95130,0x00000000d5180000)
 Metaspace       used 74606K, committed 76032K, reserved 1179648K
  class space    used 7746K, committed 8384K, reserved 1048576K
}
Event: 12.319 GC heap before
{Heap before GC invocations=137 (full 10):
 PSYoungGen      total 117248K, used 117233K [0x00000000eab00000, 0x00000000f2b80000, 0x0000000100000000)
  eden space 103424K, 100% used [0x00000000eab00000,0x00000000f1000000,0x00000000f1000000)
  from space 13824K, 99% used [0x00000000f1000000,0x00000000f1d7c778,0x00000000f1d80000)
  to   space 14336K, 0% used [0x00000000f1d80000,0x00000000f1d80000,0x00000000f2b80000)
 ParOldGen       total 345600K, used 259668K [0x00000000c0000000, 0x00000000d5180000, 0x00000000eab00000)
  object space 345600K, 75% used [0x00000000c0000000,0x00000000cfd95130,0x00000000d5180000)
 Metaspace       used 74675K, committed 76096K, reserved 1179648K
  class space    used 7750K, committed 8384K, reserved 1048576K
}
Event: 12.335 GC heap after
{Heap after GC invocations=137 (full 10):
 PSYoungGen      total 117760K, used 14325K [0x00000000eab00000, 0x00000000f2b80000, 0x0000000100000000)
  eden space 103424K, 0% used [0x00000000eab00000,0x00000000eab00000,0x00000000f1000000)
  from space 14336K, 99% used [0x00000000f1d80000,0x00000000f2b7d418,0x00000000f2b80000)
  to   space 13824K, 0% used [0x00000000f1000000,0x00000000f1000000,0x00000000f1d80000)
 ParOldGen       total 345600K, used 273909K [0x00000000c0000000, 0x00000000d5180000, 0x00000000eab00000)
  object space 345600K, 79% used [0x00000000c0000000,0x00000000d0b7d510,0x00000000d5180000)
 Metaspace       used 74675K, committed 76096K, reserved 1179648K
  class space    used 7750K, committed 8384K, reserved 1048576K
}

Dll operation events (11 events):
Event: 0.005 Loaded shared library c:\Users\Admin\.vscode\extensions\redhat.java-1.35.1-win32-x64\jre\17.0.12-win32-x86_64\bin\java.dll
Event: 0.093 Loaded shared library c:\Users\Admin\.vscode\extensions\redhat.java-1.35.1-win32-x64\jre\17.0.12-win32-x86_64\bin\zip.dll
Event: 0.095 Loaded shared library C:\Users\Admin\.vscode\extensions\redhat.java-1.35.1-win32-x64\jre\17.0.12-win32-x86_64\bin\instrument.dll
Event: 0.110 Loaded shared library C:\Users\Admin\.vscode\extensions\redhat.java-1.35.1-win32-x64\jre\17.0.12-win32-x86_64\bin\net.dll
Event: 0.111 Loaded shared library C:\Users\Admin\.vscode\extensions\redhat.java-1.35.1-win32-x64\jre\17.0.12-win32-x86_64\bin\nio.dll
Event: 0.117 Loaded shared library C:\Users\Admin\.vscode\extensions\redhat.java-1.35.1-win32-x64\jre\17.0.12-win32-x86_64\bin\zip.dll
Event: 0.131 Loaded shared library C:\Users\Admin\.vscode\extensions\redhat.java-1.35.1-win32-x64\jre\17.0.12-win32-x86_64\bin\jimage.dll
Event: 0.171 Loaded shared library c:\Users\Admin\.vscode\extensions\redhat.java-1.35.1-win32-x64\jre\17.0.12-win32-x86_64\bin\verify.dll
Event: 1.131 Loaded shared library C:\Users\Admin\AppData\Roaming\Code\User\globalStorage\redhat.java\1.35.1\config_win\org.eclipse.equinox.launcher\org.eclipse.equinox.launcher.win32.win32.x86_64_1.2.1100.v20240722-2106\eclipse_11904.dll
Event: 2.293 Loaded shared library C:\Users\Admin\AppData\Local\Temp\jna-63116079\jna16675176870842232554.dll
Event: 7.857 Loaded shared library C:\Users\Admin\.vscode\extensions\redhat.java-1.35.1-win32-x64\jre\17.0.12-win32-x86_64\bin\sunmscapi.dll

Deoptimization events (20 events):
Event: 12.241 Thread 0x000001d4fb783ec0 Uncommon trap: trap_request=0xffffffde fr.pc=0x000001d4e91a2174 relative=0x0000000000000254
Event: 12.241 Thread 0x000001d4fb783ec0 Uncommon trap: reason=class_check action=maybe_recompile pc=0x000001d4e91a2174 method=java.util.Collections$UnmodifiableMap$UnmodifiableEntrySet$1.next()Ljava/util/Map$Entry; @ 8 c2
Event: 12.241 Thread 0x000001d4fb783ec0 DEOPT PACKING pc=0x000001d4e91a2174 sp=0x000000cdaccfd160
Event: 12.241 Thread 0x000001d4fb783ec0 DEOPT UNPACKING pc=0x000001d4e8a766a3 sp=0x000000cdaccfd0a8 mode 2
Event: 12.256 Thread 0x000001d4fb783ec0 DEOPT PACKING pc=0x000001d4e25becc6 sp=0x000000cdaccfc260
Event: 12.256 Thread 0x000001d4fb783ec0 DEOPT UNPACKING pc=0x000001d4e8a76e43 sp=0x000000cdaccfb708 mode 0
Event: 12.260 Thread 0x000001d4fb783ec0 DEOPT PACKING pc=0x000001d4e1dacda1 sp=0x000000cdaccfc290
Event: 12.260 Thread 0x000001d4fb783ec0 DEOPT UNPACKING pc=0x000001d4e8a76e43 sp=0x000000cdaccfb738 mode 0
Event: 12.347 Thread 0x000001d4fb783ec0 DEOPT PACKING pc=0x000001d4e259c366 sp=0x000000cdaccfc830
Event: 12.347 Thread 0x000001d4fb783ec0 DEOPT UNPACKING pc=0x000001d4e8a76e43 sp=0x000000cdaccfbd08 mode 0
Event: 12.358 Thread 0x000001d4fb783ec0 DEOPT PACKING pc=0x000001d4e1f42f3a sp=0x000000cdaccfc8c0
Event: 12.358 Thread 0x000001d4fb783ec0 DEOPT UNPACKING pc=0x000001d4e8a76e43 sp=0x000000cdaccfbd80 mode 0
Event: 12.402 Thread 0x000001d4fb783ec0 Uncommon trap: trap_request=0xffffffde fr.pc=0x000001d4e91a2174 relative=0x0000000000000254
Event: 12.402 Thread 0x000001d4fb783ec0 Uncommon trap: reason=class_check action=maybe_recompile pc=0x000001d4e91a2174 method=java.util.Collections$UnmodifiableMap$UnmodifiableEntrySet$1.next()Ljava/util/Map$Entry; @ 8 c2
Event: 12.402 Thread 0x000001d4fb783ec0 DEOPT PACKING pc=0x000001d4e91a2174 sp=0x000000cdaccfcf90
Event: 12.402 Thread 0x000001d4fb783ec0 DEOPT UNPACKING pc=0x000001d4e8a766a3 sp=0x000000cdaccfced8 mode 2
Event: 12.403 Thread 0x000001d4fb783ec0 DEOPT PACKING pc=0x000001d4e257ce99 sp=0x000000cdaccfc660
Event: 12.403 Thread 0x000001d4fb783ec0 DEOPT UNPACKING pc=0x000001d4e8a76e43 sp=0x000000cdaccfbad8 mode 0
Event: 12.415 Thread 0x000001d4f99c7aa0 DEOPT PACKING pc=0x000001d4e29e55eb sp=0x000000cdaadfe610
Event: 12.415 Thread 0x000001d4f99c7aa0 DEOPT UNPACKING pc=0x000001d4e8a76e43 sp=0x000000cdaadfdab8 mode 0

Classes loaded (20 events):
Event: 8.941 Loading class java/util/Collections$2
Event: 8.941 Loading class java/util/Collections$2 done
Event: 10.469 Loading class java/util/stream/ReduceOps$4
Event: 10.469 Loading class java/util/stream/ReduceOps$4 done
Event: 10.471 Loading class java/util/stream/ReduceOps$4ReducingSink
Event: 10.471 Loading class java/util/stream/ReduceOps$4ReducingSink done
Event: 10.501 Loading class java/util/concurrent/ForkJoinTask$AdaptedCallable
Event: 10.501 Loading class java/util/concurrent/ForkJoinTask$AdaptedCallable done
Event: 10.502 Loading class java/util/concurrent/CountedCompleter
Event: 10.502 Loading class java/util/concurrent/CountedCompleter done
Event: 10.823 Loading class java/util/stream/ReduceOps$2
Event: 10.823 Loading class java/util/stream/ReduceOps$2 done
Event: 10.823 Loading class java/util/stream/ReduceOps$2ReducingSink
Event: 10.823 Loading class java/util/stream/ReduceOps$2ReducingSink done
Event: 10.937 Loading class jdk/internal/ref/CleanerImpl$InnocuousThreadFactory
Event: 10.937 Loading class jdk/internal/ref/CleanerImpl$InnocuousThreadFactory done
Event: 11.957 Loading class java/lang/Throwable$WrappedPrintWriter
Event: 11.957 Loading class java/lang/Throwable$PrintStreamOrWriter
Event: 11.957 Loading class java/lang/Throwable$PrintStreamOrWriter done
Event: 11.957 Loading class java/lang/Throwable$WrappedPrintWriter done

Classes unloaded (9 events):
Event: 2.120 Thread 0x000001d4f77c14b0 Unloading class 0x0000000100248400 'java/lang/invoke/LambdaForm$MH+0x0000000100248400'
Event: 2.120 Thread 0x000001d4f77c14b0 Unloading class 0x0000000100248000 'java/lang/invoke/LambdaForm$MH+0x0000000100248000'
Event: 2.120 Thread 0x000001d4f77c14b0 Unloading class 0x0000000100247c00 'java/lang/invoke/LambdaForm$MH+0x0000000100247c00'
Event: 2.120 Thread 0x000001d4f77c14b0 Unloading class 0x0000000100247800 'java/lang/invoke/LambdaForm$MH+0x0000000100247800'
Event: 2.120 Thread 0x000001d4f77c14b0 Unloading class 0x0000000100247400 'java/lang/invoke/LambdaForm$BMH+0x0000000100247400'
Event: 2.120 Thread 0x000001d4f77c14b0 Unloading class 0x0000000100247000 'java/lang/invoke/LambdaForm$DMH+0x0000000100247000'
Event: 2.120 Thread 0x000001d4f77c14b0 Unloading class 0x0000000100244400 'java/lang/invoke/LambdaForm$DMH+0x0000000100244400'
Event: 7.367 Thread 0x000001d4f77c14b0 Unloading class 0x0000000100710800 'jdk/internal/reflect/GeneratedMethodAccessor14'
Event: 11.712 Thread 0x000001d4f77c14b0 Unloading class 0x00000001007d0800 'java/lang/invoke/LambdaForm$DMH+0x00000001007d0800'

Classes redefined (0 events):
No events

Internal exceptions (20 events):
Event: 11.964 Thread 0x000001d4f99c84c0 Exception <a 'sun/nio/fs/WindowsException'{0x00000000f03898d0}> (0x00000000f03898d0) 
thrown [s\src\hotspot\share\prims\jni.cpp, line 516]
Event: 11.965 Thread 0x000001d4f99c84c0 Exception <a 'sun/nio/fs/WindowsException'{0x00000000f06ec4d8}> (0x00000000f06ec4d8) 
thrown [s\src\hotspot\share\prims\jni.cpp, line 516]
Event: 11.983 Thread 0x000001d4f99c84c0 Exception <a 'sun/nio/fs/WindowsException'{0x00000000eb16d688}> (0x00000000eb16d688) 
thrown [s\src\hotspot\share\prims\jni.cpp, line 516]
Event: 11.984 Thread 0x000001d4f99c84c0 Exception <a 'sun/nio/fs/WindowsException'{0x00000000eb599cc8}> (0x00000000eb599cc8) 
thrown [s\src\hotspot\share\prims\jni.cpp, line 516]
Event: 11.993 Thread 0x000001d4f99c84c0 Exception <a 'sun/nio/fs/WindowsException'{0x00000000ebc860d0}> (0x00000000ebc860d0) 
thrown [s\src\hotspot\share\prims\jni.cpp, line 516]
Event: 11.993 Thread 0x000001d4f99c84c0 Exception <a 'sun/nio/fs/WindowsException'{0x00000000ebc867e8}> (0x00000000ebc867e8) 
thrown [s\src\hotspot\share\prims\jni.cpp, line 516]
Event: 12.226 Thread 0x000001d4fb783ec0 Exception <a 'sun/nio/fs/WindowsException'{0x00000000ebab12e0}> (0x00000000ebab12e0) 
thrown [s\src\hotspot\share\prims\jni.cpp, line 516]
Event: 12.226 Thread 0x000001d4f99c7aa0 Exception <a 'sun/nio/fs/WindowsException'{0x00000000eb836310}> (0x00000000eb836310) 
thrown [s\src\hotspot\share\prims\jni.cpp, line 516]
Event: 12.226 Thread 0x000001d4f99c7aa0 Exception <a 'sun/nio/fs/WindowsException'{0x00000000eb836a28}> (0x00000000eb836a28) 
thrown [s\src\hotspot\share\prims\jni.cpp, line 516]
Event: 12.226 Thread 0x000001d4fb783ec0 Exception <a 'sun/nio/fs/WindowsException'{0x00000000ebab1ca0}> (0x00000000ebab1ca0) 
thrown [s\src\hotspot\share\prims\jni.cpp, line 516]
Event: 12.226 Thread 0x000001d4f99c7aa0 Exception <a 'sun/nio/fs/WindowsException'{0x00000000eb837788}> (0x00000000eb837788) 
thrown [s\src\hotspot\share\prims\jni.cpp, line 516]
Event: 12.226 Thread 0x000001d4f99c7aa0 Exception <a 'sun/nio/fs/WindowsException'{0x00000000eb837ea0}> (0x00000000eb837ea0) 
thrown [s\src\hotspot\share\prims\jni.cpp, line 516]
Event: 12.226 Thread 0x000001d4fb783ec0 Exception <a 'sun/nio/fs/WindowsException'{0x00000000ebab2ca8}> (0x00000000ebab2ca8) 
thrown [s\src\hotspot\share\prims\jni.cpp, line 516]
Event: 12.226 Thread 0x000001d4fb783ec0 Exception <a 'sun/nio/fs/WindowsException'{0x00000000ebab3668}> (0x00000000ebab3668) 
thrown [s\src\hotspot\share\prims\jni.cpp, line 516]
Event: 12.227 Thread 0x000001d4f99c7aa0 Exception <a 'sun/nio/fs/WindowsException'{0x00000000eb8396a8}> (0x00000000eb8396a8) 
thrown [s\src\hotspot\share\prims\jni.cpp, line 516]
Event: 12.227 Thread 0x000001d4fb783ec0 Exception <a 'sun/nio/fs/WindowsException'{0x00000000ebab50f8}> (0x00000000ebab50f8) 
thrown [s\src\hotspot\share\prims\jni.cpp, line 516]
Event: 12.227 Thread 0x000001d4f99c7aa0 Exception <a 'sun/nio/fs/WindowsException'{0x00000000eb839dc0}> (0x00000000eb839dc0) 
thrown [s\src\hotspot\share\prims\jni.cpp, line 516]
Event: 12.227 Thread 0x000001d4fb783ec0 Exception <a 'sun/nio/fs/WindowsException'{0x00000000ebab5ab8}> (0x00000000ebab5ab8) 
thrown [s\src\hotspot\share\prims\jni.cpp, line 516]
Event: 12.229 Thread 0x000001d4f99c7aa0 Exception <a 'sun/nio/fs/WindowsException'{0x00000000ed89d860}> (0x00000000ed89d860) 
thrown [s\src\hotspot\share\prims\jni.cpp, line 516]
Event: 12.229 Thread 0x000001d4f99c7aa0 Exception <a 'sun/nio/fs/WindowsException'{0x00000000ed89e220}> (0x00000000ed89e220) 
thrown [s\src\hotspot\share\prims\jni.cpp, line 516]

VM Operations (20 events):
Event: 10.869 Executing VM operation: HandshakeAllThreads
Event: 10.869 Executing VM operation: HandshakeAllThreads done
Event: 10.953 Executing VM operation: ParallelGCFailedAllocation
Event: 10.965 Executing VM operation: ParallelGCFailedAllocation done
Event: 11.243 Executing VM operation: ParallelGCFailedAllocation
Event: 11.258 Executing VM operation: ParallelGCFailedAllocation done
Event: 11.337 Executing VM operation: ParallelGCFailedAllocation
Event: 11.350 Executing VM operation: ParallelGCFailedAllocation done
Event: 11.419 Executing VM operation: ParallelGCFailedAllocation
Event: 11.428 Executing VM operation: ParallelGCFailedAllocation done
Event: 11.544 Executing VM operation: ParallelGCFailedAllocation
Event: 11.555 Executing VM operation: ParallelGCFailedAllocation done
Event: 11.664 Executing VM operation: ParallelGCFailedAllocation
Event: 11.850 Executing VM operation: ParallelGCFailedAllocation done
Event: 11.970 Executing VM operation: ParallelGCFailedAllocation
Event: 11.976 Executing VM operation: ParallelGCFailedAllocation done
Event: 12.124 Executing VM operation: ParallelGCFailedAllocation
Event: 12.132 Executing VM operation: ParallelGCFailedAllocation done
Event: 12.319 Executing VM operation: ParallelGCFailedAllocation
Event: 12.335 Executing VM operation: ParallelGCFailedAllocation done

Events (20 events):
Event: 10.600 Thread 0x000001d4f780c160 flushing nmethod 0x000001d4e2990890
Event: 10.600 Thread 0x000001d4f780c160 flushing nmethod 0x000001d4e2991010
Event: 10.600 Thread 0x000001d4f780c160 flushing nmethod 0x000001d4e2991910
Event: 10.600 Thread 0x000001d4f780c160 flushing nmethod 0x000001d4e2992090
Event: 10.600 Thread 0x000001d4f780c160 flushing nmethod 0x000001d4e2993590
Event: 10.600 Thread 0x000001d4f780c160 flushing nmethod 0x000001d4e299bf10
Event: 10.600 Thread 0x000001d4f780c160 flushing nmethod 0x000001d4e299fc90
Event: 10.600 Thread 0x000001d4f780c160 flushing nmethod 0x000001d4e2a04810
Event: 10.600 Thread 0x000001d4f780c160 flushing nmethod 0x000001d4e2a06e90
Event: 10.600 Thread 0x000001d4f780c160 flushing nmethod 0x000001d4e2a07f90
Event: 10.600 Thread 0x000001d4f780c160 flushing nmethod 0x000001d4e2a0a010
Event: 10.600 Thread 0x000001d4f780c160 flushing nmethod 0x000001d4e2a0cb90
Event: 10.600 Thread 0x000001d4f780c160 flushing nmethod 0x000001d4e2a15b10
Event: 10.600 Thread 0x000001d4f780c160 flushing nmethod 0x000001d4e2a66890
Event: 10.600 Thread 0x000001d4f780c160 flushing nmethod 0x000001d4e2a67910
Event: 10.600 Thread 0x000001d4f780c160 flushing nmethod 0x000001d4e2a68710
Event: 10.600 Thread 0x000001d4f780c160 flushing nmethod 0x000001d4e2a68a90
Event: 10.600 Thread 0x000001d4f780c160 flushing nmethod 0x000001d4e2a74590
Event: 10.937 Thread 0x000001d4fb788ab0 Thread added: 0x000001d4fb788ab0
Event: 11.850 Thread 0x000001d4f9726100 Thread exited: 0x000001d4f9726100


Dynamic libraries:
0x00007ff775020000 - 0x00007ff77502e000 	c:\Users\Admin\.vscode\extensions\redhat.java-1.35.1-win32-x64\jre\17.0.12-win32-x86_64\bin\java.exe
0x00007ffa971d0000 - 0x00007ffa973e7000 	C:\Windows\SYSTEM32\ntdll.dll
0x00007ffa958b0000 - 0x00007ffa95974000 	C:\Windows\System32\KERNEL32.DLL
0x00007ffa945b0000 - 0x00007ffa94956000 	C:\Windows\System32\KERNELBASE.dll
0x00007ffa94ac0000 - 0x00007ffa94bd1000 	C:\Windows\System32\ucrtbase.dll
0x00007ffa7fc60000 - 0x00007ffa7fc77000 	c:\Users\Admin\.vscode\extensions\redhat.java-1.35.1-win32-x64\jre\17.0.12-win32-x86_64\bin\jli.dll
0x00007ffa7d780000 - 0x00007ffa7d79b000 	c:\Users\Admin\.vscode\extensions\redhat.java-1.35.1-win32-x64\jre\17.0.12-win32-x86_64\bin\VCRUNTIME140.dll
0x00007ffa956e0000 - 0x00007ffa9588e000 	C:\Windows\System32\USER32.dll
0x00007ffa851a0000 - 0x00007ffa85433000 	C:\Windows\WinSxS\amd64_microsoft.windows.common-controls_6595b64144ccf1df_6.0.22621.2506_none_270c5ae97388e100\COMCTL32.dll
0x00007ffa94580000 - 0x00007ffa945a6000 	C:\Windows\System32\win32u.dll
0x00007ffa95150000 - 0x00007ffa951f7000 	C:\Windows\System32\msvcrt.dll
0x00007ffa95510000 - 0x00007ffa95539000 	C:\Windows\System32\GDI32.dll
0x00007ffa94e00000 - 0x00007ffa94f18000 	C:\Windows\System32\gdi32full.dll
0x00007ffa94a20000 - 0x00007ffa94aba000 	C:\Windows\System32\msvcp_win.dll
0x00007ffa96800000 - 0x00007ffa96831000 	C:\Windows\System32\IMM32.DLL
0x00007ffa7fc50000 - 0x00007ffa7fc5c000 	c:\Users\Admin\.vscode\extensions\redhat.java-1.35.1-win32-x64\jre\17.0.12-win32-x86_64\bin\vcruntime140_1.dll
0x00007ffa7c560000 - 0x00007ffa7c5ed000 	c:\Users\Admin\.vscode\extensions\redhat.java-1.35.1-win32-x64\jre\17.0.12-win32-x86_64\bin\msvcp140.dll
0x00007ffa2bd90000 - 0x00007ffa2c9fa000 	c:\Users\Admin\.vscode\extensions\redhat.java-1.35.1-win32-x64\jre\17.0.12-win32-x86_64\bin\server\jvm.dll
0x00007ffa95000000 - 0x00007ffa950b3000 	C:\Windows\System32\ADVAPI32.dll
0x00007ffa95250000 - 0x00007ffa952f8000 	C:\Windows\System32\sechost.dll
0x00007ffa94d50000 - 0x00007ffa94d78000 	C:\Windows\System32\bcrypt.dll
0x00007ffa96670000 - 0x00007ffa96787000 	C:\Windows\System32\RPCRT4.dll
0x00007ffa96840000 - 0x00007ffa968b1000 	C:\Windows\System32\WS2_32.dll
0x00007ffa93360000 - 0x00007ffa933ad000 	C:\Windows\SYSTEM32\POWRPROF.dll
0x00007ffa88890000 - 0x00007ffa888c4000 	C:\Windows\SYSTEM32\WINMM.dll
0x00007ffa87df0000 - 0x00007ffa87dfa000 	C:\Windows\SYSTEM32\VERSION.dll
0x00007ffa93340000 - 0x00007ffa93353000 	C:\Windows\SYSTEM32\UMPDC.dll
0x00007ffa93600000 - 0x00007ffa93618000 	C:\Windows\SYSTEM32\kernel.appcore.dll
0x00007ffa7d830000 - 0x00007ffa7d83a000 	c:\Users\Admin\.vscode\extensions\redhat.java-1.35.1-win32-x64\jre\17.0.12-win32-x86_64\bin\jimage.dll
0x00007ffa91870000 - 0x00007ffa91aa3000 	C:\Windows\SYSTEM32\DBGHELP.DLL
0x00007ffa95980000 - 0x00007ffa95d09000 	C:\Windows\System32\combase.dll
0x00007ffa94f20000 - 0x00007ffa94ff7000 	C:\Windows\System32\OLEAUT32.dll
0x00007ffa7fe10000 - 0x00007ffa7fe42000 	C:\Windows\SYSTEM32\dbgcore.DLL
0x00007ffa94d80000 - 0x00007ffa94dfa000 	C:\Windows\System32\bcryptPrimitives.dll
0x00007ffa7d770000 - 0x00007ffa7d77e000 	c:\Users\Admin\.vscode\extensions\redhat.java-1.35.1-win32-x64\jre\17.0.12-win32-x86_64\bin\instrument.dll
0x00007ffa7d6e0000 - 0x00007ffa7d705000 	c:\Users\Admin\.vscode\extensions\redhat.java-1.35.1-win32-x64\jre\17.0.12-win32-x86_64\bin\java.dll
0x00007ffa7d720000 - 0x00007ffa7d738000 	c:\Users\Admin\.vscode\extensions\redhat.java-1.35.1-win32-x64\jre\17.0.12-win32-x86_64\bin\zip.dll
0x00007ffa95e10000 - 0x00007ffa9666b000 	C:\Windows\System32\SHELL32.dll
0x00007ffa92420000 - 0x00007ffa92d16000 	C:\Windows\SYSTEM32\windows.storage.dll
0x00007ffa922e0000 - 0x00007ffa9241e000 	C:\Windows\SYSTEM32\wintypes.dll
0x00007ffa95410000 - 0x00007ffa95503000 	C:\Windows\System32\SHCORE.dll
0x00007ffa950c0000 - 0x00007ffa9511e000 	C:\Windows\System32\shlwapi.dll
0x00007ffa94440000 - 0x00007ffa94466000 	C:\Windows\SYSTEM32\profapi.dll
0x00007ffa7d680000 - 0x00007ffa7d699000 	C:\Users\Admin\.vscode\extensions\redhat.java-1.35.1-win32-x64\jre\17.0.12-win32-x86_64\bin\net.dll
0x00007ffa8dd40000 - 0x00007ffa8de77000 	C:\Windows\SYSTEM32\WINHTTP.dll
0x00007ffa93a70000 - 0x00007ffa93ad9000 	C:\Windows\system32\mswsock.dll
0x00007ffa7d660000 - 0x00007ffa7d676000 	C:\Users\Admin\.vscode\extensions\redhat.java-1.35.1-win32-x64\jre\17.0.12-win32-x86_64\bin\nio.dll
0x00007ffa7d760000 - 0x00007ffa7d770000 	c:\Users\Admin\.vscode\extensions\redhat.java-1.35.1-win32-x64\jre\17.0.12-win32-x86_64\bin\verify.dll
0x00007ffa7b280000 - 0x00007ffa7b2c5000 	C:\Users\Admin\AppData\Roaming\Code\User\globalStorage\redhat.java\1.35.1\config_win\org.eclipse.equinox.launcher\org.eclipse.equinox.launcher.win32.win32.x86_64_1.2.1100.v20240722-2106\eclipse_11904.dll
0x00007ffa95540000 - 0x00007ffa956e0000 	C:\Windows\System32\ole32.dll
0x00007ffa93dc0000 - 0x00007ffa93ddb000 	C:\Windows\SYSTEM32\CRYPTSP.dll
0x00007ffa93560000 - 0x00007ffa93595000 	C:\Windows\system32\rsaenh.dll
0x00007ffa93b10000 - 0x00007ffa93b3c000 	C:\Windows\SYSTEM32\USERENV.dll
0x00007ffa93da0000 - 0x00007ffa93dac000 	C:\Windows\SYSTEM32\CRYPTBASE.dll
0x00007ffa92f70000 - 0x00007ffa92f9d000 	C:\Windows\SYSTEM32\IPHLPAPI.DLL
0x00007ffa95890000 - 0x00007ffa95899000 	C:\Windows\System32\NSI.dll
0x00007ffa8e040000 - 0x00007ffa8e059000 	C:\Windows\SYSTEM32\dhcpcsvc6.DLL
0x00007ffa8dc40000 - 0x00007ffa8dc5f000 	C:\Windows\SYSTEM32\dhcpcsvc.DLL
0x00007ffa93030000 - 0x00007ffa93129000 	C:\Windows\SYSTEM32\DNSAPI.dll
0x00007ffa654e0000 - 0x00007ffa65529000 	C:\Users\Admin\AppData\Local\Temp\jna-63116079\jna16675176870842232554.dll
0x00007ffa958a0000 - 0x00007ffa958a8000 	C:\Windows\System32\PSAPI.DLL
0x00007ffa7d710000 - 0x00007ffa7d71e000 	C:\Users\Admin\.vscode\extensions\redhat.java-1.35.1-win32-x64\jre\17.0.12-win32-x86_64\bin\sunmscapi.dll
0x00007ffa94be0000 - 0x00007ffa94d46000 	C:\Windows\System32\CRYPT32.dll
0x00007ffa93ed0000 - 0x00007ffa93efe000 	C:\Windows\SYSTEM32\ncrypt.dll
0x00007ffa93e90000 - 0x00007ffa93ec7000 	C:\Windows\SYSTEM32\NTASN1.dll

dbghelp: loaded successfully - version: 4.0.5 - missing functions: none
symbol engine: initialized successfully - sym options: 0x614 - pdb path: .;c:\Users\Admin\.vscode\extensions\redhat.java-1.35.1-win32-x64\jre\17.0.12-win32-x86_64\bin;C:\Windows\SYSTEM32;C:\Windows\WinSxS\amd64_microsoft.windows.common-controls_6595b64144ccf1df_6.0.22621.2506_none_270c5ae97388e100;c:\Users\Admin\.vscode\extensions\redhat.java-1.35.1-win32-x64\jre\17.0.12-win32-x86_64\bin\server;C:\Users\Admin\AppData\Roaming\Code\User\globalStorage\redhat.java\1.35.1\config_win\org.eclipse.equinox.launcher\org.eclipse.equinox.launcher.win32.win32.x86_64_1.2.1100.v20240722-2106;C:\Users\Admin\AppData\Local\Temp\jna-63116079

VM Arguments:
jvm_args: --add-modules=ALL-SYSTEM --add-opens=java.base/java.util=ALL-UNNAMED --add-opens=java.base/java.lang=ALL-UNNAMED --add-opens=java.base/sun.nio.fs=ALL-UNNAMED -Declipse.application=org.eclipse.jdt.ls.core.id1 -Dosgi.bundles.defaultStartLevel=4 -Declipse.product=org.eclipse.jdt.ls.core.product -Djava.import.generatesMetadataFilesAtProjectRoot=false -DDetectVMInstallationsJob.disabled=true -Dfile.encoding=utf8 -XX:+UseParallelGC -XX:GCTimeRatio=4 -XX:AdaptiveSizePolicyWeight=90 -Dsun.zip.disableMemoryMapping=true -Xmx1G -Xms100m -Xlog:disable -javaagent:c:\Users\Admin\.vscode\extensions\redhat.java-1.35.1-win32-x64\lombok\lombok-1.18.33.jar -XX:+HeapDumpOnOutOfMemoryError -XX:HeapDumpPath=c:\Users\Admin\AppData\Roaming\Code\User\workspaceStorage\eb20fc06d4a3b5e07cae54c0eea6be4b\redhat.java -Daether.dependencyCollector.impl=bf 
java_command: c:\Users\Admin\.vscode\extensions\redhat.java-1.35.1-win32-x64\server\plugins\org.eclipse.equinox.launcher_1.6.900.v20240613-2009.jar -configuration c:\Users\Admin\AppData\Roaming\Code\User\globalStorage\redhat.java\1.35.1\config_win -data c:\Users\Admin\AppData\Roaming\Code\User\workspaceStorage\eb20fc06d4a3b5e07cae54c0eea6be4b\redhat.java\jdt_ws --pipe=\\.\pipe\lsp-b7a839ef3bb632f431a699ce93b086ea-sock
java_class_path (initial): c:\Users\Admin\.vscode\extensions\redhat.java-1.35.1-win32-x64\server\plugins\org.eclipse.equinox.launcher_1.6.900.v20240613-2009.jar
Launcher Type: SUN_STANDARD

[Global flags]
    uintx AdaptiveSizePolicyWeight                 = 90                                        {product} {command line}
     intx CICompilerCount                          = 4                                         {product} {ergonomic}
    uintx GCTimeRatio                              = 4                                         {product} {command line}
     bool HeapDumpOnOutOfMemoryError               = true                                   {manageable} {command line}
    ccstr HeapDumpPath                             = c:\Users\Admin\AppData\Roaming\Code\User\workspaceStorage\eb20fc06d4a3b5e07cae54c0eea6be4b\redhat.java         {manageable} {command line}
   size_t InitialHeapSize                          = 104857600                                 {product} {command line}
   size_t MaxHeapSize                              = 1073741824                                {product} {command line}
   size_t MaxNewSize                               = 357564416                                 {product} {ergonomic}
   size_t MinHeapDeltaBytes                        = 524288                                    {product} {ergonomic}
   size_t MinHeapSize                              = 104857600                                 {product} {command line}
   size_t NewSize                                  = 34603008                                  {product} {ergonomic}
    uintx NonNMethodCodeHeapSize                   = 5839372                                {pd product} {ergonomic}
    uintx NonProfiledCodeHeapSize                  = 122909434                              {pd product} {ergonomic}
   size_t OldSize                                  = 70254592                                  {product} {ergonomic}
    uintx ProfiledCodeHeapSize                     = 122909434                              {pd product} {ergonomic}
    uintx ReservedCodeCacheSize                    = 251658240                              {pd product} {ergonomic}
     bool SegmentedCodeCache                       = true                                      {product} {ergonomic}
   size_t SoftMaxHeapSize                          = 1073741824                             {manageable} {ergonomic}
     bool UseCompressedClassPointers               = true                           {product lp64_product} {ergonomic}
     bool UseCompressedOops                        = true                           {product lp64_product} {ergonomic}
     bool UseLargePagesIndividualAllocation        = false                                  {pd product} {ergonomic}
     bool UseParallelGC                            = true                                      {product} {command line}

Logging:
Log output configuration:
 #0: stdout all=off uptime,level,tags
 #1: stderr all=off uptime,level,tags

Environment Variables:
JAVA_HOME=C:\Program Files\Eclipse Adoptium\jdk-21.0.3.9-hotspot
PATH=C:\Program Files\Eclipse Adoptium\jdk-21.0.3.9-hotspot\bin;C:\Windows\system32;C:\Windows;C:\Windows\System32\Wbem;C:\Windows\System32\WindowsPowerShell\v1.0\;C:\Windows\System32\OpenSSH\;C:\Program Files\Microsoft SQL Server\Client SDK\ODBC\170\Tools\Binn\;C:\Program Files\Microsoft SQL Server\150\Tools\Binn\;C:\Program Files\dotnet\;C:\Program Files\nodejs\;C:\Program Files\Git\cmd;C:\Program Files\apache-maven-3.9.8\bin;;C:\Program Files\Docker\Docker\resources\bin;C:\Users\Admin\AppData\Local\Microsoft\WindowsApps;C:\Users\Admin\.dotnet\tools;C:\Users\Admin\AppData\Local\Programs\Microsoft VS Code\bin;C:\Users\Admin\AppData\Local\JetBrains\Toolbox\scripts;C:\Users\Admin\AppData\Roaming\npm
USERNAME=Admin
OS=Windows_NT
PROCESSOR_IDENTIFIER=Intel64 Family 6 Model 151 Stepping 5, GenuineIntel
TMP=C:\Users\Admin\AppData\Local\Temp
TEMP=C:\Users\Admin\AppData\Local\Temp



Periodic native trim disabled


---------------  S Y S T E M  ---------------

OS:
 Windows 11 , 64 bit Build 22621 (10.0.22621.3078)
OS uptime: 0 days 3:48 hours
Hyper-V role detected

CPU: total 8 (initial active 8) (4 cores per cpu, 2 threads per core) family 6 model 151 stepping 5 microcode 0x1e, cx8, cmov, fxsr, ht, mmx, 3dnowpref, sse, sse2, sse3, ssse3, sse4.1, sse4.2, popcnt, lzcnt, tsc, tscinvbit, avx, avx2, aes, erms, clmul, bmi1, bmi2, adx, sha, fma, vzeroupper, clflush, clflushopt, clwb, hv
Processor Information for all 8 processors :
  Max Mhz: 3300, Current Mhz: 3300, Mhz Limit: 3300

Memory: 4k page, system-wide physical 7969M (235M free)
TotalPageFile size 16161M (AvailPageFile size 4M)
current process WorkingSet (physical memory assigned to process): 550M, peak: 674M
current process commit charge ("private bytes"): 749M, peak: 785M

vm_info: OpenJDK 64-Bit Server VM (17.0.12+7) for windows-amd64 JRE (17.0.12+7), built on Jul 16 2024 22:08:24 by "admin" with MS VC++ 16.10 / 16.11 (VS2019)

END.
