#
# There is insufficient memory for the Java Runtime Environment to continue.
# Native memory allocation (malloc) failed to allocate 1113936 bytes. Error detail: Chunk::new
# Possible reasons:
#   The system is out of physical RAM or swap space
#   This process is running with CompressedOops enabled, and the Java Heap may be blocking the growth of the native heap
# Possible solutions:
#   Reduce memory load on the system
#   Increase physical memory or swap space
#   Check if swap backing store is full
#   Decrease Java heap size (-Xmx/-Xms)
#   Decrease number of Java threads
#   Decrease Java thread stack sizes (-Xss)
#   Set larger code cache with -XX:ReservedCodeCacheSize=
#   JVM is running with Unscaled Compressed Oops mode in which the Java heap is
#     placed in the first 4GB address space. The Java Heap base address is the
#     maximum limit for the native heap growth. Please use -XX:HeapBaseMinAddress
#     to set the Java Heap base and to place the Java Heap above 4GB virtual address.
# This output file may be truncated or incomplete.
#
#  Out of Memory Error (arena.cpp:191), pid=15372, tid=14432
#
# JRE version: OpenJDK Runtime Environment Temurin-17.0.12+7 (17.0.12+7) (build 17.0.12+7)
# Java VM: OpenJDK 64-Bit Server VM Temurin-17.0.12+7 (17.0.12+7, mixed mode, tiered, compressed oops, compressed class ptrs, parallel gc, windows-amd64)
# No core dump will be written. Minidumps are not enabled by default on client versions of Windows
#

---------------  S U M M A R Y ------------

Command Line: --add-modules=ALL-SYSTEM --add-opens=java.base/java.util=ALL-UNNAMED --add-opens=java.base/java.lang=ALL-UNNAMED --add-opens=java.base/sun.nio.fs=ALL-UNNAMED -Declipse.application=org.eclipse.jdt.ls.core.id1 -Dosgi.bundles.defaultStartLevel=4 -Declipse.product=org.eclipse.jdt.ls.core.product -Djava.import.generatesMetadataFilesAtProjectRoot=false -DDetectVMInstallationsJob.disabled=true -Dfile.encoding=utf8 -XX:+UseParallelGC -XX:GCTimeRatio=4 -XX:AdaptiveSizePolicyWeight=90 -Dsun.zip.disableMemoryMapping=true -Xmx1G -Xms100m -Xlog:disable -javaagent:c:\Users\Admin\.vscode\extensions\redhat.java-1.34.0-win32-x64\lombok\lombok-1.18.33.jar -XX:+HeapDumpOnOutOfMemoryError -XX:HeapDumpPath=c:\Users\Admin\AppData\Roaming\Code\User\workspaceStorage\eb20fc06d4a3b5e07cae54c0eea6be4b\redhat.java -Daether.dependencyCollector.impl=bf c:\Users\Admin\.vscode\extensions\redhat.java-1.34.0-win32-x64\server\plugins\org.eclipse.equinox.launcher_1.6.900.v20240613-2009.jar -configuration c:\Users\Admin\AppData\Roaming\Code\User\globalStorage\redhat.java\1.34.0\config_win -data c:\Users\Admin\AppData\Roaming\Code\User\workspaceStorage\eb20fc06d4a3b5e07cae54c0eea6be4b\redhat.java\jdt_ws --pipe=\\.\pipe\lsp-9a3b1d8f9779cfa58b530837289164de-sock

Host: 12th Gen Intel(R) Core(TM) i3-12100, 8 cores, 7G,  Windows 11 , 64 bit Build 22621 (10.0.22621.3078)
Time: Thu Sep 26 10:47:51 2024 Hora est. Pacífico, Sudamérica elapsed time: 26.927422 seconds (0d 0h 0m 26s)

---------------  T H R E A D  ---------------

Current thread (0x000001fa317c4310):  JavaThread "C2 CompilerThread1" daemon [_thread_in_native, id=14432, stack(0x000000575ba00000,0x000000575bb00000)]


Current CompileTask:
C2:  26927 16919       4       org.eclipse.jdt.internal.compiler.lookup.BinaryTypeBinding::createMethod (1724 bytes)

Stack: [0x000000575ba00000,0x000000575bb00000]
Native frames: (J=compiled Java code, j=interpreted, Vv=VM code, C=native code)
V  [jvm.dll+0x67f929]
V  [jvm.dll+0x8371ba]
V  [jvm.dll+0x838c7e]
V  [jvm.dll+0x8392e3]
V  [jvm.dll+0x24834f]
V  [jvm.dll+0xac9d4]
V  [jvm.dll+0xad01c]
V  [jvm.dll+0x2af96f]
V  [jvm.dll+0x5868d7]
V  [jvm.dll+0x2231c2]
V  [jvm.dll+0x2235bf]
V  [jvm.dll+0x21c6e0]
V  [jvm.dll+0x219be1]
V  [jvm.dll+0x1a58bd]
V  [jvm.dll+0x229a2d]
V  [jvm.dll+0x227bdc]
V  [jvm.dll+0x7ec1f7]
V  [jvm.dll+0x7e65dc]
V  [jvm.dll+0x67e7f7]
C  [ucrtbase.dll+0x29363]
C  [KERNEL32.DLL+0x1257d]
C  [ntdll.dll+0x5aa58]


---------------  P R O C E S S  ---------------

Threads class SMR info:
_java_thread_list=0x000001fa30bacee0, length=56, elements={
0x000001fa11c10040, 0x000001fa25a90020, 0x000001fa25a90af0, 0x000001fa2ab02010,
0x000001fa2ab028e0, 0x000001fa2ab034a0, 0x000001fa2ab05f70, 0x000001fa2ab06c60,
0x000001fa2ab4c860, 0x000001fa2ab69de0, 0x000001fa11c75400, 0x000001fa2bcb0060,
0x000001fa2c560b70, 0x000001fa2c4be720, 0x000001fa2c4beed0, 0x000001fa2ca065d0,
0x000001fa2c8a1d50, 0x000001fa2cb62e20, 0x000001fa2cb60fc0, 0x000001fa2cb63840,
0x000001fa2cb64770, 0x000001fa2cb63d50, 0x000001fa2cb619e0, 0x000001fa2cb64260,
0x000001fa2cb61ef0, 0x000001fa2cb62400, 0x000001fa2e6026f0, 0x000001fa2e5fea30,
0x000001fa2e605990, 0x000001fa2e603b30, 0x000001fa2e5fe520, 0x000001fa2e5fef40,
0x000001fa2e600da0, 0x000001fa2e601cd0, 0x000001fa2e6021e0, 0x000001fa2e605ea0,
0x000001fa2e600890, 0x000001fa2e6012b0, 0x000001fa2e600380, 0x000001fa2e604040,
0x000001fa2e604550, 0x000001fa2e603620, 0x000001fa2e604a60, 0x000001fa30388580,
0x000001fa303899c0, 0x000001fa30387650, 0x000001fa30387b60, 0x000001fa30387140,
0x000001fa303848c0, 0x000001fa3038ae00, 0x000001fa303894b0, 0x000001fa30383990,
0x000001fa30386720, 0x000001fa303843b0, 0x000001fa303857f0, 0x000001fa317c4310
}

Java Threads: ( => current thread )
  0x000001fa11c10040 JavaThread "main" [_thread_blocked, id=14136, stack(0x0000005757800000,0x0000005757900000)]
  0x000001fa25a90020 JavaThread "Reference Handler" daemon [_thread_blocked, id=15004, stack(0x0000005757b00000,0x0000005757c00000)]
  0x000001fa25a90af0 JavaThread "Finalizer" daemon [_thread_blocked, id=11200, stack(0x0000005757c00000,0x0000005757d00000)]
  0x000001fa2ab02010 JavaThread "Signal Dispatcher" daemon [_thread_blocked, id=3872, stack(0x0000005757d00000,0x0000005757e00000)]
  0x000001fa2ab028e0 JavaThread "Attach Listener" daemon [_thread_blocked, id=6804, stack(0x0000005757e00000,0x0000005757f00000)]
  0x000001fa2ab034a0 JavaThread "Service Thread" daemon [_thread_blocked, id=15096, stack(0x0000005757f00000,0x0000005758000000)]
  0x000001fa2ab05f70 JavaThread "Monitor Deflation Thread" daemon [_thread_blocked, id=14224, stack(0x0000005758000000,0x0000005758100000)]
  0x000001fa2ab06c60 JavaThread "C2 CompilerThread0" daemon [_thread_in_native, id=4524, stack(0x0000005758100000,0x0000005758200000)]
  0x000001fa2ab4c860 JavaThread "C1 CompilerThread0" daemon [_thread_blocked, id=2020, stack(0x0000005758200000,0x0000005758300000)]
  0x000001fa2ab69de0 JavaThread "Sweeper thread" daemon [_thread_blocked, id=8412, stack(0x0000005758300000,0x0000005758400000)]
  0x000001fa11c75400 JavaThread "Common-Cleaner" daemon [_thread_blocked, id=3188, stack(0x0000005758400000,0x0000005758500000)]
  0x000001fa2bcb0060 JavaThread "Notification Thread" daemon [_thread_blocked, id=7132, stack(0x0000005758500000,0x0000005758600000)]
  0x000001fa2c560b70 JavaThread "Active Thread: Equinox Container: 851f9276-7347-4d38-9bc7-d5a3b4d2e77a" [_thread_blocked, id=8144, stack(0x0000005758f00000,0x0000005759000000)]
  0x000001fa2c4be720 JavaThread "Framework Event Dispatcher: Equinox Container: 851f9276-7347-4d38-9bc7-d5a3b4d2e77a" daemon [_thread_blocked, id=15988, stack(0x0000005759000000,0x0000005759100000)]
  0x000001fa2c4beed0 JavaThread "Start Level: Equinox Container: 851f9276-7347-4d38-9bc7-d5a3b4d2e77a" daemon [_thread_blocked, id=2988, stack(0x0000005759100000,0x0000005759200000)]
  0x000001fa2ca065d0 JavaThread "Bundle File Closer" daemon [_thread_blocked, id=11728, stack(0x0000005759300000,0x0000005759400000)]
  0x000001fa2c8a1d50 JavaThread "SCR Component Actor" daemon [_thread_blocked, id=9404, stack(0x0000005759400000,0x0000005759500000)]
  0x000001fa2cb62e20 JavaThread "Worker-JM" [_thread_blocked, id=9364, stack(0x0000005758700000,0x0000005758800000)]
  0x000001fa2cb60fc0 JavaThread "JNA Cleaner" daemon [_thread_blocked, id=3064, stack(0x0000005758800000,0x0000005758900000)]
  0x000001fa2cb63840 JavaThread "Worker-0: Initialize workspace" [_thread_blocked, id=9728, stack(0x0000005759600000,0x0000005759700000)]
  0x000001fa2cb64770 JavaThread "Worker-1" [_thread_blocked, id=1920, stack(0x0000005759700000,0x0000005759800000)]
  0x000001fa2cb63d50 JavaThread "Java indexing" daemon [_thread_in_Java, id=10148, stack(0x0000005759a00000,0x0000005759b00000)]
  0x000001fa2cb619e0 JavaThread "Thread-2" daemon [_thread_in_native, id=15140, stack(0x0000005759d00000,0x0000005759e00000)]
  0x000001fa2cb64260 JavaThread "Thread-3" daemon [_thread_in_native, id=2580, stack(0x0000005759e00000,0x0000005759f00000)]
  0x000001fa2cb61ef0 JavaThread "Thread-4" daemon [_thread_in_native, id=952, stack(0x0000005759f00000,0x000000575a000000)]
  0x000001fa2cb62400 JavaThread "Thread-5" daemon [_thread_in_native, id=15716, stack(0x000000575a000000,0x000000575a100000)]
  0x000001fa2e6026f0 JavaThread "Thread-6" daemon [_thread_in_native, id=10048, stack(0x000000575a100000,0x000000575a200000)]
  0x000001fa2e5fea30 JavaThread "Thread-7" daemon [_thread_in_native, id=7328, stack(0x000000575a200000,0x000000575a300000)]
  0x000001fa2e605990 JavaThread "Thread-8" daemon [_thread_in_native, id=3216, stack(0x000000575a300000,0x000000575a400000)]
  0x000001fa2e603b30 JavaThread "Thread-9" daemon [_thread_in_native, id=14524, stack(0x000000575a400000,0x000000575a500000)]
  0x000001fa2e5fe520 JavaThread "Thread-10" daemon [_thread_in_native, id=13568, stack(0x000000575a500000,0x000000575a600000)]
  0x000001fa2e5fef40 JavaThread "pool-2-thread-1" [_thread_blocked, id=8484, stack(0x000000575a600000,0x000000575a700000)]
  0x000001fa2e600da0 JavaThread "WorkspaceEventsHandler" [_thread_blocked, id=14680, stack(0x000000575a700000,0x000000575a800000)]
  0x000001fa2e601cd0 JavaThread "pool-1-thread-1" [_thread_blocked, id=12608, stack(0x000000575a800000,0x000000575a900000)]
  0x000001fa2e6021e0 JavaThread "Worker-2" [_thread_blocked, id=7356, stack(0x000000575a900000,0x000000575aa00000)]
  0x000001fa2e605ea0 JavaThread "Worker-3" [_thread_blocked, id=9496, stack(0x000000575aa00000,0x000000575ab00000)]
  0x000001fa2e600890 JavaThread "ForkJoinPool.commonPool-worker-1" daemon [_thread_blocked, id=7500, stack(0x000000575ab00000,0x000000575ac00000)]
  0x000001fa2e6012b0 JavaThread "ForkJoinPool.commonPool-worker-2" daemon [_thread_blocked, id=8716, stack(0x000000575ac00000,0x000000575ad00000)]
  0x000001fa2e600380 JavaThread "ForkJoinPool.commonPool-worker-3" daemon [_thread_blocked, id=688, stack(0x000000575ad00000,0x000000575ae00000)]
  0x000001fa2e604040 JavaThread "Worker-4" [_thread_blocked, id=13644, stack(0x000000575ae00000,0x000000575af00000)]
  0x000001fa2e604550 JavaThread "Worker-5: Building" [_thread_in_vm, id=12552, stack(0x000000575af00000,0x000000575b000000)]
  0x000001fa2e603620 JavaThread "Worker-6" [_thread_blocked, id=10100, stack(0x000000575b000000,0x000000575b100000)]
  0x000001fa2e604a60 JavaThread "Worker-7: Java indexing... " [_thread_blocked, id=9676, stack(0x000000575b100000,0x000000575b200000)]
  0x000001fa30388580 JavaThread "ForkJoinPool.commonPool-worker-4" daemon [_thread_blocked, id=5172, stack(0x000000575bc00000,0x000000575bd00000)]
  0x000001fa303899c0 JavaThread "ForkJoinPool.commonPool-worker-5" daemon [_thread_blocked, id=10892, stack(0x000000575b200000,0x000000575b300000)]
  0x000001fa30387650 JavaThread "ForkJoinPool.commonPool-worker-6" daemon [_thread_blocked, id=4400, stack(0x000000575b300000,0x000000575b400000)]
  0x000001fa30387b60 JavaThread "ForkJoinPool.commonPool-worker-7" daemon [_thread_blocked, id=992, stack(0x000000575b400000,0x000000575b500000)]
  0x000001fa30387140 JavaThread "Cleaner-0" daemon [_thread_blocked, id=648, stack(0x0000005759500000,0x0000005759600000)]
  0x000001fa303848c0 JavaThread "Compiler Source File Reader" daemon [_thread_blocked, id=9780, stack(0x0000005759800000,0x0000005759900000)]
  0x000001fa3038ae00 JavaThread "Compiler Source File Reader" daemon [_thread_blocked, id=13440, stack(0x0000005759900000,0x0000005759a00000)]
  0x000001fa303894b0 JavaThread "Compiler Source File Reader" daemon [_thread_blocked, id=1772, stack(0x000000575b500000,0x000000575b600000)]
  0x000001fa30383990 JavaThread "Compiler Source File Reader" daemon [_thread_blocked, id=12756, stack(0x000000575b600000,0x000000575b700000)]
  0x000001fa30386720 JavaThread "Compiler Source File Reader" daemon [_thread_blocked, id=5256, stack(0x000000575b700000,0x000000575b800000)]
  0x000001fa303843b0 JavaThread "Compiler Source File Reader" daemon [_thread_blocked, id=10192, stack(0x000000575b800000,0x000000575b900000)]
  0x000001fa303857f0 JavaThread "Compiler Processing Task" daemon [_thread_blocked, id=11112, stack(0x000000575b900000,0x000000575ba00000)]
=>0x000001fa317c4310 JavaThread "C2 CompilerThread1" daemon [_thread_in_native, id=14432, stack(0x000000575ba00000,0x000000575bb00000)]

Other Threads:
  0x000001fa11cbeb60 VMThread "VM Thread" [stack: 0x0000005757a00000,0x0000005757b00000] [id=13068]
  0x000001fa2ae26e50 WatcherThread [stack: 0x0000005758600000,0x0000005758700000] [id=14236]
  0x000001fa11c24530 GCTaskThread "GC Thread#0" [stack: 0x0000005757900000,0x0000005757a00000] [id=11684]
  0x000001fa2bf88ab0 GCTaskThread "GC Thread#1" [stack: 0x0000005758900000,0x0000005758a00000] [id=8736]
  0x000001fa2c0bc740 GCTaskThread "GC Thread#2" [stack: 0x0000005758a00000,0x0000005758b00000] [id=5504]
  0x000001fa2bd1fa70 GCTaskThread "GC Thread#3" [stack: 0x0000005758b00000,0x0000005758c00000] [id=8332]
  0x000001fa2bf91d10 GCTaskThread "GC Thread#4" [stack: 0x0000005758c00000,0x0000005758d00000] [id=9616]
  0x000001fa2c3a9ea0 GCTaskThread "GC Thread#5" [stack: 0x0000005758d00000,0x0000005758e00000] [id=8556]
  0x000001fa2c3aa160 GCTaskThread "GC Thread#6" [stack: 0x0000005758e00000,0x0000005758f00000] [id=11148]
  0x000001fa0fa4ada0 GCTaskThread "GC Thread#7" [stack: 0x0000005759200000,0x0000005759300000] [id=16300]

Threads with active compile tasks:
C2 CompilerThread0    26977 16945       4       org.eclipse.jdt.internal.compiler.classfmt.MethodInfo::createMethod (713 bytes)
C2 CompilerThread1    26977 16919       4       org.eclipse.jdt.internal.compiler.lookup.BinaryTypeBinding::createMethod (1724 bytes)

VM state: not at safepoint (normal execution)

VM Mutex/Monitor currently owned by a thread: None

Heap address: 0x00000000c0000000, size: 1024 MB, Compressed Oops mode: 32-bit

CDS archive(s) not mapped
Compressed class space mapped at: 0x0000000100000000-0x0000000140000000, reserved size: 1073741824
Narrow klass base: 0x0000000000000000, Narrow klass shift: 3, Narrow klass range: 0x140000000

GC Precious Log:
 CPUs: 8 total, 8 available
 Memory: 7969M
 Large Page Support: Disabled
 NUMA Support: Disabled
 Compressed Oops: Enabled (32-bit)
 Alignments: Space 512K, Generation 512K, Heap 2M
 Heap Min Capacity: 100M
 Heap Initial Capacity: 100M
 Heap Max Capacity: 1G
 Pre-touch: Disabled
 Parallel Workers: 8

Heap:
 PSYoungGen      total 215040K, used 60528K [0x00000000eab00000, 0x00000000fd100000, 0x0000000100000000)
  eden space 186368K, 17% used [0x00000000eab00000,0x00000000eca22ee0,0x00000000f6100000)
  from space 28672K, 99% used [0x00000000f9000000,0x00000000fabf94e0,0x00000000fac00000)
  to   space 48128K, 0% used [0x00000000f6100000,0x00000000f6100000,0x00000000f9000000)
 ParOldGen       total 368640K, used 318229K [0x00000000c0000000, 0x00000000d6800000, 0x00000000eab00000)
  object space 368640K, 86% used [0x00000000c0000000,0x00000000d36c56e8,0x00000000d6800000)
 Metaspace       used 80003K, committed 81472K, reserved 1179648K
  class space    used 8227K, committed 8896K, reserved 1048576K

Card table byte_map: [0x000001fa115a0000,0x000001fa117b0000] _byte_map_base: 0x000001fa10fa0000

Marking Bits: (ParMarkBitMap*) 0x00007ffab85958b0
 Begin Bits: [0x000001fa238a0000, 0x000001fa248a0000)
 End Bits:   [0x000001fa248a0000, 0x000001fa258a0000)

Polling page: 0x000001fa0fbc0000

Metaspace:

Usage:
  Non-class:     70.09 MB used.
      Class:      8.03 MB used.
       Both:     78.13 MB used.

Virtual space:
  Non-class space:      128.00 MB reserved,      70.88 MB ( 55%) committed,  2 nodes.
      Class space:        1.00 GB reserved,       8.69 MB ( <1%) committed,  1 nodes.
             Both:        1.12 GB reserved,      79.56 MB (  7%) committed. 

Chunk freelists:
   Non-Class:  8.39 MB
       Class:  7.22 MB
        Both:  15.61 MB

MaxMetaspaceSize: unlimited
CompressedClassSpaceSize: 1.00 GB
Initial GC threshold: 21.00 MB
Current GC threshold: 131.38 MB
CDS: off
MetaspaceReclaimPolicy: balanced
 - commit_granule_bytes: 65536.
 - commit_granule_words: 8192.
 - virtual_space_node_default_size: 8388608.
 - enlarge_chunks_in_place: 1.
 - new_chunks_are_fully_committed: 0.
 - uncommit_free_chunks: 1.
 - use_allocation_guard: 0.
 - handle_deallocations: 1.


Internal statistics:

num_allocs_failed_limit: 9.
num_arena_births: 1066.
num_arena_deaths: 18.
num_vsnodes_births: 3.
num_vsnodes_deaths: 0.
num_space_committed: 1273.
num_space_uncommitted: 0.
num_chunks_returned_to_freelist: 28.
num_chunks_taken_from_freelist: 4606.
num_chunk_merges: 11.
num_chunk_splits: 2788.
num_chunks_enlarged: 1540.
num_inconsistent_stats: 0.

CodeHeap 'non-profiled nmethods': size=120000Kb used=11161Kb max_used=11167Kb free=108838Kb
 bounds [0x000001fa1c370000, 0x000001fa1ce60000, 0x000001fa238a0000]
CodeHeap 'profiled nmethods': size=120000Kb used=26680Kb max_used=27655Kb free=93319Kb
 bounds [0x000001fa148a0000, 0x000001fa163b0000, 0x000001fa1bdd0000]
CodeHeap 'non-nmethods': size=5760Kb used=1406Kb max_used=1496Kb free=4353Kb
 bounds [0x000001fa1bdd0000, 0x000001fa1c040000, 0x000001fa1c370000]
 total_blobs=13456 nmethods=12698 adapters=668
 compilation: enabled
              stopped_count=0, restarted_count=0
 full_count=0

Compilation events (20 events):
Event: 26.922 Thread 0x000001fa2ab4c860 17018       2       org.eclipse.jdt.internal.compiler.lookup.ElementValuePair::<init> (11 bytes)
Event: 26.922 Thread 0x000001fa2ab4c860 nmethod 17018 0x000001fa15b97690 code [0x000001fa15b97820, 0x000001fa15b979a8]
Event: 26.922 Thread 0x000001fa2ab4c860 17019       2       org.eclipse.jdt.internal.compiler.ast.MemberValuePair$1::<init> (10 bytes)
Event: 26.922 Thread 0x000001fa2ab4c860 nmethod 17019 0x000001fa15e61910 code [0x000001fa15e61aa0, 0x000001fa15e61bb8]
Event: 26.922 Thread 0x000001fa2ab4c860 17020       2       org.eclipse.jdt.internal.compiler.ast.ImportReference::traverse (14 bytes)
Event: 26.922 Thread 0x000001fa2ab4c860 nmethod 17020 0x000001fa15e64710 code [0x000001fa15e648a0, 0x000001fa15e649b8]
Event: 26.922 Thread 0x000001fa2ab4c860 17021       2       org.eclipse.jdt.internal.compiler.ASTVisitor::endVisit (1 bytes)
Event: 26.922 Thread 0x000001fa2ab4c860 nmethod 17021 0x000001fa15eb7190 code [0x000001fa15eb7320, 0x000001fa15eb7418]
Event: 26.922 Thread 0x000001fa2ab4c860 17022       1       org.eclipse.jdt.internal.compiler.lookup.BinaryTypeBinding::prototype (5 bytes)
Event: 26.922 Thread 0x000001fa2ab4c860 nmethod 17022 0x000001fa1ccb1390 code [0x000001fa1ccb1520, 0x000001fa1ccb15f8]
Event: 26.924 Thread 0x000001fa2ab4c860 17023       2       org.eclipse.jdt.internal.compiler.ast.Annotation::computeElementValuePairs (4 bytes)
Event: 26.924 Thread 0x000001fa2ab4c860 nmethod 17023 0x000001fa15f08a90 code [0x000001fa15f08c20, 0x000001fa15f08d38]
Event: 26.924 Thread 0x000001fa2ab4c860 17024       3       org.eclipse.jdt.internal.core.builder.SourceFile::getMainTypeName (24 bytes)
Event: 26.924 Thread 0x000001fa2ab4c860 nmethod 17024 0x000001fa156d3210 code [0x000001fa156d3400, 0x000001fa156d3758]
Event: 26.924 Thread 0x000001fa2ab4c860 17025       2       org.eclipse.jdt.internal.compiler.apt.model.ElementImpl::equals (62 bytes)
Event: 26.924 Thread 0x000001fa2ab4c860 nmethod 17025 0x000001fa15788d90 code [0x000001fa15788f60, 0x000001fa157891f8]
Event: 26.924 Thread 0x000001fa2ab4c860 17026       2       org.eclipse.jdt.internal.compiler.impl.BooleanConstant::fromValue (14 bytes)
Event: 26.924 Thread 0x000001fa2ab4c860 nmethod 17026 0x000001fa15f33290 code [0x000001fa15f33420, 0x000001fa15f33518]
Event: 26.924 Thread 0x000001fa2ab4c860 17027       3       org.eclipse.jdt.internal.compiler.util.SimpleLookupTable::rehash (86 bytes)
Event: 26.924 Thread 0x000001fa2ab4c860 nmethod 17027 0x000001fa15b69090 code [0x000001fa15b69260, 0x000001fa15b69618]

GC Heap History (20 events):
Event: 22.068 GC heap before
{Heap before GC invocations=199 (full 11):
 PSYoungGen      total 144896K, used 144603K [0x00000000eab00000, 0x00000000f3b80000, 0x0000000100000000)
  eden space 142848K, 100% used [0x00000000eab00000,0x00000000f3680000,0x00000000f3680000)
  from space 2048K, 85% used [0x00000000f3980000,0x00000000f3b36cd8,0x00000000f3b80000)
  to   space 2048K, 0% used [0x00000000f3780000,0x00000000f3780000,0x00000000f3980000)
 ParOldGen       total 328192K, used 303664K [0x00000000c0000000, 0x00000000d4080000, 0x00000000eab00000)
  object space 328192K, 92% used [0x00000000c0000000,0x00000000d288c1a0,0x00000000d4080000)
 Metaspace       used 79089K, committed 80512K, reserved 1179648K
  class space    used 8157K, committed 8832K, reserved 1048576K
}
Event: 22.090 GC heap after
{Heap after GC invocations=199 (full 11):
 PSYoungGen      total 145920K, used 2048K [0x00000000eab00000, 0x00000000f5600000, 0x0000000100000000)
  eden space 143872K, 0% used [0x00000000eab00000,0x00000000eab00000,0x00000000f3780000)
  from space 2048K, 100% used [0x00000000f3780000,0x00000000f3980000,0x00000000f3980000)
  to   space 7168K, 0% used [0x00000000f4f00000,0x00000000f4f00000,0x00000000f5600000)
 ParOldGen       total 328192K, used 307616K [0x00000000c0000000, 0x00000000d4080000, 0x00000000eab00000)
  object space 328192K, 93% used [0x00000000c0000000,0x00000000d2c683e0,0x00000000d4080000)
 Metaspace       used 79089K, committed 80512K, reserved 1179648K
  class space    used 8157K, committed 8832K, reserved 1048576K
}
Event: 22.145 GC heap before
{Heap before GC invocations=200 (full 11):
 PSYoungGen      total 145920K, used 145920K [0x00000000eab00000, 0x00000000f5600000, 0x0000000100000000)
  eden space 143872K, 100% used [0x00000000eab00000,0x00000000f3780000,0x00000000f3780000)
  from space 2048K, 100% used [0x00000000f3780000,0x00000000f3980000,0x00000000f3980000)
  to   space 7168K, 0% used [0x00000000f4f00000,0x00000000f4f00000,0x00000000f5600000)
 ParOldGen       total 328192K, used 307616K [0x00000000c0000000, 0x00000000d4080000, 0x00000000eab00000)
  object space 328192K, 93% used [0x00000000c0000000,0x00000000d2c683e0,0x00000000d4080000)
 Metaspace       used 79111K, committed 80576K, reserved 1179648K
  class space    used 8160K, committed 8832K, reserved 1048576K
}
Event: 22.156 GC heap after
{Heap after GC invocations=200 (full 11):
 PSYoungGen      total 164864K, used 3003K [0x00000000eab00000, 0x00000000f5200000, 0x0000000100000000)
  eden space 161792K, 0% used [0x00000000eab00000,0x00000000eab00000,0x00000000f4900000)
  from space 3072K, 97% used [0x00000000f4f00000,0x00000000f51eec00,0x00000000f5200000)
  to   space 4096K, 0% used [0x00000000f4a00000,0x00000000f4a00000,0x00000000f4e00000)
 ParOldGen       total 328192K, used 309304K [0x00000000c0000000, 0x00000000d4080000, 0x00000000eab00000)
  object space 328192K, 94% used [0x00000000c0000000,0x00000000d2e0e3f0,0x00000000d4080000)
 Metaspace       used 79111K, committed 80576K, reserved 1179648K
  class space    used 8160K, committed 8832K, reserved 1048576K
}
Event: 22.269 GC heap before
{Heap before GC invocations=201 (full 11):
 PSYoungGen      total 164864K, used 164795K [0x00000000eab00000, 0x00000000f5200000, 0x0000000100000000)
  eden space 161792K, 100% used [0x00000000eab00000,0x00000000f4900000,0x00000000f4900000)
  from space 3072K, 97% used [0x00000000f4f00000,0x00000000f51eec00,0x00000000f5200000)
  to   space 4096K, 0% used [0x00000000f4a00000,0x00000000f4a00000,0x00000000f4e00000)
 ParOldGen       total 328192K, used 309304K [0x00000000c0000000, 0x00000000d4080000, 0x00000000eab00000)
  object space 328192K, 94% used [0x00000000c0000000,0x00000000d2e0e3f0,0x00000000d4080000)
 Metaspace       used 79120K, committed 80576K, reserved 1179648K
  class space    used 8160K, committed 8832K, reserved 1048576K
}
Event: 22.284 GC heap after
{Heap after GC invocations=201 (full 11):
 PSYoungGen      total 166912K, used 3997K [0x00000000eab00000, 0x00000000f6480000, 0x0000000100000000)
  eden space 162816K, 0% used [0x00000000eab00000,0x00000000eab00000,0x00000000f4a00000)
  from space 4096K, 97% used [0x00000000f4a00000,0x00000000f4de7608,0x00000000f4e00000)
  to   space 4608K, 0% used [0x00000000f6000000,0x00000000f6000000,0x00000000f6480000)
 ParOldGen       total 328192K, used 311937K [0x00000000c0000000, 0x00000000d4080000, 0x00000000eab00000)
  object space 328192K, 95% used [0x00000000c0000000,0x00000000d30a07f0,0x00000000d4080000)
 Metaspace       used 79120K, committed 80576K, reserved 1179648K
  class space    used 8160K, committed 8832K, reserved 1048576K
}
Event: 22.512 GC heap before
{Heap before GC invocations=202 (full 11):
 PSYoungGen      total 166912K, used 166813K [0x00000000eab00000, 0x00000000f6480000, 0x0000000100000000)
  eden space 162816K, 100% used [0x00000000eab00000,0x00000000f4a00000,0x00000000f4a00000)
  from space 4096K, 97% used [0x00000000f4a00000,0x00000000f4de7608,0x00000000f4e00000)
  to   space 4608K, 0% used [0x00000000f6000000,0x00000000f6000000,0x00000000f6480000)
 ParOldGen       total 328192K, used 311937K [0x00000000c0000000, 0x00000000d4080000, 0x00000000eab00000)
  object space 328192K, 95% used [0x00000000c0000000,0x00000000d30a07f0,0x00000000d4080000)
 Metaspace       used 79337K, committed 80704K, reserved 1179648K
  class space    used 8183K, committed 8832K, reserved 1048576K
}
Event: 22.578 GC heap after
{Heap after GC invocations=202 (full 11):
 PSYoungGen      total 172032K, used 4594K [0x00000000eab00000, 0x00000000f8080000, 0x0000000100000000)
  eden space 167424K, 0% used [0x00000000eab00000,0x00000000eab00000,0x00000000f4e80000)
  from space 4608K, 99% used [0x00000000f6000000,0x00000000f647cb00,0x00000000f6480000)
  to   space 17920K, 0% used [0x00000000f4e80000,0x00000000f4e80000,0x00000000f6000000)
 ParOldGen       total 328192K, used 323134K [0x00000000c0000000, 0x00000000d4080000, 0x00000000eab00000)
  object space 328192K, 98% used [0x00000000c0000000,0x00000000d3b8f830,0x00000000d4080000)
 Metaspace       used 79337K, committed 80704K, reserved 1179648K
  class space    used 8183K, committed 8832K, reserved 1048576K
}
Event: 22.579 GC heap before
{Heap before GC invocations=203 (full 12):
 PSYoungGen      total 172032K, used 4594K [0x00000000eab00000, 0x00000000f8080000, 0x0000000100000000)
  eden space 167424K, 0% used [0x00000000eab00000,0x00000000eab00000,0x00000000f4e80000)
  from space 4608K, 99% used [0x00000000f6000000,0x00000000f647cb00,0x00000000f6480000)
  to   space 17920K, 0% used [0x00000000f4e80000,0x00000000f4e80000,0x00000000f6000000)
 ParOldGen       total 328192K, used 323134K [0x00000000c0000000, 0x00000000d4080000, 0x00000000eab00000)
  object space 328192K, 98% used [0x00000000c0000000,0x00000000d3b8f830,0x00000000d4080000)
 Metaspace       used 79337K, committed 80704K, reserved 1179648K
  class space    used 8183K, committed 8832K, reserved 1048576K
}
Event: 24.210 GC heap after
{Heap after GC invocations=203 (full 12):
 PSYoungGen      total 185344K, used 0K [0x00000000eab00000, 0x00000000f8480000, 0x0000000100000000)
  eden space 167424K, 0% used [0x00000000eab00000,0x00000000eab00000,0x00000000f4e80000)
  from space 17920K, 0% used [0x00000000f4e80000,0x00000000f4e80000,0x00000000f6000000)
  to   space 17920K, 0% used [0x00000000f7300000,0x00000000f7300000,0x00000000f8480000)
 ParOldGen       total 368640K, used 278557K [0x00000000c0000000, 0x00000000d6800000, 0x00000000eab00000)
  object space 368640K, 75% used [0x00000000c0000000,0x00000000d1007470,0x00000000d6800000)
 Metaspace       used 79337K, committed 80704K, reserved 1179648K
  class space    used 8183K, committed 8832K, reserved 1048576K
}
Event: 24.624 GC heap before
{Heap before GC invocations=204 (full 12):
 PSYoungGen      total 185344K, used 167401K [0x00000000eab00000, 0x00000000f8480000, 0x0000000100000000)
  eden space 167424K, 99% used [0x00000000eab00000,0x00000000f4e7a548,0x00000000f4e80000)
  from space 17920K, 0% used [0x00000000f4e80000,0x00000000f4e80000,0x00000000f6000000)
  to   space 17920K, 0% used [0x00000000f7300000,0x00000000f7300000,0x00000000f8480000)
 ParOldGen       total 368640K, used 278557K [0x00000000c0000000, 0x00000000d6800000, 0x00000000eab00000)
  object space 368640K, 75% used [0x00000000c0000000,0x00000000d1007470,0x00000000d6800000)
 Metaspace       used 79533K, committed 80896K, reserved 1179648K
  class space    used 8202K, committed 8832K, reserved 1048576K
}
Event: 24.635 GC heap after
{Heap after GC invocations=204 (full 12):
 PSYoungGen      total 193024K, used 8499K [0x00000000eab00000, 0x00000000f7b80000, 0x0000000100000000)
  eden space 184320K, 0% used [0x00000000eab00000,0x00000000eab00000,0x00000000f5f00000)
  from space 8704K, 97% used [0x00000000f7300000,0x00000000f7b4cf90,0x00000000f7b80000)
  to   space 11264K, 0% used [0x00000000f6580000,0x00000000f6580000,0x00000000f7080000)
 ParOldGen       total 368640K, used 278565K [0x00000000c0000000, 0x00000000d6800000, 0x00000000eab00000)
  object space 368640K, 75% used [0x00000000c0000000,0x00000000d1009470,0x00000000d6800000)
 Metaspace       used 79533K, committed 80896K, reserved 1179648K
  class space    used 8202K, committed 8832K, reserved 1048576K
}
Event: 24.989 GC heap before
{Heap before GC invocations=205 (full 12):
 PSYoungGen      total 193024K, used 192819K [0x00000000eab00000, 0x00000000f7b80000, 0x0000000100000000)
  eden space 184320K, 100% used [0x00000000eab00000,0x00000000f5f00000,0x00000000f5f00000)
  from space 8704K, 97% used [0x00000000f7300000,0x00000000f7b4cf90,0x00000000f7b80000)
  to   space 11264K, 0% used [0x00000000f6580000,0x00000000f6580000,0x00000000f7080000)
 ParOldGen       total 368640K, used 278565K [0x00000000c0000000, 0x00000000d6800000, 0x00000000eab00000)
  object space 368640K, 75% used [0x00000000c0000000,0x00000000d1009470,0x00000000d6800000)
 Metaspace       used 79553K, committed 80960K, reserved 1179648K
  class space    used 8202K, committed 8832K, reserved 1048576K
}
Event: 24.998 GC heap after
{Heap after GC invocations=205 (full 12):
 PSYoungGen      total 202240K, used 5824K [0x00000000eab00000, 0x00000000f7e00000, 0x0000000100000000)
  eden space 190976K, 0% used [0x00000000eab00000,0x00000000eab00000,0x00000000f6580000)
  from space 11264K, 51% used [0x00000000f6580000,0x00000000f6b30000,0x00000000f7080000)
  to   space 7680K, 0% used [0x00000000f7680000,0x00000000f7680000,0x00000000f7e00000)
 ParOldGen       total 368640K, used 285982K [0x00000000c0000000, 0x00000000d6800000, 0x00000000eab00000)
  object space 368640K, 77% used [0x00000000c0000000,0x00000000d1747a88,0x00000000d6800000)
 Metaspace       used 79553K, committed 80960K, reserved 1179648K
  class space    used 8202K, committed 8832K, reserved 1048576K
}
Event: 25.538 GC heap before
{Heap before GC invocations=206 (full 12):
 PSYoungGen      total 202240K, used 196800K [0x00000000eab00000, 0x00000000f7e00000, 0x0000000100000000)
  eden space 190976K, 100% used [0x00000000eab00000,0x00000000f6580000,0x00000000f6580000)
  from space 11264K, 51% used [0x00000000f6580000,0x00000000f6b30000,0x00000000f7080000)
  to   space 7680K, 0% used [0x00000000f7680000,0x00000000f7680000,0x00000000f7e00000)
 ParOldGen       total 368640K, used 285982K [0x00000000c0000000, 0x00000000d6800000, 0x00000000eab00000)
  object space 368640K, 77% used [0x00000000c0000000,0x00000000d1747a88,0x00000000d6800000)
 Metaspace       used 79561K, committed 80960K, reserved 1179648K
  class space    used 8202K, committed 8832K, reserved 1048576K
}
Event: 25.593 GC heap after
{Heap after GC invocations=206 (full 12):
 PSYoungGen      total 198656K, used 7677K [0x00000000eab00000, 0x00000000f9800000, 0x0000000100000000)
  eden space 190976K, 0% used [0x00000000eab00000,0x00000000eab00000,0x00000000f6580000)
  from space 7680K, 99% used [0x00000000f7680000,0x00000000f7dff528,0x00000000f7e00000)
  to   space 17408K, 0% used [0x00000000f6580000,0x00000000f6580000,0x00000000f7680000)
 ParOldGen       total 368640K, used 293719K [0x00000000c0000000, 0x00000000d6800000, 0x00000000eab00000)
  object space 368640K, 79% used [0x00000000c0000000,0x00000000d1ed5ee0,0x00000000d6800000)
 Metaspace       used 79561K, committed 80960K, reserved 1179648K
  class space    used 8202K, committed 8832K, reserved 1048576K
}
Event: 26.348 GC heap before
{Heap before GC invocations=207 (full 12):
 PSYoungGen      total 198656K, used 198651K [0x00000000eab00000, 0x00000000f9800000, 0x0000000100000000)
  eden space 190976K, 99% used [0x00000000eab00000,0x00000000f657f8c8,0x00000000f6580000)
  from space 7680K, 99% used [0x00000000f7680000,0x00000000f7dff528,0x00000000f7e00000)
  to   space 17408K, 0% used [0x00000000f6580000,0x00000000f6580000,0x00000000f7680000)
 ParOldGen       total 368640K, used 293719K [0x00000000c0000000, 0x00000000d6800000, 0x00000000eab00000)
  object space 368640K, 79% used [0x00000000c0000000,0x00000000d1ed5ee0,0x00000000d6800000)
 Metaspace       used 79594K, committed 81024K, reserved 1179648K
  class space    used 8203K, committed 8896K, reserved 1048576K
}
Event: 26.366 GC heap after
{Heap after GC invocations=207 (full 12):
 PSYoungGen      total 208384K, used 17400K [0x00000000eab00000, 0x00000000fac00000, 0x0000000100000000)
  eden space 190976K, 0% used [0x00000000eab00000,0x00000000eab00000,0x00000000f6580000)
  from space 17408K, 99% used [0x00000000f6580000,0x00000000f767e010,0x00000000f7680000)
  to   space 28672K, 0% used [0x00000000f9000000,0x00000000f9000000,0x00000000fac00000)
 ParOldGen       total 368640K, used 302567K [0x00000000c0000000, 0x00000000d6800000, 0x00000000eab00000)
  object space 368640K, 82% used [0x00000000c0000000,0x00000000d2779f20,0x00000000d6800000)
 Metaspace       used 79594K, committed 81024K, reserved 1179648K
  class space    used 8203K, committed 8896K, reserved 1048576K
}
Event: 26.884 GC heap before
{Heap before GC invocations=208 (full 12):
 PSYoungGen      total 208384K, used 208376K [0x00000000eab00000, 0x00000000fac00000, 0x0000000100000000)
  eden space 190976K, 100% used [0x00000000eab00000,0x00000000f6580000,0x00000000f6580000)
  from space 17408K, 99% used [0x00000000f6580000,0x00000000f767e010,0x00000000f7680000)
  to   space 28672K, 0% used [0x00000000f9000000,0x00000000f9000000,0x00000000fac00000)
 ParOldGen       total 368640K, used 302567K [0x00000000c0000000, 0x00000000d6800000, 0x00000000eab00000)
  object space 368640K, 82% used [0x00000000c0000000,0x00000000d2779f20,0x00000000d6800000)
 Metaspace       used 79892K, committed 81408K, reserved 1179648K
  class space    used 8221K, committed 8896K, reserved 1048576K
}
Event: 26.908 GC heap after
{Heap after GC invocations=208 (full 12):
 PSYoungGen      total 215040K, used 28645K [0x00000000eab00000, 0x00000000fd100000, 0x0000000100000000)
  eden space 186368K, 0% used [0x00000000eab00000,0x00000000eab00000,0x00000000f6100000)
  from space 28672K, 99% used [0x00000000f9000000,0x00000000fabf94e0,0x00000000fac00000)
  to   space 48128K, 0% used [0x00000000f6100000,0x00000000f6100000,0x00000000f9000000)
 ParOldGen       total 368640K, used 318229K [0x00000000c0000000, 0x00000000d6800000, 0x00000000eab00000)
  object space 368640K, 86% used [0x00000000c0000000,0x00000000d36c56e8,0x00000000d6800000)
 Metaspace       used 79892K, committed 81408K, reserved 1179648K
  class space    used 8221K, committed 8896K, reserved 1048576K
}

Dll operation events (11 events):
Event: 0.005 Loaded shared library c:\Users\Admin\.vscode\extensions\redhat.java-1.34.0-win32-x64\jre\17.0.12-win32-x86_64\bin\java.dll
Event: 0.136 Loaded shared library c:\Users\Admin\.vscode\extensions\redhat.java-1.34.0-win32-x64\jre\17.0.12-win32-x86_64\bin\zip.dll
Event: 0.142 Loaded shared library C:\Users\Admin\.vscode\extensions\redhat.java-1.34.0-win32-x64\jre\17.0.12-win32-x86_64\bin\instrument.dll
Event: 0.171 Loaded shared library C:\Users\Admin\.vscode\extensions\redhat.java-1.34.0-win32-x64\jre\17.0.12-win32-x86_64\bin\net.dll
Event: 0.172 Loaded shared library C:\Users\Admin\.vscode\extensions\redhat.java-1.34.0-win32-x64\jre\17.0.12-win32-x86_64\bin\nio.dll
Event: 0.191 Loaded shared library C:\Users\Admin\.vscode\extensions\redhat.java-1.34.0-win32-x64\jre\17.0.12-win32-x86_64\bin\zip.dll
Event: 0.207 Loaded shared library C:\Users\Admin\.vscode\extensions\redhat.java-1.34.0-win32-x64\jre\17.0.12-win32-x86_64\bin\jimage.dll
Event: 0.255 Loaded shared library c:\Users\Admin\.vscode\extensions\redhat.java-1.34.0-win32-x64\jre\17.0.12-win32-x86_64\bin\verify.dll
Event: 1.276 Loaded shared library C:\Users\Admin\AppData\Roaming\Code\User\globalStorage\redhat.java\1.34.0\config_win\org.eclipse.equinox.launcher\org.eclipse.equinox.launcher.win32.win32.x86_64_1.2.1100.v20240722-2106\eclipse_11904.dll
Event: 2.932 Loaded shared library C:\Users\Admin\AppData\Local\Temp\jna-63116079\jna12171938077152781674.dll
Event: 9.281 Loaded shared library C:\Users\Admin\.vscode\extensions\redhat.java-1.34.0-win32-x64\jre\17.0.12-win32-x86_64\bin\sunmscapi.dll

Deoptimization events (20 events):
Event: 26.831 Thread 0x000001fa2e604550 DEOPT PACKING pc=0x000001fa1c957a40 sp=0x000000575affd0c0
Event: 26.831 Thread 0x000001fa2e604550 DEOPT UNPACKING pc=0x000001fa1be266a3 sp=0x000000575affd018 mode 2
Event: 26.831 Thread 0x000001fa2e604550 Uncommon trap: trap_request=0xffffffde fr.pc=0x000001fa1c957a40 relative=0x0000000000002100
Event: 26.831 Thread 0x000001fa2e604550 Uncommon trap: reason=class_check action=maybe_recompile pc=0x000001fa1c957a40 method=org.eclipse.jdt.internal.compiler.lookup.LookupEnvironment.annotateType(Lorg/eclipse/jdt/internal/compiler/lookup/TypeBinding;Lorg/eclipse/jdt/internal/compiler/env/ITyp
Event: 26.831 Thread 0x000001fa2e604550 DEOPT PACKING pc=0x000001fa1c957a40 sp=0x000000575affd0c0
Event: 26.831 Thread 0x000001fa2e604550 DEOPT UNPACKING pc=0x000001fa1be266a3 sp=0x000000575affd018 mode 2
Event: 26.831 Thread 0x000001fa2e604550 Uncommon trap: trap_request=0xffffffde fr.pc=0x000001fa1c957a40 relative=0x0000000000002100
Event: 26.831 Thread 0x000001fa2e604550 Uncommon trap: reason=class_check action=maybe_recompile pc=0x000001fa1c957a40 method=org.eclipse.jdt.internal.compiler.lookup.LookupEnvironment.annotateType(Lorg/eclipse/jdt/internal/compiler/lookup/TypeBinding;Lorg/eclipse/jdt/internal/compiler/env/ITyp
Event: 26.831 Thread 0x000001fa2e604550 DEOPT PACKING pc=0x000001fa1c957a40 sp=0x000000575affd0c0
Event: 26.831 Thread 0x000001fa2e604550 DEOPT UNPACKING pc=0x000001fa1be266a3 sp=0x000000575affd018 mode 2
Event: 26.832 Thread 0x000001fa2e604550 Uncommon trap: trap_request=0xffffff45 fr.pc=0x000001fa1cd6776c relative=0x000000000000058c
Event: 26.832 Thread 0x000001fa2e604550 Uncommon trap: reason=unstable_if action=reinterpret pc=0x000001fa1cd6776c method=org.eclipse.jdt.internal.compiler.lookup.TypeBinding.hasTypeAnnotations()Z @ 10 c2
Event: 26.832 Thread 0x000001fa2e604550 DEOPT PACKING pc=0x000001fa1cd6776c sp=0x000000575affcd10
Event: 26.832 Thread 0x000001fa2e604550 DEOPT UNPACKING pc=0x000001fa1be266a3 sp=0x000000575affcc60 mode 2
Event: 26.833 Thread 0x000001fa2e604550 Uncommon trap: trap_request=0xffffffc6 fr.pc=0x000001fa1ce47eb4 relative=0x00000000000071b4
Event: 26.833 Thread 0x000001fa2e604550 Uncommon trap: reason=bimorphic_or_optimized_type_check action=maybe_recompile pc=0x000001fa1ce47eb4 method=org.eclipse.jdt.internal.compiler.lookup.BinaryTypeBinding.createMethod(Lorg/eclipse/jdt/internal/compiler/env/IBinaryMethod;Lorg/eclipse/jdt/inter
Event: 26.833 Thread 0x000001fa2e604550 DEOPT PACKING pc=0x000001fa1ce47eb4 sp=0x000000575affd170
Event: 26.833 Thread 0x000001fa2e604550 DEOPT UNPACKING pc=0x000001fa1be266a3 sp=0x000000575affd150 mode 2
Event: 26.872 Thread 0x000001fa2e604550 DEOPT PACKING pc=0x000001fa15d76805 sp=0x000000575affc9c0
Event: 26.872 Thread 0x000001fa2e604550 DEOPT UNPACKING pc=0x000001fa1be26e43 sp=0x000000575affbf00 mode 0

Classes loaded (20 events):
Event: 19.786 Loading class java/util/LinkedList$LLSpliterator
Event: 19.786 Loading class java/util/LinkedList$LLSpliterator done
Event: 20.177 Loading class java/io/CharArrayWriter
Event: 20.177 Loading class java/io/CharArrayWriter done
Event: 20.192 Loading class java/nio/file/attribute/PosixFileAttributes
Event: 20.192 Loading class java/nio/file/attribute/PosixFileAttributes done
Event: 20.960 Loading class java/util/stream/ReduceOps$2
Event: 20.960 Loading class java/util/stream/ReduceOps$2 done
Event: 20.960 Loading class java/util/stream/ReduceOps$2ReducingSink
Event: 20.960 Loading class java/util/stream/ReduceOps$2ReducingSink done
Event: 22.339 Loading class org/xml/sax/SAXNotRecognizedException
Event: 22.339 Loading class org/xml/sax/SAXNotRecognizedException done
Event: 22.340 Loading class org/xml/sax/SAXNotSupportedException
Event: 22.340 Loading class org/xml/sax/SAXNotSupportedException done
Event: 22.345 Loading class com/sun/org/apache/xerces/internal/util/URI
Event: 22.346 Loading class com/sun/org/apache/xerces/internal/util/URI done
Event: 22.350 Loading class com/sun/org/apache/xerces/internal/xni/XNIException
Event: 22.351 Loading class com/sun/org/apache/xerces/internal/xni/XNIException done
Event: 22.362 Loading class com/sun/org/apache/xerces/internal/xni/parser/XMLParseException
Event: 22.362 Loading class com/sun/org/apache/xerces/internal/xni/parser/XMLParseException done

Classes unloaded (9 events):
Event: 2.655 Thread 0x000001fa11cbeb60 Unloading class 0x000000010024a400 'java/lang/invoke/LambdaForm$MH+0x000000010024a400'
Event: 2.655 Thread 0x000001fa11cbeb60 Unloading class 0x000000010024a000 'java/lang/invoke/LambdaForm$MH+0x000000010024a000'
Event: 2.655 Thread 0x000001fa11cbeb60 Unloading class 0x0000000100249c00 'java/lang/invoke/LambdaForm$MH+0x0000000100249c00'
Event: 2.655 Thread 0x000001fa11cbeb60 Unloading class 0x0000000100249800 'java/lang/invoke/LambdaForm$MH+0x0000000100249800'
Event: 2.655 Thread 0x000001fa11cbeb60 Unloading class 0x0000000100249400 'java/lang/invoke/LambdaForm$BMH+0x0000000100249400'
Event: 2.655 Thread 0x000001fa11cbeb60 Unloading class 0x0000000100249000 'java/lang/invoke/LambdaForm$DMH+0x0000000100249000'
Event: 2.655 Thread 0x000001fa11cbeb60 Unloading class 0x0000000100246400 'java/lang/invoke/LambdaForm$DMH+0x0000000100246400'
Event: 9.321 Thread 0x000001fa11cbeb60 Unloading class 0x0000000100784000 'java/lang/invoke/LambdaForm$DMH+0x0000000100784000'
Event: 9.321 Thread 0x000001fa11cbeb60 Unloading class 0x000000010073c800 'java/lang/invoke/LambdaForm$DMH+0x000000010073c800'

Classes redefined (0 events):
No events

Internal exceptions (20 events):
Event: 25.466 Thread 0x000001fa30387b60 Exception <a 'sun/nio/fs/WindowsException'{0x00000000ef1958c8}> (0x00000000ef1958c8) 
thrown [s\src\hotspot\share\prims\jni.cpp, line 516]
Event: 25.466 Thread 0x000001fa30387b60 Exception <a 'sun/nio/fs/WindowsException'{0x00000000ef197330}> (0x00000000ef197330) 
thrown [s\src\hotspot\share\prims\jni.cpp, line 516]
Event: 25.466 Thread 0x000001fa30387b60 Exception <a 'sun/nio/fs/WindowsException'{0x00000000ef197cd8}> (0x00000000ef197cd8) 
thrown [s\src\hotspot\share\prims\jni.cpp, line 516]
Event: 25.469 Thread 0x000001fa2e600890 Exception <a 'sun/nio/fs/WindowsException'{0x00000000f20a9190}> (0x00000000f20a9190) 
thrown [s\src\hotspot\share\prims\jni.cpp, line 516]
Event: 25.469 Thread 0x000001fa2e600890 Exception <a 'sun/nio/fs/WindowsException'{0x00000000f20a9b38}> (0x00000000f20a9b38) 
thrown [s\src\hotspot\share\prims\jni.cpp, line 516]
Event: 25.471 Thread 0x000001fa303899c0 Exception <a 'sun/nio/fs/WindowsException'{0x00000000ef982e88}> (0x00000000ef982e88) 
thrown [s\src\hotspot\share\prims\jni.cpp, line 516]
Event: 25.471 Thread 0x000001fa303899c0 Exception <a 'sun/nio/fs/WindowsException'{0x00000000ef983830}> (0x00000000ef983830) 
thrown [s\src\hotspot\share\prims\jni.cpp, line 516]
Event: 25.472 Thread 0x000001fa30387b60 Exception <a 'sun/nio/fs/WindowsException'{0x00000000f2100478}> (0x00000000f2100478) 
thrown [s\src\hotspot\share\prims\jni.cpp, line 516]
Event: 25.472 Thread 0x000001fa30387b60 Exception <a 'sun/nio/fs/WindowsException'{0x00000000f2100e20}> (0x00000000f2100e20) 
thrown [s\src\hotspot\share\prims\jni.cpp, line 516]
Event: 25.472 Thread 0x000001fa2e6012b0 Exception <a 'sun/nio/fs/WindowsException'{0x00000000f00aa728}> (0x00000000f00aa728) 
thrown [s\src\hotspot\share\prims\jni.cpp, line 516]
Event: 25.472 Thread 0x000001fa2e6012b0 Exception <a 'sun/nio/fs/WindowsException'{0x00000000f00ab0d0}> (0x00000000f00ab0d0) 
thrown [s\src\hotspot\share\prims\jni.cpp, line 516]
Event: 26.631 Thread 0x000001fa2e604550 Exception <a 'java/lang/NoSuchMethodError'{0x00000000f17eca40}: 'int java.lang.invoke.DirectMethodHandle$Holder.invokeStatic(java.lang.Object)'> (0x00000000f17eca40) 
thrown [s\src\hotspot\share\interpreter\linkResolver.cpp, line 759]
Event: 26.661 Thread 0x000001fa2e604550 Exception <a 'sun/nio/fs/WindowsException'{0x00000000f216b8f0}> (0x00000000f216b8f0) 
thrown [s\src\hotspot\share\prims\jni.cpp, line 516]
Event: 26.661 Thread 0x000001fa2e604550 Exception <a 'sun/nio/fs/WindowsException'{0x00000000f216c1e0}> (0x00000000f216c1e0) 
thrown [s\src\hotspot\share\prims\jni.cpp, line 516]
Event: 26.661 Thread 0x000001fa2e604550 Exception <a 'sun/nio/fs/WindowsException'{0x00000000f216cae8}> (0x00000000f216cae8) 
thrown [s\src\hotspot\share\prims\jni.cpp, line 516]
Event: 26.661 Thread 0x000001fa2e604550 Exception <a 'sun/nio/fs/WindowsException'{0x00000000f216d410}> (0x00000000f216d410) 
thrown [s\src\hotspot\share\prims\jni.cpp, line 516]
Event: 26.661 Thread 0x000001fa2e604550 Exception <a 'sun/nio/fs/WindowsException'{0x00000000f216e028}> (0x00000000f216e028) 
thrown [s\src\hotspot\share\prims\jni.cpp, line 516]
Event: 26.661 Thread 0x000001fa2e604550 Exception <a 'sun/nio/fs/WindowsException'{0x00000000f216ecc8}> (0x00000000f216ecc8) 
thrown [s\src\hotspot\share\prims\jni.cpp, line 516]
Event: 26.662 Thread 0x000001fa2e604550 Exception <a 'sun/nio/fs/WindowsException'{0x00000000f2171f58}> (0x00000000f2171f58) 
thrown [s\src\hotspot\share\prims\jni.cpp, line 516]
Event: 26.662 Thread 0x000001fa2e604550 Exception <a 'sun/nio/fs/WindowsException'{0x00000000f2173090}> (0x00000000f2173090) 
thrown [s\src\hotspot\share\prims\jni.cpp, line 516]

VM Operations (20 events):
Event: 22.375 Executing VM operation: HandshakeAllThreads
Event: 22.375 Executing VM operation: HandshakeAllThreads done
Event: 22.510 Executing VM operation: ParallelGCFailedAllocation
Event: 24.211 Executing VM operation: ParallelGCFailedAllocation done
Event: 24.481 Executing VM operation: HandshakeAllThreads
Event: 24.484 Executing VM operation: HandshakeAllThreads done
Event: 24.621 Executing VM operation: ParallelGCFailedAllocation
Event: 24.635 Executing VM operation: ParallelGCFailedAllocation done
Event: 24.912 Executing VM operation: HandshakeAllThreads
Event: 24.927 Executing VM operation: HandshakeAllThreads done
Event: 24.985 Executing VM operation: ParallelGCFailedAllocation
Event: 24.998 Executing VM operation: ParallelGCFailedAllocation done
Event: 25.018 Executing VM operation: HandshakeAllThreads
Event: 25.019 Executing VM operation: HandshakeAllThreads done
Event: 25.537 Executing VM operation: ParallelGCFailedAllocation
Event: 25.595 Executing VM operation: ParallelGCFailedAllocation done
Event: 26.348 Executing VM operation: ParallelGCFailedAllocation
Event: 26.366 Executing VM operation: ParallelGCFailedAllocation done
Event: 26.884 Executing VM operation: ParallelGCFailedAllocation
Event: 26.908 Executing VM operation: ParallelGCFailedAllocation done

Events (20 events):
Event: 25.047 Thread 0x000001fa2ab69de0 flushing nmethod 0x000001fa1621c390
Event: 25.047 Thread 0x000001fa2ab69de0 flushing nmethod 0x000001fa1621f390
Event: 25.047 Thread 0x000001fa2ab69de0 flushing nmethod 0x000001fa16231210
Event: 25.047 Thread 0x000001fa2ab69de0 flushing nmethod 0x000001fa16235610
Event: 25.047 Thread 0x000001fa2ab69de0 flushing nmethod 0x000001fa16252d10
Event: 25.047 Thread 0x000001fa2ab69de0 flushing nmethod 0x000001fa16254790
Event: 25.047 Thread 0x000001fa2ab69de0 flushing nmethod 0x000001fa1627e610
Event: 25.047 Thread 0x000001fa2ab69de0 flushing nmethod 0x000001fa1629c490
Event: 25.047 Thread 0x000001fa2ab69de0 flushing nmethod 0x000001fa162dc010
Event: 25.660 Thread 0x000001fa317c4310 Thread added: 0x000001fa317c4310
Event: 26.503 Thread 0x000001fa30388a90 Thread added: 0x000001fa30388a90
Event: 26.510 Thread 0x000001fa30388fa0 Thread added: 0x000001fa30388fa0
Event: 26.511 Thread 0x000001fa3038a3e0 Thread added: 0x000001fa3038a3e0
Event: 26.519 Thread 0x000001fa30389ed0 Thread added: 0x000001fa30389ed0
Event: 26.519 Thread 0x000001fa3038a8f0 Thread added: 0x000001fa3038a8f0
Event: 26.577 Thread 0x000001fa3038a3e0 Thread exited: 0x000001fa3038a3e0
Event: 26.577 Thread 0x000001fa3038a8f0 Thread exited: 0x000001fa3038a8f0
Event: 26.577 Thread 0x000001fa30389ed0 Thread exited: 0x000001fa30389ed0
Event: 26.577 Thread 0x000001fa30388fa0 Thread exited: 0x000001fa30388fa0
Event: 26.577 Thread 0x000001fa30388a90 Thread exited: 0x000001fa30388a90


Dynamic libraries:
0x00007ff670140000 - 0x00007ff67014e000 	c:\Users\Admin\.vscode\extensions\redhat.java-1.34.0-win32-x64\jre\17.0.12-win32-x86_64\bin\java.exe
0x00007ffb474b0000 - 0x00007ffb476c7000 	C:\Windows\SYSTEM32\ntdll.dll
0x00007ffb46a90000 - 0x00007ffb46b54000 	C:\Windows\System32\KERNEL32.DLL
0x00007ffb44a70000 - 0x00007ffb44e16000 	C:\Windows\System32\KERNELBASE.dll
0x00007ffb450e0000 - 0x00007ffb451f1000 	C:\Windows\System32\ucrtbase.dll
0x00007ffb2bba0000 - 0x00007ffb2bbb7000 	c:\Users\Admin\.vscode\extensions\redhat.java-1.34.0-win32-x64\jre\17.0.12-win32-x86_64\bin\jli.dll
0x00007ffb2c580000 - 0x00007ffb2c59b000 	c:\Users\Admin\.vscode\extensions\redhat.java-1.34.0-win32-x64\jre\17.0.12-win32-x86_64\bin\VCRUNTIME140.dll
0x00007ffb471c0000 - 0x00007ffb4736e000 	C:\Windows\System32\USER32.dll
0x00007ffb31e50000 - 0x00007ffb320e3000 	C:\Windows\WinSxS\amd64_microsoft.windows.common-controls_6595b64144ccf1df_6.0.22621.2506_none_270c5ae97388e100\COMCTL32.dll
0x00007ffb44e20000 - 0x00007ffb44e46000 	C:\Windows\System32\win32u.dll
0x00007ffb46bf0000 - 0x00007ffb46c97000 	C:\Windows\System32\msvcrt.dll
0x00007ffb46a60000 - 0x00007ffb46a89000 	C:\Windows\System32\GDI32.dll
0x00007ffb44860000 - 0x00007ffb44978000 	C:\Windows\System32\gdi32full.dll
0x00007ffb44e50000 - 0x00007ffb44eea000 	C:\Windows\System32\msvcp_win.dll
0x00007ffb46ff0000 - 0x00007ffb47021000 	C:\Windows\System32\IMM32.DLL
0x00007ffb41400000 - 0x00007ffb4140c000 	c:\Users\Admin\.vscode\extensions\redhat.java-1.34.0-win32-x64\jre\17.0.12-win32-x86_64\bin\vcruntime140_1.dll
0x00007ffb27470000 - 0x00007ffb274fd000 	c:\Users\Admin\.vscode\extensions\redhat.java-1.34.0-win32-x64\jre\17.0.12-win32-x86_64\bin\msvcp140.dll
0x00007ffab79f0000 - 0x00007ffab865a000 	c:\Users\Admin\.vscode\extensions\redhat.java-1.34.0-win32-x64\jre\17.0.12-win32-x86_64\bin\server\jvm.dll
0x00007ffb465e0000 - 0x00007ffb46693000 	C:\Windows\System32\ADVAPI32.dll
0x00007ffb46ee0000 - 0x00007ffb46f88000 	C:\Windows\System32\sechost.dll
0x00007ffb44980000 - 0x00007ffb449a8000 	C:\Windows\System32\bcrypt.dll
0x00007ffb46490000 - 0x00007ffb465a7000 	C:\Windows\System32\RPCRT4.dll
0x00007ffb46b60000 - 0x00007ffb46bd1000 	C:\Windows\System32\WS2_32.dll
0x00007ffb43640000 - 0x00007ffb4368d000 	C:\Windows\SYSTEM32\POWRPROF.dll
0x00007ffb321d0000 - 0x00007ffb32204000 	C:\Windows\SYSTEM32\WINMM.dll
0x00007ffb3b8a0000 - 0x00007ffb3b8aa000 	C:\Windows\SYSTEM32\VERSION.dll
0x00007ffb43620000 - 0x00007ffb43633000 	C:\Windows\SYSTEM32\UMPDC.dll
0x00007ffb438e0000 - 0x00007ffb438f8000 	C:\Windows\SYSTEM32\kernel.appcore.dll
0x00007ffb3bad0000 - 0x00007ffb3bada000 	c:\Users\Admin\.vscode\extensions\redhat.java-1.34.0-win32-x64\jre\17.0.12-win32-x86_64\bin\jimage.dll
0x00007ffb41c40000 - 0x00007ffb41e73000 	C:\Windows\SYSTEM32\DBGHELP.DLL
0x00007ffb46100000 - 0x00007ffb46489000 	C:\Windows\System32\combase.dll
0x00007ffb466a0000 - 0x00007ffb46777000 	C:\Windows\System32\OLEAUT32.dll
0x00007ffb24f90000 - 0x00007ffb24fc2000 	C:\Windows\SYSTEM32\dbgcore.DLL
0x00007ffb44ef0000 - 0x00007ffb44f6a000 	C:\Windows\System32\bcryptPrimitives.dll
0x00007ffb3adc0000 - 0x00007ffb3adce000 	c:\Users\Admin\.vscode\extensions\redhat.java-1.34.0-win32-x64\jre\17.0.12-win32-x86_64\bin\instrument.dll
0x00007ffb2b270000 - 0x00007ffb2b295000 	c:\Users\Admin\.vscode\extensions\redhat.java-1.34.0-win32-x64\jre\17.0.12-win32-x86_64\bin\java.dll
0x00007ffb2b5e0000 - 0x00007ffb2b5f8000 	c:\Users\Admin\.vscode\extensions\redhat.java-1.34.0-win32-x64\jre\17.0.12-win32-x86_64\bin\zip.dll
0x00007ffb45200000 - 0x00007ffb45a5b000 	C:\Windows\System32\SHELL32.dll
0x00007ffb42700000 - 0x00007ffb42ff6000 	C:\Windows\SYSTEM32\windows.storage.dll
0x00007ffb425c0000 - 0x00007ffb426fe000 	C:\Windows\SYSTEM32\wintypes.dll
0x00007ffb47030000 - 0x00007ffb47123000 	C:\Windows\System32\SHCORE.dll
0x00007ffb46860000 - 0x00007ffb468be000 	C:\Windows\System32\shlwapi.dll
0x00007ffb44720000 - 0x00007ffb44746000 	C:\Windows\SYSTEM32\profapi.dll
0x00007ffb27450000 - 0x00007ffb27469000 	C:\Users\Admin\.vscode\extensions\redhat.java-1.34.0-win32-x64\jre\17.0.12-win32-x86_64\bin\net.dll
0x00007ffb3e660000 - 0x00007ffb3e797000 	C:\Windows\SYSTEM32\WINHTTP.dll
0x00007ffb43d50000 - 0x00007ffb43db9000 	C:\Windows\system32\mswsock.dll
0x00007ffb27430000 - 0x00007ffb27446000 	C:\Users\Admin\.vscode\extensions\redhat.java-1.34.0-win32-x64\jre\17.0.12-win32-x86_64\bin\nio.dll
0x00007ffb35ab0000 - 0x00007ffb35ac0000 	c:\Users\Admin\.vscode\extensions\redhat.java-1.34.0-win32-x64\jre\17.0.12-win32-x86_64\bin\verify.dll
0x00007ffae2cc0000 - 0x00007ffae2d05000 	C:\Users\Admin\AppData\Roaming\Code\User\globalStorage\redhat.java\1.34.0\config_win\org.eclipse.equinox.launcher\org.eclipse.equinox.launcher.win32.win32.x86_64_1.2.1100.v20240722-2106\eclipse_11904.dll
0x00007ffb468c0000 - 0x00007ffb46a60000 	C:\Windows\System32\ole32.dll
0x00007ffb440a0000 - 0x00007ffb440bb000 	C:\Windows\SYSTEM32\CRYPTSP.dll
0x00007ffb43840000 - 0x00007ffb43875000 	C:\Windows\system32\rsaenh.dll
0x00007ffb43df0000 - 0x00007ffb43e1c000 	C:\Windows\SYSTEM32\USERENV.dll
0x00007ffb44080000 - 0x00007ffb4408c000 	C:\Windows\SYSTEM32\CRYPTBASE.dll
0x00007ffb43260000 - 0x00007ffb4328d000 	C:\Windows\SYSTEM32\IPHLPAPI.DLL
0x00007ffb46be0000 - 0x00007ffb46be9000 	C:\Windows\System32\NSI.dll
0x00007ffb3e5c0000 - 0x00007ffb3e5d9000 	C:\Windows\SYSTEM32\dhcpcsvc6.DLL
0x00007ffb3e5a0000 - 0x00007ffb3e5bf000 	C:\Windows\SYSTEM32\dhcpcsvc.DLL
0x00007ffb43320000 - 0x00007ffb43419000 	C:\Windows\SYSTEM32\DNSAPI.dll
0x00007ffae04c0000 - 0x00007ffae0505000 	C:\Users\Admin\AppData\Local\Temp\jna-63116079\jna12171938077152781674.dll
0x00007ffb46ca0000 - 0x00007ffb46ca8000 	C:\Windows\System32\PSAPI.DLL
0x00007ffb34650000 - 0x00007ffb3465e000 	C:\Users\Admin\.vscode\extensions\redhat.java-1.34.0-win32-x64\jre\17.0.12-win32-x86_64\bin\sunmscapi.dll
0x00007ffb44f70000 - 0x00007ffb450d6000 	C:\Windows\System32\CRYPT32.dll
0x00007ffb441b0000 - 0x00007ffb441de000 	C:\Windows\SYSTEM32\ncrypt.dll
0x00007ffb44170000 - 0x00007ffb441a7000 	C:\Windows\SYSTEM32\NTASN1.dll

dbghelp: loaded successfully - version: 4.0.5 - missing functions: none
symbol engine: initialized successfully - sym options: 0x614 - pdb path: .;c:\Users\Admin\.vscode\extensions\redhat.java-1.34.0-win32-x64\jre\17.0.12-win32-x86_64\bin;C:\Windows\SYSTEM32;C:\Windows\WinSxS\amd64_microsoft.windows.common-controls_6595b64144ccf1df_6.0.22621.2506_none_270c5ae97388e100;c:\Users\Admin\.vscode\extensions\redhat.java-1.34.0-win32-x64\jre\17.0.12-win32-x86_64\bin\server;C:\Users\Admin\AppData\Roaming\Code\User\globalStorage\redhat.java\1.34.0\config_win\org.eclipse.equinox.launcher\org.eclipse.equinox.launcher.win32.win32.x86_64_1.2.1100.v20240722-2106;C:\Users\Admin\AppData\Local\Temp\jna-63116079

VM Arguments:
jvm_args: --add-modules=ALL-SYSTEM --add-opens=java.base/java.util=ALL-UNNAMED --add-opens=java.base/java.lang=ALL-UNNAMED --add-opens=java.base/sun.nio.fs=ALL-UNNAMED -Declipse.application=org.eclipse.jdt.ls.core.id1 -Dosgi.bundles.defaultStartLevel=4 -Declipse.product=org.eclipse.jdt.ls.core.product -Djava.import.generatesMetadataFilesAtProjectRoot=false -DDetectVMInstallationsJob.disabled=true -Dfile.encoding=utf8 -XX:+UseParallelGC -XX:GCTimeRatio=4 -XX:AdaptiveSizePolicyWeight=90 -Dsun.zip.disableMemoryMapping=true -Xmx1G -Xms100m -Xlog:disable -javaagent:c:\Users\Admin\.vscode\extensions\redhat.java-1.34.0-win32-x64\lombok\lombok-1.18.33.jar -XX:+HeapDumpOnOutOfMemoryError -XX:HeapDumpPath=c:\Users\Admin\AppData\Roaming\Code\User\workspaceStorage\eb20fc06d4a3b5e07cae54c0eea6be4b\redhat.java -Daether.dependencyCollector.impl=bf 
java_command: c:\Users\Admin\.vscode\extensions\redhat.java-1.34.0-win32-x64\server\plugins\org.eclipse.equinox.launcher_1.6.900.v20240613-2009.jar -configuration c:\Users\Admin\AppData\Roaming\Code\User\globalStorage\redhat.java\1.34.0\config_win -data c:\Users\Admin\AppData\Roaming\Code\User\workspaceStorage\eb20fc06d4a3b5e07cae54c0eea6be4b\redhat.java\jdt_ws --pipe=\\.\pipe\lsp-9a3b1d8f9779cfa58b530837289164de-sock
java_class_path (initial): c:\Users\Admin\.vscode\extensions\redhat.java-1.34.0-win32-x64\server\plugins\org.eclipse.equinox.launcher_1.6.900.v20240613-2009.jar
Launcher Type: SUN_STANDARD

[Global flags]
    uintx AdaptiveSizePolicyWeight                 = 90                                        {product} {command line}
     intx CICompilerCount                          = 4                                         {product} {ergonomic}
    uintx GCTimeRatio                              = 4                                         {product} {command line}
     bool HeapDumpOnOutOfMemoryError               = true                                   {manageable} {command line}
    ccstr HeapDumpPath                             = c:\Users\Admin\AppData\Roaming\Code\User\workspaceStorage\eb20fc06d4a3b5e07cae54c0eea6be4b\redhat.java         {manageable} {command line}
   size_t InitialHeapSize                          = 104857600                                 {product} {command line}
   size_t MaxHeapSize                              = 1073741824                                {product} {command line}
   size_t MaxNewSize                               = 357564416                                 {product} {ergonomic}
   size_t MinHeapDeltaBytes                        = 524288                                    {product} {ergonomic}
   size_t MinHeapSize                              = 104857600                                 {product} {command line}
   size_t NewSize                                  = 34603008                                  {product} {ergonomic}
    uintx NonNMethodCodeHeapSize                   = 5839372                                {pd product} {ergonomic}
    uintx NonProfiledCodeHeapSize                  = 122909434                              {pd product} {ergonomic}
   size_t OldSize                                  = 70254592                                  {product} {ergonomic}
    uintx ProfiledCodeHeapSize                     = 122909434                              {pd product} {ergonomic}
    uintx ReservedCodeCacheSize                    = 251658240                              {pd product} {ergonomic}
     bool SegmentedCodeCache                       = true                                      {product} {ergonomic}
   size_t SoftMaxHeapSize                          = 1073741824                             {manageable} {ergonomic}
     bool UseCompressedClassPointers               = true                           {product lp64_product} {ergonomic}
     bool UseCompressedOops                        = true                           {product lp64_product} {ergonomic}
     bool UseLargePagesIndividualAllocation        = false                                  {pd product} {ergonomic}
     bool UseParallelGC                            = true                                      {product} {command line}

Logging:
Log output configuration:
 #0: stdout all=off uptime,level,tags
 #1: stderr all=off uptime,level,tags

Environment Variables:
JAVA_HOME=C:\Program Files\Eclipse Adoptium\jdk-21.0.3.9-hotspot
PATH=C:\Users\Admin\bin;C:\Program Files\Git\mingw64\bin;C:\Program Files\Git\usr\local\bin;C:\Program Files\Git\usr\bin;C:\Program Files\Git\usr\bin;C:\Program Files\Git\mingw64\bin;C:\Program Files\Git\usr\bin;C:\Users\Admin\bin;C:\Program Files\Eclipse Adoptium\jdk-21.0.3.9-hotspot\bin;C:\Windows\system32;C:\Windows;C:\Windows\System32\Wbem;C:\Windows\System32\WindowsPowerShell\v1.0;C:\Windows\System32\OpenSSH;C:\Program Files\Microsoft SQL Server\Client SDK\ODBC\170\Tools\Binn;C:\Program Files\Microsoft SQL Server\150\Tools\Binn;C:\Program Files\dotnet;C:\Program Files\nodejs;C:\Program Files\Git\cmd;C:\Program Files\apache-maven-3.9.8\bin;C:\Program Files\Docker\Docker\resources\bin;C:\Users\Admin\AppData\Local\Microsoft\WindowsApps;C:\Users\Admin\.dotnet\tools;C:\Users\Admin\AppData\Local\Programs\Microsoft VS Code\bin;C:\Users\Admin\AppData\Local\JetBrains\Toolbox\scripts;C:\Users\Admin\AppData\Roaming\npm;C:\Program Files\Git\usr\bin\vendor_perl;C:\Program Files\Git\usr\bin\core_perl
USERNAME=Admin
SHELL=C:\Program Files\Git\usr\bin\bash.exe
DISPLAY=needs-to-be-defined
LANG=es_ES.UTF-8
TERM=xterm-256color
TMPDIR=C:\Users\Admin\AppData\Local\Temp
OS=Windows_NT
PROCESSOR_IDENTIFIER=Intel64 Family 6 Model 151 Stepping 5, GenuineIntel
TMP=C:\Users\Admin\AppData\Local\Temp
TEMP=C:\Users\Admin\AppData\Local\Temp



Periodic native trim disabled


---------------  S Y S T E M  ---------------

OS:
 Windows 11 , 64 bit Build 22621 (10.0.22621.3078)
OS uptime: 0 days 3:53 hours
Hyper-V role detected

CPU: total 8 (initial active 8) (4 cores per cpu, 2 threads per core) family 6 model 151 stepping 5 microcode 0x1e, cx8, cmov, fxsr, ht, mmx, 3dnowpref, sse, sse2, sse3, ssse3, sse4.1, sse4.2, popcnt, lzcnt, tsc, tscinvbit, avx, avx2, aes, erms, clmul, bmi1, bmi2, adx, sha, fma, vzeroupper, clflush, clflushopt, clwb, hv
Processor Information for all 8 processors :
  Max Mhz: 3300, Current Mhz: 3300, Mhz Limit: 3300

Memory: 4k page, system-wide physical 7969M (481M free)
TotalPageFile size 16161M (AvailPageFile size 3M)
current process WorkingSet (physical memory assigned to process): 616M, peak: 813M
current process commit charge ("private bytes"): 942M, peak: 943M

vm_info: OpenJDK 64-Bit Server VM (17.0.12+7) for windows-amd64 JRE (17.0.12+7), built on Jul 16 2024 22:08:24 by "admin" with MS VC++ 16.10 / 16.11 (VS2019)

END.
