#
# There is insufficient memory for the Java Runtime Environment to continue.
# Native memory allocation (malloc) failed to allocate 1463104 bytes. Error detail: Chunk::new
# Possible reasons:
#   The system is out of physical RAM or swap space
#   This process is running with CompressedOops enabled, and the Java Heap may be blocking the growth of the native heap
# Possible solutions:
#   Reduce memory load on the system
#   Increase physical memory or swap space
#   Check if swap backing store is full
#   Decrease Java heap size (-Xmx/-Xms)
#   Decrease number of Java threads
#   Decrease Java thread stack sizes (-Xss)
#   Set larger code cache with -XX:ReservedCodeCacheSize=
#   JVM is running with Unscaled Compressed Oops mode in which the Java heap is
#     placed in the first 4GB address space. The Java Heap base address is the
#     maximum limit for the native heap growth. Please use -XX:HeapBaseMinAddress
#     to set the Java Heap base and to place the Java Heap above 4GB virtual address.
# This output file may be truncated or incomplete.
#
#  Out of Memory Error (arena.cpp:191), pid=6296, tid=5572
#
# JRE version: OpenJDK Runtime Environment Temurin-17.0.12+7 (17.0.12+7) (build 17.0.12+7)
# Java VM: OpenJDK 64-Bit Server VM Temurin-17.0.12+7 (17.0.12+7, mixed mode, tiered, compressed oops, compressed class ptrs, parallel gc, windows-amd64)
# No core dump will be written. Minidumps are not enabled by default on client versions of Windows
#

---------------  S U M M A R Y ------------

Command Line: --add-modules=ALL-SYSTEM --add-opens=java.base/java.util=ALL-UNNAMED --add-opens=java.base/java.lang=ALL-UNNAMED --add-opens=java.base/sun.nio.fs=ALL-UNNAMED -Declipse.application=org.eclipse.jdt.ls.core.id1 -Dosgi.bundles.defaultStartLevel=4 -Declipse.product=org.eclipse.jdt.ls.core.product -Djava.import.generatesMetadataFilesAtProjectRoot=false -DDetectVMInstallationsJob.disabled=true -Dfile.encoding=utf8 -XX:+UseParallelGC -XX:GCTimeRatio=4 -XX:AdaptiveSizePolicyWeight=90 -Dsun.zip.disableMemoryMapping=true -Xmx1G -Xms100m -Xlog:disable -javaagent:c:\Users\Admin\.vscode\extensions\redhat.java-1.35.1-win32-x64\lombok\lombok-1.18.33.jar -XX:+HeapDumpOnOutOfMemoryError -XX:HeapDumpPath=c:\Users\Admin\AppData\Roaming\Code\User\workspaceStorage\eb20fc06d4a3b5e07cae54c0eea6be4b\redhat.java -Daether.dependencyCollector.impl=bf c:\Users\Admin\.vscode\extensions\redhat.java-1.35.1-win32-x64\server\plugins\org.eclipse.equinox.launcher_1.6.900.v20240613-2009.jar -configuration c:\Users\Admin\AppData\Roaming\Code\User\globalStorage\redhat.java\1.35.1\config_win -data c:\Users\Admin\AppData\Roaming\Code\User\workspaceStorage\eb20fc06d4a3b5e07cae54c0eea6be4b\redhat.java\jdt_ws --pipe=\\.\pipe\lsp-ef0335400be026b6efceea66be812a5e-sock

Host: 12th Gen Intel(R) Core(TM) i3-12100, 8 cores, 7G,  Windows 11 , 64 bit Build 22621 (10.0.22621.3078)
Time: Fri Oct  4 14:13:59 2024 Hora est. Pacífico, Sudamérica elapsed time: 7.032693 seconds (0d 0h 0m 7s)

---------------  T H R E A D  ---------------

Current thread (0x0000029fe4c36220):  JavaThread "C2 CompilerThread0" daemon [_thread_in_native, id=5572, stack(0x000000ed4f500000,0x000000ed4f600000)]


Current CompileTask:
C2:   7032 9761   !   4       org.codehaus.plexus.interpolation.StringSearchInterpolator::interpolate (668 bytes)

Stack: [0x000000ed4f500000,0x000000ed4f600000]
Native frames: (J=compiled Java code, j=interpreted, Vv=VM code, C=native code)
V  [jvm.dll+0x67f929]
V  [jvm.dll+0x8371ba]
V  [jvm.dll+0x838c7e]
V  [jvm.dll+0x8392e3]
V  [jvm.dll+0x24834f]
V  [jvm.dll+0xac9d4]
V  [jvm.dll+0xad01c]
V  [jvm.dll+0x3674a7]
V  [jvm.dll+0x33197a]
V  [jvm.dll+0x330e1a]
V  [jvm.dll+0x21a8b1]
V  [jvm.dll+0x219cf1]
V  [jvm.dll+0x1a58bd]
V  [jvm.dll+0x229a2d]
V  [jvm.dll+0x227bdc]
V  [jvm.dll+0x7ec1f7]
V  [jvm.dll+0x7e65dc]
V  [jvm.dll+0x67e7f7]
C  [ucrtbase.dll+0x29363]
C  [KERNEL32.DLL+0x1257d]
C  [ntdll.dll+0x5aa58]


---------------  P R O C E S S  ---------------

Threads class SMR info:
_java_thread_list=0x0000029fe9be9680, length=43, elements={
0x0000029fcbd31a20, 0x0000029fdfbbd010, 0x0000029fdfbbd9e0, 0x0000029fe4c137d0,
0x0000029fe4c2af50, 0x0000029fe4c2ba20, 0x0000029fe4c2c590, 0x0000029fe4c36220,
0x0000029fe4c3c040, 0x0000029fe4c49170, 0x0000029fe4d19040, 0x0000029fe4d2a0c0,
0x0000029fe5da95d0, 0x0000029fe6073d70, 0x0000029fe64d9c50, 0x0000029fe6566320,
0x0000029fe658e510, 0x0000029fe6a10990, 0x0000029fe6e7eee0, 0x0000029fe6eb7030,
0x0000029fe6e0de10, 0x0000029fe6e0baa0, 0x0000029fe6e0d3f0, 0x0000029fe6e0e320,
0x0000029fe6e0cee0, 0x0000029fe6e0e830, 0x0000029fe6e0ed40, 0x0000029fe6e0b590,
0x0000029fe6e0d900, 0x0000029fe6e0bfb0, 0x0000029fe810d360, 0x0000029fe810a0c0,
0x0000029fe8108c80, 0x0000029fe810e7a0, 0x0000029fe810ecb0, 0x0000029fe8109bb0,
0x0000029fe810dd80, 0x0000029fe810ba10, 0x0000029fe8108260, 0x0000029fe810aff0,
0x0000029fe810c940, 0x0000029fe810ce50, 0x0000029fe8107d50
}

Java Threads: ( => current thread )
  0x0000029fcbd31a20 JavaThread "main" [_thread_blocked, id=15176, stack(0x000000ed4ec00000,0x000000ed4ed00000)]
  0x0000029fdfbbd010 JavaThread "Reference Handler" daemon [_thread_blocked, id=16476, stack(0x000000ed4ef00000,0x000000ed4f000000)]
  0x0000029fdfbbd9e0 JavaThread "Finalizer" daemon [_thread_blocked, id=10928, stack(0x000000ed4f000000,0x000000ed4f100000)]
  0x0000029fe4c137d0 JavaThread "Signal Dispatcher" daemon [_thread_blocked, id=11732, stack(0x000000ed4f100000,0x000000ed4f200000)]
  0x0000029fe4c2af50 JavaThread "Attach Listener" daemon [_thread_blocked, id=10636, stack(0x000000ed4f200000,0x000000ed4f300000)]
  0x0000029fe4c2ba20 JavaThread "Service Thread" daemon [_thread_blocked, id=304, stack(0x000000ed4f300000,0x000000ed4f400000)]
  0x0000029fe4c2c590 JavaThread "Monitor Deflation Thread" daemon [_thread_blocked, id=12188, stack(0x000000ed4f400000,0x000000ed4f500000)]
=>0x0000029fe4c36220 JavaThread "C2 CompilerThread0" daemon [_thread_in_native, id=5572, stack(0x000000ed4f500000,0x000000ed4f600000)]
  0x0000029fe4c3c040 JavaThread "C1 CompilerThread0" daemon [_thread_blocked, id=11608, stack(0x000000ed4f600000,0x000000ed4f700000)]
  0x0000029fe4c49170 JavaThread "Sweeper thread" daemon [_thread_blocked, id=13660, stack(0x000000ed4f700000,0x000000ed4f800000)]
  0x0000029fe4d19040 JavaThread "Common-Cleaner" daemon [_thread_blocked, id=13124, stack(0x000000ed4f800000,0x000000ed4f900000)]
  0x0000029fe4d2a0c0 JavaThread "C2 CompilerThread1" daemon [_thread_in_native, id=10296, stack(0x000000ed4f900000,0x000000ed4fa00000)]
  0x0000029fe5da95d0 JavaThread "Notification Thread" daemon [_thread_blocked, id=13868, stack(0x000000ed4fa00000,0x000000ed4fb00000)]
  0x0000029fe6073d70 JavaThread "C2 CompilerThread2" daemon [_thread_in_native, id=4656, stack(0x000000ed4fc00000,0x000000ed4fd00000)]
  0x0000029fe64d9c50 JavaThread "Active Thread: Equinox Container: f9a71fcd-bec3-4696-ae73-c1c4f6f58cb5" [_thread_blocked, id=14148, stack(0x000000ed50300000,0x000000ed50400000)]
  0x0000029fe6566320 JavaThread "Framework Event Dispatcher: Equinox Container: f9a71fcd-bec3-4696-ae73-c1c4f6f58cb5" daemon [_thread_blocked, id=14836, stack(0x000000ed50400000,0x000000ed50500000)]
  0x0000029fe658e510 JavaThread "Start Level: Equinox Container: f9a71fcd-bec3-4696-ae73-c1c4f6f58cb5" daemon [_thread_blocked, id=15900, stack(0x000000ed50500000,0x000000ed50600000)]
  0x0000029fe6a10990 JavaThread "Bundle File Closer" daemon [_thread_blocked, id=17056, stack(0x000000ed50700000,0x000000ed50800000)]
  0x0000029fe6e7eee0 JavaThread "SCR Component Actor" daemon [_thread_blocked, id=2996, stack(0x000000ed50800000,0x000000ed50900000)]
  0x0000029fe6eb7030 JavaThread "SCR Component Registry" daemon [_thread_blocked, id=1448, stack(0x000000ed50900000,0x000000ed50a00000)]
  0x0000029fe6e0de10 JavaThread "Worker-JM" [_thread_blocked, id=12068, stack(0x000000ed50a00000,0x000000ed50b00000)]
  0x0000029fe6e0baa0 JavaThread "JNA Cleaner" daemon [_thread_blocked, id=15004, stack(0x000000ed50b00000,0x000000ed50c00000)]
  0x0000029fe6e0d3f0 JavaThread "Worker-0: Java indexing... " [_thread_blocked, id=12560, stack(0x000000ed50c00000,0x000000ed50d00000)]
  0x0000029fe6e0e320 JavaThread "Worker-1: Initialize workspace" [_thread_blocked, id=15968, stack(0x000000ed50d00000,0x000000ed50e00000)]
  0x0000029fe6e0cee0 JavaThread "Java indexing" daemon [_thread_in_Java, id=11808, stack(0x000000ed50e00000,0x000000ed50f00000)]
  0x0000029fe6e0e830 JavaThread "Worker-2" [_thread_blocked, id=4276, stack(0x000000ed51100000,0x000000ed51200000)]
  0x0000029fe6e0ed40 JavaThread "Thread-2" daemon [_thread_in_native, id=16980, stack(0x000000ed51200000,0x000000ed51300000)]
  0x0000029fe6e0b590 JavaThread "Thread-3" daemon [_thread_in_native, id=13716, stack(0x000000ed51300000,0x000000ed51400000)]
  0x0000029fe6e0d900 JavaThread "Thread-4" daemon [_thread_in_native, id=5068, stack(0x000000ed51400000,0x000000ed51500000)]
  0x0000029fe6e0bfb0 JavaThread "Thread-5" daemon [_thread_in_native, id=5580, stack(0x000000ed51500000,0x000000ed51600000)]
  0x0000029fe810d360 JavaThread "Thread-6" daemon [_thread_in_native, id=15264, stack(0x000000ed51600000,0x000000ed51700000)]
  0x0000029fe810a0c0 JavaThread "Thread-7" daemon [_thread_in_native, id=15044, stack(0x000000ed51700000,0x000000ed51800000)]
  0x0000029fe8108c80 JavaThread "Thread-8" daemon [_thread_in_native, id=15080, stack(0x000000ed51800000,0x000000ed51900000)]
  0x0000029fe810e7a0 JavaThread "Thread-9" daemon [_thread_in_native, id=15076, stack(0x000000ed51900000,0x000000ed51a00000)]
  0x0000029fe810ecb0 JavaThread "Thread-10" daemon [_thread_in_native, id=13480, stack(0x000000ed51a00000,0x000000ed51b00000)]
  0x0000029fe8109bb0 JavaThread "pool-2-thread-1" [_thread_blocked, id=13588, stack(0x000000ed51b00000,0x000000ed51c00000)]
  0x0000029fe810dd80 JavaThread "WorkspaceEventsHandler" [_thread_blocked, id=12712, stack(0x000000ed51c00000,0x000000ed51d00000)]
  0x0000029fe810ba10 JavaThread "pool-1-thread-1" [_thread_in_native, id=15852, stack(0x000000ed51d00000,0x000000ed51e00000)]
  0x0000029fe8108260 JavaThread "Worker-3" [_thread_blocked, id=14744, stack(0x000000ed51e00000,0x000000ed51f00000)]
  0x0000029fe810aff0 JavaThread "Worker-4: Classpath Update Job" [_thread_in_Java, id=13604, stack(0x000000ed51f00000,0x000000ed52000000)]
  0x0000029fe810c940 JavaThread "Worker-5: Classpath Update Job" [_thread_in_Java, id=15420, stack(0x000000ed52000000,0x000000ed52100000)]
  0x0000029fe810ce50 JavaThread "Worker-6: Processing JDT Change Events" [_thread_blocked, id=14020, stack(0x000000ed52100000,0x000000ed52200000)]
  0x0000029fe8107d50 JavaThread "Worker-7" [_thread_blocked, id=11768, stack(0x000000ed52200000,0x000000ed52300000)]

Other Threads:
  0x0000029fcbdd7aa0 VMThread "VM Thread" [stack: 0x000000ed4ee00000,0x000000ed4ef00000] [id=11600]
  0x0000029fe5da9ab0 WatcherThread [stack: 0x000000ed4fb00000,0x000000ed4fc00000] [id=8984]
  0x0000029fcbd46b90 GCTaskThread "GC Thread#0" [stack: 0x000000ed4ed00000,0x000000ed4ee00000] [id=12764]
  0x0000029fe630b020 GCTaskThread "GC Thread#1" [stack: 0x000000ed4fd00000,0x000000ed4fe00000] [id=15028]
  0x0000029fe6039420 GCTaskThread "GC Thread#2" [stack: 0x000000ed4fe00000,0x000000ed4ff00000] [id=12036]
  0x0000029fe60396e0 GCTaskThread "GC Thread#3" [stack: 0x000000ed4ff00000,0x000000ed50000000] [id=5964]
  0x0000029fe60399a0 GCTaskThread "GC Thread#4" [stack: 0x000000ed50000000,0x000000ed50100000] [id=15072]
  0x0000029fe6039c60 GCTaskThread "GC Thread#5" [stack: 0x000000ed50100000,0x000000ed50200000] [id=15300]
  0x0000029fe630c440 GCTaskThread "GC Thread#6" [stack: 0x000000ed50200000,0x000000ed50300000] [id=16672]
  0x0000029fc9cfc530 GCTaskThread "GC Thread#7" [stack: 0x000000ed50600000,0x000000ed50700000] [id=16392]

Threads with active compile tasks:
C2 CompilerThread0     7043 9761   !   4       org.codehaus.plexus.interpolation.StringSearchInterpolator::interpolate (668 bytes)
C1 CompilerThread0     7043 9960       3       java.util.HashMap::containsKey (14 bytes)
C2 CompilerThread1     7043 9770 %     4       org.eclipse.jdt.internal.core.search.indexing.BinaryIndexer::extractReferenceFromConstantPool @ 155 (358 bytes)
C2 CompilerThread2     7043 9506   !   4       org.eclipse.jdt.internal.compiler.classfmt.ClassFileReader::<init> (2151 bytes)

VM state: not at safepoint (normal execution)

VM Mutex/Monitor currently owned by a thread: None

Heap address: 0x00000000c0000000, size: 1024 MB, Compressed Oops mode: 32-bit

CDS archive(s) not mapped
Compressed class space mapped at: 0x0000000100000000-0x0000000140000000, reserved size: 1073741824
Narrow klass base: 0x0000000000000000, Narrow klass shift: 3, Narrow klass range: 0x140000000

GC Precious Log:
 CPUs: 8 total, 8 available
 Memory: 7969M
 Large Page Support: Disabled
 NUMA Support: Disabled
 Compressed Oops: Enabled (32-bit)
 Alignments: Space 512K, Generation 512K, Heap 2M
 Heap Min Capacity: 100M
 Heap Initial Capacity: 100M
 Heap Max Capacity: 1G
 Pre-touch: Disabled
 Parallel Workers: 8

Heap:
 PSYoungGen      total 16384K, used 11103K [0x00000000eab00000, 0x00000000ebd00000, 0x0000000100000000)
  eden space 14336K, 64% used [0x00000000eab00000,0x00000000eb3fd188,0x00000000eb900000)
  from space 2048K, 92% used [0x00000000ebb00000,0x00000000ebcdab38,0x00000000ebd00000)
  to   space 2048K, 0% used [0x00000000eb900000,0x00000000eb900000,0x00000000ebb00000)
 ParOldGen       total 68608K, used 57687K [0x00000000c0000000, 0x00000000c4300000, 0x00000000eab00000)
  object space 68608K, 84% used [0x00000000c0000000,0x00000000c3855e08,0x00000000c4300000)
 Metaspace       used 61974K, committed 63104K, reserved 1114112K
  class space    used 6595K, committed 7104K, reserved 1048576K

Card table byte_map: [0x0000029fcb6f0000,0x0000029fcb900000] _byte_map_base: 0x0000029fcb0f0000

Marking Bits: (ParMarkBitMap*) 0x00007ffe3a0058b0
 Begin Bits: [0x0000029fdd9c0000, 0x0000029fde9c0000)
 End Bits:   [0x0000029fde9c0000, 0x0000029fdf9c0000)

Polling page: 0x0000029fcb4e0000

Metaspace:

Usage:
  Non-class:     54.08 MB used.
      Class:      6.44 MB used.
       Both:     60.52 MB used.

Virtual space:
  Non-class space:       64.00 MB reserved,      54.69 MB ( 85%) committed,  1 nodes.
      Class space:        1.00 GB reserved,       6.94 MB ( <1%) committed,  1 nodes.
             Both:        1.06 GB reserved,      61.62 MB (  6%) committed. 

Chunk freelists:
   Non-Class:  9.12 MB
       Class:  9.11 MB
        Both:  18.23 MB

MaxMetaspaceSize: unlimited
CompressedClassSpaceSize: 1.00 GB
Initial GC threshold: 21.00 MB
Current GC threshold: 97.31 MB
CDS: off
MetaspaceReclaimPolicy: balanced
 - commit_granule_bytes: 65536.
 - commit_granule_words: 8192.
 - virtual_space_node_default_size: 8388608.
 - enlarge_chunks_in_place: 1.
 - new_chunks_are_fully_committed: 0.
 - uncommit_free_chunks: 1.
 - use_allocation_guard: 0.
 - handle_deallocations: 1.


Internal statistics:

num_allocs_failed_limit: 9.
num_arena_births: 822.
num_arena_deaths: 14.
num_vsnodes_births: 2.
num_vsnodes_deaths: 0.
num_space_committed: 986.
num_space_uncommitted: 0.
num_chunks_returned_to_freelist: 23.
num_chunks_taken_from_freelist: 3381.
num_chunk_merges: 8.
num_chunk_splits: 2052.
num_chunks_enlarged: 1122.
num_inconsistent_stats: 0.

CodeHeap 'non-profiled nmethods': size=120000Kb used=4391Kb max_used=4435Kb free=115608Kb
 bounds [0x0000029fd6490000, 0x0000029fd6900000, 0x0000029fdd9c0000]
CodeHeap 'profiled nmethods': size=120000Kb used=17493Kb max_used=17493Kb free=102506Kb
 bounds [0x0000029fce9c0000, 0x0000029fcfae0000, 0x0000029fd5ef0000]
CodeHeap 'non-nmethods': size=5760Kb used=1338Kb max_used=1399Kb free=4421Kb
 bounds [0x0000029fd5ef0000, 0x0000029fd6160000, 0x0000029fd6490000]
 total_blobs=9105 nmethods=8429 adapters=589
 compilation: enabled
              stopped_count=0, restarted_count=0
 full_count=0

Compilation events (20 events):
Event: 7.023 Thread 0x0000029fe4c3c040 nmethod 9894 0x0000029fcfac8710 code [0x0000029fcfac89a0, 0x0000029fcfac9208]
Event: 7.024 Thread 0x0000029fe4c3c040 9931       3       jdk.internal.misc.VM::isSystemDomainLoader (17 bytes)
Event: 7.025 Thread 0x0000029fe4c3c040 nmethod 9931 0x0000029fcfac9890 code [0x0000029fcfac9ae0, 0x0000029fcfaca5b8]
Event: 7.025 Thread 0x0000029fe4c3c040 9932       1       jdk.internal.reflect.NativeMethodAccessorImpl::setParent (6 bytes)
Event: 7.025 Thread 0x0000029fe4c3c040 nmethod 9932 0x0000029fd67d2210 code [0x0000029fd67d23a0, 0x0000029fd67d2478]
Event: 7.030 Thread 0x0000029fe4c3c040 9934       2       org.eclipse.sisu.plexus.DefaultPlexusBeans$Itr::<init> (26 bytes)
Event: 7.030 Thread 0x0000029fe4c3c040 nmethod 9934 0x0000029fcfaca910 code [0x0000029fcfacaaa0, 0x0000029fcfacac08]
Event: 7.030 Thread 0x0000029fe4c3c040 9937       3       org.apache.maven.RepositoryUtils::newArtifactType (39 bytes)
Event: 7.030 Thread 0x0000029fe4c3c040 nmethod 9937 0x0000029fcfacad10 code [0x0000029fcfacaee0, 0x0000029fcfacb5c8]
Event: 7.030 Thread 0x0000029fe4c3c040 9939       3       org.apache.maven.artifact.handler.manager.DefaultArtifactHandlerManager::getArtifactHandler (62 bytes)
Event: 7.031 Thread 0x0000029fe4c3c040 nmethod 9939 0x0000029fcfacb810 code [0x0000029fcfacba00, 0x0000029fcfacc148]
Event: 7.031 Thread 0x0000029fe4c3c040 9938       3       org.eclipse.aether.artifact.DefaultArtifact::<init> (130 bytes)
Event: 7.031 Thread 0x0000029fe4c3c040 nmethod 9938 0x0000029fcfacc310 code [0x0000029fcfacc540, 0x0000029fcfaccf68]
Event: 7.031 Thread 0x0000029fe4c3c040 9940       3       org.eclipse.aether.graph.Dependency::<init> (13 bytes)
Event: 7.031 Thread 0x0000029fe4c3c040 nmethod 9940 0x0000029fcfacd310 code [0x0000029fcfacd4e0, 0x0000029fcfacd8e8]
Event: 7.031 Thread 0x0000029fe4c3c040 9943       3       org.eclipse.aether.graph.Dependency::<init> (43 bytes)
Event: 7.031 Thread 0x0000029fe4c3c040 nmethod 9943 0x0000029fcfacda90 code [0x0000029fcfacdc60, 0x0000029fcface0e8]
Event: 7.031 Thread 0x0000029fe4c3c040 9942       3       org.apache.maven.RepositoryUtils$MavenArtifactTypeRegistry::get (17 bytes)
Event: 7.031 Thread 0x0000029fe4c3c040 nmethod 9942 0x0000029fcface290 code [0x0000029fcface440, 0x0000029fcface5f8]
Event: 7.031 Thread 0x0000029fe4c3c040 9941       3       org.apache.maven.RepositoryUtils::toDependency (167 bytes)

GC Heap History (20 events):
Event: 6.401 GC heap before
{Heap before GC invocations=40 (full 3):
 PSYoungGen      total 16384K, used 16352K [0x00000000eab00000, 0x00000000ec380000, 0x0000000100000000)
  eden space 14336K, 100% used [0x00000000eab00000,0x00000000eb900000,0x00000000eb900000)
  from space 2048K, 98% used [0x00000000ebd80000,0x00000000ebf78020,0x00000000ebf80000)
  to   space 4608K, 0% used [0x00000000eb900000,0x00000000eb900000,0x00000000ebd80000)
 ParOldGen       total 68608K, used 45575K [0x00000000c0000000, 0x00000000c4300000, 0x00000000eab00000)
  object space 68608K, 66% used [0x00000000c0000000,0x00000000c2c81cc0,0x00000000c4300000)
 Metaspace       used 60456K, committed 61568K, reserved 1114112K
  class space    used 6498K, committed 6976K, reserved 1048576K
}
Event: 6.403 GC heap after
{Heap after GC invocations=40 (full 3):
 PSYoungGen      total 16384K, used 1640K [0x00000000eab00000, 0x00000000ebf00000, 0x0000000100000000)
  eden space 14336K, 0% used [0x00000000eab00000,0x00000000eab00000,0x00000000eb900000)
  from space 2048K, 80% used [0x00000000eb900000,0x00000000eba9a2c8,0x00000000ebb00000)
  to   space 3072K, 0% used [0x00000000ebc00000,0x00000000ebc00000,0x00000000ebf00000)
 ParOldGen       total 68608K, used 47165K [0x00000000c0000000, 0x00000000c4300000, 0x00000000eab00000)
  object space 68608K, 68% used [0x00000000c0000000,0x00000000c2e0f718,0x00000000c4300000)
 Metaspace       used 60456K, committed 61568K, reserved 1114112K
  class space    used 6498K, committed 6976K, reserved 1048576K
}
Event: 6.463 GC heap before
{Heap before GC invocations=41 (full 3):
 PSYoungGen      total 16384K, used 15976K [0x00000000eab00000, 0x00000000ebf00000, 0x0000000100000000)
  eden space 14336K, 100% used [0x00000000eab00000,0x00000000eb900000,0x00000000eb900000)
  from space 2048K, 80% used [0x00000000eb900000,0x00000000eba9a2c8,0x00000000ebb00000)
  to   space 3072K, 0% used [0x00000000ebc00000,0x00000000ebc00000,0x00000000ebf00000)
 ParOldGen       total 68608K, used 47165K [0x00000000c0000000, 0x00000000c4300000, 0x00000000eab00000)
  object space 68608K, 68% used [0x00000000c0000000,0x00000000c2e0f718,0x00000000c4300000)
 Metaspace       used 60678K, committed 61760K, reserved 1114112K
  class space    used 6505K, committed 6976K, reserved 1048576K
}
Event: 6.465 GC heap after
{Heap after GC invocations=41 (full 3):
 PSYoungGen      total 16896K, used 2283K [0x00000000eab00000, 0x00000000ebe80000, 0x0000000100000000)
  eden space 14336K, 0% used [0x00000000eab00000,0x00000000eab00000,0x00000000eb900000)
  from space 2560K, 89% used [0x00000000ebc00000,0x00000000ebe3ac80,0x00000000ebe80000)
  to   space 2560K, 0% used [0x00000000eb980000,0x00000000eb980000,0x00000000ebc00000)
 ParOldGen       total 68608K, used 48623K [0x00000000c0000000, 0x00000000c4300000, 0x00000000eab00000)
  object space 68608K, 70% used [0x00000000c0000000,0x00000000c2f7bc28,0x00000000c4300000)
 Metaspace       used 60678K, committed 61760K, reserved 1114112K
  class space    used 6505K, committed 6976K, reserved 1048576K
}
Event: 6.532 GC heap before
{Heap before GC invocations=42 (full 3):
 PSYoungGen      total 16896K, used 16619K [0x00000000eab00000, 0x00000000ebe80000, 0x0000000100000000)
  eden space 14336K, 100% used [0x00000000eab00000,0x00000000eb900000,0x00000000eb900000)
  from space 2560K, 89% used [0x00000000ebc00000,0x00000000ebe3ac80,0x00000000ebe80000)
  to   space 2560K, 0% used [0x00000000eb980000,0x00000000eb980000,0x00000000ebc00000)
 ParOldGen       total 68608K, used 48623K [0x00000000c0000000, 0x00000000c4300000, 0x00000000eab00000)
  object space 68608K, 70% used [0x00000000c0000000,0x00000000c2f7bc28,0x00000000c4300000)
 Metaspace       used 60880K, committed 62016K, reserved 1114112K
  class space    used 6518K, committed 7040K, reserved 1048576K
}
Event: 6.535 GC heap after
{Heap after GC invocations=42 (full 3):
 PSYoungGen      total 15872K, used 1379K [0x00000000eab00000, 0x00000000ebd00000, 0x0000000100000000)
  eden space 14336K, 0% used [0x00000000eab00000,0x00000000eab00000,0x00000000eb900000)
  from space 1536K, 89% used [0x00000000eb980000,0x00000000ebad8fe0,0x00000000ebb00000)
  to   space 2048K, 0% used [0x00000000ebb00000,0x00000000ebb00000,0x00000000ebd00000)
 ParOldGen       total 68608K, used 50745K [0x00000000c0000000, 0x00000000c4300000, 0x00000000eab00000)
  object space 68608K, 73% used [0x00000000c0000000,0x00000000c318e7f8,0x00000000c4300000)
 Metaspace       used 60880K, committed 62016K, reserved 1114112K
  class space    used 6518K, committed 7040K, reserved 1048576K
}
Event: 6.631 GC heap before
{Heap before GC invocations=43 (full 3):
 PSYoungGen      total 15872K, used 15715K [0x00000000eab00000, 0x00000000ebd00000, 0x0000000100000000)
  eden space 14336K, 100% used [0x00000000eab00000,0x00000000eb900000,0x00000000eb900000)
  from space 1536K, 89% used [0x00000000eb980000,0x00000000ebad8fe0,0x00000000ebb00000)
  to   space 2048K, 0% used [0x00000000ebb00000,0x00000000ebb00000,0x00000000ebd00000)
 ParOldGen       total 68608K, used 50745K [0x00000000c0000000, 0x00000000c4300000, 0x00000000eab00000)
  object space 68608K, 73% used [0x00000000c0000000,0x00000000c318e7f8,0x00000000c4300000)
 Metaspace       used 61038K, committed 62208K, reserved 1114112K
  class space    used 6521K, committed 7040K, reserved 1048576K
}
Event: 6.634 GC heap after
{Heap after GC invocations=43 (full 3):
 PSYoungGen      total 15360K, used 800K [0x00000000eab00000, 0x00000000ebc00000, 0x0000000100000000)
  eden space 14336K, 0% used [0x00000000eab00000,0x00000000eab00000,0x00000000eb900000)
  from space 1024K, 78% used [0x00000000ebb00000,0x00000000ebbc8000,0x00000000ebc00000)
  to   space 1536K, 0% used [0x00000000eb900000,0x00000000eb900000,0x00000000eba80000)
 ParOldGen       total 68608K, used 51871K [0x00000000c0000000, 0x00000000c4300000, 0x00000000eab00000)
  object space 68608K, 75% used [0x00000000c0000000,0x00000000c32a7ca0,0x00000000c4300000)
 Metaspace       used 61038K, committed 62208K, reserved 1114112K
  class space    used 6521K, committed 7040K, reserved 1048576K
}
Event: 6.752 GC heap before
{Heap before GC invocations=44 (full 3):
 PSYoungGen      total 15360K, used 15136K [0x00000000eab00000, 0x00000000ebc00000, 0x0000000100000000)
  eden space 14336K, 100% used [0x00000000eab00000,0x00000000eb900000,0x00000000eb900000)
  from space 1024K, 78% used [0x00000000ebb00000,0x00000000ebbc8000,0x00000000ebc00000)
  to   space 1536K, 0% used [0x00000000eb900000,0x00000000eb900000,0x00000000eba80000)
 ParOldGen       total 68608K, used 51871K [0x00000000c0000000, 0x00000000c4300000, 0x00000000eab00000)
  object space 68608K, 75% used [0x00000000c0000000,0x00000000c32a7ca0,0x00000000c4300000)
 Metaspace       used 61180K, committed 62336K, reserved 1114112K
  class space    used 6531K, committed 7040K, reserved 1048576K
}
Event: 6.755 GC heap after
{Heap after GC invocations=44 (full 3):
 PSYoungGen      total 15872K, used 1504K [0x00000000eab00000, 0x00000000ebf00000, 0x0000000100000000)
  eden space 14336K, 0% used [0x00000000eab00000,0x00000000eab00000,0x00000000eb900000)
  from space 1536K, 97% used [0x00000000eb900000,0x00000000eba78020,0x00000000eba80000)
  to   space 3072K, 0% used [0x00000000ebc00000,0x00000000ebc00000,0x00000000ebf00000)
 ParOldGen       total 68608K, used 52749K [0x00000000c0000000, 0x00000000c4300000, 0x00000000eab00000)
  object space 68608K, 76% used [0x00000000c0000000,0x00000000c33834d0,0x00000000c4300000)
 Metaspace       used 61180K, committed 62336K, reserved 1114112K
  class space    used 6531K, committed 7040K, reserved 1048576K
}
Event: 6.830 GC heap before
{Heap before GC invocations=45 (full 3):
 PSYoungGen      total 15872K, used 15840K [0x00000000eab00000, 0x00000000ebf00000, 0x0000000100000000)
  eden space 14336K, 100% used [0x00000000eab00000,0x00000000eb900000,0x00000000eb900000)
  from space 1536K, 97% used [0x00000000eb900000,0x00000000eba78020,0x00000000eba80000)
  to   space 3072K, 0% used [0x00000000ebc00000,0x00000000ebc00000,0x00000000ebf00000)
 ParOldGen       total 68608K, used 52749K [0x00000000c0000000, 0x00000000c4300000, 0x00000000eab00000)
  object space 68608K, 76% used [0x00000000c0000000,0x00000000c33834d0,0x00000000c4300000)
 Metaspace       used 61247K, committed 62336K, reserved 1114112K
  class space    used 6539K, committed 7040K, reserved 1048576K
}
Event: 6.832 GC heap after
{Heap after GC invocations=45 (full 3):
 PSYoungGen      total 15360K, used 768K [0x00000000eab00000, 0x00000000ebd00000, 0x0000000100000000)
  eden space 14336K, 0% used [0x00000000eab00000,0x00000000eab00000,0x00000000eb900000)
  from space 1024K, 75% used [0x00000000ebc00000,0x00000000ebcc0000,0x00000000ebd00000)
  to   space 1536K, 0% used [0x00000000eba00000,0x00000000eba00000,0x00000000ebb80000)
 ParOldGen       total 68608K, used 54200K [0x00000000c0000000, 0x00000000c4300000, 0x00000000eab00000)
  object space 68608K, 79% used [0x00000000c0000000,0x00000000c34ee170,0x00000000c4300000)
 Metaspace       used 61247K, committed 62336K, reserved 1114112K
  class space    used 6539K, committed 7040K, reserved 1048576K
}
Event: 6.886 GC heap before
{Heap before GC invocations=46 (full 3):
 PSYoungGen      total 15360K, used 15104K [0x00000000eab00000, 0x00000000ebd00000, 0x0000000100000000)
  eden space 14336K, 100% used [0x00000000eab00000,0x00000000eb900000,0x00000000eb900000)
  from space 1024K, 75% used [0x00000000ebc00000,0x00000000ebcc0000,0x00000000ebd00000)
  to   space 1536K, 0% used [0x00000000eba00000,0x00000000eba00000,0x00000000ebb80000)
 ParOldGen       total 68608K, used 54200K [0x00000000c0000000, 0x00000000c4300000, 0x00000000eab00000)
  object space 68608K, 79% used [0x00000000c0000000,0x00000000c34ee170,0x00000000c4300000)
 Metaspace       used 61390K, committed 62528K, reserved 1114112K
  class space    used 6548K, committed 7040K, reserved 1048576K
}
Event: 6.887 GC heap after
{Heap after GC invocations=46 (full 3):
 PSYoungGen      total 15872K, used 1296K [0x00000000eab00000, 0x00000000ebc80000, 0x0000000100000000)
  eden space 14336K, 0% used [0x00000000eab00000,0x00000000eab00000,0x00000000eb900000)
  from space 1536K, 84% used [0x00000000eba00000,0x00000000ebb44020,0x00000000ebb80000)
  to   space 1024K, 0% used [0x00000000ebb80000,0x00000000ebb80000,0x00000000ebc80000)
 ParOldGen       total 68608K, used 54820K [0x00000000c0000000, 0x00000000c4300000, 0x00000000eab00000)
  object space 68608K, 79% used [0x00000000c0000000,0x00000000c3589250,0x00000000c4300000)
 Metaspace       used 61390K, committed 62528K, reserved 1114112K
  class space    used 6548K, committed 7040K, reserved 1048576K
}
Event: 6.929 GC heap before
{Heap before GC invocations=47 (full 3):
 PSYoungGen      total 15872K, used 15632K [0x00000000eab00000, 0x00000000ebc80000, 0x0000000100000000)
  eden space 14336K, 100% used [0x00000000eab00000,0x00000000eb900000,0x00000000eb900000)
  from space 1536K, 84% used [0x00000000eba00000,0x00000000ebb44020,0x00000000ebb80000)
  to   space 1024K, 0% used [0x00000000ebb80000,0x00000000ebb80000,0x00000000ebc80000)
 ParOldGen       total 68608K, used 54820K [0x00000000c0000000, 0x00000000c4300000, 0x00000000eab00000)
  object space 68608K, 79% used [0x00000000c0000000,0x00000000c3589250,0x00000000c4300000)
 Metaspace       used 61501K, committed 62592K, reserved 1114112K
  class space    used 6553K, committed 7040K, reserved 1048576K
}
Event: 6.931 GC heap after
{Heap after GC invocations=47 (full 3):
 PSYoungGen      total 15360K, used 1008K [0x00000000eab00000, 0x00000000ebe00000, 0x0000000100000000)
  eden space 14336K, 0% used [0x00000000eab00000,0x00000000eab00000,0x00000000eb900000)
  from space 1024K, 98% used [0x00000000ebb80000,0x00000000ebc7c020,0x00000000ebc80000)
  to   space 2560K, 0% used [0x00000000eb900000,0x00000000eb900000,0x00000000ebb80000)
 ParOldGen       total 68608K, used 56015K [0x00000000c0000000, 0x00000000c4300000, 0x00000000eab00000)
  object space 68608K, 81% used [0x00000000c0000000,0x00000000c36b3e98,0x00000000c4300000)
 Metaspace       used 61501K, committed 62592K, reserved 1114112K
  class space    used 6553K, committed 7040K, reserved 1048576K
}
Event: 6.973 GC heap before
{Heap before GC invocations=48 (full 3):
 PSYoungGen      total 15360K, used 15344K [0x00000000eab00000, 0x00000000ebe00000, 0x0000000100000000)
  eden space 14336K, 100% used [0x00000000eab00000,0x00000000eb900000,0x00000000eb900000)
  from space 1024K, 98% used [0x00000000ebb80000,0x00000000ebc7c020,0x00000000ebc80000)
  to   space 2560K, 0% used [0x00000000eb900000,0x00000000eb900000,0x00000000ebb80000)
 ParOldGen       total 68608K, used 56015K [0x00000000c0000000, 0x00000000c4300000, 0x00000000eab00000)
  object space 68608K, 81% used [0x00000000c0000000,0x00000000c36b3e98,0x00000000c4300000)
 Metaspace       used 61617K, committed 62720K, reserved 1114112K
  class space    used 6562K, committed 7040K, reserved 1048576K
}
Event: 6.975 GC heap after
{Heap after GC invocations=48 (full 3):
 PSYoungGen      total 15872K, used 1184K [0x00000000eab00000, 0x00000000ebd00000, 0x0000000100000000)
  eden space 14336K, 0% used [0x00000000eab00000,0x00000000eab00000,0x00000000eb900000)
  from space 1536K, 77% used [0x00000000eb900000,0x00000000eba28000,0x00000000eba80000)
  to   space 2048K, 0% used [0x00000000ebb00000,0x00000000ebb00000,0x00000000ebd00000)
 ParOldGen       total 68608K, used 56857K [0x00000000c0000000, 0x00000000c4300000, 0x00000000eab00000)
  object space 68608K, 82% used [0x00000000c0000000,0x00000000c37866e0,0x00000000c4300000)
 Metaspace       used 61617K, committed 62720K, reserved 1114112K
  class space    used 6562K, committed 7040K, reserved 1048576K
}
Event: 7.026 GC heap before
{Heap before GC invocations=49 (full 3):
 PSYoungGen      total 15872K, used 15520K [0x00000000eab00000, 0x00000000ebd00000, 0x0000000100000000)
  eden space 14336K, 100% used [0x00000000eab00000,0x00000000eb900000,0x00000000eb900000)
  from space 1536K, 77% used [0x00000000eb900000,0x00000000eba28000,0x00000000eba80000)
  to   space 2048K, 0% used [0x00000000ebb00000,0x00000000ebb00000,0x00000000ebd00000)
 ParOldGen       total 68608K, used 56857K [0x00000000c0000000, 0x00000000c4300000, 0x00000000eab00000)
  object space 68608K, 82% used [0x00000000c0000000,0x00000000c37866e0,0x00000000c4300000)
 Metaspace       used 61878K, committed 62976K, reserved 1114112K
  class space    used 6581K, committed 7040K, reserved 1048576K
}
Event: 7.028 GC heap after
{Heap after GC invocations=49 (full 3):
 PSYoungGen      total 16384K, used 1898K [0x00000000eab00000, 0x00000000ebd00000, 0x0000000100000000)
  eden space 14336K, 0% used [0x00000000eab00000,0x00000000eab00000,0x00000000eb900000)
  from space 2048K, 92% used [0x00000000ebb00000,0x00000000ebcdab38,0x00000000ebd00000)
  to   space 2048K, 0% used [0x00000000eb900000,0x00000000eb900000,0x00000000ebb00000)
 ParOldGen       total 68608K, used 57687K [0x00000000c0000000, 0x00000000c4300000, 0x00000000eab00000)
  object space 68608K, 84% used [0x00000000c0000000,0x00000000c3855e08,0x00000000c4300000)
 Metaspace       used 61878K, committed 62976K, reserved 1114112K
  class space    used 6581K, committed 7040K, reserved 1048576K
}

Dll operation events (10 events):
Event: 0.007 Loaded shared library c:\Users\Admin\.vscode\extensions\redhat.java-1.35.1-win32-x64\jre\17.0.12-win32-x86_64\bin\java.dll
Event: 0.118 Loaded shared library c:\Users\Admin\.vscode\extensions\redhat.java-1.35.1-win32-x64\jre\17.0.12-win32-x86_64\bin\zip.dll
Event: 0.120 Loaded shared library C:\Users\Admin\.vscode\extensions\redhat.java-1.35.1-win32-x64\jre\17.0.12-win32-x86_64\bin\instrument.dll
Event: 0.128 Loaded shared library C:\Users\Admin\.vscode\extensions\redhat.java-1.35.1-win32-x64\jre\17.0.12-win32-x86_64\bin\net.dll
Event: 0.129 Loaded shared library C:\Users\Admin\.vscode\extensions\redhat.java-1.35.1-win32-x64\jre\17.0.12-win32-x86_64\bin\nio.dll
Event: 0.134 Loaded shared library C:\Users\Admin\.vscode\extensions\redhat.java-1.35.1-win32-x64\jre\17.0.12-win32-x86_64\bin\zip.dll
Event: 0.150 Loaded shared library C:\Users\Admin\.vscode\extensions\redhat.java-1.35.1-win32-x64\jre\17.0.12-win32-x86_64\bin\jimage.dll
Event: 0.182 Loaded shared library c:\Users\Admin\.vscode\extensions\redhat.java-1.35.1-win32-x64\jre\17.0.12-win32-x86_64\bin\verify.dll
Event: 0.870 Loaded shared library C:\Users\Admin\AppData\Roaming\Code\User\globalStorage\redhat.java\1.35.1\config_win\org.eclipse.equinox.launcher\org.eclipse.equinox.launcher.win32.win32.x86_64_1.2.1100.v20240722-2106\eclipse_11904.dll
Event: 1.805 Loaded shared library C:\Users\Admin\AppData\Local\Temp\jna-63116079\jna14388304344177868232.dll

Deoptimization events (20 events):
Event: 6.701 Thread 0x0000029fe6e0cee0 DEOPT PACKING pc=0x0000029fcf7a59b5 sp=0x000000ed50efe770
Event: 6.701 Thread 0x0000029fe6e0cee0 DEOPT UNPACKING pc=0x0000029fd5f46e43 sp=0x000000ed50efdd00 mode 0
Event: 6.748 Thread 0x0000029fe810aff0 DEOPT PACKING pc=0x0000029fcf2cede4 sp=0x000000ed51ffc5e0
Event: 6.748 Thread 0x0000029fe810aff0 DEOPT UNPACKING pc=0x0000029fd5f46e43 sp=0x000000ed51ffbb38 mode 0
Event: 6.782 Thread 0x0000029fe6e0cee0 DEOPT PACKING pc=0x0000029fcf878239 sp=0x000000ed50efe680
Event: 6.782 Thread 0x0000029fe6e0cee0 DEOPT UNPACKING pc=0x0000029fd5f46e43 sp=0x000000ed50efda78 mode 0
Event: 6.863 Thread 0x0000029fe810c940 DEOPT PACKING pc=0x0000029fcf61ef0c sp=0x000000ed520fc6e0
Event: 6.863 Thread 0x0000029fe810c940 DEOPT UNPACKING pc=0x0000029fd5f46e43 sp=0x000000ed520fbc60 mode 0
Event: 6.923 Thread 0x0000029fe6e0cee0 DEOPT PACKING pc=0x0000029fceed4d47 sp=0x000000ed50efe840
Event: 6.923 Thread 0x0000029fe6e0cee0 DEOPT UNPACKING pc=0x0000029fd5f46e43 sp=0x000000ed50efdcd8 mode 0
Event: 6.943 Thread 0x0000029fe6e0cee0 DEOPT PACKING pc=0x0000029fcf7a59b5 sp=0x000000ed50efe770
Event: 6.943 Thread 0x0000029fe6e0cee0 DEOPT UNPACKING pc=0x0000029fd5f46e43 sp=0x000000ed50efdd00 mode 0
Event: 6.944 Thread 0x0000029fe6e0cee0 DEOPT PACKING pc=0x0000029fceed4d47 sp=0x000000ed50efe840
Event: 6.944 Thread 0x0000029fe6e0cee0 DEOPT UNPACKING pc=0x0000029fd5f46e43 sp=0x000000ed50efdcd8 mode 0
Event: 6.946 Thread 0x0000029fe810aff0 DEOPT PACKING pc=0x0000029fcf2b9fa1 sp=0x000000ed51ffc040
Event: 6.946 Thread 0x0000029fe810aff0 DEOPT UNPACKING pc=0x0000029fd5f46e43 sp=0x000000ed51ffb4e8 mode 0
Event: 6.947 Thread 0x0000029fe6e0cee0 DEOPT PACKING pc=0x0000029fcf93f3ad sp=0x000000ed50efe800
Event: 6.947 Thread 0x0000029fe6e0cee0 DEOPT UNPACKING pc=0x0000029fd5f46e43 sp=0x000000ed50efdc08 mode 0
Event: 7.013 Thread 0x0000029fe6e0cee0 DEOPT PACKING pc=0x0000029fceed4d47 sp=0x000000ed50efe840
Event: 7.013 Thread 0x0000029fe6e0cee0 DEOPT UNPACKING pc=0x0000029fd5f46e43 sp=0x000000ed50efdcd8 mode 0

Classes loaded (20 events):
Event: 5.746 Loading class java/lang/invoke/BoundMethodHandle$Species_LLLLLLLLLL
Event: 5.747 Loading class java/lang/invoke/BoundMethodHandle$Species_LLLLLLLLLL done
Event: 5.747 Loading class java/lang/invoke/BoundMethodHandle$Species_LLLLLLLLLLL
Event: 5.747 Loading class java/lang/invoke/BoundMethodHandle$Species_LLLLLLLLLLL done
Event: 5.748 Loading class java/lang/invoke/BoundMethodHandle$Species_LLLLLLLLLLLL
Event: 5.748 Loading class java/lang/invoke/BoundMethodHandle$Species_LLLLLLLLLLLL done
Event: 5.749 Loading class java/lang/invoke/BoundMethodHandle$Species_LLLLLLLLLLLLL
Event: 5.749 Loading class java/lang/invoke/BoundMethodHandle$Species_LLLLLLLLLLLLL done
Event: 5.764 Loading class java/lang/invoke/MethodHandleImpl$CountingWrapper$1
Event: 5.764 Loading class java/lang/invoke/MethodHandleImpl$CountingWrapper$1 done
Event: 5.897 Loading class java/util/WeakHashMap$KeyIterator
Event: 5.897 Loading class java/util/WeakHashMap$KeyIterator done
Event: 5.923 Loading class java/util/Hashtable$KeySet
Event: 5.923 Loading class java/util/Hashtable$KeySet done
Event: 5.938 Loading class java/lang/Throwable$WrappedPrintWriter
Event: 5.938 Loading class java/lang/Throwable$PrintStreamOrWriter
Event: 5.939 Loading class java/lang/Throwable$PrintStreamOrWriter done
Event: 5.939 Loading class java/lang/Throwable$WrappedPrintWriter done
Event: 6.383 Loading class java/util/Vector$1
Event: 6.383 Loading class java/util/Vector$1 done

Classes unloaded (7 events):
Event: 2.812 Thread 0x0000029fcbdd7aa0 Unloading class 0x0000000100250400 'java/lang/invoke/LambdaForm$MH+0x0000000100250400'
Event: 2.812 Thread 0x0000029fcbdd7aa0 Unloading class 0x0000000100250000 'java/lang/invoke/LambdaForm$MH+0x0000000100250000'
Event: 2.812 Thread 0x0000029fcbdd7aa0 Unloading class 0x000000010024fc00 'java/lang/invoke/LambdaForm$MH+0x000000010024fc00'
Event: 2.812 Thread 0x0000029fcbdd7aa0 Unloading class 0x000000010024f800 'java/lang/invoke/LambdaForm$MH+0x000000010024f800'
Event: 2.812 Thread 0x0000029fcbdd7aa0 Unloading class 0x000000010024f400 'java/lang/invoke/LambdaForm$BMH+0x000000010024f400'
Event: 2.812 Thread 0x0000029fcbdd7aa0 Unloading class 0x000000010024f000 'java/lang/invoke/LambdaForm$DMH+0x000000010024f000'
Event: 2.812 Thread 0x0000029fcbdd7aa0 Unloading class 0x000000010024c400 'java/lang/invoke/LambdaForm$DMH+0x000000010024c400'

Classes redefined (0 events):
No events

Internal exceptions (20 events):
Event: 5.910 Thread 0x0000029fe810ba10 Exception <a 'sun/nio/fs/WindowsException'{0x00000000eb487fd8}> (0x00000000eb487fd8) 
thrown [s\src\hotspot\share\prims\jni.cpp, line 516]
Event: 5.910 Thread 0x0000029fe6e0e830 Exception <a 'sun/nio/fs/WindowsException'{0x00000000eb3b7d70}> (0x00000000eb3b7d70) 
thrown [s\src\hotspot\share\prims\jni.cpp, line 516]
Event: 5.910 Thread 0x0000029fe6e0e830 Exception <a 'sun/nio/fs/WindowsException'{0x00000000eb3b8730}> (0x00000000eb3b8730) 
thrown [s\src\hotspot\share\prims\jni.cpp, line 516]
Event: 5.910 Thread 0x0000029fe6e0e830 Exception <a 'sun/nio/fs/WindowsException'{0x00000000eb3b9e78}> (0x00000000eb3b9e78) 
thrown [s\src\hotspot\share\prims\jni.cpp, line 516]
Event: 5.910 Thread 0x0000029fe6e0e830 Exception <a 'sun/nio/fs/WindowsException'{0x00000000eb3ba838}> (0x00000000eb3ba838) 
thrown [s\src\hotspot\share\prims\jni.cpp, line 516]
Event: 5.942 Thread 0x0000029fe810aff0 Exception <a 'sun/nio/fs/WindowsException'{0x00000000eac899c8}> (0x00000000eac899c8) 
thrown [s\src\hotspot\share\prims\jni.cpp, line 516]
Event: 5.942 Thread 0x0000029fe810aff0 Exception <a 'sun/nio/fs/WindowsException'{0x00000000eac8a100}> (0x00000000eac8a100) 
thrown [s\src\hotspot\share\prims\jni.cpp, line 516]
Event: 5.943 Thread 0x0000029fe810aff0 Exception <a 'sun/nio/fs/WindowsException'{0x00000000eac8b110}> (0x00000000eac8b110) 
thrown [s\src\hotspot\share\prims\jni.cpp, line 516]
Event: 5.943 Thread 0x0000029fe810aff0 Exception <a 'sun/nio/fs/WindowsException'{0x00000000eac8b828}> (0x00000000eac8b828) 
thrown [s\src\hotspot\share\prims\jni.cpp, line 516]
Event: 5.944 Thread 0x0000029fe810c940 Exception <a 'sun/nio/fs/WindowsException'{0x00000000eace66d0}> (0x00000000eace66d0) 
thrown [s\src\hotspot\share\prims\jni.cpp, line 516]
Event: 5.944 Thread 0x0000029fe810c940 Exception <a 'sun/nio/fs/WindowsException'{0x00000000eace6e08}> (0x00000000eace6e08) 
thrown [s\src\hotspot\share\prims\jni.cpp, line 516]
Event: 5.944 Thread 0x0000029fe810c940 Exception <a 'sun/nio/fs/WindowsException'{0x00000000eace7b50}> (0x00000000eace7b50) 
thrown [s\src\hotspot\share\prims\jni.cpp, line 516]
Event: 5.944 Thread 0x0000029fe810c940 Exception <a 'sun/nio/fs/WindowsException'{0x00000000ead06718}> (0x00000000ead06718) 
thrown [s\src\hotspot\share\prims\jni.cpp, line 516]
Event: 5.957 Thread 0x0000029fe810aff0 Exception <a 'java/io/FileNotFoundException'{0x00000000eb15f658}> (0x00000000eb15f658) 
thrown [s\src\hotspot\share\prims\jni.cpp, line 516]
Event: 5.958 Thread 0x0000029fe810c940 Exception <a 'java/io/FileNotFoundException'{0x00000000eb086020}> (0x00000000eb086020) 
thrown [s\src\hotspot\share\prims\jni.cpp, line 516]
Event: 5.961 Thread 0x0000029fe810c940 Exception <a 'sun/nio/fs/WindowsException'{0x00000000eb2710c8}> (0x00000000eb2710c8) 
thrown [s\src\hotspot\share\prims\jni.cpp, line 516]
Event: 5.961 Thread 0x0000029fe810aff0 Exception <a 'sun/nio/fs/WindowsException'{0x00000000eb275450}> (0x00000000eb275450) 
thrown [s\src\hotspot\share\prims\jni.cpp, line 516]
Event: 5.961 Thread 0x0000029fe810c940 Exception <a 'sun/nio/fs/WindowsException'{0x00000000eb2717e0}> (0x00000000eb2717e0) 
thrown [s\src\hotspot\share\prims\jni.cpp, line 516]
Event: 5.961 Thread 0x0000029fe810aff0 Exception <a 'sun/nio/fs/WindowsException'{0x00000000eb275b68}> (0x00000000eb275b68) 
thrown [s\src\hotspot\share\prims\jni.cpp, line 516]
Event: 6.012 Thread 0x0000029fe6e0cee0 Implicit null exception at 0x0000029fd689ff2c to 0x0000029fd68a001c

VM Operations (20 events):
Event: 6.401 Executing VM operation: ParallelGCFailedAllocation
Event: 6.405 Executing VM operation: ParallelGCFailedAllocation done
Event: 6.462 Executing VM operation: ParallelGCFailedAllocation
Event: 6.465 Executing VM operation: ParallelGCFailedAllocation done
Event: 6.530 Executing VM operation: ParallelGCFailedAllocation
Event: 6.545 Executing VM operation: ParallelGCFailedAllocation done
Event: 6.629 Executing VM operation: ParallelGCFailedAllocation
Event: 6.699 Executing VM operation: ParallelGCFailedAllocation done
Event: 6.749 Executing VM operation: ParallelGCFailedAllocation
Event: 6.778 Executing VM operation: ParallelGCFailedAllocation done
Event: 6.827 Executing VM operation: ParallelGCFailedAllocation
Event: 6.844 Executing VM operation: ParallelGCFailedAllocation done
Event: 6.884 Executing VM operation: ParallelGCFailedAllocation
Event: 6.893 Executing VM operation: ParallelGCFailedAllocation done
Event: 6.928 Executing VM operation: ParallelGCFailedAllocation
Event: 6.935 Executing VM operation: ParallelGCFailedAllocation done
Event: 6.973 Executing VM operation: ParallelGCFailedAllocation
Event: 6.977 Executing VM operation: ParallelGCFailedAllocation done
Event: 7.026 Executing VM operation: ParallelGCFailedAllocation
Event: 7.029 Executing VM operation: ParallelGCFailedAllocation done

Events (20 events):
Event: 6.171 Thread 0x0000029fe4c49170 flushing nmethod 0x0000029fcf841490
Event: 6.171 Thread 0x0000029fe4c49170 flushing nmethod 0x0000029fcf841b90
Event: 6.171 Thread 0x0000029fe4c49170 flushing nmethod 0x0000029fcf845f90
Event: 6.171 Thread 0x0000029fe4c49170 flushing nmethod 0x0000029fcf846710
Event: 6.171 Thread 0x0000029fe4c49170 flushing nmethod 0x0000029fcf847e90
Event: 6.171 Thread 0x0000029fe4c49170 flushing nmethod 0x0000029fcf849610
Event: 6.171 Thread 0x0000029fe4c49170 flushing nmethod 0x0000029fcf854210
Event: 6.171 Thread 0x0000029fe4c49170 flushing nmethod 0x0000029fcf85b010
Event: 6.171 Thread 0x0000029fe4c49170 flushing nmethod 0x0000029fcf861b10
Event: 6.171 Thread 0x0000029fe4c49170 flushing nmethod 0x0000029fcf865910
Event: 6.171 Thread 0x0000029fe4c49170 flushing nmethod 0x0000029fcf8f6510
Event: 6.171 Thread 0x0000029fe4c49170 flushing nmethod 0x0000029fcf8ff590
Event: 6.171 Thread 0x0000029fe4c49170 flushing nmethod 0x0000029fcf920e10
Event: 6.171 Thread 0x0000029fe4c49170 flushing nmethod 0x0000029fcf921f10
Event: 6.172 Thread 0x0000029fe4c49170 flushing nmethod 0x0000029fcf92e210
Event: 6.172 Thread 0x0000029fe4c49170 flushing nmethod 0x0000029fcf933390
Event: 6.172 Thread 0x0000029fe4c49170 flushing nmethod 0x0000029fcf938190
Event: 6.172 Thread 0x0000029fe4c49170 flushing nmethod 0x0000029fcf938b10
Event: 6.172 Thread 0x0000029fe4c49170 flushing nmethod 0x0000029fcf956010
Event: 6.172 Thread 0x0000029fe4c49170 flushing nmethod 0x0000029fcf956a10


Dynamic libraries:
0x00007ff713500000 - 0x00007ff71350e000 	c:\Users\Admin\.vscode\extensions\redhat.java-1.35.1-win32-x64\jre\17.0.12-win32-x86_64\bin\java.exe
0x00007ffed2710000 - 0x00007ffed2927000 	C:\Windows\SYSTEM32\ntdll.dll
0x00007ffed1dc0000 - 0x00007ffed1e84000 	C:\Windows\System32\KERNEL32.DLL
0x00007ffecfe00000 - 0x00007ffed01a6000 	C:\Windows\System32\KERNELBASE.dll
0x00007ffecfbc0000 - 0x00007ffecfcd1000 	C:\Windows\System32\ucrtbase.dll
0x00007ffec5ac0000 - 0x00007ffec5ad7000 	c:\Users\Admin\.vscode\extensions\redhat.java-1.35.1-win32-x64\jre\17.0.12-win32-x86_64\bin\jli.dll
0x00007ffec5ae0000 - 0x00007ffec5afb000 	c:\Users\Admin\.vscode\extensions\redhat.java-1.35.1-win32-x64\jre\17.0.12-win32-x86_64\bin\VCRUNTIME140.dll
0x00007ffed2210000 - 0x00007ffed23be000 	C:\Windows\System32\USER32.dll
0x00007ffec09e0000 - 0x00007ffec0c73000 	C:\Windows\WinSxS\amd64_microsoft.windows.common-controls_6595b64144ccf1df_6.0.22621.2506_none_270c5ae97388e100\COMCTL32.dll
0x00007ffed0430000 - 0x00007ffed0456000 	C:\Windows\System32\win32u.dll
0x00007ffed1e90000 - 0x00007ffed1eb9000 	C:\Windows\System32\GDI32.dll
0x00007ffed0580000 - 0x00007ffed0627000 	C:\Windows\System32\msvcrt.dll
0x00007ffed0270000 - 0x00007ffed0388000 	C:\Windows\System32\gdi32full.dll
0x00007ffecfce0000 - 0x00007ffecfd7a000 	C:\Windows\System32\msvcp_win.dll
0x00007ffed2560000 - 0x00007ffed2591000 	C:\Windows\System32\IMM32.DLL
0x00007ffec9930000 - 0x00007ffec993c000 	c:\Users\Admin\.vscode\extensions\redhat.java-1.35.1-win32-x64\jre\17.0.12-win32-x86_64\bin\vcruntime140_1.dll
0x00007ffe7eac0000 - 0x00007ffe7eb4d000 	c:\Users\Admin\.vscode\extensions\redhat.java-1.35.1-win32-x64\jre\17.0.12-win32-x86_64\bin\msvcp140.dll
0x00007ffe39460000 - 0x00007ffe3a0ca000 	c:\Users\Admin\.vscode\extensions\redhat.java-1.35.1-win32-x64\jre\17.0.12-win32-x86_64\bin\server\jvm.dll
0x00007ffed04c0000 - 0x00007ffed0573000 	C:\Windows\System32\ADVAPI32.dll
0x00007ffed1090000 - 0x00007ffed1138000 	C:\Windows\System32\sechost.dll
0x00007ffed0390000 - 0x00007ffed03b8000 	C:\Windows\System32\bcrypt.dll
0x00007ffed25b0000 - 0x00007ffed26c7000 	C:\Windows\System32\RPCRT4.dll
0x00007ffed1ec0000 - 0x00007ffed1f31000 	C:\Windows\System32\WS2_32.dll
0x00007ffece8a0000 - 0x00007ffece8ed000 	C:\Windows\SYSTEM32\POWRPROF.dll
0x00007ffec1a50000 - 0x00007ffec1a84000 	C:\Windows\SYSTEM32\WINMM.dll
0x00007ffec2b50000 - 0x00007ffec2b5a000 	C:\Windows\SYSTEM32\VERSION.dll
0x00007ffece880000 - 0x00007ffece893000 	C:\Windows\SYSTEM32\UMPDC.dll
0x00007ffeceb40000 - 0x00007ffeceb58000 	C:\Windows\SYSTEM32\kernel.appcore.dll
0x00007ffec5ab0000 - 0x00007ffec5aba000 	c:\Users\Admin\.vscode\extensions\redhat.java-1.35.1-win32-x64\jre\17.0.12-win32-x86_64\bin\jimage.dll
0x00007ffecca90000 - 0x00007ffecccc3000 	C:\Windows\SYSTEM32\DBGHELP.DLL
0x00007ffed1910000 - 0x00007ffed1c99000 	C:\Windows\System32\combase.dll
0x00007ffed11f0000 - 0x00007ffed12c7000 	C:\Windows\System32\OLEAUT32.dll
0x00007ffebf3d0000 - 0x00007ffebf402000 	C:\Windows\SYSTEM32\dbgcore.DLL
0x00007ffecfd80000 - 0x00007ffecfdfa000 	C:\Windows\System32\bcryptPrimitives.dll
0x00007ffec57e0000 - 0x00007ffec57ee000 	c:\Users\Admin\.vscode\extensions\redhat.java-1.35.1-win32-x64\jre\17.0.12-win32-x86_64\bin\instrument.dll
0x00007ffebad10000 - 0x00007ffebad35000 	c:\Users\Admin\.vscode\extensions\redhat.java-1.35.1-win32-x64\jre\17.0.12-win32-x86_64\bin\java.dll
0x00007ffec57c0000 - 0x00007ffec57d8000 	c:\Users\Admin\.vscode\extensions\redhat.java-1.35.1-win32-x64\jre\17.0.12-win32-x86_64\bin\zip.dll
0x00007ffed0830000 - 0x00007ffed108b000 	C:\Windows\System32\SHELL32.dll
0x00007ffecd960000 - 0x00007ffece256000 	C:\Windows\SYSTEM32\windows.storage.dll
0x00007ffecd820000 - 0x00007ffecd95e000 	C:\Windows\SYSTEM32\wintypes.dll
0x00007ffed2110000 - 0x00007ffed2203000 	C:\Windows\System32\SHCORE.dll
0x00007ffed0460000 - 0x00007ffed04be000 	C:\Windows\System32\shlwapi.dll
0x00007ffecf980000 - 0x00007ffecf9a6000 	C:\Windows\SYSTEM32\profapi.dll
0x00007ffebade0000 - 0x00007ffebadf9000 	C:\Users\Admin\.vscode\extensions\redhat.java-1.35.1-win32-x64\jre\17.0.12-win32-x86_64\bin\net.dll
0x00007ffec9400000 - 0x00007ffec9537000 	C:\Windows\SYSTEM32\WINHTTP.dll
0x00007ffecefb0000 - 0x00007ffecf019000 	C:\Windows\system32\mswsock.dll
0x00007ffeb8d70000 - 0x00007ffeb8d86000 	C:\Users\Admin\.vscode\extensions\redhat.java-1.35.1-win32-x64\jre\17.0.12-win32-x86_64\bin\nio.dll
0x00007ffec35e0000 - 0x00007ffec35f0000 	c:\Users\Admin\.vscode\extensions\redhat.java-1.35.1-win32-x64\jre\17.0.12-win32-x86_64\bin\verify.dll
0x00007ffe79930000 - 0x00007ffe79975000 	C:\Users\Admin\AppData\Roaming\Code\User\globalStorage\redhat.java\1.35.1\config_win\org.eclipse.equinox.launcher\org.eclipse.equinox.launcher.win32.win32.x86_64_1.2.1100.v20240722-2106\eclipse_11904.dll
0x00007ffed23c0000 - 0x00007ffed2560000 	C:\Windows\System32\ole32.dll
0x00007ffecf300000 - 0x00007ffecf31b000 	C:\Windows\SYSTEM32\CRYPTSP.dll
0x00007ffeceaa0000 - 0x00007ffecead5000 	C:\Windows\system32\rsaenh.dll
0x00007ffecf050000 - 0x00007ffecf07c000 	C:\Windows\SYSTEM32\USERENV.dll
0x00007ffecf2e0000 - 0x00007ffecf2ec000 	C:\Windows\SYSTEM32\CRYPTBASE.dll
0x00007ffece550000 - 0x00007ffece57d000 	C:\Windows\SYSTEM32\IPHLPAPI.DLL
0x00007ffed1db0000 - 0x00007ffed1db9000 	C:\Windows\System32\NSI.dll
0x00007ffec91d0000 - 0x00007ffec91e9000 	C:\Windows\SYSTEM32\dhcpcsvc6.DLL
0x00007ffec9190000 - 0x00007ffec91af000 	C:\Windows\SYSTEM32\dhcpcsvc.DLL
0x00007ffece580000 - 0x00007ffece679000 	C:\Windows\SYSTEM32\DNSAPI.dll
0x00007ffe70350000 - 0x00007ffe70399000 	C:\Users\Admin\AppData\Local\Temp\jna-63116079\jna14388304344177868232.dll
0x00007ffed2040000 - 0x00007ffed2048000 	C:\Windows\System32\PSAPI.DLL

dbghelp: loaded successfully - version: 4.0.5 - missing functions: none
symbol engine: initialized successfully - sym options: 0x614 - pdb path: .;c:\Users\Admin\.vscode\extensions\redhat.java-1.35.1-win32-x64\jre\17.0.12-win32-x86_64\bin;C:\Windows\SYSTEM32;C:\Windows\WinSxS\amd64_microsoft.windows.common-controls_6595b64144ccf1df_6.0.22621.2506_none_270c5ae97388e100;c:\Users\Admin\.vscode\extensions\redhat.java-1.35.1-win32-x64\jre\17.0.12-win32-x86_64\bin\server;C:\Users\Admin\AppData\Roaming\Code\User\globalStorage\redhat.java\1.35.1\config_win\org.eclipse.equinox.launcher\org.eclipse.equinox.launcher.win32.win32.x86_64_1.2.1100.v20240722-2106;C:\Users\Admin\AppData\Local\Temp\jna-63116079

VM Arguments:
jvm_args: --add-modules=ALL-SYSTEM --add-opens=java.base/java.util=ALL-UNNAMED --add-opens=java.base/java.lang=ALL-UNNAMED --add-opens=java.base/sun.nio.fs=ALL-UNNAMED -Declipse.application=org.eclipse.jdt.ls.core.id1 -Dosgi.bundles.defaultStartLevel=4 -Declipse.product=org.eclipse.jdt.ls.core.product -Djava.import.generatesMetadataFilesAtProjectRoot=false -DDetectVMInstallationsJob.disabled=true -Dfile.encoding=utf8 -XX:+UseParallelGC -XX:GCTimeRatio=4 -XX:AdaptiveSizePolicyWeight=90 -Dsun.zip.disableMemoryMapping=true -Xmx1G -Xms100m -Xlog:disable -javaagent:c:\Users\Admin\.vscode\extensions\redhat.java-1.35.1-win32-x64\lombok\lombok-1.18.33.jar -XX:+HeapDumpOnOutOfMemoryError -XX:HeapDumpPath=c:\Users\Admin\AppData\Roaming\Code\User\workspaceStorage\eb20fc06d4a3b5e07cae54c0eea6be4b\redhat.java -Daether.dependencyCollector.impl=bf 
java_command: c:\Users\Admin\.vscode\extensions\redhat.java-1.35.1-win32-x64\server\plugins\org.eclipse.equinox.launcher_1.6.900.v20240613-2009.jar -configuration c:\Users\Admin\AppData\Roaming\Code\User\globalStorage\redhat.java\1.35.1\config_win -data c:\Users\Admin\AppData\Roaming\Code\User\workspaceStorage\eb20fc06d4a3b5e07cae54c0eea6be4b\redhat.java\jdt_ws --pipe=\\.\pipe\lsp-ef0335400be026b6efceea66be812a5e-sock
java_class_path (initial): c:\Users\Admin\.vscode\extensions\redhat.java-1.35.1-win32-x64\server\plugins\org.eclipse.equinox.launcher_1.6.900.v20240613-2009.jar
Launcher Type: SUN_STANDARD

[Global flags]
    uintx AdaptiveSizePolicyWeight                 = 90                                        {product} {command line}
     intx CICompilerCount                          = 4                                         {product} {ergonomic}
    uintx GCTimeRatio                              = 4                                         {product} {command line}
     bool HeapDumpOnOutOfMemoryError               = true                                   {manageable} {command line}
    ccstr HeapDumpPath                             = c:\Users\Admin\AppData\Roaming\Code\User\workspaceStorage\eb20fc06d4a3b5e07cae54c0eea6be4b\redhat.java         {manageable} {command line}
   size_t InitialHeapSize                          = 104857600                                 {product} {command line}
   size_t MaxHeapSize                              = 1073741824                                {product} {command line}
   size_t MaxNewSize                               = 357564416                                 {product} {ergonomic}
   size_t MinHeapDeltaBytes                        = 524288                                    {product} {ergonomic}
   size_t MinHeapSize                              = 104857600                                 {product} {command line}
   size_t NewSize                                  = 34603008                                  {product} {ergonomic}
    uintx NonNMethodCodeHeapSize                   = 5839372                                {pd product} {ergonomic}
    uintx NonProfiledCodeHeapSize                  = 122909434                              {pd product} {ergonomic}
   size_t OldSize                                  = 70254592                                  {product} {ergonomic}
    uintx ProfiledCodeHeapSize                     = 122909434                              {pd product} {ergonomic}
    uintx ReservedCodeCacheSize                    = 251658240                              {pd product} {ergonomic}
     bool SegmentedCodeCache                       = true                                      {product} {ergonomic}
   size_t SoftMaxHeapSize                          = 1073741824                             {manageable} {ergonomic}
     bool UseCompressedClassPointers               = true                           {product lp64_product} {ergonomic}
     bool UseCompressedOops                        = true                           {product lp64_product} {ergonomic}
     bool UseLargePagesIndividualAllocation        = false                                  {pd product} {ergonomic}
     bool UseParallelGC                            = true                                      {product} {command line}

Logging:
Log output configuration:
 #0: stdout all=off uptime,level,tags
 #1: stderr all=off uptime,level,tags

Environment Variables:
JAVA_HOME=C:\Program Files\Eclipse Adoptium\jdk-21.0.3.9-hotspot
PATH=C:\Users\Admin\bin;C:\Program Files\Git\mingw64\bin;C:\Program Files\Git\usr\local\bin;C:\Program Files\Git\usr\bin;C:\Program Files\Git\usr\bin;C:\Program Files\Git\mingw64\bin;C:\Program Files\Git\usr\bin;C:\Users\Admin\bin;C:\Program Files\Eclipse Adoptium\jdk-21.0.3.9-hotspot\bin;C:\Windows\system32;C:\Windows;C:\Windows\System32\Wbem;C:\Windows\System32\WindowsPowerShell\v1.0;C:\Windows\System32\OpenSSH;C:\Program Files\Microsoft SQL Server\Client SDK\ODBC\170\Tools\Binn;C:\Program Files\Microsoft SQL Server\150\Tools\Binn;C:\Program Files\dotnet;C:\Program Files\nodejs;C:\Program Files\Git\cmd;C:\Program Files\apache-maven-3.9.8\bin;C:\Program Files\Docker\Docker\resources\bin;C:\Users\Admin\AppData\Local\Microsoft\WindowsApps;C:\Users\Admin\.dotnet\tools;C:\Users\Admin\AppData\Local\Programs\Microsoft VS Code\bin;C:\Users\Admin\AppData\Local\JetBrains\Toolbox\scripts;C:\Users\Admin\AppData\Roaming\npm;C:\Program Files\Git\usr\bin\vendor_perl;C:\Program Files\Git\usr\bin\core_perl
USERNAME=Admin
SHELL=C:\Program Files\Git\usr\bin\bash.exe
DISPLAY=needs-to-be-defined
LANG=es_ES.UTF-8
TERM=xterm-256color
TMPDIR=C:\Users\Admin\AppData\Local\Temp
OS=Windows_NT
PROCESSOR_IDENTIFIER=Intel64 Family 6 Model 151 Stepping 5, GenuineIntel
TMP=C:\Users\Admin\AppData\Local\Temp
TEMP=C:\Users\Admin\AppData\Local\Temp



Periodic native trim disabled


---------------  S Y S T E M  ---------------

OS:
 Windows 11 , 64 bit Build 22621 (10.0.22621.3078)
OS uptime: 0 days 6:15 hours
Hyper-V role detected

CPU: total 8 (initial active 8) (4 cores per cpu, 2 threads per core) family 6 model 151 stepping 5 microcode 0x1e, cx8, cmov, fxsr, ht, mmx, 3dnowpref, sse, sse2, sse3, ssse3, sse4.1, sse4.2, popcnt, lzcnt, tsc, tscinvbit, avx, avx2, aes, erms, clmul, bmi1, bmi2, adx, sha, fma, vzeroupper, clflush, clflushopt, clwb, hv
Processor Information for all 8 processors :
  Max Mhz: 3300, Current Mhz: 3300, Mhz Limit: 3300

Memory: 4k page, system-wide physical 7969M (205M free)
TotalPageFile size 16161M (AvailPageFile size 5M)
current process WorkingSet (physical memory assigned to process): 287M, peak: 287M
current process commit charge ("private bytes"): 337M, peak: 338M

vm_info: OpenJDK 64-Bit Server VM (17.0.12+7) for windows-amd64 JRE (17.0.12+7), built on Jul 16 2024 22:08:24 by "admin" with MS VC++ 16.10 / 16.11 (VS2019)

END.
