#
# There is insufficient memory for the Java Runtime Environment to continue.
# Native memory allocation (mmap) failed to map 65536 bytes. Error detail: Failed to commit metaspace.
# Possible reasons:
#   The system is out of physical RAM or swap space
#   This process is running with CompressedOops enabled, and the Java Heap may be blocking the growth of the native heap
# Possible solutions:
#   Reduce memory load on the system
#   Increase physical memory or swap space
#   Check if swap backing store is full
#   Decrease Java heap size (-Xmx/-Xms)
#   Decrease number of Java threads
#   Decrease Java thread stack sizes (-Xss)
#   Set larger code cache with -XX:ReservedCodeCacheSize=
#   JVM is running with Unscaled Compressed Oops mode in which the Java heap is
#     placed in the first 4GB address space. The Java Heap base address is the
#     maximum limit for the native heap growth. Please use -XX:HeapBaseMinAddress
#     to set the Java Heap base and to place the Java Heap above 4GB virtual address.
# This output file may be truncated or incomplete.
#
#  Out of Memory Error (virtualSpaceNode.cpp:110), pid=14708, tid=13984
#
# JRE version: OpenJDK Runtime Environment Temurin-17.0.12+7 (17.0.12+7) (build 17.0.12+7)
# Java VM: OpenJDK 64-Bit Server VM Temurin-17.0.12+7 (17.0.12+7, mixed mode, emulated-client, tiered, compressed oops, compressed class ptrs, g1 gc, windows-amd64)
# No core dump will be written. Minidumps are not enabled by default on client versions of Windows
#

---------------  S U M M A R Y ------------

Command Line: -Xmx1024m -Dsts.lsp.client=vscode -Dsts.log.file=/dev/null -XX:TieredStopAtLevel=1 -Xlog:jni+resolve=off -Dspring.config.location=file:c:\Users\Admin\.vscode\extensions\vmware.vscode-spring-boot-1.56.0\language-server\BOOT-INF\classes\application.properties org.springframework.ide.vscode.boot.app.BootLanguageServerBootApp

Host: 12th Gen Intel(R) Core(TM) i3-12100, 8 cores, 7G,  Windows 11 , 64 bit Build 22621 (10.0.22621.3078)
Time: Tue Oct  8 09:41:50 2024 Hora est. Pacífico, Sudamérica elapsed time: 0.118010 seconds (0d 0h 0m 0s)

---------------  T H R E A D  ---------------

Current thread (0x0000029998db4550):  JavaThread "main" [_thread_in_vm, id=13984, stack(0x000000ae21200000,0x000000ae21300000)]

Stack: [0x000000ae21200000,0x000000ae21300000]
Native frames: (J=compiled Java code, j=interpreted, Vv=VM code, C=native code)
V  [jvm.dll+0x67f929]
V  [jvm.dll+0x8371ba]
V  [jvm.dll+0x838c7e]
V  [jvm.dll+0x8392e3]
V  [jvm.dll+0x24834f]
V  [jvm.dll+0x832e6d]
V  [jvm.dll+0x623e9e]
V  [jvm.dll+0x623f0a]
V  [jvm.dll+0x626724]
V  [jvm.dll+0x624846]
V  [jvm.dll+0x62e777]
V  [jvm.dll+0x1ebe7b]
V  [jvm.dll+0x1ec3b5]
V  [jvm.dll+0x1ece72]
V  [jvm.dll+0x1e2261]
V  [jvm.dll+0x54468e]
V  [jvm.dll+0x1f2ce7]
V  [jvm.dll+0x7b056b]
V  [jvm.dll+0x7b1939]
V  [jvm.dll+0x7b1c88]
V  [jvm.dll+0x2404de]
V  [jvm.dll+0x3833fe]
C  0x000002999ba59925

The last pc belongs to new (printed below).
Java frames: (J=compiled Java code, j=interpreted, Vv=VM code)
j  java.util.ResourceBundle.<clinit>()V+16 java.base@17.0.12
v  ~StubRoutines::call_stub
j  sun.launcher.LauncherHelper$ResourceBundleHolder.<clinit>()V+2 java.base@17.0.12
v  ~StubRoutines::call_stub
j  sun.launcher.LauncherHelper.getLocalizedMessage(Ljava/lang/String;[Ljava/lang/Object;)Ljava/lang/String;+0 java.base@17.0.12
j  sun.launcher.LauncherHelper.abort(Ljava/lang/Throwable;Ljava/lang/String;[Ljava/lang/Object;)V+9 java.base@17.0.12
j  sun.launcher.LauncherHelper.validateMainClass(Ljava/lang/Class;)V+140 java.base@17.0.12
j  sun.launcher.LauncherHelper.checkAndLoadMain(ZILjava/lang/String;)Ljava/lang/Class;+78 java.base@17.0.12
v  ~StubRoutines::call_stub
new  187 new  [0x000002999ba597a0, 0x000002999ba599c0]  544 bytes
[MachCode]
  0x000002999ba597a0: 4883 ec08 | c5fa 1104 | 24eb 1f48 | 83ec 10c5 | fb11 0424 | eb14 4883 | ec10 4889 | 0424 48c7 
  0x000002999ba597c0: 4424 0800 | 0000 00eb | 0150 410f | b755 010f | cac1 ea10 | 488b 4de8 | 488b 4908 | 488b 4908 
  0x000002999ba597e0: 488b 4108 | 807c 1004 | 070f 85d6 | 0000 0066 | 8b54 d148 | 488b 4928 | 488b 4cd1 | 0851 80b9 
  0x000002999ba59800: 3301 0000 | 040f 85b9 | 0000 008b | 5108 f7c2 | 0100 0000 | 0f85 aa00 | 0000 498b | 8708 0100 
  0x000002999ba59820: 0048 8d1c | 1049 3b9f | 1801 0000 | 0f87 9200 | 0000 4989 | 9f08 0100 | 00e9 0000 | 0000 4883 
  0x000002999ba59840: ea10 0f84 | 0f00 0000 | 33c9 c1ea | 0348 894c | d008 48ff | ca75 f648 | c700 0100 | 0000 5933 
  0x000002999ba59860: f689 700c | 48c1 e903 | 8948 0849 | bad9 b5ea | ddfa 7f00 | 0041 803a | 000f 8440 | 0000 0050 
  0x000002999ba59880: 488b c848 | 83ec 20f7 | c40f 0000 | 000f 841a | 0000 0048 | 83ec 0849 | bab0 4ca0 | ddfa 7f00 
  0x000002999ba598a0: 0041 ffd2 | 4883 c408 | e90d 0000 | 0049 bab0 | 4ca0 ddfa | 7f00 0041 | ffd2 4883 | c420 58e9 
  0x000002999ba598c0: cd00 0000 | 5948 8b55 | e848 8b52 | 0848 8b52 | 0845 0fb7 | 4501 410f | c841 c1e8 | 10e8 0500 
  0x000002999ba598e0: 0000 e9aa | 0000 0048 | 8d44 2408 | 4c89 6dc0 | 498b cfc5 | f877 4989 | afa8 0200 | 0049 8987 
  0x000002999ba59900: 9802 0000 | 4883 ec20 | f7c4 0f00 | 0000 0f84 | 1a00 0000 | 4883 ec08 | 49ba b033 | 6add fa7f 
  0x000002999ba59920: 0000 41ff | d248 83c4 | 08e9 0d00 | 0000 49ba | b033 6add | fa7f 0000 | 41ff d248 | 83c4 2049 
  0x000002999ba59940: c787 9802 | 0000 0000 | 0000 49c7 | 87a8 0200 | 0000 0000 | 0049 c787 | a002 0000 | 0000 0000 
  0x000002999ba59960: c5f8 7749 | 817f 0800 | 0000 000f | 8405 0000 | 00e9 8a75 | feff 498b | 87f0 0200 | 0049 c787 
  0x000002999ba59980: f002 0000 | 0000 0000 | 4c8b 6dc0 | 4c8b 75c8 | c341 0fb6 | 5d03 4983 | c503 49ba | 9022 eddd 
  0x000002999ba599a0: fa7f 0000 | 41ff 24da | 0000 0000 | 0000 0000 | 0000 0000 | 0000 0000 | 0000 0000 | 0000 0000 
[/MachCode]

---------------  P R O C E S S  ---------------

Threads class SMR info:
_java_thread_list=0x00000299a3bd6080, length=13, elements={
0x0000029998db4550, 0x00000299a3bb1380, 0x00000299a3bb5130, 0x00000299a80003b0,
0x00000299a8001e90, 0x00000299a8004770, 0x00000299a8005040, 0x00000299a8005910,
0x00000299a800a240, 0x00000299a82251b0, 0x00000299a82286d0, 0x00000299a82612f0,
0x00000299a825a210
}

Java Threads: ( => current thread )
=>0x0000029998db4550 JavaThread "main" [_thread_in_vm, id=13984, stack(0x000000ae21200000,0x000000ae21300000)]
  0x00000299a3bb1380 JavaThread "Reference Handler" daemon [_thread_blocked, id=2180, stack(0x000000ae21900000,0x000000ae21a00000)]
  0x00000299a3bb5130 JavaThread "Finalizer" daemon [_thread_blocked, id=3528, stack(0x000000ae21a00000,0x000000ae21b00000)]
  0x00000299a80003b0 JavaThread "Signal Dispatcher" daemon [_thread_blocked, id=12632, stack(0x000000ae21b00000,0x000000ae21c00000)]
  0x00000299a8001e90 JavaThread "Attach Listener" daemon [_thread_blocked, id=2656, stack(0x000000ae21c00000,0x000000ae21d00000)]
  0x00000299a8004770 JavaThread "Service Thread" daemon [_thread_blocked, id=4212, stack(0x000000ae21d00000,0x000000ae21e00000)]
  0x00000299a8005040 JavaThread "Monitor Deflation Thread" daemon [_thread_blocked, id=12228, stack(0x000000ae21e00000,0x000000ae21f00000)]
  0x00000299a8005910 JavaThread "C1 CompilerThread0" daemon [_thread_blocked, id=5148, stack(0x000000ae21f00000,0x000000ae22000000)]
  0x00000299a800a240 JavaThread "Sweeper thread" daemon [_thread_blocked, id=8228, stack(0x000000ae22000000,0x000000ae22100000)]
  0x00000299a82251b0 JavaThread "C1 CompilerThread1" daemon [_thread_blocked, id=2120, stack(0x000000ae22100000,0x000000ae22200000)]
  0x00000299a82286d0 JavaThread "C1 CompilerThread2" daemon [_thread_blocked, id=6316, stack(0x000000ae22200000,0x000000ae22300000)]
  0x00000299a82612f0 JavaThread "Notification Thread" daemon [_thread_blocked, id=8032, stack(0x000000ae22300000,0x000000ae22400000)]
  0x00000299a825a210 JavaThread "Common-Cleaner" daemon [_thread_blocked, id=5652, stack(0x000000ae22500000,0x000000ae22600000)]

Other Threads:
  0x00000299a3b9c950 VMThread "VM Thread" [stack: 0x000000ae21800000,0x000000ae21900000] [id=7692]
  0x00000299a82618e0 WatcherThread [stack: 0x000000ae22400000,0x000000ae22500000] [id=16244]
  0x0000029998df2610 GCTaskThread "GC Thread#0" [stack: 0x000000ae21300000,0x000000ae21400000] [id=1004]
  0x0000029998dfc480 ConcurrentGCThread "G1 Main Marker" [stack: 0x000000ae21400000,0x000000ae21500000] [id=8216]
  0x0000029998dfcdb0 ConcurrentGCThread "G1 Conc#0" [stack: 0x000000ae21500000,0x000000ae21600000] [id=15504]
  0x00000299a3a010b0 ConcurrentGCThread "G1 Refine#0" [stack: 0x000000ae21600000,0x000000ae21700000] [id=3484]
  0x00000299a3a019f0 ConcurrentGCThread "G1 Service" [stack: 0x000000ae21700000,0x000000ae21800000] [id=6504]

Threads with active compile tasks:

VM state: not at safepoint (normal execution)

VM Mutex/Monitor currently owned by a thread:  ([mutex/lock_event])
[0x0000029996c41dd0] Metaspace_lock - owner thread: 0x0000029998db4550

OutOfMemory and StackOverflow Exception counts:
OutOfMemoryError java_heap_errors=1

Heap address: 0x00000000c0000000, size: 1024 MB, Compressed Oops mode: 32-bit

CDS archive(s) not mapped
Compressed class space mapped at: 0x0000000100000000-0x0000000140000000, reserved size: 1073741824
Narrow klass base: 0x0000000000000000, Narrow klass shift: 3, Narrow klass range: 0x140000000

GC Precious Log:
 CPUs: 8 total, 8 available
 Memory: 7969M
 Large Page Support: Disabled
 NUMA Support: Disabled
 Compressed Oops: Enabled (32-bit)
 Heap Region Size: 1M
 Heap Min Capacity: 8M
 Heap Initial Capacity: 126M
 Heap Max Capacity: 1G
 Pre-touch: Disabled
 Parallel Workers: 8
 Concurrent Workers: 2
 Concurrent Refinement Workers: 8
 Periodic GC: Disabled

Heap:
 garbage-first heap   total 129024K, used 4096K [0x00000000c0000000, 0x0000000100000000)
  region size 1024K, 6 young (6144K), 0 survivors (0K)
 Metaspace       used 4279K, committed 4416K, reserved 1114112K
  class space    used 413K, committed 512K, reserved 1048576K

Heap Regions: E=young(eden), S=young(survivor), O=old, HS=humongous(starts), HC=humongous(continues), CS=collection set, F=free, OA=open archive, CA=closed archive, TAMS=top-at-mark-start (previous, next)
|   0|0x00000000c0000000, 0x00000000c0000000, 0x00000000c0100000|  0%| F|  |TAMS 0x00000000c0000000, 0x00000000c0000000| Untracked 
|   1|0x00000000c0100000, 0x00000000c0100000, 0x00000000c0200000|  0%| F|  |TAMS 0x00000000c0100000, 0x00000000c0100000| Untracked 
|   2|0x00000000c0200000, 0x00000000c0200000, 0x00000000c0300000|  0%| F|  |TAMS 0x00000000c0200000, 0x00000000c0200000| Untracked 
|   3|0x00000000c0300000, 0x00000000c0300000, 0x00000000c0400000|  0%| F|  |TAMS 0x00000000c0300000, 0x00000000c0300000| Untracked 
|   4|0x00000000c0400000, 0x00000000c0400000, 0x00000000c0500000|  0%| F|  |TAMS 0x00000000c0400000, 0x00000000c0400000| Untracked 
|   5|0x00000000c0500000, 0x00000000c0500000, 0x00000000c0600000|  0%| F|  |TAMS 0x00000000c0500000, 0x00000000c0500000| Untracked 
|   6|0x00000000c0600000, 0x00000000c0600000, 0x00000000c0700000|  0%| F|  |TAMS 0x00000000c0600000, 0x00000000c0600000| Untracked 
|   7|0x00000000c0700000, 0x00000000c0700000, 0x00000000c0800000|  0%| F|  |TAMS 0x00000000c0700000, 0x00000000c0700000| Untracked 
|   8|0x00000000c0800000, 0x00000000c0800000, 0x00000000c0900000|  0%| F|  |TAMS 0x00000000c0800000, 0x00000000c0800000| Untracked 
|   9|0x00000000c0900000, 0x00000000c0900000, 0x00000000c0a00000|  0%| F|  |TAMS 0x00000000c0900000, 0x00000000c0900000| Untracked 
|  10|0x00000000c0a00000, 0x00000000c0a00000, 0x00000000c0b00000|  0%| F|  |TAMS 0x00000000c0a00000, 0x00000000c0a00000| Untracked 
|  11|0x00000000c0b00000, 0x00000000c0b00000, 0x00000000c0c00000|  0%| F|  |TAMS 0x00000000c0b00000, 0x00000000c0b00000| Untracked 
|  12|0x00000000c0c00000, 0x00000000c0c00000, 0x00000000c0d00000|  0%| F|  |TAMS 0x00000000c0c00000, 0x00000000c0c00000| Untracked 
|  13|0x00000000c0d00000, 0x00000000c0d00000, 0x00000000c0e00000|  0%| F|  |TAMS 0x00000000c0d00000, 0x00000000c0d00000| Untracked 
|  14|0x00000000c0e00000, 0x00000000c0e00000, 0x00000000c0f00000|  0%| F|  |TAMS 0x00000000c0e00000, 0x00000000c0e00000| Untracked 
|  15|0x00000000c0f00000, 0x00000000c0f00000, 0x00000000c1000000|  0%| F|  |TAMS 0x00000000c0f00000, 0x00000000c0f00000| Untracked 
|  16|0x00000000c1000000, 0x00000000c1000000, 0x00000000c1100000|  0%| F|  |TAMS 0x00000000c1000000, 0x00000000c1000000| Untracked 
|  17|0x00000000c1100000, 0x00000000c1100000, 0x00000000c1200000|  0%| F|  |TAMS 0x00000000c1100000, 0x00000000c1100000| Untracked 
|  18|0x00000000c1200000, 0x00000000c1200000, 0x00000000c1300000|  0%| F|  |TAMS 0x00000000c1200000, 0x00000000c1200000| Untracked 
|  19|0x00000000c1300000, 0x00000000c1300000, 0x00000000c1400000|  0%| F|  |TAMS 0x00000000c1300000, 0x00000000c1300000| Untracked 
|  20|0x00000000c1400000, 0x00000000c1400000, 0x00000000c1500000|  0%| F|  |TAMS 0x00000000c1400000, 0x00000000c1400000| Untracked 
|  21|0x00000000c1500000, 0x00000000c1500000, 0x00000000c1600000|  0%| F|  |TAMS 0x00000000c1500000, 0x00000000c1500000| Untracked 
|  22|0x00000000c1600000, 0x00000000c1600000, 0x00000000c1700000|  0%| F|  |TAMS 0x00000000c1600000, 0x00000000c1600000| Untracked 
|  23|0x00000000c1700000, 0x00000000c1700000, 0x00000000c1800000|  0%| F|  |TAMS 0x00000000c1700000, 0x00000000c1700000| Untracked 
|  24|0x00000000c1800000, 0x00000000c1800000, 0x00000000c1900000|  0%| F|  |TAMS 0x00000000c1800000, 0x00000000c1800000| Untracked 
|  25|0x00000000c1900000, 0x00000000c1900000, 0x00000000c1a00000|  0%| F|  |TAMS 0x00000000c1900000, 0x00000000c1900000| Untracked 
|  26|0x00000000c1a00000, 0x00000000c1a00000, 0x00000000c1b00000|  0%| F|  |TAMS 0x00000000c1a00000, 0x00000000c1a00000| Untracked 
|  27|0x00000000c1b00000, 0x00000000c1b00000, 0x00000000c1c00000|  0%| F|  |TAMS 0x00000000c1b00000, 0x00000000c1b00000| Untracked 
|  28|0x00000000c1c00000, 0x00000000c1c00000, 0x00000000c1d00000|  0%| F|  |TAMS 0x00000000c1c00000, 0x00000000c1c00000| Untracked 
|  29|0x00000000c1d00000, 0x00000000c1d00000, 0x00000000c1e00000|  0%| F|  |TAMS 0x00000000c1d00000, 0x00000000c1d00000| Untracked 
|  30|0x00000000c1e00000, 0x00000000c1e00000, 0x00000000c1f00000|  0%| F|  |TAMS 0x00000000c1e00000, 0x00000000c1e00000| Untracked 
|  31|0x00000000c1f00000, 0x00000000c1f00000, 0x00000000c2000000|  0%| F|  |TAMS 0x00000000c1f00000, 0x00000000c1f00000| Untracked 
|  32|0x00000000c2000000, 0x00000000c2000000, 0x00000000c2100000|  0%| F|  |TAMS 0x00000000c2000000, 0x00000000c2000000| Untracked 
|  33|0x00000000c2100000, 0x00000000c2100000, 0x00000000c2200000|  0%| F|  |TAMS 0x00000000c2100000, 0x00000000c2100000| Untracked 
|  34|0x00000000c2200000, 0x00000000c2200000, 0x00000000c2300000|  0%| F|  |TAMS 0x00000000c2200000, 0x00000000c2200000| Untracked 
|  35|0x00000000c2300000, 0x00000000c2300000, 0x00000000c2400000|  0%| F|  |TAMS 0x00000000c2300000, 0x00000000c2300000| Untracked 
|  36|0x00000000c2400000, 0x00000000c2400000, 0x00000000c2500000|  0%| F|  |TAMS 0x00000000c2400000, 0x00000000c2400000| Untracked 
|  37|0x00000000c2500000, 0x00000000c2500000, 0x00000000c2600000|  0%| F|  |TAMS 0x00000000c2500000, 0x00000000c2500000| Untracked 
|  38|0x00000000c2600000, 0x00000000c2600000, 0x00000000c2700000|  0%| F|  |TAMS 0x00000000c2600000, 0x00000000c2600000| Untracked 
|  39|0x00000000c2700000, 0x00000000c2700000, 0x00000000c2800000|  0%| F|  |TAMS 0x00000000c2700000, 0x00000000c2700000| Untracked 
|  40|0x00000000c2800000, 0x00000000c2800000, 0x00000000c2900000|  0%| F|  |TAMS 0x00000000c2800000, 0x00000000c2800000| Untracked 
|  41|0x00000000c2900000, 0x00000000c2900000, 0x00000000c2a00000|  0%| F|  |TAMS 0x00000000c2900000, 0x00000000c2900000| Untracked 
|  42|0x00000000c2a00000, 0x00000000c2a00000, 0x00000000c2b00000|  0%| F|  |TAMS 0x00000000c2a00000, 0x00000000c2a00000| Untracked 
|  43|0x00000000c2b00000, 0x00000000c2b00000, 0x00000000c2c00000|  0%| F|  |TAMS 0x00000000c2b00000, 0x00000000c2b00000| Untracked 
|  44|0x00000000c2c00000, 0x00000000c2c00000, 0x00000000c2d00000|  0%| F|  |TAMS 0x00000000c2c00000, 0x00000000c2c00000| Untracked 
|  45|0x00000000c2d00000, 0x00000000c2d00000, 0x00000000c2e00000|  0%| F|  |TAMS 0x00000000c2d00000, 0x00000000c2d00000| Untracked 
|  46|0x00000000c2e00000, 0x00000000c2e00000, 0x00000000c2f00000|  0%| F|  |TAMS 0x00000000c2e00000, 0x00000000c2e00000| Untracked 
|  47|0x00000000c2f00000, 0x00000000c2f00000, 0x00000000c3000000|  0%| F|  |TAMS 0x00000000c2f00000, 0x00000000c2f00000| Untracked 
|  48|0x00000000c3000000, 0x00000000c3000000, 0x00000000c3100000|  0%| F|  |TAMS 0x00000000c3000000, 0x00000000c3000000| Untracked 
|  49|0x00000000c3100000, 0x00000000c3100000, 0x00000000c3200000|  0%| F|  |TAMS 0x00000000c3100000, 0x00000000c3100000| Untracked 
|  50|0x00000000c3200000, 0x00000000c3200000, 0x00000000c3300000|  0%| F|  |TAMS 0x00000000c3200000, 0x00000000c3200000| Untracked 
|  51|0x00000000c3300000, 0x00000000c3300000, 0x00000000c3400000|  0%| F|  |TAMS 0x00000000c3300000, 0x00000000c3300000| Untracked 
|  52|0x00000000c3400000, 0x00000000c3400000, 0x00000000c3500000|  0%| F|  |TAMS 0x00000000c3400000, 0x00000000c3400000| Untracked 
|  53|0x00000000c3500000, 0x00000000c3500000, 0x00000000c3600000|  0%| F|  |TAMS 0x00000000c3500000, 0x00000000c3500000| Untracked 
|  54|0x00000000c3600000, 0x00000000c3600000, 0x00000000c3700000|  0%| F|  |TAMS 0x00000000c3600000, 0x00000000c3600000| Untracked 
|  55|0x00000000c3700000, 0x00000000c3700000, 0x00000000c3800000|  0%| F|  |TAMS 0x00000000c3700000, 0x00000000c3700000| Untracked 
|  56|0x00000000c3800000, 0x00000000c3800000, 0x00000000c3900000|  0%| F|  |TAMS 0x00000000c3800000, 0x00000000c3800000| Untracked 
|  57|0x00000000c3900000, 0x00000000c3900000, 0x00000000c3a00000|  0%| F|  |TAMS 0x00000000c3900000, 0x00000000c3900000| Untracked 
|  58|0x00000000c3a00000, 0x00000000c3a00000, 0x00000000c3b00000|  0%| F|  |TAMS 0x00000000c3a00000, 0x00000000c3a00000| Untracked 
|  59|0x00000000c3b00000, 0x00000000c3b00000, 0x00000000c3c00000|  0%| F|  |TAMS 0x00000000c3b00000, 0x00000000c3b00000| Untracked 
|  60|0x00000000c3c00000, 0x00000000c3c00000, 0x00000000c3d00000|  0%| F|  |TAMS 0x00000000c3c00000, 0x00000000c3c00000| Untracked 
|  61|0x00000000c3d00000, 0x00000000c3d00000, 0x00000000c3e00000|  0%| F|  |TAMS 0x00000000c3d00000, 0x00000000c3d00000| Untracked 
|  62|0x00000000c3e00000, 0x00000000c3e00000, 0x00000000c3f00000|  0%| F|  |TAMS 0x00000000c3e00000, 0x00000000c3e00000| Untracked 
|  63|0x00000000c3f00000, 0x00000000c3f00000, 0x00000000c4000000|  0%| F|  |TAMS 0x00000000c3f00000, 0x00000000c3f00000| Untracked 
|  64|0x00000000c4000000, 0x00000000c4000000, 0x00000000c4100000|  0%| F|  |TAMS 0x00000000c4000000, 0x00000000c4000000| Untracked 
|  65|0x00000000c4100000, 0x00000000c4100000, 0x00000000c4200000|  0%| F|  |TAMS 0x00000000c4100000, 0x00000000c4100000| Untracked 
|  66|0x00000000c4200000, 0x00000000c4200000, 0x00000000c4300000|  0%| F|  |TAMS 0x00000000c4200000, 0x00000000c4200000| Untracked 
|  67|0x00000000c4300000, 0x00000000c4300000, 0x00000000c4400000|  0%| F|  |TAMS 0x00000000c4300000, 0x00000000c4300000| Untracked 
|  68|0x00000000c4400000, 0x00000000c4400000, 0x00000000c4500000|  0%| F|  |TAMS 0x00000000c4400000, 0x00000000c4400000| Untracked 
|  69|0x00000000c4500000, 0x00000000c4500000, 0x00000000c4600000|  0%| F|  |TAMS 0x00000000c4500000, 0x00000000c4500000| Untracked 
|  70|0x00000000c4600000, 0x00000000c4600000, 0x00000000c4700000|  0%| F|  |TAMS 0x00000000c4600000, 0x00000000c4600000| Untracked 
|  71|0x00000000c4700000, 0x00000000c4700000, 0x00000000c4800000|  0%| F|  |TAMS 0x00000000c4700000, 0x00000000c4700000| Untracked 
|  72|0x00000000c4800000, 0x00000000c4800000, 0x00000000c4900000|  0%| F|  |TAMS 0x00000000c4800000, 0x00000000c4800000| Untracked 
|  73|0x00000000c4900000, 0x00000000c4900000, 0x00000000c4a00000|  0%| F|  |TAMS 0x00000000c4900000, 0x00000000c4900000| Untracked 
|  74|0x00000000c4a00000, 0x00000000c4a00000, 0x00000000c4b00000|  0%| F|  |TAMS 0x00000000c4a00000, 0x00000000c4a00000| Untracked 
|  75|0x00000000c4b00000, 0x00000000c4b00000, 0x00000000c4c00000|  0%| F|  |TAMS 0x00000000c4b00000, 0x00000000c4b00000| Untracked 
|  76|0x00000000c4c00000, 0x00000000c4c00000, 0x00000000c4d00000|  0%| F|  |TAMS 0x00000000c4c00000, 0x00000000c4c00000| Untracked 
|  77|0x00000000c4d00000, 0x00000000c4d00000, 0x00000000c4e00000|  0%| F|  |TAMS 0x00000000c4d00000, 0x00000000c4d00000| Untracked 
|  78|0x00000000c4e00000, 0x00000000c4e00000, 0x00000000c4f00000|  0%| F|  |TAMS 0x00000000c4e00000, 0x00000000c4e00000| Untracked 
|  79|0x00000000c4f00000, 0x00000000c4f00000, 0x00000000c5000000|  0%| F|  |TAMS 0x00000000c4f00000, 0x00000000c4f00000| Untracked 
|  80|0x00000000c5000000, 0x00000000c5000000, 0x00000000c5100000|  0%| F|  |TAMS 0x00000000c5000000, 0x00000000c5000000| Untracked 
|  81|0x00000000c5100000, 0x00000000c5100000, 0x00000000c5200000|  0%| F|  |TAMS 0x00000000c5100000, 0x00000000c5100000| Untracked 
|  82|0x00000000c5200000, 0x00000000c5200000, 0x00000000c5300000|  0%| F|  |TAMS 0x00000000c5200000, 0x00000000c5200000| Untracked 
|  83|0x00000000c5300000, 0x00000000c5300000, 0x00000000c5400000|  0%| F|  |TAMS 0x00000000c5300000, 0x00000000c5300000| Untracked 
|  84|0x00000000c5400000, 0x00000000c5400000, 0x00000000c5500000|  0%| F|  |TAMS 0x00000000c5400000, 0x00000000c5400000| Untracked 
|  85|0x00000000c5500000, 0x00000000c5500000, 0x00000000c5600000|  0%| F|  |TAMS 0x00000000c5500000, 0x00000000c5500000| Untracked 
|  86|0x00000000c5600000, 0x00000000c5600000, 0x00000000c5700000|  0%| F|  |TAMS 0x00000000c5600000, 0x00000000c5600000| Untracked 
|  87|0x00000000c5700000, 0x00000000c5700000, 0x00000000c5800000|  0%| F|  |TAMS 0x00000000c5700000, 0x00000000c5700000| Untracked 
|  88|0x00000000c5800000, 0x00000000c5800000, 0x00000000c5900000|  0%| F|  |TAMS 0x00000000c5800000, 0x00000000c5800000| Untracked 
|  89|0x00000000c5900000, 0x00000000c5900000, 0x00000000c5a00000|  0%| F|  |TAMS 0x00000000c5900000, 0x00000000c5900000| Untracked 
|  90|0x00000000c5a00000, 0x00000000c5a00000, 0x00000000c5b00000|  0%| F|  |TAMS 0x00000000c5a00000, 0x00000000c5a00000| Untracked 
|  91|0x00000000c5b00000, 0x00000000c5b00000, 0x00000000c5c00000|  0%| F|  |TAMS 0x00000000c5b00000, 0x00000000c5b00000| Untracked 
|  92|0x00000000c5c00000, 0x00000000c5c00000, 0x00000000c5d00000|  0%| F|  |TAMS 0x00000000c5c00000, 0x00000000c5c00000| Untracked 
|  93|0x00000000c5d00000, 0x00000000c5d00000, 0x00000000c5e00000|  0%| F|  |TAMS 0x00000000c5d00000, 0x00000000c5d00000| Untracked 
|  94|0x00000000c5e00000, 0x00000000c5e00000, 0x00000000c5f00000|  0%| F|  |TAMS 0x00000000c5e00000, 0x00000000c5e00000| Untracked 
|  95|0x00000000c5f00000, 0x00000000c5f00000, 0x00000000c6000000|  0%| F|  |TAMS 0x00000000c5f00000, 0x00000000c5f00000| Untracked 
|  96|0x00000000c6000000, 0x00000000c6000000, 0x00000000c6100000|  0%| F|  |TAMS 0x00000000c6000000, 0x00000000c6000000| Untracked 
|  97|0x00000000c6100000, 0x00000000c6100000, 0x00000000c6200000|  0%| F|  |TAMS 0x00000000c6100000, 0x00000000c6100000| Untracked 
|  98|0x00000000c6200000, 0x00000000c6200000, 0x00000000c6300000|  0%| F|  |TAMS 0x00000000c6200000, 0x00000000c6200000| Untracked 
|  99|0x00000000c6300000, 0x00000000c6300000, 0x00000000c6400000|  0%| F|  |TAMS 0x00000000c6300000, 0x00000000c6300000| Untracked 
| 100|0x00000000c6400000, 0x00000000c6400000, 0x00000000c6500000|  0%| F|  |TAMS 0x00000000c6400000, 0x00000000c6400000| Untracked 
| 101|0x00000000c6500000, 0x00000000c6500000, 0x00000000c6600000|  0%| F|  |TAMS 0x00000000c6500000, 0x00000000c6500000| Untracked 
| 102|0x00000000c6600000, 0x00000000c6600000, 0x00000000c6700000|  0%| F|  |TAMS 0x00000000c6600000, 0x00000000c6600000| Untracked 
| 103|0x00000000c6700000, 0x00000000c6700000, 0x00000000c6800000|  0%| F|  |TAMS 0x00000000c6700000, 0x00000000c6700000| Untracked 
| 104|0x00000000c6800000, 0x00000000c6800000, 0x00000000c6900000|  0%| F|  |TAMS 0x00000000c6800000, 0x00000000c6800000| Untracked 
| 105|0x00000000c6900000, 0x00000000c6900000, 0x00000000c6a00000|  0%| F|  |TAMS 0x00000000c6900000, 0x00000000c6900000| Untracked 
| 106|0x00000000c6a00000, 0x00000000c6a00000, 0x00000000c6b00000|  0%| F|  |TAMS 0x00000000c6a00000, 0x00000000c6a00000| Untracked 
| 107|0x00000000c6b00000, 0x00000000c6b00000, 0x00000000c6c00000|  0%| F|  |TAMS 0x00000000c6b00000, 0x00000000c6b00000| Untracked 
| 108|0x00000000c6c00000, 0x00000000c6c00000, 0x00000000c6d00000|  0%| F|  |TAMS 0x00000000c6c00000, 0x00000000c6c00000| Untracked 
| 109|0x00000000c6d00000, 0x00000000c6d00000, 0x00000000c6e00000|  0%| F|  |TAMS 0x00000000c6d00000, 0x00000000c6d00000| Untracked 
| 110|0x00000000c6e00000, 0x00000000c6e00000, 0x00000000c6f00000|  0%| F|  |TAMS 0x00000000c6e00000, 0x00000000c6e00000| Untracked 
| 111|0x00000000c6f00000, 0x00000000c6f00000, 0x00000000c7000000|  0%| F|  |TAMS 0x00000000c6f00000, 0x00000000c6f00000| Untracked 
| 112|0x00000000c7000000, 0x00000000c7000000, 0x00000000c7100000|  0%| F|  |TAMS 0x00000000c7000000, 0x00000000c7000000| Untracked 
| 113|0x00000000c7100000, 0x00000000c7100000, 0x00000000c7200000|  0%| F|  |TAMS 0x00000000c7100000, 0x00000000c7100000| Untracked 
| 114|0x00000000c7200000, 0x00000000c7200000, 0x00000000c7300000|  0%| F|  |TAMS 0x00000000c7200000, 0x00000000c7200000| Untracked 
| 115|0x00000000c7300000, 0x00000000c7300000, 0x00000000c7400000|  0%| F|  |TAMS 0x00000000c7300000, 0x00000000c7300000| Untracked 
| 116|0x00000000c7400000, 0x00000000c7400000, 0x00000000c7500000|  0%| F|  |TAMS 0x00000000c7400000, 0x00000000c7400000| Untracked 
| 117|0x00000000c7500000, 0x00000000c7500000, 0x00000000c7600000|  0%| F|  |TAMS 0x00000000c7500000, 0x00000000c7500000| Untracked 
| 118|0x00000000c7600000, 0x00000000c7600000, 0x00000000c7700000|  0%| F|  |TAMS 0x00000000c7600000, 0x00000000c7600000| Untracked 
| 119|0x00000000c7700000, 0x00000000c7700000, 0x00000000c7800000|  0%| F|  |TAMS 0x00000000c7700000, 0x00000000c7700000| Untracked 
| 120|0x00000000c7800000, 0x00000000c78a8f40, 0x00000000c7900000| 65%| E|  |TAMS 0x00000000c7800000, 0x00000000c7800000| Complete 
| 121|0x00000000c7900000, 0x00000000c7a00000, 0x00000000c7a00000|100%| E|  |TAMS 0x00000000c7900000, 0x00000000c7900000| Complete 
| 122|0x00000000c7a00000, 0x00000000c7b00000, 0x00000000c7b00000|100%| E|CS|TAMS 0x00000000c7a00000, 0x00000000c7a00000| Complete 
| 123|0x00000000c7b00000, 0x00000000c7c00000, 0x00000000c7c00000|100%| E|CS|TAMS 0x00000000c7b00000, 0x00000000c7b00000| Complete 
| 124|0x00000000c7c00000, 0x00000000c7d00000, 0x00000000c7d00000|100%| E|CS|TAMS 0x00000000c7c00000, 0x00000000c7c00000| Complete 
| 125|0x00000000c7d00000, 0x00000000c7e00000, 0x00000000c7e00000|100%| E|CS|TAMS 0x00000000c7d00000, 0x00000000c7d00000| Complete 

Card table byte_map: [0x000002999ed50000,0x000002999ef50000] _byte_map_base: 0x000002999e750000

Marking Bits (Prev, Next): (CMBitMap*) 0x0000029998df3b50, (CMBitMap*) 0x0000029998df3b90
 Prev Bits: [0x000002999f150000, 0x00000299a0150000)
 Next Bits: [0x00000299a0150000, 0x00000299a1150000)

Polling page: 0x0000029996d00000

Metaspace:

Usage:
  Non-class:      3.78 MB used.
      Class:    413.39 KB used.
       Both:      4.18 MB used.

Virtual space:
  Non-class space:       64.00 MB reserved,       3.81 MB (  6%) committed,  1 nodes.
      Class space:        1.00 GB reserved,     512.00 KB ( <1%) committed,  1 nodes.
             Both:        1.06 GB reserved,       4.31 MB ( <1%) committed. 

Chunk freelists:
   Non-Class:  11.97 MB
       Class:  15.55 MB
        Both:  27.52 MB

MaxMetaspaceSize: unlimited
CompressedClassSpaceSize: 1.00 GB
Initial GC threshold: 21.00 MB
Current GC threshold: 21.00 MB
CDS: off
MetaspaceReclaimPolicy: balanced
 - commit_granule_bytes: 65536.
 - commit_granule_words: 8192.
 - virtual_space_node_default_size: 8388608.
 - enlarge_chunks_in_place: 1.
 - new_chunks_are_fully_committed: 0.
 - uncommit_free_chunks: 1.
 - use_allocation_guard: 0.
 - handle_deallocations: 1.


Internal statistics:

num_allocs_failed_limit: 0.
num_arena_births: 4.
num_arena_deaths: 0.
num_vsnodes_births: 2.
num_vsnodes_deaths: 0.
num_space_committed: 69.
num_space_uncommitted: 0.
num_chunks_returned_to_freelist: 0.
num_chunks_taken_from_freelist: 11.
num_chunk_merges: 0.
num_chunk_splits: 5.
num_chunks_enlarged: 4.
num_inconsistent_stats: 0.

CodeCache: size=49152Kb used=2422Kb max_used=2422Kb free=46729Kb
 bounds [0x000002999ba40000, 0x000002999bcb0000, 0x000002999ea40000]
 total_blobs=500 nmethods=196 adapters=230
 compilation: enabled
              stopped_count=0, restarted_count=0
 full_count=0

Compilation events (20 events):
Event: 0.114 Thread 0x00000299a8005910  188       1       java.util.LinkedList::indexOf (73 bytes)
Event: 0.114 Thread 0x00000299a82286d0 nmethod 186 0x000002999bc98790 code [0x000002999bc98960, 0x000002999bc98d58]
Event: 0.114 Thread 0x00000299a82286d0  189   !   1       java.io.BufferedReader::readLine (327 bytes)
Event: 0.114 Thread 0x00000299a8005910 nmethod 188 0x000002999bc98f10 code [0x000002999bc990c0, 0x000002999bc992c8]
Event: 0.114 Thread 0x00000299a8005910  190       1       jdk.internal.util.jar.JarIndex::addToList (59 bytes)
Event: 0.114 Thread 0x00000299a82251b0 nmethod 184 0x000002999bc99410 code [0x000002999bc99640, 0x000002999bc99fa8]
Event: 0.114 Thread 0x00000299a8005910 nmethod 190 0x000002999bc9a390 code [0x000002999bc9a580, 0x000002999bc9a898]
Event: 0.114 Thread 0x00000299a8005910  192       1       java.util.LinkedList::linkLast (59 bytes)
Event: 0.114 Thread 0x00000299a82251b0  191       1       java.util.LinkedList::add (7 bytes)
Event: 0.114 Thread 0x00000299a82251b0 nmethod 191 0x000002999bc9aa90 code [0x000002999bc9ac20, 0x000002999bc9ad08]
Event: 0.114 Thread 0x00000299a82251b0  193       1       java.util.LinkedList$Node::<init> (20 bytes)
Event: 0.114 Thread 0x00000299a8005910 nmethod 192 0x000002999bc9ad90 code [0x000002999bc9af40, 0x000002999bc9b258]
Event: 0.114 Thread 0x00000299a82251b0 nmethod 193 0x000002999bc9b310 code [0x000002999bc9b4a0, 0x000002999bc9b678]
Event: 0.114 Thread 0x00000299a8005910  194       1       java.lang.String::<init> (14 bytes)
Event: 0.114 Thread 0x00000299a82251b0  195       1       java.lang.String::rangeCheck (9 bytes)
Event: 0.115 Thread 0x00000299a82251b0 nmethod 195 0x000002999bc9b710 code [0x000002999bc9b8a0, 0x000002999bc9b988]
Event: 0.115 Thread 0x00000299a8005910 nmethod 194 0x000002999bc9ba10 code [0x000002999bc9bbc0, 0x000002999bc9bcf8]
Event: 0.115 Thread 0x00000299a82286d0 nmethod 189 0x000002999bc9be10 code [0x000002999bc9c0a0, 0x000002999bc9cb88]
Event: 0.115 Thread 0x00000299a82286d0  196       1       java.util.ArrayDeque::inc (12 bytes)
Event: 0.115 Thread 0x00000299a82286d0 nmethod 196 0x000002999bc9d610 code [0x000002999bc9d7a0, 0x000002999bc9d858]

GC Heap History (0 events):
No events

Dll operation events (4 events):
Event: 0.004 Loaded shared library c:\Users\Admin\.vscode\extensions\redhat.java-1.35.1-win32-x64\jre\17.0.12-win32-x86_64\bin\java.dll
Event: 0.088 Loaded shared library C:\Users\Admin\.vscode\extensions\redhat.java-1.35.1-win32-x64\jre\17.0.12-win32-x86_64\bin\net.dll
Event: 0.090 Loaded shared library C:\Users\Admin\.vscode\extensions\redhat.java-1.35.1-win32-x64\jre\17.0.12-win32-x86_64\bin\nio.dll
Event: 0.095 Loaded shared library C:\Users\Admin\.vscode\extensions\redhat.java-1.35.1-win32-x64\jre\17.0.12-win32-x86_64\bin\zip.dll

Deoptimization events (0 events):
No events

Classes loaded (20 events):
Event: 0.112 Loading class java/util/LinkedList done
Event: 0.112 Loading class java/util/LinkedList$Node
Event: 0.112 Loading class java/util/LinkedList$Node done
Event: 0.116 Loading class java/util/zip/DataFormatException
Event: 0.116 Loading class java/util/zip/DataFormatException done
Event: 0.116 Loading class java/io/IOException
Event: 0.116 Loading class java/io/IOException done
Event: 0.116 Loading class java/security/PrivilegedActionException
Event: 0.116 Loading class java/security/PrivilegedActionException done
Event: 0.116 Loading class java/lang/SecurityException
Event: 0.116 Loading class java/lang/SecurityException done
Event: 0.116 Loading class java/lang/NoSuchMethodException
Event: 0.116 Loading class java/lang/NoSuchMethodException done
Event: 0.116 Loading class sun/launcher/LauncherHelper$ResourceBundleHolder
Event: 0.116 Loading class sun/launcher/LauncherHelper$ResourceBundleHolder done
Event: 0.116 Loading class java/util/ResourceBundle
Event: 0.117 Loading class java/util/ResourceBundle done
Event: 0.117 Loading class java/util/ResourceBundle$1
Event: 0.117 Loading class jdk/internal/access/JavaUtilResourceBundleAccess
Event: 0.117 Loading class jdk/internal/access/JavaUtilResourceBundleAccess done

Classes unloaded (0 events):
No events

Classes redefined (0 events):
No events

Internal exceptions (1 events):
Event: 0.116 Thread 0x0000029998db4550 Exception <a 'java/lang/OutOfMemoryError'{0x00000000c79dba70}> (0x00000000c79dba70) 
thrown [s\src\hotspot\share\prims\jni.cpp, line 535]

VM Operations (2 events):
Event: 0.096 Executing VM operation: HandshakeAllThreads
Event: 0.096 Executing VM operation: HandshakeAllThreads done

Events (13 events):
Event: 0.016 Thread 0x0000029998db4550 Thread added: 0x0000029998db4550
Event: 0.022 Thread 0x00000299a3bb1380 Thread added: 0x00000299a3bb1380
Event: 0.022 Thread 0x00000299a3bb5130 Thread added: 0x00000299a3bb5130
Event: 0.031 Thread 0x00000299a80003b0 Thread added: 0x00000299a80003b0
Event: 0.031 Thread 0x00000299a8001e90 Thread added: 0x00000299a8001e90
Event: 0.031 Thread 0x00000299a8004770 Thread added: 0x00000299a8004770
Event: 0.031 Thread 0x00000299a8005040 Thread added: 0x00000299a8005040
Event: 0.031 Thread 0x00000299a8005910 Thread added: 0x00000299a8005910
Event: 0.031 Thread 0x00000299a800a240 Thread added: 0x00000299a800a240
Event: 0.075 Thread 0x00000299a82251b0 Thread added: 0x00000299a82251b0
Event: 0.075 Thread 0x00000299a82286d0 Thread added: 0x00000299a82286d0
Event: 0.077 Thread 0x00000299a82612f0 Thread added: 0x00000299a82612f0
Event: 0.081 Thread 0x00000299a825a210 Thread added: 0x00000299a825a210


Dynamic libraries:
0x00007ff774cc0000 - 0x00007ff774cce000 	c:\Users\Admin\.vscode\extensions\redhat.java-1.35.1-win32-x64\jre\17.0.12-win32-x86_64\bin\java.exe
0x00007ffb69e70000 - 0x00007ffb6a087000 	C:\Windows\SYSTEM32\ntdll.dll
0x00007ffb68400000 - 0x00007ffb684c4000 	C:\Windows\System32\KERNEL32.DLL
0x00007ffb67250000 - 0x00007ffb675f6000 	C:\Windows\System32\KERNELBASE.dll
0x00007ffb676a0000 - 0x00007ffb677b1000 	C:\Windows\System32\ucrtbase.dll
0x00007ffade700000 - 0x00007ffade717000 	c:\Users\Admin\.vscode\extensions\redhat.java-1.35.1-win32-x64\jre\17.0.12-win32-x86_64\bin\jli.dll
0x00007ffade6e0000 - 0x00007ffade6fb000 	c:\Users\Admin\.vscode\extensions\redhat.java-1.35.1-win32-x64\jre\17.0.12-win32-x86_64\bin\VCRUNTIME140.dll
0x00007ffb67d90000 - 0x00007ffb67f3e000 	C:\Windows\System32\USER32.dll
0x00007ffb67670000 - 0x00007ffb67696000 	C:\Windows\System32\win32u.dll
0x00007ffb583d0000 - 0x00007ffb58663000 	C:\Windows\WinSxS\amd64_microsoft.windows.common-controls_6595b64144ccf1df_6.0.22621.2506_none_270c5ae97388e100\COMCTL32.dll
0x00007ffb69260000 - 0x00007ffb69289000 	C:\Windows\System32\GDI32.dll
0x00007ffb696a0000 - 0x00007ffb69747000 	C:\Windows\System32\msvcrt.dll
0x00007ffb67960000 - 0x00007ffb67a78000 	C:\Windows\System32\gdi32full.dll
0x00007ffb671b0000 - 0x00007ffb6724a000 	C:\Windows\System32\msvcp_win.dll
0x00007ffb68350000 - 0x00007ffb68381000 	C:\Windows\System32\IMM32.DLL
0x00007ffade6d0000 - 0x00007ffade6dc000 	c:\Users\Admin\.vscode\extensions\redhat.java-1.35.1-win32-x64\jre\17.0.12-win32-x86_64\bin\vcruntime140_1.dll
0x00007ffade640000 - 0x00007ffade6cd000 	c:\Users\Admin\.vscode\extensions\redhat.java-1.35.1-win32-x64\jre\17.0.12-win32-x86_64\bin\msvcp140.dll
0x00007ffadd320000 - 0x00007ffaddf8a000 	c:\Users\Admin\.vscode\extensions\redhat.java-1.35.1-win32-x64\jre\17.0.12-win32-x86_64\bin\server\jvm.dll
0x00007ffb67ff0000 - 0x00007ffb680a3000 	C:\Windows\System32\ADVAPI32.dll
0x00007ffb691b0000 - 0x00007ffb69258000 	C:\Windows\System32\sechost.dll
0x00007ffb67930000 - 0x00007ffb67958000 	C:\Windows\System32\bcrypt.dll
0x00007ffb692e0000 - 0x00007ffb693f7000 	C:\Windows\System32\RPCRT4.dll
0x00007ffb68130000 - 0x00007ffb681a1000 	C:\Windows\System32\WS2_32.dll
0x00007ffb66000000 - 0x00007ffb6604d000 	C:\Windows\SYSTEM32\POWRPROF.dll
0x00007ffb58690000 - 0x00007ffb586c4000 	C:\Windows\SYSTEM32\WINMM.dll
0x00007ffb5de30000 - 0x00007ffb5de3a000 	C:\Windows\SYSTEM32\VERSION.dll
0x00007ffb65fe0000 - 0x00007ffb65ff3000 	C:\Windows\SYSTEM32\UMPDC.dll
0x00007ffb662a0000 - 0x00007ffb662b8000 	C:\Windows\SYSTEM32\kernel.appcore.dll
0x00007ffade4f0000 - 0x00007ffade4fa000 	c:\Users\Admin\.vscode\extensions\redhat.java-1.35.1-win32-x64\jre\17.0.12-win32-x86_64\bin\jimage.dll
0x00007ffb641c0000 - 0x00007ffb643f3000 	C:\Windows\SYSTEM32\DBGHELP.DLL
0x00007ffb69a40000 - 0x00007ffb69dc9000 	C:\Windows\System32\combase.dll
0x00007ffb68270000 - 0x00007ffb68347000 	C:\Windows\System32\OLEAUT32.dll
0x00007ffb58b50000 - 0x00007ffb58b82000 	C:\Windows\SYSTEM32\dbgcore.DLL
0x00007ffb67a80000 - 0x00007ffb67afa000 	C:\Windows\System32\bcryptPrimitives.dll
0x00007ffade600000 - 0x00007ffade625000 	c:\Users\Admin\.vscode\extensions\redhat.java-1.35.1-win32-x64\jre\17.0.12-win32-x86_64\bin\java.dll
0x00007ffade5e0000 - 0x00007ffade5f8000 	c:\Users\Admin\.vscode\extensions\redhat.java-1.35.1-win32-x64\jre\17.0.12-win32-x86_64\bin\zip.dll
0x00007ffb68950000 - 0x00007ffb691ab000 	C:\Windows\System32\SHELL32.dll
0x00007ffb650c0000 - 0x00007ffb659b6000 	C:\Windows\SYSTEM32\windows.storage.dll
0x00007ffb64f80000 - 0x00007ffb650be000 	C:\Windows\SYSTEM32\wintypes.dll
0x00007ffb697e0000 - 0x00007ffb698d3000 	C:\Windows\System32\SHCORE.dll
0x00007ffb69dd0000 - 0x00007ffb69e2e000 	C:\Windows\System32\shlwapi.dll
0x00007ffb670e0000 - 0x00007ffb67106000 	C:\Windows\SYSTEM32\profapi.dll
0x00007ffade580000 - 0x00007ffade599000 	C:\Users\Admin\.vscode\extensions\redhat.java-1.35.1-win32-x64\jre\17.0.12-win32-x86_64\bin\net.dll
0x00007ffb60ac0000 - 0x00007ffb60bf7000 	C:\Windows\SYSTEM32\WINHTTP.dll
0x00007ffb66710000 - 0x00007ffb66779000 	C:\Windows\system32\mswsock.dll
0x00007ffade560000 - 0x00007ffade576000 	C:\Users\Admin\.vscode\extensions\redhat.java-1.35.1-win32-x64\jre\17.0.12-win32-x86_64\bin\nio.dll

dbghelp: loaded successfully - version: 4.0.5 - missing functions: none
symbol engine: initialized successfully - sym options: 0x614 - pdb path: .;c:\Users\Admin\.vscode\extensions\redhat.java-1.35.1-win32-x64\jre\17.0.12-win32-x86_64\bin;C:\Windows\SYSTEM32;C:\Windows\WinSxS\amd64_microsoft.windows.common-controls_6595b64144ccf1df_6.0.22621.2506_none_270c5ae97388e100;c:\Users\Admin\.vscode\extensions\redhat.java-1.35.1-win32-x64\jre\17.0.12-win32-x86_64\bin\server

VM Arguments:
jvm_args: -Xmx1024m -Dsts.lsp.client=vscode -Dsts.log.file=/dev/null -XX:TieredStopAtLevel=1 -Xlog:jni+resolve=off -Dspring.config.location=file:c:\Users\Admin\.vscode\extensions\vmware.vscode-spring-boot-1.56.0\language-server\BOOT-INF\classes\application.properties 
java_command: org.springframework.ide.vscode.boot.app.BootLanguageServerBootApp
java_class_path (initial): c:\Users\Admin\.vscode\extensions\vmware.vscode-spring-boot-1.56.0\language-server\BOOT-INF\classes;c:\Users\Admin\.vscode\extensions\vmware.vscode-spring-boot-1.56.0\language-server\BOOT-INF\lib\annotations-24.1.0.jar;c:\Users\Admin\.vscode\extensions\vmware.vscode-spring-boot-1.56.0\language-server\BOOT-INF\lib\antlr4-runtime-4.13.1.jar;c:\Users\Admin\.vscode\extensions\vmware.vscode-spring-boot-1.56.0\language-server\BOOT-INF\lib\asm-9.7.jar;c:\Users\Admin\.vscode\extensions\vmware.vscode-spring-boot-1.56.0\language-server\BOOT-INF\lib\asm-analysis-9.7.jar;c:\Users\Admin\.vscode\extensions\vmware.vscode-spring-boot-1.56.0\language-server\BOOT-INF\lib\asm-tree-9.7.jar;c:\Users\Admin\.vscode\extensions\vmware.vscode-spring-boot-1.56.0\language-server\BOOT-INF\lib\asm-util-9.7.jar;c:\Users\Admin\.vscode\extensions\vmware.vscode-spring-boot-1.56.0\language-server\BOOT-INF\lib\caffeine-3.1.8.jar;c:\Users\Admin\.vscode\extensions\vmware.vscode-spring-boot-1.56.0\language-server\BOOT-INF\lib\checker-qual-3.12.0.jar;c:\Users\Admin\.vscode\extensions\vmware.vscode-spring-boot-1.56.0\language-server\BOOT-INF\lib\classgraph-4.8.149.jar;c:\Users\Admin\.vscode\extensions\vmware.vscode-spring-boot-1.56.0\language-server\BOOT-INF\lib\commons-codec-1.16.1.jar;c:\Users\Admin\.vscode\extensions\vmware.vscode-spring-boot-1.56.0\language-server\BOOT-INF\lib\commons-compress-1.26.2.jar;c:\Users\Admin\.vscode\extensions\vmware.vscode-spring-boot-1.56.0\language-server\BOOT-INF\lib\commons-io-2.16.1.jar;c:\Users\Admin\.vscode\extensions\vmware.vscode-spring-boot-1.56.0\language-server\BOOT-INF\lib\commons-java-1.56.0-SNAPSHOT.jar;c:\Users\Admin\.vscode\extensions\vmware.vscode-spring-boot-1.56.0\language-server\BOOT-INF\lib\commons-lang3-3.14.0.jar;c:\Users\Admin\.vscode\extensions\vmware.vscode-spring-boot-1.56.0\language-server\BOOT-INF\lib\commons-language-server-1.56.0-SNAPSHOT.jar;c:\Users\Admin\.vscode\extensions\vmware.vscode-spring-boot-1.56.0\langu
Launcher Type: SUN_STANDARD

[Global flags]
     intx CICompilerCount                          = 4                                         {product} {ergonomic}
     uint ConcGCThreads                            = 2                                         {product} {ergonomic}
     uint G1ConcRefinementThreads                  = 8                                         {product} {ergonomic}
   size_t G1HeapRegionSize                         = 1048576                                   {product} {ergonomic}
    uintx GCDrainStackTargetSize                   = 64                                        {product} {ergonomic}
   size_t InitialHeapSize                          = 132120576                                 {product} {ergonomic}
   size_t MarkStackSize                            = 4194304                                   {product} {ergonomic}
   size_t MaxHeapSize                              = 1073741824                                {product} {command line}
   size_t MaxNewSize                               = 643825664                                 {product} {ergonomic}
   size_t MinHeapDeltaBytes                        = 1048576                                   {product} {ergonomic}
   size_t MinHeapSize                              = 8388608                                   {product} {ergonomic}
    uintx NonProfiledCodeHeapSize                  = 0                                      {pd product} {ergonomic}
     bool ProfileInterpreter                       = false                                  {pd product} {command line}
    uintx ProfiledCodeHeapSize                     = 0                                      {pd product} {ergonomic}
   size_t SoftMaxHeapSize                          = 1073741824                             {manageable} {ergonomic}
     intx TieredStopAtLevel                        = 1                                         {product} {command line}
     bool UseCompressedClassPointers               = true                           {product lp64_product} {ergonomic}
     bool UseCompressedOops                        = true                           {product lp64_product} {ergonomic}
     bool UseG1GC                                  = true                                      {product} {ergonomic}
     bool UseLargePagesIndividualAllocation        = false                                  {pd product} {ergonomic}

Logging:
Log output configuration:
 #0: stdout all=warning,jni+resolve=off uptime,level,tags
 #1: stderr all=off uptime,level,tags

Environment Variables:
JAVA_HOME=C:\Program Files\Eclipse Adoptium\jdk-21.0.3.9-hotspot
PATH=C:\Program Files\Eclipse Adoptium\jdk-21.0.3.9-hotspot\bin;C:\Windows\system32;C:\Windows;C:\Windows\System32\Wbem;C:\Windows\System32\WindowsPowerShell\v1.0\;C:\Windows\System32\OpenSSH\;C:\Program Files\Microsoft SQL Server\Client SDK\ODBC\170\Tools\Binn\;C:\Program Files\Microsoft SQL Server\150\Tools\Binn\;C:\Program Files\dotnet\;C:\Program Files\nodejs\;C:\Program Files\Git\cmd;C:\Program Files\apache-maven-3.9.8\bin;;C:\Program Files\Docker\Docker\resources\bin;C:\ProgramData\chocolatey\bin;C:\Users\Admin\AppData\Local\Microsoft\WindowsApps;C:\Users\Admin\.dotnet\tools;C:\Users\Admin\AppData\Local\Programs\Microsoft VS Code\bin;C:\Users\Admin\AppData\Local\JetBrains\Toolbox\scripts;C:\Users\Admin\AppData\Roaming\npm
USERNAME=Admin
OS=Windows_NT
PROCESSOR_IDENTIFIER=Intel64 Family 6 Model 151 Stepping 5, GenuineIntel
TMP=C:\Users\Admin\AppData\Local\Temp
TEMP=C:\Users\Admin\AppData\Local\Temp



Periodic native trim disabled


---------------  S Y S T E M  ---------------

OS:
 Windows 11 , 64 bit Build 22621 (10.0.22621.3078)
OS uptime: 0 days 1:47 hours
Hyper-V role detected

CPU: total 8 (initial active 8) (4 cores per cpu, 2 threads per core) family 6 model 151 stepping 5 microcode 0x1e, cx8, cmov, fxsr, ht, mmx, 3dnowpref, sse, sse2, sse3, ssse3, sse4.1, sse4.2, popcnt, lzcnt, tsc, tscinvbit, avx, avx2, aes, erms, clmul, bmi1, bmi2, adx, sha, fma, vzeroupper, clflush, clflushopt, clwb, hv
Processor Information for all 8 processors :
  Max Mhz: 3300, Current Mhz: 3300, Mhz Limit: 3300

Memory: 4k page, system-wide physical 7969M (617M free)
TotalPageFile size 16161M (AvailPageFile size 0M)
current process WorkingSet (physical memory assigned to process): 33M, peak: 33M
current process commit charge ("private bytes"): 197M, peak: 197M

vm_info: OpenJDK 64-Bit Server VM (17.0.12+7) for windows-amd64 JRE (17.0.12+7), built on Jul 16 2024 22:08:24 by "admin" with MS VC++ 16.10 / 16.11 (VS2019)

END.
