#
# There is insufficient memory for the Java Runtime Environment to continue.
# Native memory allocation (malloc) failed to allocate 1048576 bytes. Error detail: AllocateHeap
# Possible reasons:
#   The system is out of physical RAM or swap space
#   This process is running with CompressedOops enabled, and the Java Heap may be blocking the growth of the native heap
# Possible solutions:
#   Reduce memory load on the system
#   Increase physical memory or swap space
#   Check if swap backing store is full
#   Decrease Java heap size (-Xmx/-Xms)
#   Decrease number of Java threads
#   Decrease Java thread stack sizes (-Xss)
#   Set larger code cache with -XX:ReservedCodeCacheSize=
#   JVM is running with Unscaled Compressed Oops mode in which the Java heap is
#     placed in the first 4GB address space. The Java Heap base address is the
#     maximum limit for the native heap growth. Please use -XX:HeapBaseMinAddress
#     to set the Java Heap base and to place the Java Heap above 4GB virtual address.
# This output file may be truncated or incomplete.
#
#  Out of Memory Error (allocation.cpp:44), pid=16320, tid=17064
#
# JRE version: OpenJDK Runtime Environment Temurin-17.0.12+7 (17.0.12+7) (build 17.0.12+7)
# Java VM: OpenJDK 64-Bit Server VM Temurin-17.0.12+7 (17.0.12+7, mixed mode, emulated-client, tiered, compressed oops, compressed class ptrs, g1 gc, windows-amd64)
# No core dump will be written. Minidumps are not enabled by default on client versions of Windows
#

---------------  S U M M A R Y ------------

Command Line: -Xmx1024m -Dsts.lsp.client=vscode -Dsts.log.file=/dev/null -XX:TieredStopAtLevel=1 -Xlog:jni+resolve=off -Dspring.config.location=file:c:\Users\Admin\.vscode\extensions\vmware.vscode-spring-boot-1.56.0\language-server\BOOT-INF\classes\application.properties org.springframework.ide.vscode.boot.app.BootLanguageServerBootApp

Host: 12th Gen Intel(R) Core(TM) i3-12100, 8 cores, 7G,  Windows 11 , 64 bit Build 22621 (10.0.22621.3078)
Time: Tue Oct  8 09:41:46 2024 Hora est. Pacífico, Sudamérica elapsed time: 6344.111692 seconds (0d 1h 45m 44s)

---------------  T H R E A D  ---------------

Current thread (0x000002a2ba0d48d0):  VMThread "VM Thread" [stack: 0x000000e85a600000,0x000000e85a700000] [id=17064]

Stack: [0x000000e85a600000,0x000000e85a700000]
Native frames: (J=compiled Java code, j=interpreted, Vv=VM code, C=native code)
V  [jvm.dll+0x67f929]
V  [jvm.dll+0x8371ba]
V  [jvm.dll+0x838c7e]
V  [jvm.dll+0x8392e3]
V  [jvm.dll+0x24834f]
V  [jvm.dll+0xa70d3]
V  [jvm.dll+0x2f9073]
V  [jvm.dll+0x2f4d00]
V  [jvm.dll+0x2dd82f]
V  [jvm.dll+0x3201f7]
V  [jvm.dll+0x83d7dd]
V  [jvm.dll+0x83e522]
V  [jvm.dll+0x83ea4f]
V  [jvm.dll+0x83ee34]
V  [jvm.dll+0x83ef00]
V  [jvm.dll+0x7e65dc]
V  [jvm.dll+0x67e7f7]
C  [ucrtbase.dll+0x29363]
C  [KERNEL32.DLL+0x1257d]
C  [ntdll.dll+0x5aa58]

VM_Operation (0x000000e85befea30): G1CollectFull, mode: safepoint, requested by thread 0x000002a2bfca7c40


---------------  P R O C E S S  ---------------

Threads class SMR info:
_java_thread_list=0x000002a2c07a3380, length=28, elements={
0x000002a2ba0ea380, 0x000002a2ba0ecb40, 0x000002a2ba110a30, 0x000002a2ba112510,
0x000002a2ba1151f0, 0x000002a2ba116260, 0x000002a2ba1167f0, 0x000002a2ba2a07b0,
0x000002a2ba49ff90, 0x000002a2ba4a38e0, 0x000002a2bac7b790, 0x000002a2bfca7c40,
0x000002a2bfc9b470, 0x000002a2af2a45c0, 0x000002a2bf715ef0, 0x000002a2bfd81f50,
0x000002a2bfd859c0, 0x000002a2bfd85ed0, 0x000002a2bfd863e0, 0x000002a2bfd87820,
0x000002a2bfd89170, 0x000002a2bfe24af0, 0x000002a2bfe245e0, 0x000002a2bfe20410,
0x000002a2bfe25000, 0x000002a2bfe240d0, 0x000002a2bfe1f9f0, 0x000002a2bfe23bc0
}

Java Threads: ( => current thread )
  0x000002a2ba0ea380 JavaThread "Reference Handler" daemon [_thread_blocked, id=15760, stack(0x000000e85a700000,0x000000e85a800000)]
  0x000002a2ba0ecb40 JavaThread "Finalizer" daemon [_thread_blocked, id=14872, stack(0x000000e85a800000,0x000000e85a900000)]
  0x000002a2ba110a30 JavaThread "Signal Dispatcher" daemon [_thread_blocked, id=16932, stack(0x000000e85a900000,0x000000e85aa00000)]
  0x000002a2ba112510 JavaThread "Attach Listener" daemon [_thread_blocked, id=16852, stack(0x000000e85aa00000,0x000000e85ab00000)]
  0x000002a2ba1151f0 JavaThread "Service Thread" daemon [_thread_blocked, id=16544, stack(0x000000e85ab00000,0x000000e85ac00000)]
  0x000002a2ba116260 JavaThread "Monitor Deflation Thread" daemon [_thread_blocked, id=10144, stack(0x000000e85ac00000,0x000000e85ad00000)]
  0x000002a2ba1167f0 JavaThread "C1 CompilerThread0" daemon [_thread_blocked, id=16248, stack(0x000000e85ad00000,0x000000e85ae00000)]
  0x000002a2ba2a07b0 JavaThread "Sweeper thread" daemon [_thread_blocked, id=4084, stack(0x000000e85ae00000,0x000000e85af00000)]
  0x000002a2ba49ff90 JavaThread "Notification Thread" daemon [_thread_blocked, id=15572, stack(0x000000e85af00000,0x000000e85b000000)]
  0x000002a2ba4a38e0 JavaThread "Common-Cleaner" daemon [_thread_blocked, id=4684, stack(0x000000e85b100000,0x000000e85b200000)]
  0x000002a2bac7b790 JavaThread "boundedElastic-evictor-1" daemon [_thread_blocked, id=4200, stack(0x000000e85b800000,0x000000e85b900000)]
  0x000002a2bfca7c40 JavaThread "pool-13-thread-1" [_thread_blocked, id=16812, stack(0x000000e85be00000,0x000000e85bf00000)]
  0x000002a2bfc9b470 JavaThread "LanguageServerApp-lifecycle" [_thread_blocked, id=7108, stack(0x000000e85bf00000,0x000000e85c000000)]
  0x000002a2af2a45c0 JavaThread "DestroyJavaVM" [_thread_blocked, id=8832, stack(0x000000e859f00000,0x000000e85a000000)]
  0x000002a2bf715ef0 JavaThread "pool-14-thread-1" [_thread_in_native, id=15692, stack(0x000000e85c000000,0x000000e85c100000)]
  0x000002a2bfd81f50 JavaThread "Simple-Language-Server main thread" daemon [_thread_blocked, id=6308, stack(0x000000e85c100000,0x000000e85c200000)]
  0x000002a2bfd859c0 JavaThread "pool-8-thread-1" [_thread_blocked, id=16228, stack(0x000000e85c400000,0x000000e85c500000)]
  0x000002a2bfd85ed0 JavaThread "parallel-1" daemon [_thread_blocked, id=13068, stack(0x000000e85c500000,0x000000e85c600000)]
  0x000002a2bfd863e0 JavaThread "pool-6-thread-1" [_thread_blocked, id=7716, stack(0x000000e85c600000,0x000000e85c700000)]
  0x000002a2bfd87820 JavaThread "parallel-2" daemon [_thread_blocked, id=7800, stack(0x000000e85c700000,0x000000e85c800000)]
  0x000002a2bfd89170 JavaThread "parallel-3" daemon [_thread_blocked, id=10432, stack(0x000000e85c800000,0x000000e85c900000)]
  0x000002a2bfe24af0 JavaThread "Reconciler-1" daemon [_thread_blocked, id=10760, stack(0x000000e85d400000,0x000000e85d500000)]
  0x000002a2bfe245e0 JavaThread "parallel-4" daemon [_thread_blocked, id=16728, stack(0x000000e85ba00000,0x000000e85bb00000)]
  0x000002a2bfe20410 JavaThread "parallel-5" daemon [_thread_blocked, id=15376, stack(0x000000e85d500000,0x000000e85d600000)]
  0x000002a2bfe25000 JavaThread "parallel-6" daemon [_thread_blocked, id=14812, stack(0x000000e85d600000,0x000000e85d700000)]
  0x000002a2bfe240d0 JavaThread "parallel-7" daemon [_thread_blocked, id=15388, stack(0x000000e85d700000,0x000000e85d800000)]
  0x000002a2bfe1f9f0 JavaThread "parallel-8" daemon [_thread_blocked, id=14680, stack(0x000000e85d800000,0x000000e85d900000)]
  0x000002a2bfe23bc0 JavaThread "CompletableFutureDelayScheduler" daemon [_thread_blocked, id=5084, stack(0x000000e85c200000,0x000000e85c300000)]

Other Threads:
=>0x000002a2ba0d48d0 VMThread "VM Thread" [stack: 0x000000e85a600000,0x000000e85a700000] [id=17064]
  0x000002a2ba4a0470 WatcherThread [stack: 0x000000e85b000000,0x000000e85b100000] [id=16896]
  0x000002a2af2e1750 GCTaskThread "GC Thread#0" [stack: 0x000000e85a100000,0x000000e85a200000] [id=1572]
  0x000002a2bf017d50 GCTaskThread "GC Thread#1" [stack: 0x000000e85b300000,0x000000e85b400000] [id=1196]
  0x000002a2bf018010 GCTaskThread "GC Thread#2" [stack: 0x000000e85b400000,0x000000e85b500000] [id=3760]
  0x000002a2bae59720 GCTaskThread "GC Thread#3" [stack: 0x000000e85b500000,0x000000e85b600000] [id=3192]
  0x000002a2bf2948d0 GCTaskThread "GC Thread#4" [stack: 0x000000e85b600000,0x000000e85b700000] [id=16428]
  0x000002a2bf294fa0 GCTaskThread "GC Thread#5" [stack: 0x000000e85b700000,0x000000e85b800000] [id=16400]
  0x000002a2ba8201b0 GCTaskThread "GC Thread#6" [stack: 0x000000e85bb00000,0x000000e85bc00000] [id=16624]
  0x000002a2bad87060 GCTaskThread "GC Thread#7" [stack: 0x000000e85bc00000,0x000000e85bd00000] [id=16500]
  0x000002a2af2eb5c0 ConcurrentGCThread "G1 Main Marker" [stack: 0x000000e85a200000,0x000000e85a300000] [id=16348]
  0x000002a2af2ebef0 ConcurrentGCThread "G1 Conc#0" [stack: 0x000000e85a300000,0x000000e85a400000] [id=1392]
  0x000002a2ba3e1090 ConcurrentGCThread "G1 Conc#1" [stack: 0x000000e85bd00000,0x000000e85be00000] [id=17048]
  0x000002a2af34df30 ConcurrentGCThread "G1 Refine#0" [stack: 0x000000e85a400000,0x000000e85a500000] [id=8996]
  0x000002a2af34e870 ConcurrentGCThread "G1 Service" [stack: 0x000000e85a500000,0x000000e85a600000] [id=7344]

Threads with active compile tasks:

VM state: at safepoint (normal execution)

VM Mutex/Monitor currently owned by a thread:  ([mutex/lock_event])
[0x000002a2ad15de10] Threads_lock - owner thread: 0x000002a2ba0d48d0
[0x000002a2af2a1c80] Heap_lock - owner thread: 0x000002a2bfca7c40

Heap address: 0x00000000c0000000, size: 1024 MB, Compressed Oops mode: 32-bit

CDS archive(s) not mapped
Compressed class space mapped at: 0x0000000100000000-0x0000000140000000, reserved size: 1073741824
Narrow klass base: 0x0000000000000000, Narrow klass shift: 3, Narrow klass range: 0x140000000

GC Precious Log:
 CPUs: 8 total, 8 available
 Memory: 7969M
 Large Page Support: Disabled
 NUMA Support: Disabled
 Compressed Oops: Enabled (32-bit)
 Heap Region Size: 1M
 Heap Min Capacity: 8M
 Heap Initial Capacity: 126M
 Heap Max Capacity: 1G
 Pre-touch: Disabled
 Parallel Workers: 8
 Concurrent Workers: 2
 Concurrent Refinement Workers: 8
 Periodic GC: Disabled

Heap:
 garbage-first heap   total 132096K, used 51724K [0x00000000c0000000, 0x0000000100000000)
  region size 1024K, 1 young (1024K), 0 survivors (0K)
 Metaspace       used 63738K, committed 64256K, reserved 1114112K
  class space    used 7858K, committed 8128K, reserved 1048576K

Heap Regions: E=young(eden), S=young(survivor), O=old, HS=humongous(starts), HC=humongous(continues), CS=collection set, F=free, OA=open archive, CA=closed archive, TAMS=top-at-mark-start (previous, next)
|   0|0x00000000c0000000, 0x00000000c0100000, 0x00000000c0100000|100%|HS|  |TAMS 0x00000000c0100000, 0x00000000c0000000| Untracked 
|   1|0x00000000c0100000, 0x00000000c0200000, 0x00000000c0200000|100%|HC|  |TAMS 0x00000000c0200000, 0x00000000c0100000| Untracked 
|   2|0x00000000c0200000, 0x00000000c0300000, 0x00000000c0300000|100%|HC|  |TAMS 0x00000000c0300000, 0x00000000c0200000| Untracked 
|   3|0x00000000c0300000, 0x00000000c0400000, 0x00000000c0400000|100%|HC|  |TAMS 0x00000000c0400000, 0x00000000c0300000| Untracked 
|   4|0x00000000c0400000, 0x00000000c0500000, 0x00000000c0500000|100%|HS|  |TAMS 0x00000000c0500000, 0x00000000c0400000| Untracked 
|   5|0x00000000c0500000, 0x00000000c0600000, 0x00000000c0600000|100%|HC|  |TAMS 0x00000000c0600000, 0x00000000c0500000| Untracked 
|   6|0x00000000c0600000, 0x00000000c0700000, 0x00000000c0700000|100%| O|  |TAMS 0x00000000c0700000, 0x00000000c0600000| Untracked 
|   7|0x00000000c0700000, 0x00000000c0800000, 0x00000000c0800000|100%| O|  |TAMS 0x00000000c0800000, 0x00000000c0700000| Untracked 
|   8|0x00000000c0800000, 0x00000000c0900000, 0x00000000c0900000|100%| O|  |TAMS 0x00000000c0900000, 0x00000000c0800000| Untracked 
|   9|0x00000000c0900000, 0x00000000c0a00000, 0x00000000c0a00000|100%| O|  |TAMS 0x00000000c0a00000, 0x00000000c0900000| Untracked 
|  10|0x00000000c0a00000, 0x00000000c0b00000, 0x00000000c0b00000|100%| O|  |TAMS 0x00000000c0b00000, 0x00000000c0a00000| Untracked 
|  11|0x00000000c0b00000, 0x00000000c0c00000, 0x00000000c0c00000|100%| O|  |TAMS 0x00000000c0c00000, 0x00000000c0b00000| Untracked 
|  12|0x00000000c0c00000, 0x00000000c0cfffa8, 0x00000000c0d00000| 99%| O|  |TAMS 0x00000000c0cfffa8, 0x00000000c0c00000| Untracked 
|  13|0x00000000c0d00000, 0x00000000c0e00000, 0x00000000c0e00000|100%| O|  |TAMS 0x00000000c0e00000, 0x00000000c0d00000| Untracked 
|  14|0x00000000c0e00000, 0x00000000c0f00000, 0x00000000c0f00000|100%| O|  |TAMS 0x00000000c0f00000, 0x00000000c0e00000| Untracked 
|  15|0x00000000c0f00000, 0x00000000c1000000, 0x00000000c1000000|100%| O|  |TAMS 0x00000000c1000000, 0x00000000c0f00000| Untracked 
|  16|0x00000000c1000000, 0x00000000c10ffff0, 0x00000000c1100000| 99%| O|  |TAMS 0x00000000c10ffff0, 0x00000000c1000000| Untracked 
|  17|0x00000000c1100000, 0x00000000c11fffd8, 0x00000000c1200000| 99%| O|  |TAMS 0x00000000c11fffd8, 0x00000000c1100000| Untracked 
|  18|0x00000000c1200000, 0x00000000c12fffe8, 0x00000000c1300000| 99%| O|  |TAMS 0x00000000c12fffe8, 0x00000000c1200000| Untracked 
|  19|0x00000000c1300000, 0x00000000c13fff58, 0x00000000c1400000| 99%| O|  |TAMS 0x00000000c13fff58, 0x00000000c1300000| Untracked 
|  20|0x00000000c1400000, 0x00000000c14fffe8, 0x00000000c1500000| 99%| O|  |TAMS 0x00000000c14fffe8, 0x00000000c1400000| Untracked 
|  21|0x00000000c1500000, 0x00000000c15ffff0, 0x00000000c1600000| 99%| O|  |TAMS 0x00000000c15ffff0, 0x00000000c1500000| Untracked 
|  22|0x00000000c1600000, 0x00000000c16fffd8, 0x00000000c1700000| 99%| O|  |TAMS 0x00000000c16fffd8, 0x00000000c1600000| Untracked 
|  23|0x00000000c1700000, 0x00000000c17fffe0, 0x00000000c1800000| 99%| O|  |TAMS 0x00000000c17fffe0, 0x00000000c1700000| Untracked 
|  24|0x00000000c1800000, 0x00000000c18fffd8, 0x00000000c1900000| 99%| O|  |TAMS 0x00000000c18fffd8, 0x00000000c1800000| Untracked 
|  25|0x00000000c1900000, 0x00000000c19ffff8, 0x00000000c1a00000| 99%| O|  |TAMS 0x00000000c19ffff8, 0x00000000c1900000| Untracked 
|  26|0x00000000c1a00000, 0x00000000c1affbd8, 0x00000000c1b00000| 99%| O|  |TAMS 0x00000000c1affbd8, 0x00000000c1a00000| Untracked 
|  27|0x00000000c1b00000, 0x00000000c1c00000, 0x00000000c1c00000|100%| O|  |TAMS 0x00000000c1c00000, 0x00000000c1b00000| Untracked 
|  28|0x00000000c1c00000, 0x00000000c1cffff0, 0x00000000c1d00000| 99%| O|  |TAMS 0x00000000c1cffff0, 0x00000000c1c00000| Untracked 
|  29|0x00000000c1d00000, 0x00000000c1dfffe8, 0x00000000c1e00000| 99%| O|  |TAMS 0x00000000c1dfffe8, 0x00000000c1d00000| Untracked 
|  30|0x00000000c1e00000, 0x00000000c1efe380, 0x00000000c1f00000| 99%| O|  |TAMS 0x00000000c1efe380, 0x00000000c1e00000| Untracked 
|  31|0x00000000c1f00000, 0x00000000c2000000, 0x00000000c2000000|100%|HS|  |TAMS 0x00000000c2000000, 0x00000000c1f00000| Untracked 
|  32|0x00000000c2000000, 0x00000000c2100000, 0x00000000c2100000|100%|HS|  |TAMS 0x00000000c2100000, 0x00000000c2000000| Untracked 
|  33|0x00000000c2100000, 0x00000000c21ffff0, 0x00000000c2200000| 99%| O|  |TAMS 0x00000000c21ffff0, 0x00000000c2100000| Untracked 
|  34|0x00000000c2200000, 0x00000000c22fffe8, 0x00000000c2300000| 99%| O|  |TAMS 0x00000000c22fffe8, 0x00000000c2200000| Untracked 
|  35|0x00000000c2300000, 0x00000000c23fffd8, 0x00000000c2400000| 99%| O|  |TAMS 0x00000000c23fffd8, 0x00000000c2300000| Untracked 
|  36|0x00000000c2400000, 0x00000000c24f7000, 0x00000000c2500000| 96%| O|  |TAMS 0x00000000c24f7000, 0x00000000c2400000| Untracked 
|  37|0x00000000c2500000, 0x00000000c25fdb38, 0x00000000c2600000| 99%| O|  |TAMS 0x00000000c25fdb38, 0x00000000c2500000| Untracked 
|  38|0x00000000c2600000, 0x00000000c26fffe8, 0x00000000c2700000| 99%| O|  |TAMS 0x00000000c26fffe8, 0x00000000c2600000| Untracked 
|  39|0x00000000c2700000, 0x00000000c27ffff8, 0x00000000c2800000| 99%| O|  |TAMS 0x00000000c27ffff8, 0x00000000c2700000| Untracked 
|  40|0x00000000c2800000, 0x00000000c28ffff8, 0x00000000c2900000| 99%| O|  |TAMS 0x00000000c28ffff8, 0x00000000c2800000| Untracked 
|  41|0x00000000c2900000, 0x00000000c29ffff0, 0x00000000c2a00000| 99%| O|  |TAMS 0x00000000c29ffff0, 0x00000000c2900000| Untracked 
|  42|0x00000000c2a00000, 0x00000000c2afffb0, 0x00000000c2b00000| 99%| O|  |TAMS 0x00000000c2afffb0, 0x00000000c2a00000| Untracked 
|  43|0x00000000c2b00000, 0x00000000c2bffff0, 0x00000000c2c00000| 99%| O|  |TAMS 0x00000000c2bffff0, 0x00000000c2b00000| Untracked 
|  44|0x00000000c2c00000, 0x00000000c2d00000, 0x00000000c2d00000|100%| O|  |TAMS 0x00000000c2d00000, 0x00000000c2c00000| Untracked 
|  45|0x00000000c2d00000, 0x00000000c2dfe0f8, 0x00000000c2e00000| 99%| O|  |TAMS 0x00000000c2dfe0f8, 0x00000000c2d00000| Untracked 
|  46|0x00000000c2e00000, 0x00000000c2efffc0, 0x00000000c2f00000| 99%| O|  |TAMS 0x00000000c2efffc0, 0x00000000c2e00000| Untracked 
|  47|0x00000000c2f00000, 0x00000000c2fe5438, 0x00000000c3000000| 89%| O|  |TAMS 0x00000000c2f00000, 0x00000000c2f00000| Untracked 
|  48|0x00000000c3000000, 0x00000000c3100000, 0x00000000c3100000|100%| O|  |TAMS 0x00000000c3100000, 0x00000000c3000000| Untracked 
|  49|0x00000000c3100000, 0x00000000c31ffff0, 0x00000000c3200000| 99%| O|  |TAMS 0x00000000c31ffff0, 0x00000000c3100000| Untracked 
|  50|0x00000000c3200000, 0x00000000c32ad390, 0x00000000c3300000| 67%| O|  |TAMS 0x00000000c3200000, 0x00000000c3200000| Untracked 
|  51|0x00000000c3300000, 0x00000000c3300068, 0x00000000c3400000|  0%| O|  |TAMS 0x00000000c3300000, 0x00000000c3300000| Untracked 
|  52|0x00000000c3400000, 0x00000000c3400000, 0x00000000c3500000|  0%| F|  |TAMS 0x00000000c3400000, 0x00000000c3400000| Untracked 
|  53|0x00000000c3500000, 0x00000000c3500000, 0x00000000c3600000|  0%| F|  |TAMS 0x00000000c3500000, 0x00000000c3500000| Untracked 
|  54|0x00000000c3600000, 0x00000000c3600000, 0x00000000c3700000|  0%| F|  |TAMS 0x00000000c3600000, 0x00000000c3600000| Untracked 
|  55|0x00000000c3700000, 0x00000000c3700000, 0x00000000c3800000|  0%| F|  |TAMS 0x00000000c3700000, 0x00000000c3700000| Untracked 
|  56|0x00000000c3800000, 0x00000000c3800000, 0x00000000c3900000|  0%| F|  |TAMS 0x00000000c3800000, 0x00000000c3800000| Untracked 
|  57|0x00000000c3900000, 0x00000000c3900000, 0x00000000c3a00000|  0%| F|  |TAMS 0x00000000c3900000, 0x00000000c3900000| Untracked 
|  58|0x00000000c3a00000, 0x00000000c3a00000, 0x00000000c3b00000|  0%| F|  |TAMS 0x00000000c3a00000, 0x00000000c3a00000| Untracked 
|  59|0x00000000c3b00000, 0x00000000c3b00000, 0x00000000c3c00000|  0%| F|  |TAMS 0x00000000c3b00000, 0x00000000c3b00000| Untracked 
|  60|0x00000000c3c00000, 0x00000000c3c00000, 0x00000000c3d00000|  0%| F|  |TAMS 0x00000000c3c00000, 0x00000000c3c00000| Untracked 
|  61|0x00000000c3d00000, 0x00000000c3d00000, 0x00000000c3e00000|  0%| F|  |TAMS 0x00000000c3d00000, 0x00000000c3d00000| Untracked 
|  62|0x00000000c3e00000, 0x00000000c3e00000, 0x00000000c3f00000|  0%| F|  |TAMS 0x00000000c3e00000, 0x00000000c3e00000| Untracked 
|  63|0x00000000c3f00000, 0x00000000c3f00000, 0x00000000c4000000|  0%| F|  |TAMS 0x00000000c3f00000, 0x00000000c3f00000| Untracked 
|  64|0x00000000c4000000, 0x00000000c4000000, 0x00000000c4100000|  0%| F|  |TAMS 0x00000000c4000000, 0x00000000c4000000| Untracked 
|  65|0x00000000c4100000, 0x00000000c4100000, 0x00000000c4200000|  0%| F|  |TAMS 0x00000000c4100000, 0x00000000c4100000| Untracked 
|  66|0x00000000c4200000, 0x00000000c4200000, 0x00000000c4300000|  0%| F|  |TAMS 0x00000000c4200000, 0x00000000c4200000| Untracked 
|  67|0x00000000c4300000, 0x00000000c4300000, 0x00000000c4400000|  0%| F|  |TAMS 0x00000000c4300000, 0x00000000c4300000| Untracked 
|  68|0x00000000c4400000, 0x00000000c4400000, 0x00000000c4500000|  0%| F|  |TAMS 0x00000000c4400000, 0x00000000c4400000| Untracked 
|  69|0x00000000c4500000, 0x00000000c4500000, 0x00000000c4600000|  0%| F|  |TAMS 0x00000000c4500000, 0x00000000c4500000| Untracked 
|  70|0x00000000c4600000, 0x00000000c4600000, 0x00000000c4700000|  0%| F|  |TAMS 0x00000000c4600000, 0x00000000c4600000| Untracked 
|  71|0x00000000c4700000, 0x00000000c4700000, 0x00000000c4800000|  0%| F|  |TAMS 0x00000000c4700000, 0x00000000c4700000| Untracked 
|  72|0x00000000c4800000, 0x00000000c4800000, 0x00000000c4900000|  0%| F|  |TAMS 0x00000000c4800000, 0x00000000c4800000| Untracked 
|  73|0x00000000c4900000, 0x00000000c4900000, 0x00000000c4a00000|  0%| F|  |TAMS 0x00000000c4900000, 0x00000000c4900000| Untracked 
|  74|0x00000000c4a00000, 0x00000000c4a00000, 0x00000000c4b00000|  0%| F|  |TAMS 0x00000000c4a00000, 0x00000000c4a00000| Untracked 
|  75|0x00000000c4b00000, 0x00000000c4b00000, 0x00000000c4c00000|  0%| F|  |TAMS 0x00000000c4b00000, 0x00000000c4b00000| Untracked 
|  76|0x00000000c4c00000, 0x00000000c4c00000, 0x00000000c4d00000|  0%| F|  |TAMS 0x00000000c4c00000, 0x00000000c4c00000| Untracked 
|  77|0x00000000c4d00000, 0x00000000c4d00000, 0x00000000c4e00000|  0%| F|  |TAMS 0x00000000c4d00000, 0x00000000c4d00000| Untracked 
|  78|0x00000000c4e00000, 0x00000000c4e00000, 0x00000000c4f00000|  0%| F|  |TAMS 0x00000000c4e00000, 0x00000000c4e00000| Untracked 
|  79|0x00000000c4f00000, 0x00000000c4f00000, 0x00000000c5000000|  0%| F|  |TAMS 0x00000000c4f00000, 0x00000000c4f00000| Untracked 
|  80|0x00000000c5000000, 0x00000000c5000000, 0x00000000c5100000|  0%| F|  |TAMS 0x00000000c5000000, 0x00000000c5000000| Untracked 
|  81|0x00000000c5100000, 0x00000000c5100000, 0x00000000c5200000|  0%| F|  |TAMS 0x00000000c5100000, 0x00000000c5100000| Untracked 
|  82|0x00000000c5200000, 0x00000000c5200000, 0x00000000c5300000|  0%| F|  |TAMS 0x00000000c5200000, 0x00000000c5200000| Untracked 
|  83|0x00000000c5300000, 0x00000000c5300000, 0x00000000c5400000|  0%| F|  |TAMS 0x00000000c5300000, 0x00000000c5300000| Untracked 
|  84|0x00000000c5400000, 0x00000000c5400000, 0x00000000c5500000|  0%| F|  |TAMS 0x00000000c5400000, 0x00000000c5400000| Untracked 
|  85|0x00000000c5500000, 0x00000000c5500000, 0x00000000c5600000|  0%| F|  |TAMS 0x00000000c5500000, 0x00000000c5500000| Untracked 
|  86|0x00000000c5600000, 0x00000000c5600000, 0x00000000c5700000|  0%| F|  |TAMS 0x00000000c5600000, 0x00000000c5600000| Untracked 
|  87|0x00000000c5700000, 0x00000000c5700000, 0x00000000c5800000|  0%| F|  |TAMS 0x00000000c5700000, 0x00000000c5700000| Untracked 
|  88|0x00000000c5800000, 0x00000000c5800000, 0x00000000c5900000|  0%| F|  |TAMS 0x00000000c5800000, 0x00000000c5800000| Untracked 
|  89|0x00000000c5900000, 0x00000000c5900000, 0x00000000c5a00000|  0%| F|  |TAMS 0x00000000c5900000, 0x00000000c5900000| Untracked 
|  90|0x00000000c5a00000, 0x00000000c5a00000, 0x00000000c5b00000|  0%| F|  |TAMS 0x00000000c5a00000, 0x00000000c5a00000| Untracked 
|  91|0x00000000c5b00000, 0x00000000c5b00000, 0x00000000c5c00000|  0%| F|  |TAMS 0x00000000c5b00000, 0x00000000c5b00000| Untracked 
|  92|0x00000000c5c00000, 0x00000000c5c00000, 0x00000000c5d00000|  0%| F|  |TAMS 0x00000000c5c00000, 0x00000000c5c00000| Untracked 
|  93|0x00000000c5d00000, 0x00000000c5d00000, 0x00000000c5e00000|  0%| F|  |TAMS 0x00000000c5d00000, 0x00000000c5d00000| Untracked 
|  94|0x00000000c5e00000, 0x00000000c5e00000, 0x00000000c5f00000|  0%| F|  |TAMS 0x00000000c5e00000, 0x00000000c5e00000| Untracked 
|  95|0x00000000c5f00000, 0x00000000c5f00000, 0x00000000c6000000|  0%| F|  |TAMS 0x00000000c5f00000, 0x00000000c5f00000| Untracked 
|  96|0x00000000c6000000, 0x00000000c6000000, 0x00000000c6100000|  0%| F|  |TAMS 0x00000000c6000000, 0x00000000c6000000| Untracked 
|  97|0x00000000c6100000, 0x00000000c6100000, 0x00000000c6200000|  0%| F|  |TAMS 0x00000000c6100000, 0x00000000c6100000| Untracked 
|  98|0x00000000c6200000, 0x00000000c6200000, 0x00000000c6300000|  0%| F|  |TAMS 0x00000000c6200000, 0x00000000c6200000| Untracked 
|  99|0x00000000c6300000, 0x00000000c6300000, 0x00000000c6400000|  0%| F|  |TAMS 0x00000000c6300000, 0x00000000c6300000| Untracked 
| 100|0x00000000c6400000, 0x00000000c6400000, 0x00000000c6500000|  0%| F|  |TAMS 0x00000000c6400000, 0x00000000c6400000| Untracked 
| 101|0x00000000c6500000, 0x00000000c6500000, 0x00000000c6600000|  0%| F|  |TAMS 0x00000000c6500000, 0x00000000c6500000| Untracked 
| 102|0x00000000c6600000, 0x00000000c6600000, 0x00000000c6700000|  0%| F|  |TAMS 0x00000000c6600000, 0x00000000c6600000| Untracked 
| 103|0x00000000c6700000, 0x00000000c6700000, 0x00000000c6800000|  0%| F|  |TAMS 0x00000000c6700000, 0x00000000c6700000| Untracked 
| 104|0x00000000c6800000, 0x00000000c6800000, 0x00000000c6900000|  0%| F|  |TAMS 0x00000000c6800000, 0x00000000c6800000| Untracked 
| 105|0x00000000c6900000, 0x00000000c6900000, 0x00000000c6a00000|  0%| F|  |TAMS 0x00000000c6900000, 0x00000000c6900000| Untracked 
| 106|0x00000000c6a00000, 0x00000000c6a00000, 0x00000000c6b00000|  0%| F|  |TAMS 0x00000000c6a00000, 0x00000000c6a00000| Untracked 
| 107|0x00000000c6b00000, 0x00000000c6b00000, 0x00000000c6c00000|  0%| F|  |TAMS 0x00000000c6b00000, 0x00000000c6b00000| Untracked 
| 108|0x00000000c6c00000, 0x00000000c6c00000, 0x00000000c6d00000|  0%| F|  |TAMS 0x00000000c6c00000, 0x00000000c6c00000| Untracked 
| 109|0x00000000c6d00000, 0x00000000c6d00000, 0x00000000c6e00000|  0%| F|  |TAMS 0x00000000c6d00000, 0x00000000c6d00000| Untracked 
| 110|0x00000000c6e00000, 0x00000000c6e00000, 0x00000000c6f00000|  0%| F|  |TAMS 0x00000000c6e00000, 0x00000000c6e00000| Untracked 
| 111|0x00000000c6f00000, 0x00000000c6f00000, 0x00000000c7000000|  0%| F|  |TAMS 0x00000000c6f00000, 0x00000000c6f00000| Untracked 
| 112|0x00000000c7000000, 0x00000000c7000000, 0x00000000c7100000|  0%| F|  |TAMS 0x00000000c7000000, 0x00000000c7000000| Untracked 
| 113|0x00000000c7100000, 0x00000000c7100000, 0x00000000c7200000|  0%| F|  |TAMS 0x00000000c7100000, 0x00000000c7100000| Untracked 
| 114|0x00000000c7200000, 0x00000000c7200000, 0x00000000c7300000|  0%| F|  |TAMS 0x00000000c7200000, 0x00000000c7200000| Untracked 
| 115|0x00000000c7300000, 0x00000000c7300000, 0x00000000c7400000|  0%| F|  |TAMS 0x00000000c7300000, 0x00000000c7300000| Untracked 
| 116|0x00000000c7400000, 0x00000000c7400000, 0x00000000c7500000|  0%| F|  |TAMS 0x00000000c7400000, 0x00000000c7400000| Untracked 
| 117|0x00000000c7500000, 0x00000000c7500000, 0x00000000c7600000|  0%| F|  |TAMS 0x00000000c7500000, 0x00000000c7500000| Untracked 
| 118|0x00000000c7600000, 0x00000000c7600000, 0x00000000c7700000|  0%| F|  |TAMS 0x00000000c7600000, 0x00000000c7600000| Untracked 
| 119|0x00000000c7700000, 0x00000000c7700000, 0x00000000c7800000|  0%| F|  |TAMS 0x00000000c7700000, 0x00000000c7700000| Untracked 
| 120|0x00000000c7800000, 0x00000000c7800000, 0x00000000c7900000|  0%| F|  |TAMS 0x00000000c7800000, 0x00000000c7800000| Untracked 
| 121|0x00000000c7900000, 0x00000000c7900000, 0x00000000c7a00000|  0%| F|  |TAMS 0x00000000c7900000, 0x00000000c7900000| Untracked 
| 122|0x00000000c7a00000, 0x00000000c7a00000, 0x00000000c7b00000|  0%| F|  |TAMS 0x00000000c7a00000, 0x00000000c7a00000| Untracked 
| 123|0x00000000c7b00000, 0x00000000c7b00000, 0x00000000c7c00000|  0%| F|  |TAMS 0x00000000c7b00000, 0x00000000c7b00000| Untracked 
| 124|0x00000000c7c00000, 0x00000000c7c00000, 0x00000000c7d00000|  0%| F|  |TAMS 0x00000000c7c00000, 0x00000000c7c00000| Untracked 
| 125|0x00000000c7d00000, 0x00000000c7d00000, 0x00000000c7e00000|  0%| F|  |TAMS 0x00000000c7d00000, 0x00000000c7d00000| Untracked 
| 126|0x00000000c7e00000, 0x00000000c7e00000, 0x00000000c7f00000|  0%| F|  |TAMS 0x00000000c7e00000, 0x00000000c7e00000| Untracked 
| 127|0x00000000c7f00000, 0x00000000c7f00000, 0x00000000c8000000|  0%| F|  |TAMS 0x00000000c7f00000, 0x00000000c7f00000| Untracked 
| 128|0x00000000c8000000, 0x00000000c80058a8, 0x00000000c8100000|  2%| E|  |TAMS 0x00000000c8000000, 0x00000000c8000000| Complete 

Card table byte_map: [0x000002a2b5240000,0x000002a2b5440000] _byte_map_base: 0x000002a2b4c40000

Marking Bits (Prev, Next): (CMBitMap*) 0x000002a2af2e2cd0, (CMBitMap*) 0x000002a2af2e2c90
 Prev Bits: [0x000002a2b6640000, 0x000002a2b7640000)
 Next Bits: [0x000002a2b5640000, 0x000002a2b6640000)

Polling page: 0x000002a2aea50000

Metaspace:

Usage:
  Non-class:     54.57 MB used.
      Class:      7.67 MB used.
       Both:     62.24 MB used.

Virtual space:
  Non-class space:       64.00 MB reserved,      54.81 MB ( 86%) committed,  1 nodes.
      Class space:        1.00 GB reserved,       7.94 MB ( <1%) committed,  1 nodes.
             Both:        1.06 GB reserved,      62.75 MB (  6%) committed. 

Chunk freelists:
   Non-Class:  8.50 MB
       Class:  8.13 MB
        Both:  16.62 MB

MaxMetaspaceSize: unlimited
CompressedClassSpaceSize: 1.00 GB
Initial GC threshold: 21.00 MB
Current GC threshold: 104.62 MB
CDS: off
MetaspaceReclaimPolicy: balanced
 - commit_granule_bytes: 65536.
 - commit_granule_words: 8192.
 - virtual_space_node_default_size: 8388608.
 - enlarge_chunks_in_place: 1.
 - new_chunks_are_fully_committed: 0.
 - uncommit_free_chunks: 1.
 - use_allocation_guard: 0.
 - handle_deallocations: 1.


Internal statistics:

num_allocs_failed_limit: 6.
num_arena_births: 1020.
num_arena_deaths: 466.
num_vsnodes_births: 2.
num_vsnodes_deaths: 0.
num_space_committed: 1004.
num_space_uncommitted: 1.
num_chunks_returned_to_freelist: 589.
num_chunks_taken_from_freelist: 3320.
num_chunk_merges: 181.
num_chunk_splits: 2071.
num_chunks_enlarged: 1482.
num_inconsistent_stats: 0.

CodeCache: size=49152Kb used=20251Kb max_used=20708Kb free=28900Kb
 bounds [0x000002a2b1f30000, 0x000002a2b3380000, 0x000002a2b4f30000]
 total_blobs=11204 nmethods=10519 adapters=611
 compilation: enabled
              stopped_count=0, restarted_count=0
 full_count=0

Compilation events (20 events):
Event: 5406.132 Thread 0x000002a2ba1167f0 10615   !   1       java.lang.ProcessImpl::start (733 bytes)
Event: 5406.133 Thread 0x000002a2ba1167f0 nmethod 10615 0x000002a2b3366310 code [0x000002a2b33668e0, 0x000002a2b3369838]
Event: 5406.133 Thread 0x000002a2ba1167f0 10616       1       java.lang.ProcessEnvironment::toEnvironmentBlock (16 bytes)
Event: 5406.133 Thread 0x000002a2ba1167f0 nmethod 10616 0x000002a2b3365f90 code [0x000002a2b3366120, 0x000002a2b3366248]
Event: 5406.133 Thread 0x000002a2ba1167f0 10617   !   1       java.lang.ProcessImpl::<init> (327 bytes)
Event: 5406.135 Thread 0x000002a2ba1167f0 nmethod 10617 0x000002a2b3363810 code [0x000002a2b3363c60, 0x000002a2b3365018]
Event: 5406.135 Thread 0x000002a2ba1167f0 10618       1       java.lang.Process::<init> (5 bytes)
Event: 5406.135 Thread 0x000002a2ba1167f0 nmethod 10618 0x000002a2b3363510 code [0x000002a2b33636a0, 0x000002a2b3363758]
Event: 5406.135 Thread 0x000002a2ba1167f0 10620       1       java.lang.invoke.LambdaForm$DMH/0x0000000100775000::newInvokeSpecial (23 bytes)
Event: 5406.135 Thread 0x000002a2ba1167f0 nmethod 10620 0x000002a2b3363090 code [0x000002a2b3363240, 0x000002a2b33633c8]
Event: 5406.135 Thread 0x000002a2ba1167f0 10621       1       java.lang.ProcessImpl$$Lambda$1120/0x00000001006e8bd0::<init> (10 bytes)
Event: 5406.135 Thread 0x000002a2ba1167f0 nmethod 10621 0x000002a2b3362d90 code [0x000002a2b3362f20, 0x000002a2b3362ff8]
Event: 5406.135 Thread 0x000002a2ba1167f0 10623       1       java.lang.ProcessHandleImpl::getInternal (13 bytes)
Event: 5406.135 Thread 0x000002a2ba1167f0 nmethod 10623 0x000002a2b3362a10 code [0x000002a2b3362ba0, 0x000002a2b3362d08]
Event: 5406.190 Thread 0x000002a2ba1167f0 10624   !   1       java.io.FilterOutputStream::close (183 bytes)
Event: 5406.210 Thread 0x000002a2ba1167f0 nmethod 10624 0x000002a2b3361890 code [0x000002a2b3361aa0, 0x000002a2b3361f78]
Event: 5406.210 Thread 0x000002a2ba1167f0 10626       1       java.lang.ProcessImpl$$Lambda$1120/0x00000001006e8bd0::run (8 bytes)
Event: 5406.210 Thread 0x000002a2ba1167f0 nmethod 10626 0x000002a2b3361590 code [0x000002a2b3361720, 0x000002a2b3361808]
Event: 5406.210 Thread 0x000002a2ba1167f0 10627       1       java.lang.ProcessImpl::lambda$new$0 (6 bytes)
Event: 5406.210 Thread 0x000002a2ba1167f0 nmethod 10627 0x000002a2b3361290 code [0x000002a2b3361420, 0x000002a2b33614e8]

GC Heap History (20 events):
Event: 6243.251 GC heap after
{Heap after GC invocations=430 (full 339):
 garbage-first heap   total 132096K, used 51724K [0x00000000c0000000, 0x0000000100000000)
  region size 1024K, 0 young (0K), 0 survivors (0K)
 Metaspace       used 63738K, committed 64256K, reserved 1114112K
  class space    used 7858K, committed 8128K, reserved 1048576K
}
Event: 6253.312 GC heap before
{Heap before GC invocations=430 (full 339):
 garbage-first heap   total 132096K, used 51724K [0x00000000c0000000, 0x0000000100000000)
  region size 1024K, 1 young (1024K), 0 survivors (0K)
 Metaspace       used 63738K, committed 64256K, reserved 1114112K
  class space    used 7858K, committed 8128K, reserved 1048576K
}
Event: 6253.333 GC heap after
{Heap after GC invocations=431 (full 340):
 garbage-first heap   total 132096K, used 51724K [0x00000000c0000000, 0x0000000100000000)
  region size 1024K, 0 young (0K), 0 survivors (0K)
 Metaspace       used 63738K, committed 64256K, reserved 1114112K
  class space    used 7858K, committed 8128K, reserved 1048576K
}
Event: 6263.401 GC heap before
{Heap before GC invocations=431 (full 340):
 garbage-first heap   total 132096K, used 51724K [0x00000000c0000000, 0x0000000100000000)
  region size 1024K, 1 young (1024K), 0 survivors (0K)
 Metaspace       used 63738K, committed 64256K, reserved 1114112K
  class space    used 7858K, committed 8128K, reserved 1048576K
}
Event: 6263.425 GC heap after
{Heap after GC invocations=432 (full 341):
 garbage-first heap   total 132096K, used 51724K [0x00000000c0000000, 0x0000000100000000)
  region size 1024K, 0 young (0K), 0 survivors (0K)
 Metaspace       used 63738K, committed 64256K, reserved 1114112K
  class space    used 7858K, committed 8128K, reserved 1048576K
}
Event: 6273.489 GC heap before
{Heap before GC invocations=432 (full 341):
 garbage-first heap   total 132096K, used 51724K [0x00000000c0000000, 0x0000000100000000)
  region size 1024K, 1 young (1024K), 0 survivors (0K)
 Metaspace       used 63738K, committed 64256K, reserved 1114112K
  class space    used 7858K, committed 8128K, reserved 1048576K
}
Event: 6273.513 GC heap after
{Heap after GC invocations=433 (full 342):
 garbage-first heap   total 132096K, used 51724K [0x00000000c0000000, 0x0000000100000000)
  region size 1024K, 0 young (0K), 0 survivors (0K)
 Metaspace       used 63738K, committed 64256K, reserved 1114112K
  class space    used 7858K, committed 8128K, reserved 1048576K
}
Event: 6283.583 GC heap before
{Heap before GC invocations=433 (full 342):
 garbage-first heap   total 132096K, used 51724K [0x00000000c0000000, 0x0000000100000000)
  region size 1024K, 1 young (1024K), 0 survivors (0K)
 Metaspace       used 63738K, committed 64256K, reserved 1114112K
  class space    used 7858K, committed 8128K, reserved 1048576K
}
Event: 6283.605 GC heap after
{Heap after GC invocations=434 (full 343):
 garbage-first heap   total 132096K, used 51724K [0x00000000c0000000, 0x0000000100000000)
  region size 1024K, 0 young (0K), 0 survivors (0K)
 Metaspace       used 63738K, committed 64256K, reserved 1114112K
  class space    used 7858K, committed 8128K, reserved 1048576K
}
Event: 6293.663 GC heap before
{Heap before GC invocations=434 (full 343):
 garbage-first heap   total 132096K, used 51724K [0x00000000c0000000, 0x0000000100000000)
  region size 1024K, 1 young (1024K), 0 survivors (0K)
 Metaspace       used 63738K, committed 64256K, reserved 1114112K
  class space    used 7858K, committed 8128K, reserved 1048576K
}
Event: 6293.687 GC heap after
{Heap after GC invocations=435 (full 344):
 garbage-first heap   total 132096K, used 51724K [0x00000000c0000000, 0x0000000100000000)
  region size 1024K, 0 young (0K), 0 survivors (0K)
 Metaspace       used 63738K, committed 64256K, reserved 1114112K
  class space    used 7858K, committed 8128K, reserved 1048576K
}
Event: 6303.765 GC heap before
{Heap before GC invocations=435 (full 344):
 garbage-first heap   total 132096K, used 51724K [0x00000000c0000000, 0x0000000100000000)
  region size 1024K, 1 young (1024K), 0 survivors (0K)
 Metaspace       used 63738K, committed 64256K, reserved 1114112K
  class space    used 7858K, committed 8128K, reserved 1048576K
}
Event: 6303.792 GC heap after
{Heap after GC invocations=436 (full 345):
 garbage-first heap   total 132096K, used 51724K [0x00000000c0000000, 0x0000000100000000)
  region size 1024K, 0 young (0K), 0 survivors (0K)
 Metaspace       used 63738K, committed 64256K, reserved 1114112K
  class space    used 7858K, committed 8128K, reserved 1048576K
}
Event: 6313.869 GC heap before
{Heap before GC invocations=436 (full 345):
 garbage-first heap   total 132096K, used 51724K [0x00000000c0000000, 0x0000000100000000)
  region size 1024K, 1 young (1024K), 0 survivors (0K)
 Metaspace       used 63738K, committed 64256K, reserved 1114112K
  class space    used 7858K, committed 8128K, reserved 1048576K
}
Event: 6313.894 GC heap after
{Heap after GC invocations=437 (full 346):
 garbage-first heap   total 132096K, used 51724K [0x00000000c0000000, 0x0000000100000000)
  region size 1024K, 0 young (0K), 0 survivors (0K)
 Metaspace       used 63738K, committed 64256K, reserved 1114112K
  class space    used 7858K, committed 8128K, reserved 1048576K
}
Event: 6323.960 GC heap before
{Heap before GC invocations=437 (full 346):
 garbage-first heap   total 132096K, used 51724K [0x00000000c0000000, 0x0000000100000000)
  region size 1024K, 1 young (1024K), 0 survivors (0K)
 Metaspace       used 63738K, committed 64256K, reserved 1114112K
  class space    used 7858K, committed 8128K, reserved 1048576K
}
Event: 6323.983 GC heap after
{Heap after GC invocations=438 (full 347):
 garbage-first heap   total 132096K, used 51724K [0x00000000c0000000, 0x0000000100000000)
  region size 1024K, 0 young (0K), 0 survivors (0K)
 Metaspace       used 63738K, committed 64256K, reserved 1114112K
  class space    used 7858K, committed 8128K, reserved 1048576K
}
Event: 6334.067 GC heap before
{Heap before GC invocations=438 (full 347):
 garbage-first heap   total 132096K, used 51724K [0x00000000c0000000, 0x0000000100000000)
  region size 1024K, 1 young (1024K), 0 survivors (0K)
 Metaspace       used 63738K, committed 64256K, reserved 1114112K
  class space    used 7858K, committed 8128K, reserved 1048576K
}
Event: 6334.092 GC heap after
{Heap after GC invocations=439 (full 348):
 garbage-first heap   total 132096K, used 51724K [0x00000000c0000000, 0x0000000100000000)
  region size 1024K, 0 young (0K), 0 survivors (0K)
 Metaspace       used 63738K, committed 64256K, reserved 1114112K
  class space    used 7858K, committed 8128K, reserved 1048576K
}
Event: 6344.108 GC heap before
{Heap before GC invocations=439 (full 348):
 garbage-first heap   total 132096K, used 51724K [0x00000000c0000000, 0x0000000100000000)
  region size 1024K, 1 young (1024K), 0 survivors (0K)
 Metaspace       used 63738K, committed 64256K, reserved 1114112K
  class space    used 7858K, committed 8128K, reserved 1048576K
}

Dll operation events (10 events):
Event: 0.009 Loaded shared library c:\Users\Admin\.vscode\extensions\redhat.java-1.35.1-win32-x64\jre\17.0.12-win32-x86_64\bin\java.dll
Event: 1.034 Loaded shared library C:\Users\Admin\.vscode\extensions\redhat.java-1.35.1-win32-x64\jre\17.0.12-win32-x86_64\bin\net.dll
Event: 1.037 Loaded shared library C:\Users\Admin\.vscode\extensions\redhat.java-1.35.1-win32-x64\jre\17.0.12-win32-x86_64\bin\nio.dll
Event: 1.066 Loaded shared library C:\Users\Admin\.vscode\extensions\redhat.java-1.35.1-win32-x64\jre\17.0.12-win32-x86_64\bin\zip.dll
Event: 2.959 Loaded shared library C:\Users\Admin\.vscode\extensions\redhat.java-1.35.1-win32-x64\jre\17.0.12-win32-x86_64\bin\jimage.dll
Event: 6.184 Loaded shared library c:\Users\Admin\.vscode\extensions\redhat.java-1.35.1-win32-x64\jre\17.0.12-win32-x86_64\bin\verify.dll
Event: 11.655 Loaded shared library C:\Users\Admin\.vscode\extensions\redhat.java-1.35.1-win32-x64\jre\17.0.12-win32-x86_64\bin\management.dll
Event: 11.664 Loaded shared library C:\Users\Admin\.vscode\extensions\redhat.java-1.35.1-win32-x64\jre\17.0.12-win32-x86_64\bin\management_ext.dll
Event: 30.820 Loaded shared library C:\Users\Admin\.vscode\extensions\redhat.java-1.35.1-win32-x64\jre\17.0.12-win32-x86_64\bin\sunmscapi.dll
Event: 31.198 Loaded shared library C:\Users\Admin\.vscode\extensions\redhat.java-1.35.1-win32-x64\jre\17.0.12-win32-x86_64\bin\extnet.dll

Deoptimization events (20 events):
Event: 1612.065 Thread 0x000002a2bfd863e0 DEOPT PACKING pc=0x000002a2b279938c sp=0x000000e85c6fe170
Event: 1612.066 Thread 0x000002a2bfd863e0 DEOPT UNPACKING pc=0x000002a2b1f87143 sp=0x000000e85c6fd6d8 mode 0
Event: 1612.066 Thread 0x000002a2bfd863e0 DEOPT PACKING pc=0x000002a2b280054c sp=0x000000e85c6fe2a0
Event: 1612.066 Thread 0x000002a2bfd863e0 DEOPT UNPACKING pc=0x000002a2b1f87143 sp=0x000000e85c6fd780 mode 0
Event: 1612.066 Thread 0x000002a2bfd863e0 DEOPT PACKING pc=0x000002a2b279938c sp=0x000000e85c6fe3d0
Event: 1612.066 Thread 0x000002a2bfd863e0 DEOPT UNPACKING pc=0x000002a2b1f87143 sp=0x000000e85c6fd938 mode 0
Event: 1612.066 Thread 0x000002a2bfd863e0 DEOPT PACKING pc=0x000002a2b280054c sp=0x000000e85c6fe500
Event: 1612.066 Thread 0x000002a2bfd863e0 DEOPT UNPACKING pc=0x000002a2b1f87143 sp=0x000000e85c6fd9f8 mode 0
Event: 1612.071 Thread 0x000002a2bfd863e0 DEOPT PACKING pc=0x000002a2b279938c sp=0x000000e85c6fe870
Event: 1612.071 Thread 0x000002a2bfd863e0 DEOPT UNPACKING pc=0x000002a2b1f87143 sp=0x000000e85c6fddd8 mode 0
Event: 1612.071 Thread 0x000002a2bfd863e0 DEOPT PACKING pc=0x000002a2b280054c sp=0x000000e85c6fe9a0
Event: 1612.071 Thread 0x000002a2bfd863e0 DEOPT UNPACKING pc=0x000002a2b1f87143 sp=0x000000e85c6fde98 mode 0
Event: 2290.237 Thread 0x000002a2bfe25a20 DEOPT PACKING pc=0x000002a2b2c62984 sp=0x000000e859efdbf0
Event: 2290.237 Thread 0x000002a2bfe25a20 DEOPT UNPACKING pc=0x000002a2b1f87143 sp=0x000000e859efd068 mode 0
Event: 3865.936 Thread 0x000002a2bfd863e0 DEOPT PACKING pc=0x000002a2b2e8cccc sp=0x000000e85c6fe2b0
Event: 3865.936 Thread 0x000002a2bfd863e0 DEOPT UNPACKING pc=0x000002a2b1f87143 sp=0x000000e85c6fd740 mode 0
Event: 3865.936 Thread 0x000002a2bfd863e0 DEOPT PACKING pc=0x000002a2b2e02004 sp=0x000000e85c6fe320
Event: 3865.936 Thread 0x000002a2bfd863e0 DEOPT UNPACKING pc=0x000002a2b1f87143 sp=0x000000e85c6fd7c0 mode 0
Event: 3949.737 Thread 0x000002a2bfe25510 DEOPT PACKING pc=0x000002a2b2a3214c sp=0x000000e85b2fdd10
Event: 3949.737 Thread 0x000002a2bfe25510 DEOPT UNPACKING pc=0x000002a2b1f87143 sp=0x000000e85b2fd1d0 mode 0

Classes loaded (20 events):
Event: 2033.026 Loading class sun/text/SupplementaryCharacterData
Event: 2033.026 Loading class sun/text/SupplementaryCharacterData done
Event: 2033.026 Loading class java/text/BreakIterator$BreakIteratorCache
Event: 2033.026 Loading class java/text/BreakIterator$BreakIteratorCache done
Event: 2033.026 Loading class java/text/StringCharacterIterator
Event: 2033.026 Loading class java/text/CharacterIterator
Event: 2033.026 Loading class java/text/CharacterIterator done
Event: 2033.026 Loading class java/text/StringCharacterIterator done
Event: 2033.155 Loading class java/util/EmptyStackException
Event: 2033.155 Loading class java/util/EmptyStackException done
Event: 2033.159 Loading class java/io/InvalidClassException
Event: 2033.159 Loading class java/io/InvalidClassException done
Event: 2033.167 Loading class java/util/ArrayList$ListItr
Event: 2033.167 Loading class java/util/ArrayList$ListItr done
Event: 2470.081 Loading class java/io/RandomAccessFile$1
Event: 2470.081 Loading class java/io/RandomAccessFile$1 done
Event: 2727.401 Loading class java/util/concurrent/ConcurrentHashMap$TreeNode
Event: 2727.401 Loading class java/util/concurrent/ConcurrentHashMap$TreeNode done
Event: 2727.401 Loading class java/util/concurrent/ConcurrentHashMap$TreeBin
Event: 2727.402 Loading class java/util/concurrent/ConcurrentHashMap$TreeBin done

Classes unloaded (20 events):
Event: 3000.993 Thread 0x000002a2ba0d48d0 Unloading class 0x00000001007d0800 'jdk/internal/reflect/GeneratedMethodAccessor20'
Event: 3131.739 Thread 0x000002a2ba0d48d0 Unloading class 0x00000001007a9000 'jdk/internal/reflect/GeneratedMethodAccessor23'
Event: 3951.227 Thread 0x000002a2ba0d48d0 Unloading class 0x00000001007d9400 'java/lang/invoke/LambdaForm$MH+0x00000001007d9400'
Event: 3951.227 Thread 0x000002a2ba0d48d0 Unloading class 0x00000001007d9000 'java/lang/invoke/LambdaForm$MH+0x00000001007d9000'
Event: 3951.227 Thread 0x000002a2ba0d48d0 Unloading class 0x00000001007a9400 'java/lang/invoke/LambdaForm$MH+0x00000001007a9400'
Event: 3951.227 Thread 0x000002a2ba0d48d0 Unloading class 0x00000001007a9000 'java/lang/invoke/LambdaForm$MH+0x00000001007a9000'
Event: 3966.920 Thread 0x000002a2ba0d48d0 Unloading class 0x00000001007e0c00 'java/lang/invoke/LambdaForm$MH+0x00000001007e0c00'
Event: 3966.920 Thread 0x000002a2ba0d48d0 Unloading class 0x00000001007e0800 'java/lang/invoke/LambdaForm$MH+0x00000001007e0800'
Event: 3966.920 Thread 0x000002a2ba0d48d0 Unloading class 0x00000001007e0400 'java/lang/invoke/LambdaForm$MH+0x00000001007e0400'
Event: 3966.920 Thread 0x000002a2ba0d48d0 Unloading class 0x00000001007db400 'jdk/internal/reflect/GeneratedMethodAccessor31'
Event: 3966.920 Thread 0x000002a2ba0d48d0 Unloading class 0x00000001007db000 'jdk/internal/reflect/GeneratedConstructorAccessor75'
Event: 3966.920 Thread 0x000002a2ba0d48d0 Unloading class 0x00000001007dac00 'jdk/internal/reflect/GeneratedMethodAccessor30'
Event: 3966.920 Thread 0x000002a2ba0d48d0 Unloading class 0x00000001007da800 'jdk/internal/reflect/GeneratedConstructorAccessor74'
Event: 3966.920 Thread 0x000002a2ba0d48d0 Unloading class 0x00000001007da400 'jdk/internal/reflect/GeneratedMethodAccessor29'
Event: 3966.920 Thread 0x000002a2ba0d48d0 Unloading class 0x00000001007da000 'jdk/internal/reflect/GeneratedMethodAccessor28'
Event: 3966.920 Thread 0x000002a2ba0d48d0 Unloading class 0x00000001007d9c00 'jdk/internal/reflect/GeneratedMethodAccessor27'
Event: 4175.781 Thread 0x000002a2ba0d48d0 Unloading class 0x00000001007e0400 'jdk/internal/reflect/GeneratedConstructorAccessor78'
Event: 4783.211 Thread 0x000002a2ba0d48d0 Unloading class 0x00000001007e0800 'java/lang/invoke/LambdaForm$MH+0x00000001007e0800'
Event: 4783.211 Thread 0x000002a2ba0d48d0 Unloading class 0x00000001007d9c00 'java/lang/invoke/LambdaForm$MH+0x00000001007d9c00'
Event: 4783.211 Thread 0x000002a2ba0d48d0 Unloading class 0x00000001007e0400 'java/lang/invoke/LambdaForm$MH+0x00000001007e0400'

Classes redefined (0 events):
No events

Internal exceptions (20 events):
Event: 2470.153 Thread 0x000002a2bfd863e0 Exception <a 'sun/nio/fs/WindowsException'{0x00000000c6fe1520}> (0x00000000c6fe1520) 
thrown [s\src\hotspot\share\prims\jni.cpp, line 516]
Event: 2470.153 Thread 0x000002a2bfd863e0 Exception <a 'sun/nio/fs/WindowsException'{0x00000000c6fe2088}> (0x00000000c6fe2088) 
thrown [s\src\hotspot\share\prims\jni.cpp, line 516]
Event: 2470.153 Thread 0x000002a2bfd863e0 Exception <a 'sun/nio/fs/WindowsException'{0x00000000c6fe2c90}> (0x00000000c6fe2c90) 
thrown [s\src\hotspot\share\prims\jni.cpp, line 516]
Event: 2788.564 Thread 0x000002a2bfe1f4e0 Exception <a 'java/lang/ClassCastException'{0x00000000c5a63180}> (0x00000000c5a63180) 
thrown [s\src\hotspot\share\runtime\sharedRuntime.cpp, line 631]
Event: 2796.155 Thread 0x000002a2bfe1f4e0 Exception <a 'java/lang/ClassCastException'{0x00000000c80edcf0}> (0x00000000c80edcf0) 
thrown [s\src\hotspot\share\runtime\sharedRuntime.cpp, line 631]
Event: 2796.231 Thread 0x000002a2bfe1f4e0 Exception <a 'java/lang/ClassCastException'{0x00000000c7b656d0}> (0x00000000c7b656d0) 
thrown [s\src\hotspot\share\runtime\sharedRuntime.cpp, line 631]
Event: 2796.720 Thread 0x000002a2bfe1f4e0 Exception <a 'java/lang/ClassCastException'{0x00000000c77c1da0}> (0x00000000c77c1da0) 
thrown [s\src\hotspot\share\runtime\sharedRuntime.cpp, line 631]
Event: 2801.415 Thread 0x000002a2bfe1f4e0 Exception <a 'java/lang/ClassCastException'{0x00000000c6802a18}> (0x00000000c6802a18) 
thrown [s\src\hotspot\share\runtime\sharedRuntime.cpp, line 631]
Event: 2866.168 Thread 0x000002a2bfe1e5b0 Exception <a 'java/lang/ClassCastException'{0x00000000c6225910}> (0x00000000c6225910) 
thrown [s\src\hotspot\share\runtime\sharedRuntime.cpp, line 631]
Event: 2927.490 Thread 0x000002a2bfe231a0 Exception <a 'java/lang/ClassCastException'{0x00000000c5d828e8}> (0x00000000c5d828e8) 
thrown [s\src\hotspot\share\runtime\sharedRuntime.cpp, line 631]
Event: 2999.693 Thread 0x000002a2bfe22c90 Exception <a 'java/lang/ClassCastException'{0x00000000c5648738}> (0x00000000c5648738) 
thrown [s\src\hotspot\share\runtime\sharedRuntime.cpp, line 631]
Event: 3675.038 Thread 0x000002a2bfe20920 Exception <a 'java/lang/ClassCastException'{0x00000000c5ab2bb0}> (0x00000000c5ab2bb0) 
thrown [s\src\hotspot\share\runtime\sharedRuntime.cpp, line 631]
Event: 3949.288 Thread 0x000002a2bfe25a20 Exception <a 'java/lang/NoSuchMethodError'{0x00000000c6fd8688}: 'java.lang.Object java.lang.invoke.DirectMethodHandle$Holder.newInvokeSpecial(java.lang.Object, java.lang.Object, int, java.lang.Object)'> (0x00000000c6fd8688) 
thrown [s\src\hotspot\share\interpreter\linkResolver.cpp, line 759]
Event: 3949.288 Thread 0x000002a2bfe25a20 Exception <a 'java/lang/NoSuchMethodError'{0x00000000c6fdbfa8}: 'java.lang.Object java.lang.invoke.Invokers$Holder.linkToTargetMethod(java.lang.Object, int, java.lang.Object, java.lang.Object)'> (0x00000000c6fdbfa8) 
thrown [s\src\hotspot\share\interpreter\linkResolver.cpp, line 759]
Event: 4658.604 Thread 0x000002a2bfe25510 Exception <a 'java/lang/ClassCastException'{0x00000000c6912d18}> (0x00000000c6912d18) 
thrown [s\src\hotspot\share\runtime\sharedRuntime.cpp, line 631]
Event: 4658.704 Thread 0x000002a2bfe25510 Exception <a 'java/lang/ClassCastException'{0x00000000c6740510}> (0x00000000c6740510) 
thrown [s\src\hotspot\share\runtime\sharedRuntime.cpp, line 631]
Event: 4736.202 Thread 0x000002a2bfe25510 Exception <a 'java/lang/ClassCastException'{0x00000000c5550960}> (0x00000000c5550960) 
thrown [s\src\hotspot\share\runtime\sharedRuntime.cpp, line 631]
Event: 4736.208 Thread 0x000002a2bfe25510 Exception <a 'java/lang/ClassCastException'{0x00000000c540c968}> (0x00000000c540c968) 
thrown [s\src\hotspot\share\runtime\sharedRuntime.cpp, line 631]
Event: 4847.812 Thread 0x000002a2bfe1eac0 Exception <a 'java/lang/ClassCastException'{0x00000000c7a49a68}> (0x00000000c7a49a68) 
thrown [s\src\hotspot\share\runtime\sharedRuntime.cpp, line 631]
Event: 4847.815 Thread 0x000002a2bfe1eac0 Exception <a 'java/lang/ClassCastException'{0x00000000c794bf28}> (0x00000000c794bf28) 
thrown [s\src\hotspot\share\runtime\sharedRuntime.cpp, line 631]

VM Operations (20 events):
Event: 6243.251 Executing VM operation: G1CollectFull done
Event: 6253.311 Executing VM operation: G1CollectFull
Event: 6253.333 Executing VM operation: G1CollectFull done
Event: 6263.401 Executing VM operation: G1CollectFull
Event: 6263.425 Executing VM operation: G1CollectFull done
Event: 6273.489 Executing VM operation: G1CollectFull
Event: 6273.513 Executing VM operation: G1CollectFull done
Event: 6283.583 Executing VM operation: G1CollectFull
Event: 6283.605 Executing VM operation: G1CollectFull done
Event: 6293.663 Executing VM operation: G1CollectFull
Event: 6293.687 Executing VM operation: G1CollectFull done
Event: 6303.765 Executing VM operation: G1CollectFull
Event: 6303.792 Executing VM operation: G1CollectFull done
Event: 6313.869 Executing VM operation: G1CollectFull
Event: 6313.894 Executing VM operation: G1CollectFull done
Event: 6323.960 Executing VM operation: G1CollectFull
Event: 6323.983 Executing VM operation: G1CollectFull done
Event: 6334.067 Executing VM operation: G1CollectFull
Event: 6334.092 Executing VM operation: G1CollectFull done
Event: 6344.108 Executing VM operation: G1CollectFull

Events (20 events):
Event: 4796.228 Thread 0x000002a2bfe25510 Thread exited: 0x000002a2bfe25510
Event: 4796.243 Thread 0x000002a2bfe20920 Thread exited: 0x000002a2bfe20920
Event: 4828.730 Thread 0x000002a2bfe25f30 Thread exited: 0x000002a2bfe25f30
Event: 4847.796 Thread 0x000002a2bfe21340 Thread added: 0x000002a2bfe21340
Event: 4847.797 Thread 0x000002a2bfe1eac0 Thread added: 0x000002a2bfe1eac0
Event: 4924.824 Thread 0x000002a2bfe21850 Thread added: 0x000002a2bfe21850
Event: 4984.849 Thread 0x000002a2bfe1eac0 Thread exited: 0x000002a2bfe1eac0
Event: 4988.186 Thread 0x000002a2bfe1f4e0 Thread added: 0x000002a2bfe1f4e0
Event: 5029.230 Thread 0x000002a2bfe21340 Thread exited: 0x000002a2bfe21340
Event: 5048.226 Thread 0x000002a2bfe1f4e0 Thread exited: 0x000002a2bfe1f4e0
Event: 5048.437 Thread 0x000002a2bfe25510 Thread added: 0x000002a2bfe25510
Event: 5108.473 Thread 0x000002a2bfe25510 Thread exited: 0x000002a2bfe25510
Event: 5121.274 Thread 0x000002a2bfe20920 Thread added: 0x000002a2bfe20920
Event: 5181.298 Thread 0x000002a2bfe20920 Thread exited: 0x000002a2bfe20920
Event: 5182.602 Thread 0x000002a2bfe231a0 Thread exited: 0x000002a2bfe231a0
Event: 5185.228 Thread 0x000002a2bfe21850 Thread exited: 0x000002a2bfe21850
Event: 5292.132 Thread 0x000002a2bfe25a20 Thread added: 0x000002a2bfe25a20
Event: 5292.133 Thread 0x000002a2bfe20920 Thread added: 0x000002a2bfe20920
Event: 5352.171 Thread 0x000002a2bfe25a20 Thread exited: 0x000002a2bfe25a20
Event: 5352.171 Thread 0x000002a2bfe20920 Thread exited: 0x000002a2bfe20920


Dynamic libraries:
0x00007ff774cc0000 - 0x00007ff774cce000 	c:\Users\Admin\.vscode\extensions\redhat.java-1.35.1-win32-x64\jre\17.0.12-win32-x86_64\bin\java.exe
0x00007ffb69e70000 - 0x00007ffb6a087000 	C:\Windows\SYSTEM32\ntdll.dll
0x00007ffb68400000 - 0x00007ffb684c4000 	C:\Windows\System32\KERNEL32.DLL
0x00007ffb67250000 - 0x00007ffb675f6000 	C:\Windows\System32\KERNELBASE.dll
0x00007ffb676a0000 - 0x00007ffb677b1000 	C:\Windows\System32\ucrtbase.dll
0x00007ffade700000 - 0x00007ffade717000 	c:\Users\Admin\.vscode\extensions\redhat.java-1.35.1-win32-x64\jre\17.0.12-win32-x86_64\bin\jli.dll
0x00007ffb67d90000 - 0x00007ffb67f3e000 	C:\Windows\System32\USER32.dll
0x00007ffb67670000 - 0x00007ffb67696000 	C:\Windows\System32\win32u.dll
0x00007ffb69260000 - 0x00007ffb69289000 	C:\Windows\System32\GDI32.dll
0x00007ffb67960000 - 0x00007ffb67a78000 	C:\Windows\System32\gdi32full.dll
0x00007ffb671b0000 - 0x00007ffb6724a000 	C:\Windows\System32\msvcp_win.dll
0x00007ffade6e0000 - 0x00007ffade6fb000 	c:\Users\Admin\.vscode\extensions\redhat.java-1.35.1-win32-x64\jre\17.0.12-win32-x86_64\bin\VCRUNTIME140.dll
0x00007ffb583d0000 - 0x00007ffb58663000 	C:\Windows\WinSxS\amd64_microsoft.windows.common-controls_6595b64144ccf1df_6.0.22621.2506_none_270c5ae97388e100\COMCTL32.dll
0x00007ffb696a0000 - 0x00007ffb69747000 	C:\Windows\System32\msvcrt.dll
0x00007ffb68350000 - 0x00007ffb68381000 	C:\Windows\System32\IMM32.DLL
0x00007ffade6d0000 - 0x00007ffade6dc000 	c:\Users\Admin\.vscode\extensions\redhat.java-1.35.1-win32-x64\jre\17.0.12-win32-x86_64\bin\vcruntime140_1.dll
0x00007ffade640000 - 0x00007ffade6cd000 	c:\Users\Admin\.vscode\extensions\redhat.java-1.35.1-win32-x64\jre\17.0.12-win32-x86_64\bin\msvcp140.dll
0x00007ffadd320000 - 0x00007ffaddf8a000 	c:\Users\Admin\.vscode\extensions\redhat.java-1.35.1-win32-x64\jre\17.0.12-win32-x86_64\bin\server\jvm.dll
0x00007ffb67ff0000 - 0x00007ffb680a3000 	C:\Windows\System32\ADVAPI32.dll
0x00007ffb691b0000 - 0x00007ffb69258000 	C:\Windows\System32\sechost.dll
0x00007ffb67930000 - 0x00007ffb67958000 	C:\Windows\System32\bcrypt.dll
0x00007ffb692e0000 - 0x00007ffb693f7000 	C:\Windows\System32\RPCRT4.dll
0x00007ffb68130000 - 0x00007ffb681a1000 	C:\Windows\System32\WS2_32.dll
0x00007ffb66000000 - 0x00007ffb6604d000 	C:\Windows\SYSTEM32\POWRPROF.dll
0x00007ffb58690000 - 0x00007ffb586c4000 	C:\Windows\SYSTEM32\WINMM.dll
0x00007ffb5de30000 - 0x00007ffb5de3a000 	C:\Windows\SYSTEM32\VERSION.dll
0x00007ffb65fe0000 - 0x00007ffb65ff3000 	C:\Windows\SYSTEM32\UMPDC.dll
0x00007ffb662a0000 - 0x00007ffb662b8000 	C:\Windows\SYSTEM32\kernel.appcore.dll
0x00007ffade4f0000 - 0x00007ffade4fa000 	c:\Users\Admin\.vscode\extensions\redhat.java-1.35.1-win32-x64\jre\17.0.12-win32-x86_64\bin\jimage.dll
0x00007ffb641c0000 - 0x00007ffb643f3000 	C:\Windows\SYSTEM32\DBGHELP.DLL
0x00007ffb69a40000 - 0x00007ffb69dc9000 	C:\Windows\System32\combase.dll
0x00007ffb68270000 - 0x00007ffb68347000 	C:\Windows\System32\OLEAUT32.dll
0x00007ffb58b50000 - 0x00007ffb58b82000 	C:\Windows\SYSTEM32\dbgcore.DLL
0x00007ffb67a80000 - 0x00007ffb67afa000 	C:\Windows\System32\bcryptPrimitives.dll
0x00007ffade600000 - 0x00007ffade625000 	c:\Users\Admin\.vscode\extensions\redhat.java-1.35.1-win32-x64\jre\17.0.12-win32-x86_64\bin\java.dll
0x00007ffade5e0000 - 0x00007ffade5f8000 	c:\Users\Admin\.vscode\extensions\redhat.java-1.35.1-win32-x64\jre\17.0.12-win32-x86_64\bin\zip.dll
0x00007ffb68950000 - 0x00007ffb691ab000 	C:\Windows\System32\SHELL32.dll
0x00007ffb650c0000 - 0x00007ffb659b6000 	C:\Windows\SYSTEM32\windows.storage.dll
0x00007ffb64f80000 - 0x00007ffb650be000 	C:\Windows\SYSTEM32\wintypes.dll
0x00007ffb697e0000 - 0x00007ffb698d3000 	C:\Windows\System32\SHCORE.dll
0x00007ffb69dd0000 - 0x00007ffb69e2e000 	C:\Windows\System32\shlwapi.dll
0x00007ffb670e0000 - 0x00007ffb67106000 	C:\Windows\SYSTEM32\profapi.dll
0x00007ffade580000 - 0x00007ffade599000 	C:\Users\Admin\.vscode\extensions\redhat.java-1.35.1-win32-x64\jre\17.0.12-win32-x86_64\bin\net.dll
0x00007ffb60ac0000 - 0x00007ffb60bf7000 	C:\Windows\SYSTEM32\WINHTTP.dll
0x00007ffb66710000 - 0x00007ffb66779000 	C:\Windows\system32\mswsock.dll
0x00007ffade560000 - 0x00007ffade576000 	C:\Users\Admin\.vscode\extensions\redhat.java-1.35.1-win32-x64\jre\17.0.12-win32-x86_64\bin\nio.dll
0x00007ffade5d0000 - 0x00007ffade5e0000 	c:\Users\Admin\.vscode\extensions\redhat.java-1.35.1-win32-x64\jre\17.0.12-win32-x86_64\bin\verify.dll
0x00007ffb66a60000 - 0x00007ffb66a7b000 	C:\Windows\SYSTEM32\CRYPTSP.dll
0x00007ffb66200000 - 0x00007ffb66235000 	C:\Windows\system32\rsaenh.dll
0x00007ffb667b0000 - 0x00007ffb667dc000 	C:\Windows\SYSTEM32\USERENV.dll
0x00007ffb66a40000 - 0x00007ffb66a4c000 	C:\Windows\SYSTEM32\CRYPTBASE.dll
0x00007ffb65c20000 - 0x00007ffb65c4d000 	C:\Windows\SYSTEM32\IPHLPAPI.DLL
0x00007ffb67bc0000 - 0x00007ffb67bc9000 	C:\Windows\System32\NSI.dll
0x00007ffb60cf0000 - 0x00007ffb60d09000 	C:\Windows\SYSTEM32\dhcpcsvc6.DLL
0x00007ffb60900000 - 0x00007ffb6091f000 	C:\Windows\SYSTEM32\dhcpcsvc.DLL
0x00007ffb65ce0000 - 0x00007ffb65dd9000 	C:\Windows\SYSTEM32\DNSAPI.dll
0x00007ffb58b40000 - 0x00007ffb58b49000 	C:\Users\Admin\.vscode\extensions\redhat.java-1.35.1-win32-x64\jre\17.0.12-win32-x86_64\bin\management.dll
0x00007ffb56ac0000 - 0x00007ffb56acb000 	C:\Users\Admin\.vscode\extensions\redhat.java-1.35.1-win32-x64\jre\17.0.12-win32-x86_64\bin\management_ext.dll
0x00007ffb68390000 - 0x00007ffb68398000 	C:\Windows\System32\PSAPI.DLL
0x00007ffb61560000 - 0x00007ffb6156e000 	C:\Users\Admin\.vscode\extensions\redhat.java-1.35.1-win32-x64\jre\17.0.12-win32-x86_64\bin\sunmscapi.dll
0x00007ffb677c0000 - 0x00007ffb67926000 	C:\Windows\System32\CRYPT32.dll
0x00007ffb66b70000 - 0x00007ffb66b9e000 	C:\Windows\SYSTEM32\ncrypt.dll
0x00007ffb66b30000 - 0x00007ffb66b67000 	C:\Windows\SYSTEM32\NTASN1.dll
0x00007ffb5edc0000 - 0x00007ffb5edca000 	C:\Windows\System32\rasadhlp.dll
0x00007ffb5fee0000 - 0x00007ffb5ff63000 	C:\Windows\System32\fwpuclnt.dll
0x00007ffb56ab0000 - 0x00007ffb56ab9000 	C:\Users\Admin\.vscode\extensions\redhat.java-1.35.1-win32-x64\jre\17.0.12-win32-x86_64\bin\extnet.dll

dbghelp: loaded successfully - version: 4.0.5 - missing functions: none
symbol engine: initialized successfully - sym options: 0x614 - pdb path: .;c:\Users\Admin\.vscode\extensions\redhat.java-1.35.1-win32-x64\jre\17.0.12-win32-x86_64\bin;C:\Windows\SYSTEM32;C:\Windows\WinSxS\amd64_microsoft.windows.common-controls_6595b64144ccf1df_6.0.22621.2506_none_270c5ae97388e100;c:\Users\Admin\.vscode\extensions\redhat.java-1.35.1-win32-x64\jre\17.0.12-win32-x86_64\bin\server

VM Arguments:
jvm_args: -Xmx1024m -Dsts.lsp.client=vscode -Dsts.log.file=/dev/null -XX:TieredStopAtLevel=1 -Xlog:jni+resolve=off -Dspring.config.location=file:c:\Users\Admin\.vscode\extensions\vmware.vscode-spring-boot-1.56.0\language-server\BOOT-INF\classes\application.properties 
java_command: org.springframework.ide.vscode.boot.app.BootLanguageServerBootApp
java_class_path (initial): c:\Users\Admin\.vscode\extensions\vmware.vscode-spring-boot-1.56.0\language-server\BOOT-INF\classes;c:\Users\Admin\.vscode\extensions\vmware.vscode-spring-boot-1.56.0\language-server\BOOT-INF\lib\annotations-24.1.0.jar;c:\Users\Admin\.vscode\extensions\vmware.vscode-spring-boot-1.56.0\language-server\BOOT-INF\lib\antlr4-runtime-4.13.1.jar;c:\Users\Admin\.vscode\extensions\vmware.vscode-spring-boot-1.56.0\language-server\BOOT-INF\lib\asm-9.7.jar;c:\Users\Admin\.vscode\extensions\vmware.vscode-spring-boot-1.56.0\language-server\BOOT-INF\lib\asm-analysis-9.7.jar;c:\Users\Admin\.vscode\extensions\vmware.vscode-spring-boot-1.56.0\language-server\BOOT-INF\lib\asm-tree-9.7.jar;c:\Users\Admin\.vscode\extensions\vmware.vscode-spring-boot-1.56.0\language-server\BOOT-INF\lib\asm-util-9.7.jar;c:\Users\Admin\.vscode\extensions\vmware.vscode-spring-boot-1.56.0\language-server\BOOT-INF\lib\caffeine-3.1.8.jar;c:\Users\Admin\.vscode\extensions\vmware.vscode-spring-boot-1.56.0\language-server\BOOT-INF\lib\checker-qual-3.12.0.jar;c:\Users\Admin\.vscode\extensions\vmware.vscode-spring-boot-1.56.0\language-server\BOOT-INF\lib\classgraph-4.8.149.jar;c:\Users\Admin\.vscode\extensions\vmware.vscode-spring-boot-1.56.0\language-server\BOOT-INF\lib\commons-codec-1.16.1.jar;c:\Users\Admin\.vscode\extensions\vmware.vscode-spring-boot-1.56.0\language-server\BOOT-INF\lib\commons-compress-1.26.2.jar;c:\Users\Admin\.vscode\extensions\vmware.vscode-spring-boot-1.56.0\language-server\BOOT-INF\lib\commons-io-2.16.1.jar;c:\Users\Admin\.vscode\extensions\vmware.vscode-spring-boot-1.56.0\language-server\BOOT-INF\lib\commons-java-1.56.0-SNAPSHOT.jar;c:\Users\Admin\.vscode\extensions\vmware.vscode-spring-boot-1.56.0\language-server\BOOT-INF\lib\commons-lang3-3.14.0.jar;c:\Users\Admin\.vscode\extensions\vmware.vscode-spring-boot-1.56.0\language-server\BOOT-INF\lib\commons-language-server-1.56.0-SNAPSHOT.jar;c:\Users\Admin\.vscode\extensions\vmware.vscode-spring-boot-1.56.0\langu
Launcher Type: SUN_STANDARD

[Global flags]
     intx CICompilerCount                          = 4                                         {product} {ergonomic}
     uint ConcGCThreads                            = 2                                         {product} {ergonomic}
     uint G1ConcRefinementThreads                  = 8                                         {product} {ergonomic}
   size_t G1HeapRegionSize                         = 1048576                                   {product} {ergonomic}
    uintx GCDrainStackTargetSize                   = 64                                        {product} {ergonomic}
   size_t InitialHeapSize                          = 132120576                                 {product} {ergonomic}
   size_t MarkStackSize                            = 4194304                                   {product} {ergonomic}
   size_t MaxHeapSize                              = 1073741824                                {product} {command line}
   size_t MaxNewSize                               = 643825664                                 {product} {ergonomic}
   size_t MinHeapDeltaBytes                        = 1048576                                   {product} {ergonomic}
   size_t MinHeapSize                              = 8388608                                   {product} {ergonomic}
    uintx NonProfiledCodeHeapSize                  = 0                                      {pd product} {ergonomic}
     bool ProfileInterpreter                       = false                                  {pd product} {command line}
    uintx ProfiledCodeHeapSize                     = 0                                      {pd product} {ergonomic}
   size_t SoftMaxHeapSize                          = 1073741824                             {manageable} {ergonomic}
     intx TieredStopAtLevel                        = 1                                         {product} {command line}
     bool UseCompressedClassPointers               = true                           {product lp64_product} {ergonomic}
     bool UseCompressedOops                        = true                           {product lp64_product} {ergonomic}
     bool UseG1GC                                  = true                                      {product} {ergonomic}
     bool UseLargePagesIndividualAllocation        = false                                  {pd product} {ergonomic}

Logging:
Log output configuration:
 #0: stdout all=warning,jni+resolve=off uptime,level,tags
 #1: stderr all=off uptime,level,tags

Environment Variables:
JAVA_HOME=C:\Program Files\Eclipse Adoptium\jdk-21.0.3.9-hotspot
PATH=C:\Program Files\Eclipse Adoptium\jdk-21.0.3.9-hotspot\bin;C:\Windows\system32;C:\Windows;C:\Windows\System32\Wbem;C:\Windows\System32\WindowsPowerShell\v1.0\;C:\Windows\System32\OpenSSH\;C:\Program Files\Microsoft SQL Server\Client SDK\ODBC\170\Tools\Binn\;C:\Program Files\Microsoft SQL Server\150\Tools\Binn\;C:\Program Files\dotnet\;C:\Program Files\nodejs\;C:\Program Files\Git\cmd;C:\Program Files\apache-maven-3.9.8\bin;;C:\Program Files\Docker\Docker\resources\bin;C:\ProgramData\chocolatey\bin;C:\Users\Admin\AppData\Local\Microsoft\WindowsApps;C:\Users\Admin\.dotnet\tools;C:\Users\Admin\AppData\Local\Programs\Microsoft VS Code\bin;C:\Users\Admin\AppData\Local\JetBrains\Toolbox\scripts;C:\Users\Admin\AppData\Roaming\npm
USERNAME=Admin
OS=Windows_NT
PROCESSOR_IDENTIFIER=Intel64 Family 6 Model 151 Stepping 5, GenuineIntel
TMP=C:\Users\Admin\AppData\Local\Temp
TEMP=C:\Users\Admin\AppData\Local\Temp



Periodic native trim disabled


---------------  S Y S T E M  ---------------

OS:
 Windows 11 , 64 bit Build 22621 (10.0.22621.3078)
OS uptime: 0 days 1:47 hours
Hyper-V role detected

CPU: total 8 (initial active 8) (4 cores per cpu, 2 threads per core) family 6 model 151 stepping 5 microcode 0x1e, cx8, cmov, fxsr, ht, mmx, 3dnowpref, sse, sse2, sse3, ssse3, sse4.1, sse4.2, popcnt, lzcnt, tsc, tscinvbit, avx, avx2, aes, erms, clmul, bmi1, bmi2, adx, sha, fma, vzeroupper, clflush, clflushopt, clwb, hv
Processor Information for all 8 processors :
  Max Mhz: 3300, Current Mhz: 3300, Mhz Limit: 3300

Memory: 4k page, system-wide physical 7969M (864M free)
TotalPageFile size 16161M (AvailPageFile size 62M)
current process WorkingSet (physical memory assigned to process): 110M, peak: 248M
current process commit charge ("private bytes"): 315M, peak: 330M

vm_info: OpenJDK 64-Bit Server VM (17.0.12+7) for windows-amd64 JRE (17.0.12+7), built on Jul 16 2024 22:08:24 by "admin" with MS VC++ 16.10 / 16.11 (VS2019)

END.
