#
# There is insufficient memory for the Java Runtime Environment to continue.
# Native memory allocation (mmap) failed to map 65536 bytes. Error detail: Failed to commit metaspace.
# Possible reasons:
#   The system is out of physical RAM or swap space
#   This process is running with CompressedOops enabled, and the Java Heap may be blocking the growth of the native heap
# Possible solutions:
#   Reduce memory load on the system
#   Increase physical memory or swap space
#   Check if swap backing store is full
#   Decrease Java heap size (-Xmx/-Xms)
#   Decrease number of Java threads
#   Decrease Java thread stack sizes (-Xss)
#   Set larger code cache with -XX:ReservedCodeCacheSize=
#   JVM is running with Unscaled Compressed Oops mode in which the Java heap is
#     placed in the first 4GB address space. The Java Heap base address is the
#     maximum limit for the native heap growth. Please use -XX:HeapBaseMinAddress
#     to set the Java Heap base and to place the Java Heap above 4GB virtual address.
# This output file may be truncated or incomplete.
#
#  Out of Memory Error (virtualSpaceNode.cpp:110), pid=17616, tid=17488
#
# JRE version: OpenJDK Runtime Environment Temurin-17.0.11+9 (17.0.11+9) (build 17.0.11+9)
# Java VM: OpenJDK 64-Bit Server VM Temurin-17.0.11+9 (17.0.11+9, mixed mode, emulated-client, tiered, compressed oops, compressed class ptrs, g1 gc, windows-amd64)
# No core dump will be written. Minidumps are not enabled by default on client versions of Windows
#

---------------  S U M M A R Y ------------

Command Line: -Xmx1024m -Dsts.lsp.client=vscode -Dsts.log.file=/dev/null -XX:TieredStopAtLevel=1 -Xlog:jni+resolve=off -Dspring.config.location=file:c:\Users\Admin\.vscode\extensions\vmware.vscode-spring-boot-1.56.0\language-server\BOOT-INF\classes\application.properties org.springframework.ide.vscode.boot.app.BootLanguageServerBootApp

Host: 12th Gen Intel(R) Core(TM) i3-12100, 8 cores, 7G,  Windows 11 , 64 bit Build 22621 (10.0.22621.3078)
Time: Tue Aug 27 14:26:04 2024 Hora est. Pacífico, Sudamérica elapsed time: 5.720289 seconds (0d 0h 0m 5s)

---------------  T H R E A D  ---------------

Current thread (0x000001b4160ce8e0):  JavaThread "pool-4-thread-1" [_thread_in_vm, id=17488, stack(0x0000004634400000,0x0000004634500000)]

Stack: [0x0000004634400000,0x0000004634500000]
Native frames: (J=compiled Java code, j=interpreted, Vv=VM code, C=native code)
V  [jvm.dll+0x67d429]
V  [jvm.dll+0x834b7a]
V  [jvm.dll+0x83663e]
V  [jvm.dll+0x836ca3]
V  [jvm.dll+0x247dbf]
V  [jvm.dll+0x83083b]
V  [jvm.dll+0x621d56]
V  [jvm.dll+0x1c1b3e]
V  [jvm.dll+0x6246b1]
V  [jvm.dll+0x6226f6]
V  [jvm.dll+0x1ebfce]
V  [jvm.dll+0x1ecb10]
V  [jvm.dll+0x1e1f11]
V  [jvm.dll+0x54250e]
V  [jvm.dll+0x7aecb8]
V  [jvm.dll+0x7aeda4]
V  [jvm.dll+0x4106a5]
V  [jvm.dll+0x416819]
C  [java.dll+0x17ec]

Java frames: (J=compiled Java code, j=interpreted, Vv=VM code)
J 863  java.lang.ClassLoader.defineClass1(Ljava/lang/ClassLoader;Ljava/lang/String;[BIILjava/security/ProtectionDomain;Ljava/lang/String;)Ljava/lang/Class; java.base@17.0.11 (0 bytes) @ 0x000001b4082f375b [0x000001b4082f36a0+0x00000000000000bb]
J 773 c1 java.lang.ClassLoader.defineClass(Ljava/lang/String;[BIILjava/security/ProtectionDomain;)Ljava/lang/Class; java.base@17.0.11 (43 bytes) @ 0x000001b4082d17dc [0x000001b4082d16e0+0x00000000000000fc]
J 759 c1 jdk.internal.loader.BuiltinClassLoader.defineClass(Ljava/lang/String;Ljdk/internal/loader/Resource;)Ljava/lang/Class; java.base@17.0.11 (121 bytes) @ 0x000001b4082ca744 [0x000001b4082ca2a0+0x00000000000004a4]
J 758 c1 jdk.internal.loader.BuiltinClassLoader.findClassOnClassPathOrNull(Ljava/lang/String;)Ljava/lang/Class; java.base@17.0.11 (64 bytes) @ 0x000001b4082cb3c4 [0x000001b4082cb120+0x00000000000002a4]
J 674 c1 jdk.internal.loader.BuiltinClassLoader.loadClassOrNull(Ljava/lang/String;Z)Ljava/lang/Class; java.base@17.0.11 (143 bytes) @ 0x000001b4082a2744 [0x000001b4082a2300+0x0000000000000444]
J 740 c1 jdk.internal.loader.ClassLoaders$AppClassLoader.loadClass(Ljava/lang/String;Z)Ljava/lang/Class; java.base@17.0.11 (40 bytes) @ 0x000001b4082c1f24 [0x000001b4082c1de0+0x0000000000000144]
J 739 c1 java.lang.ClassLoader.loadClass(Ljava/lang/String;)Ljava/lang/Class; java.base@17.0.11 (7 bytes) @ 0x000001b4082c1364 [0x000001b4082c1320+0x0000000000000044]
v  ~StubRoutines::call_stub
j  org.eclipse.jdt.internal.compiler.batch.Main.initialize(Ljava/io/PrintWriter;Ljava/io/PrintWriter;ZLjava/util/Map;Lorg/eclipse/jdt/core/compiler/CompilationProgress;)V+1
j  org.eclipse.jdt.internal.compiler.batch.Main.<init>(Ljava/io/PrintWriter;Ljava/io/PrintWriter;ZLjava/util/Map;Lorg/eclipse/jdt/core/compiler/CompilationProgress;)V+83
j  org.eclipse.jdt.core.dom.ASTParser.getClasspath()Ljava/util/List;+27
v  ~StubRoutines::call_stub
j  jdk.internal.reflect.NativeMethodAccessorImpl.invoke0(Ljava/lang/reflect/Method;Ljava/lang/Object;[Ljava/lang/Object;)Ljava/lang/Object;+0 java.base@17.0.11
j  jdk.internal.reflect.NativeMethodAccessorImpl.invoke(Ljava/lang/Object;[Ljava/lang/Object;)Ljava/lang/Object;+133 java.base@17.0.11
J 3518 c1 jdk.internal.reflect.DelegatingMethodAccessorImpl.invoke(Ljava/lang/Object;[Ljava/lang/Object;)Ljava/lang/Object; java.base@17.0.11 (10 bytes) @ 0x000001b40878a5e4 [0x000001b40878a5a0+0x0000000000000044]
J 3522 c1 java.lang.reflect.Method.invoke(Ljava/lang/Object;[Ljava/lang/Object;)Ljava/lang/Object; java.base@17.0.11 (65 bytes) @ 0x000001b40878ded4 [0x000001b40878dde0+0x00000000000000f4]
j  org.springframework.ide.vscode.boot.java.utils.CUResolver.getClasspath(Lorg/eclipse/jdt/core/dom/ASTParser;)Ljava/util/List;+16
j  org.springframework.ide.vscode.boot.java.utils.CompilationUnitCache.createClasspath([Ljava/lang/String;)Ljava/util/List;+20
j  org.springframework.ide.vscode.boot.java.utils.CompilationUnitCache.lambda$loadLookupEnvTuple$7(Lorg/springframework/ide/vscode/commons/java/IJavaProject;)Lreactor/util/function/Tuple2;+21
j  org.springframework.ide.vscode.boot.java.utils.CompilationUnitCache$$Lambda$901+0x0000000100585b70.call()Ljava/lang/Object;+4
j  com.google.common.cache.LocalCache$LocalManualCache$1.load(Ljava/lang/Object;)Ljava/lang/Object;+4
j  com.google.common.cache.LocalCache$LoadingValueReference.loadFuture(Ljava/lang/Object;Lcom/google/common/cache/CacheLoader;)Lcom/google/common/util/concurrent/ListenableFuture;+24
j  com.google.common.cache.LocalCache$Segment.loadSync(Ljava/lang/Object;ILcom/google/common/cache/LocalCache$LoadingValueReference;Lcom/google/common/cache/CacheLoader;)Ljava/lang/Object;+4
j  com.google.common.cache.LocalCache$Segment.lockedGetOrLoad(Ljava/lang/Object;ILcom/google/common/cache/CacheLoader;)Ljava/lang/Object;+393
j  com.google.common.cache.LocalCache$Segment.get(Ljava/lang/Object;ILcom/google/common/cache/CacheLoader;)Ljava/lang/Object;+138
j  com.google.common.cache.LocalCache.get(Ljava/lang/Object;Lcom/google/common/cache/CacheLoader;)Ljava/lang/Object;+17
j  com.google.common.cache.LocalCache$LocalManualCache.get(Ljava/lang/Object;Ljava/util/concurrent/Callable;)Ljava/lang/Object;+19
j  org.springframework.ide.vscode.boot.java.utils.CompilationUnitCache.loadLookupEnvTuple(Lorg/springframework/ide/vscode/commons/java/IJavaProject;)Lreactor/util/function/Tuple2;+16
j  org.springframework.ide.vscode.boot.java.utils.CompilationUnitCache.lambda$requestCU$5(Ljava/net/URI;Lorg/springframework/ide/vscode/commons/java/IJavaProject;)Lorg/eclipse/jdt/core/dom/CompilationUnit;+16
j  org.springframework.ide.vscode.boot.java.utils.CompilationUnitCache$$Lambda$899+0x0000000100584d28.get()Ljava/lang/Object;+12
j  java.util.concurrent.CompletableFuture$AsyncSupply.run()V+37 java.base@17.0.11
j  java.util.concurrent.ThreadPoolExecutor.runWorker(Ljava/util/concurrent/ThreadPoolExecutor$Worker;)V+92 java.base@17.0.11
j  java.util.concurrent.ThreadPoolExecutor$Worker.run()V+5 java.base@17.0.11
j  java.lang.Thread.run()V+11 java.base@17.0.11
v  ~StubRoutines::call_stub

Compiled method (n/a)    5740  863     n 0       java.lang.ClassLoader::defineClass1 (native)
 total in heap  [0x000001b4082f3510,0x000001b4082f39e8] = 1240
 relocation     [0x000001b4082f3668,0x000001b4082f36a0] = 56
 main code      [0x000001b4082f36a0,0x000001b4082f39e8] = 840

[Constant Pool (empty)]

[MachCode]
[Entry Point]
  # {method} {0x000001b41101de78} 'defineClass1' '(Ljava/lang/ClassLoader;Ljava/lang/String;[BIILjava/security/ProtectionDomain;Ljava/lang/String;)Ljava/lang/Class;' in 'java/lang/ClassLoader'
  # parm0:    rdx:rdx   = 'java/lang/ClassLoader'
  # parm1:    r8:r8     = 'java/lang/String'
  # parm2:    r9:r9     = '[B'
  # parm3:    rdi       = int
  # parm4:    rsi       = int
  # parm5:    rcx:rcx   = 'java/security/ProtectionDomain'
  # parm6:    [sp+0xa0]   = 'java/lang/String'  (sp of caller)
  0x000001b4082f36a0: 448b 5208 | 49c1 e203 | 493b c20f | 8407 0000 

  0x000001b4082f36b0: ;   {runtime_call ic_miss_stub}
  0x000001b4082f36b0: 00e9 cad9 | cdff 6690 
[Verified Entry Point]
  0x000001b4082f36b8: 8984 2400 | 90ff ff55 | 488b ec48 | 81ec 9000 | 0000 4881 | 7d10 0000 | 0000 488d | 4510 480f 
  0x000001b4082f36d8: 4445 1048 | 8944 2440 | 4889 4c24 | 7048 83f9 | 0048 8d44 | 2470 480f | 4444 2470 | 4889 4424 
  0x000001b4082f36f8: 3848 8974 | 2430 4889 | 7c24 284c | 894c 2458 | 4983 f900 | 488d 4424 | 5848 0f44 | 4424 5848 
  0x000001b4082f3718: 8944 2420 | 4c89 4424 | 5049 83f8 | 004c 8d4c | 2450 4c0f | 444c 2450 | 4889 5424 | 4848 83fa 
  0x000001b4082f3738: 004c 8d44 | 2448 4c0f | 4444 2448 

  0x000001b4082f3744: ;   {oop(a 'java/lang/Class'{0x00000000c0c6e900} = 'java/lang/ClassLoader')}
  0x000001b4082f3744: 49be 00e9 | c6c0 0000 | 0000 4c89 | 7424 784c | 8d74 2478 | 498b d6c5 

  0x000001b4082f375c: ;   {internal_word}
  0x000001b4082f375c: f877 49ba | 5b37 2f08 | b401 0000 | 4d89 97a0 | 0200 0049 | 89a7 9802 

  0x000001b4082f3774: ;   {external_word}
  0x000001b4082f3774: 0000 49ba | 5835 8492 | fd7f 0000 | 4180 3a00 | 0f84 5200 | 0000 5241 

  0x000001b4082f378c: ;   {metadata({method} {0x000001b41101de78} 'defineClass1' '(Ljava/lang/ClassLoader;Ljava/lang/String;[BIILjava/security/ProtectionDomain;Ljava/lang/String;)Ljava/lang/Class;' in 'java/lang/ClassLoader')}
  0x000001b4082f378c: 5041 5148 | ba70 de01 | 11b4 0100 | 0049 8bcf | 4883 ec20 | f7c4 0f00 | 0000 0f84 | 1a00 0000 
  0x000001b4082f37ac: 4883 ec08 

  0x000001b4082f37b0: ;   {runtime_call}
  0x000001b4082f37b0: 49ba 6031 | 3a92 fd7f | 0000 41ff | d248 83c4 | 08e9 0d00 

  0x000001b4082f37c4: ;   {runtime_call}
  0x000001b4082f37c4: 0000 49ba | 6031 3a92 | fd7f 0000 | 41ff d248 | 83c4 2041 | 5941 585a | 498d 8fb8 | 0200 0041 
  0x000001b4082f37e4: c787 4803 | 0000 0400 

  0x000001b4082f37ec: ;   {runtime_call}
  0x000001b4082f37ec: 0000 49ba | ac16 11fa | fd7f 0000 | 41ff d2c5 | f877 41c7 | 8748 0300 | 0005 0000 | 00f0 8344 
  0x000001b4082f380c: 24c0 0049 | 3baf 5003 | 0000 0f87 | 1100 0000 | 4181 bf38 | 0300 0000 | 0000 000f | 842c 0000 
  0x000001b4082f382c: 00c5 f877 | 4889 45f8 | 498b cf4c | 8be4 4883 | ec20 4883 

  0x000001b4082f3840: ;   {runtime_call}
  0x000001b4082f3840: e4f0 49ba | c045 4a92 | fd7f 0000 | 41ff d249 | 8be4 4d33 | e448 8b45 | f841 c787 | 4803 0000 
  0x000001b4082f3860: 0800 0000 | 4181 bfb8 | 0300 0002 | 0000 000f | 843f 0100 

  0x000001b4082f3874: ;   {external_word}
  0x000001b4082f3874: 0049 ba58 | 3584 92fd | 7f00 0041 | 803a 000f | 8450 0000 | 0048 8945 

  0x000001b4082f388c: ;   {metadata({method} {0x000001b41101de78} 'defineClass1' '(Ljava/lang/ClassLoader;Ljava/lang/String;[BIILjava/security/ProtectionDomain;Ljava/lang/String;)Ljava/lang/Class;' in 'java/lang/ClassLoader')}
  0x000001b4082f388c: f848 ba70 | de01 11b4 | 0100 0049 | 8bcf 4883 | ec20 f7c4 | 0f00 0000 | 0f84 1a00 | 0000 4883 
  0x000001b4082f38ac: ;   {runtime_call}
  0x000001b4082f38ac: ec08 49ba | 6031 3a92 | fd7f 0000 | 41ff d248 | 83c4 08e9 | 0d00 0000 

  0x000001b4082f38c4: ;   {runtime_call}
  0x000001b4082f38c4: 49ba 6031 | 3a92 fd7f | 0000 41ff | d248 83c4 | 2048 8b45 | f849 c787 | 9802 0000 | 0000 0000 
  0x000001b4082f38e4: 49c7 87a0 | 0200 0000 | 0000 00c5 | f877 4885 | c00f 8493 | 0000 0048 | f7c0 0100 | 0000 0f84 
  0x000001b4082f3904: 8300 0000 | 488b 40ff | 4180 7f38 | 000f 846f | 0000 0048 | 83f8 000f | 8465 0000 | 0049 8b4f 
  0x000001b4082f3924: 2048 83f9 | 000f 8414 | 0000 0048 | 83e9 0849 | 894f 2049 | 034f 3048 | 8901 e943 | 0000 0050 
  0x000001b4082f3944: 498b d748 | 8bc8 4883 | ec20 f7c4 | 0f00 0000 | 0f84 1a00 | 0000 4883 

  0x000001b4082f395c: ;   {runtime_call}
  0x000001b4082f395c: ec08 49ba | 604d f991 | fd7f 0000 | 41ff d248 | 83c4 08e9 | 0d00 0000 

  0x000001b4082f3974: ;   {runtime_call}
  0x000001b4082f3974: 49ba 604d | f991 fd7f | 0000 41ff | d248 83c4 | 2058 e903 | 0000 0048 | 8b00 498b | 8fd8 0000 
  0x000001b4082f3994: 00c7 8100 | 0100 0000 | 0000 00c9 | 4981 7f08 | 0000 0000 | 0f85 0100 

  0x000001b4082f39ac: ;   {runtime_call StubRoutines (1)}
  0x000001b4082f39ac: 0000 c3e9 | 4cd5 c8ff | c5f8 7748 | 8945 f84c | 8be4 4883 | ec20 4883 

  0x000001b4082f39c4: ;   {runtime_call}
  0x000001b4082f39c4: e4f0 49ba | e061 3a92 | fd7f 0000 | 41ff d249 | 8be4 4d33 | e448 8b45 | f8e9 93fe | ffff f4f4 
  0x000001b4082f39e4: f4f4 f4f4 
[/MachCode]


Compiled method (c1)    5758  773       1       java.lang.ClassLoader::defineClass (43 bytes)
 total in heap  [0x000001b4082d1510,0x000001b4082d1ab0] = 1440
 relocation     [0x000001b4082d1668,0x000001b4082d16c8] = 96
 main code      [0x000001b4082d16e0,0x000001b4082d1880] = 416
 stub code      [0x000001b4082d1880,0x000001b4082d18f8] = 120
 metadata       [0x000001b4082d18f8,0x000001b4082d1928] = 48
 scopes data    [0x000001b4082d1928,0x000001b4082d19e0] = 184
 scopes pcs     [0x000001b4082d19e0,0x000001b4082d1a80] = 160
 dependencies   [0x000001b4082d1a80,0x000001b4082d1a88] = 8
 nul chk table  [0x000001b4082d1a88,0x000001b4082d1ab0] = 40

[Constant Pool (empty)]

[MachCode]
[Entry Point]
  # {method} {0x000001b41101dce8} 'defineClass' '(Ljava/lang/String;[BIILjava/security/ProtectionDomain;)Ljava/lang/Class;' in 'java/lang/ClassLoader'
  # this:     rdx:rdx   = 'java/lang/ClassLoader'
  # parm0:    r8:r8     = 'java/lang/String'
  # parm1:    r9:r9     = '[B'
  # parm2:    rdi       = int
  # parm3:    rsi       = int
  # parm4:    rcx:rcx   = 'java/security/ProtectionDomain'
  #           [sp+0xc0]  (sp of caller)
  0x000001b4082d16e0: 448b 5208 | 49c1 e203 

  0x000001b4082d16e8: ;   {runtime_call ic_miss_stub}
  0x000001b4082d16e8: 4c3b d00f | 858f f9cf | ff66 6666 | 0f1f 8400 | 0000 0000 | 6666 6690 
[Verified Entry Point]
  0x000001b4082d1700: 8984 2400 | 90ff ff55 | 4881 ecb0 | 0000 0048 | 8954 2478 | 89b4 2494 | 0000 0089 | bc24 9000 
  0x000001b4082d1720: 0000 4c89 | 8c24 8800 | 0000 498b | d84c 8bc3 | 4c8b c948 | 8bca 488b | d148 899c | 2480 0000 
  0x000001b4082d1740: 0066 0f1f 

  0x000001b4082d1744: ;   {optimized virtual_call}
  0x000001b4082d1744: 4400 00e8 

  0x000001b4082d1748: ; ImmutableOopMap {[120]=Oop [136]=Oop [128]=Oop }
                      ;*invokevirtual preDefineClass {reexecute=0 rethrow=0 return_oop=0}
                      ; - java.lang.ClassLoader::defineClass@4
  0x000001b4082d1748: 7412 0000 | 4889 8424 | 9800 0000 

  0x000001b4082d1754: ; implicit exception: dispatches to 0x000001b4082d181a
  0x000001b4082d1754: 448b 4010 | 4983 f800 | 0f85 0f00 

  0x000001b4082d1760: ;   {oop(NULL)}
  0x000001b4082d1760: 0000 48bb | 0000 0000 | 0000 0000 | e936 0000 | 0045 8b40 | 0c49 83f8 | 000f 850f 

  0x000001b4082d177c: ;   {oop(NULL)}
  0x000001b4082d177c: 0000 0048 | bb00 0000 | 0000 0000 | 00e9 1900 | 0000 418b | 5038 483b 

  0x000001b4082d1794: ;   {optimized virtual_call}
  0x000001b4082d1794: 0266 90e8 

  0x000001b4082d1798: ; ImmutableOopMap {[120]=Oop [136]=Oop [128]=Oop [152]=Oop }
                      ;*invokevirtual toExternalForm {reexecute=0 rethrow=0 return_oop=0}
                      ; - java.net.URL::toExternalForm@5
                      ; - java.net.URL::toString@1
                      ; - java.lang.ClassLoader::defineClassSourceLocation@22
                      ; - java.lang.ClassLoader::defineClass@12
  0x000001b4082d1798: 048b f8ff | 488b d848 | 8b84 2498 | 0000 008b | b424 9400 | 0000 8bbc | 2490 0000 | 004c 8b8c 
  0x000001b4082d17b8: 2488 0000 | 004c 8b84 | 2480 0000 | 0048 8b54 | 2478 4c8b | da49 8bd3 | 488b c848 

  0x000001b4082d17d4: ;   {static_call}
  0x000001b4082d17d4: 891c 24e8 

  0x000001b4082d17d8: ; ImmutableOopMap {[152]=Oop [120]=Oop }
                      ;*invokestatic defineClass1 {reexecute=0 rethrow=0 return_oop=0}
                      ; - java.lang.ClassLoader::defineClass@27
  0x000001b4082d17d8: dc1e 0200 | 4c8b c04c | 8b8c 2498 | 0000 0048 | 8b54 2478 | 4889 8424 | a000 0000 

  0x000001b4082d17f4: ;   {optimized virtual_call}
  0x000001b4082d17f4: 6666 90e8 

  0x000001b4082d17f8: ; ImmutableOopMap {[160]=Oop }
                      ;*invokevirtual postDefineClass {reexecute=0 rethrow=0 return_oop=0}
                      ; - java.lang.ClassLoader::defineClass@37
  0x000001b4082d17f8: 8427 0000 | 488b 8424 | a000 0000 | 4881 c4b0 | 0000 005d 

  0x000001b4082d180c: ;   {poll_return}
  0x000001b4082d180c: 493b a750 | 0300 000f | 8715 0000 

  0x000001b4082d1818: ;   {runtime_call throw_null_pointer_exception Runtime1 stub}
  0x000001b4082d1818: 00c3 e801 

  0x000001b4082d181c: ; ImmutableOopMap {[120]=Oop [136]=Oop [128]=Oop rax=Oop [152]=Oop }
                      ;*invokevirtual getCodeSource {reexecute=0 rethrow=0 return_oop=0}
                      ; - java.lang.ClassLoader::defineClassSourceLocation@1
                      ; - java.lang.ClassLoader::defineClass@12
                      ;   {runtime_call throw_null_pointer_exception Runtime1 stub}
  0x000001b4082d181c: 0dda ffe8 

  0x000001b4082d1820: ; ImmutableOopMap {[120]=Oop [136]=Oop [128]=Oop rax=Oop [152]=Oop }
                      ;*invokevirtual getLocation {reexecute=0 rethrow=0 return_oop=0}
                      ; - java.lang.ClassLoader::defineClassSourceLocation@12
                      ; - java.lang.ClassLoader::defineClass@12
  0x000001b4082d1820: fc0c daff 

  0x000001b4082d1824: ;   {runtime_call throw_null_pointer_exception Runtime1 stub}
  0x000001b4082d1824: e8f7 0cda 

  0x000001b4082d1828: ; ImmutableOopMap {[120]=Oop [136]=Oop [128]=Oop [152]=Oop r8=Oop }
                      ;*invokevirtual toString {reexecute=0 rethrow=0 return_oop=0}
                      ; - java.lang.ClassLoader::defineClassSourceLocation@22
                      ; - java.lang.ClassLoader::defineClass@12
                      ;   {runtime_call throw_null_pointer_exception Runtime1 stub}
  0x000001b4082d1828: ffe8 f20c 

  0x000001b4082d182c: ; ImmutableOopMap {[120]=Oop [136]=Oop [128]=Oop [152]=Oop r8=Oop rdx=Oop }
                      ;*invokevirtual toExternalForm {reexecute=0 rethrow=0 return_oop=0}
                      ; - java.net.URL::toExternalForm@5
                      ; - java.net.URL::toString@1
                      ; - java.lang.ClassLoader::defineClassSourceLocation@22
                      ; - java.lang.ClassLoader::defineClass@12
                      ;   {internal_word}
  0x000001b4082d182c: daff 49ba | 0c18 2d08 | b401 0000 | 4d89 9768 

  0x000001b4082d183c: ;   {runtime_call SafepointBlob}
  0x000001b4082d183c: 0300 00e9 | bc61 d0ff | 9090 498b | 87e0 0300 | 0049 c787 | e003 0000 | 0000 0000 | 49c7 87e8 
  0x000001b4082d185c: 0300 0000 | 0000 0048 | 81c4 b000 

  0x000001b4082d1868: ;   {runtime_call unwind_exception Runtime1 stub}
  0x000001b4082d1868: 0000 5de9 | 90fd d9ff | f4f4 f4f4 | f4f4 f4f4 | f4f4 f4f4 | f4f4 f4f4 
[Stub Code]
  0x000001b4082d1880: ;   {no_reloc}
  0x000001b4082d1880: 0f1f 4400 

  0x000001b4082d1884: ;   {static_stub}
  0x000001b4082d1884: 0048 bb00 | 0000 0000 

  0x000001b4082d188c: ;   {runtime_call}
  0x000001b4082d188c: 0000 00e9 | fbff ffff 

  0x000001b4082d1894: ;   {static_stub}
  0x000001b4082d1894: 9048 bb00 | 0000 0000 

  0x000001b4082d189c: ;   {runtime_call}
  0x000001b4082d189c: 0000 00e9 | fbff ffff 

  0x000001b4082d18a4: ;   {static_stub}
  0x000001b4082d18a4: 9048 bb70 | de01 11b4 

  0x000001b4082d18ac: ;   {runtime_call I2C/C2I adapters}
  0x000001b4082d18ac: 0100 00e9 | 3b73 cfff 

  0x000001b4082d18b4: ;   {static_stub}
  0x000001b4082d18b4: 9048 bb00 | 0000 0000 

  0x000001b4082d18bc: ;   {runtime_call}
  0x000001b4082d18bc: 0000 00e9 | fbff ffff 
[Exception Handler]
  0x000001b4082d18c4: ;   {runtime_call handle_exception_from_callee Runtime1 stub}
  0x000001b4082d18c4: e837 2ada 

  0x000001b4082d18c8: ;   {external_word}
  0x000001b4082d18c8: ff48 b930 | 9a5e 92fd | 7f00 0048 

  0x000001b4082d18d4: ;   {runtime_call}
  0x000001b4082d18d4: 83e4 f049 | ba40 2b27 | 92fd 7f00 | 0041 ffd2 

  0x000001b4082d18e4: ;   {section_word}
  0x000001b4082d18e4: f449 bae5 | 182d 08b4 | 0100 0041 

  0x000001b4082d18f0: ;   {runtime_call DeoptimizationBlob}
  0x000001b4082d18f0: 52e9 aa53 | d0ff f4f4 
[/MachCode]


Compiled method (c1)    5825  759       1       jdk.internal.loader.BuiltinClassLoader::defineClass (121 bytes)
 total in heap  [0x000001b4082ca010,0x000001b4082cae68] = 3672
 relocation     [0x000001b4082ca168,0x000001b4082ca298] = 304
 main code      [0x000001b4082ca2a0,0x000001b4082ca8a0] = 1536
 stub code      [0x000001b4082ca8a0,0x000001b4082ca9e8] = 328
 metadata       [0x000001b4082ca9e8,0x000001b4082caa30] = 72
 scopes data    [0x000001b4082caa30,0x000001b4082cac88] = 600
 scopes pcs     [0x000001b4082cac88,0x000001b4082cae28] = 416
 dependencies   [0x000001b4082cae28,0x000001b4082cae30] = 8
 handler table  [0x000001b4082cae30,0x000001b4082cae48] = 24
 nul chk table  [0x000001b4082cae48,0x000001b4082cae68] = 32

[Constant Pool (empty)]

[MachCode]
[Entry Point]
  # {method} {0x000001b4110c0980} 'defineClass' '(Ljava/lang/String;Ljdk/internal/loader/Resource;)Ljava/lang/Class;' in 'jdk/internal/loader/BuiltinClassLoader'
  # this:     rdx:rdx   = 'jdk/internal/loader/BuiltinClassLoader'
  # parm0:    r8:r8     = 'java/lang/String'
  # parm1:    r9:r9     = 'jdk/internal/loader/Resource'
  #           [sp+0x110]  (sp of caller)
  0x000001b4082ca2a0: 448b 5208 | 49c1 e203 

  0x000001b4082ca2a8: ;   {runtime_call ic_miss_stub}
  0x000001b4082ca2a8: 4c3b d00f | 85cf 6dd0 | ff66 6666 | 0f1f 8400 | 0000 0000 | 6666 6690 
[Verified Entry Point]
  0x000001b4082ca2c0: 8984 2400 | 90ff ff55 | 4881 ec00 | 0100 0048 | 8994 24a0 | 0000 004c | 8984 2490 | 0000 004c 
  0x000001b4082ca2e0: 898c 2498 | 0000 0049 | 8bd1 6666 | 9048 b8ff | ffff ffff 

  0x000001b4082ca2f4: ;   {virtual_call}
  0x000001b4082ca2f4: ffff ffe8 

  0x000001b4082ca2f8: ; ImmutableOopMap {[152]=Oop [160]=Oop [144]=Oop }
                      ;*invokevirtual getCodeSourceURL {reexecute=0 rethrow=0 return_oop=0}
                      ; - jdk.internal.loader.BuiltinClassLoader::defineClass@1
  0x000001b4082ca2f8: 8c4a 1400 | 4889 8424 | a800 0000 | 4c8b 8424 | 9000 0000 

  0x000001b4082ca30c: ; implicit exception: dispatches to 0x000001b4082ca7a3
  0x000001b4082ca30c: 418b 7014 

  0x000001b4082ca310: ; implicit exception: dispatches to 0x000001b4082ca7a8
  0x000001b4082ca310: 8b56 0c45 | 0fbe 4810 | 498b c9c1 | e118 c1f9 | 18d3 fa48 | 8bfa ffcf | 4183 f900 | ba00 0000 
  0x000001b4082ca330: 000f 8505 | 0000 00ba | 0100 0000 | 83e2 0183 | fa00 488b | d641 b82e | 0000 004c | 8bcf 0f84 
  0x000001b4082ca350: 0d00 0000 

  0x000001b4082ca354: ;   {static_call}
  0x000001b4082ca354: 6666 90e8 

  0x000001b4082ca358: ; ImmutableOopMap {[152]=Oop [160]=Oop [168]=Oop [144]=Oop }
                      ;*invokestatic lastIndexOf {reexecute=0 rethrow=0 return_oop=0}
                      ; - java.lang.String::lastIndexOf@13
                      ; - java.lang.String::lastIndexOf@8
                      ; - jdk.internal.loader.BuiltinClassLoader::defineClass@8
  0x000001b4082ca358: c4b4 dbff | e90b 0000 | 0066 0f1f 

  0x000001b4082ca364: ;   {static_call}
  0x000001b4082ca364: 4400 00e8 

  0x000001b4082ca368: ; ImmutableOopMap {[152]=Oop [160]=Oop [168]=Oop [144]=Oop }
                      ;*invokestatic lastIndexOf {reexecute=0 rethrow=0 return_oop=0}
                      ; - java.lang.String::lastIndexOf@25
                      ; - java.lang.String::lastIndexOf@8
                      ; - jdk.internal.loader.BuiltinClassLoader::defineClass@8
  0x000001b4082ca368: 1476 d0ff | 83f8 ff0f | 8467 0000 | 0041 b800 | 0000 004c | 8bc8 488b | 9424 9000 

  0x000001b4082ca384: ;   {optimized virtual_call}
  0x000001b4082ca384: 0000 90e8 

  0x000001b4082ca388: ; ImmutableOopMap {[152]=Oop [160]=Oop [168]=Oop [144]=Oop }
                      ;*invokevirtual substring {reexecute=0 rethrow=0 return_oop=0}
                      ; - jdk.internal.loader.BuiltinClassLoader::defineClass@23
  0x000001b4082ca388: f448 f0ff | 488b 9424 | 9800 0000 | 4889 8424 | b000 0000 | 9048 b8ff | ffff ffff 

  0x000001b4082ca3a4: ;   {virtual_call}
  0x000001b4082ca3a4: ffff ffe8 

  0x000001b4082ca3a8: ; ImmutableOopMap {[152]=Oop [160]=Oop [168]=Oop [144]=Oop [176]=Oop }
                      ;*invokevirtual getManifest {reexecute=0 rethrow=0 return_oop=0}
                      ; - jdk.internal.loader.BuiltinClassLoader::defineClass@29
  0x000001b4082ca3a8: c448 1400 | 4c8b 8424 | b000 0000 | 4c8b c848 | 8bbc 24a8 | 0000 0048 | 8b94 24a0 | 0000 0066 
  0x000001b4082ca3c8: 0f1f 4400 | 0048 b8f0 | 1405 0001 

  0x000001b4082ca3d4: ;   {virtual_call}
  0x000001b4082ca3d4: 0000 00e8 

  0x000001b4082ca3d8: ; ImmutableOopMap {[152]=Oop [160]=Oop [168]=Oop [144]=Oop }
                      ;*invokevirtual defineOrCheckPackage {reexecute=0 rethrow=0 return_oop=0}
                      ; - jdk.internal.loader.BuiltinClassLoader::defineClass@40
  0x000001b4082ca3d8: c4fa ffff | 4c8b 8c24 | 9800 0000 | 488d 9424 | e000 0000 | 4c89 4a08 | 498b 0148 | 83c8 0148 
  0x000001b4082ca3f8: 8902 f049 | 0fb1 110f | 8413 0000 | 0048 2bc4 | 4881 e007 | f0ff ff48 | 8902 0f85 | 9503 0000 
  0x000001b4082ca418: 418b 510c | 4883 fa00 | 0f85 4700 | 0000 498b | d10f 1f40 | 0048 b8ff | ffff ffff 

  0x000001b4082ca434: ;   {virtual_call}
  0x000001b4082ca434: ffff ffe8 

  0x000001b4082ca438: ; ImmutableOopMap {[160]=Oop [168]=Oop [144]=Oop [152]=Oop [232]=Oop }
                      ;*invokevirtual getInputStream {reexecute=0 rethrow=0 return_oop=0}
                      ; - jdk.internal.loader.Resource::cachedInputStream@9
                      ; - jdk.internal.loader.Resource::getByteBuffer@1
                      ; - jdk.internal.loader.BuiltinClassLoader::defineClass@45
  0x000001b4082ca438: 5c20 dbff | 410f be57 | 3883 fa00 | 4c8b 8c24 | 9800 0000 | 0f85 6e03 | 0000 4c8b | d045 8951 
  0x000001b4082ca458: 0c49 8bd1 | 4833 d048 | c1ea 1448 | 83fa 000f | 856f 0300 | 0041 8b51 | 0c48 8d84 | 24e0 0000 
  0x000001b4082ca478: 0048 8b30 | 4885 f60f | 840f 0000 | 0048 8b78 | 08f0 480f | b137 0f85 | 6003 0000 | 4883 fa00 
  0x000001b4082ca498: 0f84 3b00 

  0x000001b4082ca49c: ;   {metadata('sun/nio/ByteBuffered')}
  0x000001b4082ca49c: 0000 48b8 | 40a6 0200 | 0100 0000 | 8b5a 0848 | c1e3 0348 | 3b43 200f | 8425 0000 | 0048 3bd8 
  0x000001b4082ca4bc: 0f84 1c00 | 0000 5350 

  0x000001b4082ca4c4: ;   {runtime_call slow_subtype_check Runtime1 stub}
  0x000001b4082ca4c4: e837 aada | ff5b 5b83 | fb00 0f84 | 0500 0000 | e905 0000 | 0048 33f6 | eb0a 48be | 0100 0000 
  0x000001b4082ca4e4: 0000 0000 | 83fe 000f | 8460 0000 | 0048 83fa | 000f 843b 

  0x000001b4082ca4f8: ;   {metadata('sun/nio/ByteBuffered')}
  0x000001b4082ca4f8: 0000 0048 | bb40 a602 | 0001 0000 | 008b 7a08 | 48c1 e703 | 483b 5f20 | 0f84 2000 | 0000 483b 
  0x000001b4082ca518: fb0f 8417 | 0000 0057 

  0x000001b4082ca520: ;   {runtime_call slow_subtype_check Runtime1 stub}
  0x000001b4082ca520: 53e8 daa9 | daff 5f5f | 83ff 000f | 84d9 0200 | 00e9 0000 | 0000 0f1f | 8000 0000 | 0048 b8ff 
  0x000001b4082ca540: ffff ffff 

  0x000001b4082ca544: ;   {virtual_call}
  0x000001b4082ca544: ffff ffe8 

  0x000001b4082ca548: ; ImmutableOopMap {[160]=Oop [168]=Oop [144]=Oop [152]=Oop }
                      ;*invokeinterface getByteBuffer {reexecute=0 rethrow=0 return_oop=0}
                      ; - jdk.internal.loader.Resource::getByteBuffer@16
                      ; - jdk.internal.loader.BuiltinClassLoader::defineClass@45
  0x000001b4082ca548: 3471 d0ff | e90a 0000 

  0x000001b4082ca550: ;   {oop(NULL)}
  0x000001b4082ca550: 0048 b800 | 0000 0000 | 0000 0048 | 83f8 000f | 84dd 0000 | 0048 8984 | 24b8 0000 | 0048 8b94 
  0x000001b4082ca570: 2498 0000 | 0048 b8ff | ffff ffff 

  0x000001b4082ca57c: ;   {virtual_call}
  0x000001b4082ca57c: ffff ffe8 

  0x000001b4082ca580: ; ImmutableOopMap {[160]=Oop [168]=Oop [144]=Oop [184]=Oop }
                      ;*invokevirtual getCodeSigners {reexecute=0 rethrow=0 return_oop=0}
                      ; - jdk.internal.loader.BuiltinClassLoader::defineClass@56
  0x000001b4082ca580: fc70 d0ff 

  0x000001b4082ca584: ;   {metadata('java/security/CodeSource')}
  0x000001b4082ca584: 4c8b c848 | ba68 1b05 | 0001 0000 | 0049 8b87 | 0801 0000 | 488d 7828 | 493b bf18 | 0100 000f 
  0x000001b4082ca5a4: 876a 0200 | 0049 89bf | 0801 0000 | 48c7 0001 | 0000 0048 | 8bca 48c1 | e903 8948 | 0848 33c9 
  0x000001b4082ca5c4: 8948 0c48 | 33c9 4889 | 4810 4889 | 4818 4889 | 4820 4c8b | 8424 a800 | 0000 488b | d048 8984 
  0x000001b4082ca5e4: 24c0 0000 | 0066 0f1f 

  0x000001b4082ca5ec: ;   {optimized virtual_call}
  0x000001b4082ca5ec: 4400 00e8 

  0x000001b4082ca5f0: ; ImmutableOopMap {[160]=Oop [144]=Oop [184]=Oop [192]=Oop }
                      ;*invokespecial <init> {reexecute=0 rethrow=0 return_oop=0}
                      ; - jdk.internal.loader.BuiltinClassLoader::defineClass@68
  0x000001b4082ca5f0: 8c6d d0ff | 4c8b 8424 | c000 0000 | 488b 9424 | a000 0000 

  0x000001b4082ca604: ;   {optimized virtual_call}
  0x000001b4082ca604: 6666 90e8 

  0x000001b4082ca608: ; ImmutableOopMap {[160]=Oop [144]=Oop [184]=Oop }
                      ;*invokevirtual getProtectionDomain {reexecute=0 rethrow=0 return_oop=0}
                      ; - java.security.SecureClassLoader::defineClass@5
                      ; - jdk.internal.loader.BuiltinClassLoader::defineClass@79
  0x000001b4082ca608: 746d d0ff | 4c8b 8424 | 9000 0000 | 4c8b 8c24 | b800 0000 | 488b f848 | 8b94 24a0 

  0x000001b4082ca624: ;   {optimized virtual_call}
  0x000001b4082ca624: 0000 00e8 

  0x000001b4082ca628: ; ImmutableOopMap {}
                      ;*invokevirtual defineClass {reexecute=0 rethrow=0 return_oop=0}
                      ; - java.security.SecureClassLoader::defineClass@8
                      ; - jdk.internal.loader.BuiltinClassLoader::defineClass@79
  0x000001b4082ca628: 546d d0ff | 4881 c400 | 0100 005d 

  0x000001b4082ca634: ;   {poll_return}
  0x000001b4082ca634: 493b a750 | 0300 000f | 87df 0100 | 00c3 4c8b | 8c24 9800 | 0000 498b | d148 b8ff | ffff ffff 
  0x000001b4082ca654: ;   {virtual_call}
  0x000001b4082ca654: ffff ffe8 

  0x000001b4082ca658: ; ImmutableOopMap {[160]=Oop [144]=Oop [152]=Oop [168]=Oop }
                      ;*invokevirtual getBytes {reexecute=0 rethrow=0 return_oop=0}
                      ; - jdk.internal.loader.BuiltinClassLoader::defineClass@84
  0x000001b4082ca658: 7424 dbff | 4889 8424 | c800 0000 | 488b 9424 | 9800 0000 | 9048 b8ff | ffff ffff 

  0x000001b4082ca674: ;   {virtual_call}
  0x000001b4082ca674: ffff ffe8 

  0x000001b4082ca678: ; ImmutableOopMap {[160]=Oop [144]=Oop [168]=Oop [200]=Oop }
                      ;*invokevirtual getCodeSigners {reexecute=0 rethrow=0 return_oop=0}
                      ; - jdk.internal.loader.BuiltinClassLoader::defineClass@90
  0x000001b4082ca678: 6c49 1400 

  0x000001b4082ca67c: ;   {metadata('java/security/CodeSource')}
  0x000001b4082ca67c: 4c8b c848 | ba68 1b05 | 0001 0000 | 0049 8b87 | 0801 0000 | 488d 7828 | 493b bf18 | 0100 000f 
  0x000001b4082ca69c: 8795 0100 | 0049 89bf | 0801 0000 | 48c7 0001 | 0000 0048 | 8bca 48c1 | e903 8948 | 0848 33c9 
  0x000001b4082ca6bc: 8948 0c48 | 33c9 4889 | 4810 4889 | 4818 4889 | 4820 4c8b | 8424 a800 | 0000 488b | d048 8984 
  0x000001b4082ca6dc: 24d0 0000 | 0066 0f1f 

  0x000001b4082ca6e4: ;   {optimized virtual_call}
  0x000001b4082ca6e4: 4400 00e8 

  0x000001b4082ca6e8: ; ImmutableOopMap {[160]=Oop [144]=Oop [200]=Oop [208]=Oop }
                      ;*invokespecial <init> {reexecute=0 rethrow=0 return_oop=0}
                      ; - jdk.internal.loader.BuiltinClassLoader::defineClass@102
  0x000001b4082ca6e8: f459 0000 | 488b 8424 | c800 0000 

  0x000001b4082ca6f4: ; implicit exception: dispatches to 0x000001b4082ca843
  0x000001b4082ca6f4: 8b70 0c4c | 8b84 24d0 | 0000 0048 | 8b94 24a0 | 0000 0089 | b424 d800 

  0x000001b4082ca70c: ;   {optimized virtual_call}
  0x000001b4082ca70c: 0000 90e8 

  0x000001b4082ca710: ; ImmutableOopMap {[160]=Oop [144]=Oop [200]=Oop }
                      ;*invokevirtual getProtectionDomain {reexecute=0 rethrow=0 return_oop=0}
                      ; - java.security.SecureClassLoader::defineClass@9
                      ; - jdk.internal.loader.BuiltinClassLoader::defineClass@117
  0x000001b4082ca710: 4c5f 0000 | 4c8b 8424 | 9000 0000 | 4c8b 8c24 | c800 0000 | bf00 0000 | 008b b424 | d800 0000 
  0x000001b4082ca730: 488b c848 | 8b94 24a0 | 0000 000f 

  0x000001b4082ca73c: ;   {optimized virtual_call}
  0x000001b4082ca73c: 1f40 00e8 

  0x000001b4082ca740: ; ImmutableOopMap {}
                      ;*invokevirtual defineClass {reexecute=0 rethrow=0 return_oop=0}
                      ; - java.security.SecureClassLoader::defineClass@12
                      ; - jdk.internal.loader.BuiltinClassLoader::defineClass@117
  0x000001b4082ca740: bc6f 0000 | 4881 c400 | 0100 005d 

  0x000001b4082ca74c: ;   {poll_return}
  0x000001b4082ca74c: 493b a750 | 0300 000f | 87ef 0000 | 00c3 498b | 87e0 0300 | 004d 33d2 | 4d89 97e0 | 0300 004d 
  0x000001b4082ca76c: 33d2 4d89 | 97e8 0300 | 0048 8bf0 | 488d 8424 | e000 0000 | 488b 3848 | 85ff 0f84 | 0f00 0000 
  0x000001b4082ca78c: 488b 5808 | f048 0fb1 | 3b0f 85c3 | 0000 0048 | 8bc6 e9f0 

  0x000001b4082ca7a0: ;   {runtime_call throw_null_pointer_exception Runtime1 stub}
  0x000001b4082ca7a0: 0000 00e8 

  0x000001b4082ca7a4: ; ImmutableOopMap {[152]=Oop [160]=Oop rax=Oop [168]=Oop r8=Oop [144]=Oop }
                      ;*invokevirtual lastIndexOf {reexecute=0 rethrow=0 return_oop=0}
                      ; - jdk.internal.loader.BuiltinClassLoader::defineClass@8
  0x000001b4082ca7a4: 787d daff 

  0x000001b4082ca7a8: ;   {runtime_call throw_null_pointer_exception Runtime1 stub}
  0x000001b4082ca7a8: e873 7dda 

  0x000001b4082ca7ac: ; ImmutableOopMap {[152]=Oop [160]=Oop rax=Oop [168]=Oop r8=Oop [144]=Oop rsi=Oop }
                      ;*arraylength {reexecute=0 rethrow=0 return_oop=0}
                      ; - java.lang.String::length@4
                      ; - java.lang.String::lastIndexOf@3
                      ; - jdk.internal.loader.BuiltinClassLoader::defineClass@8
  0x000001b4082ca7ac: ff4c 894c | 2408 4889 

  0x000001b4082ca7b4: ;   {runtime_call monitorenter_nofpu Runtime1 stub}
  0x000001b4082ca7b4: 1424 e845 

  0x000001b4082ca7b8: ; ImmutableOopMap {[160]=Oop [168]=Oop [144]=Oop r9=Oop [152]=Oop [232]=Oop }
                      ;*synchronization entry
                      ; - jdk.internal.loader.Resource::cachedInputStream@-1
                      ; - jdk.internal.loader.Resource::getByteBuffer@1
                      ; - jdk.internal.loader.BuiltinClassLoader::defineClass@45
  0x000001b4082ca7b8: adda ffe9 | 58fc ffff | 418b 510c | 4883 fa00 | 0f84 84fc | ffff 4889 

  0x000001b4082ca7d0: ;   {runtime_call g1_pre_barrier_slow}
  0x000001b4082ca7d0: 1424 e829 | d4da ffe9 | 76fc ffff | 4883 f800 | 0f84 87fc | ffff 4c89 

  0x000001b4082ca7e8: ;   {runtime_call g1_post_barrier_slow}
  0x000001b4082ca7e8: 0c24 e811 | dada ffe9 | 79fc ffff | 488d 8424 | e000 0000 | 4889 0424 

  0x000001b4082ca800: ;   {runtime_call monitorexit_nofpu Runtime1 stub}
  0x000001b4082ca800: e8fb b2da | ffe9 8afc | ffff 4889 

  0x000001b4082ca80c: ;   {runtime_call throw_class_cast_exception Runtime1 stub}
  0x000001b4082ca80c: 1424 e80d 

  0x000001b4082ca810: ; ImmutableOopMap {[160]=Oop [168]=Oop [144]=Oop [152]=Oop }
                      ;*checkcast {reexecute=0 rethrow=0 return_oop=0}
                      ; - jdk.internal.loader.Resource::getByteBuffer@13
                      ; - jdk.internal.loader.BuiltinClassLoader::defineClass@45
  0x000001b4082ca810: a1da ff48 

  0x000001b4082ca814: ;   {runtime_call fast_new_instance Runtime1 stub}
  0x000001b4082ca814: 8bd2 e8e5 

  0x000001b4082ca818: ; ImmutableOopMap {[160]=Oop [168]=Oop [144]=Oop [184]=Oop r9=Oop }
                      ;*new {reexecute=0 rethrow=0 return_oop=0}
                      ; - jdk.internal.loader.BuiltinClassLoader::defineClass@61
  0x000001b4082ca818: 85da ffe9 | b6fd ffff 

  0x000001b4082ca820: ;   {internal_word}
  0x000001b4082ca820: 49ba 34a6 | 2c08 b401 | 0000 4d89 | 9768 0300 

  0x000001b4082ca830: ;   {runtime_call SafepointBlob}
  0x000001b4082ca830: 00e9 cad1 | d0ff 488b 

  0x000001b4082ca838: ;   {runtime_call fast_new_instance Runtime1 stub}
  0x000001b4082ca838: d2e8 c285 

  0x000001b4082ca83c: ; ImmutableOopMap {[160]=Oop [144]=Oop [168]=Oop [200]=Oop r9=Oop }
                      ;*new {reexecute=0 rethrow=0 return_oop=0}
                      ; - jdk.internal.loader.BuiltinClassLoader::defineClass@95
  0x000001b4082ca83c: daff e98b 

  0x000001b4082ca840: ;   {runtime_call throw_null_pointer_exception Runtime1 stub}
  0x000001b4082ca840: feff ffe8 

  0x000001b4082ca844: ; ImmutableOopMap {[160]=Oop [144]=Oop [208]=Oop rax=Oop [200]=Oop }
                      ;*arraylength {reexecute=0 rethrow=0 return_oop=0}
                      ; - jdk.internal.loader.BuiltinClassLoader::defineClass@114
  0x000001b4082ca844: d87c daff 

  0x000001b4082ca848: ;   {internal_word}
  0x000001b4082ca848: 49ba 4ca7 | 2c08 b401 | 0000 4d89 | 9768 0300 

  0x000001b4082ca858: ;   {runtime_call SafepointBlob}
  0x000001b4082ca858: 00e9 a2d1 | d0ff 488d | 8424 e000 | 0000 4889 

  0x000001b4082ca868: ;   {runtime_call monitorexit_nofpu Runtime1 stub}
  0x000001b4082ca868: 0424 e891 | b2da ffe9 | 27ff ffff | 9090 498b | 87e0 0300 | 0049 c787 | e003 0000 | 0000 0000 
  0x000001b4082ca888: 49c7 87e8 | 0300 0000 | 0000 0048 | 81c4 0001 

  0x000001b4082ca898: ;   {runtime_call unwind_exception Runtime1 stub}
  0x000001b4082ca898: 0000 5de9 | 606d daff 
[Stub Code]
  0x000001b4082ca8a0: ;   {no_reloc}
  0x000001b4082ca8a0: 0f1f 4400 

  0x000001b4082ca8a4: ;   {static_stub}
  0x000001b4082ca8a4: 0048 bb00 | 0000 0000 

  0x000001b4082ca8ac: ;   {runtime_call}
  0x000001b4082ca8ac: 0000 00e9 | fbff ffff 

  0x000001b4082ca8b4: ;   {static_stub}
  0x000001b4082ca8b4: 9048 bb00 | 0000 0000 

  0x000001b4082ca8bc: ;   {runtime_call}
  0x000001b4082ca8bc: 0000 00e9 | fbff ffff 

  0x000001b4082ca8c4: ;   {static_stub}
  0x000001b4082ca8c4: 9048 bb00 | 0000 0000 

  0x000001b4082ca8cc: ;   {runtime_call}
  0x000001b4082ca8cc: 0000 00e9 | fbff ffff 

  0x000001b4082ca8d4: ;   {static_stub}
  0x000001b4082ca8d4: 9048 bb00 | 0000 0000 

  0x000001b4082ca8dc: ;   {runtime_call}
  0x000001b4082ca8dc: 0000 00e9 | fbff ffff 

  0x000001b4082ca8e4: ;   {static_stub}
  0x000001b4082ca8e4: 9048 bb00 | 0000 0000 

  0x000001b4082ca8ec: ;   {runtime_call}
  0x000001b4082ca8ec: 0000 00e9 | fbff ffff 

  0x000001b4082ca8f4: ;   {static_stub}
  0x000001b4082ca8f4: 9048 bb00 | 0000 0000 

  0x000001b4082ca8fc: ;   {runtime_call}
  0x000001b4082ca8fc: 0000 00e9 | fbff ffff 

  0x000001b4082ca904: ;   {static_stub}
  0x000001b4082ca904: 9048 bb00 | 0000 0000 

  0x000001b4082ca90c: ;   {runtime_call}
  0x000001b4082ca90c: 0000 00e9 | fbff ffff 

  0x000001b4082ca914: ;   {static_stub}
  0x000001b4082ca914: 9048 bb00 | 0000 0000 

  0x000001b4082ca91c: ;   {runtime_call}
  0x000001b4082ca91c: 0000 00e9 | fbff ffff 

  0x000001b4082ca924: ;   {static_stub}
  0x000001b4082ca924: 9048 bb00 | 0000 0000 

  0x000001b4082ca92c: ;   {runtime_call}
  0x000001b4082ca92c: 0000 00e9 | fbff ffff 

  0x000001b4082ca934: ;   {static_stub}
  0x000001b4082ca934: 9048 bb00 | 0000 0000 

  0x000001b4082ca93c: ;   {runtime_call}
  0x000001b4082ca93c: 0000 00e9 | fbff ffff 

  0x000001b4082ca944: ;   {static_stub}
  0x000001b4082ca944: 9048 bb00 | 0000 0000 

  0x000001b4082ca94c: ;   {runtime_call}
  0x000001b4082ca94c: 0000 00e9 | fbff ffff 

  0x000001b4082ca954: ;   {static_stub}
  0x000001b4082ca954: 9048 bb00 | 0000 0000 

  0x000001b4082ca95c: ;   {runtime_call}
  0x000001b4082ca95c: 0000 00e9 | fbff ffff 

  0x000001b4082ca964: ;   {static_stub}
  0x000001b4082ca964: 9048 bb00 | 0000 0000 

  0x000001b4082ca96c: ;   {runtime_call}
  0x000001b4082ca96c: 0000 00e9 | fbff ffff 

  0x000001b4082ca974: ;   {static_stub}
  0x000001b4082ca974: 9048 bb00 | 0000 0000 

  0x000001b4082ca97c: ;   {runtime_call}
  0x000001b4082ca97c: 0000 00e9 | fbff ffff 

  0x000001b4082ca984: ;   {static_stub}
  0x000001b4082ca984: 9048 bb00 | 0000 0000 

  0x000001b4082ca98c: ;   {runtime_call}
  0x000001b4082ca98c: 0000 00e9 | fbff ffff 

  0x000001b4082ca994: ;   {static_stub}
  0x000001b4082ca994: 9048 bb00 | 0000 0000 

  0x000001b4082ca99c: ;   {runtime_call}
  0x000001b4082ca99c: 0000 00e9 | fbff ffff 

  0x000001b4082ca9a4: ;   {static_stub}
  0x000001b4082ca9a4: 9048 bb00 | 0000 0000 

  0x000001b4082ca9ac: ;   {runtime_call}
  0x000001b4082ca9ac: 0000 00e9 | fbff ffff 
[Exception Handler]
  0x000001b4082ca9b4: ;   {runtime_call handle_exception_from_callee Runtime1 stub}
  0x000001b4082ca9b4: e847 99da 

  0x000001b4082ca9b8: ;   {external_word}
  0x000001b4082ca9b8: ff48 b930 | 9a5e 92fd | 7f00 0048 

  0x000001b4082ca9c4: ;   {runtime_call}
  0x000001b4082ca9c4: 83e4 f049 | ba40 2b27 | 92fd 7f00 | 0041 ffd2 

  0x000001b4082ca9d4: ;   {section_word}
  0x000001b4082ca9d4: f449 bad5 | a92c 08b4 | 0100 0041 

  0x000001b4082ca9e0: ;   {runtime_call DeoptimizationBlob}
  0x000001b4082ca9e0: 52e9 bac2 | d0ff f4f4 
[/MachCode]


---------------  P R O C E S S  ---------------

Threads class SMR info:
_java_thread_list=0x000001b4159917f0, length=35, elements={
0x000001b410142380, 0x000001b410143110, 0x000001b410167e40, 0x000001b410169920,
0x000001b41016a3f0, 0x000001b41016cdd0, 0x000001b41016d750, 0x000001b4102d87d0,
0x000001b4104c1ad0, 0x000001b4104c6040, 0x000001b4104d25a0, 0x000001b4104dbb60,
0x000001b415db7250, 0x000001b415f73bd0, 0x000001b415f7cbc0, 0x000001b4052fa290,
0x000001b416014040, 0x000001b41603e180, 0x000001b416056010, 0x000001b41603b8c0,
0x000001b41603d210, 0x000001b41603c7f0, 0x000001b41603bdd0, 0x000001b41603cd00,
0x000001b41603c2e0, 0x000001b4160cc060, 0x000001b4160d0c50, 0x000001b4160d1160,
0x000001b4160cd9b0, 0x000001b4160cedf0, 0x000001b4160cf300, 0x000001b4160cdec0,
0x000001b4160ce3d0, 0x000001b4160d1670, 0x000001b4160ce8e0
}

Java Threads: ( => current thread )
  0x000001b410142380 JavaThread "Reference Handler" daemon [_thread_blocked, id=19344, stack(0x0000004631a00000,0x0000004631b00000)]
  0x000001b410143110 JavaThread "Finalizer" daemon [_thread_blocked, id=18680, stack(0x0000004631b00000,0x0000004631c00000)]
  0x000001b410167e40 JavaThread "Signal Dispatcher" daemon [_thread_blocked, id=12852, stack(0x0000004631c00000,0x0000004631d00000)]
  0x000001b410169920 JavaThread "Attach Listener" daemon [_thread_blocked, id=17948, stack(0x0000004631d00000,0x0000004631e00000)]
  0x000001b41016a3f0 JavaThread "Service Thread" daemon [_thread_blocked, id=15492, stack(0x0000004631e00000,0x0000004631f00000)]
  0x000001b41016cdd0 JavaThread "Monitor Deflation Thread" daemon [_thread_blocked, id=12032, stack(0x0000004631f00000,0x0000004632000000)]
  0x000001b41016d750 JavaThread "C1 CompilerThread0" daemon [_thread_blocked, id=9524, stack(0x0000004632000000,0x0000004632100000)]
  0x000001b4102d87d0 JavaThread "Sweeper thread" daemon [_thread_blocked, id=9736, stack(0x0000004632100000,0x0000004632200000)]
  0x000001b4104c1ad0 JavaThread "C1 CompilerThread1" daemon [_thread_blocked, id=10056, stack(0x0000004632200000,0x0000004632300000)]
  0x000001b4104c6040 JavaThread "C1 CompilerThread2" daemon [_thread_blocked, id=9556, stack(0x0000004632300000,0x0000004632400000)]
  0x000001b4104d25a0 JavaThread "Notification Thread" daemon [_thread_blocked, id=7524, stack(0x0000004632400000,0x0000004632500000)]
  0x000001b4104dbb60 JavaThread "Common-Cleaner" daemon [_thread_blocked, id=9528, stack(0x0000004632600000,0x0000004632700000)]
  0x000001b415db7250 JavaThread "boundedElastic-evictor-1" daemon [_thread_blocked, id=1768, stack(0x0000004632c00000,0x0000004632d00000)]
  0x000001b415f73bd0 JavaThread "pool-13-thread-1" [_thread_blocked, id=8688, stack(0x0000004633100000,0x0000004633200000)]
  0x000001b415f7cbc0 JavaThread "LanguageServerApp-lifecycle" [_thread_blocked, id=12204, stack(0x0000004633200000,0x0000004633300000)]
  0x000001b4052fa290 JavaThread "DestroyJavaVM" [_thread_blocked, id=9640, stack(0x0000004631300000,0x0000004631400000)]
  0x000001b416014040 JavaThread "pool-14-thread-1" [_thread_in_vm, id=15728, stack(0x0000004633300000,0x0000004633400000)]
  0x000001b41603e180 JavaThread "Simple-Language-Server main thread" daemon [_thread_blocked, id=18584, stack(0x0000004633400000,0x0000004633500000)]
  0x000001b416056010 JavaThread "pool-8-thread-1" [_thread_blocked, id=18980, stack(0x0000004633500000,0x0000004633600000)]
  0x000001b41603b8c0 JavaThread "parallel-1" daemon [_thread_blocked, id=17744, stack(0x0000004633600000,0x0000004633700000)]
  0x000001b41603d210 JavaThread "pool-5-thread-1" [_thread_in_vm, id=14972, stack(0x0000004633700000,0x0000004633800000)]
  0x000001b41603c7f0 JavaThread "ForkJoinPool.commonPool-worker-1" daemon [_thread_blocked, id=3324, stack(0x0000004633800000,0x0000004633900000)]
  0x000001b41603bdd0 JavaThread "pool-5-thread-2" [_thread_blocked, id=13392, stack(0x0000004633900000,0x0000004633a00000)]
  0x000001b41603cd00 JavaThread "pool-5-thread-3" [_thread_blocked, id=16496, stack(0x0000004633a00000,0x0000004633b00000)]
  0x000001b41603c2e0 JavaThread "parallel-2" daemon [_thread_blocked, id=16128, stack(0x0000004633b00000,0x0000004633c00000)]
  0x000001b4160cc060 JavaThread "pool-6-thread-1" [_thread_blocked, id=5484, stack(0x0000004633c00000,0x0000004633d00000)]
  0x000001b4160d0c50 JavaThread "parallel-3" daemon [_thread_blocked, id=16024, stack(0x0000004633d00000,0x0000004633e00000)]
  0x000001b4160d1160 JavaThread "Reconciler-1" daemon [_thread_in_vm, id=13856, stack(0x0000004633e00000,0x0000004633f00000)]
  0x000001b4160cd9b0 JavaThread "parallel-4" daemon [_thread_blocked, id=18940, stack(0x0000004633f00000,0x0000004634000000)]
  0x000001b4160cedf0 JavaThread "pool-3-thread-1" [_thread_blocked, id=16132, stack(0x0000004632d00000,0x0000004632e00000)]
  0x000001b4160cf300 JavaThread "pool-3-thread-2" [_thread_blocked, id=11016, stack(0x0000004634000000,0x0000004634100000)]
  0x000001b4160cdec0 JavaThread "parallel-5" daemon [_thread_in_vm, id=10692, stack(0x0000004634100000,0x0000004634200000)]
  0x000001b4160ce3d0 JavaThread "parallel-6" daemon [_thread_blocked, id=1876, stack(0x0000004634200000,0x0000004634300000)]
  0x000001b4160d1670 JavaThread "parallel-7" daemon [_thread_in_vm, id=1980, stack(0x0000004634300000,0x0000004634400000)]
=>0x000001b4160ce8e0 JavaThread "pool-4-thread-1" [_thread_in_vm, id=17488, stack(0x0000004634400000,0x0000004634500000)]

Other Threads:
  0x000001b41012cfe0 VMThread "VM Thread" [stack: 0x0000004631900000,0x0000004631a00000] [id=9328]
  0x000001b4104d2a80 WatcherThread [stack: 0x0000004632500000,0x0000004632600000] [id=6640]
  0x000001b405335fb0 GCTaskThread "GC Thread#0" [stack: 0x0000004631400000,0x0000004631500000] [id=9300]
  0x000001b41522b080 GCTaskThread "GC Thread#1" [stack: 0x0000004632700000,0x0000004632800000] [id=9688]
  0x000001b41522b340 GCTaskThread "GC Thread#2" [stack: 0x0000004632800000,0x0000004632900000] [id=13608]
  0x000001b415265e60 GCTaskThread "GC Thread#3" [stack: 0x0000004632900000,0x0000004632a00000] [id=9564]
  0x000001b4154a3c90 GCTaskThread "GC Thread#4" [stack: 0x0000004632a00000,0x0000004632b00000] [id=12040]
  0x000001b4152fbc50 GCTaskThread "GC Thread#5" [stack: 0x0000004632b00000,0x0000004632c00000] [id=15064]
  0x000001b41579e060 GCTaskThread "GC Thread#6" [stack: 0x0000004632e00000,0x0000004632f00000] [id=15668]
  0x000001b4157bc010 GCTaskThread "GC Thread#7" [stack: 0x0000004632f00000,0x0000004633000000] [id=13712]
  0x000001b40533ee10 ConcurrentGCThread "G1 Main Marker" [stack: 0x0000004631500000,0x0000004631600000] [id=9340]
  0x000001b405340750 ConcurrentGCThread "G1 Conc#0" [stack: 0x0000004631600000,0x0000004631700000] [id=9312]
  0x000001b41574b070 ConcurrentGCThread "G1 Conc#1" [stack: 0x0000004633000000,0x0000004633100000] [id=11996]
  0x000001b40ffa20c0 ConcurrentGCThread "G1 Refine#0" [stack: 0x0000004631700000,0x0000004631800000] [id=9644]
  0x000001b40ffa2a00 ConcurrentGCThread "G1 Service" [stack: 0x0000004631800000,0x0000004631900000] [id=9316]

Threads with active compile tasks:

VM state: not at safepoint (normal execution)

VM Mutex/Monitor currently owned by a thread:  ([mutex/lock_event])
[0x000001b403163bf0] Metaspace_lock - owner thread: 0x000001b4160ce8e0

Heap address: 0x00000000c0000000, size: 1024 MB, Compressed Oops mode: 32-bit

CDS archive(s) not mapped
Compressed class space mapped at: 0x0000000100000000-0x0000000140000000, reserved size: 1073741824
Narrow klass base: 0x0000000000000000, Narrow klass shift: 3, Narrow klass range: 0x140000000

GC Precious Log:
 CPUs: 8 total, 8 available
 Memory: 7969M
 Large Page Support: Disabled
 NUMA Support: Disabled
 Compressed Oops: Enabled (32-bit)
 Heap Region Size: 1M
 Heap Min Capacity: 8M
 Heap Initial Capacity: 126M
 Heap Max Capacity: 1G
 Pre-touch: Disabled
 Parallel Workers: 8
 Concurrent Workers: 2
 Concurrent Refinement Workers: 8
 Periodic GC: Disabled

Heap:
 garbage-first heap   total 78848K, used 33834K [0x00000000c0000000, 0x0000000100000000)
  region size 1024K, 5 young (5120K), 2 survivors (2048K)
 Metaspace       used 43972K, committed 44352K, reserved 1114112K
  class space    used 5559K, committed 5760K, reserved 1048576K

Heap Regions: E=young(eden), S=young(survivor), O=old, HS=humongous(starts), HC=humongous(continues), CS=collection set, F=free, OA=open archive, CA=closed archive, TAMS=top-at-mark-start (previous, next)
|   0|0x00000000c0000000, 0x00000000c0100000, 0x00000000c0100000|100%|HS|  |TAMS 0x00000000c0100000, 0x00000000c0000000| Complete 
|   1|0x00000000c0100000, 0x00000000c0200000, 0x00000000c0200000|100%|HC|  |TAMS 0x00000000c0200000, 0x00000000c0100000| Complete 
|   2|0x00000000c0200000, 0x00000000c0300000, 0x00000000c0300000|100%|HC|  |TAMS 0x00000000c0300000, 0x00000000c0200000| Complete 
|   3|0x00000000c0300000, 0x00000000c0400000, 0x00000000c0400000|100%|HC|  |TAMS 0x00000000c0400000, 0x00000000c0300000| Complete 
|   4|0x00000000c0400000, 0x00000000c0500000, 0x00000000c0500000|100%|HS|  |TAMS 0x00000000c0500000, 0x00000000c0400000| Complete 
|   5|0x00000000c0500000, 0x00000000c0600000, 0x00000000c0600000|100%|HC|  |TAMS 0x00000000c0600000, 0x00000000c0500000| Complete 
|   6|0x00000000c0600000, 0x00000000c0700000, 0x00000000c0700000|100%| O|  |TAMS 0x00000000c0700000, 0x00000000c0600000| Untracked 
|   7|0x00000000c0700000, 0x00000000c0800000, 0x00000000c0800000|100%| O|  |TAMS 0x00000000c0800000, 0x00000000c0700000| Untracked 
|   8|0x00000000c0800000, 0x00000000c0900000, 0x00000000c0900000|100%| O|  |TAMS 0x00000000c0900000, 0x00000000c0800000| Untracked 
|   9|0x00000000c0900000, 0x00000000c0a00000, 0x00000000c0a00000|100%| O|  |TAMS 0x00000000c0a00000, 0x00000000c0900000| Untracked 
|  10|0x00000000c0a00000, 0x00000000c0b00000, 0x00000000c0b00000|100%| O|  |TAMS 0x00000000c0b00000, 0x00000000c0a00000| Untracked 
|  11|0x00000000c0b00000, 0x00000000c0c00000, 0x00000000c0c00000|100%| O|  |TAMS 0x00000000c0c00000, 0x00000000c0b00000| Untracked 
|  12|0x00000000c0c00000, 0x00000000c0d00000, 0x00000000c0d00000|100%| O|  |TAMS 0x00000000c0d00000, 0x00000000c0c00000| Untracked 
|  13|0x00000000c0d00000, 0x00000000c0e00000, 0x00000000c0e00000|100%| O|  |TAMS 0x00000000c0e00000, 0x00000000c0d00000| Untracked 
|  14|0x00000000c0e00000, 0x00000000c0f00000, 0x00000000c0f00000|100%| O|  |TAMS 0x00000000c0f00000, 0x00000000c0e00000| Untracked 
|  15|0x00000000c0f00000, 0x00000000c1000000, 0x00000000c1000000|100%| O|  |TAMS 0x00000000c0f00000, 0x00000000c0f00000| Untracked 
|  16|0x00000000c1000000, 0x00000000c1100000, 0x00000000c1100000|100%| O|  |TAMS 0x00000000c1100000, 0x00000000c1000000| Untracked 
|  17|0x00000000c1100000, 0x00000000c1200000, 0x00000000c1200000|100%| O|  |TAMS 0x00000000c1200000, 0x00000000c1100000| Untracked 
|  18|0x00000000c1200000, 0x00000000c1300000, 0x00000000c1300000|100%| O|  |TAMS 0x00000000c1300000, 0x00000000c1200000| Untracked 
|  19|0x00000000c1300000, 0x00000000c1400000, 0x00000000c1400000|100%| O|  |TAMS 0x00000000c1400000, 0x00000000c1300000| Untracked 
|  20|0x00000000c1400000, 0x00000000c1500000, 0x00000000c1500000|100%| O|  |TAMS 0x00000000c1500000, 0x00000000c1400000| Untracked 
|  21|0x00000000c1500000, 0x00000000c1600000, 0x00000000c1600000|100%| O|  |TAMS 0x00000000c1600000, 0x00000000c1500000| Untracked 
|  22|0x00000000c1600000, 0x00000000c1700000, 0x00000000c1700000|100%| O|  |TAMS 0x00000000c1700000, 0x00000000c1600000| Untracked 
|  23|0x00000000c1700000, 0x00000000c1800000, 0x00000000c1800000|100%| O|  |TAMS 0x00000000c1800000, 0x00000000c1700000| Untracked 
|  24|0x00000000c1800000, 0x00000000c1900000, 0x00000000c1900000|100%| O|  |TAMS 0x00000000c1854e00, 0x00000000c1800000| Untracked 
|  25|0x00000000c1900000, 0x00000000c1a00000, 0x00000000c1a00000|100%| O|  |TAMS 0x00000000c1900000, 0x00000000c1900000| Untracked 
|  26|0x00000000c1a00000, 0x00000000c1b00000, 0x00000000c1b00000|100%| O|  |TAMS 0x00000000c1a00000, 0x00000000c1a00000| Untracked 
|  27|0x00000000c1b00000, 0x00000000c1c00000, 0x00000000c1c00000|100%| O|  |TAMS 0x00000000c1b00000, 0x00000000c1b00000| Untracked 
|  28|0x00000000c1c00000, 0x00000000c1d00000, 0x00000000c1d00000|100%| O|  |TAMS 0x00000000c1c00000, 0x00000000c1c00000| Untracked 
|  29|0x00000000c1d00000, 0x00000000c1e00000, 0x00000000c1e00000|100%| O|  |TAMS 0x00000000c1d00000, 0x00000000c1d00000| Untracked 
|  30|0x00000000c1e00000, 0x00000000c1e4f000, 0x00000000c1f00000| 30%| O|  |TAMS 0x00000000c1e00000, 0x00000000c1e00000| Untracked 
|  31|0x00000000c1f00000, 0x00000000c1f00000, 0x00000000c2000000|  0%| F|  |TAMS 0x00000000c1f00000, 0x00000000c1f00000| Untracked 
|  32|0x00000000c2000000, 0x00000000c2000000, 0x00000000c2100000|  0%| F|  |TAMS 0x00000000c2000000, 0x00000000c2000000| Untracked 
|  33|0x00000000c2100000, 0x00000000c2100000, 0x00000000c2200000|  0%| F|  |TAMS 0x00000000c2100000, 0x00000000c2100000| Untracked 
|  34|0x00000000c2200000, 0x00000000c2200000, 0x00000000c2300000|  0%| F|  |TAMS 0x00000000c2200000, 0x00000000c2200000| Untracked 
|  35|0x00000000c2300000, 0x00000000c2300000, 0x00000000c2400000|  0%| F|  |TAMS 0x00000000c2300000, 0x00000000c2300000| Untracked 
|  36|0x00000000c2400000, 0x00000000c2400000, 0x00000000c2500000|  0%| F|  |TAMS 0x00000000c2400000, 0x00000000c2400000| Untracked 
|  37|0x00000000c2500000, 0x00000000c2500000, 0x00000000c2600000|  0%| F|  |TAMS 0x00000000c2500000, 0x00000000c2500000| Untracked 
|  38|0x00000000c2600000, 0x00000000c2600000, 0x00000000c2700000|  0%| F|  |TAMS 0x00000000c2600000, 0x00000000c2600000| Untracked 
|  39|0x00000000c2700000, 0x00000000c2700000, 0x00000000c2800000|  0%| F|  |TAMS 0x00000000c2700000, 0x00000000c2700000| Untracked 
|  40|0x00000000c2800000, 0x00000000c2800000, 0x00000000c2900000|  0%| F|  |TAMS 0x00000000c2800000, 0x00000000c2800000| Untracked 
|  41|0x00000000c2900000, 0x00000000c2900000, 0x00000000c2a00000|  0%| F|  |TAMS 0x00000000c2900000, 0x00000000c2900000| Untracked 
|  42|0x00000000c2a00000, 0x00000000c2a00000, 0x00000000c2b00000|  0%| F|  |TAMS 0x00000000c2a00000, 0x00000000c2a00000| Untracked 
|  43|0x00000000c2b00000, 0x00000000c2b00000, 0x00000000c2c00000|  0%| F|  |TAMS 0x00000000c2b00000, 0x00000000c2b00000| Untracked 
|  44|0x00000000c2c00000, 0x00000000c2c00000, 0x00000000c2d00000|  0%| F|  |TAMS 0x00000000c2c00000, 0x00000000c2c00000| Untracked 
|  45|0x00000000c2d00000, 0x00000000c2d00000, 0x00000000c2e00000|  0%| F|  |TAMS 0x00000000c2d00000, 0x00000000c2d00000| Untracked 
|  46|0x00000000c2e00000, 0x00000000c2e00000, 0x00000000c2f00000|  0%| F|  |TAMS 0x00000000c2e00000, 0x00000000c2e00000| Untracked 
|  47|0x00000000c2f00000, 0x00000000c2f00000, 0x00000000c3000000|  0%| F|  |TAMS 0x00000000c2f00000, 0x00000000c2f00000| Untracked 
|  48|0x00000000c3000000, 0x00000000c3000000, 0x00000000c3100000|  0%| F|  |TAMS 0x00000000c3000000, 0x00000000c3000000| Untracked 
|  49|0x00000000c3100000, 0x00000000c3100000, 0x00000000c3200000|  0%| F|  |TAMS 0x00000000c3100000, 0x00000000c3100000| Untracked 
|  50|0x00000000c3200000, 0x00000000c32bb900, 0x00000000c3300000| 73%| S|CS|TAMS 0x00000000c3200000, 0x00000000c3200000| Complete 
|  51|0x00000000c3300000, 0x00000000c3400000, 0x00000000c3400000|100%| S|CS|TAMS 0x00000000c3300000, 0x00000000c3300000| Complete 
|  52|0x00000000c3400000, 0x00000000c3400000, 0x00000000c3500000|  0%| F|  |TAMS 0x00000000c3400000, 0x00000000c3400000| Untracked 
|  53|0x00000000c3500000, 0x00000000c3500000, 0x00000000c3600000|  0%| F|  |TAMS 0x00000000c3500000, 0x00000000c3500000| Untracked 
|  54|0x00000000c3600000, 0x00000000c3600000, 0x00000000c3700000|  0%| F|  |TAMS 0x00000000c3600000, 0x00000000c3600000| Untracked 
|  55|0x00000000c3700000, 0x00000000c3700000, 0x00000000c3800000|  0%| F|  |TAMS 0x00000000c3700000, 0x00000000c3700000| Untracked 
|  56|0x00000000c3800000, 0x00000000c3800000, 0x00000000c3900000|  0%| F|  |TAMS 0x00000000c3800000, 0x00000000c3800000| Untracked 
|  57|0x00000000c3900000, 0x00000000c3900000, 0x00000000c3a00000|  0%| F|  |TAMS 0x00000000c3900000, 0x00000000c3900000| Untracked 
|  58|0x00000000c3a00000, 0x00000000c3a00000, 0x00000000c3b00000|  0%| F|  |TAMS 0x00000000c3a00000, 0x00000000c3a00000| Untracked 
|  59|0x00000000c3b00000, 0x00000000c3b00000, 0x00000000c3c00000|  0%| F|  |TAMS 0x00000000c3b00000, 0x00000000c3b00000| Untracked 
|  60|0x00000000c3c00000, 0x00000000c3c00000, 0x00000000c3d00000|  0%| F|  |TAMS 0x00000000c3c00000, 0x00000000c3c00000| Untracked 
|  61|0x00000000c3d00000, 0x00000000c3d00000, 0x00000000c3e00000|  0%| F|  |TAMS 0x00000000c3d00000, 0x00000000c3d00000| Untracked 
|  62|0x00000000c3e00000, 0x00000000c3e00000, 0x00000000c3f00000|  0%| F|  |TAMS 0x00000000c3e00000, 0x00000000c3e00000| Untracked 
|  63|0x00000000c3f00000, 0x00000000c3f00000, 0x00000000c4000000|  0%| F|  |TAMS 0x00000000c3f00000, 0x00000000c3f00000| Untracked 
|  64|0x00000000c4000000, 0x00000000c4000000, 0x00000000c4100000|  0%| F|  |TAMS 0x00000000c4000000, 0x00000000c4000000| Untracked 
|  65|0x00000000c4100000, 0x00000000c4100000, 0x00000000c4200000|  0%| F|  |TAMS 0x00000000c4100000, 0x00000000c4100000| Untracked 
|  66|0x00000000c4200000, 0x00000000c4200000, 0x00000000c4300000|  0%| F|  |TAMS 0x00000000c4200000, 0x00000000c4200000| Untracked 
|  67|0x00000000c4300000, 0x00000000c4300000, 0x00000000c4400000|  0%| F|  |TAMS 0x00000000c4300000, 0x00000000c4300000| Untracked 
|  68|0x00000000c4400000, 0x00000000c4400000, 0x00000000c4500000|  0%| F|  |TAMS 0x00000000c4400000, 0x00000000c4400000| Untracked 
|  69|0x00000000c4500000, 0x00000000c4500000, 0x00000000c4600000|  0%| F|  |TAMS 0x00000000c4500000, 0x00000000c4500000| Untracked 
|  84|0x00000000c5400000, 0x00000000c5400000, 0x00000000c5500000|  0%| F|  |TAMS 0x00000000c5400000, 0x00000000c5400000| Untracked 
|  85|0x00000000c5500000, 0x00000000c5500000, 0x00000000c5600000|  0%| F|  |TAMS 0x00000000c5500000, 0x00000000c5500000| Untracked 
|  86|0x00000000c5600000, 0x00000000c5600000, 0x00000000c5700000|  0%| F|  |TAMS 0x00000000c5600000, 0x00000000c5600000| Untracked 
|  87|0x00000000c5700000, 0x00000000c5700000, 0x00000000c5800000|  0%| F|  |TAMS 0x00000000c5700000, 0x00000000c5700000| Untracked 
|  88|0x00000000c5800000, 0x00000000c583bda8, 0x00000000c5900000| 23%| E|  |TAMS 0x00000000c5800000, 0x00000000c5800000| Complete 
| 124|0x00000000c7c00000, 0x00000000c7d00000, 0x00000000c7d00000|100%| E|CS|TAMS 0x00000000c7c00000, 0x00000000c7c00000| Complete 
| 125|0x00000000c7d00000, 0x00000000c7e00000, 0x00000000c7e00000|100%| E|  |TAMS 0x00000000c7d00000, 0x00000000c7d00000| Complete 

Card table byte_map: [0x000001b40b290000,0x000001b40b490000] _byte_map_base: 0x000001b40ac90000

Marking Bits (Prev, Next): (CMBitMap*) 0x000001b4053364e0, (CMBitMap*) 0x000001b405336520
 Prev Bits: [0x000001b40b690000, 0x000001b40c690000)
 Next Bits: [0x000001b40c690000, 0x000001b40d690000)

Polling page: 0x000001b4032b0000

Metaspace:

Usage:
  Non-class:     37.51 MB used.
      Class:      5.43 MB used.
       Both:     42.94 MB used.

Virtual space:
  Non-class space:       64.00 MB reserved,      37.69 MB ( 59%) committed,  1 nodes.
      Class space:        1.00 GB reserved,       5.62 MB ( <1%) committed,  1 nodes.
             Both:        1.06 GB reserved,      43.31 MB (  4%) committed. 

Chunk freelists:
   Non-Class:  9.55 MB
       Class:  10.34 MB
        Both:  19.89 MB

MaxMetaspaceSize: unlimited
CompressedClassSpaceSize: 1.00 GB
Initial GC threshold: 21.00 MB
Current GC threshold: 59.00 MB
CDS: off
MetaspaceReclaimPolicy: balanced
 - commit_granule_bytes: 65536.
 - commit_granule_words: 8192.
 - virtual_space_node_default_size: 8388608.
 - enlarge_chunks_in_place: 1.
 - new_chunks_are_fully_committed: 0.
 - uncommit_free_chunks: 1.
 - use_allocation_guard: 0.
 - handle_deallocations: 1.


Internal statistics:

num_allocs_failed_limit: 6.
num_arena_births: 556.
num_arena_deaths: 0.
num_vsnodes_births: 2.
num_vsnodes_deaths: 0.
num_space_committed: 692.
num_space_uncommitted: 0.
num_chunks_returned_to_freelist: 6.
num_chunks_taken_from_freelist: 1910.
num_chunk_merges: 6.
num_chunk_splits: 1324.
num_chunks_enlarged: 997.
num_inconsistent_stats: 0.

CodeCache: size=49152Kb used=8532Kb max_used=8541Kb free=40619Kb
 bounds [0x000001b407f80000, 0x000001b4087e0000, 0x000001b40af80000]
 total_blobs=4612 nmethods=4051 adapters=486
 compilation: enabled
              stopped_count=0, restarted_count=0
 full_count=0

Compilation events (20 events):
Event: 5.516 Thread 0x000001b4104c1ad0 4040   !   1       sun.security.x509.X500Name::asX500Principal (51 bytes)
Event: 5.516 Thread 0x000001b4104c1ad0 nmethod 4040 0x000001b408499f10 code [0x000001b40849a0e0, 0x000001b40849a4e8]
Event: 5.518 Thread 0x000001b4104c1ad0 4041       1       sun.security.rsa.RSAPublicKeyImpl::getModulus (5 bytes)
Event: 5.518 Thread 0x000001b4104c1ad0 nmethod 4041 0x000001b408499c10 code [0x000001b408499da0, 0x000001b408499e78]
Event: 5.611 Thread 0x000001b4104c1ad0 4042   !   1       sun.security.jca.ProviderConfig::getProvider (322 bytes)
Event: 5.612 Thread 0x000001b4104c1ad0 nmethod 4042 0x000001b408498290 code [0x000001b4084985a0, 0x000001b408499028]
Event: 5.615 Thread 0x000001b4104c1ad0 4043       1       sun.security.x509.SerialNumber::getNumber (5 bytes)
Event: 5.615 Thread 0x000001b4104c1ad0 nmethod 4043 0x000001b408497f90 code [0x000001b408498120, 0x000001b4084981f8]
Event: 5.695 Thread 0x000001b41016d750 4044       1       java.util.Hashtable$Entry::getKey (5 bytes)
Event: 5.695 Thread 0x000001b4104c1ad0 4045       1       java.util.Hashtable$Entry::getValue (5 bytes)
Event: 5.695 Thread 0x000001b41016d750 nmethod 4044 0x000001b408497690 code [0x000001b408497820, 0x000001b4084978f8]
Event: 5.695 Thread 0x000001b4104c1ad0 nmethod 4045 0x000001b408497390 code [0x000001b408497520, 0x000001b4084975f8]
Event: 5.695 Thread 0x000001b4104c1ad0 4046       1       java.util.Hashtable$Enumerator::hasMoreElements (53 bytes)
Event: 5.695 Thread 0x000001b4104c1ad0 nmethod 4046 0x000001b408496f90 code [0x000001b408497120, 0x000001b408497298]
Event: 5.695 Thread 0x000001b4104c6040 4047       1       java.util.Hashtable$Enumerator::hasNext (5 bytes)
Event: 5.695 Thread 0x000001b4104c6040 nmethod 4047 0x000001b408496c90 code [0x000001b408496e20, 0x000001b408496f08]
Event: 5.695 Thread 0x000001b4104c1ad0 4048       1       java.util.Hashtable$Enumerator::nextElement (111 bytes)
Event: 5.695 Thread 0x000001b4104c1ad0 nmethod 4048 0x000001b408496690 code [0x000001b408496840, 0x000001b408496b68]
Event: 5.696 Thread 0x000001b4104c6040 4049       1       java.util.Hashtable$Enumerator::next (27 bytes)
Event: 5.696 Thread 0x000001b4104c6040 nmethod 4049 0x000001b408496210 code [0x000001b4084963c0, 0x000001b408496558]

GC Heap History (18 events):
Event: 0.736 GC heap before
{Heap before GC invocations=0 (full 0):
 garbage-first heap   total 129024K, used 28672K [0x00000000c0000000, 0x0000000100000000)
  region size 1024K, 23 young (23552K), 0 survivors (0K)
 Metaspace       used 7857K, committed 8000K, reserved 1114112K
  class space    used 839K, committed 896K, reserved 1048576K
}
Event: 0.741 GC heap after
{Heap after GC invocations=1 (full 0):
 garbage-first heap   total 129024K, used 15513K [0x00000000c0000000, 0x0000000100000000)
  region size 1024K, 3 young (3072K), 3 survivors (3072K)
 Metaspace       used 7857K, committed 8000K, reserved 1114112K
  class space    used 839K, committed 896K, reserved 1048576K
}
Event: 1.081 GC heap before
{Heap before GC invocations=1 (full 0):
 garbage-first heap   total 129024K, used 39065K [0x00000000c0000000, 0x0000000100000000)
  region size 1024K, 26 young (26624K), 3 survivors (3072K)
 Metaspace       used 13656K, committed 13824K, reserved 1114112K
  class space    used 1685K, committed 1792K, reserved 1048576K
}
Event: 1.084 GC heap after
{Heap after GC invocations=2 (full 0):
 garbage-first heap   total 129024K, used 17164K [0x00000000c0000000, 0x0000000100000000)
  region size 1024K, 2 young (2048K), 2 survivors (2048K)
 Metaspace       used 13656K, committed 13824K, reserved 1114112K
  class space    used 1685K, committed 1792K, reserved 1048576K
}
Event: 1.440 GC heap before
{Heap before GC invocations=2 (full 0):
 garbage-first heap   total 129024K, used 50956K [0x00000000c0000000, 0x0000000100000000)
  region size 1024K, 37 young (37888K), 2 survivors (2048K)
 Metaspace       used 21273K, committed 21504K, reserved 1114112K
  class space    used 2628K, committed 2752K, reserved 1048576K
}
Event: 1.443 GC heap after
{Heap after GC invocations=3 (full 0):
 garbage-first heap   total 129024K, used 20526K [0x00000000c0000000, 0x0000000100000000)
  region size 1024K, 5 young (5120K), 5 survivors (5120K)
 Metaspace       used 21273K, committed 21504K, reserved 1114112K
  class space    used 2628K, committed 2752K, reserved 1048576K
}
Event: 1.810 GC heap before
{Heap before GC invocations=4 (full 0):
 garbage-first heap   total 78848K, used 60462K [0x00000000c0000000, 0x0000000100000000)
  region size 1024K, 45 young (46080K), 5 survivors (5120K)
 Metaspace       used 28142K, committed 28352K, reserved 1114112K
  class space    used 3511K, committed 3584K, reserved 1048576K
}
Event: 1.816 GC heap after
{Heap after GC invocations=5 (full 0):
 garbage-first heap   total 78848K, used 24029K [0x00000000c0000000, 0x0000000100000000)
  region size 1024K, 4 young (4096K), 4 survivors (4096K)
 Metaspace       used 28142K, committed 28352K, reserved 1114112K
  class space    used 3511K, committed 3584K, reserved 1048576K
}
Event: 1.833 GC heap before
{Heap before GC invocations=5 (full 0):
 garbage-first heap   total 78848K, used 25053K [0x00000000c0000000, 0x0000000100000000)
  region size 1024K, 5 young (5120K), 4 survivors (4096K)
 Metaspace       used 28200K, committed 28480K, reserved 1114112K
  class space    used 3523K, committed 3648K, reserved 1048576K
}
Event: 1.837 GC heap after
{Heap after GC invocations=6 (full 0):
 garbage-first heap   total 78848K, used 24628K [0x00000000c0000000, 0x0000000100000000)
  region size 1024K, 1 young (1024K), 1 survivors (1024K)
 Metaspace       used 28200K, committed 28480K, reserved 1114112K
  class space    used 3523K, committed 3648K, reserved 1048576K
}
Event: 2.301 GC heap before
{Heap before GC invocations=6 (full 0):
 garbage-first heap   total 78848K, used 51252K [0x00000000c0000000, 0x0000000100000000)
  region size 1024K, 28 young (28672K), 1 survivors (1024K)
 Metaspace       used 32357K, committed 32768K, reserved 1114112K
  class space    used 4111K, committed 4288K, reserved 1048576K
}
Event: 2.306 GC heap after
{Heap after GC invocations=7 (full 0):
 garbage-first heap   total 78848K, used 26349K [0x00000000c0000000, 0x0000000100000000)
  region size 1024K, 3 young (3072K), 3 survivors (3072K)
 Metaspace       used 32357K, committed 32768K, reserved 1114112K
  class space    used 4111K, committed 4288K, reserved 1048576K
}
Event: 2.683 GC heap before
{Heap before GC invocations=7 (full 0):
 garbage-first heap   total 78848K, used 47853K [0x00000000c0000000, 0x0000000100000000)
  region size 1024K, 24 young (24576K), 3 survivors (3072K)
 Metaspace       used 35789K, committed 36160K, reserved 1114112K
  class space    used 4410K, committed 4608K, reserved 1048576K
}
Event: 2.688 GC heap after
{Heap after GC invocations=8 (full 0):
 garbage-first heap   total 78848K, used 28978K [0x00000000c0000000, 0x0000000100000000)
  region size 1024K, 3 young (3072K), 3 survivors (3072K)
 Metaspace       used 35789K, committed 36160K, reserved 1114112K
  class space    used 4410K, committed 4608K, reserved 1048576K
}
Event: 3.376 GC heap before
{Heap before GC invocations=9 (full 0):
 garbage-first heap   total 78848K, used 54578K [0x00000000c0000000, 0x0000000100000000)
  region size 1024K, 28 young (28672K), 3 survivors (3072K)
 Metaspace       used 40231K, committed 40704K, reserved 1114112K
  class space    used 5086K, committed 5312K, reserved 1048576K
}
Event: 3.379 GC heap after
{Heap after GC invocations=10 (full 0):
 garbage-first heap   total 78848K, used 31194K [0x00000000c0000000, 0x0000000100000000)
  region size 1024K, 3 young (3072K), 3 survivors (3072K)
 Metaspace       used 40231K, committed 40704K, reserved 1114112K
  class space    used 5086K, committed 5312K, reserved 1048576K
}
Event: 5.654 GC heap before
{Heap before GC invocations=10 (full 0):
 garbage-first heap   total 78848K, used 55770K [0x00000000c0000000, 0x0000000100000000)
  region size 1024K, 28 young (28672K), 3 survivors (3072K)
 Metaspace       used 43428K, committed 43840K, reserved 1114112K
  class space    used 5539K, committed 5760K, reserved 1048576K
}
Event: 5.658 GC heap after
{Heap after GC invocations=11 (full 0):
 garbage-first heap   total 78848K, used 32810K [0x00000000c0000000, 0x0000000100000000)
  region size 1024K, 2 young (2048K), 2 survivors (2048K)
 Metaspace       used 43428K, committed 43840K, reserved 1114112K
  class space    used 5539K, committed 5760K, reserved 1048576K
}

Dll operation events (8 events):
Event: 0.004 Loaded shared library c:\Users\Admin\.vscode\extensions\redhat.java-1.33.0-win32-x64\jre\17.0.11-win32-x86_64\bin\java.dll
Event: 0.131 Loaded shared library C:\Users\Admin\.vscode\extensions\redhat.java-1.33.0-win32-x64\jre\17.0.11-win32-x86_64\bin\net.dll
Event: 0.132 Loaded shared library C:\Users\Admin\.vscode\extensions\redhat.java-1.33.0-win32-x64\jre\17.0.11-win32-x86_64\bin\nio.dll
Event: 0.141 Loaded shared library C:\Users\Admin\.vscode\extensions\redhat.java-1.33.0-win32-x64\jre\17.0.11-win32-x86_64\bin\zip.dll
Event: 0.516 Loaded shared library C:\Users\Admin\.vscode\extensions\redhat.java-1.33.0-win32-x64\jre\17.0.11-win32-x86_64\bin\jimage.dll
Event: 1.391 Loaded shared library c:\Users\Admin\.vscode\extensions\redhat.java-1.33.0-win32-x64\jre\17.0.11-win32-x86_64\bin\verify.dll
Event: 3.021 Loaded shared library C:\Users\Admin\.vscode\extensions\redhat.java-1.33.0-win32-x64\jre\17.0.11-win32-x86_64\bin\management.dll
Event: 3.029 Loaded shared library C:\Users\Admin\.vscode\extensions\redhat.java-1.33.0-win32-x64\jre\17.0.11-win32-x86_64\bin\management_ext.dll

Deoptimization events (4 events):
Event: 5.085 Thread 0x000001b416014040 DEOPT PACKING pc=0x000001b408558101 sp=0x00000046333fd8b0
Event: 5.085 Thread 0x000001b416014040 DEOPT UNPACKING pc=0x000001b407fd7143 sp=0x00000046333fcd40 mode 3
Event: 5.197 Thread 0x000001b4160cc060 DEOPT PACKING pc=0x000001b40853b597 sp=0x0000004633cff2d0
Event: 5.197 Thread 0x000001b4160cc060 DEOPT UNPACKING pc=0x000001b407fd7143 sp=0x0000004633cfe728 mode 3

Classes unloaded (0 events):
No events

Classes redefined (0 events):
No events

Internal exceptions (20 events):
Event: 5.312 Thread 0x000001b4160cc060 Exception <a 'sun/nio/fs/WindowsException'{0x00000000c4174a68}> (0x00000000c4174a68) 
thrown [s\src\hotspot\share\prims\jni.cpp, line 516]
Event: 5.312 Thread 0x000001b4160cc060 Exception <a 'sun/nio/fs/WindowsException'{0x00000000c41756d0}> (0x00000000c41756d0) 
thrown [s\src\hotspot\share\prims\jni.cpp, line 516]
Event: 5.313 Thread 0x000001b4160cc060 Exception <a 'sun/nio/fs/WindowsException'{0x00000000c417cbb0}> (0x00000000c417cbb0) 
thrown [s\src\hotspot\share\prims\jni.cpp, line 516]
Event: 5.313 Thread 0x000001b4160cc060 Exception <a 'sun/nio/fs/WindowsException'{0x00000000c417d6b0}> (0x00000000c417d6b0) 
thrown [s\src\hotspot\share\prims\jni.cpp, line 516]
Event: 5.313 Thread 0x000001b4160cc060 Exception <a 'sun/nio/fs/WindowsException'{0x00000000c417e198}> (0x00000000c417e198) 
thrown [s\src\hotspot\share\prims\jni.cpp, line 516]
Event: 5.315 Thread 0x000001b4160cc060 Exception <a 'sun/nio/fs/WindowsException'{0x00000000c417ec98}> (0x00000000c417ec98) 
thrown [s\src\hotspot\share\prims\jni.cpp, line 516]
Event: 5.315 Thread 0x000001b4160cc060 Exception <a 'sun/nio/fs/WindowsException'{0x00000000c417f878}> (0x00000000c417f878) 
thrown [s\src\hotspot\share\prims\jni.cpp, line 516]
Event: 5.315 Thread 0x000001b4160cc060 Exception <a 'sun/nio/fs/WindowsException'{0x00000000c41804e0}> (0x00000000c41804e0) 
thrown [s\src\hotspot\share\prims\jni.cpp, line 516]
Event: 5.434 Thread 0x000001b4160cc060 Exception <a 'sun/nio/fs/WindowsException'{0x00000000c3b2de58}> (0x00000000c3b2de58) 
thrown [s\src\hotspot\share\prims\jni.cpp, line 516]
Event: 5.434 Thread 0x000001b4160cc060 Exception <a 'sun/nio/fs/WindowsException'{0x00000000c3b2e900}> (0x00000000c3b2e900) 
thrown [s\src\hotspot\share\prims\jni.cpp, line 516]
Event: 5.435 Thread 0x000001b4160cc060 Exception <a 'sun/nio/fs/WindowsException'{0x00000000c3b2f388}> (0x00000000c3b2f388) 
thrown [s\src\hotspot\share\prims\jni.cpp, line 516]
Event: 5.435 Thread 0x000001b4160cc060 Exception <a 'sun/nio/fs/WindowsException'{0x00000000c3b2fe30}> (0x00000000c3b2fe30) 
thrown [s\src\hotspot\share\prims\jni.cpp, line 516]
Event: 5.435 Thread 0x000001b4160cc060 Exception <a 'sun/nio/fs/WindowsException'{0x00000000c3b309d8}> (0x00000000c3b309d8) 
thrown [s\src\hotspot\share\prims\jni.cpp, line 516]
Event: 5.435 Thread 0x000001b4160cc060 Exception <a 'sun/nio/fs/WindowsException'{0x00000000c3b315e8}> (0x00000000c3b315e8) 
thrown [s\src\hotspot\share\prims\jni.cpp, line 516]
Event: 5.435 Thread 0x000001b4160cc060 Exception <a 'sun/nio/fs/WindowsException'{0x00000000c3b32828}> (0x00000000c3b32828) 
thrown [s\src\hotspot\share\prims\jni.cpp, line 516]
Event: 5.435 Thread 0x000001b4160cc060 Exception <a 'sun/nio/fs/WindowsException'{0x00000000c3b332d0}> (0x00000000c3b332d0) 
thrown [s\src\hotspot\share\prims\jni.cpp, line 516]
Event: 5.435 Thread 0x000001b4160cc060 Exception <a 'sun/nio/fs/WindowsException'{0x00000000c3b33d58}> (0x00000000c3b33d58) 
thrown [s\src\hotspot\share\prims\jni.cpp, line 516]
Event: 5.435 Thread 0x000001b4160cc060 Exception <a 'sun/nio/fs/WindowsException'{0x00000000c3b34800}> (0x00000000c3b34800) 
thrown [s\src\hotspot\share\prims\jni.cpp, line 516]
Event: 5.435 Thread 0x000001b4160cc060 Exception <a 'sun/nio/fs/WindowsException'{0x00000000c3b353a8}> (0x00000000c3b353a8) 
thrown [s\src\hotspot\share\prims\jni.cpp, line 516]
Event: 5.435 Thread 0x000001b4160cc060 Exception <a 'sun/nio/fs/WindowsException'{0x00000000c3b35fb8}> (0x00000000c3b35fb8) 
thrown [s\src\hotspot\share\prims\jni.cpp, line 516]

VM Operations (20 events):
Event: 2.931 Executing VM operation: HandshakeAllThreads
Event: 2.931 Executing VM operation: HandshakeAllThreads done
Event: 2.980 Executing VM operation: HandshakeAllThreads
Event: 2.980 Executing VM operation: HandshakeAllThreads done
Event: 2.981 Executing VM operation: HandshakeAllThreads
Event: 2.981 Executing VM operation: HandshakeAllThreads done
Event: 3.047 Executing VM operation: HandshakeAllThreads
Event: 3.047 Executing VM operation: HandshakeAllThreads done
Event: 3.052 Executing VM operation: HandshakeAllThreads
Event: 3.053 Executing VM operation: HandshakeAllThreads done
Event: 3.363 Executing VM operation: G1CollectForAllocation
Event: 3.379 Executing VM operation: G1CollectForAllocation done
Event: 3.481 Executing VM operation: HandshakeAllThreads
Event: 3.481 Executing VM operation: HandshakeAllThreads done
Event: 4.482 Executing VM operation: Cleanup
Event: 4.482 Executing VM operation: Cleanup done
Event: 5.485 Executing VM operation: Cleanup
Event: 5.486 Executing VM operation: Cleanup done
Event: 5.654 Executing VM operation: G1CollectForAllocation
Event: 5.658 Executing VM operation: G1CollectForAllocation done

Events (20 events):
Event: 5.369 loading class java/util/concurrent/CompletableFuture$Signaller
Event: 5.369 loading class java/util/concurrent/CompletableFuture$Signaller done
Event: 5.525 loading class java/util/zip/GZIPOutputStream
Event: 5.525 loading class java/util/zip/DeflaterOutputStream
Event: 5.525 loading class java/util/zip/DeflaterOutputStream done
Event: 5.525 loading class java/util/zip/GZIPOutputStream done
Event: 5.577 loading class java/util/zip/GZIPInputStream
Event: 5.577 loading class java/util/zip/GZIPInputStream done
Event: 5.584 loading class java/net/SocketTimeoutException
Event: 5.584 loading class java/io/InterruptedIOException
Event: 5.584 loading class java/io/InterruptedIOException done
Event: 5.584 loading class java/net/SocketTimeoutException done
Event: 5.584 loading class java/net/ProtocolException
Event: 5.584 loading class java/net/ProtocolException done
Event: 5.629 loading class java/lang/ThreadLocal$SuppliedThreadLocal
Event: 5.629 loading class java/lang/ThreadLocal$SuppliedThreadLocal done
Event: 5.711 loading class java/lang/UnsupportedClassVersionError
Event: 5.711 loading class java/lang/UnsupportedClassVersionError done
Event: 5.711 loading class java/io/FilenameFilter
Event: 5.711 loading class java/io/FilenameFilter done


Dynamic libraries:
0x00007ff6f9ec0000 - 0x00007ff6f9ece000 	c:\Users\Admin\.vscode\extensions\redhat.java-1.33.0-win32-x64\jre\17.0.11-win32-x86_64\bin\java.exe
0x00007ffe18570000 - 0x00007ffe18787000 	C:\Windows\SYSTEM32\ntdll.dll
0x00007ffe16900000 - 0x00007ffe169c4000 	C:\Windows\System32\KERNEL32.DLL
0x00007ffe15a20000 - 0x00007ffe15dc6000 	C:\Windows\System32\KERNELBASE.dll
0x00007ffe15ec0000 - 0x00007ffe15fd1000 	C:\Windows\System32\ucrtbase.dll
0x00007ffdfa140000 - 0x00007ffdfa15b000 	c:\Users\Admin\.vscode\extensions\redhat.java-1.33.0-win32-x64\jre\17.0.11-win32-x86_64\bin\VCRUNTIME140.dll
0x00007ffe035c0000 - 0x00007ffe035d7000 	c:\Users\Admin\.vscode\extensions\redhat.java-1.33.0-win32-x64\jre\17.0.11-win32-x86_64\bin\jli.dll
0x00007ffe179f0000 - 0x00007ffe17b9e000 	C:\Windows\System32\USER32.dll
0x00007ffe01960000 - 0x00007ffe01bf3000 	C:\Windows\WinSxS\amd64_microsoft.windows.common-controls_6595b64144ccf1df_6.0.22621.2506_none_270c5ae97388e100\COMCTL32.dll
0x00007ffe15fe0000 - 0x00007ffe16006000 	C:\Windows\System32\win32u.dll
0x00007ffe16460000 - 0x00007ffe16507000 	C:\Windows\System32\msvcrt.dll
0x00007ffe183d0000 - 0x00007ffe183f9000 	C:\Windows\System32\GDI32.dll
0x00007ffe160e0000 - 0x00007ffe161f8000 	C:\Windows\System32\gdi32full.dll
0x00007ffe16010000 - 0x00007ffe160aa000 	C:\Windows\System32\msvcp_win.dll
0x00007ffe17f60000 - 0x00007ffe17f91000 	C:\Windows\System32\IMM32.DLL
0x00007ffe030f0000 - 0x00007ffe030fc000 	c:\Users\Admin\.vscode\extensions\redhat.java-1.33.0-win32-x64\jre\17.0.11-win32-x86_64\bin\vcruntime140_1.dll
0x00007ffd9f720000 - 0x00007ffd9f7ad000 	c:\Users\Admin\.vscode\extensions\redhat.java-1.33.0-win32-x64\jre\17.0.11-win32-x86_64\bin\msvcp140.dll
0x00007ffd91cc0000 - 0x00007ffd92922000 	c:\Users\Admin\.vscode\extensions\redhat.java-1.33.0-win32-x64\jre\17.0.11-win32-x86_64\bin\server\jvm.dll
0x00007ffe163a0000 - 0x00007ffe16453000 	C:\Windows\System32\ADVAPI32.dll
0x00007ffe17fa0000 - 0x00007ffe18048000 	C:\Windows\System32\sechost.dll
0x00007ffe160b0000 - 0x00007ffe160d8000 	C:\Windows\System32\bcrypt.dll
0x00007ffe18400000 - 0x00007ffe18517000 	C:\Windows\System32\RPCRT4.dll
0x00007ffdffd30000 - 0x00007ffdffd39000 	C:\Windows\SYSTEM32\WSOCK32.dll
0x00007ffe14700000 - 0x00007ffe1474d000 	C:\Windows\SYSTEM32\POWRPROF.dll
0x00007ffe02330000 - 0x00007ffe02364000 	C:\Windows\SYSTEM32\WINMM.dll
0x00007ffe17ba0000 - 0x00007ffe17c11000 	C:\Windows\System32\WS2_32.dll
0x00007ffe0ab80000 - 0x00007ffe0ab8a000 	C:\Windows\SYSTEM32\VERSION.dll
0x00007ffe146e0000 - 0x00007ffe146f3000 	C:\Windows\SYSTEM32\UMPDC.dll
0x00007ffe149a0000 - 0x00007ffe149b8000 	C:\Windows\SYSTEM32\kernel.appcore.dll
0x00007ffe00150000 - 0x00007ffe0015a000 	c:\Users\Admin\.vscode\extensions\redhat.java-1.33.0-win32-x64\jre\17.0.11-win32-x86_64\bin\jimage.dll
0x00007ffe130d0000 - 0x00007ffe13303000 	C:\Windows\SYSTEM32\DBGHELP.DLL
0x00007ffe16570000 - 0x00007ffe168f9000 	C:\Windows\System32\combase.dll
0x00007ffe162c0000 - 0x00007ffe16397000 	C:\Windows\System32\OLEAUT32.dll
0x00007ffdf8a40000 - 0x00007ffdf8a72000 	C:\Windows\SYSTEM32\dbgcore.DLL
0x00007ffe15e40000 - 0x00007ffe15eba000 	C:\Windows\System32\bcryptPrimitives.dll
0x00007ffdfa110000 - 0x00007ffdfa135000 	c:\Users\Admin\.vscode\extensions\redhat.java-1.33.0-win32-x64\jre\17.0.11-win32-x86_64\bin\java.dll
0x00007ffdf8c80000 - 0x00007ffdf8c98000 	c:\Users\Admin\.vscode\extensions\redhat.java-1.33.0-win32-x64\jre\17.0.11-win32-x86_64\bin\zip.dll
0x00007ffe169d0000 - 0x00007ffe1722b000 	C:\Windows\System32\SHELL32.dll
0x00007ffe137c0000 - 0x00007ffe140b6000 	C:\Windows\SYSTEM32\windows.storage.dll
0x00007ffe13680000 - 0x00007ffe137be000 	C:\Windows\SYSTEM32\wintypes.dll
0x00007ffe17de0000 - 0x00007ffe17ed3000 	C:\Windows\System32\SHCORE.dll
0x00007ffe17f00000 - 0x00007ffe17f5e000 	C:\Windows\System32\shlwapi.dll
0x00007ffe157e0000 - 0x00007ffe15806000 	C:\Windows\SYSTEM32\profapi.dll
0x00007ffdf8c60000 - 0x00007ffdf8c79000 	C:\Users\Admin\.vscode\extensions\redhat.java-1.33.0-win32-x64\jre\17.0.11-win32-x86_64\bin\net.dll
0x00007ffe0eab0000 - 0x00007ffe0ebe7000 	C:\Windows\SYSTEM32\WINHTTP.dll
0x00007ffe14e10000 - 0x00007ffe14e79000 	C:\Windows\system32\mswsock.dll
0x00007ffdf37b0000 - 0x00007ffdf37c6000 	C:\Users\Admin\.vscode\extensions\redhat.java-1.33.0-win32-x64\jre\17.0.11-win32-x86_64\bin\nio.dll
0x00007ffdfa710000 - 0x00007ffdfa720000 	c:\Users\Admin\.vscode\extensions\redhat.java-1.33.0-win32-x64\jre\17.0.11-win32-x86_64\bin\verify.dll
0x00007ffe15160000 - 0x00007ffe1517b000 	C:\Windows\SYSTEM32\CRYPTSP.dll
0x00007ffe14900000 - 0x00007ffe14935000 	C:\Windows\system32\rsaenh.dll
0x00007ffe14eb0000 - 0x00007ffe14edc000 	C:\Windows\SYSTEM32\USERENV.dll
0x00007ffe15140000 - 0x00007ffe1514c000 	C:\Windows\SYSTEM32\CRYPTBASE.dll
0x00007ffe14320000 - 0x00007ffe1434d000 	C:\Windows\SYSTEM32\IPHLPAPI.DLL
0x00007ffe18200000 - 0x00007ffe18209000 	C:\Windows\System32\NSI.dll
0x00007ffe0e9f0000 - 0x00007ffe0ea09000 	C:\Windows\SYSTEM32\dhcpcsvc6.DLL
0x00007ffe0e940000 - 0x00007ffe0e95f000 	C:\Windows\SYSTEM32\dhcpcsvc.DLL
0x00007ffe143e0000 - 0x00007ffe144d9000 	C:\Windows\SYSTEM32\DNSAPI.dll
0x00007ffdfa360000 - 0x00007ffdfa369000 	C:\Users\Admin\.vscode\extensions\redhat.java-1.33.0-win32-x64\jre\17.0.11-win32-x86_64\bin\management.dll
0x00007ffdfa100000 - 0x00007ffdfa10b000 	C:\Users\Admin\.vscode\extensions\redhat.java-1.33.0-win32-x64\jre\17.0.11-win32-x86_64\bin\management_ext.dll
0x00007ffe176b0000 - 0x00007ffe176b8000 	C:\Windows\System32\PSAPI.DLL

dbghelp: loaded successfully - version: 4.0.5 - missing functions: none
symbol engine: initialized successfully - sym options: 0x614 - pdb path: .;c:\Users\Admin\.vscode\extensions\redhat.java-1.33.0-win32-x64\jre\17.0.11-win32-x86_64\bin;C:\Windows\SYSTEM32;C:\Windows\WinSxS\amd64_microsoft.windows.common-controls_6595b64144ccf1df_6.0.22621.2506_none_270c5ae97388e100;c:\Users\Admin\.vscode\extensions\redhat.java-1.33.0-win32-x64\jre\17.0.11-win32-x86_64\bin\server

VM Arguments:
jvm_args: -Xmx1024m -Dsts.lsp.client=vscode -Dsts.log.file=/dev/null -XX:TieredStopAtLevel=1 -Xlog:jni+resolve=off -Dspring.config.location=file:c:\Users\Admin\.vscode\extensions\vmware.vscode-spring-boot-1.56.0\language-server\BOOT-INF\classes\application.properties 
java_command: org.springframework.ide.vscode.boot.app.BootLanguageServerBootApp
java_class_path (initial): c:\Users\Admin\.vscode\extensions\vmware.vscode-spring-boot-1.56.0\language-server\BOOT-INF\classes;c:\Users\Admin\.vscode\extensions\vmware.vscode-spring-boot-1.56.0\language-server\BOOT-INF\lib\annotations-24.1.0.jar;c:\Users\Admin\.vscode\extensions\vmware.vscode-spring-boot-1.56.0\language-server\BOOT-INF\lib\antlr4-runtime-4.13.1.jar;c:\Users\Admin\.vscode\extensions\vmware.vscode-spring-boot-1.56.0\language-server\BOOT-INF\lib\asm-9.7.jar;c:\Users\Admin\.vscode\extensions\vmware.vscode-spring-boot-1.56.0\language-server\BOOT-INF\lib\asm-analysis-9.7.jar;c:\Users\Admin\.vscode\extensions\vmware.vscode-spring-boot-1.56.0\language-server\BOOT-INF\lib\asm-tree-9.7.jar;c:\Users\Admin\.vscode\extensions\vmware.vscode-spring-boot-1.56.0\language-server\BOOT-INF\lib\asm-util-9.7.jar;c:\Users\Admin\.vscode\extensions\vmware.vscode-spring-boot-1.56.0\language-server\BOOT-INF\lib\caffeine-3.1.8.jar;c:\Users\Admin\.vscode\extensions\vmware.vscode-spring-boot-1.56.0\language-server\BOOT-INF\lib\checker-qual-3.12.0.jar;c:\Users\Admin\.vscode\extensions\vmware.vscode-spring-boot-1.56.0\language-server\BOOT-INF\lib\classgraph-4.8.149.jar;c:\Users\Admin\.vscode\extensions\vmware.vscode-spring-boot-1.56.0\language-server\BOOT-INF\lib\commons-codec-1.16.1.jar;c:\Users\Admin\.vscode\extensions\vmware.vscode-spring-boot-1.56.0\language-server\BOOT-INF\lib\commons-compress-1.26.2.jar;c:\Users\Admin\.vscode\extensions\vmware.vscode-spring-boot-1.56.0\language-server\BOOT-INF\lib\commons-io-2.16.1.jar;c:\Users\Admin\.vscode\extensions\vmware.vscode-spring-boot-1.56.0\language-server\BOOT-INF\lib\commons-java-1.56.0-SNAPSHOT.jar;c:\Users\Admin\.vscode\extensions\vmware.vscode-spring-boot-1.56.0\language-server\BOOT-INF\lib\commons-lang3-3.14.0.jar;c:\Users\Admin\.vscode\extensions\vmware.vscode-spring-boot-1.56.0\language-server\BOOT-INF\lib\commons-language-server-1.56.0-SNAPSHOT.jar;c:\Users\Admin\.vscode\extensions\vmware.vscode-spring-boot-1.56.0\langu
Launcher Type: SUN_STANDARD

[Global flags]
     intx CICompilerCount                          = 4                                         {product} {ergonomic}
     uint ConcGCThreads                            = 2                                         {product} {ergonomic}
     uint G1ConcRefinementThreads                  = 8                                         {product} {ergonomic}
   size_t G1HeapRegionSize                         = 1048576                                   {product} {ergonomic}
    uintx GCDrainStackTargetSize                   = 64                                        {product} {ergonomic}
   size_t InitialHeapSize                          = 132120576                                 {product} {ergonomic}
   size_t MarkStackSize                            = 4194304                                   {product} {ergonomic}
   size_t MaxHeapSize                              = 1073741824                                {product} {command line}
   size_t MaxNewSize                               = 643825664                                 {product} {ergonomic}
   size_t MinHeapDeltaBytes                        = 1048576                                   {product} {ergonomic}
   size_t MinHeapSize                              = 8388608                                   {product} {ergonomic}
    uintx NonProfiledCodeHeapSize                  = 0                                      {pd product} {ergonomic}
     bool ProfileInterpreter                       = false                                  {pd product} {command line}
    uintx ProfiledCodeHeapSize                     = 0                                      {pd product} {ergonomic}
   size_t SoftMaxHeapSize                          = 1073741824                             {manageable} {ergonomic}
     intx TieredStopAtLevel                        = 1                                         {product} {command line}
     bool UseCompressedClassPointers               = true                           {product lp64_product} {ergonomic}
     bool UseCompressedOops                        = true                           {product lp64_product} {ergonomic}
     bool UseG1GC                                  = true                                      {product} {ergonomic}
     bool UseLargePagesIndividualAllocation        = false                                  {pd product} {ergonomic}

Logging:
Log output configuration:
 #0: stdout all=warning,jni+resolve=off uptime,level,tags
 #1: stderr all=off uptime,level,tags

Environment Variables:
JAVA_HOME=C:\Program Files\Eclipse Adoptium\jdk-21.0.3.9-hotspot
PATH=C:\Program Files\Eclipse Adoptium\jdk-21.0.3.9-hotspot\bin;C:\Windows\system32;C:\Windows;C:\Windows\System32\Wbem;C:\Windows\System32\WindowsPowerShell\v1.0\;C:\Windows\System32\OpenSSH\;C:\Program Files\Microsoft SQL Server\Client SDK\ODBC\170\Tools\Binn\;C:\Program Files\Microsoft SQL Server\150\Tools\Binn\;C:\Program Files\dotnet\;C:\Program Files\nodejs\;C:\Program Files\Docker\Docker\resources\bin;C:\Program Files\Git\cmd;C:\Program Files\apache-maven-3.9.8\bin;C:\Users\Admin\AppData\Local\Microsoft\WindowsApps;C:\Users\Admin\.dotnet\tools;C:\Users\Admin\AppData\Local\Programs\Microsoft VS Code\bin;C:\Users\Admin\AppData\Local\JetBrains\Toolbox\scripts;C:\Users\Admin\AppData\Roaming\npm
USERNAME=Admin
OS=Windows_NT
PROCESSOR_IDENTIFIER=Intel64 Family 6 Model 151 Stepping 5, GenuineIntel
TMP=C:\Users\Admin\AppData\Local\Temp
TEMP=C:\Users\Admin\AppData\Local\Temp



Periodic native trim disabled


---------------  S Y S T E M  ---------------

OS:
 Windows 11 , 64 bit Build 22621 (10.0.22621.3078)
OS uptime: 0 days 6:46 hours
Hyper-V role detected

CPU: total 8 (initial active 8) (4 cores per cpu, 2 threads per core) family 6 model 151 stepping 5 microcode 0x1e, cx8, cmov, fxsr, ht, mmx, 3dnowpref, sse, sse2, sse3, ssse3, sse4.1, sse4.2, popcnt, lzcnt, tsc, tscinvbit, avx, avx2, aes, erms, clmul, bmi1, bmi2, adx, sha, fma, vzeroupper, clflush, clflushopt, clwb, hv
Processor Information for all 8 processors :
  Max Mhz: 3300, Current Mhz: 3300, Mhz Limit: 3300

Memory: 4k page, system-wide physical 7969M (706M free)
TotalPageFile size 16161M (AvailPageFile size 477M)
current process WorkingSet (physical memory assigned to process): 180M, peak: 180M
current process commit charge ("private bytes"): 219M, peak: 232M

vm_info: OpenJDK 64-Bit Server VM (17.0.11+9) for windows-amd64 JRE (17.0.11+9), built on Apr 17 2024 06:07:48 by "admin" with MS VC++ 16.10 / 16.11 (VS2019)

END.
