#
# There is insufficient memory for the Java Runtime Environment to continue.
# Native memory allocation (mmap) failed to map 65536 bytes. Error detail: Failed to commit metaspace.
# Possible reasons:
#   The system is out of physical RAM or swap space
#   This process is running with CompressedOops enabled, and the Java Heap may be blocking the growth of the native heap
# Possible solutions:
#   Reduce memory load on the system
#   Increase physical memory or swap space
#   Check if swap backing store is full
#   Decrease Java heap size (-Xmx/-Xms)
#   Decrease number of Java threads
#   Decrease Java thread stack sizes (-Xss)
#   Set larger code cache with -XX:ReservedCodeCacheSize=
#   JVM is running with Unscaled Compressed Oops mode in which the Java heap is
#     placed in the first 4GB address space. The Java Heap base address is the
#     maximum limit for the native heap growth. Please use -XX:HeapBaseMinAddress
#     to set the Java Heap base and to place the Java Heap above 4GB virtual address.
# This output file may be truncated or incomplete.
#
#  Out of Memory Error (virtualSpaceNode.cpp:110), pid=15300, tid=4884
#
# JRE version: OpenJDK Runtime Environment Temurin-17.0.12+7 (17.0.12+7) (build 17.0.12+7)
# Java VM: OpenJDK 64-Bit Server VM Temurin-17.0.12+7 (17.0.12+7, mixed mode, tiered, compressed oops, compressed class ptrs, parallel gc, windows-amd64)
# No core dump will be written. Minidumps are not enabled by default on client versions of Windows
#

---------------  S U M M A R Y ------------

Command Line: --add-modules=ALL-SYSTEM --add-opens=java.base/java.util=ALL-UNNAMED --add-opens=java.base/java.lang=ALL-UNNAMED --add-opens=java.base/sun.nio.fs=ALL-UNNAMED -Declipse.application=org.eclipse.jdt.ls.core.id1 -Dosgi.bundles.defaultStartLevel=4 -Declipse.product=org.eclipse.jdt.ls.core.product -Djava.import.generatesMetadataFilesAtProjectRoot=false -DDetectVMInstallationsJob.disabled=true -Dfile.encoding=utf8 -XX:+UseParallelGC -XX:GCTimeRatio=4 -XX:AdaptiveSizePolicyWeight=90 -Dsun.zip.disableMemoryMapping=true -Xmx1G -Xms100m -Xlog:disable -javaagent:c:\Users\Admin\.vscode\extensions\redhat.java-1.35.1-win32-x64\lombok\lombok-1.18.33.jar c:\Users\Admin\.vscode\extensions\redhat.java-1.35.1-win32-x64\server\plugins\org.eclipse.equinox.launcher_1.6.900.v20240613-2009.jar -configuration c:\Users\Admin\AppData\Roaming\Code\User\globalStorage\redhat.java\1.35.1\config_ss_win -data c:\Users\Admin\AppData\Roaming\Code\User\workspaceStorage\eb20fc06d4a3b5e07cae54c0eea6be4b\redhat.java\ss_ws --pipe=\\.\pipe\lsp-2ac7488a33cdb2e0cd3c8b8378e31f43-sock

Host: 12th Gen Intel(R) Core(TM) i3-12100, 8 cores, 7G,  Windows 11 , 64 bit Build 22621 (10.0.22621.3078)
Time: Fri Oct  4 15:26:59 2024 Hora est. Pacífico, Sudamérica elapsed time: 0.146288 seconds (0d 0h 0m 0s)

---------------  T H R E A D  ---------------

Current thread (0x0000012f24c30180):  JavaThread "C1 CompilerThread0" daemon [_thread_in_vm, id=4884, stack(0x000000255a200000,0x000000255a300000)]


Current CompileTask:
C1:    146   30       3       java.util.concurrent.ConcurrentHashMap::addCount (279 bytes)

Stack: [0x000000255a200000,0x000000255a300000]
Native frames: (J=compiled Java code, j=interpreted, Vv=VM code, C=native code)
V  [jvm.dll+0x67f929]
V  [jvm.dll+0x8371ba]
V  [jvm.dll+0x838c7e]
V  [jvm.dll+0x8392e3]
V  [jvm.dll+0x24834f]
V  [jvm.dll+0x832e6d]
V  [jvm.dll+0x623e9e]
V  [jvm.dll+0x623f0a]
V  [jvm.dll+0x626724]
V  [jvm.dll+0x624846]
V  [jvm.dll+0x635cba]
V  [jvm.dll+0x62e99a]
V  [jvm.dll+0x1ce080]
V  [jvm.dll+0x1ce270]
V  [jvm.dll+0x148b01]
V  [jvm.dll+0x148945]
V  [jvm.dll+0x140178]
V  [jvm.dll+0x142735]
V  [jvm.dll+0x140a14]
V  [jvm.dll+0x13a95f]
V  [jvm.dll+0x14a5a6]
V  [jvm.dll+0x1360e0]
V  [jvm.dll+0x136440]
V  [jvm.dll+0x136706]
V  [jvm.dll+0x135b9a]
V  [jvm.dll+0x137851]
V  [jvm.dll+0x229a2d]
V  [jvm.dll+0x227bdc]
V  [jvm.dll+0x7ec1f7]
V  [jvm.dll+0x7e65dc]
V  [jvm.dll+0x67e7f7]
C  [ucrtbase.dll+0x29363]
C  [KERNEL32.DLL+0x1257d]
C  [ntdll.dll+0x5aa58]


---------------  P R O C E S S  ---------------

Threads class SMR info:
_java_thread_list=0x0000012f24c2f040, length=10, elements={
0x0000012f0bd1fb20, 0x0000012f1fba0020, 0x0000012f1fba1550, 0x0000012f1fba8ee0,
0x0000012f1fba9b70, 0x0000012f1fbab1e0, 0x0000012f24c1d070, 0x0000012f24c214b0,
0x0000012f24c30180, 0x0000012f24c346b0
}

Java Threads: ( => current thread )
  0x0000012f0bd1fb20 JavaThread "main" [_thread_in_vm, id=16772, stack(0x0000002559800000,0x0000002559900000)]
  0x0000012f1fba0020 JavaThread "Reference Handler" daemon [_thread_blocked, id=13628, stack(0x0000002559b00000,0x0000002559c00000)]
  0x0000012f1fba1550 JavaThread "Finalizer" daemon [_thread_blocked, id=13216, stack(0x0000002559c00000,0x0000002559d00000)]
  0x0000012f1fba8ee0 JavaThread "Signal Dispatcher" daemon [_thread_blocked, id=16988, stack(0x0000002559d00000,0x0000002559e00000)]
  0x0000012f1fba9b70 JavaThread "Attach Listener" daemon [_thread_blocked, id=436, stack(0x0000002559e00000,0x0000002559f00000)]
  0x0000012f1fbab1e0 JavaThread "Service Thread" daemon [_thread_blocked, id=2580, stack(0x0000002559f00000,0x000000255a000000)]
  0x0000012f24c1d070 JavaThread "Monitor Deflation Thread" daemon [_thread_blocked, id=500, stack(0x000000255a000000,0x000000255a100000)]
  0x0000012f24c214b0 JavaThread "C2 CompilerThread0" daemon [_thread_blocked, id=10016, stack(0x000000255a100000,0x000000255a200000)]
=>0x0000012f24c30180 JavaThread "C1 CompilerThread0" daemon [_thread_in_vm, id=4884, stack(0x000000255a200000,0x000000255a300000)]
  0x0000012f24c346b0 JavaThread "Sweeper thread" daemon [_thread_blocked, id=13444, stack(0x000000255a300000,0x000000255a400000)]

Other Threads:
  0x0000012f24bf14b0 VMThread "VM Thread" [stack: 0x0000002559a00000,0x0000002559b00000] [id=12040]
  0x0000012f0bd34600 GCTaskThread "GC Thread#0" [stack: 0x0000002559900000,0x0000002559a00000] [id=12612]

Threads with active compile tasks:
C1 CompilerThread0      161   30       3       java.util.concurrent.ConcurrentHashMap::addCount (279 bytes)

VM state: not at safepoint (normal execution)

VM Mutex/Monitor currently owned by a thread:  ([mutex/lock_event])
[0x0000012f0bd1bd60] Metaspace_lock - owner thread: 0x0000012f24c30180
[0x0000012f0bd1c390] MethodData_lock - owner thread: 0x0000012f24c30180

Heap address: 0x00000000c0000000, size: 1024 MB, Compressed Oops mode: 32-bit

CDS archive(s) not mapped
Compressed class space mapped at: 0x0000000100000000-0x0000000140000000, reserved size: 1073741824
Narrow klass base: 0x0000000000000000, Narrow klass shift: 3, Narrow klass range: 0x140000000

GC Precious Log:
 CPUs: 8 total, 8 available
 Memory: 7969M
 Large Page Support: Disabled
 NUMA Support: Disabled
 Compressed Oops: Enabled (32-bit)
 Alignments: Space 512K, Generation 512K, Heap 2M
 Heap Min Capacity: 100M
 Heap Initial Capacity: 100M
 Heap Max Capacity: 1G
 Pre-touch: Disabled
 Parallel Workers: 8

Heap:
 PSYoungGen      total 29696K, used 1536K [0x00000000eab00000, 0x00000000ecc00000, 0x0000000100000000)
  eden space 25600K, 6% used [0x00000000eab00000,0x00000000eac801a8,0x00000000ec400000)
  from space 4096K, 0% used [0x00000000ec800000,0x00000000ec800000,0x00000000ecc00000)
  to   space 4096K, 0% used [0x00000000ec400000,0x00000000ec400000,0x00000000ec800000)
 ParOldGen       total 68608K, used 0K [0x00000000c0000000, 0x00000000c4300000, 0x00000000eab00000)
  object space 68608K, 0% used [0x00000000c0000000,0x00000000c0000000,0x00000000c4300000)
 Metaspace       used 3436K, committed 3456K, reserved 1114112K
  class space    used 301K, committed 320K, reserved 1048576K

Card table byte_map: [0x0000012f0b6c0000,0x0000012f0b8d0000] _byte_map_base: 0x0000012f0b0c0000

Marking Bits: (ParMarkBitMap*) 0x00007ffe3a0058b0
 Begin Bits: [0x0000012f1d9b0000, 0x0000012f1e9b0000)
 End Bits:   [0x0000012f1e9b0000, 0x0000012f1f9b0000)

Polling page: 0x0000012f09d00000

Metaspace:

Usage:
  Non-class:      3.06 MB used.
      Class:    301.43 KB used.
       Both:      3.36 MB used.

Virtual space:
  Non-class space:       64.00 MB reserved,       3.06 MB (  5%) committed,  1 nodes.
      Class space:        1.00 GB reserved,     320.00 KB ( <1%) committed,  1 nodes.
             Both:        1.06 GB reserved,       3.38 MB ( <1%) committed. 

Chunk freelists:
   Non-Class:  12.00 MB
       Class:  15.62 MB
        Both:  27.62 MB

MaxMetaspaceSize: unlimited
CompressedClassSpaceSize: 1.00 GB
Initial GC threshold: 21.00 MB
Current GC threshold: 21.00 MB
CDS: off
MetaspaceReclaimPolicy: balanced
 - commit_granule_bytes: 65536.
 - commit_granule_words: 8192.
 - virtual_space_node_default_size: 8388608.
 - enlarge_chunks_in_place: 1.
 - new_chunks_are_fully_committed: 0.
 - uncommit_free_chunks: 1.
 - use_allocation_guard: 0.
 - handle_deallocations: 1.


Internal statistics:

num_allocs_failed_limit: 0.
num_arena_births: 2.
num_arena_deaths: 0.
num_vsnodes_births: 2.
num_vsnodes_deaths: 0.
num_space_committed: 54.
num_space_uncommitted: 0.
num_chunks_returned_to_freelist: 0.
num_chunks_taken_from_freelist: 4.
num_chunk_merges: 0.
num_chunk_splits: 2.
num_chunks_enlarged: 0.
num_inconsistent_stats: 0.

CodeHeap 'non-profiled nmethods': size=120000Kb used=7Kb max_used=7Kb free=119992Kb
 bounds [0x0000012f16480000, 0x0000012f166f0000, 0x0000012f1d9b0000]
CodeHeap 'profiled nmethods': size=120000Kb used=28Kb max_used=28Kb free=119971Kb
 bounds [0x0000012f0e9b0000, 0x0000012f0ec20000, 0x0000012f15ee0000]
CodeHeap 'non-nmethods': size=5760Kb used=1045Kb max_used=1045Kb free=4714Kb
 bounds [0x0000012f15ee0000, 0x0000012f16150000, 0x0000012f16480000]
 total_blobs=336 nmethods=30 adapters=221
 compilation: enabled
              stopped_count=0, restarted_count=0
 full_count=0

Compilation events (20 events):
Event: 0.126 Thread 0x0000012f24c30180 nmethod 19 0x0000012f0e9b5510 code [0x0000012f0e9b56e0, 0x0000012f0e9b5ab8]
Event: 0.126 Thread 0x0000012f24c30180   22       3       java.util.Objects::equals (23 bytes)
Event: 0.126 Thread 0x0000012f24c30180 nmethod 22 0x0000012f0e9b5c10 code [0x0000012f0e9b5dc0, 0x0000012f0e9b6028]
Event: 0.126 Thread 0x0000012f24c30180   20       3       java.lang.StringLatin1::charAt (28 bytes)
Event: 0.126 Thread 0x0000012f24c30180 nmethod 20 0x0000012f0e9b6110 code [0x0000012f0e9b62c0, 0x0000012f0e9b64c8]
Event: 0.126 Thread 0x0000012f24c30180   21       1       java.lang.module.ModuleReference::descriptor (5 bytes)
Event: 0.126 Thread 0x0000012f24c30180 nmethod 21 0x0000012f16480310 code [0x0000012f164804a0, 0x0000012f16480578]
Event: 0.133 Thread 0x0000012f24c30180   23       3       java.util.ImmutableCollections$SetN$SetNIterator::hasNext (13 bytes)
Event: 0.133 Thread 0x0000012f24c30180 nmethod 23 0x0000012f0e9b6610 code [0x0000012f0e9b67a0, 0x0000012f0e9b6918]
Event: 0.133 Thread 0x0000012f24c30180   24       3       java.util.concurrent.ConcurrentHashMap::tabAt (22 bytes)
Event: 0.134 Thread 0x0000012f24c30180 nmethod 24 0x0000012f0e9b6990 code [0x0000012f0e9b6b40, 0x0000012f0e9b6df8]
Event: 0.134 Thread 0x0000012f24c30180   25       3       jdk.internal.misc.Unsafe::getReferenceAcquire (7 bytes)
Event: 0.134 Thread 0x0000012f24c30180 nmethod 25 0x0000012f0e9b6f10 code [0x0000012f0e9b70a0, 0x0000012f0e9b71b8]
Event: 0.135 Thread 0x0000012f24c214b0   13       4       java.lang.StringLatin1::hashCode (42 bytes)
Event: 0.141 Thread 0x0000012f24c214b0 nmethod 13 0x0000012f16480610 code [0x0000012f16480780, 0x0000012f164808b8]
Event: 0.141 Thread 0x0000012f24c214b0   18       4       java.lang.Object::<init> (1 bytes)
Event: 0.141 Thread 0x0000012f24c214b0 nmethod 18 0x0000012f16480990 code [0x0000012f16480b00, 0x0000012f16480b78]
Event: 0.144 Thread 0x0000012f24c30180   27       1       java.lang.Enum::ordinal (5 bytes)
Event: 0.144 Thread 0x0000012f24c30180 nmethod 27 0x0000012f16480f90 code [0x0000012f16481120, 0x0000012f164811f8]
Event: 0.145 Thread 0x0000012f24c30180   30       3       java.util.concurrent.ConcurrentHashMap::addCount (279 bytes)

GC Heap History (0 events):
No events

Dll operation events (1 events):
Event: 0.005 Loaded shared library c:\Users\Admin\.vscode\extensions\redhat.java-1.35.1-win32-x64\jre\17.0.12-win32-x86_64\bin\java.dll

Deoptimization events (0 events):
No events

Classes loaded (20 events):
Event: 0.144 Loading class java/lang/invoke/InvokerBytecodeGenerator$2
Event: 0.144 Loading class java/lang/invoke/InvokerBytecodeGenerator$2 done
Event: 0.144 Loading class java/lang/invoke/MethodHandleImpl$Intrinsic
Event: 0.144 Loading class java/lang/invoke/MethodHandleImpl$Intrinsic done
Event: 0.144 Loading class java/lang/Module$ReflectionData
Event: 0.144 Loading class java/lang/Module$ReflectionData done
Event: 0.144 Loading class java/lang/WeakPairMap
Event: 0.144 Loading class java/lang/WeakPairMap done
Event: 0.144 Loading class java/lang/WeakPairMap$Pair
Event: 0.144 Loading class java/lang/WeakPairMap$Pair done
Event: 0.144 Loading class java/lang/WeakPairMap$Pair$Lookup
Event: 0.144 Loading class java/lang/WeakPairMap$Pair$Lookup done
Event: 0.144 Loading class java/util/function/Predicate
Event: 0.144 Loading class java/util/function/Predicate done
Event: 0.145 Loading class java/lang/invoke/BootstrapMethodInvoker
Event: 0.145 Loading class java/lang/invoke/BootstrapMethodInvoker done
Event: 0.145 Loading class java/lang/invoke/VarHandle$AccessMode
Event: 0.146 Loading class java/lang/invoke/VarHandle$AccessMode done
Event: 0.146 Loading class java/lang/invoke/VarHandle$AccessType
Event: 0.146 Loading class java/lang/invoke/VarHandle$AccessType done

Classes unloaded (0 events):
No events

Classes redefined (0 events):
No events

Internal exceptions (0 events):
No events

VM Operations (0 events):
No events

Events (10 events):
Event: 0.083 Thread 0x0000012f0bd1fb20 Thread added: 0x0000012f0bd1fb20
Event: 0.099 Thread 0x0000012f1fba0020 Thread added: 0x0000012f1fba0020
Event: 0.099 Thread 0x0000012f1fba1550 Thread added: 0x0000012f1fba1550
Event: 0.116 Thread 0x0000012f1fba8ee0 Thread added: 0x0000012f1fba8ee0
Event: 0.116 Thread 0x0000012f1fba9b70 Thread added: 0x0000012f1fba9b70
Event: 0.116 Thread 0x0000012f1fbab1e0 Thread added: 0x0000012f1fbab1e0
Event: 0.116 Thread 0x0000012f24c1d070 Thread added: 0x0000012f24c1d070
Event: 0.116 Thread 0x0000012f24c214b0 Thread added: 0x0000012f24c214b0
Event: 0.116 Thread 0x0000012f24c30180 Thread added: 0x0000012f24c30180
Event: 0.116 Thread 0x0000012f24c346b0 Thread added: 0x0000012f24c346b0


Dynamic libraries:
0x00007ff6a5ba0000 - 0x00007ff6a5bae000 	c:\Users\Admin\.vscode\extensions\redhat.java-1.35.1-win32-x64\jre\17.0.12-win32-x86_64\bin\java.exe
0x00007ffed2710000 - 0x00007ffed2927000 	C:\Windows\SYSTEM32\ntdll.dll
0x00007ffed1dc0000 - 0x00007ffed1e84000 	C:\Windows\System32\KERNEL32.DLL
0x00007ffecfe00000 - 0x00007ffed01a6000 	C:\Windows\System32\KERNELBASE.dll
0x00007ffecfbc0000 - 0x00007ffecfcd1000 	C:\Windows\System32\ucrtbase.dll
0x00007ffec57d0000 - 0x00007ffec57eb000 	c:\Users\Admin\.vscode\extensions\redhat.java-1.35.1-win32-x64\jre\17.0.12-win32-x86_64\bin\VCRUNTIME140.dll
0x00007ffec35f0000 - 0x00007ffec3607000 	c:\Users\Admin\.vscode\extensions\redhat.java-1.35.1-win32-x64\jre\17.0.12-win32-x86_64\bin\jli.dll
0x00007ffed2210000 - 0x00007ffed23be000 	C:\Windows\System32\USER32.dll
0x00007ffed0430000 - 0x00007ffed0456000 	C:\Windows\System32\win32u.dll
0x00007ffed1e90000 - 0x00007ffed1eb9000 	C:\Windows\System32\GDI32.dll
0x00007ffec09e0000 - 0x00007ffec0c73000 	C:\Windows\WinSxS\amd64_microsoft.windows.common-controls_6595b64144ccf1df_6.0.22621.2506_none_270c5ae97388e100\COMCTL32.dll
0x00007ffed0580000 - 0x00007ffed0627000 	C:\Windows\System32\msvcrt.dll
0x00007ffed0270000 - 0x00007ffed0388000 	C:\Windows\System32\gdi32full.dll
0x00007ffecfce0000 - 0x00007ffecfd7a000 	C:\Windows\System32\msvcp_win.dll
0x00007ffed2560000 - 0x00007ffed2591000 	C:\Windows\System32\IMM32.DLL
0x00007ffec9930000 - 0x00007ffec993c000 	c:\Users\Admin\.vscode\extensions\redhat.java-1.35.1-win32-x64\jre\17.0.12-win32-x86_64\bin\vcruntime140_1.dll
0x00007ffeb64b0000 - 0x00007ffeb653d000 	c:\Users\Admin\.vscode\extensions\redhat.java-1.35.1-win32-x64\jre\17.0.12-win32-x86_64\bin\msvcp140.dll
0x00007ffe39460000 - 0x00007ffe3a0ca000 	c:\Users\Admin\.vscode\extensions\redhat.java-1.35.1-win32-x64\jre\17.0.12-win32-x86_64\bin\server\jvm.dll
0x00007ffed04c0000 - 0x00007ffed0573000 	C:\Windows\System32\ADVAPI32.dll
0x00007ffed1090000 - 0x00007ffed1138000 	C:\Windows\System32\sechost.dll
0x00007ffed0390000 - 0x00007ffed03b8000 	C:\Windows\System32\bcrypt.dll
0x00007ffed25b0000 - 0x00007ffed26c7000 	C:\Windows\System32\RPCRT4.dll
0x00007ffed1ec0000 - 0x00007ffed1f31000 	C:\Windows\System32\WS2_32.dll
0x00007ffece8a0000 - 0x00007ffece8ed000 	C:\Windows\SYSTEM32\POWRPROF.dll
0x00007ffec1a50000 - 0x00007ffec1a84000 	C:\Windows\SYSTEM32\WINMM.dll
0x00007ffec2b50000 - 0x00007ffec2b5a000 	C:\Windows\SYSTEM32\VERSION.dll
0x00007ffece880000 - 0x00007ffece893000 	C:\Windows\SYSTEM32\UMPDC.dll
0x00007ffeceb40000 - 0x00007ffeceb58000 	C:\Windows\SYSTEM32\kernel.appcore.dll
0x00007ffec57c0000 - 0x00007ffec57ca000 	c:\Users\Admin\.vscode\extensions\redhat.java-1.35.1-win32-x64\jre\17.0.12-win32-x86_64\bin\jimage.dll
0x00007ffecca90000 - 0x00007ffecccc3000 	C:\Windows\SYSTEM32\DBGHELP.DLL
0x00007ffed1910000 - 0x00007ffed1c99000 	C:\Windows\System32\combase.dll
0x00007ffed11f0000 - 0x00007ffed12c7000 	C:\Windows\System32\OLEAUT32.dll
0x00007ffebf3d0000 - 0x00007ffebf402000 	C:\Windows\SYSTEM32\dbgcore.DLL
0x00007ffecfd80000 - 0x00007ffecfdfa000 	C:\Windows\System32\bcryptPrimitives.dll
0x00007ffec35e0000 - 0x00007ffec35ee000 	c:\Users\Admin\.vscode\extensions\redhat.java-1.35.1-win32-x64\jre\17.0.12-win32-x86_64\bin\instrument.dll
0x00007ffebad10000 - 0x00007ffebad35000 	c:\Users\Admin\.vscode\extensions\redhat.java-1.35.1-win32-x64\jre\17.0.12-win32-x86_64\bin\java.dll
0x00007ffec1a90000 - 0x00007ffec1aa8000 	c:\Users\Admin\.vscode\extensions\redhat.java-1.35.1-win32-x64\jre\17.0.12-win32-x86_64\bin\zip.dll
0x00007ffed0830000 - 0x00007ffed108b000 	C:\Windows\System32\SHELL32.dll
0x00007ffecd960000 - 0x00007ffece256000 	C:\Windows\SYSTEM32\windows.storage.dll
0x00007ffecd820000 - 0x00007ffecd95e000 	C:\Windows\SYSTEM32\wintypes.dll
0x00007ffed2110000 - 0x00007ffed2203000 	C:\Windows\System32\SHCORE.dll
0x00007ffed0460000 - 0x00007ffed04be000 	C:\Windows\System32\shlwapi.dll
0x00007ffecf980000 - 0x00007ffecf9a6000 	C:\Windows\SYSTEM32\profapi.dll

dbghelp: loaded successfully - version: 4.0.5 - missing functions: none
symbol engine: initialized successfully - sym options: 0x614 - pdb path: .;c:\Users\Admin\.vscode\extensions\redhat.java-1.35.1-win32-x64\jre\17.0.12-win32-x86_64\bin;C:\Windows\SYSTEM32;C:\Windows\WinSxS\amd64_microsoft.windows.common-controls_6595b64144ccf1df_6.0.22621.2506_none_270c5ae97388e100;c:\Users\Admin\.vscode\extensions\redhat.java-1.35.1-win32-x64\jre\17.0.12-win32-x86_64\bin\server

VM Arguments:
jvm_args: --add-modules=ALL-SYSTEM --add-opens=java.base/java.util=ALL-UNNAMED --add-opens=java.base/java.lang=ALL-UNNAMED --add-opens=java.base/sun.nio.fs=ALL-UNNAMED -Declipse.application=org.eclipse.jdt.ls.core.id1 -Dosgi.bundles.defaultStartLevel=4 -Declipse.product=org.eclipse.jdt.ls.core.product -Djava.import.generatesMetadataFilesAtProjectRoot=false -DDetectVMInstallationsJob.disabled=true -Dfile.encoding=utf8 -XX:+UseParallelGC -XX:GCTimeRatio=4 -XX:AdaptiveSizePolicyWeight=90 -Dsun.zip.disableMemoryMapping=true -Xmx1G -Xms100m -Xlog:disable -javaagent:c:\Users\Admin\.vscode\extensions\redhat.java-1.35.1-win32-x64\lombok\lombok-1.18.33.jar 
java_command: c:\Users\Admin\.vscode\extensions\redhat.java-1.35.1-win32-x64\server\plugins\org.eclipse.equinox.launcher_1.6.900.v20240613-2009.jar -configuration c:\Users\Admin\AppData\Roaming\Code\User\globalStorage\redhat.java\1.35.1\config_ss_win -data c:\Users\Admin\AppData\Roaming\Code\User\workspaceStorage\eb20fc06d4a3b5e07cae54c0eea6be4b\redhat.java\ss_ws --pipe=\\.\pipe\lsp-2ac7488a33cdb2e0cd3c8b8378e31f43-sock
java_class_path (initial): c:\Users\Admin\.vscode\extensions\redhat.java-1.35.1-win32-x64\server\plugins\org.eclipse.equinox.launcher_1.6.900.v20240613-2009.jar
Launcher Type: SUN_STANDARD

[Global flags]
    uintx AdaptiveSizePolicyWeight                 = 90                                        {product} {command line}
     intx CICompilerCount                          = 4                                         {product} {ergonomic}
    uintx GCTimeRatio                              = 4                                         {product} {command line}
   size_t InitialHeapSize                          = 104857600                                 {product} {command line}
   size_t MaxHeapSize                              = 1073741824                                {product} {command line}
   size_t MaxNewSize                               = 357564416                                 {product} {ergonomic}
   size_t MinHeapDeltaBytes                        = 524288                                    {product} {ergonomic}
   size_t MinHeapSize                              = 104857600                                 {product} {command line}
   size_t NewSize                                  = 34603008                                  {product} {ergonomic}
    uintx NonNMethodCodeHeapSize                   = 5839372                                {pd product} {ergonomic}
    uintx NonProfiledCodeHeapSize                  = 122909434                              {pd product} {ergonomic}
   size_t OldSize                                  = 70254592                                  {product} {ergonomic}
    uintx ProfiledCodeHeapSize                     = 122909434                              {pd product} {ergonomic}
    uintx ReservedCodeCacheSize                    = 251658240                              {pd product} {ergonomic}
     bool SegmentedCodeCache                       = true                                      {product} {ergonomic}
   size_t SoftMaxHeapSize                          = 1073741824                             {manageable} {ergonomic}
     bool UseCompressedClassPointers               = true                           {product lp64_product} {ergonomic}
     bool UseCompressedOops                        = true                           {product lp64_product} {ergonomic}
     bool UseLargePagesIndividualAllocation        = false                                  {pd product} {ergonomic}
     bool UseParallelGC                            = true                                      {product} {command line}

Logging:
Log output configuration:
 #0: stdout all=off uptime,level,tags
 #1: stderr all=off uptime,level,tags

Environment Variables:
JAVA_HOME=C:\Program Files\Eclipse Adoptium\jdk-21.0.3.9-hotspot
PATH=C:\Users\Admin\bin;C:\Program Files\Git\mingw64\bin;C:\Program Files\Git\usr\local\bin;C:\Program Files\Git\usr\bin;C:\Program Files\Git\usr\bin;C:\Program Files\Git\mingw64\bin;C:\Program Files\Git\usr\bin;C:\Users\Admin\bin;C:\Program Files\Eclipse Adoptium\jdk-21.0.3.9-hotspot\bin;C:\Windows\system32;C:\Windows;C:\Windows\System32\Wbem;C:\Windows\System32\WindowsPowerShell\v1.0;C:\Windows\System32\OpenSSH;C:\Program Files\Microsoft SQL Server\Client SDK\ODBC\170\Tools\Binn;C:\Program Files\Microsoft SQL Server\150\Tools\Binn;C:\Program Files\dotnet;C:\Program Files\nodejs;C:\Program Files\Git\cmd;C:\Program Files\apache-maven-3.9.8\bin;C:\Program Files\Docker\Docker\resources\bin;C:\Users\Admin\AppData\Local\Microsoft\WindowsApps;C:\Users\Admin\.dotnet\tools;C:\Users\Admin\AppData\Local\Programs\Microsoft VS Code\bin;C:\Users\Admin\AppData\Local\JetBrains\Toolbox\scripts;C:\Users\Admin\AppData\Roaming\npm;C:\Program Files\Git\usr\bin\vendor_perl;C:\Program Files\Git\usr\bin\core_perl
USERNAME=Admin
SHELL=C:\Program Files\Git\usr\bin\bash.exe
DISPLAY=needs-to-be-defined
LANG=es_ES.UTF-8
TERM=xterm-256color
TMPDIR=C:\Users\Admin\AppData\Local\Temp
OS=Windows_NT
PROCESSOR_IDENTIFIER=Intel64 Family 6 Model 151 Stepping 5, GenuineIntel
TMP=C:\Users\Admin\AppData\Local\Temp
TEMP=C:\Users\Admin\AppData\Local\Temp



Periodic native trim disabled


---------------  S Y S T E M  ---------------

OS:
 Windows 11 , 64 bit Build 22621 (10.0.22621.3078)
OS uptime: 0 days 7:28 hours
Hyper-V role detected

CPU: total 8 (initial active 8) (4 cores per cpu, 2 threads per core) family 6 model 151 stepping 5 microcode 0x1e, cx8, cmov, fxsr, ht, mmx, 3dnowpref, sse, sse2, sse3, ssse3, sse4.1, sse4.2, popcnt, lzcnt, tsc, tscinvbit, avx, avx2, aes, erms, clmul, bmi1, bmi2, adx, sha, fma, vzeroupper, clflush, clflushopt, clwb, hv
Processor Information for all 8 processors :
  Max Mhz: 3300, Current Mhz: 3300, Mhz Limit: 3300

Memory: 4k page, system-wide physical 7969M (387M free)
TotalPageFile size 16161M (AvailPageFile size 1M)
current process WorkingSet (physical memory assigned to process): 26M, peak: 26M
current process commit charge ("private bytes"): 181M, peak: 181M

vm_info: OpenJDK 64-Bit Server VM (17.0.12+7) for windows-amd64 JRE (17.0.12+7), built on Jul 16 2024 22:08:24 by "admin" with MS VC++ 16.10 / 16.11 (VS2019)

END.
